Content-type: text/xml

<?xml version="1.0" encoding="utf-8"?>
<testing-report run-id="84" judge-id="31" status="RT" scoring="ACM" run-tests="1" contest-id="3203" real-time-available="yes" max-memory-used-available="yes" correct-available="yes" failed-test="1" time-limit-ms="2000" real-time-limit-ms="5000" marked-flag="no" >
  <uuid>aa38c3d1-9ad4-427b-8bb1-2a8432a35c25</uuid>
  <host>localhost.localdomain</host>
  <cpu-model>Intel(R) Pentium(R) CPU 3550M @ 2.30GHz</cpu-model>
  <cpu-mhz>2294.738</cpu-mhz>
  <compiler_output></compiler_output>
  <tests>
    <test num="1" status="RT" exit-code="1" time="13" real-time="15" max-memory-used="307200" >
  <program-stats-str>{ utime=0, stime=13, ptime=13, rtime=15, maxvsz=307200, maxrss=5382144, nvcsw=1, nivcsw=2 }</program-stats-str>
      <input size="8">2
5
0
2
</input>
      <output size="0"></output>
      <stderr size="94">  File &quot;./000084&quot;, line 11
    print(i, end=&quot;&quot;)
                ^
SyntaxError: invalid syntax
</stderr>
    </test>
  </tests>
</testing-report>
