Content-type: text/xml

<?xml version="1.0" encoding="utf-8"?>
<testing-report run-id="82" judge-id="29" status="RT" scoring="ACM" run-tests="1" contest-id="3203" real-time-available="yes" max-memory-used-available="yes" correct-available="yes" failed-test="1" time-limit-ms="2000" real-time-limit-ms="5000" marked-flag="no" >
  <uuid>6759e0bd-27aa-4f0d-ba2f-8ef65012a2b8</uuid>
  <host>localhost.localdomain</host>
  <cpu-model>Intel(R) Pentium(R) CPU 3550M @ 2.30GHz</cpu-model>
  <cpu-mhz>2294.738</cpu-mhz>
  <compiler_output></compiler_output>
  <tests>
    <test num="1" status="RT" exit-code="1" time="14" real-time="15" max-memory-used="307200" >
  <program-stats-str>{ utime=14, stime=0, ptime=14, rtime=15, maxvsz=307200, maxrss=5382144, nvcsw=1, nivcsw=2 }</program-stats-str>
      <input size="2">1
</input>
      <output size="0"></output>
      <stderr size="95">  File &quot;./000082&quot;, line 11
    print(i, end=&quot; &quot;)
                ^
SyntaxError: invalid syntax
</stderr>
    </test>
  </tests>
</testing-report>
