Content-type: text/xml

<?xml version="1.0" encoding="utf-8"?>
<testing-report run-id="50" judge-id="8" status="WA" scoring="ACM" run-tests="2" contest-id="3203" real-time-available="yes" max-memory-used-available="yes" correct-available="yes" failed-test="2" time-limit-ms="2000" real-time-limit-ms="5000" marked-flag="no" >
  <uuid>855b8bd0-c441-4d8a-920a-9a32cad2e0c0</uuid>
  <host>localhost.localdomain</host>
  <cpu-model>Intel(R) Pentium(R) CPU 3550M @ 2.30GHz</cpu-model>
  <cpu-mhz>2294.738</cpu-mhz>
  <compiler_output></compiler_output>
  <tests>
    <test num="1" status="OK" time="73" real-time="79" max-memory-used="30339072"  checker-comment="OK" >
  <program-stats-str>{ utime=59, stime=14, ptime=73, rtime=79, maxvsz=30339072, maxrss=26968064, nvcsw=1, nivcsw=14 }</program-stats-str>
  <checker-stats-str>{ utime=0, stime=0, ptime=0, rtime=2, maxvsz=307200, maxrss=2387968, nvcsw=1, nivcsw=1 }</checker-stats-str>
      <input size="2">1
</input>
      <output size="2">1
</output>
      <correct size="2">1
</correct>
      <stderr size="61">Warning: cannot find your CPU L2 cache size in /proc/cpuinfo
</stderr>
      <checker size="3">OK
</checker>
    </test>
    <test num="2" status="WA" time="73" real-time="86" max-memory-used="30339072"  checker-comment="Answers do not match: output: 100, correct: 18" >
  <program-stats-str>{ utime=66, stime=7, ptime=73, rtime=86, maxvsz=30339072, maxrss=27127808, nvcsw=1, nivcsw=17 }</program-stats-str>
  <checker-stats-str>{ utime=0, stime=0, ptime=0, rtime=2, maxvsz=307200, maxrss=2387968, nvcsw=1, nivcsw=1 }</checker-stats-str>
      <input size="4">100
</input>
      <output size="4">100
</output>
      <correct size="3">18
</correct>
      <stderr size="61">Warning: cannot find your CPU L2 cache size in /proc/cpuinfo
</stderr>
      <checker size="47">Answers do not match: output: 100, correct: 18
</checker>
    </test>
  </tests>
</testing-report>
