Content-type: text/xml

<?xml version="1.0" encoding="utf-8"?>
<testing-report run-id="58" judge-id="5" status="WA" scoring="ACM" run-tests="1" contest-id="3203" real-time-available="yes" max-memory-used-available="yes" correct-available="yes" failed-test="1" time-limit-ms="2000" real-time-limit-ms="5000" marked-flag="no" >
  <uuid>a34c14f3-0220-4bb5-ba38-6f2d596e7cb0</uuid>
  <host>localhost.localdomain</host>
  <cpu-model>Intel(R) Pentium(R) CPU 3550M @ 2.30GHz</cpu-model>
  <cpu-mhz>2294.738</cpu-mhz>
  <compiler_output></compiler_output>
  <tests>
    <test num="1" status="WA" time="26" real-time="29" max-memory-used="307200"  checker-comment="Too few numbers in the output" >
  <program-stats-str>{ utime=24, stime=2, ptime=26, rtime=29, maxvsz=307200, maxrss=6303744, nvcsw=1, nivcsw=5 }</program-stats-str>
  <checker-stats-str>{ utime=0, stime=0, ptime=0, rtime=2, maxvsz=307200, maxrss=2387968, nvcsw=1, nivcsw=1 }</checker-stats-str>
      <input size="2">1
</input>
      <output size="0"></output>
      <correct size="2">1
</correct>
      <stderr size="0"></stderr>
      <checker size="30">Too few numbers in the output
</checker>
    </test>
  </tests>
</testing-report>
