Content-type: text/xml

<?xml version="1.0" encoding="utf-8"?>
<testing-report run-id="143" judge-id="91" status="WA" scoring="ACM" run-tests="1" contest-id="3203" real-time-available="yes" max-memory-used-available="yes" correct-available="yes" failed-test="1" time-limit-ms="2000" real-time-limit-ms="5000" marked-flag="no" >
  <uuid>e05b9872-9b62-4530-8231-a6f82f564c4f</uuid>
  <host>localhost.localdomain</host>
  <cpu-model>Intel(R) Pentium(R) CPU 3550M @ 2.30GHz</cpu-model>
  <cpu-mhz>2294.738</cpu-mhz>
  <compiler_output></compiler_output>
  <tests>
    <test num="1" status="WA" time="26" real-time="28" max-memory-used="307200"  checker-comment="Answers do not match: output: 0, correct: 1" >
  <program-stats-str>{ utime=26, stime=0, ptime=26, rtime=28, maxvsz=307200, maxrss=6057984, nvcsw=1, nivcsw=5 }</program-stats-str>
  <checker-stats-str>{ utime=0, stime=0, ptime=0, rtime=1, maxvsz=307200, maxrss=2387968, nvcsw=1, nivcsw=1 }</checker-stats-str>
      <input size="2">1
</input>
      <output size="2">0
</output>
      <correct size="2">1
</correct>
      <stderr size="0"></stderr>
      <checker size="44">Answers do not match: output: 0, correct: 1
</checker>
    </test>
  </tests>
</testing-report>
