Content-type: text/xml

<?xml version="1.0" encoding="utf-8"?>
<testing-report run-id="136" judge-id="83" status="PE" scoring="ACM" run-tests="1" contest-id="3203" real-time-available="yes" max-memory-used-available="yes" correct-available="yes" failed-test="1" time-limit-ms="2000" real-time-limit-ms="5000" marked-flag="no" >
  <uuid>39ba89e8-99cc-4edc-b6da-57079f1c9a40</uuid>
  <host>localhost.localdomain</host>
  <cpu-model>Intel(R) Pentium(R) CPU 3550M @ 2.30GHz</cpu-model>
  <cpu-mhz>2294.738</cpu-mhz>
  <compiler_output></compiler_output>
  <tests>
    <test num="1" status="PE" time="14" real-time="16" max-memory-used="307200"  checker-comment="user program output: [1]: cannot parse int64 value" >
  <program-stats-str>{ utime=12, stime=2, ptime=14, rtime=16, maxvsz=307200, maxrss=5357568, nvcsw=1, nivcsw=4 }</program-stats-str>
  <checker-stats-str>{ utime=0, stime=1, ptime=1, rtime=2, maxvsz=307200, maxrss=2387968, nvcsw=1, nivcsw=1 }</checker-stats-str>
      <input size="14">5
28
0
0
0
0

</input>
      <output size="10">(4, 1, 0)
</output>
      <correct size="6">4 1 0
</correct>
      <stderr size="0"></stderr>
      <checker size="51">user program output: [1]: cannot parse int64 value
</checker>
    </test>
  </tests>
</testing-report>
