Content-type: text/xml

<?xml version="1.0" encoding="utf-8"?>
<testing-report run-id="104" judge-id="51" status="WA" scoring="ACM" run-tests="3" contest-id="3203" real-time-available="yes" max-memory-used-available="yes" correct-available="yes" failed-test="3" time-limit-ms="2000" real-time-limit-ms="5000" marked-flag="no" >
  <uuid>33c276c3-9251-4a5c-9644-270dc7353110</uuid>
  <host>localhost.localdomain</host>
  <cpu-model>Intel(R) Pentium(R) CPU 3550M @ 2.30GHz</cpu-model>
  <cpu-mhz>2294.738</cpu-mhz>
  <compiler_output></compiler_output>
  <tests>
    <test num="1" status="OK" time="14" real-time="16" max-memory-used="307200"  checker-comment="OK" >
  <program-stats-str>{ utime=12, stime=2, ptime=14, rtime=16, maxvsz=307200, maxrss=5201920, nvcsw=1, nivcsw=5 }</program-stats-str>
  <checker-stats-str>{ utime=0, stime=0, ptime=0, rtime=1, maxvsz=307200, maxrss=2387968, nvcsw=1, nivcsw=2 }</checker-stats-str>
      <input size="8">2
5
0
2
</input>
      <output size="4">2
4
</output>
      <correct size="5">2 4 
</correct>
      <stderr size="0"></stderr>
      <checker size="3">OK
</checker>
    </test>
    <test num="2" status="OK" time="13" real-time="15" max-memory-used="307200"  checker-comment="OK" >
  <program-stats-str>{ utime=7, stime=6, ptime=13, rtime=15, maxvsz=307200, maxrss=5263360, nvcsw=1, nivcsw=2 }</program-stats-str>
  <checker-stats-str>{ utime=0, stime=0, ptime=0, rtime=1, maxvsz=307200, maxrss=2387968, nvcsw=1, nivcsw=1 }</checker-stats-str>
      <input size="9">2
7
9
14
</input>
      <output size="0"></output>
      <correct size="0"></correct>
      <stderr size="0"></stderr>
      <checker size="3">OK
</checker>
    </test>
    <test num="3" status="WA" time="13" real-time="15" max-memory-used="307200"  checker-comment="Too few numbers in the output" >
  <program-stats-str>{ utime=11, stime=2, ptime=13, rtime=15, maxvsz=307200, maxrss=5337088, nvcsw=1, nivcsw=4 }</program-stats-str>
  <checker-stats-str>{ utime=0, stime=0, ptime=0, rtime=1, maxvsz=307200, maxrss=2387968, nvcsw=1, nivcsw=1 }</checker-stats-str>
      <input size="11">44
44
0
11
</input>
      <output size="0"></output>
      <correct size="4">44 
</correct>
      <stderr size="0"></stderr>
      <checker size="30">Too few numbers in the output
</checker>
    </test>
  </tests>
</testing-report>
