Content-type: text/xml

<?xml version="1.0" encoding="utf-8"?>
<testing-report run-id="129" judge-id="76" status="WA" scoring="ACM" run-tests="1" contest-id="3203" real-time-available="yes" max-memory-used-available="yes" correct-available="yes" failed-test="1" time-limit-ms="2000" real-time-limit-ms="5000" marked-flag="no" >
  <uuid>375bc612-e3b0-471c-bbc5-75beb342ec93</uuid>
  <host>localhost.localdomain</host>
  <cpu-model>Intel(R) Pentium(R) CPU 3550M @ 2.30GHz</cpu-model>
  <cpu-mhz>2294.738</cpu-mhz>
  <compiler_output></compiler_output>
  <tests>
    <test num="1" status="WA" time="26" real-time="30" max-memory-used="307200"  checker-comment="Answers differ: [2]: output: 5, correct: 4" >
  <program-stats-str>{ utime=22, stime=4, ptime=26, rtime=30, maxvsz=307200, maxrss=6381568, nvcsw=1, nivcsw=7 }</program-stats-str>
  <checker-stats-str>{ utime=0, stime=0, ptime=0, rtime=1, maxvsz=307200, maxrss=2387968, nvcsw=1, nivcsw=1 }</checker-stats-str>
      <input size="8">2
5
0
2
</input>
      <output size="4">2
5
</output>
      <correct size="5">2 4 
</correct>
      <stderr size="0"></stderr>
      <checker size="43">Answers differ: [2]: output: 5, correct: 4
</checker>
    </test>
  </tests>
</testing-report>
