Content-type: text/xml

<?xml version="1.0" encoding="utf-8"?>
<testing-report run-id="178" judge-id="126" status="WA" scoring="ACM" run-tests="1" contest-id="3203" real-time-available="yes" max-memory-used-available="yes" correct-available="yes" failed-test="1" time-limit-ms="2000" real-time-limit-ms="5000" marked-flag="no" >
  <uuid>530f8ecb-615a-4330-90e7-5726737765a8</uuid>
  <host>localhost.localdomain</host>
  <cpu-model>Intel(R) Pentium(R) CPU 3550M @ 2.30GHz</cpu-model>
  <cpu-mhz>2294.738</cpu-mhz>
  <compiler_output></compiler_output>
  <tests>
    <test num="1" status="WA" time="26" real-time="28" max-memory-used="307200"  checker-comment="Answers differ: [1]: output: 7, correct: 2" >
  <program-stats-str>{ utime=26, stime=0, ptime=26, rtime=28, maxvsz=307200, maxrss=6115328, nvcsw=1, nivcsw=5 }</program-stats-str>
  <checker-stats-str>{ utime=0, stime=0, ptime=0, rtime=2, maxvsz=307200, maxrss=2387968, nvcsw=1, nivcsw=1 }</checker-stats-str>
      <input size="8">2
5
0
2
</input>
      <output size="2">7
</output>
      <correct size="5">2 4 
</correct>
      <stderr size="0"></stderr>
      <checker size="43">Answers differ: [1]: output: 7, correct: 2
</checker>
    </test>
  </tests>
</testing-report>
