Content-type: text/xml

<?xml version="1.0" encoding="utf-8"?>
<testing-report run-id="114" judge-id="61" status="SE" scoring="ACM" run-tests="1" contest-id="3203" real-time-available="yes" max-memory-used-available="yes" correct-available="yes" failed-test="1" time-limit-ms="2000" real-time-limit-ms="5000" marked-flag="no" >
  <uuid>2fe1e6c8-6313-48cc-a0fc-52445200fcbe</uuid>
  <host>localhost.localdomain</host>
  <cpu-model>Intel(R) Pentium(R) CPU 3550M @ 2.30GHz</cpu-model>
  <cpu-mhz>2294.738</cpu-mhz>
  <compiler_output></compiler_output>
  <tests>
    <test num="1" status="SE" time="284" real-time="305" max-memory-used="18698240" >
  <program-stats-str>{ utime=274, stime=10, ptime=284, rtime=305, maxvsz=18698240, maxrss=19431424, nvcsw=1, nivcsw=43 }</program-stats-str>
      <input size="2">1
</input>
      <output size="0"></output>
      <stderr size="240">Can't open '/usr/share/abrt/conf.d/plugins/python3.conf': Operation not permitted
Can't open '/etc/abrt/plugins/python3.conf': Operation not permitted
  File &quot;./000114&quot;, line 10
    while i &lt;= n
               ^
SyntaxError: invalid syntax
</stderr>
    </test>
  </tests>
</testing-report>
