Content-type: text/xml

<?xml version="1.0" encoding="utf-8"?>
<testing-report run-id="186" judge-id="134" status="OK" scoring="ACM" run-tests="12" contest-id="3203" real-time-available="yes" max-memory-used-available="yes" correct-available="yes" time-limit-ms="2000" real-time-limit-ms="5000" marked-flag="no" >
  <uuid>908a3d6d-a24c-45d0-9058-65c375425f7b</uuid>
  <host>localhost.localdomain</host>
  <cpu-model>Intel(R) Pentium(R) CPU 3550M @ 2.30GHz</cpu-model>
  <cpu-mhz>2294.738</cpu-mhz>
  <compiler_output></compiler_output>
  <tests>
    <test num="1" status="OK" time="26" real-time="29" max-memory-used="307200"  checker-comment="OK" >
  <program-stats-str>{ utime=20, stime=6, ptime=26, rtime=29, maxvsz=307200, maxrss=6045696, nvcsw=1, nivcsw=5 }</program-stats-str>
  <checker-stats-str>{ utime=0, stime=0, ptime=0, rtime=1, maxvsz=307200, maxrss=2387968, nvcsw=1, nivcsw=1 }</checker-stats-str>
      <input size="2">1
</input>
      <output size="2">1
</output>
      <correct size="2">1
</correct>
      <stderr size="0"></stderr>
      <checker size="3">OK
</checker>
    </test>
    <test num="2" status="OK" time="28" real-time="30" max-memory-used="307200"  checker-comment="OK" >
  <program-stats-str>{ utime=19, stime=9, ptime=28, rtime=30, maxvsz=307200, maxrss=6213632, nvcsw=1, nivcsw=6 }</program-stats-str>
  <checker-stats-str>{ utime=0, stime=0, ptime=0, rtime=1, maxvsz=307200, maxrss=2387968, nvcsw=1, nivcsw=1 }</checker-stats-str>
      <input size="2">2
</input>
      <output size="2">5
</output>
      <correct size="2">5
</correct>
      <stderr size="0"></stderr>
      <checker size="3">OK
</checker>
    </test>
    <test num="3" status="OK" time="26" real-time="28" max-memory-used="307200"  checker-comment="OK" >
  <program-stats-str>{ utime=21, stime=5, ptime=26, rtime=28, maxvsz=307200, maxrss=6381568, nvcsw=1, nivcsw=5 }</program-stats-str>
  <checker-stats-str>{ utime=0, stime=0, ptime=0, rtime=1, maxvsz=307200, maxrss=2387968, nvcsw=1, nivcsw=1 }</checker-stats-str>
      <input size="2">3
</input>
      <output size="3">14
</output>
      <correct size="3">14
</correct>
      <stderr size="0"></stderr>
      <checker size="3">OK
</checker>
    </test>
    <test num="4" status="OK" time="26" real-time="29" max-memory-used="307200"  checker-comment="OK" >
  <program-stats-str>{ utime=19, stime=7, ptime=26, rtime=29, maxvsz=307200, maxrss=6057984, nvcsw=1, nivcsw=5 }</program-stats-str>
  <checker-stats-str>{ utime=0, stime=0, ptime=0, rtime=1, maxvsz=307200, maxrss=2387968, nvcsw=1, nivcsw=1 }</checker-stats-str>
      <input size="2">4
</input>
      <output size="3">30
</output>
      <correct size="3">30
</correct>
      <stderr size="0"></stderr>
      <checker size="3">OK
</checker>
    </test>
    <test num="5" status="OK" time="27" real-time="29" max-memory-used="307200"  checker-comment="OK" >
  <program-stats-str>{ utime=24, stime=3, ptime=27, rtime=29, maxvsz=307200, maxrss=6066176, nvcsw=1, nivcsw=4 }</program-stats-str>
  <checker-stats-str>{ utime=0, stime=0, ptime=0, rtime=1, maxvsz=307200, maxrss=2387968, nvcsw=1, nivcsw=1 }</checker-stats-str>
      <input size="2">5
</input>
      <output size="3">55
</output>
      <correct size="3">55
</correct>
      <stderr size="0"></stderr>
      <checker size="3">OK
</checker>
    </test>
    <test num="6" status="OK" time="26" real-time="28" max-memory-used="307200"  checker-comment="OK" >
  <program-stats-str>{ utime=26, stime=0, ptime=26, rtime=28, maxvsz=307200, maxrss=6041600, nvcsw=1, nivcsw=5 }</program-stats-str>
  <checker-stats-str>{ utime=0, stime=0, ptime=0, rtime=1, maxvsz=307200, maxrss=2387968, nvcsw=1, nivcsw=1 }</checker-stats-str>
      <input size="2">6
</input>
      <output size="3">91
</output>
      <correct size="3">91
</correct>
      <stderr size="0"></stderr>
      <checker size="3">OK
</checker>
    </test>
    <test num="7" status="OK" time="25" real-time="28" max-memory-used="307200"  checker-comment="OK" >
  <program-stats-str>{ utime=18, stime=7, ptime=25, rtime=28, maxvsz=307200, maxrss=6250496, nvcsw=1, nivcsw=5 }</program-stats-str>
  <checker-stats-str>{ utime=0, stime=0, ptime=0, rtime=1, maxvsz=307200, maxrss=2387968, nvcsw=1, nivcsw=1 }</checker-stats-str>
      <input size="2">7
</input>
      <output size="4">140
</output>
      <correct size="4">140
</correct>
      <stderr size="0"></stderr>
      <checker size="3">OK
</checker>
    </test>
    <test num="8" status="OK" time="26" real-time="28" max-memory-used="307200"  checker-comment="OK" >
  <program-stats-str>{ utime=23, stime=3, ptime=26, rtime=28, maxvsz=307200, maxrss=6332416, nvcsw=1, nivcsw=4 }</program-stats-str>
  <checker-stats-str>{ utime=0, stime=0, ptime=0, rtime=2, maxvsz=307200, maxrss=2387968, nvcsw=1, nivcsw=1 }</checker-stats-str>
      <input size="2">8
</input>
      <output size="4">204
</output>
      <correct size="4">204
</correct>
      <stderr size="0"></stderr>
      <checker size="3">OK
</checker>
    </test>
    <test num="9" status="OK" time="29" real-time="36" max-memory-used="307200"  checker-comment="OK" >
  <program-stats-str>{ utime=25, stime=4, ptime=29, rtime=36, maxvsz=307200, maxrss=6062080, nvcsw=1, nivcsw=10 }</program-stats-str>
  <checker-stats-str>{ utime=0, stime=0, ptime=0, rtime=1, maxvsz=307200, maxrss=2387968, nvcsw=1, nivcsw=1 }</checker-stats-str>
      <input size="2">9
</input>
      <output size="4">285
</output>
      <correct size="4">285
</correct>
      <stderr size="0"></stderr>
      <checker size="3">OK
</checker>
    </test>
    <test num="10" status="OK" time="26" real-time="28" max-memory-used="307200"  checker-comment="OK" >
  <program-stats-str>{ utime=26, stime=0, ptime=26, rtime=28, maxvsz=307200, maxrss=6213632, nvcsw=1, nivcsw=4 }</program-stats-str>
  <checker-stats-str>{ utime=0, stime=0, ptime=0, rtime=1, maxvsz=307200, maxrss=2387968, nvcsw=1, nivcsw=1 }</checker-stats-str>
      <input size="3">20
</input>
      <output size="5">2870
</output>
      <correct size="5">2870
</correct>
      <stderr size="0"></stderr>
      <checker size="3">OK
</checker>
    </test>
    <test num="11" status="OK" time="26" real-time="29" max-memory-used="307200"  checker-comment="OK" >
  <program-stats-str>{ utime=16, stime=10, ptime=26, rtime=29, maxvsz=307200, maxrss=6365184, nvcsw=1, nivcsw=6 }</program-stats-str>
  <checker-stats-str>{ utime=0, stime=0, ptime=0, rtime=2, maxvsz=307200, maxrss=2387968, nvcsw=1, nivcsw=1 }</checker-stats-str>
      <input size="3">30
</input>
      <output size="5">9455
</output>
      <correct size="5">9455
</correct>
      <stderr size="0"></stderr>
      <checker size="3">OK
</checker>
    </test>
    <test num="12" status="OK" time="28" real-time="29" max-memory-used="307200"  checker-comment="OK" >
  <program-stats-str>{ utime=23, stime=5, ptime=28, rtime=29, maxvsz=307200, maxrss=6238208, nvcsw=1, nivcsw=4 }</program-stats-str>
  <checker-stats-str>{ utime=0, stime=0, ptime=0, rtime=1, maxvsz=307200, maxrss=2387968, nvcsw=1, nivcsw=1 }</checker-stats-str>
      <input size="4">100
</input>
      <output size="7">338350
</output>
      <correct size="7">338350
</correct>
      <stderr size="0"></stderr>
      <checker size="3">OK
</checker>
    </test>
  </tests>
</testing-report>
