Content-type: text/xml

<?xml version="1.0" encoding="utf-8"?>
<testing-report run-id="172" judge-id="120" status="PE" scoring="ACM" run-tests="1" contest-id="3203" real-time-available="yes" max-memory-used-available="yes" correct-available="yes" failed-test="1" time-limit-ms="2000" real-time-limit-ms="5000" marked-flag="no" >
  <uuid>f99f3c72-089c-4d0f-84ab-816691ef89d2</uuid>
  <host>localhost.localdomain</host>
  <cpu-model>Intel(R) Pentium(R) CPU 3550M @ 2.30GHz</cpu-model>
  <cpu-mhz>2294.738</cpu-mhz>
  <compiler_output></compiler_output>
  <tests>
    <test num="1" status="PE" time="28" real-time="31" max-memory-used="307200"  checker-comment="user program output: [1]: cannot parse int64 value" >
  <program-stats-str>{ utime=16, stime=12, ptime=28, rtime=31, maxvsz=307200, maxrss=6205440, nvcsw=1, nivcsw=9 }</program-stats-str>
  <checker-stats-str>{ utime=0, stime=0, ptime=0, rtime=2, maxvsz=307200, maxrss=2387968, nvcsw=1, nivcsw=1 }</checker-stats-str>
      <input size="14">5
28
0
0
0
0

</input>
      <output size="24">&lt;built-in function sum&gt;
</output>
      <correct size="6">4 1 0
</correct>
      <stderr size="0"></stderr>
      <checker size="51">user program output: [1]: cannot parse int64 value
</checker>
    </test>
  </tests>
</testing-report>
