Content-type: text/xml

<?xml version="1.0" encoding="utf-8"?>
<testing-report run-id="164" judge-id="112" status="OK" scoring="ACM" run-tests="13" contest-id="3203" real-time-available="yes" max-memory-used-available="yes" correct-available="yes" time-limit-ms="2000" real-time-limit-ms="5000" marked-flag="no" >
  <uuid>678e4a90-289a-439d-a333-6c5afa79e9f3</uuid>
  <host>localhost.localdomain</host>
  <cpu-model>Intel(R) Pentium(R) CPU 3550M @ 2.30GHz</cpu-model>
  <cpu-mhz>2294.738</cpu-mhz>
  <compiler_output></compiler_output>
  <tests>
    <test num="1" status="OK" time="13" real-time="16" max-memory-used="307200"  checker-comment="OK" >
  <program-stats-str>{ utime=12, stime=1, ptime=13, rtime=16, maxvsz=307200, maxrss=5144576, nvcsw=1, nivcsw=5 }</program-stats-str>
  <checker-stats-str>{ utime=0, stime=0, ptime=0, rtime=2, maxvsz=307200, maxrss=2387968, nvcsw=1, nivcsw=1 }</checker-stats-str>
      <input size="8">2
5
0
2
</input>
      <output size="4">2
4
</output>
      <correct size="5">2 4 
</correct>
      <stderr size="0"></stderr>
      <checker size="3">OK
</checker>
    </test>
    <test num="2" status="OK" time="14" real-time="16" max-memory-used="307200"  checker-comment="OK" >
  <program-stats-str>{ utime=12, stime=2, ptime=14, rtime=16, maxvsz=307200, maxrss=5255168, nvcsw=1, nivcsw=3 }</program-stats-str>
  <checker-stats-str>{ utime=0, stime=0, ptime=0, rtime=1, maxvsz=307200, maxrss=2387968, nvcsw=1, nivcsw=1 }</checker-stats-str>
      <input size="9">2
7
9
14
</input>
      <output size="0"></output>
      <correct size="0"></correct>
      <stderr size="0"></stderr>
      <checker size="3">OK
</checker>
    </test>
    <test num="3" status="OK" time="13" real-time="15" max-memory-used="307200"  checker-comment="OK" >
  <program-stats-str>{ utime=9, stime=4, ptime=13, rtime=15, maxvsz=307200, maxrss=5246976, nvcsw=1, nivcsw=2 }</program-stats-str>
  <checker-stats-str>{ utime=0, stime=0, ptime=0, rtime=1, maxvsz=307200, maxrss=2387968, nvcsw=1, nivcsw=1 }</checker-stats-str>
      <input size="11">44
44
0
11
</input>
      <output size="3">44
</output>
      <correct size="4">44 
</correct>
      <stderr size="0"></stderr>
      <checker size="3">OK
</checker>
    </test>
    <test num="4" status="OK" time="14" real-time="16" max-memory-used="307200"  checker-comment="OK" >
  <program-stats-str>{ utime=12, stime=2, ptime=14, rtime=16, maxvsz=307200, maxrss=5140480, nvcsw=1, nivcsw=3 }</program-stats-str>
  <checker-stats-str>{ utime=0, stime=0, ptime=0, rtime=2, maxvsz=307200, maxrss=2387968, nvcsw=1, nivcsw=1 }</checker-stats-str>
      <input size="11">16
79
7
19
</input>
      <output size="9">26
45
64
</output>
      <correct size="10">26 45 64 
</correct>
      <stderr size="0"></stderr>
      <checker size="3">OK
</checker>
    </test>
    <test num="5" status="OK" time="13" real-time="14" max-memory-used="307200"  checker-comment="OK" >
  <program-stats-str>{ utime=13, stime=0, ptime=13, rtime=14, maxvsz=307200, maxrss=5382144, nvcsw=1, nivcsw=2 }</program-stats-str>
  <checker-stats-str>{ utime=0, stime=0, ptime=0, rtime=1, maxvsz=307200, maxrss=2387968, nvcsw=1, nivcsw=1 }</checker-stats-str>
      <input size="9">1
10
7
2
</input>
      <output size="0"></output>
      <correct size="0"></correct>
      <stderr size="0"></stderr>
      <checker size="3">OK
</checker>
    </test>
    <test num="6" status="OK" time="15" real-time="17" max-memory-used="307200"  checker-comment="OK" >
  <program-stats-str>{ utime=15, stime=0, ptime=15, rtime=17, maxvsz=307200, maxrss=5259264, nvcsw=1, nivcsw=3 }</program-stats-str>
  <checker-stats-str>{ utime=0, stime=0, ptime=0, rtime=1, maxvsz=307200, maxrss=2387968, nvcsw=1, nivcsw=1 }</checker-stats-str>
      <input size="16">481
6479
28
145
</input>
      <output size="202">608
753
898
1043
1188
1333
1478
1623
1768
1913
2058
2203
2348
2493
2638
2783
2928
3073
3218
3363
3508
3653
3798
3943
4088
4233
4378
4523
4668
4813
4958
5103
5248
5393
5538
5683
5828
5973
6118
6263
6408
</output>
      <correct size="203">608 753 898 1043 1188 1333 1478 1623 1768 1913 2058 2203 2348 2493 2638 2783 2928 3073 3218 3363 3508 3653 3798 3943 4088 4233 4378 4523 4668 4813 4958 5103 5248 5393 5538 5683 5828 5973 6118 6263 6408 
</correct>
      <stderr size="0"></stderr>
      <checker size="3">OK
</checker>
    </test>
    <test num="7" status="OK" time="38" real-time="42" max-memory-used="307200"  checker-comment="OK" >
  <program-stats-str>{ utime=30, stime=8, ptime=38, rtime=42, maxvsz=307200, maxrss=5398528, nvcsw=1, nivcsw=8 }</program-stats-str>
  <checker-stats-str>{ utime=12, stime=3, ptime=15, rtime=17, maxvsz=307200, maxrss=2387968, nvcsw=1, nivcsw=3 }</checker-stats-str>
      <input size="12">1
30000
0
1
</input>
      <output too-big="yes" original-size="168894" />
      <correct too-big="yes" original-size="168895" />
      <stderr size="0"></stderr>
      <checker size="3">OK
</checker>
    </test>
    <test num="8" status="OK" time="15" real-time="18" max-memory-used="307200"  checker-comment="OK" >
  <program-stats-str>{ utime=13, stime=2, ptime=15, rtime=18, maxvsz=307200, maxrss=5206016, nvcsw=1, nivcsw=4 }</program-stats-str>
  <checker-stats-str>{ utime=0, stime=0, ptime=0, rtime=2, maxvsz=307200, maxrss=2387968, nvcsw=1, nivcsw=1 }</checker-stats-str>
      <input size="18">684
9722
348
1023
</input>
      <output size="45">1371
2394
3417
4440
5463
6486
7509
8532
9555
</output>
      <correct size="46">1371 2394 3417 4440 5463 6486 7509 8532 9555 
</correct>
      <stderr size="0"></stderr>
      <checker size="3">OK
</checker>
    </test>
    <test num="9" status="OK" time="16" real-time="20" max-memory-used="307200"  checker-comment="OK" >
  <program-stats-str>{ utime=16, stime=0, ptime=16, rtime=20, maxvsz=307200, maxrss=5107712, nvcsw=1, nivcsw=3 }</program-stats-str>
  <checker-stats-str>{ utime=0, stime=0, ptime=0, rtime=2, maxvsz=307200, maxrss=2387968, nvcsw=1, nivcsw=1 }</checker-stats-str>
      <input size="14">27
8946
5
876
</input>
      <output size="49">881
1757
2633
3509
4385
5261
6137
7013
7889
8765
</output>
      <correct size="50">881 1757 2633 3509 4385 5261 6137 7013 7889 8765 
</correct>
      <stderr size="0"></stderr>
      <checker size="3">OK
</checker>
    </test>
    <test num="10" status="OK" time="23" real-time="27" max-memory-used="307200"  checker-comment="OK" >
  <program-stats-str>{ utime=15, stime=8, ptime=23, rtime=27, maxvsz=307200, maxrss=5394432, nvcsw=1, nivcsw=7 }</program-stats-str>
  <checker-stats-str>{ utime=0, stime=2, ptime=2, rtime=3, maxvsz=307200, maxrss=2387968, nvcsw=1, nivcsw=1 }</checker-stats-str>
      <input size="14">108
29786
3
8
</input>
      <output size="20907">115
123
131
139
147
155
163
171
179
187
195
203
211
219
227
235
243
251
259
267
275
283
291
299
307
315
323
331
339
347
355
363
371
379
387
395
403
411
419
427
435
443
451
459
467
475
483
491
499
507
515
523
531
539
547
555
563
571
579
587
595
603
611
619
627
635
643
651
659
667
675
683
691
699
707
715
723
731
739
747
755
763
771
779
787
795
803
811
819
827
835
843
851
859
867
875
883
891
899
907
915
923
931
939
947
955
963
971
979
987
995
1003
1011
1019
1027
1035
1043
1051
1059
1067
1075
1083
1091
1099
1107
1115
1123
1131
1139
1147
1155
1163
1171
1179
1187
1195
1203
1211
1219
1227
1235
1243
1251
1259
1267
1275
1283
1291
1299
1307
1315
1323
1331
1339
1347
1355
1363
1371
1379
1387
1395
1403
1411
1419
1427
1435
1443
1451
1459
1467
1475
1483
1491
1499
1507
1515
1523
1531
1539
1547
1555
1563
1571
1579
1587
1595
1603
1611
1619
1627
1635
1643
1651
1659
1667
1675
1683
1691
1699
1707
1715
1723
1731
1739
1747
1755
1763
1771
1779
1787
1795
1803
1811
1819
1827
1835
1843
1851
1859
1867
1875
1883
1891
1899
1907
1915
1923
1931
1939
1947
1955
1963
1971
1979
1987
1995
2003
2011
2019
2027
2035
2043
2051
2059
2067
2075
2083
2091
2099
2107
2115
2123
2131
2139
2147
2155
2163
2171
2179
2187
2195
2203
2211
2219
2227
2235
2243
2251
2259
2267
2275
2283
2291
2299
2307
2315
2323
2331
2339
2347
2355
2363
2371
2379
2387
2395
2403
2411
2419
2427
2435
2443
2451
2459
2467
2475
2483
2491
2499
2507
2515
2523
2531
2539
2547
2555
2563
2571
2579
2587
2595
2603
2611
2619
2627
2635
2643
2651
2659
2667
2675
2683
2691
2699
2707
2715
2723
2731
2739
2747
2755
2763
2771
2779
2787
2795
2803
2811
2819
2827
2835
2843
2851
2859
2867
2875
2883
2891
2899
2907
2915
2923
2931
2939
2947
2955
2963
2971
2979
2987
2995
3003
3011
3019
3027
3035
3043
3051
3059
3067
3075
3083
3091
3099
3107
3115
3123
3131
3139
3147
3155
3163
3171
3179
3187
3195
3203
3211
3219
3227
3235
3243
3251
3259
3267
3275
3283
3291
3299
3307
3315
3323
3331
3339
3347
3355
3363
3371
3379
3387
3395
3403
3411
3419
3427
3435
3443
3451
3459
3467
3475
3483
3491
3499
3507
3515
3523
3531
3539
3547
3555
3563
3571
3579
3587
3595
3603
3611
3619
3627
3635
3643
3651
3659
3667
3675
3683
3691
3699
3707
3715
3723
3731
3739
3747
3755
3763
3771
3779
3787
3795
3803
3811
3819
3827
3835
3843
3851
3859
3867
3875
3883
3891
3899
3907
3915
3923
3931
3939
3947
3955
3963
3971
3979
3987
3995
4003
4011
4019
4027
4035
4043
4051
4059
4067
4075
4083
4091
4099
4107
4115
4123
4131
4139
4147
4155
4163
4171
4179
4187
4195
4203
4211
4219
4227
4235
4243
4251
4259
4267
4275
4283
4291
4299
4307
4315
4323
4331
4339
4347
4355
4363
4371
4379
4387
4395
4403
4411
4419
4427
4435
4443
4451
4459
4467
4475
4483
4491
4499
4507
4515
4523
4531
4539
4547
4555
4563
4571
4579
4587
4595
4603
4611
4619
4627
4635
4643
4651
4659
4667
4675
4683
4691
4699
4707
4715
4723
4731
4739
4747
4755
4763
4771
4779
4787
4795
4803
4811
4819
4827
4835
4843
4851
4859
4867
4875
4883
4891
4899
4907
4915
4923
4931
4939
4947
4955
4963
4971
4979
4987
4995
5003
5011
5019
5027
5035
5043
5051
5059
5067
5075
5083
5091
5099
5107
5115
5123
5131
5139
5147
5155
5163
5171
5179
5187
5195
5203
5211
5219
5227
5235
5243
5251
5259
5267
5275
5283
5291
5299
5307
5315
5323
5331
5339
5347
5355
5363
5371
5379
5387
5395
5403
5411
5419
5427
5435
5443
5451
5459
5467
5475
5483
5491
5499
5507
5515
5523
5531
5539
5547
5555
5563
5571
5579
5587
5595
5603
5611
5619
5627
5635
5643
5651
5659
5667
5675
5683
5691
5699
5707
5715
5723
5731
5739
5747
5755
5763
5771
5779
5787
5795
5803
5811
5819
5827
5835
5843
5851
5859
5867
5875
5883
5891
5899
5907
5915
5923
5931
5939
5947
5955
5963
5971
5979
5987
5995
6003
6011
6019
6027
6035
6043
6051
6059
6067
6075
6083
6091
6099
6107
6115
6123
6131
6139
6147
6155
6163
6171
6179
6187
6195
6203
6211
6219
6227
6235
6243
6251
6259
6267
6275
6283
6291
6299
6307
6315
6323
6331
6339
6347
6355
6363
6371
6379
6387
6395
6403
6411
6419
6427
6435
6443
6451
6459
6467
6475
6483
6491
6499
6507
6515
6523
6531
6539
6547
6555
6563
6571
6579
6587
6595
6603
6611
6619
6627
6635
6643
6651
6659
6667
6675
6683
6691
6699
6707
6715
6723
6731
6739
6747
6755
6763
6771
6779
6787
6795
6803
6811
6819
6827
6835
6843
6851
6859
6867
6875
6883
6891
6899
6907
6915
6923
6931
6939
6947
6955
6963
6971
6979
6987
6995
7003
7011
7019
7027
7035
7043
7051
7059
7067
7075
7083
7091
7099
7107
7115
7123
7131
7139
7147
7155
7163
7171
7179
7187
7195
7203
7211
7219
7227
7235
7243
7251
7259
7267
7275
7283
7291
7299
7307
7315
7323
7331
7339
7347
7355
7363
7371
7379
7387
7395
7403
7411
7419
7427
7435
7443
7451
7459
7467
7475
7483
7491
7499
7507
7515
7523
7531
7539
7547
7555
7563
7571
7579
7587
7595
7603
7611
7619
7627
7635
7643
7651
7659
7667
7675
7683
7691
7699
7707
7715
7723
7731
7739
7747
7755
7763
7771
7779
7787
7795
7803
7811
7819
7827
7835
7843
7851
7859
7867
7875
7883
7891
7899
7907
7915
7923
7931
7939
7947
7955
7963
7971
7979
7987
7995
8003
8011
8019
8027
8035
8043
8051
8059
8067
8075
8083
8091
8099
8107
8115
8123
8131
8139
8147
8155
8163
8171
8179
8187
8195
8203
8211
8219
8227
8235
8243
8251
8259
8267
8275
8283
8291
8299
8307
8315
8323
8331
8339
8347
8355
8363
8371
8379
8387
8395
8403
8411
8419
8427
8435
8443
8451
8459
8467
8475
8483
8491
8499
8507
8515
8523
8531
8539
8547
8555
8563
8571
8579
8587
8595
8603
8611
8619
8627
8635
8643
8651
8659
8667
8675
8683
8691
8699
8707
8715
8723
8731
8739
8747
8755
8763
8771
8779
8787
8795
8803
8811
8819
8827
8835
8843
8851
8859
8867
8875
8883
8891
8899
8907
8915
8923
8931
8939
8947
8955
8963
8971
8979
8987
8995
9003
9011
9019
9027
9035
9043
9051
9059
9067
9075
9083
9091
9099
9107
9115
9123
9131
9139
9147
9155
9163
9171
9179
9187
9195
9203
9211
9219
9227
9235
9243
9251
9259
9267
9275
9283
9291
9299
9307
9315
9323
9331
9339
9347
9355
9363
9371
9379
9387
9395
9403
9411
9419
9427
9435
9443
9451
9459
9467
9475
9483
9491
9499
9507
9515
9523
9531
9539
9547
9555
9563
9571
9579
9587
9595
9603
9611
9619
9627
9635
9643
9651
9659
9667
9675
9683
9691
9699
9707
9715
9723
9731
9739
9747
9755
9763
9771
9779
9787
9795
9803
9811
9819
9827
9835
9843
9851
9859
9867
9875
9883
9891
9899
9907
9915
9923
9931
9939
9947
9955
9963
9971
9979
9987
9995
10003
10011
10019
10027
10035
10043
10051
10059
10067
10075
10083
10091
10099
10107
10115
10123
10131
10139
10147
10155
10163
10171
10179
10187
10195
10203
10211
10219
10227
10235
10243
10251
10259
10267
10275
10283
10291
10299
10307
10315
10323
10331
10339
10347
10355
10363
10371
10379
10387
10395
10403
10411
10419
10427
10435
10443
10451
10459
10467
10475
10483
10491
10499
10507
10515
10523
10531
10539
10547
10555
10563
10571
10579
10587
10595
10603
10611
10619
10627
10635
10643
10651
10659
10667
10675
10683
10691
10699
10707
10715
10723
10731
10739
10747
10755
10763
10771
10779
10787
10795
10803
10811
10819
10827
10835
10843
10851
10859
10867
10875
10883
10891
10899
10907
10915
10923
10931
10939
10947
10955
10963
10971
10979
10987
10995
11003
11011
11019
11027
11035
11043
11051
11059
11067
11075
11083
11091
11099
11107
11115
11123
11131
11139
11147
11155
11163
11171
11179
11187
11195
11203
11211
11219
11227
11235
11243
11251
11259
11267
11275
11283
11291
11299
11307
11315
11323
11331
11339
11347
11355
11363
11371
11379
11387
11395
11403
11411
11419
11427
11435
11443
11451
11459
11467
11475
11483
11491
11499
11507
11515
11523
11531
11539
11547
11555
11563
11571
11579
11587
11595
11603
11611
11619
11627
11635
11643
11651
11659
11667
11675
11683
11691
11699
11707
11715
11723
11731
11739
11747
11755
11763
11771
11779
11787
11795
11803
11811
11819
11827
11835
11843
11851
11859
11867
11875
11883
11891
11899
11907
11915
11923
11931
11939
11947
11955
11963
11971
11979
11987
11995
12003
12011
12019
12027
12035
12043
12051
12059
12067
12075
12083
12091
12099
12107
12115
12123
12131
12139
12147
12155
12163
12171
12179
12187
12195
12203
12211
12219
12227
12235
12243
12251
12259
12267
12275
12283
12291
12299
12307
12315
12323
12331
12339
12347
12355
12363
12371
12379
12387
12395
12403
12411
12419
12427
12435
12443
12451
12459
12467
12475
12483
12491
12499
12507
12515
12523
12531
12539
12547
12555
12563
12571
12579
12587
12595
12603
12611
12619
12627
12635
12643
12651
12659
12667
12675
12683
12691
12699
12707
12715
12723
12731
12739
12747
12755
12763
12771
12779
12787
12795
12803
12811
12819
12827
12835
12843
12851
12859
12867
12875
12883
12891
12899
12907
12915
12923
12931
12939
12947
12955
12963
12971
12979
12987
12995
13003
13011
13019
13027
13035
13043
13051
13059
13067
13075
13083
13091
13099
13107
13115
13123
13131
13139
13147
13155
13163
13171
13179
13187
13195
13203
13211
13219
13227
13235
13243
13251
13259
13267
13275
13283
13291
13299
13307
13315
13323
13331
13339
13347
13355
13363
13371
13379
13387
13395
13403
13411
13419
13427
13435
13443
13451
13459
13467
13475
13483
13491
13499
13507
13515
13523
13531
13539
13547
13555
13563
13571
13579
13587
13595
13603
13611
13619
13627
13635
13643
13651
13659
13667
13675
13683
13691
13699
13707
13715
13723
13731
13739
13747
13755
13763
13771
13779
13787
13795
13803
13811
13819
13827
13835
13843
13851
13859
13867
13875
13883
13891
13899
13907
13915
13923
13931
13939
13947
13955
13963
13971
13979
13987
13995
14003
14011
14019
14027
14035
14043
14051
14059
14067
14075
14083
14091
14099
14107
14115
14123
14131
14139
14147
14155
14163
14171
14179
14187
14195
14203
14211
14219
14227
14235
14243
14251
14259
14267
14275
14283
14291
14299
14307
14315
14323
14331
14339
14347
14355
14363
14371
14379
14387
14395
14403
14411
14419
14427
14435
14443
14451
14459
14467
14475
14483
14491
14499
14507
14515
14523
14531
14539
14547
14555
14563
14571
14579
14587
14595
14603
14611
14619
14627
14635
14643
14651
14659
14667
14675
14683
14691
14699
14707
14715
14723
14731
14739
14747
14755
14763
14771
14779
14787
14795
14803
14811
14819
14827
14835
14843
14851
14859
14867
14875
14883
14891
14899
14907
14915
14923
14931
14939
14947
14955
14963
14971
14979
14987
14995
15003
15011
15019
15027
15035
15043
15051
15059
15067
15075
15083
15091
15099
15107
15115
15123
15131
15139
15147
15155
15163
15171
15179
15187
15195
15203
15211
15219
15227
15235
15243
15251
15259
15267
15275
15283
15291
15299
15307
15315
15323
15331
15339
15347
15355
15363
15371
15379
15387
15395
15403
15411
15419
15427
15435
15443
15451
15459
15467
15475
15483
15491
15499
15507
15515
15523
15531
15539
15547
15555
15563
15571
15579
15587
15595
15603
15611
15619
15627
15635
15643
15651
15659
15667
15675
15683
15691
15699
15707
15715
15723
15731
15739
15747
15755
15763
15771
15779
15787
15795
15803
15811
15819
15827
15835
15843
15851
15859
15867
15875
15883
15891
15899
15907
15915
15923
15931
15939
15947
15955
15963
15971
15979
15987
15995
16003
16011
16019
16027
16035
16043
16051
16059
16067
16075
16083
16091
16099
16107
16115
16123
16131
16139
16147
16155
16163
16171
16179
16187
16195
16203
16211
16219
16227
16235
16243
16251
16259
16267
16275
16283
16291
16299
16307
16315
16323
16331
16339
16347
16355
16363
16371
16379
16387
16395
16403
16411
16419
16427
16435
16443
16451
16459
16467
16475
16483
16491
16499
16507
16515
16523
16531
16539
16547
16555
16563
16571
16579
16587
16595
16603
16611
16619
16627
16635
16643
16651
16659
16667
16675
16683
16691
16699
16707
16715
16723
16731
16739
16747
16755
16763
16771
16779
16787
16795
16803
16811
16819
16827
16835
16843
16851
16859
16867
16875
16883
16891
16899
16907
16915
16923
16931
16939
16947
16955
16963
16971
16979
16987
16995
17003
17011
17019
17027
17035
17043
17051
17059
17067
17075
17083
17091
17099
17107
17115
17123
17131
17139
17147
17155
17163
17171
17179
17187
17195
17203
17211
17219
17227
17235
17243
17251
17259
17267
17275
17283
17291
17299
17307
17315
17323
17331
17339
17347
17355
17363
17371
17379
17387
17395
17403
17411
17419
17427
17435
17443
17451
17459
17467
17475
17483
17491
17499
17507
17515
17523
17531
17539
17547
17555
17563
17571
17579
17587
17595
17603
17611
17619
17627
17635
17643
17651
17659
17667
17675
17683
17691
17699
17707
17715
17723
17731
17739
17747
17755
17763
17771
17779
17787
17795
17803
17811
17819
17827
17835
17843
17851
17859
17867
17875
17883
17891
17899
17907
17915
17923
17931
17939
17947
17955
17963
17971
17979
17987
17995
18003
18011
18019
18027
18035
18043
18051
18059
18067
18075
18083
18091
18099
18107
18115
18123
18131
18139
18147
18155
18163
18171
18179
18187
18195
18203
18211
18219
18227
18235
18243
18251
18259
18267
18275
18283
18291
18299
18307
18315
18323
18331
18339
18347
18355
18363
18371
18379
18387
18395
18403
18411
18419
18427
18435
18443
18451
18459
18467
18475
18483
18491
18499
18507
18515
18523
18531
18539
18547
18555
18563
18571
18579
18587
18595
18603
18611
18619
18627
18635
18643
18651
18659
18667
18675
18683
18691
18699
18707
18715
18723
18731
18739
18747
18755
18763
18771
18779
18787
18795
18803
18811
18819
18827
18835
18843
18851
18859
18867
18875
18883
18891
18899
18907
18915
18923
18931
18939
18947
18955
18963
18971
18979
18987
18995
19003
19011
19019
19027
19035
19043
19051
19059
19067
19075
19083
19091
19099
19107
19115
19123
19131
19139
19147
19155
19163
19171
19179
19187
19195
19203
19211
19219
19227
19235
19243
19251
19259
19267
19275
19283
19291
19299
19307
19315
19323
19331
19339
19347
19355
19363
19371
19379
19387
19395
19403
19411
19419
19427
19435
19443
19451
19459
19467
19475
19483
19491
19499
19507
19515
19523
19531
19539
19547
19555
19563
19571
19579
19587
19595
19603
19611
19619
19627
19635
19643
19651
19659
19667
19675
19683
19691
19699
19707
19715
19723
19731
19739
19747
19755
19763
19771
19779
19787
19795
19803
19811
19819
19827
19835
19843
19851
19859
19867
19875
19883
19891
19899
19907
19915
19923
19931
19939
19947
19955
19963
19971
19979
19987
19995
20003
20011
20019
20027
20035
20043
20051
20059
20067
20075
20083
20091
20099
20107
20115
20123
20131
20139
20147
20155
20163
20171
20179
20187
20195
20203
20211
20219
20227
20235
20243
20251
20259
20267
20275
20283
20291
20299
20307
20315
20323
20331
20339
20347
20355
20363
20371
20379
20387
20395
20403
20411
20419
20427
20435
20443
20451
20459
20467
20475
20483
20491
20499
20507
20515
20523
20531
20539
20547
20555
20563
20571
20579
20587
20595
20603
20611
20619
20627
20635
20643
20651
20659
20667
20675
20683
20691
20699
20707
20715
20723
20731
20739
20747
20755
20763
20771
20779
20787
20795
20803
20811
20819
20827
20835
20843
20851
20859
20867
20875
20883
20891
20899
20907
20915
20923
20931
20939
20947
20955
20963
20971
20979
20987
20995
21003
21011
21019
21027
21035
21043
21051
21059
21067
21075
21083
21091
21099
21107
21115
21123
21131
21139
21147
21155
21163
21171
21179
21187
21195
21203
21211
21219
21227
21235
21243
21251
21259
21267
21275
21283
21291
21299
21307
21315
21323
21331
21339
21347
21355
21363
21371
21379
21387
21395
21403
21411
21419
21427
21435
21443
21451
21459
21467
21475
21483
21491
21499
21507
21515
21523
21531
21539
21547
21555
21563
21571
21579
21587
21595
21603
21611
21619
21627
21635
21643
21651
21659
21667
21675
21683
21691
21699
21707
21715
21723
21731
21739
21747
21755
21763
21771
21779
21787
21795
21803
21811
21819
21827
21835
21843
21851
21859
21867
21875
21883
21891
21899
21907
21915
21923
21931
21939
21947
21955
21963
21971
21979
21987
21995
22003
22011
22019
22027
22035
22043
22051
22059
22067
22075
22083
22091
22099
22107
22115
22123
22131
22139
22147
22155
22163
22171
22179
22187
22195
22203
22211
22219
22227
22235
22243
22251
22259
22267
22275
22283
22291
22299
22307
22315
22323
22331
22339
22347
22355
22363
22371
22379
22387
22395
22403
22411
22419
22427
22435
22443
22451
22459
22467
22475
22483
22491
22499
22507
22515
22523
22531
22539
22547
22555
22563
22571
22579
22587
22595
22603
22611
22619
22627
22635
22643
22651
22659
22667
22675
22683
22691
22699
22707
22715
22723
22731
22739
22747
22755
22763
22771
22779
22787
22795
22803
22811
22819
22827
22835
22843
22851
22859
22867
22875
22883
22891
22899
22907
22915
22923
22931
22939
22947
22955
22963
22971
22979
22987
22995
23003
23011
23019
23027
23035
23043
23051
23059
23067
23075
23083
23091
23099
23107
23115
23123
23131
23139
23147
23155
23163
23171
23179
23187
23195
23203
23211
23219
23227
23235
23243
23251
23259
23267
23275
23283
23291
23299
23307
23315
23323
23331
23339
23347
23355
23363
23371
23379
23387
23395
23403
23411
23419
23427
23435
23443
23451
23459
23467
23475
23483
23491
23499
23507
23515
23523
23531
23539
23547
23555
23563
23571
23579
23587
23595
23603
23611
23619
23627
23635
23643
23651
23659
23667
23675
23683
23691
23699
23707
23715
23723
23731
23739
23747
23755
23763
23771
23779
23787
23795
23803
23811
23819
23827
23835
23843
23851
23859
23867
23875
23883
23891
23899
23907
23915
23923
23931
23939
23947
23955
23963
23971
23979
23987
23995
24003
24011
24019
24027
24035
24043
24051
24059
24067
24075
24083
24091
24099
24107
24115
24123
24131
24139
24147
24155
24163
24171
24179
24187
24195
24203
24211
24219
24227
24235
24243
24251
24259
24267
24275
24283
24291
24299
24307
24315
24323
24331
24339
24347
24355
24363
24371
24379
24387
24395
24403
24411
24419
24427
24435
24443
24451
24459
24467
24475
24483
24491
24499
24507
24515
24523
24531
24539
24547
24555
24563
24571
24579
24587
24595
24603
24611
24619
24627
24635
24643
24651
24659
24667
24675
24683
24691
24699
24707
24715
24723
24731
24739
24747
24755
24763
24771
24779
24787
24795
24803
24811
24819
24827
24835
24843
24851
24859
24867
24875
24883
24891
24899
24907
24915
24923
24931
24939
24947
24955
24963
24971
24979
24987
24995
25003
25011
25019
25027
25035
25043
25051
25059
25067
25075
25083
25091
25099
25107
25115
25123
25131
25139
25147
25155
25163
25171
25179
25187
25195
25203
25211
25219
25227
25235
25243
25251
25259
25267
25275
25283
25291
25299
25307
25315
25323
25331
25339
25347
25355
25363
25371
25379
25387
25395
25403
25411
25419
25427
25435
25443
25451
25459
25467
25475
25483
25491
25499
25507
25515
25523
25531
25539
25547
25555
25563
25571
25579
25587
25595
25603
25611
25619
25627
25635
25643
25651
25659
25667
25675
25683
25691
25699
25707
25715
25723
25731
25739
25747
25755
25763
25771
25779
25787
25795
25803
25811
25819
25827
25835
25843
25851
25859
25867
25875
25883
25891
25899
25907
25915
25923
25931
25939
25947
25955
25963
25971
25979
25987
25995
26003
26011
26019
26027
26035
26043
26051
26059
26067
26075
26083
26091
26099
26107
26115
26123
26131
26139
26147
26155
26163
26171
26179
26187
26195
26203
26211
26219
26227
26235
26243
26251
26259
26267
26275
26283
26291
26299
26307
26315
26323
26331
26339
26347
26355
26363
26371
26379
26387
26395
26403
26411
26419
26427
26435
26443
26451
26459
26467
26475
26483
26491
26499
26507
26515
26523
26531
26539
26547
26555
26563
26571
26579
26587
26595
26603
26611
26619
26627
26635
26643
26651
26659
26667
26675
26683
26691
26699
26707
26715
26723
26731
26739
26747
26755
26763
26771
26779
26787
26795
26803
26811
26819
26827
26835
26843
26851
26859
26867
26875
26883
26891
26899
26907
26915
26923
26931
26939
26947
26955
26963
26971
26979
26987
26995
27003
27011
27019
27027
27035
27043
27051
27059
27067
27075
27083
27091
27099
27107
27115
27123
27131
27139
27147
27155
27163
27171
27179
27187
27195
27203
27211
27219
27227
27235
27243
27251
27259
27267
27275
27283
27291
27299
27307
27315
27323
27331
27339
27347
27355
27363
27371
27379
27387
27395
27403
27411
27419
27427
27435
27443
27451
27459
27467
27475
27483
27491
27499
27507
27515
27523
27531
27539
27547
27555
27563
27571
27579
27587
27595
27603
27611
27619
27627
27635
27643
27651
27659
27667
27675
27683
27691
27699
27707
27715
27723
27731
27739
27747
27755
27763
27771
27779
27787
27795
27803
27811
27819
27827
27835
27843
27851
27859
27867
27875
27883
27891
27899
27907
27915
27923
27931
27939
27947
27955
27963
27971
27979
27987
27995
28003
28011
28019
28027
28035
28043
28051
28059
28067
28075
28083
28091
28099
28107
28115
28123
28131
28139
28147
28155
28163
28171
28179
28187
28195
28203
28211
28219
28227
28235
28243
28251
28259
28267
28275
28283
28291
28299
28307
28315
28323
28331
28339
28347
28355
28363
28371
28379
28387
28395
28403
28411
28419
28427
28435
28443
28451
28459
28467
28475
28483
28491
28499
28507
28515
28523
28531
28539
28547
28555
28563
28571
28579
28587
28595
28603
28611
28619
28627
28635
28643
28651
28659
28667
28675
28683
28691
28699
28707
28715
28723
28731
28739
28747
28755
28763
28771
28779
28787
28795
28803
28811
28819
28827
28835
28843
28851
28859
28867
28875
28883
28891
28899
28907
28915
28923
28931
28939
28947
28955
28963
28971
28979
28987
28995
29003
29011
29019
29027
29035
29043
29051
29059
29067
29075
29083
29091
29099
29107
29115
29123
29131
29139
29147
29155
29163
29171
29179
29187
29195
29203
29211
29219
29227
29235
29243
29251
29259
29267
29275
29283
29291
29299
29307
29315
29323
29331
29339
29347
29355
29363
29371
29379
29387
29395
29403
29411
29419
29427
29435
29443
29451
29459
29467
29475
29483
29491
29499
29507
29515
29523
29531
29539
29547
29555
29563
29571
29579
29587
29595
29603
29611
29619
29627
29635
29643
29651
29659
29667
29675
29683
29691
29699
29707
29715
29723
29731
29739
29747
29755
29763
29771
29779
</output>
      <correct size="20908">115 123 131 139 147 155 163 171 179 187 195 203 211 219 227 235 243 251 259 267 275 283 291 299 307 315 323 331 339 347 355 363 371 379 387 395 403 411 419 427 435 443 451 459 467 475 483 491 499 507 515 523 531 539 547 555 563 571 579 587 595 603 611 619 627 635 643 651 659 667 675 683 691 699 707 715 723 731 739 747 755 763 771 779 787 795 803 811 819 827 835 843 851 859 867 875 883 891 899 907 915 923 931 939 947 955 963 971 979 987 995 1003 1011 1019 1027 1035 1043 1051 1059 1067 1075 1083 1091 1099 1107 1115 1123 1131 1139 1147 1155 1163 1171 1179 1187 1195 1203 1211 1219 1227 1235 1243 1251 1259 1267 1275 1283 1291 1299 1307 1315 1323 1331 1339 1347 1355 1363 1371 1379 1387 1395 1403 1411 1419 1427 1435 1443 1451 1459 1467 1475 1483 1491 1499 1507 1515 1523 1531 1539 1547 1555 1563 1571 1579 1587 1595 1603 1611 1619 1627 1635 1643 1651 1659 1667 1675 1683 1691 1699 1707 1715 1723 1731 1739 1747 1755 1763 1771 1779 1787 1795 1803 1811 1819 1827 1835 1843 1851 1859 1867 1875 1883 1891 1899 1907 1915 1923 1931 1939 1947 1955 1963 1971 1979 1987 1995 2003 2011 2019 2027 2035 2043 2051 2059 2067 2075 2083 2091 2099 2107 2115 2123 2131 2139 2147 2155 2163 2171 2179 2187 2195 2203 2211 2219 2227 2235 2243 2251 2259 2267 2275 2283 2291 2299 2307 2315 2323 2331 2339 2347 2355 2363 2371 2379 2387 2395 2403 2411 2419 2427 2435 2443 2451 2459 2467 2475 2483 2491 2499 2507 2515 2523 2531 2539 2547 2555 2563 2571 2579 2587 2595 2603 2611 2619 2627 2635 2643 2651 2659 2667 2675 2683 2691 2699 2707 2715 2723 2731 2739 2747 2755 2763 2771 2779 2787 2795 2803 2811 2819 2827 2835 2843 2851 2859 2867 2875 2883 2891 2899 2907 2915 2923 2931 2939 2947 2955 2963 2971 2979 2987 2995 3003 3011 3019 3027 3035 3043 3051 3059 3067 3075 3083 3091 3099 3107 3115 3123 3131 3139 3147 3155 3163 3171 3179 3187 3195 3203 3211 3219 3227 3235 3243 3251 3259 3267 3275 3283 3291 3299 3307 3315 3323 3331 3339 3347 3355 3363 3371 3379 3387 3395 3403 3411 3419 3427 3435 3443 3451 3459 3467 3475 3483 3491 3499 3507 3515 3523 3531 3539 3547 3555 3563 3571 3579 3587 3595 3603 3611 3619 3627 3635 3643 3651 3659 3667 3675 3683 3691 3699 3707 3715 3723 3731 3739 3747 3755 3763 3771 3779 3787 3795 3803 3811 3819 3827 3835 3843 3851 3859 3867 3875 3883 3891 3899 3907 3915 3923 3931 3939 3947 3955 3963 3971 3979 3987 3995 4003 4011 4019 4027 4035 4043 4051 4059 4067 4075 4083 4091 4099 4107 4115 4123 4131 4139 4147 4155 4163 4171 4179 4187 4195 4203 4211 4219 4227 4235 4243 4251 4259 4267 4275 4283 4291 4299 4307 4315 4323 4331 4339 4347 4355 4363 4371 4379 4387 4395 4403 4411 4419 4427 4435 4443 4451 4459 4467 4475 4483 4491 4499 4507 4515 4523 4531 4539 4547 4555 4563 4571 4579 4587 4595 4603 4611 4619 4627 4635 4643 4651 4659 4667 4675 4683 4691 4699 4707 4715 4723 4731 4739 4747 4755 4763 4771 4779 4787 4795 4803 4811 4819 4827 4835 4843 4851 4859 4867 4875 4883 4891 4899 4907 4915 4923 4931 4939 4947 4955 4963 4971 4979 4987 4995 5003 5011 5019 5027 5035 5043 5051 5059 5067 5075 5083 5091 5099 5107 5115 5123 5131 5139 5147 5155 5163 5171 5179 5187 5195 5203 5211 5219 5227 5235 5243 5251 5259 5267 5275 5283 5291 5299 5307 5315 5323 5331 5339 5347 5355 5363 5371 5379 5387 5395 5403 5411 5419 5427 5435 5443 5451 5459 5467 5475 5483 5491 5499 5507 5515 5523 5531 5539 5547 5555 5563 5571 5579 5587 5595 5603 5611 5619 5627 5635 5643 5651 5659 5667 5675 5683 5691 5699 5707 5715 5723 5731 5739 5747 5755 5763 5771 5779 5787 5795 5803 5811 5819 5827 5835 5843 5851 5859 5867 5875 5883 5891 5899 5907 5915 5923 5931 5939 5947 5955 5963 5971 5979 5987 5995 6003 6011 6019 6027 6035 6043 6051 6059 6067 6075 6083 6091 6099 6107 6115 6123 6131 6139 6147 6155 6163 6171 6179 6187 6195 6203 6211 6219 6227 6235 6243 6251 6259 6267 6275 6283 6291 6299 6307 6315 6323 6331 6339 6347 6355 6363 6371 6379 6387 6395 6403 6411 6419 6427 6435 6443 6451 6459 6467 6475 6483 6491 6499 6507 6515 6523 6531 6539 6547 6555 6563 6571 6579 6587 6595 6603 6611 6619 6627 6635 6643 6651 6659 6667 6675 6683 6691 6699 6707 6715 6723 6731 6739 6747 6755 6763 6771 6779 6787 6795 6803 6811 6819 6827 6835 6843 6851 6859 6867 6875 6883 6891 6899 6907 6915 6923 6931 6939 6947 6955 6963 6971 6979 6987 6995 7003 7011 7019 7027 7035 7043 7051 7059 7067 7075 7083 7091 7099 7107 7115 7123 7131 7139 7147 7155 7163 7171 7179 7187 7195 7203 7211 7219 7227 7235 7243 7251 7259 7267 7275 7283 7291 7299 7307 7315 7323 7331 7339 7347 7355 7363 7371 7379 7387 7395 7403 7411 7419 7427 7435 7443 7451 7459 7467 7475 7483 7491 7499 7507 7515 7523 7531 7539 7547 7555 7563 7571 7579 7587 7595 7603 7611 7619 7627 7635 7643 7651 7659 7667 7675 7683 7691 7699 7707 7715 7723 7731 7739 7747 7755 7763 7771 7779 7787 7795 7803 7811 7819 7827 7835 7843 7851 7859 7867 7875 7883 7891 7899 7907 7915 7923 7931 7939 7947 7955 7963 7971 7979 7987 7995 8003 8011 8019 8027 8035 8043 8051 8059 8067 8075 8083 8091 8099 8107 8115 8123 8131 8139 8147 8155 8163 8171 8179 8187 8195 8203 8211 8219 8227 8235 8243 8251 8259 8267 8275 8283 8291 8299 8307 8315 8323 8331 8339 8347 8355 8363 8371 8379 8387 8395 8403 8411 8419 8427 8435 8443 8451 8459 8467 8475 8483 8491 8499 8507 8515 8523 8531 8539 8547 8555 8563 8571 8579 8587 8595 8603 8611 8619 8627 8635 8643 8651 8659 8667 8675 8683 8691 8699 8707 8715 8723 8731 8739 8747 8755 8763 8771 8779 8787 8795 8803 8811 8819 8827 8835 8843 8851 8859 8867 8875 8883 8891 8899 8907 8915 8923 8931 8939 8947 8955 8963 8971 8979 8987 8995 9003 9011 9019 9027 9035 9043 9051 9059 9067 9075 9083 9091 9099 9107 9115 9123 9131 9139 9147 9155 9163 9171 9179 9187 9195 9203 9211 9219 9227 9235 9243 9251 9259 9267 9275 9283 9291 9299 9307 9315 9323 9331 9339 9347 9355 9363 9371 9379 9387 9395 9403 9411 9419 9427 9435 9443 9451 9459 9467 9475 9483 9491 9499 9507 9515 9523 9531 9539 9547 9555 9563 9571 9579 9587 9595 9603 9611 9619 9627 9635 9643 9651 9659 9667 9675 9683 9691 9699 9707 9715 9723 9731 9739 9747 9755 9763 9771 9779 9787 9795 9803 9811 9819 9827 9835 9843 9851 9859 9867 9875 9883 9891 9899 9907 9915 9923 9931 9939 9947 9955 9963 9971 9979 9987 9995 10003 10011 10019 10027 10035 10043 10051 10059 10067 10075 10083 10091 10099 10107 10115 10123 10131 10139 10147 10155 10163 10171 10179 10187 10195 10203 10211 10219 10227 10235 10243 10251 10259 10267 10275 10283 10291 10299 10307 10315 10323 10331 10339 10347 10355 10363 10371 10379 10387 10395 10403 10411 10419 10427 10435 10443 10451 10459 10467 10475 10483 10491 10499 10507 10515 10523 10531 10539 10547 10555 10563 10571 10579 10587 10595 10603 10611 10619 10627 10635 10643 10651 10659 10667 10675 10683 10691 10699 10707 10715 10723 10731 10739 10747 10755 10763 10771 10779 10787 10795 10803 10811 10819 10827 10835 10843 10851 10859 10867 10875 10883 10891 10899 10907 10915 10923 10931 10939 10947 10955 10963 10971 10979 10987 10995 11003 11011 11019 11027 11035 11043 11051 11059 11067 11075 11083 11091 11099 11107 11115 11123 11131 11139 11147 11155 11163 11171 11179 11187 11195 11203 11211 11219 11227 11235 11243 11251 11259 11267 11275 11283 11291 11299 11307 11315 11323 11331 11339 11347 11355 11363 11371 11379 11387 11395 11403 11411 11419 11427 11435 11443 11451 11459 11467 11475 11483 11491 11499 11507 11515 11523 11531 11539 11547 11555 11563 11571 11579 11587 11595 11603 11611 11619 11627 11635 11643 11651 11659 11667 11675 11683 11691 11699 11707 11715 11723 11731 11739 11747 11755 11763 11771 11779 11787 11795 11803 11811 11819 11827 11835 11843 11851 11859 11867 11875 11883 11891 11899 11907 11915 11923 11931 11939 11947 11955 11963 11971 11979 11987 11995 12003 12011 12019 12027 12035 12043 12051 12059 12067 12075 12083 12091 12099 12107 12115 12123 12131 12139 12147 12155 12163 12171 12179 12187 12195 12203 12211 12219 12227 12235 12243 12251 12259 12267 12275 12283 12291 12299 12307 12315 12323 12331 12339 12347 12355 12363 12371 12379 12387 12395 12403 12411 12419 12427 12435 12443 12451 12459 12467 12475 12483 12491 12499 12507 12515 12523 12531 12539 12547 12555 12563 12571 12579 12587 12595 12603 12611 12619 12627 12635 12643 12651 12659 12667 12675 12683 12691 12699 12707 12715 12723 12731 12739 12747 12755 12763 12771 12779 12787 12795 12803 12811 12819 12827 12835 12843 12851 12859 12867 12875 12883 12891 12899 12907 12915 12923 12931 12939 12947 12955 12963 12971 12979 12987 12995 13003 13011 13019 13027 13035 13043 13051 13059 13067 13075 13083 13091 13099 13107 13115 13123 13131 13139 13147 13155 13163 13171 13179 13187 13195 13203 13211 13219 13227 13235 13243 13251 13259 13267 13275 13283 13291 13299 13307 13315 13323 13331 13339 13347 13355 13363 13371 13379 13387 13395 13403 13411 13419 13427 13435 13443 13451 13459 13467 13475 13483 13491 13499 13507 13515 13523 13531 13539 13547 13555 13563 13571 13579 13587 13595 13603 13611 13619 13627 13635 13643 13651 13659 13667 13675 13683 13691 13699 13707 13715 13723 13731 13739 13747 13755 13763 13771 13779 13787 13795 13803 13811 13819 13827 13835 13843 13851 13859 13867 13875 13883 13891 13899 13907 13915 13923 13931 13939 13947 13955 13963 13971 13979 13987 13995 14003 14011 14019 14027 14035 14043 14051 14059 14067 14075 14083 14091 14099 14107 14115 14123 14131 14139 14147 14155 14163 14171 14179 14187 14195 14203 14211 14219 14227 14235 14243 14251 14259 14267 14275 14283 14291 14299 14307 14315 14323 14331 14339 14347 14355 14363 14371 14379 14387 14395 14403 14411 14419 14427 14435 14443 14451 14459 14467 14475 14483 14491 14499 14507 14515 14523 14531 14539 14547 14555 14563 14571 14579 14587 14595 14603 14611 14619 14627 14635 14643 14651 14659 14667 14675 14683 14691 14699 14707 14715 14723 14731 14739 14747 14755 14763 14771 14779 14787 14795 14803 14811 14819 14827 14835 14843 14851 14859 14867 14875 14883 14891 14899 14907 14915 14923 14931 14939 14947 14955 14963 14971 14979 14987 14995 15003 15011 15019 15027 15035 15043 15051 15059 15067 15075 15083 15091 15099 15107 15115 15123 15131 15139 15147 15155 15163 15171 15179 15187 15195 15203 15211 15219 15227 15235 15243 15251 15259 15267 15275 15283 15291 15299 15307 15315 15323 15331 15339 15347 15355 15363 15371 15379 15387 15395 15403 15411 15419 15427 15435 15443 15451 15459 15467 15475 15483 15491 15499 15507 15515 15523 15531 15539 15547 15555 15563 15571 15579 15587 15595 15603 15611 15619 15627 15635 15643 15651 15659 15667 15675 15683 15691 15699 15707 15715 15723 15731 15739 15747 15755 15763 15771 15779 15787 15795 15803 15811 15819 15827 15835 15843 15851 15859 15867 15875 15883 15891 15899 15907 15915 15923 15931 15939 15947 15955 15963 15971 15979 15987 15995 16003 16011 16019 16027 16035 16043 16051 16059 16067 16075 16083 16091 16099 16107 16115 16123 16131 16139 16147 16155 16163 16171 16179 16187 16195 16203 16211 16219 16227 16235 16243 16251 16259 16267 16275 16283 16291 16299 16307 16315 16323 16331 16339 16347 16355 16363 16371 16379 16387 16395 16403 16411 16419 16427 16435 16443 16451 16459 16467 16475 16483 16491 16499 16507 16515 16523 16531 16539 16547 16555 16563 16571 16579 16587 16595 16603 16611 16619 16627 16635 16643 16651 16659 16667 16675 16683 16691 16699 16707 16715 16723 16731 16739 16747 16755 16763 16771 16779 16787 16795 16803 16811 16819 16827 16835 16843 16851 16859 16867 16875 16883 16891 16899 16907 16915 16923 16931 16939 16947 16955 16963 16971 16979 16987 16995 17003 17011 17019 17027 17035 17043 17051 17059 17067 17075 17083 17091 17099 17107 17115 17123 17131 17139 17147 17155 17163 17171 17179 17187 17195 17203 17211 17219 17227 17235 17243 17251 17259 17267 17275 17283 17291 17299 17307 17315 17323 17331 17339 17347 17355 17363 17371 17379 17387 17395 17403 17411 17419 17427 17435 17443 17451 17459 17467 17475 17483 17491 17499 17507 17515 17523 17531 17539 17547 17555 17563 17571 17579 17587 17595 17603 17611 17619 17627 17635 17643 17651 17659 17667 17675 17683 17691 17699 17707 17715 17723 17731 17739 17747 17755 17763 17771 17779 17787 17795 17803 17811 17819 17827 17835 17843 17851 17859 17867 17875 17883 17891 17899 17907 17915 17923 17931 17939 17947 17955 17963 17971 17979 17987 17995 18003 18011 18019 18027 18035 18043 18051 18059 18067 18075 18083 18091 18099 18107 18115 18123 18131 18139 18147 18155 18163 18171 18179 18187 18195 18203 18211 18219 18227 18235 18243 18251 18259 18267 18275 18283 18291 18299 18307 18315 18323 18331 18339 18347 18355 18363 18371 18379 18387 18395 18403 18411 18419 18427 18435 18443 18451 18459 18467 18475 18483 18491 18499 18507 18515 18523 18531 18539 18547 18555 18563 18571 18579 18587 18595 18603 18611 18619 18627 18635 18643 18651 18659 18667 18675 18683 18691 18699 18707 18715 18723 18731 18739 18747 18755 18763 18771 18779 18787 18795 18803 18811 18819 18827 18835 18843 18851 18859 18867 18875 18883 18891 18899 18907 18915 18923 18931 18939 18947 18955 18963 18971 18979 18987 18995 19003 19011 19019 19027 19035 19043 19051 19059 19067 19075 19083 19091 19099 19107 19115 19123 19131 19139 19147 19155 19163 19171 19179 19187 19195 19203 19211 19219 19227 19235 19243 19251 19259 19267 19275 19283 19291 19299 19307 19315 19323 19331 19339 19347 19355 19363 19371 19379 19387 19395 19403 19411 19419 19427 19435 19443 19451 19459 19467 19475 19483 19491 19499 19507 19515 19523 19531 19539 19547 19555 19563 19571 19579 19587 19595 19603 19611 19619 19627 19635 19643 19651 19659 19667 19675 19683 19691 19699 19707 19715 19723 19731 19739 19747 19755 19763 19771 19779 19787 19795 19803 19811 19819 19827 19835 19843 19851 19859 19867 19875 19883 19891 19899 19907 19915 19923 19931 19939 19947 19955 19963 19971 19979 19987 19995 20003 20011 20019 20027 20035 20043 20051 20059 20067 20075 20083 20091 20099 20107 20115 20123 20131 20139 20147 20155 20163 20171 20179 20187 20195 20203 20211 20219 20227 20235 20243 20251 20259 20267 20275 20283 20291 20299 20307 20315 20323 20331 20339 20347 20355 20363 20371 20379 20387 20395 20403 20411 20419 20427 20435 20443 20451 20459 20467 20475 20483 20491 20499 20507 20515 20523 20531 20539 20547 20555 20563 20571 20579 20587 20595 20603 20611 20619 20627 20635 20643 20651 20659 20667 20675 20683 20691 20699 20707 20715 20723 20731 20739 20747 20755 20763 20771 20779 20787 20795 20803 20811 20819 20827 20835 20843 20851 20859 20867 20875 20883 20891 20899 20907 20915 20923 20931 20939 20947 20955 20963 20971 20979 20987 20995 21003 21011 21019 21027 21035 21043 21051 21059 21067 21075 21083 21091 21099 21107 21115 21123 21131 21139 21147 21155 21163 21171 21179 21187 21195 21203 21211 21219 21227 21235 21243 21251 21259 21267 21275 21283 21291 21299 21307 21315 21323 21331 21339 21347 21355 21363 21371 21379 21387 21395 21403 21411 21419 21427 21435 21443 21451 21459 21467 21475 21483 21491 21499 21507 21515 21523 21531 21539 21547 21555 21563 21571 21579 21587 21595 21603 21611 21619 21627 21635 21643 21651 21659 21667 21675 21683 21691 21699 21707 21715 21723 21731 21739 21747 21755 21763 21771 21779 21787 21795 21803 21811 21819 21827 21835 21843 21851 21859 21867 21875 21883 21891 21899 21907 21915 21923 21931 21939 21947 21955 21963 21971 21979 21987 21995 22003 22011 22019 22027 22035 22043 22051 22059 22067 22075 22083 22091 22099 22107 22115 22123 22131 22139 22147 22155 22163 22171 22179 22187 22195 22203 22211 22219 22227 22235 22243 22251 22259 22267 22275 22283 22291 22299 22307 22315 22323 22331 22339 22347 22355 22363 22371 22379 22387 22395 22403 22411 22419 22427 22435 22443 22451 22459 22467 22475 22483 22491 22499 22507 22515 22523 22531 22539 22547 22555 22563 22571 22579 22587 22595 22603 22611 22619 22627 22635 22643 22651 22659 22667 22675 22683 22691 22699 22707 22715 22723 22731 22739 22747 22755 22763 22771 22779 22787 22795 22803 22811 22819 22827 22835 22843 22851 22859 22867 22875 22883 22891 22899 22907 22915 22923 22931 22939 22947 22955 22963 22971 22979 22987 22995 23003 23011 23019 23027 23035 23043 23051 23059 23067 23075 23083 23091 23099 23107 23115 23123 23131 23139 23147 23155 23163 23171 23179 23187 23195 23203 23211 23219 23227 23235 23243 23251 23259 23267 23275 23283 23291 23299 23307 23315 23323 23331 23339 23347 23355 23363 23371 23379 23387 23395 23403 23411 23419 23427 23435 23443 23451 23459 23467 23475 23483 23491 23499 23507 23515 23523 23531 23539 23547 23555 23563 23571 23579 23587 23595 23603 23611 23619 23627 23635 23643 23651 23659 23667 23675 23683 23691 23699 23707 23715 23723 23731 23739 23747 23755 23763 23771 23779 23787 23795 23803 23811 23819 23827 23835 23843 23851 23859 23867 23875 23883 23891 23899 23907 23915 23923 23931 23939 23947 23955 23963 23971 23979 23987 23995 24003 24011 24019 24027 24035 24043 24051 24059 24067 24075 24083 24091 24099 24107 24115 24123 24131 24139 24147 24155 24163 24171 24179 24187 24195 24203 24211 24219 24227 24235 24243 24251 24259 24267 24275 24283 24291 24299 24307 24315 24323 24331 24339 24347 24355 24363 24371 24379 24387 24395 24403 24411 24419 24427 24435 24443 24451 24459 24467 24475 24483 24491 24499 24507 24515 24523 24531 24539 24547 24555 24563 24571 24579 24587 24595 24603 24611 24619 24627 24635 24643 24651 24659 24667 24675 24683 24691 24699 24707 24715 24723 24731 24739 24747 24755 24763 24771 24779 24787 24795 24803 24811 24819 24827 24835 24843 24851 24859 24867 24875 24883 24891 24899 24907 24915 24923 24931 24939 24947 24955 24963 24971 24979 24987 24995 25003 25011 25019 25027 25035 25043 25051 25059 25067 25075 25083 25091 25099 25107 25115 25123 25131 25139 25147 25155 25163 25171 25179 25187 25195 25203 25211 25219 25227 25235 25243 25251 25259 25267 25275 25283 25291 25299 25307 25315 25323 25331 25339 25347 25355 25363 25371 25379 25387 25395 25403 25411 25419 25427 25435 25443 25451 25459 25467 25475 25483 25491 25499 25507 25515 25523 25531 25539 25547 25555 25563 25571 25579 25587 25595 25603 25611 25619 25627 25635 25643 25651 25659 25667 25675 25683 25691 25699 25707 25715 25723 25731 25739 25747 25755 25763 25771 25779 25787 25795 25803 25811 25819 25827 25835 25843 25851 25859 25867 25875 25883 25891 25899 25907 25915 25923 25931 25939 25947 25955 25963 25971 25979 25987 25995 26003 26011 26019 26027 26035 26043 26051 26059 26067 26075 26083 26091 26099 26107 26115 26123 26131 26139 26147 26155 26163 26171 26179 26187 26195 26203 26211 26219 26227 26235 26243 26251 26259 26267 26275 26283 26291 26299 26307 26315 26323 26331 26339 26347 26355 26363 26371 26379 26387 26395 26403 26411 26419 26427 26435 26443 26451 26459 26467 26475 26483 26491 26499 26507 26515 26523 26531 26539 26547 26555 26563 26571 26579 26587 26595 26603 26611 26619 26627 26635 26643 26651 26659 26667 26675 26683 26691 26699 26707 26715 26723 26731 26739 26747 26755 26763 26771 26779 26787 26795 26803 26811 26819 26827 26835 26843 26851 26859 26867 26875 26883 26891 26899 26907 26915 26923 26931 26939 26947 26955 26963 26971 26979 26987 26995 27003 27011 27019 27027 27035 27043 27051 27059 27067 27075 27083 27091 27099 27107 27115 27123 27131 27139 27147 27155 27163 27171 27179 27187 27195 27203 27211 27219 27227 27235 27243 27251 27259 27267 27275 27283 27291 27299 27307 27315 27323 27331 27339 27347 27355 27363 27371 27379 27387 27395 27403 27411 27419 27427 27435 27443 27451 27459 27467 27475 27483 27491 27499 27507 27515 27523 27531 27539 27547 27555 27563 27571 27579 27587 27595 27603 27611 27619 27627 27635 27643 27651 27659 27667 27675 27683 27691 27699 27707 27715 27723 27731 27739 27747 27755 27763 27771 27779 27787 27795 27803 27811 27819 27827 27835 27843 27851 27859 27867 27875 27883 27891 27899 27907 27915 27923 27931 27939 27947 27955 27963 27971 27979 27987 27995 28003 28011 28019 28027 28035 28043 28051 28059 28067 28075 28083 28091 28099 28107 28115 28123 28131 28139 28147 28155 28163 28171 28179 28187 28195 28203 28211 28219 28227 28235 28243 28251 28259 28267 28275 28283 28291 28299 28307 28315 28323 28331 28339 28347 28355 28363 28371 28379 28387 28395 28403 28411 28419 28427 28435 28443 28451 28459 28467 28475 28483 28491 28499 28507 28515 28523 28531 28539 28547 28555 28563 28571 28579 28587 28595 28603 28611 28619 28627 28635 28643 28651 28659 28667 28675 28683 28691 28699 28707 28715 28723 28731 28739 28747 28755 28763 28771 28779 28787 28795 28803 28811 28819 28827 28835 28843 28851 28859 28867 28875 28883 28891 28899 28907 28915 28923 28931 28939 28947 28955 28963 28971 28979 28987 28995 29003 29011 29019 29027 29035 29043 29051 29059 29067 29075 29083 29091 29099 29107 29115 29123 29131 29139 29147 29155 29163 29171 29179 29187 29195 29203 29211 29219 29227 29235 29243 29251 29259 29267 29275 29283 29291 29299 29307 29315 29323 29331 29339 29347 29355 29363 29371 29379 29387 29395 29403 29411 29419 29427 29435 29443 29451 29459 29467 29475 29483 29491 29499 29507 29515 29523 29531 29539 29547 29555 29563 29571 29579 29587 29595 29603 29611 29619 29627 29635 29643 29651 29659 29667 29675 29683 29691 29699 29707 29715 29723 29731 29739 29747 29755 29763 29771 29779 
</correct>
      <stderr size="0"></stderr>
      <checker size="3">OK
</checker>
    </test>
    <test num="11" status="OK" time="15" real-time="17" max-memory-used="307200"  checker-comment="OK" >
  <program-stats-str>{ utime=15, stime=0, ptime=15, rtime=17, maxvsz=307200, maxrss=5386240, nvcsw=1, nivcsw=4 }</program-stats-str>
  <checker-stats-str>{ utime=0, stime=1, ptime=1, rtime=2, maxvsz=307200, maxrss=2387968, nvcsw=1, nivcsw=1 }</checker-stats-str>
      <input size="12">6
6730
9
10
</input>
      <output size="3254">9
19
29
39
49
59
69
79
89
99
109
119
129
139
149
159
169
179
189
199
209
219
229
239
249
259
269
279
289
299
309
319
329
339
349
359
369
379
389
399
409
419
429
439
449
459
469
479
489
499
509
519
529
539
549
559
569
579
589
599
609
619
629
639
649
659
669
679
689
699
709
719
729
739
749
759
769
779
789
799
809
819
829
839
849
859
869
879
889
899
909
919
929
939
949
959
969
979
989
999
1009
1019
1029
1039
1049
1059
1069
1079
1089
1099
1109
1119
1129
1139
1149
1159
1169
1179
1189
1199
1209
1219
1229
1239
1249
1259
1269
1279
1289
1299
1309
1319
1329
1339
1349
1359
1369
1379
1389
1399
1409
1419
1429
1439
1449
1459
1469
1479
1489
1499
1509
1519
1529
1539
1549
1559
1569
1579
1589
1599
1609
1619
1629
1639
1649
1659
1669
1679
1689
1699
1709
1719
1729
1739
1749
1759
1769
1779
1789
1799
1809
1819
1829
1839
1849
1859
1869
1879
1889
1899
1909
1919
1929
1939
1949
1959
1969
1979
1989
1999
2009
2019
2029
2039
2049
2059
2069
2079
2089
2099
2109
2119
2129
2139
2149
2159
2169
2179
2189
2199
2209
2219
2229
2239
2249
2259
2269
2279
2289
2299
2309
2319
2329
2339
2349
2359
2369
2379
2389
2399
2409
2419
2429
2439
2449
2459
2469
2479
2489
2499
2509
2519
2529
2539
2549
2559
2569
2579
2589
2599
2609
2619
2629
2639
2649
2659
2669
2679
2689
2699
2709
2719
2729
2739
2749
2759
2769
2779
2789
2799
2809
2819
2829
2839
2849
2859
2869
2879
2889
2899
2909
2919
2929
2939
2949
2959
2969
2979
2989
2999
3009
3019
3029
3039
3049
3059
3069
3079
3089
3099
3109
3119
3129
3139
3149
3159
3169
3179
3189
3199
3209
3219
3229
3239
3249
3259
3269
3279
3289
3299
3309
3319
3329
3339
3349
3359
3369
3379
3389
3399
3409
3419
3429
3439
3449
3459
3469
3479
3489
3499
3509
3519
3529
3539
3549
3559
3569
3579
3589
3599
3609
3619
3629
3639
3649
3659
3669
3679
3689
3699
3709
3719
3729
3739
3749
3759
3769
3779
3789
3799
3809
3819
3829
3839
3849
3859
3869
3879
3889
3899
3909
3919
3929
3939
3949
3959
3969
3979
3989
3999
4009
4019
4029
4039
4049
4059
4069
4079
4089
4099
4109
4119
4129
4139
4149
4159
4169
4179
4189
4199
4209
4219
4229
4239
4249
4259
4269
4279
4289
4299
4309
4319
4329
4339
4349
4359
4369
4379
4389
4399
4409
4419
4429
4439
4449
4459
4469
4479
4489
4499
4509
4519
4529
4539
4549
4559
4569
4579
4589
4599
4609
4619
4629
4639
4649
4659
4669
4679
4689
4699
4709
4719
4729
4739
4749
4759
4769
4779
4789
4799
4809
4819
4829
4839
4849
4859
4869
4879
4889
4899
4909
4919
4929
4939
4949
4959
4969
4979
4989
4999
5009
5019
5029
5039
5049
5059
5069
5079
5089
5099
5109
5119
5129
5139
5149
5159
5169
5179
5189
5199
5209
5219
5229
5239
5249
5259
5269
5279
5289
5299
5309
5319
5329
5339
5349
5359
5369
5379
5389
5399
5409
5419
5429
5439
5449
5459
5469
5479
5489
5499
5509
5519
5529
5539
5549
5559
5569
5579
5589
5599
5609
5619
5629
5639
5649
5659
5669
5679
5689
5699
5709
5719
5729
5739
5749
5759
5769
5779
5789
5799
5809
5819
5829
5839
5849
5859
5869
5879
5889
5899
5909
5919
5929
5939
5949
5959
5969
5979
5989
5999
6009
6019
6029
6039
6049
6059
6069
6079
6089
6099
6109
6119
6129
6139
6149
6159
6169
6179
6189
6199
6209
6219
6229
6239
6249
6259
6269
6279
6289
6299
6309
6319
6329
6339
6349
6359
6369
6379
6389
6399
6409
6419
6429
6439
6449
6459
6469
6479
6489
6499
6509
6519
6529
6539
6549
6559
6569
6579
6589
6599
6609
6619
6629
6639
6649
6659
6669
6679
6689
6699
6709
6719
6729
</output>
      <correct size="3255">9 19 29 39 49 59 69 79 89 99 109 119 129 139 149 159 169 179 189 199 209 219 229 239 249 259 269 279 289 299 309 319 329 339 349 359 369 379 389 399 409 419 429 439 449 459 469 479 489 499 509 519 529 539 549 559 569 579 589 599 609 619 629 639 649 659 669 679 689 699 709 719 729 739 749 759 769 779 789 799 809 819 829 839 849 859 869 879 889 899 909 919 929 939 949 959 969 979 989 999 1009 1019 1029 1039 1049 1059 1069 1079 1089 1099 1109 1119 1129 1139 1149 1159 1169 1179 1189 1199 1209 1219 1229 1239 1249 1259 1269 1279 1289 1299 1309 1319 1329 1339 1349 1359 1369 1379 1389 1399 1409 1419 1429 1439 1449 1459 1469 1479 1489 1499 1509 1519 1529 1539 1549 1559 1569 1579 1589 1599 1609 1619 1629 1639 1649 1659 1669 1679 1689 1699 1709 1719 1729 1739 1749 1759 1769 1779 1789 1799 1809 1819 1829 1839 1849 1859 1869 1879 1889 1899 1909 1919 1929 1939 1949 1959 1969 1979 1989 1999 2009 2019 2029 2039 2049 2059 2069 2079 2089 2099 2109 2119 2129 2139 2149 2159 2169 2179 2189 2199 2209 2219 2229 2239 2249 2259 2269 2279 2289 2299 2309 2319 2329 2339 2349 2359 2369 2379 2389 2399 2409 2419 2429 2439 2449 2459 2469 2479 2489 2499 2509 2519 2529 2539 2549 2559 2569 2579 2589 2599 2609 2619 2629 2639 2649 2659 2669 2679 2689 2699 2709 2719 2729 2739 2749 2759 2769 2779 2789 2799 2809 2819 2829 2839 2849 2859 2869 2879 2889 2899 2909 2919 2929 2939 2949 2959 2969 2979 2989 2999 3009 3019 3029 3039 3049 3059 3069 3079 3089 3099 3109 3119 3129 3139 3149 3159 3169 3179 3189 3199 3209 3219 3229 3239 3249 3259 3269 3279 3289 3299 3309 3319 3329 3339 3349 3359 3369 3379 3389 3399 3409 3419 3429 3439 3449 3459 3469 3479 3489 3499 3509 3519 3529 3539 3549 3559 3569 3579 3589 3599 3609 3619 3629 3639 3649 3659 3669 3679 3689 3699 3709 3719 3729 3739 3749 3759 3769 3779 3789 3799 3809 3819 3829 3839 3849 3859 3869 3879 3889 3899 3909 3919 3929 3939 3949 3959 3969 3979 3989 3999 4009 4019 4029 4039 4049 4059 4069 4079 4089 4099 4109 4119 4129 4139 4149 4159 4169 4179 4189 4199 4209 4219 4229 4239 4249 4259 4269 4279 4289 4299 4309 4319 4329 4339 4349 4359 4369 4379 4389 4399 4409 4419 4429 4439 4449 4459 4469 4479 4489 4499 4509 4519 4529 4539 4549 4559 4569 4579 4589 4599 4609 4619 4629 4639 4649 4659 4669 4679 4689 4699 4709 4719 4729 4739 4749 4759 4769 4779 4789 4799 4809 4819 4829 4839 4849 4859 4869 4879 4889 4899 4909 4919 4929 4939 4949 4959 4969 4979 4989 4999 5009 5019 5029 5039 5049 5059 5069 5079 5089 5099 5109 5119 5129 5139 5149 5159 5169 5179 5189 5199 5209 5219 5229 5239 5249 5259 5269 5279 5289 5299 5309 5319 5329 5339 5349 5359 5369 5379 5389 5399 5409 5419 5429 5439 5449 5459 5469 5479 5489 5499 5509 5519 5529 5539 5549 5559 5569 5579 5589 5599 5609 5619 5629 5639 5649 5659 5669 5679 5689 5699 5709 5719 5729 5739 5749 5759 5769 5779 5789 5799 5809 5819 5829 5839 5849 5859 5869 5879 5889 5899 5909 5919 5929 5939 5949 5959 5969 5979 5989 5999 6009 6019 6029 6039 6049 6059 6069 6079 6089 6099 6109 6119 6129 6139 6149 6159 6169 6179 6189 6199 6209 6219 6229 6239 6249 6259 6269 6279 6289 6299 6309 6319 6329 6339 6349 6359 6369 6379 6389 6399 6409 6419 6429 6439 6449 6459 6469 6479 6489 6499 6509 6519 6529 6539 6549 6559 6569 6579 6589 6599 6609 6619 6629 6639 6649 6659 6669 6679 6689 6699 6709 6719 6729 
</correct>
      <stderr size="0"></stderr>
      <checker size="3">OK
</checker>
    </test>
    <test num="12" status="OK" time="17" real-time="19" max-memory-used="307200"  checker-comment="OK" >
  <program-stats-str>{ utime=15, stime=2, ptime=17, rtime=19, maxvsz=307200, maxrss=5197824, nvcsw=1, nivcsw=5 }</program-stats-str>
  <checker-stats-str>{ utime=0, stime=1, ptime=1, rtime=2, maxvsz=307200, maxrss=2387968, nvcsw=1, nivcsw=1 }</checker-stats-str>
      <input size="15">8793
19756
0
5
</input>
      <output size="12917">8795
8800
8805
8810
8815
8820
8825
8830
8835
8840
8845
8850
8855
8860
8865
8870
8875
8880
8885
8890
8895
8900
8905
8910
8915
8920
8925
8930
8935
8940
8945
8950
8955
8960
8965
8970
8975
8980
8985
8990
8995
9000
9005
9010
9015
9020
9025
9030
9035
9040
9045
9050
9055
9060
9065
9070
9075
9080
9085
9090
9095
9100
9105
9110
9115
9120
9125
9130
9135
9140
9145
9150
9155
9160
9165
9170
9175
9180
9185
9190
9195
9200
9205
9210
9215
9220
9225
9230
9235
9240
9245
9250
9255
9260
9265
9270
9275
9280
9285
9290
9295
9300
9305
9310
9315
9320
9325
9330
9335
9340
9345
9350
9355
9360
9365
9370
9375
9380
9385
9390
9395
9400
9405
9410
9415
9420
9425
9430
9435
9440
9445
9450
9455
9460
9465
9470
9475
9480
9485
9490
9495
9500
9505
9510
9515
9520
9525
9530
9535
9540
9545
9550
9555
9560
9565
9570
9575
9580
9585
9590
9595
9600
9605
9610
9615
9620
9625
9630
9635
9640
9645
9650
9655
9660
9665
9670
9675
9680
9685
9690
9695
9700
9705
9710
9715
9720
9725
9730
9735
9740
9745
9750
9755
9760
9765
9770
9775
9780
9785
9790
9795
9800
9805
9810
9815
9820
9825
9830
9835
9840
9845
9850
9855
9860
9865
9870
9875
9880
9885
9890
9895
9900
9905
9910
9915
9920
9925
9930
9935
9940
9945
9950
9955
9960
9965
9970
9975
9980
9985
9990
9995
10000
10005
10010
10015
10020
10025
10030
10035
10040
10045
10050
10055
10060
10065
10070
10075
10080
10085
10090
10095
10100
10105
10110
10115
10120
10125
10130
10135
10140
10145
10150
10155
10160
10165
10170
10175
10180
10185
10190
10195
10200
10205
10210
10215
10220
10225
10230
10235
10240
10245
10250
10255
10260
10265
10270
10275
10280
10285
10290
10295
10300
10305
10310
10315
10320
10325
10330
10335
10340
10345
10350
10355
10360
10365
10370
10375
10380
10385
10390
10395
10400
10405
10410
10415
10420
10425
10430
10435
10440
10445
10450
10455
10460
10465
10470
10475
10480
10485
10490
10495
10500
10505
10510
10515
10520
10525
10530
10535
10540
10545
10550
10555
10560
10565
10570
10575
10580
10585
10590
10595
10600
10605
10610
10615
10620
10625
10630
10635
10640
10645
10650
10655
10660
10665
10670
10675
10680
10685
10690
10695
10700
10705
10710
10715
10720
10725
10730
10735
10740
10745
10750
10755
10760
10765
10770
10775
10780
10785
10790
10795
10800
10805
10810
10815
10820
10825
10830
10835
10840
10845
10850
10855
10860
10865
10870
10875
10880
10885
10890
10895
10900
10905
10910
10915
10920
10925
10930
10935
10940
10945
10950
10955
10960
10965
10970
10975
10980
10985
10990
10995
11000
11005
11010
11015
11020
11025
11030
11035
11040
11045
11050
11055
11060
11065
11070
11075
11080
11085
11090
11095
11100
11105
11110
11115
11120
11125
11130
11135
11140
11145
11150
11155
11160
11165
11170
11175
11180
11185
11190
11195
11200
11205
11210
11215
11220
11225
11230
11235
11240
11245
11250
11255
11260
11265
11270
11275
11280
11285
11290
11295
11300
11305
11310
11315
11320
11325
11330
11335
11340
11345
11350
11355
11360
11365
11370
11375
11380
11385
11390
11395
11400
11405
11410
11415
11420
11425
11430
11435
11440
11445
11450
11455
11460
11465
11470
11475
11480
11485
11490
11495
11500
11505
11510
11515
11520
11525
11530
11535
11540
11545
11550
11555
11560
11565
11570
11575
11580
11585
11590
11595
11600
11605
11610
11615
11620
11625
11630
11635
11640
11645
11650
11655
11660
11665
11670
11675
11680
11685
11690
11695
11700
11705
11710
11715
11720
11725
11730
11735
11740
11745
11750
11755
11760
11765
11770
11775
11780
11785
11790
11795
11800
11805
11810
11815
11820
11825
11830
11835
11840
11845
11850
11855
11860
11865
11870
11875
11880
11885
11890
11895
11900
11905
11910
11915
11920
11925
11930
11935
11940
11945
11950
11955
11960
11965
11970
11975
11980
11985
11990
11995
12000
12005
12010
12015
12020
12025
12030
12035
12040
12045
12050
12055
12060
12065
12070
12075
12080
12085
12090
12095
12100
12105
12110
12115
12120
12125
12130
12135
12140
12145
12150
12155
12160
12165
12170
12175
12180
12185
12190
12195
12200
12205
12210
12215
12220
12225
12230
12235
12240
12245
12250
12255
12260
12265
12270
12275
12280
12285
12290
12295
12300
12305
12310
12315
12320
12325
12330
12335
12340
12345
12350
12355
12360
12365
12370
12375
12380
12385
12390
12395
12400
12405
12410
12415
12420
12425
12430
12435
12440
12445
12450
12455
12460
12465
12470
12475
12480
12485
12490
12495
12500
12505
12510
12515
12520
12525
12530
12535
12540
12545
12550
12555
12560
12565
12570
12575
12580
12585
12590
12595
12600
12605
12610
12615
12620
12625
12630
12635
12640
12645
12650
12655
12660
12665
12670
12675
12680
12685
12690
12695
12700
12705
12710
12715
12720
12725
12730
12735
12740
12745
12750
12755
12760
12765
12770
12775
12780
12785
12790
12795
12800
12805
12810
12815
12820
12825
12830
12835
12840
12845
12850
12855
12860
12865
12870
12875
12880
12885
12890
12895
12900
12905
12910
12915
12920
12925
12930
12935
12940
12945
12950
12955
12960
12965
12970
12975
12980
12985
12990
12995
13000
13005
13010
13015
13020
13025
13030
13035
13040
13045
13050
13055
13060
13065
13070
13075
13080
13085
13090
13095
13100
13105
13110
13115
13120
13125
13130
13135
13140
13145
13150
13155
13160
13165
13170
13175
13180
13185
13190
13195
13200
13205
13210
13215
13220
13225
13230
13235
13240
13245
13250
13255
13260
13265
13270
13275
13280
13285
13290
13295
13300
13305
13310
13315
13320
13325
13330
13335
13340
13345
13350
13355
13360
13365
13370
13375
13380
13385
13390
13395
13400
13405
13410
13415
13420
13425
13430
13435
13440
13445
13450
13455
13460
13465
13470
13475
13480
13485
13490
13495
13500
13505
13510
13515
13520
13525
13530
13535
13540
13545
13550
13555
13560
13565
13570
13575
13580
13585
13590
13595
13600
13605
13610
13615
13620
13625
13630
13635
13640
13645
13650
13655
13660
13665
13670
13675
13680
13685
13690
13695
13700
13705
13710
13715
13720
13725
13730
13735
13740
13745
13750
13755
13760
13765
13770
13775
13780
13785
13790
13795
13800
13805
13810
13815
13820
13825
13830
13835
13840
13845
13850
13855
13860
13865
13870
13875
13880
13885
13890
13895
13900
13905
13910
13915
13920
13925
13930
13935
13940
13945
13950
13955
13960
13965
13970
13975
13980
13985
13990
13995
14000
14005
14010
14015
14020
14025
14030
14035
14040
14045
14050
14055
14060
14065
14070
14075
14080
14085
14090
14095
14100
14105
14110
14115
14120
14125
14130
14135
14140
14145
14150
14155
14160
14165
14170
14175
14180
14185
14190
14195
14200
14205
14210
14215
14220
14225
14230
14235
14240
14245
14250
14255
14260
14265
14270
14275
14280
14285
14290
14295
14300
14305
14310
14315
14320
14325
14330
14335
14340
14345
14350
14355
14360
14365
14370
14375
14380
14385
14390
14395
14400
14405
14410
14415
14420
14425
14430
14435
14440
14445
14450
14455
14460
14465
14470
14475
14480
14485
14490
14495
14500
14505
14510
14515
14520
14525
14530
14535
14540
14545
14550
14555
14560
14565
14570
14575
14580
14585
14590
14595
14600
14605
14610
14615
14620
14625
14630
14635
14640
14645
14650
14655
14660
14665
14670
14675
14680
14685
14690
14695
14700
14705
14710
14715
14720
14725
14730
14735
14740
14745
14750
14755
14760
14765
14770
14775
14780
14785
14790
14795
14800
14805
14810
14815
14820
14825
14830
14835
14840
14845
14850
14855
14860
14865
14870
14875
14880
14885
14890
14895
14900
14905
14910
14915
14920
14925
14930
14935
14940
14945
14950
14955
14960
14965
14970
14975
14980
14985
14990
14995
15000
15005
15010
15015
15020
15025
15030
15035
15040
15045
15050
15055
15060
15065
15070
15075
15080
15085
15090
15095
15100
15105
15110
15115
15120
15125
15130
15135
15140
15145
15150
15155
15160
15165
15170
15175
15180
15185
15190
15195
15200
15205
15210
15215
15220
15225
15230
15235
15240
15245
15250
15255
15260
15265
15270
15275
15280
15285
15290
15295
15300
15305
15310
15315
15320
15325
15330
15335
15340
15345
15350
15355
15360
15365
15370
15375
15380
15385
15390
15395
15400
15405
15410
15415
15420
15425
15430
15435
15440
15445
15450
15455
15460
15465
15470
15475
15480
15485
15490
15495
15500
15505
15510
15515
15520
15525
15530
15535
15540
15545
15550
15555
15560
15565
15570
15575
15580
15585
15590
15595
15600
15605
15610
15615
15620
15625
15630
15635
15640
15645
15650
15655
15660
15665
15670
15675
15680
15685
15690
15695
15700
15705
15710
15715
15720
15725
15730
15735
15740
15745
15750
15755
15760
15765
15770
15775
15780
15785
15790
15795
15800
15805
15810
15815
15820
15825
15830
15835
15840
15845
15850
15855
15860
15865
15870
15875
15880
15885
15890
15895
15900
15905
15910
15915
15920
15925
15930
15935
15940
15945
15950
15955
15960
15965
15970
15975
15980
15985
15990
15995
16000
16005
16010
16015
16020
16025
16030
16035
16040
16045
16050
16055
16060
16065
16070
16075
16080
16085
16090
16095
16100
16105
16110
16115
16120
16125
16130
16135
16140
16145
16150
16155
16160
16165
16170
16175
16180
16185
16190
16195
16200
16205
16210
16215
16220
16225
16230
16235
16240
16245
16250
16255
16260
16265
16270
16275
16280
16285
16290
16295
16300
16305
16310
16315
16320
16325
16330
16335
16340
16345
16350
16355
16360
16365
16370
16375
16380
16385
16390
16395
16400
16405
16410
16415
16420
16425
16430
16435
16440
16445
16450
16455
16460
16465
16470
16475
16480
16485
16490
16495
16500
16505
16510
16515
16520
16525
16530
16535
16540
16545
16550
16555
16560
16565
16570
16575
16580
16585
16590
16595
16600
16605
16610
16615
16620
16625
16630
16635
16640
16645
16650
16655
16660
16665
16670
16675
16680
16685
16690
16695
16700
16705
16710
16715
16720
16725
16730
16735
16740
16745
16750
16755
16760
16765
16770
16775
16780
16785
16790
16795
16800
16805
16810
16815
16820
16825
16830
16835
16840
16845
16850
16855
16860
16865
16870
16875
16880
16885
16890
16895
16900
16905
16910
16915
16920
16925
16930
16935
16940
16945
16950
16955
16960
16965
16970
16975
16980
16985
16990
16995
17000
17005
17010
17015
17020
17025
17030
17035
17040
17045
17050
17055
17060
17065
17070
17075
17080
17085
17090
17095
17100
17105
17110
17115
17120
17125
17130
17135
17140
17145
17150
17155
17160
17165
17170
17175
17180
17185
17190
17195
17200
17205
17210
17215
17220
17225
17230
17235
17240
17245
17250
17255
17260
17265
17270
17275
17280
17285
17290
17295
17300
17305
17310
17315
17320
17325
17330
17335
17340
17345
17350
17355
17360
17365
17370
17375
17380
17385
17390
17395
17400
17405
17410
17415
17420
17425
17430
17435
17440
17445
17450
17455
17460
17465
17470
17475
17480
17485
17490
17495
17500
17505
17510
17515
17520
17525
17530
17535
17540
17545
17550
17555
17560
17565
17570
17575
17580
17585
17590
17595
17600
17605
17610
17615
17620
17625
17630
17635
17640
17645
17650
17655
17660
17665
17670
17675
17680
17685
17690
17695
17700
17705
17710
17715
17720
17725
17730
17735
17740
17745
17750
17755
17760
17765
17770
17775
17780
17785
17790
17795
17800
17805
17810
17815
17820
17825
17830
17835
17840
17845
17850
17855
17860
17865
17870
17875
17880
17885
17890
17895
17900
17905
17910
17915
17920
17925
17930
17935
17940
17945
17950
17955
17960
17965
17970
17975
17980
17985
17990
17995
18000
18005
18010
18015
18020
18025
18030
18035
18040
18045
18050
18055
18060
18065
18070
18075
18080
18085
18090
18095
18100
18105
18110
18115
18120
18125
18130
18135
18140
18145
18150
18155
18160
18165
18170
18175
18180
18185
18190
18195
18200
18205
18210
18215
18220
18225
18230
18235
18240
18245
18250
18255
18260
18265
18270
18275
18280
18285
18290
18295
18300
18305
18310
18315
18320
18325
18330
18335
18340
18345
18350
18355
18360
18365
18370
18375
18380
18385
18390
18395
18400
18405
18410
18415
18420
18425
18430
18435
18440
18445
18450
18455
18460
18465
18470
18475
18480
18485
18490
18495
18500
18505
18510
18515
18520
18525
18530
18535
18540
18545
18550
18555
18560
18565
18570
18575
18580
18585
18590
18595
18600
18605
18610
18615
18620
18625
18630
18635
18640
18645
18650
18655
18660
18665
18670
18675
18680
18685
18690
18695
18700
18705
18710
18715
18720
18725
18730
18735
18740
18745
18750
18755
18760
18765
18770
18775
18780
18785
18790
18795
18800
18805
18810
18815
18820
18825
18830
18835
18840
18845
18850
18855
18860
18865
18870
18875
18880
18885
18890
18895
18900
18905
18910
18915
18920
18925
18930
18935
18940
18945
18950
18955
18960
18965
18970
18975
18980
18985
18990
18995
19000
19005
19010
19015
19020
19025
19030
19035
19040
19045
19050
19055
19060
19065
19070
19075
19080
19085
19090
19095
19100
19105
19110
19115
19120
19125
19130
19135
19140
19145
19150
19155
19160
19165
19170
19175
19180
19185
19190
19195
19200
19205
19210
19215
19220
19225
19230
19235
19240
19245
19250
19255
19260
19265
19270
19275
19280
19285
19290
19295
19300
19305
19310
19315
19320
19325
19330
19335
19340
19345
19350
19355
19360
19365
19370
19375
19380
19385
19390
19395
19400
19405
19410
19415
19420
19425
19430
19435
19440
19445
19450
19455
19460
19465
19470
19475
19480
19485
19490
19495
19500
19505
19510
19515
19520
19525
19530
19535
19540
19545
19550
19555
19560
19565
19570
19575
19580
19585
19590
19595
19600
19605
19610
19615
19620
19625
19630
19635
19640
19645
19650
19655
19660
19665
19670
19675
19680
19685
19690
19695
19700
19705
19710
19715
19720
19725
19730
19735
19740
19745
19750
19755
</output>
      <correct size="12918">8795 8800 8805 8810 8815 8820 8825 8830 8835 8840 8845 8850 8855 8860 8865 8870 8875 8880 8885 8890 8895 8900 8905 8910 8915 8920 8925 8930 8935 8940 8945 8950 8955 8960 8965 8970 8975 8980 8985 8990 8995 9000 9005 9010 9015 9020 9025 9030 9035 9040 9045 9050 9055 9060 9065 9070 9075 9080 9085 9090 9095 9100 9105 9110 9115 9120 9125 9130 9135 9140 9145 9150 9155 9160 9165 9170 9175 9180 9185 9190 9195 9200 9205 9210 9215 9220 9225 9230 9235 9240 9245 9250 9255 9260 9265 9270 9275 9280 9285 9290 9295 9300 9305 9310 9315 9320 9325 9330 9335 9340 9345 9350 9355 9360 9365 9370 9375 9380 9385 9390 9395 9400 9405 9410 9415 9420 9425 9430 9435 9440 9445 9450 9455 9460 9465 9470 9475 9480 9485 9490 9495 9500 9505 9510 9515 9520 9525 9530 9535 9540 9545 9550 9555 9560 9565 9570 9575 9580 9585 9590 9595 9600 9605 9610 9615 9620 9625 9630 9635 9640 9645 9650 9655 9660 9665 9670 9675 9680 9685 9690 9695 9700 9705 9710 9715 9720 9725 9730 9735 9740 9745 9750 9755 9760 9765 9770 9775 9780 9785 9790 9795 9800 9805 9810 9815 9820 9825 9830 9835 9840 9845 9850 9855 9860 9865 9870 9875 9880 9885 9890 9895 9900 9905 9910 9915 9920 9925 9930 9935 9940 9945 9950 9955 9960 9965 9970 9975 9980 9985 9990 9995 10000 10005 10010 10015 10020 10025 10030 10035 10040 10045 10050 10055 10060 10065 10070 10075 10080 10085 10090 10095 10100 10105 10110 10115 10120 10125 10130 10135 10140 10145 10150 10155 10160 10165 10170 10175 10180 10185 10190 10195 10200 10205 10210 10215 10220 10225 10230 10235 10240 10245 10250 10255 10260 10265 10270 10275 10280 10285 10290 10295 10300 10305 10310 10315 10320 10325 10330 10335 10340 10345 10350 10355 10360 10365 10370 10375 10380 10385 10390 10395 10400 10405 10410 10415 10420 10425 10430 10435 10440 10445 10450 10455 10460 10465 10470 10475 10480 10485 10490 10495 10500 10505 10510 10515 10520 10525 10530 10535 10540 10545 10550 10555 10560 10565 10570 10575 10580 10585 10590 10595 10600 10605 10610 10615 10620 10625 10630 10635 10640 10645 10650 10655 10660 10665 10670 10675 10680 10685 10690 10695 10700 10705 10710 10715 10720 10725 10730 10735 10740 10745 10750 10755 10760 10765 10770 10775 10780 10785 10790 10795 10800 10805 10810 10815 10820 10825 10830 10835 10840 10845 10850 10855 10860 10865 10870 10875 10880 10885 10890 10895 10900 10905 10910 10915 10920 10925 10930 10935 10940 10945 10950 10955 10960 10965 10970 10975 10980 10985 10990 10995 11000 11005 11010 11015 11020 11025 11030 11035 11040 11045 11050 11055 11060 11065 11070 11075 11080 11085 11090 11095 11100 11105 11110 11115 11120 11125 11130 11135 11140 11145 11150 11155 11160 11165 11170 11175 11180 11185 11190 11195 11200 11205 11210 11215 11220 11225 11230 11235 11240 11245 11250 11255 11260 11265 11270 11275 11280 11285 11290 11295 11300 11305 11310 11315 11320 11325 11330 11335 11340 11345 11350 11355 11360 11365 11370 11375 11380 11385 11390 11395 11400 11405 11410 11415 11420 11425 11430 11435 11440 11445 11450 11455 11460 11465 11470 11475 11480 11485 11490 11495 11500 11505 11510 11515 11520 11525 11530 11535 11540 11545 11550 11555 11560 11565 11570 11575 11580 11585 11590 11595 11600 11605 11610 11615 11620 11625 11630 11635 11640 11645 11650 11655 11660 11665 11670 11675 11680 11685 11690 11695 11700 11705 11710 11715 11720 11725 11730 11735 11740 11745 11750 11755 11760 11765 11770 11775 11780 11785 11790 11795 11800 11805 11810 11815 11820 11825 11830 11835 11840 11845 11850 11855 11860 11865 11870 11875 11880 11885 11890 11895 11900 11905 11910 11915 11920 11925 11930 11935 11940 11945 11950 11955 11960 11965 11970 11975 11980 11985 11990 11995 12000 12005 12010 12015 12020 12025 12030 12035 12040 12045 12050 12055 12060 12065 12070 12075 12080 12085 12090 12095 12100 12105 12110 12115 12120 12125 12130 12135 12140 12145 12150 12155 12160 12165 12170 12175 12180 12185 12190 12195 12200 12205 12210 12215 12220 12225 12230 12235 12240 12245 12250 12255 12260 12265 12270 12275 12280 12285 12290 12295 12300 12305 12310 12315 12320 12325 12330 12335 12340 12345 12350 12355 12360 12365 12370 12375 12380 12385 12390 12395 12400 12405 12410 12415 12420 12425 12430 12435 12440 12445 12450 12455 12460 12465 12470 12475 12480 12485 12490 12495 12500 12505 12510 12515 12520 12525 12530 12535 12540 12545 12550 12555 12560 12565 12570 12575 12580 12585 12590 12595 12600 12605 12610 12615 12620 12625 12630 12635 12640 12645 12650 12655 12660 12665 12670 12675 12680 12685 12690 12695 12700 12705 12710 12715 12720 12725 12730 12735 12740 12745 12750 12755 12760 12765 12770 12775 12780 12785 12790 12795 12800 12805 12810 12815 12820 12825 12830 12835 12840 12845 12850 12855 12860 12865 12870 12875 12880 12885 12890 12895 12900 12905 12910 12915 12920 12925 12930 12935 12940 12945 12950 12955 12960 12965 12970 12975 12980 12985 12990 12995 13000 13005 13010 13015 13020 13025 13030 13035 13040 13045 13050 13055 13060 13065 13070 13075 13080 13085 13090 13095 13100 13105 13110 13115 13120 13125 13130 13135 13140 13145 13150 13155 13160 13165 13170 13175 13180 13185 13190 13195 13200 13205 13210 13215 13220 13225 13230 13235 13240 13245 13250 13255 13260 13265 13270 13275 13280 13285 13290 13295 13300 13305 13310 13315 13320 13325 13330 13335 13340 13345 13350 13355 13360 13365 13370 13375 13380 13385 13390 13395 13400 13405 13410 13415 13420 13425 13430 13435 13440 13445 13450 13455 13460 13465 13470 13475 13480 13485 13490 13495 13500 13505 13510 13515 13520 13525 13530 13535 13540 13545 13550 13555 13560 13565 13570 13575 13580 13585 13590 13595 13600 13605 13610 13615 13620 13625 13630 13635 13640 13645 13650 13655 13660 13665 13670 13675 13680 13685 13690 13695 13700 13705 13710 13715 13720 13725 13730 13735 13740 13745 13750 13755 13760 13765 13770 13775 13780 13785 13790 13795 13800 13805 13810 13815 13820 13825 13830 13835 13840 13845 13850 13855 13860 13865 13870 13875 13880 13885 13890 13895 13900 13905 13910 13915 13920 13925 13930 13935 13940 13945 13950 13955 13960 13965 13970 13975 13980 13985 13990 13995 14000 14005 14010 14015 14020 14025 14030 14035 14040 14045 14050 14055 14060 14065 14070 14075 14080 14085 14090 14095 14100 14105 14110 14115 14120 14125 14130 14135 14140 14145 14150 14155 14160 14165 14170 14175 14180 14185 14190 14195 14200 14205 14210 14215 14220 14225 14230 14235 14240 14245 14250 14255 14260 14265 14270 14275 14280 14285 14290 14295 14300 14305 14310 14315 14320 14325 14330 14335 14340 14345 14350 14355 14360 14365 14370 14375 14380 14385 14390 14395 14400 14405 14410 14415 14420 14425 14430 14435 14440 14445 14450 14455 14460 14465 14470 14475 14480 14485 14490 14495 14500 14505 14510 14515 14520 14525 14530 14535 14540 14545 14550 14555 14560 14565 14570 14575 14580 14585 14590 14595 14600 14605 14610 14615 14620 14625 14630 14635 14640 14645 14650 14655 14660 14665 14670 14675 14680 14685 14690 14695 14700 14705 14710 14715 14720 14725 14730 14735 14740 14745 14750 14755 14760 14765 14770 14775 14780 14785 14790 14795 14800 14805 14810 14815 14820 14825 14830 14835 14840 14845 14850 14855 14860 14865 14870 14875 14880 14885 14890 14895 14900 14905 14910 14915 14920 14925 14930 14935 14940 14945 14950 14955 14960 14965 14970 14975 14980 14985 14990 14995 15000 15005 15010 15015 15020 15025 15030 15035 15040 15045 15050 15055 15060 15065 15070 15075 15080 15085 15090 15095 15100 15105 15110 15115 15120 15125 15130 15135 15140 15145 15150 15155 15160 15165 15170 15175 15180 15185 15190 15195 15200 15205 15210 15215 15220 15225 15230 15235 15240 15245 15250 15255 15260 15265 15270 15275 15280 15285 15290 15295 15300 15305 15310 15315 15320 15325 15330 15335 15340 15345 15350 15355 15360 15365 15370 15375 15380 15385 15390 15395 15400 15405 15410 15415 15420 15425 15430 15435 15440 15445 15450 15455 15460 15465 15470 15475 15480 15485 15490 15495 15500 15505 15510 15515 15520 15525 15530 15535 15540 15545 15550 15555 15560 15565 15570 15575 15580 15585 15590 15595 15600 15605 15610 15615 15620 15625 15630 15635 15640 15645 15650 15655 15660 15665 15670 15675 15680 15685 15690 15695 15700 15705 15710 15715 15720 15725 15730 15735 15740 15745 15750 15755 15760 15765 15770 15775 15780 15785 15790 15795 15800 15805 15810 15815 15820 15825 15830 15835 15840 15845 15850 15855 15860 15865 15870 15875 15880 15885 15890 15895 15900 15905 15910 15915 15920 15925 15930 15935 15940 15945 15950 15955 15960 15965 15970 15975 15980 15985 15990 15995 16000 16005 16010 16015 16020 16025 16030 16035 16040 16045 16050 16055 16060 16065 16070 16075 16080 16085 16090 16095 16100 16105 16110 16115 16120 16125 16130 16135 16140 16145 16150 16155 16160 16165 16170 16175 16180 16185 16190 16195 16200 16205 16210 16215 16220 16225 16230 16235 16240 16245 16250 16255 16260 16265 16270 16275 16280 16285 16290 16295 16300 16305 16310 16315 16320 16325 16330 16335 16340 16345 16350 16355 16360 16365 16370 16375 16380 16385 16390 16395 16400 16405 16410 16415 16420 16425 16430 16435 16440 16445 16450 16455 16460 16465 16470 16475 16480 16485 16490 16495 16500 16505 16510 16515 16520 16525 16530 16535 16540 16545 16550 16555 16560 16565 16570 16575 16580 16585 16590 16595 16600 16605 16610 16615 16620 16625 16630 16635 16640 16645 16650 16655 16660 16665 16670 16675 16680 16685 16690 16695 16700 16705 16710 16715 16720 16725 16730 16735 16740 16745 16750 16755 16760 16765 16770 16775 16780 16785 16790 16795 16800 16805 16810 16815 16820 16825 16830 16835 16840 16845 16850 16855 16860 16865 16870 16875 16880 16885 16890 16895 16900 16905 16910 16915 16920 16925 16930 16935 16940 16945 16950 16955 16960 16965 16970 16975 16980 16985 16990 16995 17000 17005 17010 17015 17020 17025 17030 17035 17040 17045 17050 17055 17060 17065 17070 17075 17080 17085 17090 17095 17100 17105 17110 17115 17120 17125 17130 17135 17140 17145 17150 17155 17160 17165 17170 17175 17180 17185 17190 17195 17200 17205 17210 17215 17220 17225 17230 17235 17240 17245 17250 17255 17260 17265 17270 17275 17280 17285 17290 17295 17300 17305 17310 17315 17320 17325 17330 17335 17340 17345 17350 17355 17360 17365 17370 17375 17380 17385 17390 17395 17400 17405 17410 17415 17420 17425 17430 17435 17440 17445 17450 17455 17460 17465 17470 17475 17480 17485 17490 17495 17500 17505 17510 17515 17520 17525 17530 17535 17540 17545 17550 17555 17560 17565 17570 17575 17580 17585 17590 17595 17600 17605 17610 17615 17620 17625 17630 17635 17640 17645 17650 17655 17660 17665 17670 17675 17680 17685 17690 17695 17700 17705 17710 17715 17720 17725 17730 17735 17740 17745 17750 17755 17760 17765 17770 17775 17780 17785 17790 17795 17800 17805 17810 17815 17820 17825 17830 17835 17840 17845 17850 17855 17860 17865 17870 17875 17880 17885 17890 17895 17900 17905 17910 17915 17920 17925 17930 17935 17940 17945 17950 17955 17960 17965 17970 17975 17980 17985 17990 17995 18000 18005 18010 18015 18020 18025 18030 18035 18040 18045 18050 18055 18060 18065 18070 18075 18080 18085 18090 18095 18100 18105 18110 18115 18120 18125 18130 18135 18140 18145 18150 18155 18160 18165 18170 18175 18180 18185 18190 18195 18200 18205 18210 18215 18220 18225 18230 18235 18240 18245 18250 18255 18260 18265 18270 18275 18280 18285 18290 18295 18300 18305 18310 18315 18320 18325 18330 18335 18340 18345 18350 18355 18360 18365 18370 18375 18380 18385 18390 18395 18400 18405 18410 18415 18420 18425 18430 18435 18440 18445 18450 18455 18460 18465 18470 18475 18480 18485 18490 18495 18500 18505 18510 18515 18520 18525 18530 18535 18540 18545 18550 18555 18560 18565 18570 18575 18580 18585 18590 18595 18600 18605 18610 18615 18620 18625 18630 18635 18640 18645 18650 18655 18660 18665 18670 18675 18680 18685 18690 18695 18700 18705 18710 18715 18720 18725 18730 18735 18740 18745 18750 18755 18760 18765 18770 18775 18780 18785 18790 18795 18800 18805 18810 18815 18820 18825 18830 18835 18840 18845 18850 18855 18860 18865 18870 18875 18880 18885 18890 18895 18900 18905 18910 18915 18920 18925 18930 18935 18940 18945 18950 18955 18960 18965 18970 18975 18980 18985 18990 18995 19000 19005 19010 19015 19020 19025 19030 19035 19040 19045 19050 19055 19060 19065 19070 19075 19080 19085 19090 19095 19100 19105 19110 19115 19120 19125 19130 19135 19140 19145 19150 19155 19160 19165 19170 19175 19180 19185 19190 19195 19200 19205 19210 19215 19220 19225 19230 19235 19240 19245 19250 19255 19260 19265 19270 19275 19280 19285 19290 19295 19300 19305 19310 19315 19320 19325 19330 19335 19340 19345 19350 19355 19360 19365 19370 19375 19380 19385 19390 19395 19400 19405 19410 19415 19420 19425 19430 19435 19440 19445 19450 19455 19460 19465 19470 19475 19480 19485 19490 19495 19500 19505 19510 19515 19520 19525 19530 19535 19540 19545 19550 19555 19560 19565 19570 19575 19580 19585 19590 19595 19600 19605 19610 19615 19620 19625 19630 19635 19640 19645 19650 19655 19660 19665 19670 19675 19680 19685 19690 19695 19700 19705 19710 19715 19720 19725 19730 19735 19740 19745 19750 19755 
</correct>
      <stderr size="0"></stderr>
      <checker size="3">OK
</checker>
    </test>
    <test num="13" status="OK" time="15" real-time="17" max-memory-used="307200"  checker-comment="OK" >
  <program-stats-str>{ utime=13, stime=2, ptime=15, rtime=17, maxvsz=307200, maxrss=5255168, nvcsw=1, nivcsw=4 }</program-stats-str>
  <checker-stats-str>{ utime=0, stime=0, ptime=0, rtime=1, maxvsz=307200, maxrss=2392064, nvcsw=1, nivcsw=1 }</checker-stats-str>
      <input size="17">671
7983
467
467
</input>
      <output size="0"></output>
      <correct size="0"></correct>
      <stderr size="0"></stderr>
      <checker size="3">OK
</checker>
    </test>
  </tests>
</testing-report>
