Content-type: text/xml

<?xml version="1.0" encoding="utf-8"?>
<testing-report run-id="194" judge-id="142" status="WA" scoring="ACM" run-tests="3" contest-id="3203" real-time-available="yes" max-memory-used-available="yes" correct-available="yes" failed-test="3" time-limit-ms="2000" real-time-limit-ms="5000" marked-flag="no" >
  <uuid>d2e44576-b141-4970-bb88-d729aa42e6fe</uuid>
  <host>localhost.localdomain</host>
  <cpu-model>Intel(R) Pentium(R) CPU 3550M @ 2.30GHz</cpu-model>
  <cpu-mhz>2294.738</cpu-mhz>
  <compiler_output></compiler_output>
  <tests>
    <test num="1" status="OK" time="14" real-time="16" max-memory-used="307200"  checker-comment="OK" >
  <program-stats-str>{ utime=14, stime=0, ptime=14, rtime=16, maxvsz=307200, maxrss=5394432, nvcsw=1, nivcsw=3 }</program-stats-str>
  <checker-stats-str>{ utime=0, stime=0, ptime=0, rtime=2, maxvsz=307200, maxrss=2387968, nvcsw=1, nivcsw=1 }</checker-stats-str>
      <input size="2">6
</input>
      <output size="8">3
4
5
6
</output>
      <correct size="9">3 4 5 6 
</correct>
      <stderr size="0"></stderr>
      <checker size="3">OK
</checker>
    </test>
    <test num="2" status="OK" time="13" real-time="15" max-memory-used="307200"  checker-comment="OK" >
  <program-stats-str>{ utime=5, stime=8, ptime=13, rtime=15, maxvsz=307200, maxrss=5136384, nvcsw=1, nivcsw=3 }</program-stats-str>
  <checker-stats-str>{ utime=0, stime=0, ptime=0, rtime=1, maxvsz=307200, maxrss=2387968, nvcsw=1, nivcsw=1 }</checker-stats-str>
      <input size="2">1
</input>
      <output size="2">1
</output>
      <correct size="3">1 
</correct>
      <stderr size="0"></stderr>
      <checker size="3">OK
</checker>
    </test>
    <test num="3" status="WA" time="15" real-time="16" max-memory-used="307200"  checker-comment="Answers differ: [1]: output: 8, correct: 9" >
  <program-stats-str>{ utime=15, stime=0, ptime=15, rtime=16, maxvsz=307200, maxrss=5337088, nvcsw=1, nivcsw=3 }</program-stats-str>
  <checker-stats-str>{ utime=0, stime=0, ptime=0, rtime=2, maxvsz=307200, maxrss=2387968, nvcsw=1, nivcsw=1 }</checker-stats-str>
      <input size="3">17
</input>
      <output size="28">8
9
10
11
12
13
14
15
16
17
</output>
      <correct size="27">9 10 11 12 13 14 15 16 17 
</correct>
      <stderr size="0"></stderr>
      <checker size="43">Answers differ: [1]: output: 8, correct: 9
</checker>
    </test>
  </tests>
</testing-report>
