Content-type: text/xml

<?xml version="1.0" encoding="utf-8"?>
<testing-report run-id="22" judge-id="23" status="OK" scoring="ACM" run-tests="51" contest-id="3005" real-time-available="yes" max-memory-used-available="yes" correct-available="yes" time-limit-ms="2000" real-time-limit-ms="5000" marked-flag="no" >
  <uuid>2edc762c-b8ab-46c9-be35-c9046e311756</uuid>
  <host>localhost.localdomain</host>
  <cpu-model>Intel(R) Pentium(R) CPU 3550M @ 2.30GHz</cpu-model>
  <cpu-mhz>2294.738</cpu-mhz>
  <compiler_output>Done processing 000022.cpp

</compiler_output>
  <tests>
    <test num="1" status="OK" time="1" real-time="3" max-memory-used="8306688"  checker-comment="OK" >
  <program-stats-str>{ utime=0, stime=1, ptime=1, rtime=3, maxvsz=8306688, maxrss=2875392, nvcsw=1, nivcsw=1 }</program-stats-str>
  <checker-stats-str>{ utime=0, stime=0, ptime=0, rtime=1, maxvsz=307200, maxrss=2285568, nvcsw=1, nivcsw=1 }</checker-stats-str>
      <input size="20">4 6
2 4 1 2
7 2 5 1
</input>
      <output size="2">13</output>
      <correct size="3">13
</correct>
      <stderr size="0"></stderr>
      <checker size="3">OK
</checker>
    </test>
    <test num="2" status="OK" time="1" real-time="2" max-memory-used="8306688"  checker-comment="OK" >
  <program-stats-str>{ utime=0, stime=1, ptime=1, rtime=2, maxvsz=8306688, maxrss=2953216, nvcsw=1, nivcsw=1 }</program-stats-str>
  <checker-stats-str>{ utime=0, stime=0, ptime=0, rtime=1, maxvsz=307200, maxrss=2285568, nvcsw=1, nivcsw=1 }</checker-stats-str>
      <input size="12">1 597
18
16
</input>
      <output size="2">16</output>
      <correct size="3">16
</correct>
      <stderr size="0"></stderr>
      <checker size="3">OK
</checker>
    </test>
    <test num="3" status="OK" time="2" real-time="3" max-memory-used="8306688"  checker-comment="OK" >
  <program-stats-str>{ utime=0, stime=2, ptime=2, rtime=3, maxvsz=8306688, maxrss=2883584, nvcsw=1, nivcsw=1 }</program-stats-str>
  <checker-stats-str>{ utime=0, stime=0, ptime=0, rtime=1, maxvsz=307200, maxrss=2285568, nvcsw=1, nivcsw=1 }</checker-stats-str>
      <input size="18">2 789
45 44
51 41
</input>
      <output size="2">92</output>
      <correct size="3">92
</correct>
      <stderr size="0"></stderr>
      <checker size="3">OK
</checker>
    </test>
    <test num="4" status="OK" time="1" real-time="2" max-memory-used="8306688"  checker-comment="OK" >
  <program-stats-str>{ utime=1, stime=0, ptime=1, rtime=2, maxvsz=8306688, maxrss=3141632, nvcsw=1, nivcsw=1 }</program-stats-str>
  <checker-stats-str>{ utime=0, stime=0, ptime=0, rtime=2, maxvsz=307200, maxrss=2285568, nvcsw=1, nivcsw=2 }</checker-stats-str>
      <input size="21">3 840
50 52 54
3 4 3
</input>
      <output size="2">10</output>
      <correct size="3">10
</correct>
      <stderr size="0"></stderr>
      <checker size="3">OK
</checker>
    </test>
    <test num="5" status="OK" time="2" real-time="3" max-memory-used="8306688"  checker-comment="OK" >
  <program-stats-str>{ utime=0, stime=2, ptime=2, rtime=3, maxvsz=8306688, maxrss=2994176, nvcsw=1, nivcsw=1 }</program-stats-str>
  <checker-stats-str>{ utime=0, stime=0, ptime=0, rtime=1, maxvsz=307200, maxrss=2285568, nvcsw=1, nivcsw=1 }</checker-stats-str>
      <input size="27">4 676
46 7 41 32
21 1 14 3
</input>
      <output size="2">39</output>
      <correct size="3">39
</correct>
      <stderr size="0"></stderr>
      <checker size="3">OK
</checker>
    </test>
    <test num="6" status="OK" time="1" real-time="2" max-memory-used="8306688"  checker-comment="OK" >
  <program-stats-str>{ utime=0, stime=1, ptime=1, rtime=2, maxvsz=8306688, maxrss=3145728, nvcsw=1, nivcsw=1 }</program-stats-str>
  <checker-stats-str>{ utime=0, stime=0, ptime=0, rtime=1, maxvsz=307200, maxrss=2285568, nvcsw=1, nivcsw=1 }</checker-stats-str>
      <input size="35">5 660
8 42 16 35 33
16 26 12 12 25
</input>
      <output size="2">91</output>
      <correct size="3">91
</correct>
      <stderr size="0"></stderr>
      <checker size="3">OK
</checker>
    </test>
    <test num="7" status="OK" time="2" real-time="3" max-memory-used="8306688"  checker-comment="OK" >
  <program-stats-str>{ utime=2, stime=0, ptime=2, rtime=3, maxvsz=8306688, maxrss=3981312, nvcsw=1, nivcsw=1 }</program-stats-str>
  <checker-stats-str>{ utime=0, stime=0, ptime=0, rtime=2, maxvsz=307200, maxrss=2285568, nvcsw=1, nivcsw=1 }</checker-stats-str>
      <input size="521">92 724
30 30 25 24 25 7 9 32 17 3 14 22 29 31 25 18 6 29 7 7 34 6 12 11 13 23 3 18 34 3 20 6 18 21 11 14 33 21 14 6 5 7 19 26 30 24 8 4 1 14 5 18 30 28 10 25 15 2 4 22 4 28 28 28 23 21 23 28 3 30 15 33 10 4 15 34 18 5 14 17 21 17 1 26 2 8 8 25 8 14 9 16
52 10 41 69 82 5 21 18 39 48 87 15 82 66 67 18 84 71 94 82 67 73 67 90 67 85 68 25 3 65 55 95 56 21 91 58 90 65 43 59 83 35 73 95 60 43 27 92 38 86 58 25 10 30 65 33 77 58 32 2 37 89 56 47 5 13 95 75 94 59 72 2 25 43 49 9 60 19 2 69 90 61 7 71 36 40 38 23 45 35 39 6
</input>
      <output size="4">3740</output>
      <correct size="5">3740
</correct>
      <stderr size="0"></stderr>
      <checker size="3">OK
</checker>
    </test>
    <test num="8" status="OK" time="3" real-time="5" max-memory-used="8306688"  checker-comment="OK" >
  <program-stats-str>{ utime=1, stime=2, ptime=3, rtime=5, maxvsz=8306688, maxrss=4096000, nvcsw=1, nivcsw=2 }</program-stats-str>
  <checker-stats-str>{ utime=0, stime=0, ptime=0, rtime=1, maxvsz=307200, maxrss=2285568, nvcsw=1, nivcsw=1 }</checker-stats-str>
      <input size="486">100 921
3 5 5 5 2 4 5 5 2 5 5 2 4 1 4 1 1 4 5 4 4 4 4 1 5 5 5 5 5 3 5 2 4 5 5 4 3 3 1 5 3 3 2 4 2 3 3 5 3 2 3 5 2 1 5 2 5 5 2 2 1 2 5 5 4 3 2 5 2 5 2 2 2 1 5 5 5 2 1 3 2 1 1 2 1 5 1 1 1 1 3 4 2 3 3 2 5 2 4 2
44 8 29 5 46 51 6 52 4 21 49 6 3 32 14 45 55 53 2 20 40 11 55 53 45 36 42 6 32 39 43 1 54 50 44 1 29 49 5 49 15 55 16 47 52 34 16 11 3 31 12 12 29 29 51 43 2 55 30 23 19 10 13 18 6 9 8 13 5 3 7 2 36 38 36 51 51 44 12 14 11 3 55 12 19 16 31 20 12 49 50 20 27 1 11 30 19 10 55 14
</input>
      <output size="4">2655</output>
      <correct size="5">2655
</correct>
      <stderr size="0"></stderr>
      <checker size="3">OK
</checker>
    </test>
    <test num="9" status="OK" time="2" real-time="4" max-memory-used="8306688"  checker-comment="OK" >
  <program-stats-str>{ utime=1, stime=1, ptime=2, rtime=4, maxvsz=8306688, maxrss=3284992, nvcsw=1, nivcsw=2 }</program-stats-str>
  <checker-stats-str>{ utime=0, stime=0, ptime=0, rtime=2, maxvsz=307200, maxrss=2285568, nvcsw=1, nivcsw=1 }</checker-stats-str>
      <input size="484">84 313
44 1 42 57 36 5 51 41 33 9 25 18 13 21 58 9 20 23 58 3 18 47 19 55 15 29 9 14 48 25 15 4 25 12 39 9 52 19 42 4 12 14 34 28 22 8 42 9 21 42 19 9 23 48 16 21 31 52 12 11 55 46 1 24 29 7 32 6 31 22 23 22 46 18 18 18 4 32 15 14 6 23 21 19
49 12 7 51 22 16 34 47 11 24 32 19 42 39 34 4 42 2 19 22 44 14 4 51 43 52 13 13 38 50 31 19 21 37 32 39 32 16 43 13 18 1 45 25 15 2 29 45 51 53 26 39 46 2 26 53 23 51 13 25 3 15 52 19 13 16 44 23 29 53 22 42 5 45 31 15 40 32 30 47 6 39 48 47
</input>
      <output size="3">968</output>
      <correct size="4">968
</correct>
      <stderr size="0"></stderr>
      <checker size="3">OK
</checker>
    </test>
    <test num="10" status="OK" time="2" real-time="3" max-memory-used="8306688"  checker-comment="OK" >
  <program-stats-str>{ utime=2, stime=0, ptime=2, rtime=3, maxvsz=8306688, maxrss=2867200, nvcsw=1, nivcsw=2 }</program-stats-str>
  <checker-stats-str>{ utime=0, stime=0, ptime=0, rtime=2, maxvsz=307200, maxrss=2285568, nvcsw=1, nivcsw=1 }</checker-stats-str>
      <input size="11">1 77
27
27
</input>
      <output size="2">27</output>
      <correct size="3">27
</correct>
      <stderr size="0"></stderr>
      <checker size="3">OK
</checker>
    </test>
    <test num="11" status="OK" time="2" real-time="3" max-memory-used="8306688"  checker-comment="OK" >
  <program-stats-str>{ utime=1, stime=1, ptime=2, rtime=3, maxvsz=8306688, maxrss=3530752, nvcsw=1, nivcsw=2 }</program-stats-str>
  <checker-stats-str>{ utime=0, stime=0, ptime=0, rtime=1, maxvsz=307200, maxrss=2285568, nvcsw=1, nivcsw=1 }</checker-stats-str>
      <input size="298">51 516
88 40 60 31 72 49 21 75 1 49 56 67 57 36 25 40 1 35 4 24 72 40 48 41 65 31 48 52 84 46 10 61 10 83 30 39 16 21 72 70 80 76 9 84 75 15 82 60 18 59 81
35 26 31 1 9 17 9 29 10 33 35 4 1 11 2 2 15 2 13 7 4 13 29 21 16 31 27 30 19 35 31 35 6 34 21 35 27 22 17 30 13 23 33 28 18 14 11 19 27 31 20
</input>
      <output size="3">481</output>
      <correct size="4">481
</correct>
      <stderr size="0"></stderr>
      <checker size="3">OK
</checker>
    </test>
    <test num="12" status="OK" time="1" real-time="2" max-memory-used="8306688"  checker-comment="OK" >
  <program-stats-str>{ utime=1, stime=0, ptime=1, rtime=2, maxvsz=8306688, maxrss=3530752, nvcsw=1, nivcsw=1 }</program-stats-str>
  <checker-stats-str>{ utime=0, stime=0, ptime=0, rtime=2, maxvsz=307200, maxrss=2285568, nvcsw=1, nivcsw=1 }</checker-stats-str>
      <input size="234">39 946
38 55 9 45 16 25 43 53 1 43 18 9 52 19 16 45 29 47 30 43 39 32 43 55 21 4 32 14 39 23 37 24 44 34 14 16 58 56 55
26 92 56 88 46 50 66 33 76 23 53 44 5 16 29 67 25 66 21 42 35 68 27 31 49 40 63 1 48 6 62 50 29 83 33 66 61 65 80
</input>
      <output size="4">1658</output>
      <correct size="5">1658
</correct>
      <stderr size="0"></stderr>
      <checker size="3">OK
</checker>
    </test>
    <test num="13" status="OK" time="1" real-time="3" max-memory-used="8306688"  checker-comment="OK" >
  <program-stats-str>{ utime=0, stime=1, ptime=1, rtime=3, maxvsz=8306688, maxrss=3203072, nvcsw=1, nivcsw=1 }</program-stats-str>
  <checker-stats-str>{ utime=0, stime=0, ptime=0, rtime=1, maxvsz=307200, maxrss=2285568, nvcsw=1, nivcsw=1 }</checker-stats-str>
      <input size="131">22 216
6 33 84 59 17 36 78 28 43 46 93 52 87 16 62 71 4 82 35 46 78 8
25 54 29 7 26 22 41 43 8 9 2 50 45 37 31 29 26 51 52 9 27 18
</input>
      <output size="3">331</output>
      <correct size="4">331
</correct>
      <stderr size="0"></stderr>
      <checker size="3">OK
</checker>
    </test>
    <test num="14" status="OK" time="1" real-time="3" max-memory-used="8306688"  checker-comment="OK" >
  <program-stats-str>{ utime=0, stime=1, ptime=1, rtime=3, maxvsz=8306688, maxrss=2961408, nvcsw=1, nivcsw=4 }</program-stats-str>
  <checker-stats-str>{ utime=0, stime=0, ptime=0, rtime=2, maxvsz=307200, maxrss=2285568, nvcsw=1, nivcsw=1 }</checker-stats-str>
      <input size="119">23 16
5 7 1 8 6 8 1 5 1 2 2 1 8 6 7 3 6 4 1 8 5 8 7
50 27 23 74 32 23 72 24 15 9 32 28 73 41 7 67 33 17 48 35 78 27 76
</input>
      <output size="3">363</output>
      <correct size="4">363
</correct>
      <stderr size="0"></stderr>
      <checker size="3">OK
</checker>
    </test>
    <test num="15" status="OK" time="1" real-time="2" max-memory-used="8306688"  checker-comment="OK" >
  <program-stats-str>{ utime=1, stime=0, ptime=1, rtime=2, maxvsz=8306688, maxrss=2940928, nvcsw=1, nivcsw=1 }</program-stats-str>
  <checker-stats-str>{ utime=0, stime=0, ptime=0, rtime=2, maxvsz=307200, maxrss=2285568, nvcsw=1, nivcsw=2 }</checker-stats-str>
      <input size="69">11 999
12 3 1 62 46 40 39 47 9 46 53
44 41 20 15 48 38 39 58 6 47 46
</input>
      <output size="3">402</output>
      <correct size="4">402
</correct>
      <stderr size="0"></stderr>
      <checker size="3">OK
</checker>
    </test>
    <test num="16" status="OK" time="2" real-time="3" max-memory-used="8306688"  checker-comment="OK" >
  <program-stats-str>{ utime=0, stime=2, ptime=2, rtime=3, maxvsz=8306688, maxrss=3629056, nvcsw=1, nivcsw=1 }</program-stats-str>
  <checker-stats-str>{ utime=0, stime=0, ptime=0, rtime=1, maxvsz=307200, maxrss=2285568, nvcsw=1, nivcsw=1 }</checker-stats-str>
      <input size="401">71 701
70 28 82 72 24 5 8 34 40 2 83 80 75 61 83 10 79 62 23 68 18 72 84 70 30 49 58 64 17 51 26 24 65 72 4 80 19 3 60 28 76 66 35 79 81 1 58 30 37 78 42 43 51 67 48 84 73 43 8 74 69 42 63 29 79 43 45 18 17 29 80
15 14 8 9 6 18 15 23 14 17 17 1 23 3 6 9 11 22 8 4 23 16 21 4 10 8 3 18 5 21 17 12 7 18 21 21 8 19 14 1 14 3 10 21 8 2 15 3 18 19 5 10 23 3 1 10 1 21 16 1 22 19 23 18 24 13 24 21 23 18 23
</input>
      <output size="3">473</output>
      <correct size="4">473
</correct>
      <stderr size="0"></stderr>
      <checker size="3">OK
</checker>
    </test>
    <test num="17" status="OK" time="2" real-time="3" max-memory-used="8306688"  checker-comment="OK" >
  <program-stats-str>{ utime=0, stime=2, ptime=2, rtime=3, maxvsz=8306688, maxrss=3424256, nvcsw=1, nivcsw=1 }</program-stats-str>
  <checker-stats-str>{ utime=0, stime=0, ptime=0, rtime=2, maxvsz=307200, maxrss=2285568, nvcsw=1, nivcsw=1 }</checker-stats-str>
      <input size="234">42 574
24 59 26 7 27 41 49 17 15 13 29 36 10 25 42 63 23 53 34 19 35 35 13 20 20 47 2 57 42 25 37 12 45 25 39 58 24 21 61 19 49 5
7 10 16 1 4 12 5 2 1 9 11 14 4 6 10 9 5 2 14 8 3 12 13 15 7 4 11 3 14 15 5 14 12 5 11 12 6 6 13 2 11 15
</input>
      <output size="3">253</output>
      <correct size="4">253
</correct>
      <stderr size="0"></stderr>
      <checker size="3">OK
</checker>
    </test>
    <test num="18" status="OK" time="2" real-time="4" max-memory-used="8306688"  checker-comment="OK" >
  <program-stats-str>{ utime=1, stime=1, ptime=2, rtime=4, maxvsz=8306688, maxrss=3125248, nvcsw=1, nivcsw=2 }</program-stats-str>
  <checker-stats-str>{ utime=0, stime=0, ptime=0, rtime=2, maxvsz=307200, maxrss=2285568, nvcsw=1, nivcsw=1 }</checker-stats-str>
      <input size="444">77 125
15 20 38 35 10 18 6 24 4 52 51 29 32 11 26 39 23 52 30 19 34 18 11 40 18 6 41 5 31 42 38 11 7 46 43 19 19 46 6 17 28 9 2 37 20 33 32 47 1 6 23 42 34 39 46 10 45 20 52 26 35 36 34 23 31 38 17 28 29 5 3 27 15 42 3 18 14
31 7 2 28 46 19 45 63 1 54 29 1 14 11 7 25 23 13 14 22 49 63 17 13 28 15 44 49 36 7 5 63 32 7 39 37 52 48 54 54 49 29 56 47 38 42 63 4 42 33 17 1 59 16 30 3 39 10 27 13 49 57 37 40 27 39 44 61 19 50 34 41 13 8 12 43 57
</input>
      <output size="3">719</output>
      <correct size="4">719
</correct>
      <stderr size="0"></stderr>
      <checker size="3">OK
</checker>
    </test>
    <test num="19" status="OK" time="2" real-time="3" max-memory-used="8306688"  checker-comment="OK" >
  <program-stats-str>{ utime=2, stime=0, ptime=2, rtime=3, maxvsz=8306688, maxrss=3317760, nvcsw=1, nivcsw=2 }</program-stats-str>
  <checker-stats-str>{ utime=0, stime=0, ptime=0, rtime=2, maxvsz=307200, maxrss=2285568, nvcsw=1, nivcsw=1 }</checker-stats-str>
      <input size="413">70 355
63 24 66 68 56 46 55 78 67 31 33 51 45 68 50 40 34 23 75 70 69 61 64 26 20 35 55 15 44 19 24 76 24 34 51 59 82 67 72 73 15 37 67 68 28 14 82 48 82 60 62 28 22 52 8 27 59 36 75 3 46 33 72 59 18 59 25 37 5 55
25 47 26 8 62 19 26 37 4 8 33 25 22 35 12 35 48 24 39 47 17 42 35 14 36 58 2 12 37 9 28 59 36 27 45 3 36 10 17 16 5 9 11 53 39 52 54 42 16 51 59 18 19 11 15 28 62 12 4 25 35 44 12 26 7 2 19 36 23 23
</input>
      <output size="3">556</output>
      <correct size="4">556
</correct>
      <stderr size="0"></stderr>
      <checker size="3">OK
</checker>
    </test>
    <test num="20" status="OK" time="2" real-time="3" max-memory-used="8306688"  checker-comment="OK" >
  <program-stats-str>{ utime=0, stime=2, ptime=2, rtime=3, maxvsz=8306688, maxrss=3473408, nvcsw=1, nivcsw=2 }</program-stats-str>
  <checker-stats-str>{ utime=0, stime=0, ptime=0, rtime=2, maxvsz=307200, maxrss=2285568, nvcsw=1, nivcsw=1 }</checker-stats-str>
      <input size="358">62 850
69 15 74 69 30 71 50 5 50 72 82 77 8 18 64 48 17 48 72 53 25 59 10 25 23 48 87 50 86 54 28 88 4 85 73 9 41 71 69 88 88 92 17 85 1 37 9 73 42 6 91 68 55 21 57 83 64 20 63 50 51 43
29 28 42 5 48 37 21 19 16 17 46 4 47 10 51 43 27 49 16 21 47 27 6 3 21 43 34 29 8 28 39 19 15 8 10 37 16 42 47 3 7 43 12 39 29 28 18 6 27 1 40 12 44 2 8 3 42 2 31 34 26 46
</input>
      <output size="3">893</output>
      <correct size="4">893
</correct>
      <stderr size="0"></stderr>
      <checker size="3">OK
</checker>
    </test>
    <test num="21" status="OK" time="2" real-time="3" max-memory-used="8306688"  checker-comment="OK" >
  <program-stats-str>{ utime=0, stime=2, ptime=2, rtime=3, maxvsz=8306688, maxrss=3084288, nvcsw=1, nivcsw=2 }</program-stats-str>
  <checker-stats-str>{ utime=0, stime=0, ptime=0, rtime=1, maxvsz=307200, maxrss=2285568, nvcsw=1, nivcsw=1 }</checker-stats-str>
      <input size="125">21 853
10 22 35 8 40 19 64 64 40 16 43 61 41 1 7 44 26 2 28 7 21
66 62 52 21 23 3 20 64 83 38 16 40 1 5 84 10 56 73 44 49 35
</input>
      <output size="3">845</output>
      <correct size="4">845
</correct>
      <stderr size="0"></stderr>
      <checker size="3">OK
</checker>
    </test>
    <test num="22" status="OK" time="2" real-time="3" max-memory-used="8306688"  checker-comment="OK" >
  <program-stats-str>{ utime=2, stime=0, ptime=2, rtime=3, maxvsz=8306688, maxrss=2985984, nvcsw=1, nivcsw=2 }</program-stats-str>
  <checker-stats-str>{ utime=0, stime=0, ptime=0, rtime=2, maxvsz=307200, maxrss=2285568, nvcsw=1, nivcsw=1 }</checker-stats-str>
      <input size="139">23 512
1 66 10 40 47 3 44 46 61 14 47 13 76 41 59 31 42 18 26 61 44 54 78
26 39 33 24 1 23 11 49 7 11 65 50 24 69 20 15 26 1 11 42 48 5 29
</input>
      <output size="3">534</output>
      <correct size="4">534
</correct>
      <stderr size="0"></stderr>
      <checker size="3">OK
</checker>
    </test>
    <test num="23" status="OK" time="2" real-time="4" max-memory-used="8306688"  checker-comment="OK" >
  <program-stats-str>{ utime=0, stime=2, ptime=2, rtime=4, maxvsz=8306688, maxrss=3387392, nvcsw=1, nivcsw=2 }</program-stats-str>
  <checker-stats-str>{ utime=0, stime=0, ptime=0, rtime=2, maxvsz=307200, maxrss=2285568, nvcsw=1, nivcsw=1 }</checker-stats-str>
      <input size="303">57 670
4 40 23 35 92 36 65 22 9 4 68 8 87 63 55 60 29 71 68 58 86 35 8 50 14 79 27 9 58 72 34 41 16 49 89 29 27 61 87 84 16 78 1 90 91 32 70 49 86 21 83 15 25 46 25 56 42
6 6 10 10 9 10 14 2 4 8 6 1 11 13 3 2 9 9 14 3 12 1 5 5 8 3 2 9 8 10 11 12 9 14 5 5 7 11 1 3 10 13 1 11 6 4 7 12 9 14 6 1 3 9 8 4 3
</input>
      <output size="3">220</output>
      <correct size="4">220
</correct>
      <stderr size="0"></stderr>
      <checker size="3">OK
</checker>
    </test>
    <test num="24" status="OK" time="2" real-time="3" max-memory-used="8306688"  checker-comment="OK" >
  <program-stats-str>{ utime=2, stime=0, ptime=2, rtime=3, maxvsz=8306688, maxrss=2928640, nvcsw=1, nivcsw=2 }</program-stats-str>
  <checker-stats-str>{ utime=0, stime=0, ptime=0, rtime=2, maxvsz=307200, maxrss=2285568, nvcsw=1, nivcsw=1 }</checker-stats-str>
      <input size="132">24 495
13 48 37 46 42 21 3 46 51 43 20 39 14 7 54 37 31 30 22 22 17 24 14 49
8 2 4 3 9 7 10 1 10 10 8 1 4 13 6 2 13 6 8 14 10 2 5 8
</input>
      <output size="3">153</output>
      <correct size="4">153
</correct>
      <stderr size="0"></stderr>
      <checker size="3">OK
</checker>
    </test>
    <test num="25" status="OK" time="2" real-time="3" max-memory-used="8306688"  checker-comment="OK" >
  <program-stats-str>{ utime=2, stime=0, ptime=2, rtime=3, maxvsz=8306688, maxrss=3244032, nvcsw=1, nivcsw=2 }</program-stats-str>
  <checker-stats-str>{ utime=0, stime=0, ptime=0, rtime=2, maxvsz=307200, maxrss=2285568, nvcsw=1, nivcsw=1 }</checker-stats-str>
      <input size="488">91 114
10 38 9 50 53 23 53 23 35 35 21 20 11 28 12 42 59 41 41 45 5 30 56 39 29 54 35 1 6 8 45 44 5 33 24 21 53 42 2 47 10 3 30 15 30 54 29 39 11 5 43 30 57 53 10 47 17 59 34 44 32 32 16 34 6 31 59 60 26 9 15 29 33 54 28 5 17 22 42 4 40 11 1 39 50 29 39 43 36 55 28
11 17 9 5 11 3 8 10 16 8 9 9 2 14 16 2 6 14 16 3 11 1 5 6 14 15 7 4 7 9 13 12 13 17 4 10 4 8 1 2 13 7 6 13 15 4 13 5 17 13 2 9 11 1 12 16 2 10 12 15 8 8 2 7 12 9 2 8 14 13 11 14 6 16 7 3 15 8 14 7 1 5 1 4 7 15 6 17 14 5 6
</input>
      <output size="3">174</output>
      <correct size="4">174
</correct>
      <stderr size="0"></stderr>
      <checker size="3">OK
</checker>
    </test>
    <test num="26" status="OK" time="2" real-time="3" max-memory-used="8306688"  checker-comment="OK" >
  <program-stats-str>{ utime=2, stime=0, ptime=2, rtime=3, maxvsz=8306688, maxrss=3203072, nvcsw=1, nivcsw=2 }</program-stats-str>
  <checker-stats-str>{ utime=0, stime=0, ptime=0, rtime=1, maxvsz=307200, maxrss=2285568, nvcsw=1, nivcsw=1 }</checker-stats-str>
      <input size="217">38 287
6 2 19 8 15 12 13 14 18 2 1 23 23 14 16 16 8 17 23 1 14 20 22 14 17 6 4 19 11 8 5 2 4 6 23 13 6 19
70 36 36 23 43 43 62 51 67 34 32 40 23 14 21 45 42 2 51 21 69 48 15 14 17 68 7 42 74 23 53 20 6 48 67 47 64 19
</input>
      <output size="4">1263</output>
      <correct size="5">1263
</correct>
      <stderr size="0"></stderr>
      <checker size="3">OK
</checker>
    </test>
    <test num="27" status="OK" time="2" real-time="3" max-memory-used="8306688"  checker-comment="OK" >
  <program-stats-str>{ utime=2, stime=0, ptime=2, rtime=3, maxvsz=8306688, maxrss=3170304, nvcsw=1, nivcsw=2 }</program-stats-str>
  <checker-stats-str>{ utime=0, stime=0, ptime=0, rtime=2, maxvsz=307200, maxrss=2285568, nvcsw=1, nivcsw=1 }</checker-stats-str>
      <input size="370">62 109
50 25 12 75 39 4 76 39 14 37 35 44 59 43 9 47 52 44 39 82 80 16 76 56 54 22 34 81 30 61 78 15 26 72 62 20 68 2 62 32 52 77 66 55 5 61 45 78 62 14 12 45 29 53 80 53 51 74 16 23 55 67
34 21 28 64 26 46 47 15 54 47 61 55 33 32 19 74 84 62 28 42 13 39 73 77 20 18 15 38 8 24 40 31 64 17 50 6 56 67 35 47 75 60 47 17 70 64 30 11 6 15 86 81 80 11 7 36 4 69 62 58 73 68
</input>
      <output size="3">529</output>
      <correct size="4">529
</correct>
      <stderr size="0"></stderr>
      <checker size="3">OK
</checker>
    </test>
    <test num="28" status="OK" time="1" real-time="3" max-memory-used="8306688"  checker-comment="OK" >
  <program-stats-str>{ utime=1, stime=0, ptime=1, rtime=3, maxvsz=8306688, maxrss=3096576, nvcsw=1, nivcsw=2 }</program-stats-str>
  <checker-stats-str>{ utime=0, stime=0, ptime=0, rtime=2, maxvsz=307200, maxrss=2285568, nvcsw=1, nivcsw=1 }</checker-stats-str>
      <input size="134">27 669
5 9 6 15 22 30 18 5 18 15 27 6 22 14 10 20 31 32 17 18 7 3 20 1 13 13 15
1 7 7 1 1 6 1 3 1 5 8 7 1 5 5 7 8 5 8 5 6 4 5 2 2 1 5
</input>
      <output size="3">117</output>
      <correct size="4">117
</correct>
      <stderr size="0"></stderr>
      <checker size="3">OK
</checker>
    </test>
    <test num="29" status="OK" time="2" real-time="3" max-memory-used="8306688"  checker-comment="OK" >
  <program-stats-str>{ utime=0, stime=2, ptime=2, rtime=3, maxvsz=8306688, maxrss=3055616, nvcsw=1, nivcsw=2 }</program-stats-str>
  <checker-stats-str>{ utime=0, stime=0, ptime=0, rtime=2, maxvsz=307200, maxrss=2285568, nvcsw=1, nivcsw=1 }</checker-stats-str>
      <input size="212">38 539
4 6 10 9 12 17 8 16 3 13 18 16 1 8 19 5 1 19 18 5 9 17 16 16 4 16 17 11 2 14 12 7 12 5 15 14 10 5
17 18 12 37 3 5 4 25 5 13 11 10 16 5 17 12 29 34 30 21 28 31 37 19 12 8 26 36 37 35 21 19 1 22 27 33 18 38
</input>
      <output size="3">772</output>
      <correct size="4">772
</correct>
      <stderr size="0"></stderr>
      <checker size="3">OK
</checker>
    </test>
    <test num="30" status="OK" time="2" real-time="3" max-memory-used="8306688"  checker-comment="OK" >
  <program-stats-str>{ utime=0, stime=2, ptime=2, rtime=3, maxvsz=8306688, maxrss=3051520, nvcsw=1, nivcsw=2 }</program-stats-str>
  <checker-stats-str>{ utime=0, stime=0, ptime=0, rtime=2, maxvsz=307200, maxrss=2285568, nvcsw=1, nivcsw=1 }</checker-stats-str>
      <input size="51">9 106
87 18 95 24 81 74 53 86 67
5 1 7 3 6 7 5 3 5
</input>
      <output size="2">10</output>
      <correct size="3">10
</correct>
      <stderr size="0"></stderr>
      <checker size="3">OK
</checker>
    </test>
    <test num="31" status="OK" time="2" real-time="3" max-memory-used="8306688"  checker-comment="OK" >
  <program-stats-str>{ utime=2, stime=0, ptime=2, rtime=3, maxvsz=8306688, maxrss=3432448, nvcsw=1, nivcsw=2 }</program-stats-str>
  <checker-stats-str>{ utime=0, stime=0, ptime=0, rtime=1, maxvsz=307200, maxrss=2285568, nvcsw=1, nivcsw=1 }</checker-stats-str>
      <input size="289">55 861
6 8 6 12 1 7 8 2 13 12 13 4 7 11 4 4 13 5 1 4 2 9 7 5 6 7 4 4 7 10 3 1 13 1 9 7 1 2 1 1 5 12 1 5 9 2 12 3 3 2 2 7 5 12 7
60 59 4 26 97 81 51 15 12 93 23 70 12 78 94 28 37 53 39 3 70 16 3 61 95 79 42 47 32 63 53 37 60 31 41 51 75 95 22 27 83 49 78 26 45 37 2 42 44 34 47 26 25 84 60
</input>
      <output size="4">2617</output>
      <correct size="5">2617
</correct>
      <stderr size="0"></stderr>
      <checker size="3">OK
</checker>
    </test>
    <test num="32" status="OK" time="2" real-time="3" max-memory-used="8306688"  checker-comment="OK" >
  <program-stats-str>{ utime=0, stime=2, ptime=2, rtime=3, maxvsz=8306688, maxrss=3239936, nvcsw=1, nivcsw=1 }</program-stats-str>
  <checker-stats-str>{ utime=0, stime=0, ptime=0, rtime=1, maxvsz=307200, maxrss=2285568, nvcsw=1, nivcsw=1 }</checker-stats-str>
      <input size="281">49 239
5 47 71 24 72 12 49 7 7 11 70 28 35 79 36 53 36 43 14 16 21 36 66 13 57 79 23 7 37 40 82 13 51 51 64 52 72 11 25 47 59 25 57 3 3 48 17 2 61
10 2 39 25 11 39 18 4 7 28 2 8 18 24 10 4 30 38 8 23 6 27 41 14 5 5 30 16 27 41 35 16 21 5 27 23 11 40 8 32 30 17 30 41 35 22 22 1 13
</input>
      <output size="3">412</output>
      <correct size="4">412
</correct>
      <stderr size="0"></stderr>
      <checker size="3">OK
</checker>
    </test>
    <test num="33" status="OK" time="2" real-time="3" max-memory-used="8306688"  checker-comment="OK" >
  <program-stats-str>{ utime=0, stime=2, ptime=2, rtime=3, maxvsz=8306688, maxrss=3731456, nvcsw=1, nivcsw=2 }</program-stats-str>
  <checker-stats-str>{ utime=0, stime=0, ptime=0, rtime=1, maxvsz=307200, maxrss=2285568, nvcsw=1, nivcsw=1 }</checker-stats-str>
      <input size="496">88 759
13 34 55 56 33 55 88 37 40 58 36 52 72 13 17 22 89 57 34 14 8 1 51 10 66 16 59 2 88 62 74 11 92 93 23 51 4 40 81 49 29 61 49 55 62 23 57 84 6 47 44 43 80 19 33 54 57 34 23 28 1 83 69 30 92 1 65 66 15 51 45 42 18 51 86 66 69 2 27 17 92 44 91 1 90 58 69 25
20 16 19 23 20 10 2 4 3 21 20 4 25 16 22 5 14 24 22 13 16 25 30 23 17 12 7 24 26 2 27 19 10 5 10 8 13 17 5 30 4 29 4 22 2 14 22 12 9 24 1 2 8 3 18 1 28 8 16 30 14 15 29 19 10 12 11 18 8 21 25 24 5 9 26 5 2 18 19 7 17 6 18 26 5 8 17 4
</input>
      <output size="3">658</output>
      <correct size="4">658
</correct>
      <stderr size="0"></stderr>
      <checker size="3">OK
</checker>
    </test>
    <test num="34" status="OK" time="2" real-time="3" max-memory-used="8306688"  checker-comment="OK" >
  <program-stats-str>{ utime=2, stime=0, ptime=2, rtime=3, maxvsz=8306688, maxrss=2830336, nvcsw=1, nivcsw=2 }</program-stats-str>
  <checker-stats-str>{ utime=0, stime=0, ptime=0, rtime=2, maxvsz=307200, maxrss=2285568, nvcsw=1, nivcsw=1 }</checker-stats-str>
      <input size="53">8 48
42 51 45 45 24 18 49 13
32 16 33 30 31 32 43 63
</input>
      <output size="2">95</output>
      <correct size="3">95
</correct>
      <stderr size="0"></stderr>
      <checker size="3">OK
</checker>
    </test>
    <test num="35" status="OK" time="3" real-time="3" max-memory-used="8306688"  checker-comment="OK" >
  <program-stats-str>{ utime=3, stime=0, ptime=3, rtime=3, maxvsz=8306688, maxrss=3485696, nvcsw=1, nivcsw=2 }</program-stats-str>
  <checker-stats-str>{ utime=0, stime=0, ptime=0, rtime=1, maxvsz=307200, maxrss=2285568, nvcsw=1, nivcsw=1 }</checker-stats-str>
      <input size="275">56 901
8 26 33 44 43 30 33 40 1 30 18 37 30 37 41 34 19 35 47 1 11 4 1 4 23 28 17 23 6 10 11 3 37 12 26 11 10 27 5 31 13 19 37 3 22 16 44 29 44 28 17 19 1 16 3 32
2 6 3 7 5 1 1 7 3 4 1 5 2 3 5 1 4 6 1 4 1 2 3 5 5 3 4 5 1 5 6 7 2 3 2 2 4 7 1 3 2 7 7 1 4 6 4 4 1 2 6 5 1 6 5 2
</input>
      <output size="3">191</output>
      <correct size="4">191
</correct>
      <stderr size="0"></stderr>
      <checker size="3">OK
</checker>
    </test>
    <test num="36" status="OK" time="2" real-time="3" max-memory-used="8306688"  checker-comment="OK" >
  <program-stats-str>{ utime=0, stime=2, ptime=2, rtime=3, maxvsz=8306688, maxrss=3338240, nvcsw=1, nivcsw=2 }</program-stats-str>
  <checker-stats-str>{ utime=0, stime=0, ptime=0, rtime=2, maxvsz=307200, maxrss=2285568, nvcsw=1, nivcsw=1 }</checker-stats-str>
      <input size="259">48 624
20 20 22 11 26 26 14 16 6 15 28 18 11 39 23 23 1 17 33 29 33 24 17 6 30 38 11 39 20 8 26 12 41 11 16 8 7 34 12 41 5 25 11 7 31 12 27 15
13 2 11 5 13 2 1 6 11 3 10 9 12 2 3 6 11 7 2 5 5 3 6 2 12 6 7 3 13 2 6 15 12 12 5 12 6 17 11 6 7 13 12 8 11 7 11 14
</input>
      <output size="3">340</output>
      <correct size="4">340
</correct>
      <stderr size="0"></stderr>
      <checker size="3">OK
</checker>
    </test>
    <test num="37" status="OK" time="2" real-time="3" max-memory-used="8306688"  checker-comment="OK" >
  <program-stats-str>{ utime=0, stime=2, ptime=2, rtime=3, maxvsz=8306688, maxrss=3088384, nvcsw=1, nivcsw=2 }</program-stats-str>
  <checker-stats-str>{ utime=0, stime=0, ptime=0, rtime=1, maxvsz=307200, maxrss=2285568, nvcsw=1, nivcsw=1 }</checker-stats-str>
      <input size="69">11 936
26 51 65 63 29 9 16 57 65 39 17
12 15 18 18 10 11 13 3 19 9 1
</input>
      <output size="3">129</output>
      <correct size="4">129
</correct>
      <stderr size="0"></stderr>
      <checker size="3">OK
</checker>
    </test>
    <test num="38" status="OK" time="2" real-time="4" max-memory-used="8306688"  checker-comment="OK" >
  <program-stats-str>{ utime=1, stime=1, ptime=2, rtime=4, maxvsz=8306688, maxrss=3117056, nvcsw=1, nivcsw=2 }</program-stats-str>
  <checker-stats-str>{ utime=0, stime=0, ptime=0, rtime=2, maxvsz=307200, maxrss=2285568, nvcsw=1, nivcsw=1 }</checker-stats-str>
      <input size="150">26 496
8 16 6 17 15 4 9 2 10 1 16 4 3 4 15 12 20 21 8 18 4 17 15 9 16 16
58 64 12 13 35 31 24 61 17 40 76 6 29 52 29 14 15 74 70 15 32 42 41 41 49 29
</input>
      <output size="3">969</output>
      <correct size="4">969
</correct>
      <stderr size="0"></stderr>
      <checker size="3">OK
</checker>
    </test>
    <test num="39" status="OK" time="2" real-time="4" max-memory-used="8306688"  checker-comment="OK" >
  <program-stats-str>{ utime=0, stime=2, ptime=2, rtime=4, maxvsz=8306688, maxrss=2764800, nvcsw=1, nivcsw=2 }</program-stats-str>
  <checker-stats-str>{ utime=0, stime=0, ptime=0, rtime=1, maxvsz=307200, maxrss=2285568, nvcsw=1, nivcsw=1 }</checker-stats-str>
      <input size="34">5 119
5 53 58 27 42
97 9 34 56 10
</input>
      <output size="3">187</output>
      <correct size="4">187
</correct>
      <stderr size="0"></stderr>
      <checker size="3">OK
</checker>
    </test>
    <test num="40" status="OK" time="2" real-time="3" max-memory-used="8306688"  checker-comment="OK" >
  <program-stats-str>{ utime=2, stime=0, ptime=2, rtime=3, maxvsz=8306688, maxrss=3108864, nvcsw=1, nivcsw=2 }</program-stats-str>
  <checker-stats-str>{ utime=0, stime=0, ptime=0, rtime=1, maxvsz=307200, maxrss=2285568, nvcsw=1, nivcsw=1 }</checker-stats-str>
      <input size="167">29 649
58 1 49 44 17 39 36 31 28 34 88 13 89 91 51 74 7 66 25 72 73 39 78 17 63 48 57 37 86
25 2 1 22 1 3 31 4 42 27 3 22 29 34 30 16 3 28 26 29 4 6 10 33 23 4 4 41 7
</input>
      <output size="3">418</output>
      <correct size="4">418
</correct>
      <stderr size="0"></stderr>
      <checker size="3">OK
</checker>
    </test>
    <test num="41" status="OK" time="2" real-time="3" max-memory-used="8306688"  checker-comment="OK" >
  <program-stats-str>{ utime=2, stime=0, ptime=2, rtime=3, maxvsz=8306688, maxrss=3215360, nvcsw=1, nivcsw=2 }</program-stats-str>
  <checker-stats-str>{ utime=0, stime=0, ptime=0, rtime=2, maxvsz=307200, maxrss=2285568, nvcsw=1, nivcsw=2 }</checker-stats-str>
      <input size="144">24 909
48 49 46 27 6 53 48 20 39 33 37 23 23 43 18 27 27 15 12 22 13 21 20 8
36 8 40 15 6 22 43 26 3 8 43 35 40 17 15 32 6 14 26 34 12 30 32 28
</input>
      <output size="3">571</output>
      <correct size="4">571
</correct>
      <stderr size="0"></stderr>
      <checker size="3">OK
</checker>
    </test>
    <test num="42" status="OK" time="2" real-time="3" max-memory-used="8306688"  checker-comment="OK" >
  <program-stats-str>{ utime=2, stime=0, ptime=2, rtime=3, maxvsz=8306688, maxrss=3371008, nvcsw=1, nivcsw=2 }</program-stats-str>
  <checker-stats-str>{ utime=0, stime=0, ptime=0, rtime=2, maxvsz=307200, maxrss=2285568, nvcsw=1, nivcsw=1 }</checker-stats-str>
      <input size="533">96 309
13 5 23 17 8 8 3 5 4 18 2 11 28 23 1 1 2 25 9 3 21 24 16 3 18 27 9 23 19 7 22 22 16 8 17 24 12 8 3 24 1 27 25 3 16 13 23 1 27 27 2 20 9 6 27 24 15 1 19 27 1 26 6 16 9 14 2 20 28 12 18 25 27 24 4 21 3 24 19 14 16 5 13 3 19 13 7 8 11 7 3 23 9 4 21 15
36 53 42 49 9 10 49 22 34 47 27 33 52 20 9 46 38 39 14 45 35 16 34 40 53 47 27 24 24 14 42 52 41 29 45 46 40 26 14 23 14 2 49 25 16 18 52 52 42 25 1 37 42 5 46 32 13 7 30 34 34 13 32 29 45 13 24 16 14 19 50 28 11 23 3 9 29 34 4 52 41 35 14 42 31 43 31 26 28 47 3 19 45 42 25 4
</input>
      <output size="4">1531</output>
      <correct size="5">1531
</correct>
      <stderr size="0"></stderr>
      <checker size="3">OK
</checker>
    </test>
    <test num="43" status="OK" time="2" real-time="3" max-memory-used="8306688"  checker-comment="OK" >
  <program-stats-str>{ utime=0, stime=2, ptime=2, rtime=3, maxvsz=8306688, maxrss=3293184, nvcsw=1, nivcsw=2 }</program-stats-str>
  <checker-stats-str>{ utime=0, stime=0, ptime=0, rtime=1, maxvsz=307200, maxrss=2285568, nvcsw=1, nivcsw=1 }</checker-stats-str>
      <input size="485">98 47
8 12 15 14 14 10 15 8 12 15 18 15 19 1 14 14 9 12 14 3 9 18 2 8 6 11 14 2 8 8 6 10 4 12 17 18 12 17 15 17 16 7 12 13 3 2 7 5 15 6 6 11 1 4 9 11 9 12 7 7 8 7 13 19 6 15 16 16 5 9 16 18 5 1 11 10 10 8 15 9 13 18 2 11 7 10 16 16 2 2 16 8 19 3 6 19 8 10
4 3 2 5 6 7 12 7 4 5 11 8 14 11 7 11 9 14 11 10 3 10 7 11 7 2 4 10 13 9 1 4 9 8 3 10 8 6 3 9 14 10 10 9 8 6 13 4 12 1 5 7 11 1 9 8 3 9 4 11 2 1 7 13 5 14 10 13 2 4 11 11 3 12 3 4 8 12 14 8 2 2 4 11 5 4 8 2 2 7 8 11 11 7 9 12 4 8
</input>
      <output size="3">137</output>
      <correct size="4">137
</correct>
      <stderr size="0"></stderr>
      <checker size="3">OK
</checker>
    </test>
    <test num="44" status="OK" time="2" real-time="3" max-memory-used="8306688"  checker-comment="OK" >
  <program-stats-str>{ utime=2, stime=0, ptime=2, rtime=3, maxvsz=8306688, maxrss=3092480, nvcsw=1, nivcsw=2 }</program-stats-str>
  <checker-stats-str>{ utime=0, stime=0, ptime=0, rtime=2, maxvsz=307200, maxrss=2285568, nvcsw=1, nivcsw=1 }</checker-stats-str>
      <input size="84">14 201
19 24 27 13 43 42 11 28 43 6 31 2 17 7
9 34 43 2 17 38 57 21 16 31 17 4 6 56
</input>
      <output size="3">310</output>
      <correct size="4">310
</correct>
      <stderr size="0"></stderr>
      <checker size="3">OK
</checker>
    </test>
    <test num="45" status="OK" time="2" real-time="3" max-memory-used="8306688"  checker-comment="OK" >
  <program-stats-str>{ utime=2, stime=0, ptime=2, rtime=3, maxvsz=8306688, maxrss=3280896, nvcsw=1, nivcsw=2 }</program-stats-str>
  <checker-stats-str>{ utime=0, stime=0, ptime=0, rtime=2, maxvsz=307200, maxrss=2285568, nvcsw=1, nivcsw=1 }</checker-stats-str>
      <input size="277">64 459
6 9 3 2 3 1 7 2 5 8 1 7 5 1 3 8 6 9 6 7 1 2 6 7 5 9 7 2 3 8 5 2 7 7 5 7 9 4 2 7 9 3 1 3 6 8 7 4 2 3 7 9 8 9 9 3 4 1 9 5 4 2 2 3
9 10 3 3 3 6 6 5 5 2 4 5 9 11 5 5 3 10 3 10 2 4 1 3 8 2 11 4 4 1 5 2 5 5 11 6 7 11 10 1 3 2 3 2 8 9 11 9 7 3 5 3 11 10 1 7 11 10 11 9 9 7 2 7
</input>
      <output size="3">380</output>
      <correct size="4">380
</correct>
      <stderr size="0"></stderr>
      <checker size="3">OK
</checker>
    </test>
    <test num="46" status="OK" time="2" real-time="3" max-memory-used="8306688"  checker-comment="OK" >
  <program-stats-str>{ utime=0, stime=2, ptime=2, rtime=3, maxvsz=8306688, maxrss=3272704, nvcsw=1, nivcsw=2 }</program-stats-str>
  <checker-stats-str>{ utime=0, stime=1, ptime=1, rtime=2, maxvsz=307200, maxrss=2285568, nvcsw=1, nivcsw=1 }</checker-stats-str>
      <input size="266">49 860
52 48 15 10 26 20 45 1 29 4 52 26 40 15 37 24 47 11 15 17 45 41 42 34 6 28 14 16 34 48 35 39 48 19 28 33 18 19 11 26 40 1 1 44 18 45 33 25 49
8 12 3 11 10 14 15 3 6 5 6 14 12 8 10 7 2 5 13 8 6 2 9 2 8 6 11 15 2 12 7 14 15 7 7 5 7 5 9 14 2 15 8 5 13 3 7 10 15
</input>
      <output size="3">360</output>
      <correct size="4">360
</correct>
      <stderr size="0"></stderr>
      <checker size="3">OK
</checker>
    </test>
    <test num="47" status="OK" time="2" real-time="4" max-memory-used="8306688"  checker-comment="OK" >
  <program-stats-str>{ utime=1, stime=1, ptime=2, rtime=4, maxvsz=8306688, maxrss=3158016, nvcsw=1, nivcsw=2 }</program-stats-str>
  <checker-stats-str>{ utime=0, stime=0, ptime=0, rtime=1, maxvsz=307200, maxrss=2285568, nvcsw=1, nivcsw=1 }</checker-stats-str>
      <input size="228">48 146
6 1 3 5 7 9 3 7 9 9 4 8 5 1 4 9 3 2 8 4 5 6 7 1 3 9 7 5 3 2 1 9 3 2 6 2 1 7 7 6 4 7 1 3 3 5 6 7
12 22 2 15 25 6 9 24 14 21 19 17 12 1 3 24 5 22 6 18 15 3 6 17 25 13 15 22 13 3 20 20 22 16 19 6 7 8 23 11 19 3 1 6 8 14 3 8
</input>
      <output size="3">538</output>
      <correct size="4">538
</correct>
      <stderr size="0"></stderr>
      <checker size="3">OK
</checker>
    </test>
    <test num="48" status="OK" time="2" real-time="3" max-memory-used="8306688"  checker-comment="OK" >
  <program-stats-str>{ utime=2, stime=0, ptime=2, rtime=3, maxvsz=8306688, maxrss=3338240, nvcsw=1, nivcsw=2 }</program-stats-str>
  <checker-stats-str>{ utime=0, stime=0, ptime=0, rtime=2, maxvsz=307200, maxrss=2285568, nvcsw=1, nivcsw=1 }</checker-stats-str>
      <input size="143">24 922
44 44 43 48 17 71 59 31 19 61 72 57 33 53 25 65 13 7 43 55 69 38 71 14
22 24 15 6 12 2 6 25 14 22 11 16 32 4 10 25 4 32 15 27 7 29 19 2
</input>
      <output size="3">373</output>
      <correct size="4">373
</correct>
      <stderr size="0"></stderr>
      <checker size="3">OK
</checker>
    </test>
    <test num="49" status="OK" time="2" real-time="2" max-memory-used="8306688"  checker-comment="OK" >
  <program-stats-str>{ utime=2, stime=0, ptime=2, rtime=2, maxvsz=8306688, maxrss=3469312, nvcsw=1, nivcsw=2 }</program-stats-str>
  <checker-stats-str>{ utime=0, stime=0, ptime=0, rtime=2, maxvsz=307200, maxrss=2285568, nvcsw=1, nivcsw=1 }</checker-stats-str>
      <input size="290">58 975
6 2 12 2 11 7 7 7 8 4 2 10 1 2 3 14 5 9 9 13 3 1 9 5 10 1 9 7 6 4 9 9 4 13 1 11 10 8 6 5 7 5 8 13 2 3 2 8 5 9 6 1 10 2 3 9 1 11
30 25 8 36 11 29 19 2 8 32 28 34 1 8 28 2 5 24 28 29 18 28 38 32 19 27 38 28 19 32 23 22 9 4 31 23 13 22 28 14 20 1 29 7 11 6 5 6 4 4 2 26 17 13 30 37 5 9
</input>
      <output size="4">1087</output>
      <correct size="5">1087
</correct>
      <stderr size="0"></stderr>
      <checker size="3">OK
</checker>
    </test>
    <test num="50" status="OK" time="1" real-time="3" max-memory-used="8306688"  checker-comment="OK" >
  <program-stats-str>{ utime=0, stime=1, ptime=1, rtime=3, maxvsz=8306688, maxrss=3018752, nvcsw=1, nivcsw=1 }</program-stats-str>
  <checker-stats-str>{ utime=0, stime=0, ptime=0, rtime=0, maxvsz=307200, maxrss=2285568, nvcsw=1, nivcsw=1 }</checker-stats-str>
      <input size="15">2 27
30 35
3 9
</input>
      <output size="1">0</output>
      <correct size="2">0
</correct>
      <stderr size="0"></stderr>
      <checker size="3">OK
</checker>
    </test>
    <test num="51" status="OK" time="2" real-time="4" max-memory-used="8306688"  checker-comment="OK" >
  <program-stats-str>{ utime=1, stime=1, ptime=2, rtime=4, maxvsz=8306688, maxrss=3657728, nvcsw=1, nivcsw=2 }</program-stats-str>
  <checker-stats-str>{ utime=0, stime=0, ptime=0, rtime=1, maxvsz=307200, maxrss=2285568, nvcsw=1, nivcsw=2 }</checker-stats-str>
      <input size="569">99 507
7 24 16 36 29 13 9 30 32 4 27 11 38 4 28 18 28 17 2 39 22 28 29 28 35 31 12 29 16 6 38 15 25 15 26 27 26 6 28 37 36 35 5 25 18 9 38 35 39 22 14 6 16 19 8 19 38 3 9 10 14 4 15 23 27 17 25 7 38 32 6 3 8 14 16 29 32 9 31 18 36 34 6 29 34 25 19 27 9 12 9 34 26 4 22 24 25 16 32
18 77 65 26 52 13 77 59 8 27 67 8 77 30 55 80 33 41 40 50 33 12 27 24 13 72 36 31 42 11 63 10 26 1 51 49 27 48 60 25 21 20 76 16 8 20 17 13 75 26 71 28 36 5 79 63 39 52 29 11 76 54 1 56 49 43 36 55 40 54 20 64 12 12 24 32 10 72 6 54 54 24 3 67 29 12 11 11 14 81 66 37 13 16 9 13 62 75 65
</input>
      <output size="4">2095</output>
      <correct size="5">2095
</correct>
      <stderr size="0"></stderr>
      <checker size="3">OK
</checker>
    </test>
  </tests>
</testing-report>
