Content-type: text/xml

<?xml version="1.0" encoding="utf-8"?>
<testing-report run-id="97" judge-id="28" status="WA" scoring="ACM" run-tests="1" contest-id="3103" real-time-available="yes" max-memory-used-available="yes" correct-available="yes" failed-test="1" time-limit-ms="2000" real-time-limit-ms="5000" marked-flag="no" >
  <uuid>37592241-2188-4212-8f42-650d11351f7f</uuid>
  <host>localhost.localdomain</host>
  <cpu-model>Intel(R) Pentium(R) CPU 3550M @ 2.30GHz</cpu-model>
  <cpu-mhz>2294.738</cpu-mhz>
  <compiler_output>000097.cpp: In function 'int main()':
000097.cpp:21:17: warning: comparison between signed and unsigned integer expressions [-Wsign-compare]
   for (int j=0;j&lt;G1.size();j++)
                 ^
000097.cpp:23:18: warning: comparison between signed and unsigned integer expressions [-Wsign-compare]
    for (int z=0;z&lt;gr[i].size();z++)
                  ^
000097.cpp:37:21: warning: comparison between signed and unsigned integer expressions [-Wsign-compare]
     for (int j2=0;j2&lt;G2.size();j2++)
                     ^
000097.cpp:39:22: warning: comparison between signed and unsigned integer expressions [-Wsign-compare]
      for (int z2=0;z2&lt;gr[i2].size();z2++)
                      ^
000097.cpp:65:17: warning: comparison between signed and unsigned integer expressions [-Wsign-compare]
   for (int i=0;i&lt;min(G1.size(),G2.size());i++)
                 ^
</compiler_output>
  <tests>
    <test num="1" status="WA" time="1" real-time="2" max-memory-used="311296"  checker-comment="WA ???????? ????? Incorrect" >
  <program-stats-str>{ utime=0, stime=1, ptime=1, rtime=2, maxvsz=311296, maxrss=3006464, nvcsw=1, nivcsw=1 }</program-stats-str>
  <checker-stats-str>{ utime=0, stime=0, ptime=0, rtime=1, maxvsz=462848, maxrss=2682880, nvcsw=1, nivcsw=1 }</checker-stats-str>
      <input size="16">4 3
1 2
2 3
1 3
</input>
      <output size="3">1NO</output>
      <correct size="3">NO
</correct>
      <stderr size="0"></stderr>
      <checker size="29">WA ???????? ????? Incorrect 
</checker>
    </test>
  </tests>
</testing-report>
