Content-type: text/xml

<?xml version="1.0" encoding="utf-8"?>
<testing-report run-id="71" judge-id="2" status="CE" scoring="ACM" run-tests="0" contest-id="3103" compile-error="yes" >
  <uuid>ecb9f2f2-9abd-476c-bfab-1339ffcdbe66</uuid>
  <compiler_output>000071.cpp:6:10: error: storage size of 'used' isn't known
 int used[];
          ^
000071.cpp: In function 'void dfs(int)':
000071.cpp:11:15: error: 'vec' was not declared in this scope
  for (auto &amp;u:vec[v])
               ^
000071.cpp: In function 'int main()':
000071.cpp:57:2: error: expected primary-expression before '}' token
  }
  ^
000071.cpp:57:2: error: expected ']' before '}' token
000071.cpp:57:2: error: expected ')' before '}' token
000071.cpp:57:2: error: expected primary-expression before '}' token
000071.cpp:28:6: warning: unused variable 't1' [-Wunused-variable]
  int t1, Count;
      ^
000071.cpp:49:6: warning: unused variable 'u' [-Wunused-variable]
  int u;
      ^
</compiler_output>
</testing-report>
