Content-type: text/xml

<?xml version="1.0" encoding="utf-8"?>
<testing-report run-id="59" judge-id="13" status="PE" scoring="ACM" run-tests="1" contest-id="3103" real-time-available="yes" max-memory-used-available="yes" correct-available="yes" failed-test="1" time-limit-ms="2000" real-time-limit-ms="5000" marked-flag="no" >
  <uuid>98153000-bc40-46f4-a6e4-d2397dba9bc4</uuid>
  <host>localhost.localdomain</host>
  <cpu-model>Intel(R) Pentium(R) CPU 3550M @ 2.30GHz</cpu-model>
  <cpu-mhz>2294.738</cpu-mhz>
  <compiler_output>000059.cpp: In function 'int main()':
000059.cpp:56:18: warning: comparison between signed and unsigned integer expressions [-Wsign-compare]
    for (int j=0;j&lt;G[i].size();j++)
                  ^
</compiler_output>
  <tests>
    <test num="1" status="PE" time="2" real-time="2" max-memory-used="315392"  checker-comment="3getNUm ready for 3 getcur 1 getcur 2 getcur 3 ready for 2 getcur 4 getcur 5 ready for 1 getcur 6 3getNUm ready for 3 ge..." >
  <program-stats-str>{ utime=0, stime=2, ptime=2, rtime=2, maxvsz=315392, maxrss=2969600, nvcsw=1, nivcsw=1 }</program-stats-str>
  <checker-stats-str>{ utime=0, stime=1, ptime=1, rtime=3, maxvsz=17285120, maxrss=3080192, nvcsw=1, nivcsw=1 }</checker-stats-str>
      <input size="20">6 4
3 1
1 2
5 4
2 3
</input>
      <output size="31">3
3
1 2 3 
2
4 5 
1
6 
132233

</output>
      <correct size="23">3
3
1 2 3 
2
4 5 
1
6 
</correct>
      <stderr size="0"></stderr>
      <checker size="253">3getNUm
ready for 3
getcur 1
getcur 2
getcur 3
ready for 2
getcur 4
getcur 5
ready for 1
getcur 6
3getNUm
ready for 3
getcur 1
getcur 2
getcur 3
ready for 2
getcur 4
getcur 5
ready for 1
getcur 6
wrong output format Extra information in the output file
</checker>
    </test>
  </tests>
</testing-report>
