Content-type: text/xml

<?xml version="1.0" encoding="utf-8"?>
<testing-report run-id="76" judge-id="7" status="PE" scoring="ACM" run-tests="1" contest-id="3103" real-time-available="yes" max-memory-used-available="yes" correct-available="yes" failed-test="1" time-limit-ms="2000" real-time-limit-ms="5000" marked-flag="no" >
  <uuid>a69adf5d-c6ed-4f03-8732-b931aec87f00</uuid>
  <host>localhost.localdomain</host>
  <cpu-model>Intel(R) Pentium(R) CPU 3550M @ 2.30GHz</cpu-model>
  <cpu-mhz>2294.738</cpu-mhz>
  <compiler_output>000076.cpp: In function 'int main()':
000076.cpp:20:17: warning: comparison between signed and unsigned integer expressions [-Wsign-compare]
   for (int j=0;j&lt;G1.size();j++)
                 ^
000076.cpp:22:18: warning: comparison between signed and unsigned integer expressions [-Wsign-compare]
    for (int z=0;z&lt;gr[i].size();z++)
                  ^
000076.cpp:36:21: warning: comparison between signed and unsigned integer expressions [-Wsign-compare]
     for (int j2=0;j2&lt;G2.size();j2++)
                     ^
000076.cpp:38:22: warning: comparison between signed and unsigned integer expressions [-Wsign-compare]
      for (int z2=0;z2&lt;gr[i2].size();z2++)
                      ^
000076.cpp:63:17: warning: comparison between signed and unsigned integer expressions [-Wsign-compare]
   for (int i=0;i&lt;G1.size();i++)
                 ^
000076.cpp:60:2: warning: 'kol1' may be used uninitialized in this function [-Wmaybe-uninitialized]
  if (kol1==0)
  ^
</compiler_output>
  <tests>
    <test num="1" status="PE" time="1" real-time="2" max-memory-used="311296"  checker-comment="PE ???????? ?????? ??????  ??????????? ????? ?????" >
  <program-stats-str>{ utime=0, stime=1, ptime=1, rtime=2, maxvsz=311296, maxrss=2781184, nvcsw=1, nivcsw=1 }</program-stats-str>
  <checker-stats-str>{ utime=0, stime=0, ptime=0, rtime=1, maxvsz=462848, maxrss=2682880, nvcsw=1, nivcsw=1 }</checker-stats-str>
      <input size="16">4 3
1 2
2 3
1 3
</input>
      <output size="0"></output>
      <correct size="3">NO
</correct>
      <stderr size="0"></stderr>
      <checker size="52">PE ???????? ?????? ??????  ??????????? ????? ????? 
</checker>
    </test>
  </tests>
</testing-report>
