Content-type: text/xml

<?xml version="1.0" encoding="utf-8"?>
<testing-report run-id="151" judge-id="23" status="WA" scoring="ACM" run-tests="1" contest-id="3103" real-time-available="yes" max-memory-used-available="yes" correct-available="yes" failed-test="1" time-limit-ms="2000" real-time-limit-ms="5000" marked-flag="no" >
  <uuid>451acd88-9734-4f61-8178-16af99b34b84</uuid>
  <host>localhost.localdomain</host>
  <cpu-model>Intel(R) Pentium(R) CPU 3550M @ 2.30GHz</cpu-model>
  <cpu-mhz>2294.738</cpu-mhz>
  <compiler_output></compiler_output>
  <tests>
    <test num="1" status="WA" time="27" real-time="29" max-memory-used="307200"  checker-comment="Answers do not match: output: 7, correct: 5" >
  <program-stats-str>{ utime=27, stime=0, ptime=27, rtime=29, maxvsz=307200, maxrss=6336512, nvcsw=1, nivcsw=6 }</program-stats-str>
  <checker-stats-str>{ utime=0, stime=0, ptime=0, rtime=1, maxvsz=307200, maxrss=2928640, nvcsw=1, nivcsw=1 }</checker-stats-str>
      <input size="60">5 10
##..#####.
.#.#.#....
###..##.#.
..##.....#
.###.#####
</input>
      <output size="2">7
</output>
      <correct size="2">5
</correct>
      <stderr size="0"></stderr>
      <checker size="44">Answers do not match: output: 7, correct: 5
</checker>
    </test>
  </tests>
</testing-report>
