Content-type: text/xml

<?xml version="1.0" encoding="utf-8"?>
<testing-report run-id="102" judge-id="33" status="WA" scoring="ACM" run-tests="1" contest-id="3103" real-time-available="yes" max-memory-used-available="yes" correct-available="yes" failed-test="1" time-limit-ms="2000" real-time-limit-ms="5000" marked-flag="no" >
  <uuid>86859534-f63a-4cc9-b6f5-95adaca04405</uuid>
  <host>localhost.localdomain</host>
  <cpu-model>Intel(R) Pentium(R) CPU 3550M @ 2.30GHz</cpu-model>
  <cpu-mhz>2294.738</cpu-mhz>
  <compiler_output>000102.cpp: In function 'int main()':
000102.cpp:35:27: warning: comparison between signed and unsigned integer expressions [-Wsign-compare]
         for (int i = 1; i &lt;= st1.size(); i++)
                           ^
</compiler_output>
  <tests>
    <test num="1" status="WA" time="1" real-time="2" max-memory-used="311296"  checker-comment="WA ???????? ????? Incorrect" >
  <program-stats-str>{ utime=0, stime=1, ptime=1, rtime=2, maxvsz=311296, maxrss=2777088, nvcsw=1, nivcsw=1 }</program-stats-str>
  <checker-stats-str>{ utime=0, stime=0, ptime=0, rtime=1, maxvsz=462848, maxrss=2682880, nvcsw=1, nivcsw=1 }</checker-stats-str>
      <input size="16">4 3
1 2
2 3
1 3
</input>
      <output size="6">YES
1 </output>
      <correct size="3">NO
</correct>
      <stderr size="0"></stderr>
      <checker size="29">WA ???????? ????? Incorrect 
</checker>
    </test>
  </tests>
</testing-report>
