Content-type: text/xml

<?xml version="1.0" encoding="utf-8"?>
<testing-report run-id="187" judge-id="31" status="WA" scoring="ACM" run-tests="1" contest-id="3103" real-time-available="yes" max-memory-used-available="yes" correct-available="yes" failed-test="1" time-limit-ms="2000" real-time-limit-ms="5000" marked-flag="no" >
  <uuid>055710d5-8bbd-403c-94d5-c4157bf9416a</uuid>
  <host>localhost.localdomain</host>
  <cpu-model>Intel(R) Pentium(R) CPU 3550M @ 2.30GHz</cpu-model>
  <cpu-mhz>2294.738</cpu-mhz>
  <compiler_output></compiler_output>
  <tests>
    <test num="1" status="WA" time="2" real-time="4" max-memory-used="311296"  checker-comment="Answers differ: [2]: output: 2, correct: 3" >
  <program-stats-str>{ utime=1, stime=1, ptime=2, rtime=4, maxvsz=311296, maxrss=2969600, nvcsw=1, nivcsw=2 }</program-stats-str>
  <checker-stats-str>{ utime=1, stime=0, ptime=1, rtime=102, maxvsz=2744320, maxrss=2969600, nvcsw=2, nivcsw=2 }</checker-stats-str>
      <input size="57">5
0 0 0 0 0 
0 0 0 0 1 
1 1 0 0 0 
0 0 0 0 0 
0 0 0 0 0 
</input>
      <output size="14">2
2
3
4
1
4
5
</output>
      <correct size="14">2
3
4
3
1
4
5
</correct>
      <stderr size="0"></stderr>
      <checker size="43">Answers differ: [2]: output: 2, correct: 3
</checker>
    </test>
  </tests>
</testing-report>
