Content-type: text/xml

<?xml version="1.0" encoding="utf-8"?>
<testing-report run-id="150" judge-id="22" status="OK" scoring="ACM" run-tests="11" contest-id="3103" real-time-available="yes" max-memory-used-available="yes" correct-available="yes" time-limit-ms="2000" real-time-limit-ms="5000" marked-flag="no" >
  <uuid>1b528856-9b22-4213-b2ec-efef47e619ef</uuid>
  <host>localhost.localdomain</host>
  <cpu-model>Intel(R) Pentium(R) CPU 3550M @ 2.30GHz</cpu-model>
  <cpu-mhz>2294.738</cpu-mhz>
  <compiler_output></compiler_output>
  <tests>
    <test num="1" status="OK" time="32" real-time="37" max-memory-used="307200"  checker-comment="OK" >
  <program-stats-str>{ utime=31, stime=1, ptime=32, rtime=37, maxvsz=307200, maxrss=6119424, nvcsw=1, nivcsw=10 }</program-stats-str>
  <checker-stats-str>{ utime=0, stime=0, ptime=0, rtime=1, maxvsz=307200, maxrss=2928640, nvcsw=1, nivcsw=2 }</checker-stats-str>
      <input size="18">3
***
*.*
***
2 2
</input>
      <output size="2">1
</output>
      <correct size="2">1
</correct>
      <stderr size="0"></stderr>
      <checker size="3">OK
</checker>
    </test>
    <test num="2" status="OK" time="31" real-time="36" max-memory-used="307200"  checker-comment="OK" >
  <program-stats-str>{ utime=26, stime=5, ptime=31, rtime=36, maxvsz=307200, maxrss=6279168, nvcsw=1, nivcsw=9 }</program-stats-str>
  <checker-stats-str>{ utime=0, stime=0, ptime=0, rtime=2, maxvsz=307200, maxrss=2928640, nvcsw=1, nivcsw=1 }</checker-stats-str>
      <input size="26">4
****
*..*
*..*
****
3 3
</input>
      <output size="2">4
</output>
      <correct size="2">4
</correct>
      <stderr size="0"></stderr>
      <checker size="3">OK
</checker>
    </test>
    <test num="3" status="OK" time="27" real-time="29" max-memory-used="307200"  checker-comment="OK" >
  <program-stats-str>{ utime=21, stime=6, ptime=27, rtime=29, maxvsz=307200, maxrss=6422528, nvcsw=1, nivcsw=4 }</program-stats-str>
  <checker-stats-str>{ utime=0, stime=0, ptime=0, rtime=1, maxvsz=307200, maxrss=2928640, nvcsw=1, nivcsw=1 }</checker-stats-str>
      <input size="26">4
****
**.*
****
****
2 3
</input>
      <output size="2">1
</output>
      <correct size="2">1
</correct>
      <stderr size="0"></stderr>
      <checker size="3">OK
</checker>
    </test>
    <test num="4" status="OK" time="29" real-time="31" max-memory-used="307200"  checker-comment="OK" >
  <program-stats-str>{ utime=27, stime=2, ptime=29, rtime=31, maxvsz=307200, maxrss=6365184, nvcsw=1, nivcsw=6 }</program-stats-str>
  <checker-stats-str>{ utime=0, stime=0, ptime=0, rtime=1, maxvsz=307200, maxrss=2928640, nvcsw=1, nivcsw=1 }</checker-stats-str>
      <input size="36">5
*****
*...*
*...*
*...*
*****
3 3
</input>
      <output size="2">9
</output>
      <correct size="2">9
</correct>
      <stderr size="0"></stderr>
      <checker size="3">OK
</checker>
    </test>
    <test num="5" status="OK" time="27" real-time="29" max-memory-used="307200"  checker-comment="OK" >
  <program-stats-str>{ utime=22, stime=5, ptime=27, rtime=29, maxvsz=307200, maxrss=6316032, nvcsw=1, nivcsw=4 }</program-stats-str>
  <checker-stats-str>{ utime=0, stime=0, ptime=0, rtime=1, maxvsz=307200, maxrss=2928640, nvcsw=1, nivcsw=1 }</checker-stats-str>
      <input size="36">5
*****
*...*
**.**
*...*
*****
2 2
</input>
      <output size="2">7
</output>
      <correct size="2">7
</correct>
      <stderr size="0"></stderr>
      <checker size="3">OK
</checker>
    </test>
    <test num="6" status="OK" time="27" real-time="29" max-memory-used="307200"  checker-comment="OK" >
  <program-stats-str>{ utime=21, stime=6, ptime=27, rtime=29, maxvsz=307200, maxrss=6270976, nvcsw=1, nivcsw=6 }</program-stats-str>
  <checker-stats-str>{ utime=0, stime=0, ptime=0, rtime=1, maxvsz=307200, maxrss=2928640, nvcsw=1, nivcsw=1 }</checker-stats-str>
      <input size="36">5
*****
*...*
***.*
*...*
*****
2 4
</input>
      <output size="2">7
</output>
      <correct size="2">7
</correct>
      <stderr size="0"></stderr>
      <checker size="3">OK
</checker>
    </test>
    <test num="7" status="OK" time="28" real-time="31" max-memory-used="307200"  checker-comment="OK" >
  <program-stats-str>{ utime=25, stime=3, ptime=28, rtime=31, maxvsz=307200, maxrss=6279168, nvcsw=1, nivcsw=5 }</program-stats-str>
  <checker-stats-str>{ utime=0, stime=0, ptime=0, rtime=2, maxvsz=307200, maxrss=2928640, nvcsw=1, nivcsw=1 }</checker-stats-str>
      <input size="117">10
**********
*........*
*........*
*........*
*........*
*........*
*........*
*........*
*........*
**********
5 5
</input>
      <output size="3">64
</output>
      <correct size="3">64
</correct>
      <stderr size="0"></stderr>
      <checker size="3">OK
</checker>
    </test>
    <test num="8" status="OK" time="28" real-time="30" max-memory-used="307200"  checker-comment="OK" >
  <program-stats-str>{ utime=28, stime=0, ptime=28, rtime=30, maxvsz=307200, maxrss=6316032, nvcsw=1, nivcsw=5 }</program-stats-str>
  <checker-stats-str>{ utime=0, stime=0, ptime=0, rtime=2, maxvsz=307200, maxrss=2928640, nvcsw=1, nivcsw=1 }</checker-stats-str>
      <input size="117">10
**********
*........*
*........*
*...**...*
*........*
*.....*..*
*..****..*
*.*......*
*.......**
**********
5 5
</input>
      <output size="3">55
</output>
      <correct size="3">55
</correct>
      <stderr size="0"></stderr>
      <checker size="3">OK
</checker>
    </test>
    <test num="9" status="OK" time="28" real-time="31" max-memory-used="307200"  checker-comment="OK" >
  <program-stats-str>{ utime=28, stime=0, ptime=28, rtime=31, maxvsz=307200, maxrss=6311936, nvcsw=1, nivcsw=7 }</program-stats-str>
  <checker-stats-str>{ utime=0, stime=0, ptime=0, rtime=2, maxvsz=307200, maxrss=2928640, nvcsw=1, nivcsw=1 }</checker-stats-str>
      <input size="117">10
**********
*.*......*
*..*.....*
*...**...*
*....*...*
*.....*..*
*..****..*
***......*
*.......**
**********
5 5
</input>
      <output size="3">17
</output>
      <correct size="3">17
</correct>
      <stderr size="0"></stderr>
      <checker size="3">OK
</checker>
    </test>
    <test num="10" status="OK" time="28" real-time="30" max-memory-used="307200"  checker-comment="OK" >
  <program-stats-str>{ utime=28, stime=0, ptime=28, rtime=30, maxvsz=307200, maxrss=6414336, nvcsw=1, nivcsw=5 }</program-stats-str>
  <checker-stats-str>{ utime=0, stime=0, ptime=0, rtime=2, maxvsz=307200, maxrss=2928640, nvcsw=1, nivcsw=1 }</checker-stats-str>
      <input size="117">10
**********
*.*......*
*..*.....*
*...**...*
*....*...*
*.....*..*
*..****..*
***......*
*.......**
**********
9 5
</input>
      <output size="3">34
</output>
      <correct size="3">34
</correct>
      <stderr size="0"></stderr>
      <checker size="3">OK
</checker>
    </test>
    <test num="11" status="OK" time="27" real-time="30" max-memory-used="307200"  checker-comment="OK" >
  <program-stats-str>{ utime=24, stime=3, ptime=27, rtime=30, maxvsz=307200, maxrss=6111232, nvcsw=1, nivcsw=4 }</program-stats-str>
  <checker-stats-str>{ utime=0, stime=0, ptime=0, rtime=1, maxvsz=307200, maxrss=2928640, nvcsw=1, nivcsw=1 }</checker-stats-str>
      <input size="36">5
*****
**..*
*.*.*
*..**
*****
2 4
</input>
      <output size="2">3
</output>
      <correct size="2">3
</correct>
      <stderr size="0"></stderr>
      <checker size="3">OK
</checker>
    </test>
  </tests>
</testing-report>
