Content-type: text/xml

<?xml version="1.0" encoding="utf-8"?>
<testing-report run-id="130" judge-id="2" status="WA" scoring="ACM" run-tests="1" contest-id="3103" real-time-available="yes" max-memory-used-available="yes" correct-available="yes" failed-test="1" time-limit-ms="2000" real-time-limit-ms="5000" marked-flag="no" >
  <uuid>aa7393dd-a72e-49c3-b412-e275069b50a3</uuid>
  <host>localhost.localdomain</host>
  <cpu-model>Intel(R) Pentium(R) CPU 3550M @ 2.30GHz</cpu-model>
  <cpu-mhz>2294.738</cpu-mhz>
  <compiler_output>000130.cpp: In function 'int main()':
000130.cpp:46:23: warning: 'i' may be used uninitialized in this function [-Wmaybe-uninitialized]
     int SIZE_I = vec[i].size();
                       ^
</compiler_output>
  <tests>
    <test num="1" status="WA" time="2" real-time="3" max-memory-used="311296"  checker-comment="Answers differ: [1]: output: 8, correct: 2" >
  <program-stats-str>{ utime=0, stime=2, ptime=2, rtime=3, maxvsz=311296, maxrss=3006464, nvcsw=1, nivcsw=2 }</program-stats-str>
  <checker-stats-str>{ utime=0, stime=1, ptime=1, rtime=1, maxvsz=307200, maxrss=2953216, nvcsw=1, nivcsw=1 }</checker-stats-str>
      <input size="57">5
0 0 0 0 0 
0 0 0 0 1 
1 1 0 0 0 
0 0 0 0 0 
0 0 0 0 0 
</input>
      <output size="4">8
8
</output>
      <correct size="14">2
3
4
3
1
4
5
</correct>
      <stderr size="0"></stderr>
      <checker size="43">Answers differ: [1]: output: 8, correct: 2
</checker>
    </test>
  </tests>
</testing-report>
