Content-type: text/xml

<?xml version="1.0" encoding="utf-8"?>
<testing-report run-id="176" judge-id="20" status="RT" scoring="ACM" run-tests="5" contest-id="3103" real-time-available="yes" max-memory-used-available="yes" correct-available="yes" failed-test="5" time-limit-ms="2000" real-time-limit-ms="5000" marked-flag="no" >
  <uuid>92033a54-ee27-4c73-b129-c54c1eab8079</uuid>
  <host>localhost.localdomain</host>
  <cpu-model>Intel(R) Pentium(R) CPU 3550M @ 2.30GHz</cpu-model>
  <cpu-mhz>2294.738</cpu-mhz>
  <compiler_output></compiler_output>
  <tests>
    <test num="1" status="OK" time="1" real-time="2" max-memory-used="319488"  checker-comment="OK" >
  <program-stats-str>{ utime=0, stime=1, ptime=1, rtime=2, maxvsz=319488, maxrss=2969600, nvcsw=1, nivcsw=1 }</program-stats-str>
  <checker-stats-str>{ utime=0, stime=0, ptime=0, rtime=2, maxvsz=307200, maxrss=2969600, nvcsw=1, nivcsw=1 }</checker-stats-str>
      <input size="60">5 10
##..#####.
.#.#.#....
###..##.#.
..##.....#
.###.#####
</input>
      <output size="1">5</output>
      <correct size="2">5
</correct>
      <stderr size="0"></stderr>
      <checker size="3">OK
</checker>
    </test>
    <test num="2" status="OK" time="1" real-time="3" max-memory-used="319488"  checker-comment="OK" >
  <program-stats-str>{ utime=0, stime=1, ptime=1, rtime=3, maxvsz=319488, maxrss=2969600, nvcsw=1, nivcsw=1 }</program-stats-str>
  <checker-stats-str>{ utime=0, stime=0, ptime=0, rtime=3, maxvsz=307200, maxrss=2969600, nvcsw=1, nivcsw=1 }</checker-stats-str>
      <input size="656">25 25
#.#.#.#.#.#.#.#.#.#.#.#.#
.#.#.#.#.#.#.#.#.#.#.#.#.
#.#.#.#.#.#.#.#.#.#.#.#.#
.#.#.#.#.#.#.#.#.#.#.#.#.
#.#.#.#.#.#.#.#.#.#.#.#.#
.#.#.#.#.#.#.#.#.#.#.#.#.
#.#.#.#.#.#.#.#.#.#.#.#.#
.#.#.#.#.#.#.#.#.#.#.#.#.
#.#.#.#.#.#.#.#.#.#.#.#.#
.#.#.#.#.#.#.#.#.#.#.#.#.
#.#.#.#.#.#.#.#.#.#.#.#.#
.#.#.#.#.#.#.#.#.#.#.#.#.
#.#.#.#.#.#.#.#.#.#.#.#.#
.#.#.#.#.#.#.#.#.#.#.#.#.
#.#.#.#.#.#.#.#.#.#.#.#.#
.#.#.#.#.#.#.#.#.#.#.#.#.
#.#.#.#.#.#.#.#.#.#.#.#.#
.#.#.#.#.#.#.#.#.#.#.#.#.
#.#.#.#.#.#.#.#.#.#.#.#.#
.#.#.#.#.#.#.#.#.#.#.#.#.
#.#.#.#.#.#.#.#.#.#.#.#.#
.#.#.#.#.#.#.#.#.#.#.#.#.
#.#.#.#.#.#.#.#.#.#.#.#.#
.#.#.#.#.#.#.#.#.#.#.#.#.
#.#.#.#.#.#.#.#.#.#.#.#.#
</input>
      <output size="3">313</output>
      <correct size="4">313
</correct>
      <stderr size="0"></stderr>
      <checker size="3">OK
</checker>
    </test>
    <test num="3" status="OK" time="1" real-time="2" max-memory-used="319488"  checker-comment="OK" >
  <program-stats-str>{ utime=0, stime=1, ptime=1, rtime=2, maxvsz=319488, maxrss=2969600, nvcsw=1, nivcsw=1 }</program-stats-str>
  <checker-stats-str>{ utime=0, stime=0, ptime=0, rtime=1, maxvsz=307200, maxrss=2969600, nvcsw=1, nivcsw=1 }</checker-stats-str>
      <input size="6">1 1
.
</input>
      <output size="1">0</output>
      <correct size="2">0
</correct>
      <stderr size="0"></stderr>
      <checker size="3">OK
</checker>
    </test>
    <test num="4" status="OK" time="32" real-time="39" max-memory-used="319488"  checker-comment="OK" >
  <program-stats-str>{ utime=32, stime=0, ptime=32, rtime=39, maxvsz=319488, maxrss=3883008, nvcsw=1, nivcsw=12 }</program-stats-str>
  <checker-stats-str>{ utime=0, stime=0, ptime=0, rtime=1, maxvsz=307200, maxrss=2969600, nvcsw=1, nivcsw=2 }</checker-stats-str>
      <input size="10108">100 100
##....##..#....#.....#.##.#.##.....####..#..#.#.#.#.#.#.#..###.#...#....###...##.#..#....#.###.#....
.#.#.#....###.##..##....##.##.#..###...###.###..#.#..#.##..##..##.#.####....#.##.#....#.#.#.###...#.
.##.##.##.#..##.##..#....#.####.#..###.#...##.#.#..#...##..#...#.#.##..##...#.###..#####....#.######
#######.##.#.##...###.#.#.##.#.#.#.######.##....#.#.#####.##.##.#.....#.##.#.....##..###.#.#####.#.#
##.#....##.##...##..#.....#.#.#......#..#.#.####.#..#..###.#.###...##.#..#..#####....##....###.###.#
#.#.##..#....#..#....#.##.###...#...##...###.#.###.#..#.#..###.##...#.#..####.#..#.#...#.###.#####..
.#####..#####.###.#..##.#####......#.#.#..#...#.#..##..##..####.......###.###.#..#...###.#..##.#..#.
..#.##.#.###..######...##..###..#.#.#........#########.###.#...##.#......##..#######..#..##.##..###.
#....##..#.##.###.#.###...###....#..#..##...##..#.#.#.....##..########..##.##..#.##..####.##.###.#.#
........#...##.#.##.####...###...#####.#.###.#####.###.###.#.....####.#####.##.#...##...#######.##.#
.#####.##.#.###.##........##.#.###........#.....#....##....#.#.##.#.###.####..##...##.###........#..
.####...#######..####..##..###..#.##...##...#..###....#....#..#..##...##..#...##...#..#.##.###...#.#
##.##.#..##.#.#.#.....##..#.#.#.##..####.####..#..#..##.###.########.....##.#..#.###.....##..###.#.#
.#..#....####.##.##.#..###....###..#..###..##..###....##.#..###.##.....##..#####..#.#.##..##.##.##..
##..#.#.###...####.#.#.#...#.#.##.#...#..###.....##.###....####.#.#...#...#.#..#......###.##..#..#..
###..##....#.#.....#.....#....#.#.#.##...####.....###....#.#.#...#.#..####.##...#..#...##..#..##.##.
#.#..#.#.#.##..#..###.........##.......#######..#.....#..##....#####.#..##.###..#.##.#.#..##.#.#..#.
...####..#####..####..#.##.....#..#######.#.#.####...#.......##.#####.#..#..#.####...##.###..#.#.##.
##...#..##..###....##.##...##.....#.####....##..#.#..#........#..#....###...##.###...##.##...#....#.
###.....#..#####.#...#..####..#####.#.#.##.##.#####...#.#..####....##..#.#......#.####.###...#.#...#
#...#..#.....###..##.#.##.#.#####...#.#....####.##.#.#######.##.##...##..##.#...#..###.##.#.###..#..
#....#.##.#..#.##..#.#.##..#.#####.##..#..##.#.#..#.#.##..#####..##...##...#.###..#..#...####..####.
#.######..#.####..#.###.#..#.##.######..#############.#.####.####.....#......######....####.......##
.##..##.....#.###.#.....#..#...#.######....####.#.##.#####.#...####.###..#..#..#..#......#...##..#.#
##.......#.##...##...####.##..####..###..#..###.#...##.#.#........#...#.#.#...#.###.#####...#..####.
.##.#.#.#######.#..#.#......#..####.#......###.######.##..##..#..##....###.##.#.....#..###......##..
.##..###.###..##...#..#.##.#.####.#...#.#.#...#..###..##.####..##.#.#..#.######.#.#.#...#...#...##..
...#...#.###.##.#.#...#..#...#.#.....#.#...#.#####..######.#####.##..####.#.###.##..#.####...###..#.
#...#....###.#..#.####.##..####..##..###...#.##...#...##..##.###.#.##.#..###..##.####....##....#####
#.#....#.#....#.....##...#...#.###..#......########.###.#.#...##.##.##.####.#...##...#.###..###..#..
#....######..###..##.#.###.#...#####..###..#.##..###...###.......#...#####..#..#.#.###.#.#.###..####
.#.###....#####....#...######.###..####.#.##.###.#..#.##....#.#..#####.####...#.###.#.#.####...#..#.
..###..#.#..##..#.#....##..#####..#..##.##...##..##..##########.#.###.#.##..#...##.#..#.#..#.#..#.#.
##.#.#..###.#..#....#....##..##.#....####.###..#.#####.#..###.###..#.##.###.#.#..#.#.##..#.######..#
.#.###..#....####....#.#.####...#.#.#.#.#.##...#..######....#..##...##.##.#.##..##.####.#.####.####.
#...#####.###..#.#####.###..####.##.##.#...#.####.##.#..#......###.#.###..#...##.##.####.#.##.#..###
#####.####..##..#.#.#.########.#.##.#.#.#.#...#......#.###########.##.#.####.##.##.#......##..##..#.
..##..##..#.#....#..#.####...#.###.####.#..#.##.......#.##.##....#...#.#.#.#......##..##..#..##....#
##...#########...####.###...##..####..###.##.#.#.###.....##.#...####.###.#..#..##.#.#..#######.#.##.
..##.#...##...#.##.#..#....#########.#.....##..##..###.#.####.##..###....#.##.#.##.###..#.#.##...#.#
#.##..####..###.##....#...#..######.........#.##.###..##...#..#.......#.#.....#....#.##...###..#...#
.###...##...######.##.########....##..##.....###.#.#######...##...######...####.###.#.#.#.#..###.#.#
#.##...#..##..#.###.##.#..###.......#..#.##.###..#.#.#.....#...#..##.##......#.#.#..#..#######..##.#
##....##.....#.###..###.##...#...#..#...###..#......#.###..##..#.##.....###....##.#.######.###..#..#
#...#######.########..#.#.##.#.#.#...#.###.#...##.##..##.#.#..####.##...#...#.#.####.#.###....#....#
....##..##.#.#.#.#.#.#.##.#.....##...#..##........###....###...#.#.#...####.......####..##.#.#..#..#
###.##.....#.#.#....#.#...##..####..#.####...#..#...##.#...###.##.#...#..#.######..#.#...#...#.##.#.
##..#...###........#.....###..#...#...##...#####..###.####..#.#.###.#..#####...#..#..#....#...#...##
#.######.##..#####.#..##...#.#.#.#...######.....########...#.###...#...#.#..###..#...##..##..####..#
.##....#.....#.##..####..#.......##.#####..##.#.###.....#.#.####.#...##...##.#.#.#.#########...#####
##..#..###.##..#...##...#.###########..#.######.#...####..###.#.#.#..##....#..#..##.##.##.###....##.
##...#.#.##.##.##.###...#...######.########..#.#.#...#.#.##.#.#....#..#####...#.##.#.#..##...#.....#
#..##.###....#..#####.#...#.##..#......#.....#.###..#.##.#####...######..#......###...##.#..#...#.#.
.....#.#...#...#####.###.####.##.#.#..#.##..#..#####..#.#..#.#...#.#..#..#.###..####.#..##..##.#.###
..##.##..###..#..###.##.##...#..##....#.####...##..#.....######..##.#.##.#..#...###..##..##.##...###
#..#....#.#..##..##...###..#.#.#.####.#...#####.##...........#.#..##..#...##.#.##.###.####.##.#.##.#
####.###..##...#....#.#.####...#..#.##.##...#..#...##...##.####.##.###..#.######............##.###.#
#####....##.#..#..#.##.##.#.###.#.#######.#..##.#.##..#......#.#.########.#...##...#.#.#..##.#..###.
#..##..###.##..#..##.###.##.##....#####.##.###.....#....#.##.#####..##...###......###...#......#.#.#
#.##.##.#..###.#..#....#..#.#..##.###..####...##..#.#.#....#.#######..#.##.#.#..###.#.#...#..##.#.##
##....#..#.###.#..#.########...#..###..##.....#.#.#..##.#.####.##.#.......#..###...#.#.#..##..##..##
###.#.##..##.####..####.####.##..##...####.##..##...#..######..###.#..#....##..#...#.....##..#.###..
.#...#.#..##..#..#..##.#.#.#####..#..#..###.#...###.#.#...#.##.#..#.....#...###....#..##..###...##..
#####.##.###.#.###...##.##.####.......##..#.#.#.#.###...#..#...#..###.#.##.##.##.#####....##..#.#...
.#.##..#.#.#..#..#..##.#..######.#...##.....###.#..##.#######.##.##.######.....#..##....#..#......##
..##.####.#.#.#..##....####..###.#..######.###...##.#..##.#.#....##.#..#...######.###..#..##.####..#
.####....##.#..#.#####.#.........#..#....#.......#..###..##....###.#.##.#..#.#.####..####.#.....####
...#.###.###..#####..#.##..#####...#.#.##..##...#.#.#.##.#..####.#...##.##..#########.#.#..#.##..#.#
..###.....#...#....####.##..###..####.##.#....#.#.#..##.....##..##.#####.#..##......####.##..#######
#..#...#.#.####..###...###.##..##....#.#.##..##...#######.....#.#.#.#.##.###.#...#.#...##.#.#.##.#.#
#####..#....###..##.....###..#....#..##.###.##..###...#..#####.#....#.#..#..#..#..#.......#.#.###.#.
#..###..##..###.#.#.#.....#.#.##.##.###...#####..##.##.#.###.#######.##..##.#####.#.#.#.#....#.##.#.
..#..##..##.###.####.####.#...##...#..#.####....##.#.###..#.##.#.#.#.##.#...###....###.#.....#..#.##
##..##.#..#..##.##.##....####.#.#..#.#..######......######.###...#####...#.##.####.#..####..#...###.
.###.###.#...###..##.####.#..####..##.#.###.#..#...#####.#####.#.####.#####....####.##.#####..#...#.
##..####...###.......#.#.#...#.#####.##.##.#.###.#.#.#.#..#...#...#.##.......#.####.#...###.#####...
.#.....####...####...###..#####....###.##..#.#.##.#.##.##.#.#.#....##...#..#....#..#.###..#.###.####
#.###.#####..#.#...#...##..##.....###.#..##.##..##.##.##......#....##..#..##.#.#.#..######.#.##.#.#.
..#####.#...#..#.#.#....#..#.#..##....##....##..##.#....#..##....###..###.#.#######..#..####.#.##...
.#.##..#.###....#.#######...##..#...#.#.#..##.#####..###.#.##.##..#..##.#...#..#...#######...#######
##.####.##.#..####..####...##.#.######.#.#.#.#.#..#.....#...##.#.#.#.####..#..#..#.#..#.#.##.#....##
.###...#...#####.###..##.##.......###.###....#..#.#.#.#....#..#####..#......##.###.#.##..###.#######
###...#.#.#.#.#.##.##..###..##....#.#.#.#.#.##......##...###.#...###.#.###.....#.....#######..#..##.
#.#...#.#..#...##.##..#..#.###.#####.##..#....##...##.##.##..#.#####.#..#.......##.##.##.##.#..##.##
#.##....#.#..#..#..#.#..#.#.#.#.....##........#.#...#.#.#.#..#.#.#...##.##..#.#.##..##.#.#.....#..##
##.#####..#..#####..#...#.....#.##...#######.#.#.#.#####...#.#.###..##.##.##.....#...#..#..###.#....
..#..##.....###..##.#.##..#.....#.....###.#.#.###..#.#..#..#.....#..####..####..###..#..####.....###
.#####.#......######.##...####.##..#.#.#.#.###.##.....#..#...##....#.#.#.##..#.#####...#..#..##....#
.#.#.##..#.##.#.#.###.##...##....#..####...#..##.#.##...##..####..##.#.....##....##..##..##.####.#..
..####...###.##.#.#.####..##....####..#.#.##...#.##.#..######...#.##.#..#####.#.#..#.#....#####.#.#.
##.#.#.###..##.###.#####..#.###..#..#.##.##.#####...###..##...#.........###...##...####.####.#..#..#
#.#.##.#...##...#..#.#....#.####..#..#......####...##.#.#....####.##.#.###.....#.#.#.#.#.##..###...#
######..#..##.#....#.#..#...#....#..#####.##.##...#....#..#.##.#.#.####..#....###....###.#..#.##.###
..#.###....#..##.#....#.###...#####.###.##...####...###........#.##.#.#.##.#....#.##.##.#.......#...
...######.##..##..###.......###.###.....#....###..#...#..#.#....####..##..##.##....##.##.####.#.#.##
#.##.##...#####.#..#.....#.####..######.....###.#..#...#.#.#.#......#.#######.##.#.#..##..##.#..#.#.
###.#.#####...##.###..#..#.##.#.#.#...##.#.##...#.##.##.##.##.##..#..#.###.#..#.##.#.#.#..##.#..#...
...##.#..#.####.#.##.#.##....#.#.#..##...##.###.###.##.......##..#####..#....##..#.#....##.#...#..#.
.....#.##.#.#.##...........#.#.#####.##...#####...#....#..#.##..#..###..#.##...###....#.#...#.....#.
#....##...##.#..#.....####....##..#.###....#..#######..#.#.....#.##.##...#..#...###.#..###....##.##.
</input>
      <output size="3">611</output>
      <correct size="4">611
</correct>
      <stderr size="0"></stderr>
      <checker size="3">OK
</checker>
    </test>
    <test num="5" status="RT" term-signal="6" time="1166" real-time="1271" max-memory-used="266059776" >
  <program-stats-str>{ utime=813, stime=353, ptime=1166, rtime=1271, maxvsz=266059776, maxrss=264273920, nvcsw=1, nivcsw=121 }</program-stats-str>
      <input size="10108">100 100
####################################################################################################
####################################################################################################
####################################################################################################
####################################################################################################
####################################################################################################
####################################################################################################
####################################################################################################
####################################################################################################
####################################################################################################
####################################################################################################
####################################################################################################
####################################################################################################
####################################################################################################
####################################################################################################
####################################################################################################
####################################################################################################
####################################################################################################
####################################################################################################
####################################################################################################
####################################################################################################
####################################################################################################
####################################################################################################
####################################################################################################
####################################################################################################
####################################################################################################
####################################################################################################
####################################################################################################
####################################################################################################
####################################################################################################
####################################################################################################
####################################################################################################
####################################################################################################
####################################################################################################
####################################################################################################
####################################################################################################
####################################################################################################
####################################################################################################
####################################################################################################
####################################################################################################
####################################################################################################
####################################################################################################
####################################################################################################
####################################################################################################
####################################################################################################
####################################################################################################
####################################################################################################
####################################################################################################
####################################################################################################
####################################################################################################
####################################################################################################
####################################################################################################
####################################################################################################
####################################################################################################
####################################################################################################
####################################################################################################
####################################################################################################
####################################################################################################
####################################################################################################
####################################################################################################
####################################################################################################
####################################################################################################
####################################################################################################
####################################################################################################
####################################################################################################
####################################################################################################
####################################################################################################
####################################################################################################
####################################################################################################
####################################################################################################
####################################################################################################
####################################################################################################
####################################################################################################
####################################################################################################
####################################################################################################
####################################################################################################
####################################################################################################
####################################################################################################
####################################################################################################
####################################################################################################
####################################################################################################
####################################################################################################
####################################################################################################
####################################################################################################
####################################################################################################
####################################################################################################
####################################################################################################
####################################################################################################
####################################################################################################
####################################################################################################
####################################################################################################
####################################################################################################
####################################################################################################
####################################################################################################
####################################################################################################
####################################################################################################
####################################################################################################
####################################################################################################
####################################################################################################
####################################################################################################
####################################################################################################
</input>
      <output size="0"></output>
      <stderr size="90">terminate called after throwing an instance of 'std::bad_alloc'
  what():  std::bad_alloc
</stderr>
    </test>
  </tests>
</testing-report>
