Content-type: text/xml

<?xml version="1.0" encoding="utf-8"?>
<testing-report run-id="181" judge-id="25" status="WA" scoring="ACM" run-tests="1" contest-id="3103" real-time-available="yes" max-memory-used-available="yes" correct-available="yes" failed-test="1" time-limit-ms="2000" real-time-limit-ms="5000" marked-flag="no" >
  <uuid>a8a8c786-849b-4f64-b480-a162395f4a2c</uuid>
  <host>localhost.localdomain</host>
  <cpu-model>Intel(R) Pentium(R) CPU 3550M @ 2.30GHz</cpu-model>
  <cpu-mhz>2294.738</cpu-mhz>
  <compiler_output></compiler_output>
  <tests>
    <test num="1" status="WA" time="27" real-time="31" max-memory-used="307200"  checker-comment="WA ???????? ????? Incorrect" >
  <program-stats-str>{ utime=25, stime=2, ptime=27, rtime=31, maxvsz=307200, maxrss=6217728, nvcsw=1, nivcsw=6 }</program-stats-str>
  <checker-stats-str>{ utime=0, stime=0, ptime=0, rtime=1, maxvsz=462848, maxrss=2969600, nvcsw=1, nivcsw=1 }</checker-stats-str>
      <input size="16">4 3
1 2
2 3
1 3
</input>
      <output size="3">no
</output>
      <correct size="3">NO
</correct>
      <stderr size="0"></stderr>
      <checker size="29">WA ???????? ????? Incorrect 
</checker>
    </test>
  </tests>
</testing-report>
