Content-type: text/xml

<?xml version="1.0" encoding="utf-8"?>
<testing-report run-id="147" judge-id="19" status="WA" scoring="ACM" run-tests="1" contest-id="3103" real-time-available="yes" max-memory-used-available="yes" correct-available="yes" failed-test="1" time-limit-ms="2000" real-time-limit-ms="5000" marked-flag="no" >
  <uuid>b28c7d00-a432-4780-b146-7e5697d0df21</uuid>
  <host>localhost.localdomain</host>
  <cpu-model>Intel(R) Pentium(R) CPU 3550M @ 2.30GHz</cpu-model>
  <cpu-mhz>2294.738</cpu-mhz>
  <compiler_output></compiler_output>
  <tests>
    <test num="1" status="WA" time="28" real-time="30" max-memory-used="307200"  checker-comment="Answers differ: [2]: output: 2, correct: 3" >
  <program-stats-str>{ utime=25, stime=3, ptime=28, rtime=30, maxvsz=307200, maxrss=6176768, nvcsw=1, nivcsw=4 }</program-stats-str>
  <checker-stats-str>{ utime=0, stime=0, ptime=0, rtime=1, maxvsz=307200, maxrss=2928640, nvcsw=1, nivcsw=2 }</checker-stats-str>
      <input size="57">5
0 0 0 0 0 
0 0 0 0 1 
1 1 0 0 0 
0 0 0 0 0 
0 0 0 0 0 
</input>
      <output size="14">2
2
3
3
1
4
5
</output>
      <correct size="14">2
3
4
3
1
4
5
</correct>
      <stderr size="0"></stderr>
      <checker size="43">Answers differ: [2]: output: 2, correct: 3
</checker>
    </test>
  </tests>
</testing-report>
