Content-type: text/xml

<?xml version="1.0" encoding="utf-8"?>
<testing-report run-id="218" judge-id="28" status="WA" scoring="ACM" run-tests="1" contest-id="3103" real-time-available="yes" max-memory-used-available="yes" correct-available="yes" failed-test="1" time-limit-ms="2000" real-time-limit-ms="5000" marked-flag="no" >
  <uuid>ac2e777f-0af0-4e05-817a-5fca1bad6d05</uuid>
  <host>localhost.localdomain</host>
  <cpu-model>Intel(R) Pentium(R) CPU 3550M @ 2.30GHz</cpu-model>
  <cpu-mhz>2294.738</cpu-mhz>
  <compiler_output>000218.cpp: In function 'int main()':
000218.cpp:16:15: warning: unused variable 'a' [-Wunused-variable]
     int n, s, a, b, k;
               ^
000218.cpp:16:18: warning: unused variable 'b' [-Wunused-variable]
     int n, s, a, b, k;
                  ^
</compiler_output>
  <tests>
    <test num="1" status="WA" time="1" real-time="2" max-memory-used="307200"  checker-comment="Answers do not match: output: 5, correct: 3" >
  <program-stats-str>{ utime=0, stime=1, ptime=1, rtime=2, maxvsz=307200, maxrss=3112960, nvcsw=1, nivcsw=1 }</program-stats-str>
  <checker-stats-str>{ utime=0, stime=0, ptime=0, rtime=1, maxvsz=307200, maxrss=2654208, nvcsw=1, nivcsw=1 }</checker-stats-str>
      <input size="54">5 1
0 1 1 0 0
1 0 1 0 0
1 1 0 0 0
0 0 0 0 0
0 0 0 0 0
</input>
      <output size="1">5</output>
      <correct size="2">3
</correct>
      <stderr size="0"></stderr>
      <checker size="44">Answers do not match: output: 5, correct: 3
</checker>
    </test>
  </tests>
</testing-report>
