Content-type: text/xml

<?xml version="1.0" encoding="utf-8"?>
<testing-report run-id="220" judge-id="30" status="RT" scoring="ACM" run-tests="1" contest-id="3103" real-time-available="yes" max-memory-used-available="yes" correct-available="yes" failed-test="1" time-limit-ms="2000" real-time-limit-ms="5000" marked-flag="no" >
  <uuid>3b62df9e-3352-4309-a5dd-89eb8cd7db43</uuid>
  <host>localhost.localdomain</host>
  <cpu-model>Intel(R) Pentium(R) CPU 3550M @ 2.30GHz</cpu-model>
  <cpu-mhz>2294.738</cpu-mhz>
  <compiler_output></compiler_output>
  <tests>
    <test num="1" status="RT" term-signal="11" time="1" real-time="3" max-memory-used="311296" >
  <program-stats-str>{ utime=0, stime=1, ptime=1, rtime=3, maxvsz=311296, maxrss=2785280, nvcsw=1, nivcsw=2 }</program-stats-str>
      <input size="20">6 4
3 1
1 2
5 4
2 3
</input>
      <output size="24">3
3
1 3 2 
2
4 5 
33076
</output>
      <stderr size="0"></stderr>
    </test>
  </tests>
</testing-report>
