Content-type: text/xml

<?xml version="1.0" encoding="utf-8"?>
<testing-report run-id="251" judge-id="3" status="SE" scoring="ACM" run-tests="4" contest-id="3103" real-time-available="yes" max-memory-used-available="yes" correct-available="yes" failed-test="4" time-limit-ms="2000" real-time-limit-ms="5000" marked-flag="no" >
  <uuid>5c88d8a5-d1e3-4673-8eb7-783355bb52f6</uuid>
  <host>localhost.localdomain</host>
  <cpu-model>Intel(R) Pentium(R) CPU 3550M @ 2.30GHz</cpu-model>
  <cpu-mhz>2294.738</cpu-mhz>
  <compiler_output></compiler_output>
  <tests>
    <test num="1" status="OK" time="28" real-time="32" max-memory-used="307200"  checker-comment="OK" >
  <program-stats-str>{ utime=22, stime=6, ptime=28, rtime=32, maxvsz=307200, maxrss=6340608, nvcsw=1, nivcsw=7 }</program-stats-str>
  <checker-stats-str>{ utime=1, stime=1, ptime=2, rtime=3, maxvsz=307200, maxrss=2654208, nvcsw=1, nivcsw=2 }</checker-stats-str>
      <input size="60">5 10
##..#####.
.#.#.#....
###..##.#.
..##.....#
.###.#####
</input>
      <output size="2">5
</output>
      <correct size="2">5
</correct>
      <stderr size="0"></stderr>
      <checker size="3">OK
</checker>
    </test>
    <test num="2" status="OK" time="31" real-time="37" max-memory-used="307200"  checker-comment="OK" >
  <program-stats-str>{ utime=30, stime=1, ptime=31, rtime=37, maxvsz=307200, maxrss=6410240, nvcsw=1, nivcsw=11 }</program-stats-str>
  <checker-stats-str>{ utime=0, stime=0, ptime=0, rtime=2, maxvsz=307200, maxrss=2654208, nvcsw=1, nivcsw=1 }</checker-stats-str>
      <input size="656">25 25
#.#.#.#.#.#.#.#.#.#.#.#.#
.#.#.#.#.#.#.#.#.#.#.#.#.
#.#.#.#.#.#.#.#.#.#.#.#.#
.#.#.#.#.#.#.#.#.#.#.#.#.
#.#.#.#.#.#.#.#.#.#.#.#.#
.#.#.#.#.#.#.#.#.#.#.#.#.
#.#.#.#.#.#.#.#.#.#.#.#.#
.#.#.#.#.#.#.#.#.#.#.#.#.
#.#.#.#.#.#.#.#.#.#.#.#.#
.#.#.#.#.#.#.#.#.#.#.#.#.
#.#.#.#.#.#.#.#.#.#.#.#.#
.#.#.#.#.#.#.#.#.#.#.#.#.
#.#.#.#.#.#.#.#.#.#.#.#.#
.#.#.#.#.#.#.#.#.#.#.#.#.
#.#.#.#.#.#.#.#.#.#.#.#.#
.#.#.#.#.#.#.#.#.#.#.#.#.
#.#.#.#.#.#.#.#.#.#.#.#.#
.#.#.#.#.#.#.#.#.#.#.#.#.
#.#.#.#.#.#.#.#.#.#.#.#.#
.#.#.#.#.#.#.#.#.#.#.#.#.
#.#.#.#.#.#.#.#.#.#.#.#.#
.#.#.#.#.#.#.#.#.#.#.#.#.
#.#.#.#.#.#.#.#.#.#.#.#.#
.#.#.#.#.#.#.#.#.#.#.#.#.
#.#.#.#.#.#.#.#.#.#.#.#.#
</input>
      <output size="4">313
</output>
      <correct size="4">313
</correct>
      <stderr size="0"></stderr>
      <checker size="3">OK
</checker>
    </test>
    <test num="3" status="OK" time="28" real-time="33" max-memory-used="307200"  checker-comment="OK" >
  <program-stats-str>{ utime=27, stime=1, ptime=28, rtime=33, maxvsz=307200, maxrss=6332416, nvcsw=1, nivcsw=9 }</program-stats-str>
  <checker-stats-str>{ utime=0, stime=1, ptime=1, rtime=2, maxvsz=307200, maxrss=2654208, nvcsw=1, nivcsw=1 }</checker-stats-str>
      <input size="6">1 1
.
</input>
      <output size="2">0
</output>
      <correct size="2">0
</correct>
      <stderr size="0"></stderr>
      <checker size="3">OK
</checker>
    </test>
    <test num="4" status="SE" time="319" real-time="357" max-memory-used="18747392" >
  <program-stats-str>{ utime=269, stime=50, ptime=319, rtime=357, maxvsz=18747392, maxrss=18595840, nvcsw=1, nivcsw=53 }</program-stats-str>
      <input size="10108">100 100
##....##..#....#.....#.##.#.##.....####..#..#.#.#.#.#.#.#..###.#...#....###...##.#..#....#.###.#....
.#.#.#....###.##..##....##.##.#..###...###.###..#.#..#.##..##..##.#.####....#.##.#....#.#.#.###...#.
.##.##.##.#..##.##..#....#.####.#..###.#...##.#.#..#...##..#...#.#.##..##...#.###..#####....#.######
#######.##.#.##...###.#.#.##.#.#.#.######.##....#.#.#####.##.##.#.....#.##.#.....##..###.#.#####.#.#
##.#....##.##...##..#.....#.#.#......#..#.#.####.#..#..###.#.###...##.#..#..#####....##....###.###.#
#.#.##..#....#..#....#.##.###...#...##...###.#.###.#..#.#..###.##...#.#..####.#..#.#...#.###.#####..
.#####..#####.###.#..##.#####......#.#.#..#...#.#..##..##..####.......###.###.#..#...###.#..##.#..#.
..#.##.#.###..######...##..###..#.#.#........#########.###.#...##.#......##..#######..#..##.##..###.
#....##..#.##.###.#.###...###....#..#..##...##..#.#.#.....##..########..##.##..#.##..####.##.###.#.#
........#...##.#.##.####...###...#####.#.###.#####.###.###.#.....####.#####.##.#...##...#######.##.#
.#####.##.#.###.##........##.#.###........#.....#....##....#.#.##.#.###.####..##...##.###........#..
.####...#######..####..##..###..#.##...##...#..###....#....#..#..##...##..#...##...#..#.##.###...#.#
##.##.#..##.#.#.#.....##..#.#.#.##..####.####..#..#..##.###.########.....##.#..#.###.....##..###.#.#
.#..#....####.##.##.#..###....###..#..###..##..###....##.#..###.##.....##..#####..#.#.##..##.##.##..
##..#.#.###...####.#.#.#...#.#.##.#...#..###.....##.###....####.#.#...#...#.#..#......###.##..#..#..
###..##....#.#.....#.....#....#.#.#.##...####.....###....#.#.#...#.#..####.##...#..#...##..#..##.##.
#.#..#.#.#.##..#..###.........##.......#######..#.....#..##....#####.#..##.###..#.##.#.#..##.#.#..#.
...####..#####..####..#.##.....#..#######.#.#.####...#.......##.#####.#..#..#.####...##.###..#.#.##.
##...#..##..###....##.##...##.....#.####....##..#.#..#........#..#....###...##.###...##.##...#....#.
###.....#..#####.#...#..####..#####.#.#.##.##.#####...#.#..####....##..#.#......#.####.###...#.#...#
#...#..#.....###..##.#.##.#.#####...#.#....####.##.#.#######.##.##...##..##.#...#..###.##.#.###..#..
#....#.##.#..#.##..#.#.##..#.#####.##..#..##.#.#..#.#.##..#####..##...##...#.###..#..#...####..####.
#.######..#.####..#.###.#..#.##.######..#############.#.####.####.....#......######....####.......##
.##..##.....#.###.#.....#..#...#.######....####.#.##.#####.#...####.###..#..#..#..#......#...##..#.#
##.......#.##...##...####.##..####..###..#..###.#...##.#.#........#...#.#.#...#.###.#####...#..####.
.##.#.#.#######.#..#.#......#..####.#......###.######.##..##..#..##....###.##.#.....#..###......##..
.##..###.###..##...#..#.##.#.####.#...#.#.#...#..###..##.####..##.#.#..#.######.#.#.#...#...#...##..
...#...#.###.##.#.#...#..#...#.#.....#.#...#.#####..######.#####.##..####.#.###.##..#.####...###..#.
#...#....###.#..#.####.##..####..##..###...#.##...#...##..##.###.#.##.#..###..##.####....##....#####
#.#....#.#....#.....##...#...#.###..#......########.###.#.#...##.##.##.####.#...##...#.###..###..#..
#....######..###..##.#.###.#...#####..###..#.##..###...###.......#...#####..#..#.#.###.#.#.###..####
.#.###....#####....#...######.###..####.#.##.###.#..#.##....#.#..#####.####...#.###.#.#.####...#..#.
..###..#.#..##..#.#....##..#####..#..##.##...##..##..##########.#.###.#.##..#...##.#..#.#..#.#..#.#.
##.#.#..###.#..#....#....##..##.#....####.###..#.#####.#..###.###..#.##.###.#.#..#.#.##..#.######..#
.#.###..#....####....#.#.####...#.#.#.#.#.##...#..######....#..##...##.##.#.##..##.####.#.####.####.
#...#####.###..#.#####.###..####.##.##.#...#.####.##.#..#......###.#.###..#...##.##.####.#.##.#..###
#####.####..##..#.#.#.########.#.##.#.#.#.#...#......#.###########.##.#.####.##.##.#......##..##..#.
..##..##..#.#....#..#.####...#.###.####.#..#.##.......#.##.##....#...#.#.#.#......##..##..#..##....#
##...#########...####.###...##..####..###.##.#.#.###.....##.#...####.###.#..#..##.#.#..#######.#.##.
..##.#...##...#.##.#..#....#########.#.....##..##..###.#.####.##..###....#.##.#.##.###..#.#.##...#.#
#.##..####..###.##....#...#..######.........#.##.###..##...#..#.......#.#.....#....#.##...###..#...#
.###...##...######.##.########....##..##.....###.#.#######...##...######...####.###.#.#.#.#..###.#.#
#.##...#..##..#.###.##.#..###.......#..#.##.###..#.#.#.....#...#..##.##......#.#.#..#..#######..##.#
##....##.....#.###..###.##...#...#..#...###..#......#.###..##..#.##.....###....##.#.######.###..#..#
#...#######.########..#.#.##.#.#.#...#.###.#...##.##..##.#.#..####.##...#...#.#.####.#.###....#....#
....##..##.#.#.#.#.#.#.##.#.....##...#..##........###....###...#.#.#...####.......####..##.#.#..#..#
###.##.....#.#.#....#.#...##..####..#.####...#..#...##.#...###.##.#...#..#.######..#.#...#...#.##.#.
##..#...###........#.....###..#...#...##...#####..###.####..#.#.###.#..#####...#..#..#....#...#...##
#.######.##..#####.#..##...#.#.#.#...######.....########...#.###...#...#.#..###..#...##..##..####..#
.##....#.....#.##..####..#.......##.#####..##.#.###.....#.#.####.#...##...##.#.#.#.#########...#####
##..#..###.##..#...##...#.###########..#.######.#...####..###.#.#.#..##....#..#..##.##.##.###....##.
##...#.#.##.##.##.###...#...######.########..#.#.#...#.#.##.#.#....#..#####...#.##.#.#..##...#.....#
#..##.###....#..#####.#...#.##..#......#.....#.###..#.##.#####...######..#......###...##.#..#...#.#.
.....#.#...#...#####.###.####.##.#.#..#.##..#..#####..#.#..#.#...#.#..#..#.###..####.#..##..##.#.###
..##.##..###..#..###.##.##...#..##....#.####...##..#.....######..##.#.##.#..#...###..##..##.##...###
#..#....#.#..##..##...###..#.#.#.####.#...#####.##...........#.#..##..#...##.#.##.###.####.##.#.##.#
####.###..##...#....#.#.####...#..#.##.##...#..#...##...##.####.##.###..#.######............##.###.#
#####....##.#..#..#.##.##.#.###.#.#######.#..##.#.##..#......#.#.########.#...##...#.#.#..##.#..###.
#..##..###.##..#..##.###.##.##....#####.##.###.....#....#.##.#####..##...###......###...#......#.#.#
#.##.##.#..###.#..#....#..#.#..##.###..####...##..#.#.#....#.#######..#.##.#.#..###.#.#...#..##.#.##
##....#..#.###.#..#.########...#..###..##.....#.#.#..##.#.####.##.#.......#..###...#.#.#..##..##..##
###.#.##..##.####..####.####.##..##...####.##..##...#..######..###.#..#....##..#...#.....##..#.###..
.#...#.#..##..#..#..##.#.#.#####..#..#..###.#...###.#.#...#.##.#..#.....#...###....#..##..###...##..
#####.##.###.#.###...##.##.####.......##..#.#.#.#.###...#..#...#..###.#.##.##.##.#####....##..#.#...
.#.##..#.#.#..#..#..##.#..######.#...##.....###.#..##.#######.##.##.######.....#..##....#..#......##
..##.####.#.#.#..##....####..###.#..######.###...##.#..##.#.#....##.#..#...######.###..#..##.####..#
.####....##.#..#.#####.#.........#..#....#.......#..###..##....###.#.##.#..#.#.####..####.#.....####
...#.###.###..#####..#.##..#####...#.#.##..##...#.#.#.##.#..####.#...##.##..#########.#.#..#.##..#.#
..###.....#...#....####.##..###..####.##.#....#.#.#..##.....##..##.#####.#..##......####.##..#######
#..#...#.#.####..###...###.##..##....#.#.##..##...#######.....#.#.#.#.##.###.#...#.#...##.#.#.##.#.#
#####..#....###..##.....###..#....#..##.###.##..###...#..#####.#....#.#..#..#..#..#.......#.#.###.#.
#..###..##..###.#.#.#.....#.#.##.##.###...#####..##.##.#.###.#######.##..##.#####.#.#.#.#....#.##.#.
..#..##..##.###.####.####.#...##...#..#.####....##.#.###..#.##.#.#.#.##.#...###....###.#.....#..#.##
##..##.#..#..##.##.##....####.#.#..#.#..######......######.###...#####...#.##.####.#..####..#...###.
.###.###.#...###..##.####.#..####..##.#.###.#..#...#####.#####.#.####.#####....####.##.#####..#...#.
##..####...###.......#.#.#...#.#####.##.##.#.###.#.#.#.#..#...#...#.##.......#.####.#...###.#####...
.#.....####...####...###..#####....###.##..#.#.##.#.##.##.#.#.#....##...#..#....#..#.###..#.###.####
#.###.#####..#.#...#...##..##.....###.#..##.##..##.##.##......#....##..#..##.#.#.#..######.#.##.#.#.
..#####.#...#..#.#.#....#..#.#..##....##....##..##.#....#..##....###..###.#.#######..#..####.#.##...
.#.##..#.###....#.#######...##..#...#.#.#..##.#####..###.#.##.##..#..##.#...#..#...#######...#######
##.####.##.#..####..####...##.#.######.#.#.#.#.#..#.....#...##.#.#.#.####..#..#..#.#..#.#.##.#....##
.###...#...#####.###..##.##.......###.###....#..#.#.#.#....#..#####..#......##.###.#.##..###.#######
###...#.#.#.#.#.##.##..###..##....#.#.#.#.#.##......##...###.#...###.#.###.....#.....#######..#..##.
#.#...#.#..#...##.##..#..#.###.#####.##..#....##...##.##.##..#.#####.#..#.......##.##.##.##.#..##.##
#.##....#.#..#..#..#.#..#.#.#.#.....##........#.#...#.#.#.#..#.#.#...##.##..#.#.##..##.#.#.....#..##
##.#####..#..#####..#...#.....#.##...#######.#.#.#.#####...#.#.###..##.##.##.....#...#..#..###.#....
..#..##.....###..##.#.##..#.....#.....###.#.#.###..#.#..#..#.....#..####..####..###..#..####.....###
.#####.#......######.##...####.##..#.#.#.#.###.##.....#..#...##....#.#.#.##..#.#####...#..#..##....#
.#.#.##..#.##.#.#.###.##...##....#..####...#..##.#.##...##..####..##.#.....##....##..##..##.####.#..
..####...###.##.#.#.####..##....####..#.#.##...#.##.#..######...#.##.#..#####.#.#..#.#....#####.#.#.
##.#.#.###..##.###.#####..#.###..#..#.##.##.#####...###..##...#.........###...##...####.####.#..#..#
#.#.##.#...##...#..#.#....#.####..#..#......####...##.#.#....####.##.#.###.....#.#.#.#.#.##..###...#
######..#..##.#....#.#..#...#....#..#####.##.##...#....#..#.##.#.#.####..#....###....###.#..#.##.###
..#.###....#..##.#....#.###...#####.###.##...####...###........#.##.#.#.##.#....#.##.##.#.......#...
...######.##..##..###.......###.###.....#....###..#...#..#.#....####..##..##.##....##.##.####.#.#.##
#.##.##...#####.#..#.....#.####..######.....###.#..#...#.#.#.#......#.#######.##.#.#..##..##.#..#.#.
###.#.#####...##.###..#..#.##.#.#.#...##.#.##...#.##.##.##.##.##..#..#.###.#..#.##.#.#.#..##.#..#...
...##.#..#.####.#.##.#.##....#.#.#..##...##.###.###.##.......##..#####..#....##..#.#....##.#...#..#.
.....#.##.#.#.##...........#.#.#####.##...#####...#....#..#.##..#..###..#.##...###....#.#...#.....#.
#....##...##.#..#.....####....##..#.###....#..#######..#.#.....#.##.##...#..#...###.#..###....##.##.
</input>
      <output size="0"></output>
      <stderr size="4910">Traceback (most recent call last):
  File &quot;./000251&quot;, line 36, in &lt;module&gt;
    dfs(x, y)
  File &quot;./000251&quot;, line 24, in dfs
    dfs(x, y + 1)
  File &quot;./000251&quot;, line 24, in dfs
    dfs(x, y + 1)
  File &quot;./000251&quot;, line 26, in dfs
    dfs(x - 1, y)
  File &quot;./000251&quot;, line 24, in dfs
    dfs(x, y + 1)
  File &quot;./000251&quot;, line 24, in dfs
    dfs(x, y + 1)
  File &quot;./000251&quot;, line 24, in dfs
    dfs(x, y + 1)
  File &quot;./000251&quot;, line 28, in dfs
    dfs(x + 1, y)
  File &quot;./000251&quot;, line 24, in dfs
    dfs(x, y + 1)
  File &quot;./000251&quot;, line 24, in dfs
    dfs(x, y + 1)
  File &quot;./000251&quot;, line 24, in dfs
    dfs(x, y + 1)
  File &quot;./000251&quot;, line 24, in dfs
    dfs(x, y + 1)
  File &quot;./000251&quot;, line 26, in dfs
    dfs(x - 1, y)
  File &quot;./000251&quot;, line 24, in dfs
    dfs(x, y + 1)
  File &quot;./000251&quot;, line 24, in dfs
    dfs(x, y + 1)
  File &quot;./000251&quot;, line 24, in dfs
    dfs(x, y + 1)
  File &quot;./000251&quot;, line 28, in dfs
    dfs(x + 1, y)
  File &quot;./000251&quot;, line 22, in dfs
    dfs(x, y - 1)
  File &quot;./000251&quot;, line 28, in dfs
    dfs(x + 1, y)
  File &quot;./000251&quot;, line 24, in dfs
    dfs(x, y + 1)
  File &quot;./000251&quot;, line 24, in dfs
    dfs(x, y + 1)
  File &quot;./000251&quot;, line 28, in dfs
    dfs(x + 1, y)
  File &quot;./000251&quot;, line 22, in dfs
    dfs(x, y - 1)
  File &quot;./000251&quot;, line 22, in dfs
    dfs(x, y - 1)
  File &quot;./000251&quot;, line 28, in dfs
    dfs(x + 1, y)
  File &quot;./000251&quot;, line 28, in dfs
    dfs(x + 1, y)
  File &quot;./000251&quot;, line 24, in dfs
    dfs(x, y + 1)
  File &quot;./000251&quot;, line 24, in dfs
    dfs(x, y + 1)
  File &quot;./000251&quot;, line 24, in dfs
    dfs(x, y + 1)
  File &quot;./000251&quot;, line 28, in dfs
    dfs(x + 1, y)
  File &quot;./000251&quot;, line 24, in dfs
    dfs(x, y + 1)
  File &quot;./000251&quot;, line 28, in dfs
    dfs(x + 1, y)
  File &quot;./000251&quot;, line 22, in dfs
    dfs(x, y - 1)
  File &quot;./000251&quot;, line 28, in dfs
    dfs(x + 1, y)
  File &quot;./000251&quot;, line 28, in dfs
    dfs(x + 1, y)
  File &quot;./000251&quot;, line 22, in dfs
    dfs(x, y - 1)
  File &quot;./000251&quot;, line 28, in dfs
    dfs(x + 1, y)
  File &quot;./000251&quot;, line 22, in dfs
    dfs(x, y - 1)
  File &quot;./000251&quot;, line 28, in dfs
    dfs(x + 1, y)
  File &quot;./000251&quot;, line 22, in dfs
    dfs(x, y - 1)
  File &quot;./000251&quot;, line 22, in dfs
    dfs(x, y - 1)
  File &quot;./000251&quot;, line 22, in dfs
    dfs(x, y - 1)
  File &quot;./000251&quot;, line 28, in dfs
    dfs(x + 1, y)
  File &quot;./000251&quot;, line 28, in dfs
    dfs(x + 1, y)
  File &quot;./000251&quot;, line 28, in dfs
    dfs(x + 1, y)
  File &quot;./000251&quot;, line 28, in dfs
    dfs(x + 1, y)
  File &quot;./000251&quot;, line 24, in dfs
    dfs(x, y + 1)
  File &quot;./000251&quot;, line 24, in dfs
    dfs(x, y + 1)
  File &quot;./000251&quot;, line 28, in dfs
    dfs(x + 1, y)
  File &quot;./000251&quot;, line 22, in dfs
    dfs(x, y - 1)
  File &quot;./000251&quot;, line 22, in dfs
    dfs(x, y - 1)
  File &quot;./000251&quot;, line 22, in dfs
    dfs(x, y - 1)
  File &quot;./000251&quot;, line 28, in dfs
    dfs(x + 1, y)
  File &quot;./000251&quot;, line 28, in dfs
    dfs(x + 1, y)
  File &quot;./000251&quot;, line 24, in dfs
    dfs(x, y + 1)
  File &quot;./000251&quot;, line 24, in dfs
    dfs(x, y + 1)
  File &quot;./000251&quot;, line 24, in dfs
    dfs(x, y + 1)
  File &quot;./000251&quot;, line 28, in dfs
    dfs(x + 1, y)
  File &quot;./000251&quot;, line 28, in dfs
    dfs(x + 1, y)
  File &quot;./000251&quot;, line 24, in dfs
    dfs(x, y + 1)
  File &quot;./000251&quot;, line 28, in dfs
    dfs(x + 1, y)
  File &quot;./000251&quot;, line 28, in dfs
    dfs(x + 1, y)
  File &quot;./000251&quot;, line 28, in dfs
    dfs(x + 1, y)
  File &quot;./000251&quot;, line 24, in dfs
    dfs(x, y + 1)
  File &quot;./000251&quot;, line 24, in dfs
    dfs(x, y + 1)
  File &quot;./000251&quot;, line 24, in dfs
    dfs(x, y + 1)
  File &quot;./000251&quot;, line 24, in dfs
    dfs(x, y + 1)
  File &quot;./000251&quot;, line 26, in dfs
    dfs(x - 1, y)
  File &quot;./000251&quot;, line 24, in dfs
    dfs(x, y + 1)
  File &quot;./000251&quot;, line 24, in dfs
    dfs(x, y + 1)
  File &quot;./000251&quot;, line 24, in dfs
    dfs(x, y + 1)
  File &quot;./000251&quot;, line 24, in dfs
    dfs(x, y + 1)
  File &quot;./000251&quot;, line 28, in dfs
    dfs(x + 1, y)
  File &quot;./000251&quot;, line 24, in dfs
    dfs(x, y + 1)
  File &quot;./000251&quot;, line 28, in dfs
    dfs(x + 1, y)
  File &quot;./000251&quot;, line 22, in dfs
    dfs(x, y - 1)
  File &quot;./000251&quot;, line 28, in dfs
    dfs(x + 1, y)
  File &quot;./000251&quot;, line 28, in dfs
    dfs(x + 1, y)
  File &quot;./000251&quot;, line 22, in dfs
    dfs(x, y - 1)
  File &quot;./000251&quot;, line 28, in dfs
    dfs(x + 1, y)
  File &quot;./000251&quot;, line 28, in dfs
    dfs(x + 1, y)
  File &quot;./000251&quot;, line 22, in dfs
    dfs(x, y - 1)
  File &quot;./000251&quot;, line 28, in dfs
    dfs(x + 1, y)
  File &quot;./000251&quot;, line 24, in dfs
    dfs(x, y + 1)
  File &quot;./000251&quot;, line 24, in dfs
    dfs(x, y + 1)
  File &quot;./000251&quot;, line 24, in dfs
    dfs(x, y + 1)
  File &quot;./000251&quot;, line 24, in dfs
    dfs(x, y + 1)
  File &quot;./000251&quot;, line 24, in dfs
    dfs(x, y + 1)
  File &quot;./000251&quot;, line 26, in dfs
    dfs(x - 1, y)
  File &quot;./000251&quot;, line 21, in dfs
    if y != 0 and a[y - 1][x] == '#' and not used[y - 1][x]:
RuntimeError: maximum recursion depth exceeded in comparison
</stderr>
    </test>
  </tests>
</testing-report>
