Content-type: text/xml

<?xml version="1.0" encoding="utf-8"?>
<testing-report run-id="278" judge-id="3" status="PE" scoring="ACM" run-tests="1" contest-id="3103" real-time-available="yes" max-memory-used-available="yes" correct-available="yes" failed-test="1" time-limit-ms="2000" real-time-limit-ms="5000" marked-flag="no" >
  <uuid>de5f78fd-fb8f-4ea8-ae01-8ff861279970</uuid>
  <host>localhost.localdomain</host>
  <cpu-model>Intel(R) Pentium(R) CPU 3550M @ 2.30GHz</cpu-model>
  <cpu-mhz>2294.738</cpu-mhz>
  <compiler_output></compiler_output>
  <tests>
    <test num="1" status="PE" time="28" real-time="31" max-memory-used="307200"  checker-comment="user program output: garbage where EOF expected" >
  <program-stats-str>{ utime=19, stime=9, ptime=28, rtime=31, maxvsz=307200, maxrss=6275072, nvcsw=1, nivcsw=6 }</program-stats-str>
  <checker-stats-str>{ utime=0, stime=0, ptime=0, rtime=1, maxvsz=307200, maxrss=2658304, nvcsw=1, nivcsw=1 }</checker-stats-str>
      <input size="18">3
***
*.*
***
2 2
</input>
      <output size="36">1 [[0, 0, 0], [0, 1, 0], [0, 0, 0]]
</output>
      <correct size="2">1
</correct>
      <stderr size="0"></stderr>
      <checker size="48">user program output: garbage where EOF expected
</checker>
    </test>
  </tests>
</testing-report>
