Content-type: text/xml

<?xml version="1.0" encoding="utf-8"?>
<testing-report run-id="300" judge-id="4" status="WA" scoring="ACM" run-tests="2" contest-id="3103" real-time-available="yes" max-memory-used-available="yes" correct-available="yes" failed-test="2" time-limit-ms="2000" real-time-limit-ms="5000" marked-flag="no" >
  <uuid>c20db71f-65f4-4b3d-a3ad-c8f6f54668e3</uuid>
  <host>localhost.localdomain</host>
  <cpu-model>Intel(R) Pentium(R) CPU 3550M @ 2.30GHz</cpu-model>
  <cpu-mhz>2294.738</cpu-mhz>
  <compiler_output></compiler_output>
  <tests>
    <test num="1" status="OK" time="1" real-time="2" max-memory-used="315392"  checker-comment="OK" >
  <program-stats-str>{ utime=1, stime=0, ptime=1, rtime=2, maxvsz=315392, maxrss=2920448, nvcsw=1, nivcsw=1 }</program-stats-str>
  <checker-stats-str>{ utime=0, stime=0, ptime=0, rtime=2, maxvsz=307200, maxrss=2326528, nvcsw=1, nivcsw=1 }</checker-stats-str>
      <input size="18">3
***
*.*
***
2 2
</input>
      <output size="1">1</output>
      <correct size="2">1
</correct>
      <stderr size="0"></stderr>
      <checker size="3">OK
</checker>
    </test>
    <test num="2" status="WA" time="1" real-time="1" max-memory-used="315392"  checker-comment="Answers do not match: output: 2, correct: 4" >
  <program-stats-str>{ utime=0, stime=1, ptime=1, rtime=1, maxvsz=315392, maxrss=2793472, nvcsw=1, nivcsw=1 }</program-stats-str>
  <checker-stats-str>{ utime=0, stime=0, ptime=0, rtime=1, maxvsz=307200, maxrss=2326528, nvcsw=1, nivcsw=1 }</checker-stats-str>
      <input size="26">4
****
*..*
*..*
****
3 3
</input>
      <output size="1">2</output>
      <correct size="2">4
</correct>
      <stderr size="0"></stderr>
      <checker size="44">Answers do not match: output: 2, correct: 4
</checker>
    </test>
  </tests>
</testing-report>
