Content-type: text/xml

<?xml version="1.0" encoding="utf-8"?>
<testing-report run-id="12" judge-id="13" status="WA" scoring="ACM" run-tests="3" contest-id="3004" real-time-available="yes" max-memory-used-available="yes" correct-available="yes" failed-test="3" time-limit-ms="2000" real-time-limit-ms="5000" marked-flag="no" >
  <uuid>328d7b79-9a70-4fba-8767-845efebf6844</uuid>
  <host>localhost.localdomain</host>
  <cpu-model>Intel(R) Pentium(R) CPU 3550M @ 2.30GHz</cpu-model>
  <cpu-mhz>2294.738</cpu-mhz>
  <compiler_output>Done processing 000012.cpp

</compiler_output>
  <tests>
    <test num="1" status="OK" time="1" real-time="2" max-memory-used="311296"  checker-comment="OK" >
  <program-stats-str>{ utime=0, stime=1, ptime=1, rtime=2, maxvsz=311296, maxrss=2756608, nvcsw=1, nivcsw=1 }</program-stats-str>
  <checker-stats-str>{ utime=0, stime=0, ptime=0, rtime=1, maxvsz=307200, maxrss=2654208, nvcsw=1, nivcsw=1 }</checker-stats-str>
      <input size="24">4 5
0 1
0 2
1 2
2 3
3 0
</input>
      <output size="1">4</output>
      <correct size="2">4
</correct>
      <stderr size="0"></stderr>
      <checker size="3">OK
</checker>
    </test>
    <test num="2" status="OK" time="1" real-time="2" max-memory-used="311296"  checker-comment="OK" >
  <program-stats-str>{ utime=0, stime=1, ptime=1, rtime=2, maxvsz=311296, maxrss=2752512, nvcsw=1, nivcsw=1 }</program-stats-str>
  <checker-stats-str>{ utime=0, stime=0, ptime=0, rtime=1, maxvsz=307200, maxrss=2654208, nvcsw=1, nivcsw=1 }</checker-stats-str>
      <input size="45">5 10
2 3
4 4
0 3
1 3
4 2
4 1
1 0
2 2
2 4
4 4
</input>
      <output size="1">5</output>
      <correct size="2">5
</correct>
      <stderr size="0"></stderr>
      <checker size="3">OK
</checker>
    </test>
    <test num="3" status="WA" time="1" real-time="2" max-memory-used="311296"  checker-comment="Answers do not match: output: 50, correct: 74" >
  <program-stats-str>{ utime=0, stime=1, ptime=1, rtime=2, maxvsz=311296, maxrss=2969600, nvcsw=1, nivcsw=1 }</program-stats-str>
  <checker-stats-str>{ utime=0, stime=0, ptime=0, rtime=1, maxvsz=307200, maxrss=2654208, nvcsw=1, nivcsw=1 }</checker-stats-str>
      <input size="614">50 110
33 16
31 42
21 11
21 36
18 5
32 9
39 19
6 23
45 30
27 1
49 39
41 4
28 25
44 44
9 35
16 1
21 48
5 21
11 39
14 43
2 47
21 7
5 5
44 12
28 13
32 6
48 30
4 48
41 0
34 46
12 5
49 2
7 35
48 22
12 49
40 2
8 42
32 44
47 11
38 8
5 10
26 43
4 16
34 33
17 26
0 18
39 20
26 6
12 42
29 1
5 10
32 1
16 23
20 13
17 21
45 6
42 15
21 31
13 38
28 3
22 49
28 2
44 20
2 1
21 16
26 17
24 9
21 16
2 29
26 31
48 10
41 13
19 4
37 41
21 5
27 42
13 26
38 16
10 42
2 38
36 36
27 28
5 3
37 11
31 6
24 41
49 0
28 49
34 34
5 45
32 47
23 21
39 18
34 3
2 18
27 33
25 12
29 45
42 20
5 39
9 8
23 12
11 6
29 49
2 44
15 15
0 13
4 48
39 45
7 34
</input>
      <output size="2">50</output>
      <correct size="3">74
</correct>
      <stderr size="0"></stderr>
      <checker size="46">Answers do not match: output: 50, correct: 74
</checker>
    </test>
  </tests>
</testing-report>
