Content-type: text/xml

<?xml version="1.0" encoding="utf-8"?>
<testing-report run-id="22" judge-id="23" status="OK" scoring="ACM" run-tests="15" contest-id="3004" real-time-available="yes" max-memory-used-available="yes" correct-available="yes" time-limit-ms="2000" real-time-limit-ms="5000" marked-flag="no" >
  <uuid>e66bf33c-9e21-4a7d-82d0-3a3e2531a87d</uuid>
  <host>localhost.localdomain</host>
  <cpu-model>Intel(R) Pentium(R) CPU 3550M @ 2.30GHz</cpu-model>
  <cpu-mhz>2294.738</cpu-mhz>
  <compiler_output>Done processing 000022.cpp

</compiler_output>
  <tests>
    <test num="1" status="OK" time="1" real-time="2" max-memory-used="4313088"  checker-comment="OK" >
  <program-stats-str>{ utime=0, stime=1, ptime=1, rtime=2, maxvsz=4313088, maxrss=3088384, nvcsw=1, nivcsw=1 }</program-stats-str>
  <checker-stats-str>{ utime=0, stime=0, ptime=0, rtime=2, maxvsz=307200, maxrss=2654208, nvcsw=1, nivcsw=1 }</checker-stats-str>
      <input size="59">5 8
1 3 75
3 4 51
2 4 19
3 2 95
2 5 42
5 4 31
1 2 9
3 5 66
</input>
      <output size="7">110 121</output>
      <correct size="8">110 121
</correct>
      <stderr size="0"></stderr>
      <checker size="3">OK
</checker>
    </test>
    <test num="2" status="OK" time="1" real-time="2" max-memory-used="4313088"  checker-comment="OK" >
  <program-stats-str>{ utime=0, stime=1, ptime=1, rtime=2, maxvsz=4313088, maxrss=3088384, nvcsw=1, nivcsw=1 }</program-stats-str>
  <checker-stats-str>{ utime=0, stime=0, ptime=0, rtime=1, maxvsz=307200, maxrss=2654208, nvcsw=1, nivcsw=1 }</checker-stats-str>
      <input size="92">9 13
1 2 4
1 8 8
2 8 11
3 2 8
8 9 7
8 7 1
7 9 6
9 3 2
3 4 7
3 6 4
7 6 2
4 6 14
4 5 9
5 6 10
</input>
      <output size="5">37 37</output>
      <correct size="6">37 37
</correct>
      <stderr size="0"></stderr>
      <checker size="3">OK
</checker>
    </test>
    <test num="3" status="OK" time="1" real-time="2" max-memory-used="4313088"  checker-comment="OK" >
  <program-stats-str>{ utime=0, stime=1, ptime=1, rtime=2, maxvsz=4313088, maxrss=2928640, nvcsw=1, nivcsw=1 }</program-stats-str>
  <checker-stats-str>{ utime=0, stime=0, ptime=0, rtime=1, maxvsz=307200, maxrss=2654208, nvcsw=1, nivcsw=1 }</checker-stats-str>
      <input size="52">8 8
1 2 1
4 3 3
7 6 6
7 8 7
1 8 8
3 2 2
5 6 5
5 4 4
</input>
      <output size="5">28 29</output>
      <correct size="6">28 29
</correct>
      <stderr size="0"></stderr>
      <checker size="3">OK
</checker>
    </test>
    <test num="4" status="OK" time="1" real-time="2" max-memory-used="4313088"  checker-comment="OK" >
  <program-stats-str>{ utime=0, stime=1, ptime=1, rtime=2, maxvsz=4313088, maxrss=2801664, nvcsw=1, nivcsw=1 }</program-stats-str>
  <checker-stats-str>{ utime=0, stime=0, ptime=0, rtime=1, maxvsz=307200, maxrss=2654208, nvcsw=1, nivcsw=1 }</checker-stats-str>
      <input size="74">6 9
1 2 49 
3 4 14
5 6 49
1 3 49
2 4 10
3 5 49 
4 6 44
1 4 18
4 5 25
    
</input>
      <output size="7">111 116</output>
      <correct size="8">111 116
</correct>
      <stderr size="0"></stderr>
      <checker size="3">OK
</checker>
    </test>
    <test num="5" status="OK" time="1" real-time="2" max-memory-used="4313088"  checker-comment="OK" >
  <program-stats-str>{ utime=0, stime=1, ptime=1, rtime=2, maxvsz=4313088, maxrss=3092480, nvcsw=1, nivcsw=1 }</program-stats-str>
  <checker-stats-str>{ utime=0, stime=0, ptime=0, rtime=1, maxvsz=307200, maxrss=2654208, nvcsw=1, nivcsw=1 }</checker-stats-str>
      <input size="366">10 45
6 3 84
8 6 107
6 1 62
9 1 280
9 8 288
8 5 202
5 6 284
2 4 83
10 9 230
8 10 208
1 2 36
3 9 121
9 5 299
9 4 261
9 2 272
2 5 184
3 10 219
5 10 292
9 7 265
7 5 134
1 5 269
8 4 169
5 3 42
7 1 187
2 6 192
7 2 222
4 7 196
2 3 212
5 4 58
4 6 293
8 2 29
1 3 186
8 3 126
1 8 121
10 2 274
4 3 230
1 4 52
10 6 243
6 7 151
4 10 165
3 7 234
10 1 218
6 9 164
7 10 80
8 7 163
</input>
      <output size="7">614 631</output>
      <correct size="8">614 631
</correct>
      <stderr size="0"></stderr>
      <checker size="3">OK
</checker>
    </test>
    <test num="6" status="OK" time="1" real-time="2" max-memory-used="4313088"  checker-comment="OK" >
  <program-stats-str>{ utime=0, stime=1, ptime=1, rtime=2, maxvsz=4313088, maxrss=3022848, nvcsw=1, nivcsw=1 }</program-stats-str>
  <checker-stats-str>{ utime=0, stime=0, ptime=0, rtime=1, maxvsz=307200, maxrss=2654208, nvcsw=1, nivcsw=1 }</checker-stats-str>
      <input size="67">5 8
2 5 210
4 1 149
4 2 254
2 3 124
1 3 47
5 1 271
2 1 270
3 5 110
</input>
      <output size="7">430 516</output>
      <correct size="8">430 516
</correct>
      <stderr size="0"></stderr>
      <checker size="3">OK
</checker>
    </test>
    <test num="7" status="OK" time="2" real-time="3" max-memory-used="4313088"  checker-comment="OK" >
  <program-stats-str>{ utime=0, stime=2, ptime=2, rtime=3, maxvsz=4313088, maxrss=3076096, nvcsw=1, nivcsw=2 }</program-stats-str>
  <checker-stats-str>{ utime=0, stime=0, ptime=0, rtime=2, maxvsz=307200, maxrss=2654208, nvcsw=1, nivcsw=1 }</checker-stats-str>
      <input size="241">10 30
7 1 61
3 4 3
5 10 125
5 3 83
7 2 32
2 10 41
2 9 144
5 2 25
7 3 129
5 8 259
8 3 125
5 4 150
1 6 56
5 7 137
8 6 142
6 3 238
6 9 184
4 1 161
1 9 188
6 7 102
8 2 249
6 4 159
10 4 217
1 10 298
10 7 218
1 5 207
5 9 5
6 10 90
10 8 248
9 4 35
</input>
      <output size="7">383 400</output>
      <correct size="8">383 400
</correct>
      <stderr size="0"></stderr>
      <checker size="3">OK
</checker>
    </test>
    <test num="8" status="OK" time="1" real-time="2" max-memory-used="4313088"  checker-comment="OK" >
  <program-stats-str>{ utime=0, stime=1, ptime=1, rtime=2, maxvsz=4313088, maxrss=2846720, nvcsw=1, nivcsw=1 }</program-stats-str>
  <checker-stats-str>{ utime=0, stime=0, ptime=0, rtime=1, maxvsz=307200, maxrss=2654208, nvcsw=1, nivcsw=1 }</checker-stats-str>
      <input size="434">15 50
11 14 261
3 14 136
3 6 193
3 9 90
13 6 284
15 3 21
12 3 207
5 8 75
1 6 247
7 2 126
13 9 264
12 1 84
14 4 299
7 6 145
12 8 221
11 8 275
12 13 149
14 12 225
1 4 296
9 15 224
11 10 125
7 5 131
6 11 208
9 12 265
8 3 59
7 15 61
10 13 51
4 12 173
11 7 85
7 1 187
10 7 120
5 15 58
6 12 253
5 9 65
7 14 187
3 11 33
11 13 159
3 10 169
10 5 287
3 1 221
7 8 119
10 14 292
2 3 92
11 15 20
9 1 37
14 6 157
8 6 273
10 6 151
11 1 157
8 15 166
</input>
      <output size="9">1122 1127</output>
      <correct size="10">1122 1127
</correct>
      <stderr size="0"></stderr>
      <checker size="3">OK
</checker>
    </test>
    <test num="9" status="OK" time="1" real-time="2" max-memory-used="4313088"  checker-comment="OK" >
  <program-stats-str>{ utime=0, stime=1, ptime=1, rtime=2, maxvsz=4313088, maxrss=3129344, nvcsw=1, nivcsw=1 }</program-stats-str>
  <checker-stats-str>{ utime=0, stime=0, ptime=0, rtime=2, maxvsz=307200, maxrss=2654208, nvcsw=1, nivcsw=1 }</checker-stats-str>
      <input size="460">30 50
16 27 152
24 20 46
11 26 113
3 27 56
22 19 228
15 7 159
27 5 295
10 23 49
10 4 130
15 4 244
22 8 251
13 17 79
5 20 250
6 21 68
6 18 73
4 26 291
5 3 214
16 21 247
22 12 143
19 9 144
29 1 299
8 23 42
3 10 299
10 8 231
16 10 4
4 12 93
28 6 45
10 14 184
26 20 265
27 19 256
13 11 75
5 15 94
11 6 290
18 15 269
10 26 31
27 30 147
22 2 86
6 17 269
30 18 32
11 27 270
7 29 121
8 11 214
7 13 236
14 11 264
15 24 259
23 25 235
6 9 12
2 14 126
20 13 143
18 17 239
</input>
      <output size="9">3011 3033</output>
      <correct size="10">3011 3033
</correct>
      <stderr size="0"></stderr>
      <checker size="3">OK
</checker>
    </test>
    <test num="10" status="OK" time="2" real-time="3" max-memory-used="4313088"  checker-comment="OK" >
  <program-stats-str>{ utime=2, stime=0, ptime=2, rtime=3, maxvsz=4313088, maxrss=2789376, nvcsw=1, nivcsw=2 }</program-stats-str>
  <checker-stats-str>{ utime=0, stime=0, ptime=0, rtime=1, maxvsz=307200, maxrss=2654208, nvcsw=1, nivcsw=1 }</checker-stats-str>
      <input size="945">50 100
45 24 221
46 28 219
13 18 151
15 29 103
26 46 182
26 12 179
40 41 110
19 40 58
21 37 214
42 48 39
24 28 23
50 44 197
30 12 210
49 36 237
40 43 186
25 7 67
34 19 63
16 32 5
4 28 226
30 23 147
26 41 293
13 38 80
34 15 274
13 24 183
17 38 280
6 15 190
9 47 213
2 20 276
38 19 162
17 13 123
18 14 166
10 15 6
20 35 204
40 22 24
28 3 71
28 16 127
6 12 53
23 8 215
1 6 180
26 20 28
30 19 24
4 29 205
40 7 286
37 4 209
25 6 11
26 23 78
35 41 76
26 24 94
37 28 42
33 47 135
39 20 74
15 43 205
40 44 179
18 43 42
8 17 181
24 39 169
19 25 184
25 29 282
20 48 121
15 46 250
14 8 187
26 28 277
16 1 71
11 30 258
34 33 34
21 46 265
23 4 135
22 8 77
33 23 215
39 45 236
33 25 158
31 18 85
25 26 266
28 50 11
44 36 105
2 43 186
44 23 271
47 28 39
37 27 100
16 50 20
12 49 43
9 18 160
13 1 215
21 11 44
8 21 164
47 36 146
20 13 124
34 23 4
38 27 215
15 11 272
33 48 147
39 25 73
49 39 29
23 5 199
32 36 240
37 15 138
15 49 269
2 40 207
18 32 300
41 9 80
</input>
      <output size="9">3969 3978</output>
      <correct size="10">3969 3978
</correct>
      <stderr size="0"></stderr>
      <checker size="3">OK
</checker>
    </test>
    <test num="11" status="OK" time="2" real-time="3" max-memory-used="4313088"  checker-comment="OK" >
  <program-stats-str>{ utime=0, stime=2, ptime=2, rtime=3, maxvsz=4313088, maxrss=3096576, nvcsw=1, nivcsw=1 }</program-stats-str>
  <checker-stats-str>{ utime=0, stime=0, ptime=0, rtime=2, maxvsz=307200, maxrss=2654208, nvcsw=1, nivcsw=1 }</checker-stats-str>
      <input size="1877">60 200
19 2 238
5 6 14
16 58 147
28 38 257
55 57 196
27 50 288
30 54 209
7 33 291
46 24 100
4 12 15
11 38 123
40 22 37
45 8 155
11 7 284
4 18 55
17 38 221
52 14 196
26 34 36
7 41 247
1 40 4
20 16 269
13 54 232
15 10 142
29 49 150
41 8 300
46 45 49
24 11 145
8 17 4
30 47 154
17 58 154
27 57 13
29 11 55
50 35 4
10 11 194
41 35 252
45 12 191
9 40 178
40 54 86
47 7 22
53 42 207
22 28 185
31 6 151
57 25 205
46 29 25
9 23 41
29 53 146
55 30 21
50 53 180
4 54 122
60 38 107
4 20 251
15 28 9
52 1 242
21 31 65
22 26 227
7 10 101
59 42 211
41 22 225
60 35 23
52 45 298
34 21 167
43 6 249
57 10 203
56 57 269
43 36 194
56 52 131
57 17 228
28 59 86
23 51 221
33 18 207
4 22 45
40 27 263
16 56 45
43 52 196
55 28 33
44 37 175
24 27 245
41 42 83
25 38 255
25 7 272
26 24 113
5 47 197
56 8 273
3 18 250
6 42 271
12 10 11
24 4 169
36 44 125
20 43 175
47 18 146
3 51 54
14 5 256
41 29 50
57 4 299
1 28 6
60 41 247
54 18 124
21 51 169
42 19 175
50 4 212
19 59 72
47 50 147
21 38 173
58 46 300
26 41 263
55 8 276
5 18 170
24 50 296
19 50 243
25 6 143
23 17 193
57 19 226
29 13 222
37 47 33
6 33 57
39 42 129
32 22 252
22 8 64
12 40 152
37 39 72
41 43 184
31 22 134
45 58 90
15 58 83
5 11 109
51 10 248
24 41 144
43 23 54
22 21 4
37 23 201
4 17 159
55 35 146
4 40 132
4 44 238
60 39 127
19 38 214
28 23 261
53 41 231
28 33 2
38 42 59
38 37 93
2 60 55
57 37 231
56 9 140
20 51 63
13 51 137
49 30 69
44 15 244
55 47 196
18 29 74
39 49 91
16 13 150
42 1 163
42 5 153
20 25 10
34 44 51
8 51 110
28 42 230
5 51 150
56 28 247
30 31 24
42 50 225
10 48 108
49 4 60
36 11 76
29 44 253
41 57 285
12 15 60
59 25 126
20 45 227
1 20 178
57 39 242
56 41 207
46 18 229
17 21 32
7 60 220
32 41 1
5 37 74
57 9 214
50 45 102
52 58 177
59 27 57
22 13 99
59 4 209
40 23 274
57 52 201
29 16 1
50 5 110
36 14 1
47 15 239
43 3 206
39 8 259
44 58 214
50 55 175
11 21 269
31 43 36
31 3 36
53 1 78
39 34 170
41 16 257
</input>
      <output size="9">2744 2749</output>
      <correct size="10">2744 2749
</correct>
      <stderr size="0"></stderr>
      <checker size="3">OK
</checker>
    </test>
    <test num="12" status="OK" time="2" real-time="3" max-memory-used="4313088"  checker-comment="OK" >
  <program-stats-str>{ utime=0, stime=2, ptime=2, rtime=3, maxvsz=4313088, maxrss=3084288, nvcsw=1, nivcsw=1 }</program-stats-str>
  <checker-stats-str>{ utime=0, stime=0, ptime=0, rtime=1, maxvsz=307200, maxrss=2654208, nvcsw=1, nivcsw=1 }</checker-stats-str>
      <input size="2816">70 300
39 15 210
37 61 105
25 68 127
65 40 142
43 24 133
20 16 64
43 44 93
6 12 57
55 46 298
60 12 25
38 51 229
27 18 79
4 14 128
16 5 286
35 19 133
60 23 91
9 31 273
28 44 265
19 17 261
67 27 60
50 25 292
27 12 88
5 21 127
54 66 126
45 50 1
3 34 271
58 15 101
28 65 142
70 1 170
2 23 144
53 56 275
11 20 23
46 66 51
7 43 264
60 43 76
29 58 280
23 65 233
66 16 174
13 4 96
58 23 26
11 64 241
13 10 287
16 21 209
56 13 131
63 27 133
51 41 128
35 52 254
28 25 204
13 24 195
14 24 28
12 26 242
8 59 137
23 36 8
14 36 207
39 68 59
37 45 181
34 8 201
45 40 208
18 9 35
58 53 176
19 47 130
59 19 179
25 62 53
45 31 142
56 15 267
58 67 151
10 28 170
40 70 9
42 38 257
69 35 196
47 68 90
37 43 110
56 3 87
36 61 299
57 9 43
61 70 72
6 52 180
32 5 190
31 40 112
52 68 260
34 6 102
36 59 224
20 50 68
19 36 77
25 38 182
42 22 70
3 31 2
11 9 42
10 7 79
31 20 162
44 2 174
70 54 9
48 23 152
34 20 13
40 35 142
32 48 108
49 8 283
50 5 8
30 45 173
38 57 158
3 8 108
69 29 281
42 1 153
52 4 144
14 29 226
24 38 207
60 36 113
60 6 152
42 4 273
23 42 70
20 9 214
15 52 36
53 33 142
65 14 258
34 52 56
56 70 184
44 70 185
70 42 221
63 12 292
65 1 13
9 25 21
54 7 276
49 1 36
67 19 170
25 70 162
14 34 110
49 39 250
23 32 115
2 68 247
10 33 62
18 28 87
15 35 71
62 22 258
12 33 228
64 68 4
66 58 53
27 65 251
23 50 46
69 11 285
43 66 247
27 52 46
43 11 268
53 66 131
6 14 260
47 39 220
42 65 205
34 48 90
24 23 62
63 35 95
33 40 278
44 11 71
41 13 179
46 53 288
10 14 39
9 8 48
1 31 29
62 24 287
6 66 253
30 18 159
56 31 226
26 60 187
46 49 253
46 8 207
25 18 276
18 53 289
48 37 85
1 14 189
34 61 267
68 40 86
62 69 95
9 61 209
18 1 117
27 50 96
52 63 167
53 8 41
9 69 216
54 15 15
69 40 264
5 49 22
55 8 286
13 38 92
11 70 291
48 56 48
41 36 275
48 1 206
67 34 76
49 68 118
23 46 93
62 47 277
17 5 256
38 64 23
28 43 161
29 15 121
6 47 294
38 45 138
51 52 127
61 54 243
47 61 151
22 65 274
37 52 70
36 52 194
67 69 178
43 30 110
30 34 267
56 9 66
57 59 110
56 1 40
1 62 29
70 3 103
69 57 297
66 13 154
52 20 198
49 60 81
21 14 117
59 55 281
55 47 187
42 64 285
8 1 254
32 19 111
69 28 210
50 29 33
47 52 43
9 3 7
18 10 48
63 55 161
22 20 46
39 42 13
41 21 17
49 36 206
61 58 253
20 23 255
41 24 292
35 43 23
33 60 199
24 48 141
58 38 188
30 9 173
16 48 250
42 44 23
23 1 136
29 44 240
40 26 132
40 19 55
54 34 192
23 39 83
6 64 141
69 42 275
37 57 93
41 35 79
39 60 246
19 2 179
21 37 238
64 19 127
40 67 112
10 62 64
21 32 239
22 2 69
47 11 146
10 36 128
42 25 36
5 35 222
48 70 16
47 49 245
62 59 41
6 39 34
40 20 53
34 59 290
37 53 9
16 37 6
21 67 181
60 16 99
43 25 58
41 9 56
67 37 36
51 32 13
29 40 71
20 55 182
54 69 22
41 5 231
18 36 68
11 54 75
1 61 247
15 60 160
41 45 151
54 19 184
50 61 105
70 47 252
56 10 180
55 26 115
21 40 105
11 55 188
46 7 115
49 21 97
7 26 222
6 5 56
5 66 172
28 13 233
11 13 68
64 66 64
44 40 30
</input>
      <output size="9">2994 2997</output>
      <correct size="10">2994 2997
</correct>
      <stderr size="0"></stderr>
      <checker size="3">OK
</checker>
    </test>
    <test num="13" status="OK" time="4" real-time="6" max-memory-used="4313088"  checker-comment="OK" >
  <program-stats-str>{ utime=3, stime=1, ptime=4, rtime=6, maxvsz=4313088, maxrss=3039232, nvcsw=1, nivcsw=3 }</program-stats-str>
  <checker-stats-str>{ utime=0, stime=0, ptime=0, rtime=1, maxvsz=307200, maxrss=2654208, nvcsw=1, nivcsw=2 }</checker-stats-str>
      <input size="9393">80 1000
28 58 81
79 22 108
60 28 132
4 57 90
66 28 80
67 50 71
53 60 294
35 26 269
6 25 273
16 22 123
9 44 74
74 35 278
24 51 201
73 26 120
51 76 76
25 12 204
10 22 78
48 52 15
25 29 238
75 25 66
4 30 10
78 10 61
9 32 289
49 23 4
76 22 102
55 68 134
72 78 221
6 64 27
64 28 49
38 15 35
19 30 186
48 22 202
12 57 52
51 43 88
51 60 289
7 30 268
47 17 132
2 67 18
77 73 227
78 57 179
51 63 133
18 40 85
77 57 226
66 64 263
14 12 221
30 17 41
10 62 14
20 55 290
29 62 71
30 46 131
76 25 22
20 52 38
27 69 46
69 21 241
23 54 249
67 41 72
23 64 15
19 5 95
31 67 68
16 35 14
46 42 99
71 66 109
67 56 223
9 55 271
55 30 19
25 80 244
46 25 76
19 70 42
72 65 94
80 38 140
35 80 281
13 41 83
6 1 46
13 37 70
3 73 98
41 43 257
1 45 73
7 74 225
34 8 267
59 10 160
52 43 182
78 17 154
77 37 80
3 43 220
13 80 204
27 7 272
79 42 8
11 48 265
45 30 51
29 14 63
44 28 220
66 23 176
53 36 65
68 72 101
76 65 80
31 11 168
4 8 123
32 8 67
14 60 167
27 20 46
23 17 163
4 14 270
61 59 102
70 14 211
66 31 143
58 26 93
53 23 285
21 75 274
71 13 66
34 19 154
30 69 257
7 36 119
80 37 47
20 79 160
70 79 136
37 17 125
51 61 296
27 9 14
65 21 148
80 34 174
57 28 106
61 4 129
77 13 155
18 63 94
71 24 277
13 22 82
14 6 249
70 78 233
17 4 201
5 13 130
75 69 110
44 11 88
3 80 75
73 58 42
69 14 48
57 32 123
61 50 61
39 26 35
41 33 185
31 19 261
42 58 98
10 11 171
2 1 104
10 33 144
2 79 129
40 27 282
28 6 120
41 28 24
11 66 120
58 53 14
32 55 63
2 26 174
74 28 226
39 56 137
68 62 274
9 12 135
69 72 217
57 17 35
74 57 43
11 19 80
5 68 157
71 43 19
35 52 232
41 18 190
19 67 236
30 52 197
70 18 1
6 77 71
53 62 209
10 26 234
69 13 282
48 63 283
37 62 227
76 43 180
38 8 287
79 78 81
71 12 13
33 36 156
66 55 214
46 62 258
37 67 65
63 70 273
10 7 248
56 59 268
32 42 176
43 46 172
72 53 114
10 25 219
78 75 112
73 68 238
49 1 200
9 49 40
3 32 103
22 47 141
56 54 168
67 12 79
72 31 294
67 8 91
31 30 166
28 80 217
15 73 293
70 4 81
4 41 53
71 50 248
7 51 154
21 18 208
11 12 17
50 39 67
64 52 139
54 37 88
1 74 239
71 73 271
73 37 175
5 67 18
9 62 171
21 77 147
68 59 235
49 55 256
75 58 188
16 39 216
40 71 228
17 33 198
59 53 204
21 56 249
67 55 35
32 27 179
68 22 152
6 76 23
1 32 266
48 49 279
4 60 247
79 49 84
18 75 90
61 67 181
16 5 171
12 8 275
11 79 127
13 54 161
9 33 234
72 4 292
51 34 127
34 39 24
20 43 223
28 20 185
72 70 103
66 58 152
29 76 118
52 37 4
4 79 160
8 49 125
58 31 169
47 73 298
44 31 70
17 65 48
13 32 179
18 34 119
55 13 284
21 48 28
66 30 46
77 60 133
63 21 274
24 56 265
17 11 298
8 73 209
40 54 193
17 28 3
76 41 186
8 29 152
22 31 74
58 74 121
74 11 267
3 29 194
72 51 256
7 72 56
39 28 240
47 32 200
42 23 142
73 64 21
20 72 193
34 13 114
64 57 45
36 54 136
1 34 54
72 26 65
68 3 255
66 16 186
42 14 69
26 28 84
10 21 75
49 50 41
6 46 117
42 55 220
28 54 92
75 35 114
39 74 258
16 50 257
75 74 106
72 27 50
26 54 258
42 5 89
52 40 111
15 41 105
31 3 293
33 18 97
46 3 257
23 32 191
55 64 86
40 78 153
50 53 260
49 66 270
15 40 190
23 29 262
64 77 204
18 49 35
54 25 288
65 4 79
21 35 209
19 25 45
40 1 285
10 60 68
44 72 116
68 43 170
44 71 36
75 37 257
61 44 283
47 10 142
13 70 98
15 62 210
52 34 182
57 65 157
38 29 24
35 10 290
78 4 5
36 17 154
69 64 23
42 35 221
26 24 265
68 12 263
17 31 11
67 25 80
5 47 154
20 31 219
36 46 297
1 79 37
4 46 234
79 60 159
27 61 252
80 16 56
62 67 263
42 6 174
73 18 268
45 2 52
62 2 244
61 39 158
39 22 83
43 17 255
72 66 74
63 55 18
66 25 224
55 38 145
24 40 230
18 64 247
6 50 227
70 26 177
28 68 231
46 8 222
42 44 114
79 56 126
19 52 271
68 23 29
9 43 30
33 51 144
73 74 130
73 57 273
50 12 41
78 2 123
26 4 76
26 61 113
25 7 9
27 80 116
49 30 92
65 43 131
3 23 81
11 68 238
54 6 37
67 53 23
64 13 172
2 74 91
22 53 19
67 9 248
41 32 22
51 40 31
58 22 111
52 13 239
6 57 114
15 51 184
15 10 294
20 5 205
68 47 85
52 26 173
6 65 239
20 47 157
25 57 140
61 70 298
59 1 80
77 26 202
79 39 275
10 16 220
67 73 95
73 23 88
37 3 105
74 12 127
55 77 205
77 79 201
70 8 268
79 29 189
22 51 36
58 46 31
72 9 24
4 18 66
5 54 243
37 66 227
22 20 32
50 74 204
18 51 138
52 27 100
16 71 255
35 18 265
48 27 235
77 53 291
16 63 185
70 23 118
79 71 13
49 40 205
30 48 32
48 18 238
65 79 8
57 62 43
72 63 37
72 45 285
50 9 284
66 57 212
50 76 114
10 39 275
6 17 43
16 73 85
61 71 69
42 28 153
15 76 71
56 38 132
44 37 239
76 27 99
56 6 66
31 75 184
67 78 89
63 67 258
11 78 110
73 55 32
69 50 232
78 15 7
32 36 293
71 55 60
18 79 146
12 41 78
62 71 56
30 24 101
28 9 208
24 34 182
46 49 59
31 14 258
80 40 119
26 36 55
11 5 211
66 59 79
71 41 38
25 49 60
54 60 288
4 24 206
77 10 262
45 73 215
19 40 81
17 55 101
31 28 13
12 17 43
70 77 58
49 51 151
30 41 46
16 1 237
47 49 42
29 48 243
28 19 264
2 70 3
56 66 39
9 3 29
70 7 112
65 3 42
38 12 130
38 54 96
46 80 105
66 69 260
64 49 234
79 74 57
54 79 223
49 74 4
70 17 159
12 36 48
61 56 218
19 58 261
27 46 270
64 9 208
11 33 235
25 31 113
11 60 117
5 31 247
72 24 47
40 5 126
45 60 135
34 37 168
69 55 284
43 37 282
23 51 84
2 22 56
14 63 17
33 14 94
20 48 123
19 26 55
6 58 88
47 60 48
38 1 254
5 25 264
65 50 190
30 12 198
21 16 268
38 13 279
9 76 159
58 57 290
40 74 37
47 8 71
18 7 115
2 72 170
70 71 175
8 48 135
9 41 244
76 12 182
41 6 138
51 12 213
49 36 289
78 28 282
62 45 111
28 55 289
25 79 110
69 52 288
74 27 178
62 34 215
48 78 72
35 37 87
36 66 11
31 51 236
50 62 37
28 61 14
51 71 299
1 27 71
4 33 258
80 6 37
42 66 39
75 4 92
13 42 29
52 41 107
11 57 91
40 44 255
12 55 169
61 79 63
71 29 93
21 64 105
36 55 190
77 48 5
60 37 25
69 11 254
20 16 195
3 66 22
75 3 80
38 6 4
53 4 84
42 68 250
38 64 123
54 68 21
16 3 300
34 4 91
43 15 297
52 24 294
56 12 173
30 38 148
31 70 176
5 22 96
80 62 122
35 23 300
58 48 181
12 6 199
60 59 226
76 56 64
19 3 226
56 78 3
62 54 252
39 12 284
13 73 266
4 80 43
39 76 149
58 78 292
42 61 18
75 52 111
76 73 294
70 67 270
4 16 65
14 66 295
70 73 261
20 9 14
45 53 69
24 49 108
10 6 22
17 21 187
75 76 252
75 23 57
42 36 179
50 66 124
79 3 265
71 22 188
26 8 69
33 59 133
43 64 85
39 8 204
67 16 74
39 52 249
71 11 205
58 69 159
24 60 239
27 45 186
34 45 140
70 42 88
59 63 109
70 50 24
36 62 9
2 12 184
10 58 87
45 8 105
37 45 68
71 25 53
28 76 262
4 10 24
33 2 65
78 36 55
58 17 3
76 14 204
65 51 45
4 47 74
58 20 192
39 49 6
11 73 163
78 61 141
80 77 1
78 64 213
39 42 233
16 38 163
40 64 232
58 8 277
23 5 286
62 69 103
44 62 10
80 30 15
66 7 42
15 47 279
14 44 16
51 35 21
63 75 243
45 54 264
73 19 169
46 16 70
4 31 215
33 54 122
36 23 268
19 53 4
73 43 159
50 10 91
47 38 4
29 10 31
61 17 47
77 42 74
31 29 252
65 61 68
38 58 221
7 39 88
32 38 91
5 14 42
8 37 34
46 69 267
18 10 207
51 6 89
32 20 153
14 16 249
4 6 101
80 36 10
22 77 46
72 40 237
34 78 199
75 48 201
64 36 10
54 22 153
42 76 132
44 69 5
7 75 288
40 39 165
11 25 127
74 53 281
55 31 214
2 60 67
12 26 268
76 2 134
43 48 46
21 44 22
63 68 203
46 56 58
67 33 115
2 63 300
25 18 156
73 40 45
66 77 288
42 80 39
12 5 231
10 45 91
7 78 119
8 76 133
42 43 165
16 79 181
15 72 12
52 79 216
39 53 176
17 40 235
61 34 45
36 57 299
27 10 15
5 33 11
32 16 227
57 5 169
30 13 236
47 69 14
1 52 77
57 26 135
23 11 112
19 61 145
61 57 73
14 67 251
39 24 264
53 68 12
7 22 81
47 44 137
67 21 74
5 62 151
54 41 173
49 27 187
1 29 104
70 54 200
52 33 261
5 8 200
12 54 39
60 58 34
32 22 279
65 49 211
32 31 76
44 29 152
70 38 197
27 14 132
47 62 113
17 46 31
23 27 185
61 77 161
20 13 262
9 6 172
72 35 174
45 46 298
27 58 203
41 51 10
73 48 152
65 58 205
49 76 35
20 37 6
24 10 104
5 75 162
23 69 3
74 36 72
51 55 55
2 58 243
47 24 273
1 5 35
5 34 236
55 27 104
54 7 10
18 19 232
6 45 227
5 52 187
2 54 253
21 36 295
35 7 79
43 36 196
26 43 107
5 41 92
38 35 160
71 36 56
39 17 277
60 67 97
57 71 98
16 41 193
53 7 49
60 72 166
29 68 226
35 79 61
53 69 257
59 22 95
20 61 74
18 22 81
69 39 159
73 6 101
75 10 170
41 35 37
15 49 182
79 17 46
70 20 237
77 71 154
24 41 38
5 78 29
27 28 206
52 23 177
66 67 263
28 25 285
40 13 102
20 53 121
39 44 33
41 27 30
18 1 70
60 71 251
66 9 210
16 58 55
1 58 88
44 20 281
72 48 37
18 24 174
26 38 200
52 12 96
33 78 276
80 52 66
23 13 95
1 51 235
32 78 288
39 37 209
46 78 96
16 36 226
5 43 22
12 19 36
59 19 258
33 57 99
68 36 118
78 73 194
12 3 94
54 14 20
31 18 182
20 46 240
25 78 125
62 1 228
2 8 156
45 56 35
61 52 47
72 71 195
55 62 77
55 29 172
11 26 184
50 25 6
18 16 50
26 76 294
63 5 2
26 60 174
55 23 11
36 50 76
22 8 235
57 15 137
33 53 31
41 36 190
56 40 44
24 25 21
74 51 183
58 5 234
61 40 45
43 47 279
5 24 185
23 71 194
18 3 279
32 21 170
33 80 274
56 14 137
39 78 82
60 73 169
62 28 289
50 63 67
51 10 143
39 35 66
4 62 20
33 55 68
34 74 289
80 75 25
45 75 200
75 12 118
39 77 181
51 47 142
42 60 112
54 15 215
4 22 201
67 65 184
80 2 196
29 28 183
72 73 166
30 36 176
19 7 257
34 49 153
40 30 97
4 3 275
41 22 90
10 14 1
50 57 103
14 37 291
18 68 292
63 3 41
78 71 281
74 77 175
17 75 81
16 13 254
43 18 130
34 55 145
62 63 268
76 17 181
31 73 9
48 13 98
6 32 84
58 14 111
38 79 123
28 72 283
28 40 49
39 64 129
7 62 268
4 58 15
38 36 142
62 24 66
51 46 18
15 69 130
20 50 116
1 9 176
21 73 190
36 70 235
19 66 101
28 50 267
5 7 140
64 63 180
57 19 88
24 33 224
32 12 277
39 68 144
66 43 87
78 38 197
80 15 201
71 17 197
78 55 234
34 12 245
33 46 128
9 65 86
19 74 223
28 4 60
8 30 142
50 68 137
75 28 276
52 77 11
23 2 249
66 35 242
54 47 96
45 16 90
80 14 125
60 15 271
46 73 157
58 12 47
64 17 4
19 43 288
17 62 104
72 47 215
47 26 12
26 17 254
80 72 94
40 77 185
13 61 255
49 80 215
29 35 55
49 75 49
43 30 32
10 69 51
42 75 176
45 19 20
</input>
      <output size="9">1100 1100</output>
      <correct size="10">1100 1100
</correct>
      <stderr size="0"></stderr>
      <checker size="3">OK
</checker>
    </test>
    <test num="14" status="OK" time="4" real-time="5" max-memory-used="4313088"  checker-comment="OK" >
  <program-stats-str>{ utime=0, stime=4, ptime=4, rtime=5, maxvsz=4313088, maxrss=2875392, nvcsw=1, nivcsw=1 }</program-stats-str>
  <checker-stats-str>{ utime=0, stime=0, ptime=0, rtime=2, maxvsz=307200, maxrss=2654208, nvcsw=1, nivcsw=2 }</checker-stats-str>
      <input size="9438">90 1000
58 14 296
47 37 102
53 64 200
76 19 294
27 12 261
84 50 139
65 16 227
44 55 168
14 83 292
41 18 260
43 85 40
7 51 54
76 47 141
5 51 23
47 42 271
34 37 242
68 71 257
3 54 254
39 27 196
10 46 297
49 87 92
18 62 293
69 2 49
41 49 227
20 72 174
28 66 1
81 49 39
48 41 204
56 78 202
5 83 278
20 26 120
28 51 124
1 81 98
3 39 277
26 51 269
4 37 211
77 11 190
39 62 163
30 55 253
72 9 282
40 5 171
87 4 193
64 12 149
36 26 260
44 23 43
62 26 223
40 2 240
11 5 64
50 24 60
58 70 215
66 38 36
82 88 62
42 23 275
76 29 298
19 74 277
17 82 249
19 71 153
1 9 35
18 80 130
77 10 7
68 17 34
44 64 164
6 30 27
4 21 253
11 9 6
77 17 234
31 77 2
71 35 294
64 34 267
47 87 124
76 30 115
65 32 204
20 90 105
80 75 19
65 4 25
49 52 191
39 71 61
57 62 14
8 78 118
23 50 209
8 42 107
76 82 52
2 62 40
1 57 125
27 14 169
72 51 115
45 37 91
88 90 284
47 85 7
58 80 247
79 25 163
38 68 211
18 22 231
80 48 208
55 40 227
22 2 243
28 1 238
34 60 189
40 39 77
37 5 299
31 2 174
27 15 162
52 59 228
48 12 193
37 88 169
20 45 292
55 6 76
68 58 172
35 60 27
86 60 272
20 46 85
42 15 91
56 26 41
37 1 119
79 51 216
45 9 125
83 48 200
12 69 10
15 62 71
14 67 81
9 14 127
65 72 276
9 79 59
22 74 288
82 69 24
3 73 76
36 9 117
51 68 3
59 80 247
24 28 128
86 66 143
74 28 190
71 44 60
48 63 127
52 46 251
54 55 190
34 7 62
15 5 61
22 42 30
27 80 269
52 40 271
47 49 51
8 25 59
52 71 180
20 58 107
54 66 6
62 71 129
7 56 103
52 18 284
32 78 277
66 17 160
41 68 75
7 78 43
15 46 254
84 39 257
85 39 141
87 7 119
38 81 130
7 53 287
77 21 274
45 40 81
4 35 162
33 44 205
36 80 264
16 6 219
30 58 234
2 82 111
4 85 1
86 10 88
36 64 48
7 36 40
80 5 72
21 73 140
43 89 34
81 3 162
80 3 27
67 9 264
87 72 69
50 22 10
76 65 127
84 64 198
49 63 300
56 19 81
31 37 148
40 62 106
48 55 297
21 59 275
72 3 51
9 65 200
54 15 111
89 85 100
25 89 257
24 30 128
66 50 265
22 24 14
76 86 141
61 40 239
67 46 73
76 9 269
82 61 201
45 5 22
30 7 110
8 27 17
11 89 298
20 86 287
55 59 79
60 7 57
57 53 102
61 9 267
21 32 260
87 24 89
69 19 168
63 38 287
46 24 231
28 78 235
86 54 240
12 49 248
19 32 138
42 38 181
32 83 12
37 11 69
79 32 161
64 90 174
1 61 52
48 64 104
17 67 87
75 77 96
58 76 68
24 69 223
57 3 143
4 89 141
12 55 3
2 25 128
7 70 98
34 47 267
30 27 26
71 74 163
15 47 177
34 46 238
6 12 256
49 45 130
4 66 235
14 13 194
61 39 204
1 67 161
7 12 88
74 89 154
27 72 224
81 4 229
67 45 62
35 69 193
49 2 81
85 22 115
8 40 84
30 21 261
51 74 183
46 41 50
26 75 14
6 33 157
67 20 45
60 3 115
43 90 98
15 45 136
50 14 195
2 16 290
80 89 98
38 53 297
7 59 54
79 12 126
52 8 289
37 68 252
21 83 145
12 67 214
30 86 24
51 54 55
86 3 132
67 3 274
7 76 184
32 31 81
26 88 221
56 69 260
12 38 109
5 85 273
10 17 288
73 86 153
21 74 140
52 13 242
62 82 255
22 33 285
64 82 232
66 64 286
51 12 72
63 56 85
90 11 283
24 34 179
65 7 19
43 57 60
42 57 250
77 59 219
80 10 190
14 77 164
69 8 250
66 5 46
3 24 61
19 35 134
9 29 220
41 10 103
38 49 33
48 2 80
46 53 65
29 53 62
18 83 91
66 20 255
61 4 6
28 52 257
40 60 132
51 89 143
31 61 155
30 38 10
15 2 85
39 26 68
63 82 84
70 56 8
17 61 298
34 45 19
74 73 127
67 80 211
23 56 18
36 57 297
81 21 221
61 13 39
41 89 111
44 75 56
5 77 87
90 19 9
87 13 189
51 6 221
4 16 236
50 40 95
3 70 220
85 56 206
44 1 7
74 81 80
36 55 119
14 17 184
3 6 257
22 41 47
86 22 84
26 86 265
29 34 180
18 15 205
46 22 224
70 47 249
87 20 62
30 23 192
20 29 190
75 33 130
54 9 137
4 18 190
31 66 257
16 84 240
26 65 15
25 9 64
86 70 162
89 39 282
7 40 281
26 12 256
68 1 30
25 61 257
88 14 120
58 45 285
1 84 33
80 23 67
23 36 264
20 1 182
23 79 157
42 81 6
2 81 92
52 53 187
69 45 195
36 39 66
48 85 164
54 46 100
18 67 149
51 20 175
25 23 72
31 84 295
23 27 54
50 49 123
28 9 78
61 14 217
32 76 296
2 20 206
12 65 189
89 3 63
5 87 125
39 69 104
67 49 172
78 79 96
13 3 109
25 74 299
24 4 110
52 34 221
5 28 46
86 15 49
26 45 194
53 83 254
24 43 123
56 66 207
28 73 105
40 32 93
47 40 193
86 14 102
59 76 151
77 48 31
75 43 232
65 31 70
58 62 4
12 30 7
35 22 175
28 90 186
31 80 134
78 36 207
44 87 273
59 90 278
42 67 251
33 38 44
68 54 9
59 14 206
36 43 56
71 24 31
83 38 40
18 89 18
69 36 89
13 74 12
38 26 249
30 51 59
58 75 62
59 33 66
27 90 205
82 42 82
59 28 105
67 79 211
48 21 114
47 88 76
9 2 107
62 69 251
25 57 193
54 4 254
8 87 77
48 71 154
30 50 273
85 38 69
59 51 296
35 86 118
43 6 288
80 50 37
42 79 47
13 33 245
83 80 90
85 26 249
81 20 217
53 56 110
40 41 241
24 86 185
64 78 202
62 1 194
24 41 260
75 56 262
25 64 47
40 29 137
5 75 237
67 2 156
31 72 60
62 63 113
33 54 222
1 79 297
42 26 76
42 70 161
59 49 268
79 87 70
6 70 259
42 87 227
48 3 91
36 4 244
69 75 64
16 27 101
80 15 182
48 50 38
40 37 109
54 11 123
62 89 26
39 19 9
56 65 159
90 46 261
56 45 149
63 30 245
45 41 194
22 44 169
27 67 296
66 46 211
63 80 291
21 15 58
27 73 68
41 20 126
69 74 7
39 52 194
42 76 132
28 37 255
48 73 160
38 69 58
69 55 65
28 29 203
6 79 269
73 67 132
9 12 219
48 81 168
29 17 137
57 16 205
79 73 234
86 55 30
88 23 297
71 65 155
15 84 220
38 21 259
46 86 243
17 2 238
63 29 142
40 74 41
85 35 137
63 57 154
87 1 89
15 33 271
22 47 273
23 13 283
77 9 158
74 29 116
2 34 210
43 37 280
70 32 271
13 81 186
47 10 282
63 70 228
43 80 265
39 59 236
49 54 296
67 43 185
52 88 148
82 15 92
29 7 27
6 71 267
41 82 37
54 58 174
12 56 165
57 29 37
46 13 31
84 17 49
62 76 97
77 20 168
23 71 62
74 37 110
20 37 261
69 90 178
15 3 278
68 76 270
31 6 260
68 21 16
60 68 290
76 63 42
13 1 125
10 28 204
37 38 126
85 3 290
26 58 52
77 7 205
83 88 98
71 90 175
19 53 165
59 16 168
41 34 182
48 45 126
39 9 22
37 42 144
80 73 134
33 48 32
86 63 183
90 55 42
22 77 96
86 19 61
58 23 41
11 53 59
83 73 283
67 64 95
59 15 204
86 85 5
76 13 188
57 89 182
16 31 155
40 64 268
50 42 26
58 39 261
29 12 25
54 67 97
32 17 257
83 62 146
54 62 147
41 50 145
70 45 133
24 81 77
66 44 283
17 19 102
36 54 107
53 69 26
68 18 38
51 57 216
60 43 270
15 7 264
12 47 159
50 20 297
84 35 217
75 60 177
87 56 165
47 63 138
72 57 121
38 16 110
27 74 24
14 33 47
43 3 219
10 79 43
73 38 144
85 83 168
33 46 19
65 80 175
6 83 290
64 38 73
67 7 262
82 11 261
58 90 156
35 42 241
20 78 108
44 35 22
49 18 268
78 83 260
65 42 50
79 62 185
51 75 24
43 59 266
8 36 166
61 60 102
89 55 13
4 43 104
84 36 194
86 65 281
47 24 230
55 61 124
24 56 144
26 15 101
15 43 50
14 29 260
80 29 287
31 68 16
2 78 95
49 9 99
86 75 204
47 39 77
46 68 85
85 28 25
85 37 212
53 55 122
50 43 43
72 13 1
13 48 88
26 74 272
20 49 96
57 9 273
77 41 140
18 69 174
44 83 178
6 72 177
37 16 77
80 4 150
78 43 71
28 82 219
69 77 175
46 29 90
28 50 218
44 73 207
42 7 267
63 15 175
85 14 190
75 49 37
3 8 62
88 34 275
87 22 128
73 55 123
42 41 74
39 1 136
60 48 240
53 88 131
27 75 66
57 82 249
61 3 215
33 4 249
50 69 8
64 1 285
11 68 157
84 11 115
41 38 177
15 29 87
14 42 93
67 59 262
61 5 180
45 61 182
87 85 237
18 19 76
32 67 32
24 42 74
35 12 160
36 46 24
51 40 27
59 78 82
7 90 299
54 83 115
6 28 239
55 88 197
80 47 182
8 41 100
81 77 131
74 8 32
76 74 290
2 80 28
30 4 206
67 48 37
68 20 173
44 67 217
27 9 215
64 9 100
72 18 132
53 86 212
89 72 256
85 51 250
62 6 206
55 19 123
79 24 32
59 86 156
77 74 47
79 45 152
2 77 112
43 27 299
57 20 76
77 51 109
51 13 232
73 90 109
71 50 272
89 63 30
65 27 51
79 70 113
24 21 9
55 45 5
43 42 188
70 78 163
71 78 274
90 1 135
21 47 171
61 86 245
16 74 203
8 47 145
18 17 261
89 1 4
64 56 299
53 82 22
44 46 46
74 90 121
45 39 127
18 85 246
37 51 69
80 61 140
70 48 201
10 29 67
50 46 158
61 15 1
32 30 144
11 34 207
89 81 7
77 23 132
68 34 289
14 89 292
82 77 33
52 87 170
89 75 272
74 9 157
16 33 141
7 41 234
53 66 152
78 67 204
34 10 47
13 75 250
14 38 12
12 84 198
65 51 193
82 1 104
47 56 58
42 51 217
79 11 178
49 70 228
68 49 259
55 51 103
64 35 125
40 9 41
72 80 271
16 80 76
74 78 171
70 34 116
88 76 10
48 11 45
57 73 102
35 78 154
7 64 271
39 63 74
44 17 253
22 19 54
34 78 249
58 27 107
58 88 71
58 84 155
5 35 195
55 8 111
76 43 118
82 10 152
37 78 258
17 70 146
60 30 202
38 72 71
53 68 140
16 87 117
27 78 111
88 70 24
89 37 208
61 90 200
35 7 257
83 57 215
26 23 203
32 5 126
80 79 42
43 17 189
55 75 268
5 31 157
35 40 32
75 57 296
44 51 188
82 12 57
40 1 142
14 4 32
87 70 73
11 87 76
79 26 145
51 90 126
19 51 124
65 47 90
78 84 122
68 30 20
70 62 9
21 86 125
16 61 100
75 68 56
6 69 149
86 80 94
69 16 290
2 70 44
47 7 208
20 44 94
5 84 120
86 42 90
3 2 206
63 22 128
44 86 263
63 66 84
71 89 19
43 18 50
1 85 82
3 12 47
85 68 78
27 37 80
61 50 206
45 2 119
5 76 199
28 25 186
71 83 119
25 13 27
74 17 37
75 39 117
6 47 121
86 31 293
16 56 49
68 89 284
6 9 279
16 66 6
47 59 34
3 47 156
83 15 172
33 60 278
62 32 215
46 4 16
45 86 176
31 59 19
60 37 39
56 3 243
18 81 185
50 82 141
1 43 85
53 75 283
29 87 276
8 72 176
40 81 234
52 11 182
69 32 212
41 63 239
67 90 292
51 1 85
77 15 63
76 87 243
74 64 49
35 24 3
7 68 280
67 61 164
46 26 128
68 26 96
22 31 243
20 25 300
42 31 119
79 31 131
5 21 43
73 31 268
36 45 292
17 88 193
51 43 38
52 22 159
42 73 3
77 4 111
16 70 249
8 18 185
31 14 145
28 47 114
71 38 124
44 7 231
89 30 198
59 79 187
70 31 87
59 32 17
72 85 62
35 68 261
20 60 130
65 29 133
23 46 38
19 87 13
16 1 219
21 85 64
86 81 15
3 53 185
61 12 10
66 43 18
70 65 151
88 42 155
21 11 115
90 33 291
51 63 3
14 26 282
60 90 83
65 39 13
67 36 10
74 34 59
27 53 235
4 9 193
69 71 101
18 73 6
44 77 189
33 55 131
14 53 5
31 18 201
62 86 85
9 24 11
82 74 179
28 53 172
11 38 293
22 65 138
20 24 22
27 46 224
55 50 264
72 14 109
67 88 123
7 62 15
87 50 279
37 41 148
35 31 288
48 4 208
18 10 268
48 61 170
75 76 212
30 75 140
88 50 32
</input>
      <output size="9">1458 1459</output>
      <correct size="10">1458 1459
</correct>
      <stderr size="0"></stderr>
      <checker size="3">OK
</checker>
    </test>
    <test num="15" status="OK" time="8" real-time="9" max-memory-used="4313088"  checker-comment="OK" >
  <program-stats-str>{ utime=4, stime=4, ptime=8, rtime=9, maxvsz=4313088, maxrss=2842624, nvcsw=1, nivcsw=2 }</program-stats-str>
  <checker-stats-str>{ utime=0, stime=0, ptime=0, rtime=1, maxvsz=307200, maxrss=2654208, nvcsw=1, nivcsw=2 }</checker-stats-str>
      <input size="18959">100 2000
46 3 107
26 65 129
88 34 132
1 43 117
13 50 194
9 84 221
46 33 161
92 43 74
99 13 100
16 75 220
41 77 101
15 31 298
76 100 268
41 39 218
75 79 91
8 57 202
20 33 202
43 62 8
25 63 279
69 12 300
61 24 247
36 30 211
10 47 158
87 33 192
26 95 285
67 50 40
46 90 129
84 5 277
71 5 201
14 44 70
31 4 156
75 64 170
10 11 144
98 52 234
36 39 115
89 4 71
46 82 76
88 15 73
3 51 222
19 10 33
3 47 65
83 53 112
99 78 251
45 66 3
8 38 71
75 35 190
25 73 285
13 91 235
10 4 151
70 64 11
71 64 278
73 65 51
6 58 68
30 90 254
35 88 38
63 9 280
90 16 33
12 19 78
80 67 47
72 44 157
53 86 187
73 34 289
72 64 18
24 97 198
39 74 142
14 89 83
28 3 210
18 79 53
84 21 233
57 22 46
16 34 199
5 81 259
15 43 19
27 82 85
74 85 177
3 77 100
42 14 35
47 85 294
98 63 60
56 53 10
11 71 120
100 21 57
76 71 98
13 72 196
81 9 102
83 31 72
78 37 262
67 62 187
12 88 180
96 36 51
17 30 241
60 43 29
70 37 152
70 32 209
94 40 189
35 69 76
74 28 196
27 60 163
87 92 69
30 69 158
87 51 78
71 62 268
87 9 85
98 47 71
42 32 126
88 62 177
100 77 149
26 21 131
80 4 100
67 32 102
24 58 230
96 78 127
49 42 241
22 33 157
93 38 59
51 59 94
30 32 166
96 65 293
68 2 158
47 6 257
17 73 108
7 70 5
97 15 104
23 66 7
63 36 118
76 77 20
5 66 75
41 50 227
59 15 53
98 62 93
70 15 165
70 12 120
25 86 112
66 57 273
66 75 244
92 96 125
46 32 295
78 17 163
20 13 158
38 76 60
70 63 297
62 54 62
49 79 13
2 73 94
35 40 224
14 91 183
53 88 128
27 31 244
24 23 251
38 63 186
36 16 292
2 31 89
96 4 116
65 49 177
55 12 135
47 41 38
82 32 234
39 9 97
11 69 213
27 79 32
66 89 60
87 12 288
96 85 122
71 49 22
100 29 245
66 59 38
59 37 209
89 36 149
14 62 234
13 21 75
87 70 232
81 39 138
28 39 5
31 52 58
14 33 227
76 79 173
72 80 237
46 2 55
32 19 280
62 3 248
33 40 274
84 62 266
42 46 178
78 2 108
55 90 64
67 86 182
63 10 10
61 51 280
27 19 38
67 79 110
79 96 163
78 33 168
83 16 236
38 34 147
77 86 103
17 55 220
45 14 66
21 29 246
71 37 209
57 58 77
91 88 252
7 69 295
69 71 44
82 91 22
44 45 210
77 71 159
64 1 76
87 56 82
84 99 112
19 2 127
80 85 45
85 65 153
12 14 182
35 23 93
60 84 206
7 67 182
67 81 48
75 72 196
21 25 272
99 77 225
72 51 87
89 91 230
23 32 109
83 25 220
6 80 163
84 19 244
7 75 265
78 52 194
71 17 233
54 50 100
15 11 292
68 95 152
48 44 275
42 7 204
23 97 269
71 7 95
8 77 224
31 40 189
27 52 284
61 65 294
75 58 141
100 50 65
88 29 101
97 28 277
22 35 212
16 66 53
11 65 83
96 87 130
98 46 292
60 50 251
47 37 9
15 19 290
24 91 101
64 4 96
47 15 4
23 42 204
16 53 26
10 31 168
51 97 270
81 40 173
20 67 149
50 74 71
10 90 222
48 14 212
35 17 226
66 54 288
60 42 118
35 16 20
21 51 236
76 16 48
14 38 55
51 93 198
63 32 99
79 94 121
41 14 209
38 47 31
6 64 96
83 40 82
14 56 178
29 9 217
96 76 169
37 40 49
35 2 295
39 84 123
14 19 22
14 66 274
31 46 68
23 40 122
17 91 258
91 31 31
85 94 294
4 45 193
60 12 96
92 4 203
36 25 94
89 25 127
37 65 215
13 62 86
3 56 65
51 24 65
40 70 245
76 39 49
85 53 94
40 15 134
97 14 232
66 20 183
18 35 66
81 85 256
89 51 46
48 3 140
11 46 61
84 59 190
53 99 251
56 34 298
95 11 232
41 20 105
10 44 244
35 37 79
15 29 67
26 34 79
41 72 166
71 9 142
37 96 51
7 94 124
73 84 237
60 100 160
31 97 49
6 63 93
2 69 12
58 82 193
67 88 273
91 98 159
48 89 167
27 91 268
50 8 239
95 63 3
10 60 142
51 22 151
66 17 139
58 23 54
37 95 29
30 29 86
88 19 213
23 99 75
57 87 275
98 8 215
73 91 220
17 99 160
63 100 8
84 13 284
97 45 171
11 68 276
52 85 224
81 38 129
71 50 175
35 39 252
100 64 33
61 29 94
5 18 2
51 48 254
46 61 51
32 86 273
35 36 16
12 68 19
51 2 254
92 35 85
15 8 79
82 20 157
43 12 259
25 1 287
11 30 226
42 16 95
40 62 181
15 38 182
84 91 127
93 69 225
6 93 21
29 1 49
24 28 38
20 73 234
75 49 190
20 93 24
31 63 285
73 52 65
2 53 167
36 88 190
32 17 102
8 12 173
46 4 208
25 14 157
44 2 269
13 85 77
83 64 204
84 30 179
64 44 167
40 50 55
68 25 290
36 15 110
15 22 16
52 84 247
100 62 149
33 52 291
43 93 273
69 26 118
68 47 178
33 18 16
52 48 26
46 72 25
88 17 11
100 19 169
32 4 119
21 80 286
90 58 298
18 14 282
61 59 179
38 46 170
47 61 120
86 3 201
9 42 28
12 37 220
9 55 57
78 94 149
87 89 167
48 11 194
77 31 274
23 65 44
7 77 22
51 90 260
57 28 122
33 55 111
42 50 64
99 19 272
17 6 231
47 14 259
34 77 197
61 43 114
1 95 15
23 61 173
41 29 18
67 40 53
67 41 90
64 20 223
70 79 287
91 7 178
37 44 247
76 64 111
80 53 69
69 52 10
52 94 190
6 82 122
87 44 263
58 19 281
35 79 58
18 97 72
2 98 188
98 38 107
59 42 260
28 42 3
61 37 134
2 79 244
75 20 190
71 40 234
74 70 225
42 56 212
3 14 62
7 66 175
41 4 288
13 35 240
85 25 197
6 60 191
66 84 56
17 84 37
40 61 261
53 26 88
8 79 238
33 41 295
96 90 82
4 73 206
40 2 192
78 95 211
2 77 265
58 31 86
77 68 52
92 26 285
52 93 72
80 49 107
27 9 181
85 71 160
23 44 147
45 39 68
22 39 296
17 94 221
65 2 124
41 22 5
56 27 222
24 96 217
69 61 192
97 55 93
74 69 33
48 78 4
41 90 44
82 97 203
71 42 215
84 3 164
66 76 29
55 22 27
37 29 224
99 49 274
2 80 209
47 4 156
64 28 90
27 86 122
18 99 126
92 16 21
96 68 293
94 98 262
63 76 47
26 37 261
4 16 74
88 60 144
79 55 109
52 60 183
52 49 226
85 55 211
30 81 264
31 22 189
100 46 21
83 65 148
88 71 237
35 6 80
58 41 104
83 12 114
91 26 46
12 18 250
97 59 119
78 26 240
25 16 271
28 75 258
89 20 183
63 33 71
25 57 128
16 24 284
57 95 96
52 70 138
80 57 224
94 49 115
77 36 137
33 9 102
22 4 192
97 89 157
64 17 133
16 6 211
99 11 206
35 56 236
50 22 203
85 20 126
59 16 222
60 54 32
61 86 47
57 7 188
6 39 284
85 36 205
20 78 82
31 93 78
87 97 224
70 82 8
58 60 283
92 70 43
9 59 206
45 56 76
6 32 4
11 22 250
9 62 78
31 3 244
52 9 35
77 29 156
91 18 81
50 78 278
96 80 59
13 83 147
42 79 226
3 96 278
42 40 265
20 80 39
88 96 18
12 41 294
39 20 126
30 67 229
6 34 186
62 91 43
64 82 72
3 92 151
18 69 225
30 88 56
7 96 278
78 69 83
70 95 199
9 30 219
40 14 13
71 19 29
44 92 190
54 25 232
20 83 252
91 33 123
66 81 48
37 84 82
92 40 242
74 26 217
67 93 123
27 29 45
44 3 184
88 22 291
64 35 94
78 58 97
99 74 161
77 1 11
83 26 10
53 22 123
74 80 199
50 3 94
1 39 228
36 38 204
22 75 40
48 60 162
95 25 282
90 47 79
19 65 254
70 69 288
18 78 67
58 64 9
53 57 231
90 60 215
43 64 10
65 6 234
99 93 3
49 51 231
79 66 256
20 36 87
17 96 262
20 87 17
18 3 270
9 78 175
47 69 54
81 33 48
17 36 26
3 69 241
47 49 31
86 9 199
82 44 258
75 94 189
19 77 190
87 64 73
62 65 54
31 69 155
89 8 60
1 54 30
67 4 181
63 54 74
22 10 72
8 90 256
66 30 122
65 99 53
9 82 99
19 48 69
75 56 263
24 38 198
95 5 41
10 89 156
51 37 236
5 40 217
81 4 89
68 15 63
74 19 48
53 70 200
77 25 232
11 2 275
7 24 185
88 55 296
92 11 86
22 14 202
39 73 78
33 15 53
28 43 188
17 2 191
86 5 184
33 53 66
3 64 1
46 12 192
96 74 124
86 65 3
49 20 282
12 20 156
6 18 260
44 28 173
43 89 196
28 25 250
25 98 95
30 24 84
13 17 204
92 23 257
29 40 65
4 57 158
5 73 17
84 22 218
89 11 38
16 61 221
93 98 5
43 44 63
90 48 246
100 82 7
95 39 100
95 16 65
18 89 31
15 85 195
6 14 277
21 55 34
50 61 49
59 48 190
73 10 262
59 49 113
6 89 62
100 45 193
63 57 41
62 58 194
69 75 61
24 98 262
52 86 98
14 82 286
30 45 61
61 73 238
65 22 166
70 45 90
39 21 15
16 67 238
6 77 189
17 47 50
34 100 124
88 51 195
45 43 287
79 73 294
14 11 146
96 94 24
60 46 250
51 1 129
12 2 36
68 56 240
64 65 74
38 51 233
54 99 52
54 76 235
76 53 260
85 30 194
39 52 257
18 72 287
31 29 31
51 54 245
38 27 160
57 38 92
41 38 7
81 47 242
33 32 254
89 1 210
55 10 111
4 99 226
34 39 227
32 73 159
96 89 183
19 4 257
12 13 132
33 10 84
85 32 87
64 53 56
32 45 176
69 79 92
25 84 98
99 97 222
28 7 186
85 51 83
73 23 125
1 49 66
74 25 231
44 42 232
24 39 178
51 13 182
74 68 15
98 49 151
100 53 242
34 86 269
69 38 162
35 95 238
27 43 76
46 56 230
47 72 62
82 79 101
43 86 53
53 7 174
18 94 73
5 12 105
88 27 263
42 26 121
91 22 59
96 18 199
41 28 181
71 31 127
27 89 12
50 73 259
49 7 280
14 79 295
65 97 290
12 57 230
47 57 109
54 36 174
53 43 56
67 21 120
53 32 115
81 83 38
74 98 20
22 95 104
65 41 212
50 23 4
55 11 19
81 75 211
53 36 44
47 9 125
41 27 225
49 38 64
89 22 173
9 48 193
81 63 64
94 88 295
30 70 242
74 12 111
9 15 25
22 100 19
76 58 33
13 88 59
96 98 215
33 96 132
82 66 197
15 2 22
87 23 106
56 80 221
26 90 14
9 45 5
46 92 196
86 54 68
80 83 187
70 80 230
35 83 133
100 5 129
99 64 201
100 71 183
62 6 27
44 81 112
98 76 267
60 80 136
71 91 273
84 93 102
56 71 127
89 12 248
9 79 181
76 22 276
50 39 69
59 57 285
3 23 267
17 59 54
61 38 74
65 57 239
45 85 244
48 30 290
15 48 260
15 18 294
30 78 59
5 46 34
83 15 104
36 61 214
37 13 264
32 93 160
48 17 269
40 69 284
87 13 209
42 12 209
27 58 70
81 49 70
65 92 259
71 89 266
43 84 85
11 1 24
95 30 81
87 32 120
98 40 286
100 72 234
97 61 283
77 15 118
83 100 25
29 99 106
39 8 254
71 86 85
92 53 102
51 76 50
64 60 266
90 35 60
30 52 44
72 26 154
97 47 164
21 10 219
84 34 129
27 16 257
22 81 24
25 76 257
45 11 247
6 26 2
80 5 225
95 99 201
10 9 261
55 2 101
62 51 44
45 82 70
97 95 115
40 34 154
93 34 101
53 94 111
43 79 44
49 30 185
19 43 66
16 9 110
96 77 174
82 1 180
51 27 145
1 31 18
72 77 233
17 46 7
3 6 107
27 84 205
65 100 69
62 68 75
93 25 97
61 68 188
49 28 194
88 6 44
100 30 193
61 52 183
5 98 218
2 41 89
68 20 267
59 79 130
80 35 286
58 91 289
72 61 127
59 14 286
36 95 96
50 7 83
86 38 271
10 46 90
10 48 115
91 54 85
63 74 150
47 62 119
55 20 133
81 43 290
66 42 257
63 51 44
99 79 220
100 12 18
69 16 199
71 22 5
34 35 150
52 14 263
3 98 123
34 45 59
77 62 267
41 97 103
67 76 64
70 100 30
35 74 224
91 30 172
22 90 154
89 94 115
42 68 166
57 31 90
99 37 142
86 60 126
15 92 283
8 80 26
67 68 135
28 48 203
76 87 158
82 99 35
45 72 111
57 94 211
83 4 169
76 29 291
81 31 7
11 73 20
36 33 208
61 63 79
78 7 46
11 88 135
71 39 88
62 32 80
14 81 257
99 30 86
25 61 112
72 8 209
60 2 192
55 31 58
72 86 100
32 76 122
33 54 272
64 25 5
98 4 35
50 55 133
68 73 273
85 88 31
80 51 218
3 32 61
86 47 83
58 32 51
50 48 41
42 51 95
58 5 158
39 47 132
70 99 286
93 76 51
76 33 112
50 11 115
100 20 66
39 61 292
78 89 184
1 65 104
72 35 35
84 46 26
25 24 55
63 67 228
94 47 129
39 79 76
13 93 123
12 98 162
50 53 51
22 77 95
86 16 245
97 69 90
27 74 112
43 56 275
7 2 153
60 44 189
6 44 230
70 93 223
5 59 78
87 75 73
36 100 167
81 41 212
75 21 247
70 6 249
7 62 157
59 32 76
43 66 69
51 78 145
93 55 16
34 94 285
50 94 294
38 53 197
75 86 111
96 8 61
77 91 64
85 34 228
82 84 243
94 11 275
72 39 125
91 83 40
98 85 176
97 68 184
25 99 65
15 100 21
53 14 215
36 52 107
37 41 140
16 88 108
93 86 10
28 47 48
88 33 214
13 3 287
16 39 123
18 36 48
91 29 134
49 13 7
78 35 206
11 90 104
55 40 118
18 56 239
1 56 33
71 21 7
37 76 17
91 44 78
48 98 92
84 96 40
42 22 277
10 61 266
18 22 162
58 4 188
44 100 249
12 94 120
75 95 133
87 50 11
74 64 155
41 7 192
29 85 10
33 75 63
75 37 110
61 67 155
70 24 71
3 19 238
48 96 59
87 55 154
93 63 64
51 36 277
18 80 197
92 42 291
91 69 152
32 92 35
38 68 21
38 48 290
13 64 94
45 50 169
79 51 150
35 57 213
89 55 20
92 29 268
91 15 9
3 38 74
35 60 133
50 20 185
46 50 254
37 36 87
87 65 100
78 90 142
46 78 81
95 21 107
39 31 40
13 31 73
57 45 108
69 53 129
82 26 96
1 6 125
91 37 160
36 28 185
62 23 75
52 26 219
2 54 185
90 75 110
66 35 121
73 83 59
60 59 167
54 24 215
51 66 254
90 2 194
34 27 61
75 4 138
7 51 252
4 78 193
69 81 104
77 58 270
59 75 37
52 23 294
6 74 169
91 12 61
35 58 177
33 95 207
70 38 37
12 62 142
20 15 173
11 75 269
83 94 43
21 54 130
58 47 68
92 86 56
63 69 106
98 78 89
38 94 95
54 48 158
74 20 216
30 60 195
96 46 230
91 50 177
54 80 82
29 4 283
52 88 63
81 89 2
50 88 263
71 29 210
76 86 172
75 92 234
79 28 113
6 7 174
63 85 11
36 41 76
78 22 61
24 46 106
18 93 222
94 25 122
22 96 267
31 6 91
50 30 20
19 83 214
1 87 208
81 52 249
17 11 140
54 43 254
51 82 40
1 37 109
44 62 211
69 6 176
74 21 3
23 84 203
28 22 47
62 39 112
32 41 119
57 48 55
85 46 99
34 63 5
88 81 180
30 16 41
16 63 119
73 40 150
64 38 180
46 83 66
24 11 271
75 45 75
77 56 204
97 26 226
60 76 97
61 74 254
71 26 9
33 94 17
45 88 202
39 98 180
7 5 163
89 40 166
81 98 103
38 28 194
6 49 288
81 90 21
80 91 149
40 13 275
98 30 218
92 60 172
97 4 287
50 80 247
26 30 121
17 38 162
76 95 20
75 98 241
55 6 124
79 23 220
39 65 74
45 59 5
49 85 96
24 56 142
99 22 127
43 71 291
44 75 43
18 53 68
39 83 178
68 58 27
19 38 118
33 45 34
23 64 32
20 5 233
52 76 205
2 32 66
97 88 148
62 2 50
25 90 152
36 97 82
9 50 162
19 1 181
87 18 192
44 27 269
92 37 95
17 74 164
54 77 30
54 3 126
66 56 209
68 59 148
20 35 103
78 44 224
91 43 278
16 87 2
88 73 227
7 26 112
25 97 151
33 6 12
29 64 236
40 75 129
22 98 298
46 26 1
67 92 283
94 82 85
15 32 91
96 35 194
55 96 159
95 90 132
8 9 36
55 49 299
21 16 111
26 43 17
30 83 134
58 12 50
26 22 145
30 97 99
45 49 8
83 23 110
61 18 45
89 65 142
42 36 106
92 1 13
36 45 80
22 9 149
46 94 71
10 5 176
27 40 173
85 44 10
28 27 298
85 10 167
65 93 292
68 79 25
53 62 251
59 71 226
55 48 268
44 31 181
21 30 158
67 18 41
90 17 162
70 97 273
10 64 95
22 67 82
54 19 13
19 22 32
7 79 141
40 95 214
47 88 272
65 34 203
32 99 178
68 76 34
68 27 256
11 87 166
54 5 225
59 1 197
21 97 113
27 99 38
11 33 41
52 11 243
14 10 210
67 49 205
5 45 40
13 11 167
60 26 211
71 27 212
61 70 44
71 82 89
34 24 235
71 33 51
12 49 273
27 76 142
12 96 51
66 91 59
100 4 227
2 89 55
66 58 201
99 73 151
87 25 274
26 13 243
43 34 17
41 95 110
19 94 143
46 86 91
43 18 45
56 40 121
50 19 31
57 54 291
30 7 178
13 1 132
7 87 249
93 74 137
100 78 39
31 41 170
21 79 201
58 10 260
5 52 67
19 62 191
36 24 150
85 22 279
49 61 247
27 55 237
68 14 137
86 59 173
87 78 9
72 56 135
81 2 228
25 19 132
99 52 131
33 64 291
51 4 69
95 61 136
21 92 11
82 59 286
70 10 285
68 35 153
20 51 228
21 32 291
79 19 219
43 85 52
32 8 231
65 66 218
66 15 206
53 97 59
71 66 229
2 85 69
20 38 15
36 73 154
51 58 53
20 19 1
97 50 214
50 69 224
86 19 46
84 20 10
5 82 285
54 31 205
92 72 142
16 94 196
80 30 67
97 98 206
92 79 275
68 29 17
97 78 221
43 69 229
83 41 137
51 67 176
73 69 258
80 1 67
92 63 290
10 84 141
64 77 31
90 54 43
74 77 20
2 24 113
4 12 180
6 48 150
15 60 1
18 86 239
29 66 296
35 55 292
55 76 180
69 86 224
37 32 60
54 38 193
85 60 165
16 3 199
75 23 217
17 20 100
2 70 94
60 1 243
87 31 44
92 36 161
43 82 95
37 8 33
82 53 99
46 14 44
26 33 178
13 57 43
37 86 256
90 85 232
82 41 197
32 90 160
1 62 172
74 60 188
35 51 259
31 79 159
65 80 121
31 73 29
32 94 274
88 69 151
82 56 39
8 2 6
36 56 94
8 92 79
8 20 41
94 92 238
49 62 178
60 47 270
17 19 85
25 26 85
7 61 45
31 23 69
58 94 247
51 91 111
44 40 294
99 63 117
25 4 291
79 74 36
51 65 264
37 43 135
30 40 105
33 48 275
49 35 211
53 78 18
85 97 137
19 40 7
53 52 179
16 5 266
21 12 119
18 88 233
78 25 135
14 77 152
46 20 27
79 36 100
96 50 9
90 83 265
94 42 255
5 79 143
44 63 212
73 85 37
9 7 5
37 77 43
22 66 49
65 21 219
63 37 251
68 90 178
60 73 207
73 81 173
77 24 50
57 10 116
98 59 193
48 65 42
73 47 193
81 54 253
38 30 236
96 42 36
3 33 181
33 44 63
98 89 273
57 56 168
86 15 193
79 100 98
69 62 254
76 56 126
36 74 62
29 81 28
59 28 38
95 94 158
81 80 229
78 59 101
27 11 166
89 33 284
18 58 63
76 1 248
99 68 217
41 3 107
16 47 196
35 7 236
14 64 64
1 57 119
21 68 260
60 21 170
22 69 15
54 87 129
57 41 287
27 39 298
39 29 113
31 24 228
35 11 203
89 63 171
31 51 274
78 77 215
19 24 274
74 72 144
64 61 211
15 5 150
5 69 195
41 76 270
60 98 42
5 92 44
64 5 253
100 57 266
34 25 206
99 1 203
22 8 214
97 67 61
78 70 82
5 60 243
88 78 25
56 74 44
67 52 215
30 63 162
82 83 91
8 83 167
59 35 105
49 17 29
74 95 74
69 9 91
79 24 277
4 9 173
81 34 181
95 73 218
19 9 260
10 92 248
2 36 81
61 28 147
8 94 282
18 25 42
48 77 101
86 70 68
55 54 260
31 34 272
86 62 175
97 64 110
21 9 272
92 17 93
1 15 174
32 69 288
84 71 33
22 58 223
79 30 46
65 10 58
23 100 182
85 18 258
61 80 253
69 76 254
18 2 173
98 100 6
76 61 16
94 22 101
78 34 98
6 72 208
40 24 172
35 12 113
4 20 288
57 6 286
7 64 183
9 100 2
91 25 99
26 77 226
68 94 231
72 31 293
29 42 228
25 67 57
97 44 128
69 49 254
11 93 268
22 83 98
3 52 106
62 72 15
5 56 58
64 88 209
71 60 66
63 66 225
29 20 81
81 65 292
24 47 197
60 39 261
85 19 256
18 8 42
10 95 125
30 56 124
69 29 121
90 9 72
68 92 244
3 20 23
53 66 220
78 47 117
91 20 257
70 13 253
38 42 258
38 1 162
45 25 249
2 93 35
7 60 27
71 12 271
14 23 215
39 2 179
91 99 34
83 45 131
68 18 282
57 81 153
77 88 74
86 8 9
65 72 137
96 21 114
92 85 153
76 92 40
33 57 155
10 43 204
64 67 218
80 41 35
46 70 178
82 38 92
82 86 191
4 91 100
5 90 242
55 16 294
75 13 53
59 73 66
57 52 254
17 87 144
70 58 56
19 6 66
47 11 180
61 20 26
98 68 25
100 87 189
12 59 22
10 78 81
65 50 202
94 35 280
16 19 72
64 8 114
87 8 180
13 65 121
97 58 39
71 30 267
1 88 6
21 47 59
54 67 150
63 39 127
20 2 185
7 52 207
84 89 278
93 30 221
56 48 221
40 82 86
68 82 138
55 23 32
37 21 155
42 37 58
83 34 172
38 71 225
30 35 130
5 3 12
4 21 225
71 92 180
2 22 130
97 94 297
64 69 37
85 79 85
43 8 297
93 8 108
83 51 37
66 47 250
74 13 226
62 36 74
81 71 53
26 57 135
45 99 14
40 45 219
36 84 148
79 71 281
83 58 154
55 43 279
72 50 50
58 8 111
11 32 107
1 53 276
34 49 211
8 82 133
33 65 197
74 40 2
74 22 85
13 97 129
58 55 70
57 90 178
6 73 168
3 93 9
95 77 92
34 75 243
6 40 180
43 41 85
80 87 80
26 98 218
5 9 264
68 37 126
58 44 292
31 84 226
4 6 104
53 30 164
77 32 154
73 89 63
47 18 107
49 50 265
3 2 76
100 8 208
61 85 33
21 28 40
27 6 140
99 75 167
24 78 135
11 29 143
45 3 52
65 32 78
46 95 204
64 93 248
20 31 97
76 99 174
55 45 273
11 19 141
81 13 49
27 94 229
80 37 209
59 100 130
8 27 29
49 21 242
73 8 136
19 98 57
78 91 78
71 15 42
45 7 270
74 3 297
1 81 100
28 82 260
27 49 241
26 76 186
76 9 189
53 17 109
21 15 67
33 23 122
11 70 25
82 34 148
83 78 110
78 28 285
46 48 25
34 10 32
7 81 290
82 39 238
14 34 84
96 40 47
44 15 169
86 39 293
57 69 111
57 21 111
25 71 266
94 21 294
57 46 255
24 60 110
22 62 234
89 92 211
98 20 71
75 19 208
98 54 275
25 81 43
92 66 213
54 42 238
82 54 213
74 11 38
59 24 99
14 100 79
72 25 46
95 67 189
96 1 261
42 39 160
84 87 240
91 100 157
97 34 299
31 50 82
91 57 195
95 92 93
18 59 140
90 27 185
88 40 66
18 84 192
42 80 3
9 53 53
64 48 206
16 54 115
45 15 31
54 58 197
23 90 204
31 100 215
4 17 13
79 65 201
40 91 9
77 61 110
100 24 113
8 99 165
51 46 69
55 4 30
29 2 294
85 99 276
6 28 165
92 27 261
54 28 220
18 24 189
43 6 121
17 58 177
55 24 165
5 25 253
19 89 152
4 36 117
87 71 114
65 58 103
84 1 234
42 74 96
48 83 165
13 25 7
42 34 139
16 71 247
12 23 181
98 61 43
63 12 141
89 69 286
61 33 260
16 51 134
71 67 245
36 14 149
97 91 88
65 42 31
71 97 95
2 74 43
76 14 139
3 75 35
8 78 74
100 42 281
88 44 83
59 99 182
49 26 17
27 59 184
87 85 117
64 11 26
69 48 226
13 48 97
98 53 263
65 68 43
47 75 300
31 68 250
51 34 32
91 90 50
55 18 132
50 16 15
55 41 166
97 75 200
47 63 51
16 40 123
37 62 8
40 78 300
86 4 148
1 83 58
34 89 52
24 6 216
82 12 262
89 42 96
15 64 251
37 94 283
93 89 202
7 98 164
60 8 26
90 76 60
10 29 256
9 44 268
70 8 121
68 52 267
17 27 172
20 81 206
2 9 226
27 23 86
48 39 283
94 67 20
57 9 74
54 65 198
14 32 173
34 50 151
76 82 23
93 90 10
26 11 43
66 61 160
44 67 228
99 41 51
82 60 243
18 81 206
8 6 252
35 76 194
12 77 19
14 83 192
31 94 134
81 59 239
55 65 58
66 31 130
63 64 80
12 99 49
46 21 209
93 56 207
68 91 102
69 42 9
61 12 114
64 21 181
6 79 272
88 95 159
22 16 251
35 38 287
37 66 121
54 69 278
39 32 25
33 2 260
</input>
      <output size="8">999 1000</output>
      <correct size="9">999 1000
</correct>
      <stderr size="0"></stderr>
      <checker size="3">OK
</checker>
    </test>
  </tests>
</testing-report>
