Content-type: text/xml

<?xml version="1.0" encoding="utf-8"?>
<testing-report run-id="8" judge-id="9" status="WA" scoring="ACM" run-tests="2" contest-id="3004" real-time-available="yes" max-memory-used-available="yes" correct-available="yes" failed-test="2" time-limit-ms="2000" real-time-limit-ms="5000" marked-flag="no" >
  <uuid>875e4a9d-672a-4ccf-9c59-63146721d655</uuid>
  <host>localhost.localdomain</host>
  <cpu-model>Intel(R) Pentium(R) CPU 3550M @ 2.30GHz</cpu-model>
  <cpu-mhz>2294.738</cpu-mhz>
  <compiler_output>Done processing 000008.cpp
000008.cpp: In function 'int main()':
000008.cpp:49:14: warning: unused variable 'canbe' [-Wunused-variable]
         bool canbe = true;
              ^

</compiler_output>
  <tests>
    <test num="1" status="OK" time="1" real-time="3" max-memory-used="9904128"  checker-comment="OK" >
  <program-stats-str>{ utime=0, stime=1, ptime=1, rtime=3, maxvsz=9904128, maxrss=2756608, nvcsw=1, nivcsw=1 }</program-stats-str>
  <checker-stats-str>{ utime=0, stime=0, ptime=0, rtime=2, maxvsz=307200, maxrss=2654208, nvcsw=1, nivcsw=1 }</checker-stats-str>
      <input size="24">4 5
0 1
0 2
1 2
2 3
3 0
</input>
      <output size="1">4</output>
      <correct size="2">4
</correct>
      <stderr size="0"></stderr>
      <checker size="3">OK
</checker>
    </test>
    <test num="2" status="WA" time="1" real-time="2" max-memory-used="9904128"  checker-comment="Answers do not match: output: 3, correct: 5" >
  <program-stats-str>{ utime=0, stime=1, ptime=1, rtime=2, maxvsz=9904128, maxrss=2875392, nvcsw=1, nivcsw=1 }</program-stats-str>
  <checker-stats-str>{ utime=0, stime=0, ptime=0, rtime=1, maxvsz=307200, maxrss=2654208, nvcsw=1, nivcsw=1 }</checker-stats-str>
      <input size="45">5 10
2 3
4 4
0 3
1 3
4 2
4 1
1 0
2 2
2 4
4 4
</input>
      <output size="1">3</output>
      <correct size="2">5
</correct>
      <stderr size="0"></stderr>
      <checker size="44">Answers do not match: output: 3, correct: 5
</checker>
    </test>
  </tests>
</testing-report>
