Content-type: text/xml

<?xml version="1.0" encoding="utf-8"?>
<testing-report run-id="21" judge-id="22" status="WA" scoring="ACM" run-tests="2" contest-id="3004" real-time-available="yes" max-memory-used-available="yes" correct-available="yes" failed-test="2" time-limit-ms="2000" real-time-limit-ms="5000" marked-flag="no" >
  <uuid>7ce2ac40-15d3-47c5-b26a-a9e783d1bd13</uuid>
  <host>localhost.localdomain</host>
  <cpu-model>Intel(R) Pentium(R) CPU 3550M @ 2.30GHz</cpu-model>
  <cpu-mhz>2294.738</cpu-mhz>
  <compiler_output>Done processing 000021.cpp

</compiler_output>
  <tests>
    <test num="1" status="OK" time="1" real-time="3" max-memory-used="4313088"  checker-comment="OK" >
  <program-stats-str>{ utime=0, stime=1, ptime=1, rtime=3, maxvsz=4313088, maxrss=3084288, nvcsw=1, nivcsw=1 }</program-stats-str>
  <checker-stats-str>{ utime=0, stime=0, ptime=0, rtime=2, maxvsz=307200, maxrss=2654208, nvcsw=1, nivcsw=1 }</checker-stats-str>
      <input size="59">5 8
1 3 75
3 4 51
2 4 19
3 2 95
2 5 42
5 4 31
1 2 9
3 5 66
</input>
      <output size="7">110 121</output>
      <correct size="8">110 121
</correct>
      <stderr size="0"></stderr>
      <checker size="3">OK
</checker>
    </test>
    <test num="2" status="WA" time="1" real-time="2" max-memory-used="4313088"  checker-comment="Answers differ: [2]: output: 28, correct: 37" >
  <program-stats-str>{ utime=0, stime=1, ptime=1, rtime=2, maxvsz=4313088, maxrss=2785280, nvcsw=1, nivcsw=1 }</program-stats-str>
  <checker-stats-str>{ utime=0, stime=0, ptime=0, rtime=1, maxvsz=307200, maxrss=2654208, nvcsw=1, nivcsw=1 }</checker-stats-str>
      <input size="92">9 13
1 2 4
1 8 8
2 8 11
3 2 8
8 9 7
8 7 1
7 9 6
9 3 2
3 4 7
3 6 4
7 6 2
4 6 14
4 5 9
5 6 10
</input>
      <output size="5">37 28</output>
      <correct size="6">37 37
</correct>
      <stderr size="0"></stderr>
      <checker size="45">Answers differ: [2]: output: 28, correct: 37
</checker>
    </test>
  </tests>
</testing-report>
