Content-type: text/xml

<?xml version="1.0" encoding="utf-8"?>
<testing-report run-id="87" judge-id="66" status="OK" scoring="ACM" run-tests="8" contest-id="3101" real-time-available="yes" max-memory-used-available="yes" correct-available="yes" time-limit-ms="2000" real-time-limit-ms="5000" marked-flag="no" >
  <uuid>1af2a662-53f1-4a70-a718-9156a41f51fc</uuid>
  <host>localhost.localdomain</host>
  <cpu-model>Intel(R) Pentium(R) CPU 3550M @ 2.30GHz</cpu-model>
  <cpu-mhz>2294.738</cpu-mhz>
  <compiler_output>000087.cpp: In function 'int main()':
000087.cpp:66:23: warning: comparison between signed and unsigned integer expressions [-Wsign-compare]
     for (int i = 0; i &lt; cnt.size(); i++)
                       ^
</compiler_output>
  <tests>
    <test num="1" status="OK" time="1" real-time="2" max-memory-used="311296"  checker-comment="OK" >
  <program-stats-str>{ utime=0, stime=1, ptime=1, rtime=2, maxvsz=311296, maxrss=2740224, nvcsw=1, nivcsw=1 }</program-stats-str>
  <checker-stats-str>{ utime=0, stime=0, ptime=0, rtime=1, maxvsz=307200, maxrss=2387968, nvcsw=1, nivcsw=1 }</checker-stats-str>
      <input size="19">3
1 2 1
4
0 1 2 3

</input>
      <output size="8">0 2 1 0 </output>
      <correct size="9">0 2 1 0 
</correct>
      <stderr size="0"></stderr>
      <checker size="3">OK
</checker>
    </test>
    <test num="2" status="OK" time="1" real-time="2" max-memory-used="311296"  checker-comment="OK" >
  <program-stats-str>{ utime=0, stime=1, ptime=1, rtime=2, maxvsz=311296, maxrss=2867200, nvcsw=1, nivcsw=1 }</program-stats-str>
  <checker-stats-str>{ utime=1, stime=0, ptime=1, rtime=2, maxvsz=307200, maxrss=2387968, nvcsw=1, nivcsw=2 }</checker-stats-str>
      <input size="25">3
1 3 5
7
0 1 2 3 4 5 6

</input>
      <output size="14">0 1 0 1 0 1 0 </output>
      <correct size="15">0 1 0 1 0 1 0 
</correct>
      <stderr size="0"></stderr>
      <checker size="3">OK
</checker>
    </test>
    <test num="3" status="OK" time="1" real-time="7" max-memory-used="311296"  checker-comment="OK" >
  <program-stats-str>{ utime=0, stime=1, ptime=1, rtime=7, maxvsz=311296, maxrss=2846720, nvcsw=1, nivcsw=2 }</program-stats-str>
  <checker-stats-str>{ utime=0, stime=0, ptime=0, rtime=2, maxvsz=307200, maxrss=2387968, nvcsw=1, nivcsw=2 }</checker-stats-str>
      <input size="26">3
9 7 5
7
4 5 6 7 8 9 10

</input>
      <output size="14">0 1 0 1 0 1 0 </output>
      <correct size="15">0 1 0 1 0 1 0 
</correct>
      <stderr size="0"></stderr>
      <checker size="3">OK
</checker>
    </test>
    <test num="4" status="OK" time="2" real-time="3" max-memory-used="311296"  checker-comment="OK" >
  <program-stats-str>{ utime=1, stime=1, ptime=2, rtime=3, maxvsz=311296, maxrss=2871296, nvcsw=1, nivcsw=2 }</program-stats-str>
  <checker-stats-str>{ utime=0, stime=0, ptime=0, rtime=1, maxvsz=307200, maxrss=2387968, nvcsw=1, nivcsw=1 }</checker-stats-str>
      <input size="28">5
-1 -1 -1 -1 -1
3
-1 0 -2

</input>
      <output size="6">5 0 0 </output>
      <correct size="7">5 0 0 
</correct>
      <stderr size="0"></stderr>
      <checker size="3">OK
</checker>
    </test>
    <test num="5" status="OK" time="178" real-time="194" max-memory-used="5967872"  checker-comment="OK" >
  <program-stats-str>{ utime=161, stime=17, ptime=178, rtime=194, maxvsz=5967872, maxrss=4575232, nvcsw=1, nivcsw=25 }</program-stats-str>
  <checker-stats-str>{ utime=34, stime=5, ptime=39, rtime=49, maxvsz=307200, maxrss=2387968, nvcsw=1, nivcsw=10 }</checker-stats-str>
      <input too-big="yes" original-size="2139376" />
      <output too-big="yes" original-size="200005" />
      <correct too-big="yes" original-size="200006" />
      <stderr size="0"></stderr>
      <checker size="3">OK
</checker>
    </test>
    <test num="6" status="OK" time="164" real-time="182" max-memory-used="5967872"  checker-comment="OK" >
  <program-stats-str>{ utime=156, stime=8, ptime=164, rtime=182, maxvsz=5967872, maxrss=4567040, nvcsw=1, nivcsw=34 }</program-stats-str>
  <checker-stats-str>{ utime=51, stime=3, ptime=54, rtime=57, maxvsz=307200, maxrss=2387968, nvcsw=1, nivcsw=12 }</checker-stats-str>
      <input too-big="yes" original-size="1800014" />
      <output too-big="yes" original-size="700000" />
      <correct too-big="yes" original-size="700001" />
      <stderr size="0"></stderr>
      <checker size="3">OK
</checker>
    </test>
    <test num="7" status="OK" time="143" real-time="149" max-memory-used="5967872"  checker-comment="OK" >
  <program-stats-str>{ utime=117, stime=26, ptime=143, rtime=149, maxvsz=5967872, maxrss=4567040, nvcsw=1, nivcsw=9 }</program-stats-str>
  <checker-stats-str>{ utime=40, stime=0, ptime=40, rtime=42, maxvsz=307200, maxrss=2387968, nvcsw=1, nivcsw=5 }</checker-stats-str>
      <input too-big="yes" original-size="1177950" />
      <output too-big="yes" original-size="200000" />
      <correct too-big="yes" original-size="200001" />
      <stderr size="0"></stderr>
      <checker size="3">OK
</checker>
    </test>
    <test num="8" status="OK" time="139" real-time="152" max-memory-used="5967872"  checker-comment="OK" >
  <program-stats-str>{ utime=130, stime=9, ptime=139, rtime=152, maxvsz=5967872, maxrss=4538368, nvcsw=1, nivcsw=15 }</program-stats-str>
  <checker-stats-str>{ utime=41, stime=0, ptime=41, rtime=44, maxvsz=307200, maxrss=2387968, nvcsw=1, nivcsw=7 }</checker-stats-str>
      <input too-big="yes" original-size="1149432" />
      <output too-big="yes" original-size="200100" />
      <correct too-big="yes" original-size="200101" />
      <stderr size="0"></stderr>
      <checker size="3">OK
</checker>
    </test>
  </tests>
</testing-report>
