Content-type: text/xml

<?xml version="1.0" encoding="utf-8"?>
<testing-report run-id="56" judge-id="35" status="WA" scoring="ACM" run-tests="1" contest-id="3101" real-time-available="yes" max-memory-used-available="yes" correct-available="yes" failed-test="1" time-limit-ms="2000" real-time-limit-ms="5000" marked-flag="no" >
  <uuid>10891124-3d65-4970-a4c9-51db0df63f14</uuid>
  <host>localhost.localdomain</host>
  <cpu-model>Intel(R) Pentium(R) CPU 3550M @ 2.30GHz</cpu-model>
  <cpu-mhz>2294.738</cpu-mhz>
  <compiler_output></compiler_output>
  <tests>
    <test num="1" status="WA" time="2" real-time="3" max-memory-used="307200"  checker-comment="Answers do not match: output: 1.570796, correct: 1" >
  <program-stats-str>{ utime=2, stime=0, ptime=2, rtime=3, maxvsz=307200, maxrss=2928640, nvcsw=1, nivcsw=1 }</program-stats-str>
  <checker-stats-str>{ utime=0, stime=0, ptime=0, rtime=1, maxvsz=307200, maxrss=2387968, nvcsw=1, nivcsw=1 }</checker-stats-str>
      <input size="13">2.0000000000
</input>
      <output size="8">1.570796</output>
      <correct size="12">1.000000000
</correct>
      <stderr size="0"></stderr>
      <checker size="51">Answers do not match: output: 1.570796, correct: 1
</checker>
    </test>
  </tests>
</testing-report>
