Content-type: text/xml

<?xml version="1.0" encoding="utf-8"?>
<testing-report run-id="58" judge-id="37" status="WA" scoring="ACM" run-tests="1" contest-id="3101" real-time-available="yes" max-memory-used-available="yes" correct-available="yes" failed-test="1" time-limit-ms="2000" real-time-limit-ms="5000" marked-flag="no" >
  <uuid>13d6de7f-53d9-410c-b19b-3c7a3d42e45a</uuid>
  <host>localhost.localdomain</host>
  <cpu-model>Intel(R) Pentium(R) CPU 3550M @ 2.30GHz</cpu-model>
  <cpu-mhz>2294.738</cpu-mhz>
  <compiler_output></compiler_output>
  <tests>
    <test num="1" status="WA" time="1" real-time="4" max-memory-used="307200"  checker-comment="Answers do not match: output: -1.57079, correct: 0.5235987756" >
  <program-stats-str>{ utime=0, stime=1, ptime=1, rtime=4, maxvsz=307200, maxrss=3141632, nvcsw=1, nivcsw=1 }</program-stats-str>
  <checker-stats-str>{ utime=0, stime=0, ptime=0, rtime=1, maxvsz=307200, maxrss=2387968, nvcsw=1, nivcsw=1 }</checker-stats-str>
      <input size="4">0.5
</input>
      <output size="8">-1.57079</output>
      <correct size="15">0.523598775598
</correct>
      <stderr size="0"></stderr>
      <checker size="62">Answers do not match: output: -1.57079, correct: 0.5235987756
</checker>
    </test>
  </tests>
</testing-report>
