Content-type: text/xml

<?xml version="1.0" encoding="utf-8"?>
<testing-report run-id="9" judge-id="10" status="OK" scoring="ACM" run-tests="30" contest-id="3101" real-time-available="yes" max-memory-used-available="yes" correct-available="yes" time-limit-ms="2000" real-time-limit-ms="5000" marked-flag="no" >
  <uuid>85e318ea-550e-4306-a38a-509c1d544f90</uuid>
  <host>localhost.localdomain</host>
  <cpu-model>Intel(R) Pentium(R) CPU 3550M @ 2.30GHz</cpu-model>
  <cpu-mhz>2294.738</cpu-mhz>
  <compiler_output></compiler_output>
  <tests>
    <test num="1" status="OK" time="76" real-time="80" max-memory-used="30339072"  checker-comment="OK" >
  <program-stats-str>{ utime=67, stime=9, ptime=76, rtime=80, maxvsz=30339072, maxrss=27230208, nvcsw=1, nivcsw=8 }</program-stats-str>
  <checker-stats-str>{ utime=0, stime=0, ptime=0, rtime=2, maxvsz=307200, maxrss=2387968, nvcsw=1, nivcsw=1 }</checker-stats-str>
      <input size="13">2.0000000000
</input>
      <output size="19">1.0000000000677627
</output>
      <correct size="12">1.000000000
</correct>
      <stderr size="61">Warning: cannot find your CPU L2 cache size in /proc/cpuinfo
</stderr>
      <checker size="3">OK
</checker>
    </test>
    <test num="2" status="OK" time="76" real-time="80" max-memory-used="30339072"  checker-comment="OK" >
  <program-stats-str>{ utime=67, stime=9, ptime=76, rtime=80, maxvsz=30339072, maxrss=27258880, nvcsw=1, nivcsw=12 }</program-stats-str>
  <checker-stats-str>{ utime=0, stime=0, ptime=0, rtime=2, maxvsz=307200, maxrss=2387968, nvcsw=1, nivcsw=2 }</checker-stats-str>
      <input size="14">18.0000000000
</input>
      <output size="19">3.9999999999776286
</output>
      <correct size="12">4.000000000
</correct>
      <stderr size="61">Warning: cannot find your CPU L2 cache size in /proc/cpuinfo
</stderr>
      <checker size="3">OK
</checker>
    </test>
    <test num="3" status="OK" time="75" real-time="77" max-memory-used="30339072"  checker-comment="OK" >
  <program-stats-str>{ utime=61, stime=14, ptime=75, rtime=77, maxvsz=30339072, maxrss=27242496, nvcsw=1, nivcsw=7 }</program-stats-str>
  <checker-stats-str>{ utime=0, stime=0, ptime=0, rtime=2, maxvsz=307200, maxrss=2387968, nvcsw=1, nivcsw=2 }</checker-stats-str>
      <input size="15">153.5625000000
</input>
      <output size="19">12.249999999933047
</output>
      <correct size="13">12.250000000
</correct>
      <stderr size="61">Warning: cannot find your CPU L2 cache size in /proc/cpuinfo
</stderr>
      <checker size="3">OK
</checker>
    </test>
    <test num="4" status="OK" time="75" real-time="79" max-memory-used="30339072"  checker-comment="OK" >
  <program-stats-str>{ utime=57, stime=18, ptime=75, rtime=79, maxvsz=30339072, maxrss=27258880, nvcsw=1, nivcsw=10 }</program-stats-str>
  <checker-stats-str>{ utime=0, stime=0, ptime=0, rtime=2, maxvsz=307200, maxrss=2387968, nvcsw=1, nivcsw=1 }</checker-stats-str>
      <input size="21">840969476.9609252610
</input>
      <output size="19">28999.470799802755
</output>
      <correct size="16">28999.470799803
</correct>
      <stderr size="61">Warning: cannot find your CPU L2 cache size in /proc/cpuinfo
</stderr>
      <checker size="3">OK
</checker>
    </test>
    <test num="5" status="OK" time="75" real-time="80" max-memory-used="30339072"  checker-comment="OK" >
  <program-stats-str>{ utime=60, stime=15, ptime=75, rtime=80, maxvsz=30339072, maxrss=27398144, nvcsw=1, nivcsw=10 }</program-stats-str>
  <checker-stats-str>{ utime=0, stime=0, ptime=0, rtime=2, maxvsz=307200, maxrss=2387968, nvcsw=1, nivcsw=1 }</checker-stats-str>
      <input size="20">30133612.5653002064
</input>
      <output size="18">5489.402378656459
</output>
      <correct size="15">5489.402378656
</correct>
      <stderr size="61">Warning: cannot find your CPU L2 cache size in /proc/cpuinfo
</stderr>
      <checker size="3">OK
</checker>
    </test>
    <test num="6" status="OK" time="75" real-time="79" max-memory-used="30339072"  checker-comment="OK" >
  <program-stats-str>{ utime=48, stime=27, ptime=75, rtime=79, maxvsz=30339072, maxrss=27168768, nvcsw=1, nivcsw=10 }</program-stats-str>
  <checker-stats-str>{ utime=0, stime=0, ptime=0, rtime=1, maxvsz=307200, maxrss=2387968, nvcsw=1, nivcsw=1 }</checker-stats-str>
      <input size="21">277244440.4272677350
</input>
      <output size="19">16650.654983809174
</output>
      <correct size="16">16650.654983809
</correct>
      <stderr size="61">Warning: cannot find your CPU L2 cache size in /proc/cpuinfo
</stderr>
      <checker size="3">OK
</checker>
    </test>
    <test num="7" status="OK" time="77" real-time="81" max-memory-used="30339072"  checker-comment="OK" >
  <program-stats-str>{ utime=70, stime=7, ptime=77, rtime=81, maxvsz=30339072, maxrss=27095040, nvcsw=1, nivcsw=12 }</program-stats-str>
  <checker-stats-str>{ utime=0, stime=0, ptime=0, rtime=2, maxvsz=307200, maxrss=2387968, nvcsw=1, nivcsw=1 }</checker-stats-str>
      <input size="21">136334366.1503997010
</input>
      <output size="19">11676.226192302476
</output>
      <correct size="16">11676.226192303
</correct>
      <stderr size="61">Warning: cannot find your CPU L2 cache size in /proc/cpuinfo
</stderr>
      <checker size="3">OK
</checker>
    </test>
    <test num="8" status="OK" time="73" real-time="79" max-memory-used="30339072"  checker-comment="OK" >
  <program-stats-str>{ utime=60, stime=13, ptime=73, rtime=79, maxvsz=30339072, maxrss=27316224, nvcsw=1, nivcsw=13 }</program-stats-str>
  <checker-stats-str>{ utime=0, stime=0, ptime=0, rtime=1, maxvsz=307200, maxrss=2387968, nvcsw=1, nivcsw=1 }</checker-stats-str>
      <input size="21">197693610.0747197230
</input>
      <output size="19">14060.351755854732
</output>
      <correct size="16">14060.351755855
</correct>
      <stderr size="61">Warning: cannot find your CPU L2 cache size in /proc/cpuinfo
</stderr>
      <checker size="3">OK
</checker>
    </test>
    <test num="9" status="OK" time="75" real-time="80" max-memory-used="30339072"  checker-comment="OK" >
  <program-stats-str>{ utime=57, stime=18, ptime=75, rtime=80, maxvsz=30339072, maxrss=27172864, nvcsw=1, nivcsw=10 }</program-stats-str>
  <checker-stats-str>{ utime=0, stime=0, ptime=0, rtime=2, maxvsz=307200, maxrss=2387968, nvcsw=1, nivcsw=1 }</checker-stats-str>
      <input size="20">76312698.3753242965
</input>
      <output size="18">8735.708609512583
</output>
      <correct size="15">8735.708609513
</correct>
      <stderr size="61">Warning: cannot find your CPU L2 cache size in /proc/cpuinfo
</stderr>
      <checker size="3">OK
</checker>
    </test>
    <test num="10" status="OK" time="76" real-time="80" max-memory-used="30339072"  checker-comment="OK" >
  <program-stats-str>{ utime=52, stime=24, ptime=76, rtime=80, maxvsz=30339072, maxrss=27414528, nvcsw=1, nivcsw=10 }</program-stats-str>
  <checker-stats-str>{ utime=0, stime=0, ptime=0, rtime=1, maxvsz=307200, maxrss=2387968, nvcsw=1, nivcsw=1 }</checker-stats-str>
      <input size="20">20886555.0839174679
</input>
      <output size="18">4570.173681695038
</output>
      <correct size="15">4570.173681695
</correct>
      <stderr size="61">Warning: cannot find your CPU L2 cache size in /proc/cpuinfo
</stderr>
      <checker size="3">OK
</checker>
    </test>
    <test num="11" status="OK" time="78" real-time="86" max-memory-used="30339072"  checker-comment="OK" >
  <program-stats-str>{ utime=60, stime=18, ptime=78, rtime=86, maxvsz=30339072, maxrss=27193344, nvcsw=1, nivcsw=24 }</program-stats-str>
  <checker-stats-str>{ utime=0, stime=0, ptime=0, rtime=2, maxvsz=307200, maxrss=2387968, nvcsw=1, nivcsw=1 }</checker-stats-str>
      <input size="21">378842919.4512989630
</input>
      <output size="19">19463.883989026363
</output>
      <correct size="16">19463.883989026
</correct>
      <stderr size="61">Warning: cannot find your CPU L2 cache size in /proc/cpuinfo
</stderr>
      <checker size="3">OK
</checker>
    </test>
    <test num="12" status="OK" time="76" real-time="80" max-memory-used="30339072"  checker-comment="OK" >
  <program-stats-str>{ utime=72, stime=4, ptime=76, rtime=80, maxvsz=30339072, maxrss=27271168, nvcsw=1, nivcsw=11 }</program-stats-str>
  <checker-stats-str>{ utime=0, stime=0, ptime=0, rtime=2, maxvsz=307200, maxrss=2387968, nvcsw=1, nivcsw=1 }</checker-stats-str>
      <input size="21">445167317.5437543070
</input>
      <output size="19">21098.985100920352
</output>
      <correct size="16">21098.985100920
</correct>
      <stderr size="61">Warning: cannot find your CPU L2 cache size in /proc/cpuinfo
</stderr>
      <checker size="3">OK
</checker>
    </test>
    <test num="13" status="OK" time="74" real-time="77" max-memory-used="30339072"  checker-comment="OK" >
  <program-stats-str>{ utime=69, stime=5, ptime=74, rtime=77, maxvsz=30339072, maxrss=27197440, nvcsw=1, nivcsw=9 }</program-stats-str>
  <checker-stats-str>{ utime=0, stime=0, ptime=0, rtime=1, maxvsz=307200, maxrss=2387968, nvcsw=1, nivcsw=1 }</checker-stats-str>
      <input size="21">160389548.6223697700
</input>
      <output size="19">12664.495097939405
</output>
      <correct size="16">12664.495097939
</correct>
      <stderr size="61">Warning: cannot find your CPU L2 cache size in /proc/cpuinfo
</stderr>
      <checker size="3">OK
</checker>
    </test>
    <test num="14" status="OK" time="76" real-time="80" max-memory-used="30339072"  checker-comment="OK" >
  <program-stats-str>{ utime=68, stime=8, ptime=76, rtime=80, maxvsz=30339072, maxrss=27168768, nvcsw=1, nivcsw=12 }</program-stats-str>
  <checker-stats-str>{ utime=0, stime=0, ptime=0, rtime=2, maxvsz=307200, maxrss=2387968, nvcsw=1, nivcsw=1 }</checker-stats-str>
      <input size="20">78884904.5055653701
</input>
      <output size="17">8881.71212451346
</output>
      <correct size="15">8881.712124513
</correct>
      <stderr size="61">Warning: cannot find your CPU L2 cache size in /proc/cpuinfo
</stderr>
      <checker size="3">OK
</checker>
    </test>
    <test num="15" status="OK" time="76" real-time="80" max-memory-used="30339072"  checker-comment="OK" >
  <program-stats-str>{ utime=72, stime=4, ptime=76, rtime=80, maxvsz=30339072, maxrss=27267072, nvcsw=1, nivcsw=9 }</program-stats-str>
  <checker-stats-str>{ utime=0, stime=0, ptime=0, rtime=1, maxvsz=307200, maxrss=2387968, nvcsw=1, nivcsw=1 }</checker-stats-str>
      <input size="20">60429225.7657939370
</input>
      <output size="18">7773.618050667892
</output>
      <correct size="15">7773.618050668
</correct>
      <stderr size="61">Warning: cannot find your CPU L2 cache size in /proc/cpuinfo
</stderr>
      <checker size="3">OK
</checker>
    </test>
    <test num="16" status="OK" time="74" real-time="79" max-memory-used="30339072"  checker-comment="OK" >
  <program-stats-str>{ utime=64, stime=10, ptime=74, rtime=79, maxvsz=30339072, maxrss=27316224, nvcsw=1, nivcsw=15 }</program-stats-str>
  <checker-stats-str>{ utime=0, stime=0, ptime=0, rtime=1, maxvsz=307200, maxrss=2387968, nvcsw=1, nivcsw=1 }</checker-stats-str>
      <input size="20">53821986.5196255664
</input>
      <output size="17">7336.34110897133
</output>
      <correct size="15">7336.341108971
</correct>
      <stderr size="61">Warning: cannot find your CPU L2 cache size in /proc/cpuinfo
</stderr>
      <checker size="3">OK
</checker>
    </test>
    <test num="17" status="OK" time="73" real-time="78" max-memory-used="30339072"  checker-comment="OK" >
  <program-stats-str>{ utime=56, stime=17, ptime=73, rtime=78, maxvsz=30339072, maxrss=27246592, nvcsw=1, nivcsw=10 }</program-stats-str>
  <checker-stats-str>{ utime=0, stime=0, ptime=0, rtime=2, maxvsz=307200, maxrss=2387968, nvcsw=1, nivcsw=1 }</checker-stats-str>
      <input size="21">770562201.0849013420
</input>
      <output size="18">27758.99916197594
</output>
      <correct size="16">27758.999161976
</correct>
      <stderr size="61">Warning: cannot find your CPU L2 cache size in /proc/cpuinfo
</stderr>
      <checker size="3">OK
</checker>
    </test>
    <test num="18" status="OK" time="75" real-time="78" max-memory-used="30339072"  checker-comment="OK" >
  <program-stats-str>{ utime=61, stime=14, ptime=75, rtime=78, maxvsz=30339072, maxrss=27258880, nvcsw=1, nivcsw=10 }</program-stats-str>
  <checker-stats-str>{ utime=0, stime=0, ptime=0, rtime=2, maxvsz=307200, maxrss=2387968, nvcsw=1, nivcsw=1 }</checker-stats-str>
      <input size="21">350315556.5260224570
</input>
      <output size="19">18716.714981988138
</output>
      <correct size="16">18716.714981988
</correct>
      <stderr size="61">Warning: cannot find your CPU L2 cache size in /proc/cpuinfo
</stderr>
      <checker size="3">OK
</checker>
    </test>
    <test num="19" status="OK" time="75" real-time="79" max-memory-used="30339072"  checker-comment="OK" >
  <program-stats-str>{ utime=59, stime=16, ptime=75, rtime=79, maxvsz=30339072, maxrss=27242496, nvcsw=1, nivcsw=13 }</program-stats-str>
  <checker-stats-str>{ utime=0, stime=0, ptime=0, rtime=1, maxvsz=307200, maxrss=2387968, nvcsw=1, nivcsw=1 }</checker-stats-str>
      <input size="21">470254035.2964846800
</input>
      <output size="19">21685.338089065226
</output>
      <correct size="16">21685.338089065
</correct>
      <stderr size="61">Warning: cannot find your CPU L2 cache size in /proc/cpuinfo
</stderr>
      <checker size="3">OK
</checker>
    </test>
    <test num="20" status="OK" time="74" real-time="80" max-memory-used="30339072"  checker-comment="OK" >
  <program-stats-str>{ utime=62, stime=12, ptime=74, rtime=80, maxvsz=30339072, maxrss=27353088, nvcsw=1, nivcsw=17 }</program-stats-str>
  <checker-stats-str>{ utime=0, stime=0, ptime=0, rtime=1, maxvsz=307200, maxrss=2387968, nvcsw=1, nivcsw=1 }</checker-stats-str>
      <input size="21">349839258.7788981690
</input>
      <output size="19">18703.986794701774
</output>
      <correct size="16">18703.986794702
</correct>
      <stderr size="61">Warning: cannot find your CPU L2 cache size in /proc/cpuinfo
</stderr>
      <checker size="3">OK
</checker>
    </test>
    <test num="21" status="OK" time="74" real-time="80" max-memory-used="30339072"  checker-comment="OK" >
  <program-stats-str>{ utime=66, stime=8, ptime=74, rtime=80, maxvsz=30339072, maxrss=27258880, nvcsw=1, nivcsw=16 }</program-stats-str>
  <checker-stats-str>{ utime=0, stime=0, ptime=0, rtime=1, maxvsz=307200, maxrss=2387968, nvcsw=1, nivcsw=1 }</checker-stats-str>
      <input size="20">34633320.9898195443
</input>
      <output size="18">5885.001637727506
</output>
      <correct size="15">5885.001637727
</correct>
      <stderr size="61">Warning: cannot find your CPU L2 cache size in /proc/cpuinfo
</stderr>
      <checker size="3">OK
</checker>
    </test>
    <test num="22" status="OK" time="75" real-time="80" max-memory-used="30339072"  checker-comment="OK" >
  <program-stats-str>{ utime=47, stime=28, ptime=75, rtime=80, maxvsz=30339072, maxrss=27226112, nvcsw=1, nivcsw=11 }</program-stats-str>
  <checker-stats-str>{ utime=0, stime=0, ptime=0, rtime=1, maxvsz=307200, maxrss=2387968, nvcsw=1, nivcsw=1 }</checker-stats-str>
      <input size="19">2594845.2397786680
</input>
      <output size="19">1610.8398755024755
</output>
      <correct size="15">1610.839875502
</correct>
      <stderr size="61">Warning: cannot find your CPU L2 cache size in /proc/cpuinfo
</stderr>
      <checker size="3">OK
</checker>
    </test>
    <test num="23" status="OK" time="75" real-time="79" max-memory-used="30339072"  checker-comment="OK" >
  <program-stats-str>{ utime=75, stime=0, ptime=75, rtime=79, maxvsz=30339072, maxrss=27258880, nvcsw=1, nivcsw=9 }</program-stats-str>
  <checker-stats-str>{ utime=0, stime=0, ptime=0, rtime=1, maxvsz=307200, maxrss=2387968, nvcsw=1, nivcsw=1 }</checker-stats-str>
      <input size="21">403845443.3725420950
</input>
      <output size="19">20095.902607559707
</output>
      <correct size="16">20095.902607560
</correct>
      <stderr size="61">Warning: cannot find your CPU L2 cache size in /proc/cpuinfo
</stderr>
      <checker size="3">OK
</checker>
    </test>
    <test num="24" status="OK" time="76" real-time="83" max-memory-used="30339072"  checker-comment="OK" >
  <program-stats-str>{ utime=56, stime=20, ptime=76, rtime=83, maxvsz=30339072, maxrss=27246592, nvcsw=1, nivcsw=17 }</program-stats-str>
  <checker-stats-str>{ utime=0, stime=0, ptime=0, rtime=1, maxvsz=307200, maxrss=2387968, nvcsw=1, nivcsw=1 }</checker-stats-str>
      <input size="21">413099018.0831710410
</input>
      <output size="19">20324.833960403645
</output>
      <correct size="16">20324.833960404
</correct>
      <stderr size="61">Warning: cannot find your CPU L2 cache size in /proc/cpuinfo
</stderr>
      <checker size="3">OK
</checker>
    </test>
    <test num="25" status="OK" time="76" real-time="80" max-memory-used="30339072"  checker-comment="OK" >
  <program-stats-str>{ utime=76, stime=0, ptime=76, rtime=80, maxvsz=30339072, maxrss=27361280, nvcsw=1, nivcsw=13 }</program-stats-str>
  <checker-stats-str>{ utime=0, stime=0, ptime=0, rtime=1, maxvsz=307200, maxrss=2387968, nvcsw=1, nivcsw=1 }</checker-stats-str>
      <input size="21">156438369.7896366440
</input>
      <output size="19">12507.528051240786
</output>
      <correct size="16">12507.528051241
</correct>
      <stderr size="61">Warning: cannot find your CPU L2 cache size in /proc/cpuinfo
</stderr>
      <checker size="3">OK
</checker>
    </test>
    <test num="26" status="OK" time="75" real-time="81" max-memory-used="30339072"  checker-comment="OK" >
  <program-stats-str>{ utime=65, stime=10, ptime=75, rtime=81, maxvsz=30339072, maxrss=27271168, nvcsw=1, nivcsw=12 }</program-stats-str>
  <checker-stats-str>{ utime=0, stime=0, ptime=0, rtime=1, maxvsz=307200, maxrss=2387968, nvcsw=1, nivcsw=1 }</checker-stats-str>
      <input size="20">75316224.1261247344
</input>
      <output size="18">8678.486674975564
</output>
      <correct size="15">8678.486674976
</correct>
      <stderr size="61">Warning: cannot find your CPU L2 cache size in /proc/cpuinfo
</stderr>
      <checker size="3">OK
</checker>
    </test>
    <test num="27" status="OK" time="76" real-time="80" max-memory-used="30339072"  checker-comment="OK" >
  <program-stats-str>{ utime=76, stime=0, ptime=76, rtime=80, maxvsz=30339072, maxrss=27217920, nvcsw=1, nivcsw=10 }</program-stats-str>
  <checker-stats-str>{ utime=0, stime=0, ptime=0, rtime=2, maxvsz=307200, maxrss=2387968, nvcsw=1, nivcsw=1 }</checker-stats-str>
      <input size="21">228413511.1449308440
</input>
      <output size="19">15113.351322872033
</output>
      <correct size="16">15113.351322872
</correct>
      <stderr size="61">Warning: cannot find your CPU L2 cache size in /proc/cpuinfo
</stderr>
      <checker size="3">OK
</checker>
    </test>
    <test num="28" status="OK" time="74" real-time="84" max-memory-used="30339072"  checker-comment="OK" >
  <program-stats-str>{ utime=60, stime=14, ptime=74, rtime=84, maxvsz=30339072, maxrss=27271168, nvcsw=1, nivcsw=14 }</program-stats-str>
  <checker-stats-str>{ utime=0, stime=0, ptime=0, rtime=1, maxvsz=307200, maxrss=2387968, nvcsw=1, nivcsw=1 }</checker-stats-str>
      <input size="21">457059638.3223664900
</input>
      <output size="18">21378.94974284157
</output>
      <correct size="16">21378.949742842
</correct>
      <stderr size="61">Warning: cannot find your CPU L2 cache size in /proc/cpuinfo
</stderr>
      <checker size="3">OK
</checker>
    </test>
    <test num="29" status="OK" time="76" real-time="81" max-memory-used="30339072"  checker-comment="OK" >
  <program-stats-str>{ utime=64, stime=12, ptime=76, rtime=81, maxvsz=30339072, maxrss=27279360, nvcsw=1, nivcsw=11 }</program-stats-str>
  <checker-stats-str>{ utime=0, stime=0, ptime=0, rtime=2, maxvsz=307200, maxrss=2387968, nvcsw=1, nivcsw=1 }</checker-stats-str>
      <input size="21">333504880.4437993370
</input>
      <output size="19">18262.112290379104
</output>
      <correct size="16">18262.112290379
</correct>
      <stderr size="61">Warning: cannot find your CPU L2 cache size in /proc/cpuinfo
</stderr>
      <checker size="3">OK
</checker>
    </test>
    <test num="30" status="OK" time="76" real-time="80" max-memory-used="30339072"  checker-comment="OK" >
  <program-stats-str>{ utime=61, stime=15, ptime=76, rtime=80, maxvsz=30339072, maxrss=27168768, nvcsw=1, nivcsw=9 }</program-stats-str>
  <checker-stats-str>{ utime=0, stime=0, ptime=0, rtime=1, maxvsz=307200, maxrss=2387968, nvcsw=1, nivcsw=1 }</checker-stats-str>
      <input size="20">17333874.9521828720
</input>
      <output size="18">4163.389295736291
</output>
      <correct size="15">4163.389295736
</correct>
      <stderr size="61">Warning: cannot find your CPU L2 cache size in /proc/cpuinfo
</stderr>
      <checker size="3">OK
</checker>
    </test>
  </tests>
</testing-report>
