Content-type: text/xml

<?xml version="1.0" encoding="utf-8"?>
<testing-report run-id="89" judge-id="68" status="WA" scoring="ACM" run-tests="1" contest-id="3101" real-time-available="yes" max-memory-used-available="yes" correct-available="yes" failed-test="1" time-limit-ms="2000" real-time-limit-ms="5000" marked-flag="no" >
  <uuid>c9dd82d9-7d8c-481e-8930-29aa2677450b</uuid>
  <host>localhost.localdomain</host>
  <cpu-model>Intel(R) Pentium(R) CPU 3550M @ 2.30GHz</cpu-model>
  <cpu-mhz>2294.738</cpu-mhz>
  <compiler_output>000089.cpp: In function 'int main()':
000089.cpp:17:7: warning: unused variable 'left' [-Wunused-variable]
   int left, right;
       ^
000089.cpp:17:13: warning: unused variable 'right' [-Wunused-variable]
   int left, right;
             ^
</compiler_output>
  <tests>
    <test num="1" status="WA" time="1" real-time="2" max-memory-used="311296"  checker-comment="Answers differ: [1]: output: 1, correct: 0" >
  <program-stats-str>{ utime=0, stime=1, ptime=1, rtime=2, maxvsz=311296, maxrss=2965504, nvcsw=1, nivcsw=1 }</program-stats-str>
  <checker-stats-str>{ utime=0, stime=0, ptime=0, rtime=1, maxvsz=307200, maxrss=2387968, nvcsw=1, nivcsw=1 }</checker-stats-str>
      <input size="19">3
1 2 1
4
0 1 2 3

</input>
      <output size="8">1 1 1 1 </output>
      <correct size="9">0 2 1 0 
</correct>
      <stderr size="0"></stderr>
      <checker size="43">Answers differ: [1]: output: 1, correct: 0
</checker>
    </test>
  </tests>
</testing-report>
