Content-type: text/xml

<?xml version="1.0" encoding="utf-8"?>
<testing-report run-id="2" judge-id="3" status="WA" scoring="ACM" run-tests="1" contest-id="3101" real-time-available="yes" max-memory-used-available="yes" correct-available="yes" failed-test="1" time-limit-ms="2000" real-time-limit-ms="5000" marked-flag="no" >
  <uuid>08377975-1bc0-425c-9958-ef5586ac497f</uuid>
  <host>localhost.localdomain</host>
  <cpu-model>Intel(R) Pentium(R) CPU 3550M @ 2.30GHz</cpu-model>
  <cpu-mhz>2294.738</cpu-mhz>
  <compiler_output></compiler_output>
  <tests>
    <test num="1" status="WA" time="77" real-time="86" max-memory-used="30339072"  checker-comment="Answers do not match: output: 2, correct: 1" >
  <program-stats-str>{ utime=66, stime=11, ptime=77, rtime=86, maxvsz=30339072, maxrss=27123712, nvcsw=1, nivcsw=16 }</program-stats-str>
  <checker-stats-str>{ utime=0, stime=0, ptime=0, rtime=1, maxvsz=307200, maxrss=2387968, nvcsw=1, nivcsw=1 }</checker-stats-str>
      <input size="2">2
</input>
      <output size="2">2
</output>
      <correct size="2">1
</correct>
      <stderr size="61">Warning: cannot find your CPU L2 cache size in /proc/cpuinfo
</stderr>
      <checker size="44">Answers do not match: output: 2, correct: 1
</checker>
    </test>
  </tests>
</testing-report>
