Content-type: text/xml

<?xml version="1.0" encoding="utf-8"?>
<testing-report run-id="97" judge-id="76" status="WA" scoring="ACM" run-tests="1" contest-id="3101" real-time-available="yes" max-memory-used-available="yes" correct-available="yes" failed-test="1" time-limit-ms="2000" real-time-limit-ms="5000" marked-flag="no" >
  <uuid>66db5aa4-de48-425f-8416-5b2f250143d9</uuid>
  <host>localhost.localdomain</host>
  <cpu-model>Intel(R) Pentium(R) CPU 3550M @ 2.30GHz</cpu-model>
  <cpu-mhz>2294.738</cpu-mhz>
  <compiler_output></compiler_output>
  <tests>
    <test num="1" status="WA" time="26" real-time="27" max-memory-used="307200"  checker-comment="Different number of lines: output: 7, correct: 10" >
  <program-stats-str>{ utime=18, stime=8, ptime=26, rtime=27, maxvsz=307200, maxrss=6217728, nvcsw=1, nivcsw=4 }</program-stats-str>
  <checker-stats-str>{ utime=0, stime=1, ptime=1, rtime=4, maxvsz=307200, maxrss=2387968, nvcsw=1, nivcsw=1 }</checker-stats-str>
      <input size="109">10 10
1 61 126 217 2876 6127 39162 98126 712687 1000000000 
100 6127 1 61 200 -10000 1 217 10000 1000000000 
</input>
      <output size="27">NO
YES
YES
YES
YES
YES
YES
</output>
      <correct size="36">NO
YES
YES
YES
NO
NO
YES
YES
NO
YES
</correct>
      <stderr size="0"></stderr>
      <checker size="50">Different number of lines: output: 7, correct: 10
</checker>
    </test>
  </tests>
</testing-report>
