Content-type: text/xml

<?xml version="1.0" encoding="utf-8"?>
<testing-report run-id="184" judge-id="1" status="TL" scoring="ACM" run-tests="5" contest-id="3101" real-time-available="yes" max-memory-used-available="yes" correct-available="yes" failed-test="5" time-limit-ms="2000" real-time-limit-ms="5000" marked-flag="no" >
  <uuid>d92497c4-f623-42fa-9dc4-fff815757686</uuid>
  <host>localhost.localdomain</host>
  <cpu-model>Intel(R) Pentium(R) CPU 3550M @ 2.30GHz</cpu-model>
  <cpu-mhz>2294.738</cpu-mhz>
  <compiler_output></compiler_output>
  <tests>
    <test num="1" status="OK" time="25" real-time="27" max-memory-used="307200"  checker-comment="OK" >
  <program-stats-str>{ utime=20, stime=5, ptime=25, rtime=27, maxvsz=307200, maxrss=6369280, nvcsw=1, nivcsw=4 }</program-stats-str>
  <checker-stats-str>{ utime=0, stime=0, ptime=0, rtime=2, maxvsz=307200, maxrss=2392064, nvcsw=1, nivcsw=1 }</checker-stats-str>
      <input size="19">3
1 2 1
4
0 1 2 3

</input>
      <output size="8">0 2 1 0 </output>
      <correct size="9">0 2 1 0 
</correct>
      <stderr size="0"></stderr>
      <checker size="3">OK
</checker>
    </test>
    <test num="2" status="OK" time="26" real-time="29" max-memory-used="307200"  checker-comment="OK" >
  <program-stats-str>{ utime=19, stime=7, ptime=26, rtime=29, maxvsz=307200, maxrss=6307840, nvcsw=1, nivcsw=4 }</program-stats-str>
  <checker-stats-str>{ utime=0, stime=0, ptime=0, rtime=2, maxvsz=307200, maxrss=2392064, nvcsw=1, nivcsw=2 }</checker-stats-str>
      <input size="25">3
1 3 5
7
0 1 2 3 4 5 6

</input>
      <output size="14">0 1 0 1 0 1 0 </output>
      <correct size="15">0 1 0 1 0 1 0 
</correct>
      <stderr size="0"></stderr>
      <checker size="3">OK
</checker>
    </test>
    <test num="3" status="OK" time="27" real-time="34" max-memory-used="307200"  checker-comment="OK" >
  <program-stats-str>{ utime=27, stime=0, ptime=27, rtime=34, maxvsz=307200, maxrss=6316032, nvcsw=1, nivcsw=4 }</program-stats-str>
  <checker-stats-str>{ utime=0, stime=0, ptime=0, rtime=1, maxvsz=307200, maxrss=2392064, nvcsw=1, nivcsw=1 }</checker-stats-str>
      <input size="26">3
9 7 5
7
4 5 6 7 8 9 10

</input>
      <output size="14">0 1 0 1 0 1 0 </output>
      <correct size="15">0 1 0 1 0 1 0 
</correct>
      <stderr size="0"></stderr>
      <checker size="3">OK
</checker>
    </test>
    <test num="4" status="OK" time="27" real-time="28" max-memory-used="307200"  checker-comment="OK" >
  <program-stats-str>{ utime=14, stime=13, ptime=27, rtime=28, maxvsz=307200, maxrss=6402048, nvcsw=1, nivcsw=3 }</program-stats-str>
  <checker-stats-str>{ utime=0, stime=0, ptime=0, rtime=1, maxvsz=307200, maxrss=2392064, nvcsw=1, nivcsw=1 }</checker-stats-str>
      <input size="28">5
-1 -1 -1 -1 -1
3
-1 0 -2

</input>
      <output size="6">5 0 0 </output>
      <correct size="7">5 0 0 
</correct>
      <stderr size="0"></stderr>
      <checker size="3">OK
</checker>
    </test>
    <test num="5" status="TL" time="2053" real-time="2306" max-memory-used="16449536" >
  <program-stats-str>{ utime=2022, stime=31, ptime=2053, rtime=2306, maxvsz=16449536, maxrss=14561280, nvcsw=4, nivcsw=139 }</program-stats-str>
      <input too-big="yes" original-size="2139376" />
      <output too-big="yes" original-size="180246" />
      <stderr size="0"></stderr>
    </test>
  </tests>
</testing-report>
