Content-type: text/xml

<?xml version="1.0" encoding="utf-8"?>
<testing-report run-id="152" judge-id="131" status="WA" scoring="ACM" run-tests="2" contest-id="3101" real-time-available="yes" max-memory-used-available="yes" correct-available="yes" failed-test="2" time-limit-ms="2000" real-time-limit-ms="5000" marked-flag="no" >
  <uuid>ae2d183d-0989-476b-bc16-bd66db7e55c6</uuid>
  <host>localhost.localdomain</host>
  <cpu-model>Intel(R) Pentium(R) CPU 3550M @ 2.30GHz</cpu-model>
  <cpu-mhz>2294.738</cpu-mhz>
  <compiler_output>000152.cpp: In function 'int main()':
000152.cpp:18:11: warning: overflow in implicit constant conversion [-Woverflow]
         r = pow(10, 10) + 1;
           ^
000152.cpp:15:14: warning: 'r' may be used uninitialized in this function [-Wmaybe-uninitialized]
     while (r - l &gt; pow(10, -5))
              ^
000152.cpp:28:14: warning: 'l' may be used uninitialized in this function [-Wmaybe-uninitialized]
     cout &lt;&lt; l;
              ^
</compiler_output>
  <tests>
    <test num="1" status="OK" time="1" real-time="2" max-memory-used="307200"  checker-comment="OK" >
  <program-stats-str>{ utime=0, stime=1, ptime=1, rtime=2, maxvsz=307200, maxrss=2998272, nvcsw=1, nivcsw=1 }</program-stats-str>
  <checker-stats-str>{ utime=0, stime=0, ptime=0, rtime=2, maxvsz=307200, maxrss=2387968, nvcsw=1, nivcsw=1 }</checker-stats-str>
      <input size="13">2.0000000000
</input>
      <output size="1">1</output>
      <correct size="12">1.000000000
</correct>
      <stderr size="0"></stderr>
      <checker size="3">OK
</checker>
    </test>
    <test num="2" status="WA" time="1" real-time="3" max-memory-used="307200"  checker-comment="Answers do not match: output: 1, correct: 4" >
  <program-stats-str>{ utime=0, stime=1, ptime=1, rtime=3, maxvsz=307200, maxrss=2928640, nvcsw=1, nivcsw=1 }</program-stats-str>
  <checker-stats-str>{ utime=0, stime=0, ptime=0, rtime=2, maxvsz=307200, maxrss=2387968, nvcsw=1, nivcsw=1 }</checker-stats-str>
      <input size="14">18.0000000000
</input>
      <output size="1">1</output>
      <correct size="12">4.000000000
</correct>
      <stderr size="0"></stderr>
      <checker size="44">Answers do not match: output: 1, correct: 4
</checker>
    </test>
  </tests>
</testing-report>
