Content-type: text/xml

<?xml version="1.0" encoding="utf-8"?>
<testing-report run-id="154" judge-id="133" status="OK" scoring="ACM" run-tests="8" contest-id="3101" real-time-available="yes" max-memory-used-available="yes" correct-available="yes" time-limit-ms="2000" real-time-limit-ms="5000" marked-flag="no" >
  <uuid>250678c3-c493-4269-b218-41d2deaa5999</uuid>
  <host>localhost.localdomain</host>
  <cpu-model>Intel(R) Pentium(R) CPU 3550M @ 2.30GHz</cpu-model>
  <cpu-mhz>2294.738</cpu-mhz>
  <compiler_output>000154.cpp: In function 'int main()':
000154.cpp:31:19: warning: comparison between signed and unsigned integer expressions [-Wsign-compare]
  for (int i = 0; i&lt;cnt.size(); ++i) cout &lt;&lt; cnt[i] &lt;&lt; &quot; &quot;;
                   ^
</compiler_output>
  <tests>
    <test num="1" status="OK" time="1" real-time="2" max-memory-used="311296"  checker-comment="OK" >
  <program-stats-str>{ utime=0, stime=1, ptime=1, rtime=2, maxvsz=311296, maxrss=2818048, nvcsw=1, nivcsw=1 }</program-stats-str>
  <checker-stats-str>{ utime=0, stime=0, ptime=0, rtime=1, maxvsz=307200, maxrss=2387968, nvcsw=1, nivcsw=1 }</checker-stats-str>
      <input size="19">3
1 2 1
4
0 1 2 3

</input>
      <output size="8">0 2 1 0 </output>
      <correct size="9">0 2 1 0 
</correct>
      <stderr size="0"></stderr>
      <checker size="3">OK
</checker>
    </test>
    <test num="2" status="OK" time="1" real-time="2" max-memory-used="311296"  checker-comment="OK" >
  <program-stats-str>{ utime=0, stime=1, ptime=1, rtime=2, maxvsz=311296, maxrss=3121152, nvcsw=1, nivcsw=1 }</program-stats-str>
  <checker-stats-str>{ utime=0, stime=0, ptime=0, rtime=2, maxvsz=307200, maxrss=2387968, nvcsw=1, nivcsw=2 }</checker-stats-str>
      <input size="25">3
1 3 5
7
0 1 2 3 4 5 6

</input>
      <output size="14">0 1 0 1 0 1 0 </output>
      <correct size="15">0 1 0 1 0 1 0 
</correct>
      <stderr size="0"></stderr>
      <checker size="3">OK
</checker>
    </test>
    <test num="3" status="OK" time="1" real-time="3" max-memory-used="311296"  checker-comment="OK" >
  <program-stats-str>{ utime=1, stime=0, ptime=1, rtime=3, maxvsz=311296, maxrss=3010560, nvcsw=1, nivcsw=2 }</program-stats-str>
  <checker-stats-str>{ utime=0, stime=1, ptime=1, rtime=3, maxvsz=307200, maxrss=2387968, nvcsw=1, nivcsw=1 }</checker-stats-str>
      <input size="26">3
9 7 5
7
4 5 6 7 8 9 10

</input>
      <output size="14">0 1 0 1 0 1 0 </output>
      <correct size="15">0 1 0 1 0 1 0 
</correct>
      <stderr size="0"></stderr>
      <checker size="3">OK
</checker>
    </test>
    <test num="4" status="OK" time="1" real-time="2" max-memory-used="311296"  checker-comment="OK" >
  <program-stats-str>{ utime=0, stime=1, ptime=1, rtime=2, maxvsz=311296, maxrss=2961408, nvcsw=1, nivcsw=1 }</program-stats-str>
  <checker-stats-str>{ utime=0, stime=0, ptime=0, rtime=1, maxvsz=307200, maxrss=2387968, nvcsw=1, nivcsw=1 }</checker-stats-str>
      <input size="28">5
-1 -1 -1 -1 -1
3
-1 0 -2

</input>
      <output size="6">5 0 0 </output>
      <correct size="7">5 0 0 
</correct>
      <stderr size="0"></stderr>
      <checker size="3">OK
</checker>
    </test>
    <test num="5" status="OK" time="181" real-time="199" max-memory-used="5165056"  checker-comment="OK" >
  <program-stats-str>{ utime=165, stime=16, ptime=181, rtime=199, maxvsz=5165056, maxrss=3858432, nvcsw=1, nivcsw=23 }</program-stats-str>
  <checker-stats-str>{ utime=35, stime=3, ptime=38, rtime=42, maxvsz=307200, maxrss=2387968, nvcsw=1, nivcsw=6 }</checker-stats-str>
      <input too-big="yes" original-size="2139376" />
      <output too-big="yes" original-size="200005" />
      <correct too-big="yes" original-size="200006" />
      <stderr size="0"></stderr>
      <checker size="3">OK
</checker>
    </test>
    <test num="6" status="OK" time="162" real-time="172" max-memory-used="5165056"  checker-comment="OK" >
  <program-stats-str>{ utime=159, stime=3, ptime=162, rtime=172, maxvsz=5165056, maxrss=3796992, nvcsw=1, nivcsw=11 }</program-stats-str>
  <checker-stats-str>{ utime=54, stime=0, ptime=54, rtime=58, maxvsz=307200, maxrss=2387968, nvcsw=1, nivcsw=8 }</checker-stats-str>
      <input too-big="yes" original-size="1800014" />
      <output too-big="yes" original-size="700000" />
      <correct too-big="yes" original-size="700001" />
      <stderr size="0"></stderr>
      <checker size="3">OK
</checker>
    </test>
    <test num="7" status="OK" time="140" real-time="149" max-memory-used="5165056"  checker-comment="OK" >
  <program-stats-str>{ utime=136, stime=4, ptime=140, rtime=149, maxvsz=5165056, maxrss=3756032, nvcsw=1, nivcsw=13 }</program-stats-str>
  <checker-stats-str>{ utime=40, stime=0, ptime=40, rtime=43, maxvsz=307200, maxrss=2387968, nvcsw=1, nivcsw=6 }</checker-stats-str>
      <input too-big="yes" original-size="1177950" />
      <output too-big="yes" original-size="200000" />
      <correct too-big="yes" original-size="200001" />
      <stderr size="0"></stderr>
      <checker size="3">OK
</checker>
    </test>
    <test num="8" status="OK" time="137" real-time="145" max-memory-used="5165056"  checker-comment="OK" >
  <program-stats-str>{ utime=129, stime=8, ptime=137, rtime=145, maxvsz=5165056, maxrss=3780608, nvcsw=1, nivcsw=11 }</program-stats-str>
  <checker-stats-str>{ utime=39, stime=0, ptime=39, rtime=44, maxvsz=307200, maxrss=2387968, nvcsw=1, nivcsw=6 }</checker-stats-str>
      <input too-big="yes" original-size="1149432" />
      <output too-big="yes" original-size="200100" />
      <correct too-big="yes" original-size="200101" />
      <stderr size="0"></stderr>
      <checker size="3">OK
</checker>
    </test>
  </tests>
</testing-report>
