Content-type: text/xml

<?xml version="1.0" encoding="utf-8"?>
<testing-report run-id="189" judge-id="1" status="TL" scoring="ACM" run-tests="5" contest-id="3101" real-time-available="yes" max-memory-used-available="yes" correct-available="yes" failed-test="5" time-limit-ms="2000" real-time-limit-ms="5000" marked-flag="no" >
  <uuid>b23eaa81-b029-466c-9199-c2fc29b2c6d9</uuid>
  <host>localhost.localdomain</host>
  <cpu-model>Intel(R) Pentium(R) CPU 3550M @ 2.30GHz</cpu-model>
  <cpu-mhz>2294.738</cpu-mhz>
  <compiler_output></compiler_output>
  <tests>
    <test num="1" status="OK" time="28" real-time="31" max-memory-used="307200"  checker-comment="OK" >
  <program-stats-str>{ utime=22, stime=6, ptime=28, rtime=31, maxvsz=307200, maxrss=6148096, nvcsw=1, nivcsw=5 }</program-stats-str>
  <checker-stats-str>{ utime=0, stime=0, ptime=0, rtime=1, maxvsz=307200, maxrss=2621440, nvcsw=1, nivcsw=1 }</checker-stats-str>
      <input size="19">3
1 2 1
4
0 1 2 3

</input>
      <output size="8">0 2 1 0
</output>
      <correct size="9">0 2 1 0 
</correct>
      <stderr size="0"></stderr>
      <checker size="3">OK
</checker>
    </test>
    <test num="2" status="OK" time="26" real-time="29" max-memory-used="307200"  checker-comment="OK" >
  <program-stats-str>{ utime=24, stime=2, ptime=26, rtime=29, maxvsz=307200, maxrss=6250496, nvcsw=1, nivcsw=6 }</program-stats-str>
  <checker-stats-str>{ utime=0, stime=0, ptime=0, rtime=2, maxvsz=307200, maxrss=2621440, nvcsw=1, nivcsw=1 }</checker-stats-str>
      <input size="25">3
1 3 5
7
0 1 2 3 4 5 6

</input>
      <output size="14">0 1 0 1 0 1 0
</output>
      <correct size="15">0 1 0 1 0 1 0 
</correct>
      <stderr size="0"></stderr>
      <checker size="3">OK
</checker>
    </test>
    <test num="3" status="OK" time="27" real-time="29" max-memory-used="307200"  checker-comment="OK" >
  <program-stats-str>{ utime=18, stime=9, ptime=27, rtime=29, maxvsz=307200, maxrss=6131712, nvcsw=1, nivcsw=4 }</program-stats-str>
  <checker-stats-str>{ utime=0, stime=0, ptime=0, rtime=1, maxvsz=307200, maxrss=2621440, nvcsw=1, nivcsw=1 }</checker-stats-str>
      <input size="26">3
9 7 5
7
4 5 6 7 8 9 10

</input>
      <output size="14">0 1 0 1 0 1 0
</output>
      <correct size="15">0 1 0 1 0 1 0 
</correct>
      <stderr size="0"></stderr>
      <checker size="3">OK
</checker>
    </test>
    <test num="4" status="OK" time="27" real-time="29" max-memory-used="307200"  checker-comment="OK" >
  <program-stats-str>{ utime=19, stime=8, ptime=27, rtime=29, maxvsz=307200, maxrss=6303744, nvcsw=1, nivcsw=4 }</program-stats-str>
  <checker-stats-str>{ utime=0, stime=0, ptime=0, rtime=1, maxvsz=307200, maxrss=2621440, nvcsw=1, nivcsw=1 }</checker-stats-str>
      <input size="28">5
-1 -1 -1 -1 -1
3
-1 0 -2

</input>
      <output size="6">5 0 0
</output>
      <correct size="7">5 0 0 
</correct>
      <stderr size="0"></stderr>
      <checker size="3">OK
</checker>
    </test>
    <test num="5" status="TL" time="2055" real-time="2283" max-memory-used="16195584" >
  <program-stats-str>{ utime=1906, stime=149, ptime=2055, rtime=2283, maxvsz=16195584, maxrss=14630912, nvcsw=2, nivcsw=167 }</program-stats-str>
      <input too-big="yes" original-size="2139376" />
      <output too-big="yes" original-size="200005" />
      <stderr size="0"></stderr>
    </test>
  </tests>
</testing-report>
