Content-type: text/xml

<?xml version="1.0" encoding="utf-8"?>
<testing-report run-id="148" judge-id="127" status="WA" scoring="ACM" run-tests="1" contest-id="3101" real-time-available="yes" max-memory-used-available="yes" correct-available="yes" failed-test="1" time-limit-ms="2000" real-time-limit-ms="5000" marked-flag="no" >
  <uuid>a31a7717-90d5-4b7a-83d2-5b030908760a</uuid>
  <host>localhost.localdomain</host>
  <cpu-model>Intel(R) Pentium(R) CPU 3550M @ 2.30GHz</cpu-model>
  <cpu-mhz>2294.738</cpu-mhz>
  <compiler_output>Done processing 000148.c
000148.c: In function 'main':
000148.c:7:11: warning: format '%f' expects argument of type 'float *', but argument 2 has type 'double *' [-Wformat=]
     scanf(&quot;%f&quot;, &amp;a);
           ^

</compiler_output>
  <tests>
    <test num="1" status="WA" time="0" real-time="1" max-memory-used="307200"  checker-comment="Answers do not match: output: -1.570796327, correct: 0.5235987756" >
  <program-stats-str>{ utime=0, stime=0, ptime=0, rtime=1, maxvsz=307200, maxrss=2387968, nvcsw=1, nivcsw=1 }</program-stats-str>
  <checker-stats-str>{ utime=0, stime=0, ptime=0, rtime=2, maxvsz=307200, maxrss=2387968, nvcsw=1, nivcsw=1 }</checker-stats-str>
      <input size="4">0.5
</input>
      <output size="15">-1.570796326795</output>
      <correct size="15">0.523598775598
</correct>
      <stderr size="0"></stderr>
      <checker size="66">Answers do not match: output: -1.570796327, correct: 0.5235987756
</checker>
    </test>
  </tests>
</testing-report>
