Content-type: text/xml

<?xml version="1.0" encoding="utf-8"?>
<testing-report run-id="175" judge-id="4" status="WA" scoring="ACM" run-tests="1" contest-id="3101" real-time-available="yes" max-memory-used-available="yes" correct-available="yes" failed-test="1" time-limit-ms="2000" real-time-limit-ms="5000" marked-flag="no" >
  <uuid>7aabaa77-68ac-4b41-b323-11016ba62295</uuid>
  <host>localhost.localdomain</host>
  <cpu-model>Intel(R) Pentium(R) CPU 3550M @ 2.30GHz</cpu-model>
  <cpu-mhz>2294.738</cpu-mhz>
  <compiler_output></compiler_output>
  <tests>
    <test num="1" status="WA" time="28" real-time="29" max-memory-used="307200"  checker-comment="Line 3 differs: output: ?NO? correct: ?YES?" >
  <program-stats-str>{ utime=14, stime=14, ptime=28, rtime=29, maxvsz=307200, maxrss=6123520, nvcsw=1, nivcsw=5 }</program-stats-str>
  <checker-stats-str>{ utime=0, stime=0, ptime=0, rtime=2, maxvsz=307200, maxrss=2387968, nvcsw=1, nivcsw=1 }</checker-stats-str>
      <input size="109">10 10
1 61 126 217 2876 6127 39162 98126 712687 1000000000 
100 6127 1 61 200 -10000 1 217 10000 1000000000 
</input>
      <output size="34">NO
YES
NO
YES
NO
NO
NO
YES
NO
YES
</output>
      <correct size="36">NO
YES
YES
YES
NO
NO
YES
YES
NO
YES
</correct>
      <stderr size="0"></stderr>
      <checker size="44">Line 3 differs: output:
&gt;NO&lt;
correct:
&gt;YES&lt;
</checker>
    </test>
  </tests>
</testing-report>
