Content-type: text/xml

<?xml version="1.0" encoding="utf-8"?>
<testing-report run-id="62" judge-id="4" status="WA" scoring="ACM" run-tests="10" contest-id="3206" real-time-available="yes" max-memory-used-available="yes" correct-available="yes" failed-test="10" time-limit-ms="2000" real-time-limit-ms="5000" marked-flag="no" >
  <uuid>8de46353-964a-4656-82b8-f9ba0db30620</uuid>
  <host>localhost.localdomain</host>
  <cpu-model>Intel(R) Pentium(R) CPU 3550M @ 2.30GHz</cpu-model>
  <cpu-mhz>2294.738</cpu-mhz>
  <compiler_output></compiler_output>
  <tests>
    <test num="1" status="OK" time="27" real-time="35" max-memory-used="307200"  checker-comment="OK" >
  <program-stats-str>{ utime=24, stime=3, ptime=27, rtime=35, maxvsz=307200, maxrss=6316032, nvcsw=1, nivcsw=7 }</program-stats-str>
  <checker-stats-str>{ utime=0, stime=0, ptime=0, rtime=2, maxvsz=307200, maxrss=2928640, nvcsw=1, nivcsw=1 }</checker-stats-str>
      <input size="2">1
</input>
      <output size="3">NO
</output>
      <correct size="3">NO
</correct>
      <stderr size="0"></stderr>
      <checker size="3">OK
</checker>
    </test>
    <test num="2" status="OK" time="26" real-time="29" max-memory-used="307200"  checker-comment="OK" >
  <program-stats-str>{ utime=24, stime=2, ptime=26, rtime=29, maxvsz=307200, maxrss=6389760, nvcsw=1, nivcsw=8 }</program-stats-str>
  <checker-stats-str>{ utime=0, stime=0, ptime=0, rtime=1, maxvsz=307200, maxrss=2928640, nvcsw=1, nivcsw=1 }</checker-stats-str>
      <input size="2">q
</input>
      <output size="3">NO
</output>
      <correct size="3">NO
</correct>
      <stderr size="0"></stderr>
      <checker size="3">OK
</checker>
    </test>
    <test num="3" status="OK" time="28" real-time="31" max-memory-used="307200"  checker-comment="OK" >
  <program-stats-str>{ utime=28, stime=0, ptime=28, rtime=31, maxvsz=307200, maxrss=6320128, nvcsw=1, nivcsw=8 }</program-stats-str>
  <checker-stats-str>{ utime=0, stime=0, ptime=0, rtime=2, maxvsz=307200, maxrss=2928640, nvcsw=1, nivcsw=1 }</checker-stats-str>
      <input size="2">Q
</input>
      <output size="3">NO
</output>
      <correct size="3">NO
</correct>
      <stderr size="0"></stderr>
      <checker size="3">OK
</checker>
    </test>
    <test num="4" status="OK" time="27" real-time="29" max-memory-used="307200"  checker-comment="OK" >
  <program-stats-str>{ utime=20, stime=7, ptime=27, rtime=29, maxvsz=307200, maxrss=6131712, nvcsw=1, nivcsw=4 }</program-stats-str>
  <checker-stats-str>{ utime=0, stime=0, ptime=0, rtime=1, maxvsz=307200, maxrss=2928640, nvcsw=1, nivcsw=1 }</checker-stats-str>
      <input size="3">qZ
</input>
      <output size="3">NO
</output>
      <correct size="3">NO
</correct>
      <stderr size="0"></stderr>
      <checker size="3">OK
</checker>
    </test>
    <test num="5" status="OK" time="27" real-time="29" max-memory-used="307200"  checker-comment="OK" >
  <program-stats-str>{ utime=27, stime=0, ptime=27, rtime=29, maxvsz=307200, maxrss=6389760, nvcsw=1, nivcsw=4 }</program-stats-str>
  <checker-stats-str>{ utime=0, stime=0, ptime=0, rtime=1, maxvsz=307200, maxrss=2928640, nvcsw=1, nivcsw=1 }</checker-stats-str>
      <input size="3">z2
</input>
      <output size="3">NO
</output>
      <correct size="3">NO
</correct>
      <stderr size="0"></stderr>
      <checker size="3">OK
</checker>
    </test>
    <test num="6" status="OK" time="27" real-time="28" max-memory-used="307200"  checker-comment="OK" >
  <program-stats-str>{ utime=22, stime=5, ptime=27, rtime=28, maxvsz=307200, maxrss=6307840, nvcsw=1, nivcsw=4 }</program-stats-str>
  <checker-stats-str>{ utime=0, stime=0, ptime=0, rtime=2, maxvsz=307200, maxrss=2928640, nvcsw=1, nivcsw=1 }</checker-stats-str>
      <input size="3">9a
</input>
      <output size="3">NO
</output>
      <correct size="3">NO
</correct>
      <stderr size="0"></stderr>
      <checker size="3">OK
</checker>
    </test>
    <test num="7" status="OK" time="31" real-time="44" max-memory-used="307200"  checker-comment="OK" >
  <program-stats-str>{ utime=28, stime=3, ptime=31, rtime=44, maxvsz=307200, maxrss=6295552, nvcsw=1, nivcsw=13 }</program-stats-str>
  <checker-stats-str>{ utime=0, stime=0, ptime=0, rtime=2, maxvsz=307200, maxrss=2928640, nvcsw=1, nivcsw=1 }</checker-stats-str>
      <input size="3">A9
</input>
      <output size="3">NO
</output>
      <correct size="3">NO
</correct>
      <stderr size="0"></stderr>
      <checker size="3">OK
</checker>
    </test>
    <test num="8" status="OK" time="34" real-time="39" max-memory-used="307200"  checker-comment="OK" >
  <program-stats-str>{ utime=32, stime=2, ptime=34, rtime=39, maxvsz=307200, maxrss=6156288, nvcsw=1, nivcsw=8 }</program-stats-str>
  <checker-stats-str>{ utime=0, stime=0, ptime=0, rtime=2, maxvsz=307200, maxrss=2928640, nvcsw=1, nivcsw=1 }</checker-stats-str>
      <input size="8">asdASD1
</input>
      <output size="3">NO
</output>
      <correct size="3">NO
</correct>
      <stderr size="0"></stderr>
      <checker size="3">OK
</checker>
    </test>
    <test num="9" status="OK" time="35" real-time="53" max-memory-used="307200"  checker-comment="OK" >
  <program-stats-str>{ utime=29, stime=6, ptime=35, rtime=53, maxvsz=307200, maxrss=6266880, nvcsw=1, nivcsw=13 }</program-stats-str>
  <checker-stats-str>{ utime=0, stime=0, ptime=0, rtime=1, maxvsz=307200, maxrss=2928640, nvcsw=1, nivcsw=1 }</checker-stats-str>
      <input size="8">123SDFc
</input>
      <output size="3">NO
</output>
      <correct size="3">NO
</correct>
      <stderr size="0"></stderr>
      <checker size="3">OK
</checker>
    </test>
    <test num="10" status="WA" time="39" real-time="53" max-memory-used="307200"  checker-comment="Answers do not match" >
  <program-stats-str>{ utime=35, stime=4, ptime=39, rtime=53, maxvsz=307200, maxrss=6123520, nvcsw=1, nivcsw=19 }</program-stats-str>
  <checker-stats-str>{ utime=0, stime=4, ptime=4, rtime=9, maxvsz=307200, maxrss=2928640, nvcsw=1, nivcsw=3 }</checker-stats-str>
      <input size="38">sakldlsakdgfkasdjagflkasdjgflkjasdglf
</input>
      <output size="4">YES
</output>
      <correct size="3">NO
</correct>
      <stderr size="0"></stderr>
      <checker size="21">Answers do not match
</checker>
    </test>
  </tests>
</testing-report>
