Content-type: text/xml

<?xml version="1.0" encoding="utf-8"?>
<testing-report run-id="67" judge-id="9" status="OK" scoring="ACM" run-tests="7" contest-id="3206" real-time-available="yes" max-memory-used-available="yes" correct-available="yes" time-limit-ms="2000" real-time-limit-ms="5000" marked-flag="no" >
  <uuid>da340b62-10f5-49ea-9d4b-a16e7cc7c3e9</uuid>
  <host>localhost.localdomain</host>
  <cpu-model>Intel(R) Pentium(R) CPU 3550M @ 2.30GHz</cpu-model>
  <cpu-mhz>2294.738</cpu-mhz>
  <compiler_output></compiler_output>
  <tests>
    <test num="1" status="OK" time="74" real-time="78" max-memory-used="30339072"  checker-comment="OK" >
  <program-stats-str>{ utime=47, stime=27, ptime=74, rtime=78, maxvsz=30339072, maxrss=26963968, nvcsw=1, nivcsw=10 }</program-stats-str>
  <checker-stats-str>{ utime=0, stime=0, ptime=0, rtime=1, maxvsz=307200, maxrss=2928640, nvcsw=1, nivcsw=1 }</checker-stats-str>
      <input size="47">In the hole in the ground there lived a hobbit
</input>
      <output size="10">In tobbit
</output>
      <correct size="10">In tobbit
</correct>
      <stderr size="61">Warning: cannot find your CPU L2 cache size in /proc/cpuinfo
</stderr>
      <checker size="3">OK
</checker>
    </test>
    <test num="2" status="OK" time="72" real-time="76" max-memory-used="30339072"  checker-comment="OK" >
  <program-stats-str>{ utime=66, stime=6, ptime=72, rtime=76, maxvsz=30339072, maxrss=27086848, nvcsw=1, nivcsw=8 }</program-stats-str>
  <checker-stats-str>{ utime=0, stime=0, ptime=0, rtime=1, maxvsz=307200, maxrss=2928640, nvcsw=1, nivcsw=1 }</checker-stats-str>
      <input size="19">qwertyhasdfghzxcvb
</input>
      <output size="12">qwertyzxcvb
</output>
      <correct size="12">qwertyzxcvb
</correct>
      <stderr size="61">Warning: cannot find your CPU L2 cache size in /proc/cpuinfo
</stderr>
      <checker size="3">OK
</checker>
    </test>
    <test num="3" status="OK" time="78" real-time="94" max-memory-used="30339072"  checker-comment="OK" >
  <program-stats-str>{ utime=66, stime=12, ptime=78, rtime=94, maxvsz=30339072, maxrss=27045888, nvcsw=1, nivcsw=12 }</program-stats-str>
  <checker-stats-str>{ utime=0, stime=0, ptime=0, rtime=1, maxvsz=307200, maxrss=2928640, nvcsw=1, nivcsw=1 }</checker-stats-str>
      <input size="13">asdfghhzxcvb
</input>
      <output size="11">asdfgzxcvb
</output>
      <correct size="11">asdfgzxcvb
</correct>
      <stderr size="61">Warning: cannot find your CPU L2 cache size in /proc/cpuinfo
</stderr>
      <checker size="3">OK
</checker>
    </test>
    <test num="4" status="OK" time="75" real-time="80" max-memory-used="30339072"  checker-comment="OK" >
  <program-stats-str>{ utime=67, stime=8, ptime=75, rtime=80, maxvsz=30339072, maxrss=27009024, nvcsw=1, nivcsw=9 }</program-stats-str>
  <checker-stats-str>{ utime=0, stime=0, ptime=0, rtime=2, maxvsz=307200, maxrss=2928640, nvcsw=1, nivcsw=1 }</checker-stats-str>
      <input size="12">ahahahahaha
</input>
      <output size="3">aa
</output>
      <correct size="3">aa
</correct>
      <stderr size="61">Warning: cannot find your CPU L2 cache size in /proc/cpuinfo
</stderr>
      <checker size="3">OK
</checker>
    </test>
    <test num="5" status="OK" time="72" real-time="77" max-memory-used="30339072"  checker-comment="OK" >
  <program-stats-str>{ utime=64, stime=8, ptime=72, rtime=77, maxvsz=30339072, maxrss=27054080, nvcsw=1, nivcsw=9 }</program-stats-str>
  <checker-stats-str>{ utime=0, stime=0, ptime=0, rtime=1, maxvsz=307200, maxrss=2928640, nvcsw=1, nivcsw=1 }</checker-stats-str>
      <input size="21">haaaaaaaaaaaaaaaaaah
</input>
      <output size="1">
</output>
      <correct size="1">
</correct>
      <stderr size="61">Warning: cannot find your CPU L2 cache size in /proc/cpuinfo
</stderr>
      <checker size="3">OK
</checker>
    </test>
    <test num="6" status="OK" time="74" real-time="81" max-memory-used="30339072"  checker-comment="OK" >
  <program-stats-str>{ utime=64, stime=10, ptime=74, rtime=81, maxvsz=30339072, maxrss=27099136, nvcsw=1, nivcsw=10 }</program-stats-str>
  <checker-stats-str>{ utime=0, stime=0, ptime=0, rtime=1, maxvsz=307200, maxrss=2928640, nvcsw=1, nivcsw=1 }</checker-stats-str>
      <input size="3">hh
</input>
      <output size="1">
</output>
      <correct size="1">
</correct>
      <stderr size="61">Warning: cannot find your CPU L2 cache size in /proc/cpuinfo
</stderr>
      <checker size="3">OK
</checker>
    </test>
    <test num="7" status="OK" time="74" real-time="84" max-memory-used="30339072"  checker-comment="OK" >
  <program-stats-str>{ utime=48, stime=26, ptime=74, rtime=84, maxvsz=30339072, maxrss=27230208, nvcsw=1, nivcsw=12 }</program-stats-str>
  <checker-stats-str>{ utime=0, stime=0, ptime=0, rtime=2, maxvsz=307200, maxrss=2928640, nvcsw=1, nivcsw=1 }</checker-stats-str>
      <input size="6">ahaha
</input>
      <output size="3">aa
</output>
      <correct size="3">aa
</correct>
      <stderr size="61">Warning: cannot find your CPU L2 cache size in /proc/cpuinfo
</stderr>
      <checker size="3">OK
</checker>
    </test>
  </tests>
</testing-report>
