Content-type: text/xml

<?xml version="1.0" encoding="utf-8"?>
<testing-report run-id="68" judge-id="10" status="OK" scoring="ACM" run-tests="4" contest-id="3206" real-time-available="yes" max-memory-used-available="yes" correct-available="yes" time-limit-ms="2000" real-time-limit-ms="5000" marked-flag="no" >
  <uuid>0eae5eca-cfd7-4d7c-8e7a-a72d22074acf</uuid>
  <host>localhost.localdomain</host>
  <cpu-model>Intel(R) Pentium(R) CPU 3550M @ 2.30GHz</cpu-model>
  <cpu-mhz>2294.738</cpu-mhz>
  <compiler_output></compiler_output>
  <tests>
    <test num="1" status="OK" time="73" real-time="81" max-memory-used="30339072"  checker-comment="OK" >
  <program-stats-str>{ utime=54, stime=19, ptime=73, rtime=81, maxvsz=30339072, maxrss=27066368, nvcsw=1, nivcsw=13 }</program-stats-str>
  <checker-stats-str>{ utime=0, stime=0, ptime=0, rtime=1, maxvsz=307200, maxrss=2928640, nvcsw=1, nivcsw=2 }</checker-stats-str>
      <input size="7">Python
</input>
      <output size="12">P*y*t*h*o*n
</output>
      <correct size="12">P*y*t*h*o*n
</correct>
      <stderr size="61">Warning: cannot find your CPU L2 cache size in /proc/cpuinfo
</stderr>
      <checker size="3">OK
</checker>
    </test>
    <test num="2" status="OK" time="73" real-time="78" max-memory-used="30339072"  checker-comment="OK" >
  <program-stats-str>{ utime=54, stime=19, ptime=73, rtime=78, maxvsz=30339072, maxrss=27197440, nvcsw=1, nivcsw=12 }</program-stats-str>
  <checker-stats-str>{ utime=0, stime=0, ptime=0, rtime=2, maxvsz=307200, maxrss=2928640, nvcsw=1, nivcsw=1 }</checker-stats-str>
      <input size="6">Hello
</input>
      <output size="10">H*e*l*l*o
</output>
      <correct size="10">H*e*l*l*o
</correct>
      <stderr size="61">Warning: cannot find your CPU L2 cache size in /proc/cpuinfo
</stderr>
      <checker size="3">OK
</checker>
    </test>
    <test num="3" status="OK" time="70" real-time="76" max-memory-used="30339072"  checker-comment="OK" >
  <program-stats-str>{ utime=52, stime=18, ptime=70, rtime=76, maxvsz=30339072, maxrss=27058176, nvcsw=1, nivcsw=11 }</program-stats-str>
  <checker-stats-str>{ utime=0, stime=0, ptime=0, rtime=1, maxvsz=307200, maxrss=2928640, nvcsw=1, nivcsw=1 }</checker-stats-str>
      <input size="2">A
</input>
      <output size="2">A
</output>
      <correct size="2">A
</correct>
      <stderr size="61">Warning: cannot find your CPU L2 cache size in /proc/cpuinfo
</stderr>
      <checker size="3">OK
</checker>
    </test>
    <test num="4" status="OK" time="81" real-time="99" max-memory-used="30339072"  checker-comment="OK" >
  <program-stats-str>{ utime=70, stime=11, ptime=81, rtime=99, maxvsz=30339072, maxrss=27066368, nvcsw=1, nivcsw=18 }</program-stats-str>
  <checker-stats-str>{ utime=0, stime=0, ptime=0, rtime=2, maxvsz=307200, maxrss=2928640, nvcsw=1, nivcsw=2 }</checker-stats-str>
      <input size="20">Qwertyuiopasdfghjkl
</input>
      <output size="38">Q*w*e*r*t*y*u*i*o*p*a*s*d*f*g*h*j*k*l
</output>
      <correct size="38">Q*w*e*r*t*y*u*i*o*p*a*s*d*f*g*h*j*k*l
</correct>
      <stderr size="61">Warning: cannot find your CPU L2 cache size in /proc/cpuinfo
</stderr>
      <checker size="3">OK
</checker>
    </test>
  </tests>
</testing-report>
