Content-type: text/xml

<?xml version="1.0" encoding="utf-8"?>
<testing-report run-id="27" judge-id="28" status="PE" scoring="ACM" run-tests="3" contest-id="3206" real-time-available="yes" max-memory-used-available="yes" correct-available="yes" failed-test="3" time-limit-ms="2000" real-time-limit-ms="5000" marked-flag="no" >
  <uuid>e965113f-7263-4ecb-9ab4-33fc034ad212</uuid>
  <host>localhost.localdomain</host>
  <cpu-model>Intel(R) Pentium(R) CPU 3550M @ 2.30GHz</cpu-model>
  <cpu-mhz>2294.738</cpu-mhz>
  <compiler_output></compiler_output>
  <tests>
    <test num="1" status="OK" time="27" real-time="32" max-memory-used="307200"  checker-comment="OK" >
  <program-stats-str>{ utime=22, stime=5, ptime=27, rtime=32, maxvsz=307200, maxrss=6250496, nvcsw=1, nivcsw=5 }</program-stats-str>
  <checker-stats-str>{ utime=0, stime=0, ptime=0, rtime=2, maxvsz=307200, maxrss=2678784, nvcsw=1, nivcsw=1 }</checker-stats-str>
      <input size="2">f
</input>
      <output size="4">yes
</output>
      <correct size="4">yes
</correct>
      <stderr size="0"></stderr>
      <checker size="3">OK
</checker>
    </test>
    <test num="2" status="OK" time="27" real-time="29" max-memory-used="307200"  checker-comment="OK" >
  <program-stats-str>{ utime=14, stime=13, ptime=27, rtime=29, maxvsz=307200, maxrss=6049792, nvcsw=1, nivcsw=5 }</program-stats-str>
  <checker-stats-str>{ utime=0, stime=0, ptime=0, rtime=2, maxvsz=307200, maxrss=2678784, nvcsw=1, nivcsw=2 }</checker-stats-str>
      <input size="3">kk
</input>
      <output size="4">yes
</output>
      <correct size="4">yes
</correct>
      <stderr size="0"></stderr>
      <checker size="3">OK
</checker>
    </test>
    <test num="3" status="PE" time="26" real-time="28" max-memory-used="307200"  checker-comment="user program output: garbage where EOF expected" >
  <program-stats-str>{ utime=13, stime=13, ptime=26, rtime=28, maxvsz=307200, maxrss=6254592, nvcsw=1, nivcsw=3 }</program-stats-str>
  <checker-stats-str>{ utime=0, stime=0, ptime=0, rtime=2, maxvsz=307200, maxrss=2678784, nvcsw=1, nivcsw=1 }</checker-stats-str>
      <input size="4">ok

</input>
      <output size="7">no
yes
</output>
      <correct size="4">no

</correct>
      <stderr size="0"></stderr>
      <checker size="48">user program output: garbage where EOF expected
</checker>
    </test>
  </tests>
</testing-report>
