Content-type: text/xml

<?xml version="1.0" encoding="utf-8"?>
<testing-report run-id="71" judge-id="13" status="WA" scoring="ACM" run-tests="1" contest-id="3206" real-time-available="yes" max-memory-used-available="yes" correct-available="yes" failed-test="1" time-limit-ms="2000" real-time-limit-ms="5000" marked-flag="no" >
  <uuid>696e0146-2772-4867-be9f-de6dfb2d2cb6</uuid>
  <host>localhost.localdomain</host>
  <cpu-model>Intel(R) Pentium(R) CPU 3550M @ 2.30GHz</cpu-model>
  <cpu-mhz>2294.738</cpu-mhz>
  <compiler_output></compiler_output>
  <tests>
    <test num="1" status="WA" time="31" real-time="37" max-memory-used="307200"  checker-comment="Different number of lines: output: 1, correct: 9" >
  <program-stats-str>{ utime=28, stime=3, ptime=31, rtime=37, maxvsz=307200, maxrss=6381568, nvcsw=1, nivcsw=8 }</program-stats-str>
  <checker-stats-str>{ utime=0, stime=0, ptime=0, rtime=2, maxvsz=307200, maxrss=2928640, nvcsw=1, nivcsw=1 }</checker-stats-str>
      <input size="12">Abrakadabra
</input>
      <output size="3">no
</output>
      <correct size="55">r
r
Abrak
Abrakadab
Arkdba
baaar
arbadakarbA
abdkrA
11
</correct>
      <stderr size="0"></stderr>
      <checker size="49">Different number of lines: output: 1, correct: 9
</checker>
    </test>
  </tests>
</testing-report>
