Content-type: text/xml

<?xml version="1.0" encoding="utf-8"?>
<testing-report run-id="9" judge-id="10" status="OK" scoring="ACM" run-tests="10" contest-id="3206" real-time-available="yes" max-memory-used-available="yes" correct-available="yes" time-limit-ms="2000" real-time-limit-ms="5000" marked-flag="no" >
  <uuid>e86da91b-30e3-47ba-9bda-fd9b19702e24</uuid>
  <host>localhost.localdomain</host>
  <cpu-model>Intel(R) Pentium(R) CPU 3550M @ 2.30GHz</cpu-model>
  <cpu-mhz>2294.738</cpu-mhz>
  <compiler_output></compiler_output>
  <tests>
    <test num="1" status="OK" time="27" real-time="122" max-memory-used="9003008"  checker-comment="OK" >
  <program-stats-str>{ utime=27, stime=0, ptime=27, rtime=122, maxvsz=9003008, maxrss=6045696, nvcsw=2, nivcsw=6 }</program-stats-str>
  <checker-stats-str>{ utime=0, stime=0, ptime=0, rtime=0, maxvsz=307200, maxrss=2940928, nvcsw=1, nivcsw=2 }</checker-stats-str>
      <input size="31">Everyone of us has all we need
</input>
      <output size="11">Everyone
8
</output>
      <correct size="11">Everyone
8
</correct>
      <stderr size="0"></stderr>
      <checker size="3">OK
</checker>
    </test>
    <test num="2" status="OK" time="26" real-time="28" max-memory-used="307200"  checker-comment="OK" >
  <program-stats-str>{ utime=26, stime=0, ptime=26, rtime=28, maxvsz=307200, maxrss=6242304, nvcsw=1, nivcsw=4 }</program-stats-str>
  <checker-stats-str>{ utime=0, stime=0, ptime=0, rtime=1, maxvsz=307200, maxrss=2940928, nvcsw=1, nivcsw=1 }</checker-stats-str>
      <input size="28">one two three four five six
</input>
      <output size="8">three
5
</output>
      <correct size="8">three
5
</correct>
      <stderr size="0"></stderr>
      <checker size="3">OK
</checker>
    </test>
    <test num="3" status="OK" time="26" real-time="28" max-memory-used="307200"  checker-comment="OK" >
  <program-stats-str>{ utime=26, stime=0, ptime=26, rtime=28, maxvsz=307200, maxrss=6377472, nvcsw=1, nivcsw=4 }</program-stats-str>
  <checker-stats-str>{ utime=0, stime=0, ptime=0, rtime=2, maxvsz=307200, maxrss=2940928, nvcsw=1, nivcsw=1 }</checker-stats-str>
      <input size="16">a b c d e f g h
</input>
      <output size="4">a
1
</output>
      <correct size="4">a
1
</correct>
      <stderr size="0"></stderr>
      <checker size="3">OK
</checker>
    </test>
    <test num="4" status="OK" time="27" real-time="28" max-memory-used="307200"  checker-comment="OK" >
  <program-stats-str>{ utime=27, stime=0, ptime=27, rtime=28, maxvsz=307200, maxrss=6033408, nvcsw=1, nivcsw=3 }</program-stats-str>
  <checker-stats-str>{ utime=0, stime=0, ptime=0, rtime=1, maxvsz=307200, maxrss=2940928, nvcsw=1, nivcsw=1 }</checker-stats-str>
      <input size="2">a
</input>
      <output size="4">a
1
</output>
      <correct size="4">a
1
</correct>
      <stderr size="0"></stderr>
      <checker size="3">OK
</checker>
    </test>
    <test num="5" status="OK" time="26" real-time="29" max-memory-used="307200"  checker-comment="OK" >
  <program-stats-str>{ utime=21, stime=5, ptime=26, rtime=29, maxvsz=307200, maxrss=6148096, nvcsw=1, nivcsw=6 }</program-stats-str>
  <checker-stats-str>{ utime=0, stime=0, ptime=0, rtime=2, maxvsz=307200, maxrss=2940928, nvcsw=1, nivcsw=1 }</checker-stats-str>
      <input size="31">a bb cc d aa bbb ccc d aa eeee
</input>
      <output size="7">eeee
4
</output>
      <correct size="7">eeee
4
</correct>
      <stderr size="0"></stderr>
      <checker size="3">OK
</checker>
    </test>
    <test num="6" status="OK" time="26" real-time="28" max-memory-used="307200"  checker-comment="OK" >
  <program-stats-str>{ utime=13, stime=13, ptime=26, rtime=28, maxvsz=307200, maxrss=6115328, nvcsw=1, nivcsw=4 }</program-stats-str>
  <checker-stats-str>{ utime=0, stime=0, ptime=0, rtime=1, maxvsz=307200, maxrss=2940928, nvcsw=1, nivcsw=1 }</checker-stats-str>
      <input size="30">aaaa bbbb cccc dddd eeee ffff
</input>
      <output size="7">aaaa
4
</output>
      <correct size="7">aaaa
4
</correct>
      <stderr size="0"></stderr>
      <checker size="3">OK
</checker>
    </test>
    <test num="7" status="OK" time="26" real-time="28" max-memory-used="307200"  checker-comment="OK" >
  <program-stats-str>{ utime=20, stime=6, ptime=26, rtime=28, maxvsz=307200, maxrss=6033408, nvcsw=1, nivcsw=4 }</program-stats-str>
  <checker-stats-str>{ utime=0, stime=0, ptime=0, rtime=1, maxvsz=307200, maxrss=2940928, nvcsw=1, nivcsw=1 }</checker-stats-str>
      <input size="64">LdkfaLfdsfnakskdlsLsdfkjfwiefrjasfsdfjldfpxcvFDSksdfjalsdfjfsdl
</input>
      <output size="67">LdkfaLfdsfnakskdlsLsdfkjfwiefrjasfsdfjldfpxcvFDSksdfjalsdfjfsdl
63
</output>
      <correct size="67">LdkfaLfdsfnakskdlsLsdfkjfwiefrjasfsdfjldfpxcvFDSksdfjalsdfjfsdl
63
</correct>
      <stderr size="0"></stderr>
      <checker size="3">OK
</checker>
    </test>
    <test num="8" status="OK" time="26" real-time="28" max-memory-used="307200"  checker-comment="OK" >
  <program-stats-str>{ utime=22, stime=4, ptime=26, rtime=28, maxvsz=307200, maxrss=6381568, nvcsw=1, nivcsw=4 }</program-stats-str>
  <checker-stats-str>{ utime=0, stime=0, ptime=0, rtime=1, maxvsz=307200, maxrss=2940928, nvcsw=1, nivcsw=1 }</checker-stats-str>
      <input size="36">We all live in the Yellow Submarine
</input>
      <output size="12">Submarine
9
</output>
      <correct size="12">Submarine
9
</correct>
      <stderr size="0"></stderr>
      <checker size="3">OK
</checker>
    </test>
    <test num="9" status="OK" time="26" real-time="28" max-memory-used="307200"  checker-comment="OK" >
  <program-stats-str>{ utime=21, stime=5, ptime=26, rtime=28, maxvsz=307200, maxrss=6242304, nvcsw=1, nivcsw=4 }</program-stats-str>
  <checker-stats-str>{ utime=0, stime=0, ptime=0, rtime=1, maxvsz=307200, maxrss=2940928, nvcsw=1, nivcsw=1 }</checker-stats-str>
      <input size="31">Everyone of us has all we need
</input>
      <output size="11">Everyone
8
</output>
      <correct size="11">Everyone
8
</correct>
      <stderr size="0"></stderr>
      <checker size="3">OK
</checker>
    </test>
    <test num="10" status="OK" time="26" real-time="28" max-memory-used="307200"  checker-comment="OK" >
  <program-stats-str>{ utime=26, stime=0, ptime=26, rtime=28, maxvsz=307200, maxrss=6369280, nvcsw=1, nivcsw=4 }</program-stats-str>
  <checker-stats-str>{ utime=0, stime=0, ptime=0, rtime=1, maxvsz=307200, maxrss=2940928, nvcsw=1, nivcsw=1 }</checker-stats-str>
      <input size="73">          LdkfaLfdsfakskdlsLsdfkjfwiefrjasfsdfjldfpxcvFDSksdfjalsdfjfsdl
</input>
      <output size="66">LdkfaLfdsfakskdlsLsdfkjfwiefrjasfsdfjldfpxcvFDSksdfjalsdfjfsdl
62
</output>
      <correct size="66">LdkfaLfdsfakskdlsLsdfkjfwiefrjasfsdfjldfpxcvFDSksdfjalsdfjfsdl
62
</correct>
      <stderr size="0"></stderr>
      <checker size="3">OK
</checker>
    </test>
  </tests>
</testing-report>
