Content-type: text/xml

<?xml version="1.0" encoding="utf-8"?>
<testing-report run-id="137" judge-id="42" status="WA" scoring="ACM" run-tests="2" contest-id="3206" real-time-available="yes" max-memory-used-available="yes" correct-available="yes" failed-test="2" time-limit-ms="2000" real-time-limit-ms="5000" marked-flag="no" >
  <uuid>ea14f178-6d56-402d-8de1-0b634d0fb912</uuid>
  <host>localhost.localdomain</host>
  <cpu-model>Intel(R) Pentium(R) CPU 3550M @ 2.30GHz</cpu-model>
  <cpu-mhz>2294.738</cpu-mhz>
  <compiler_output></compiler_output>
  <tests>
    <test num="1" status="OK" time="26" real-time="28" max-memory-used="307200"  checker-comment="OK" >
  <program-stats-str>{ utime=15, stime=11, ptime=26, rtime=28, maxvsz=307200, maxrss=6205440, nvcsw=1, nivcsw=5 }</program-stats-str>
  <checker-stats-str>{ utime=0, stime=1, ptime=1, rtime=2, maxvsz=307200, maxrss=2367488, nvcsw=1, nivcsw=1 }</checker-stats-str>
      <input size="12">Abrakadabra
</input>
      <output size="55">r
r
Abrak
Abrakadab
Arkdba
baaar
arbadakarbA
abdkrA
11
</output>
      <correct size="55">r
r
Abrak
Abrakadab
Arkdba
baaar
arbadakarbA
abdkrA
11
</correct>
      <stderr size="0"></stderr>
      <checker size="3">OK
</checker>
    </test>
    <test num="2" status="WA" time="26" real-time="28" max-memory-used="307200"  checker-comment="Line 3 differs: output: ?Hell? correct: ?Hello?" >
  <program-stats-str>{ utime=18, stime=8, ptime=26, rtime=28, maxvsz=307200, maxrss=6053888, nvcsw=1, nivcsw=3 }</program-stats-str>
  <checker-stats-str>{ utime=0, stime=0, ptime=0, rtime=2, maxvsz=307200, maxrss=2367488, nvcsw=1, nivcsw=2 }</checker-stats-str>
      <input size="6">Hello
</input>
      <output size="32">l
l
Hell
Hel
Hlo
el
olleH
olH
5
</output>
      <correct size="33">l
l
Hello
Hel
Hlo
el
olleH
olH
5
</correct>
      <stderr size="0"></stderr>
      <checker size="48">Line 3 differs: output:
&gt;Hell&lt;
correct:
&gt;Hello&lt;
</checker>
    </test>
  </tests>
</testing-report>
