Content-type: text/xml

<?xml version="1.0" encoding="utf-8"?>
<testing-report run-id="166" judge-id="71" status="OK" scoring="ACM" run-tests="10" contest-id="3206" real-time-available="yes" max-memory-used-available="yes" correct-available="yes" time-limit-ms="2000" real-time-limit-ms="5000" marked-flag="no" >
  <uuid>9fb2c00d-388a-4290-9035-aa3660702ae7</uuid>
  <host>localhost.localdomain</host>
  <cpu-model>Intel(R) Pentium(R) CPU 3550M @ 2.30GHz</cpu-model>
  <cpu-mhz>2294.738</cpu-mhz>
  <compiler_output></compiler_output>
  <tests>
    <test num="1" status="OK" time="75" real-time="80" max-memory-used="30339072"  checker-comment="OK" >
  <program-stats-str>{ utime=60, stime=15, ptime=75, rtime=80, maxvsz=30339072, maxrss=27054080, nvcsw=1, nivcsw=11 }</program-stats-str>
  <checker-stats-str>{ utime=0, stime=0, ptime=0, rtime=1, maxvsz=307200, maxrss=2367488, nvcsw=1, nivcsw=1 }</checker-stats-str>
      <input size="31">Everyone of us has all we need
</input>
      <output size="11">Everyone
8
</output>
      <correct size="11">Everyone
8
</correct>
      <stderr size="61">Warning: cannot find your CPU L2 cache size in /proc/cpuinfo
</stderr>
      <checker size="3">OK
</checker>
    </test>
    <test num="2" status="OK" time="77" real-time="87" max-memory-used="30339072"  checker-comment="OK" >
  <program-stats-str>{ utime=55, stime=22, ptime=77, rtime=87, maxvsz=30339072, maxrss=27078656, nvcsw=1, nivcsw=13 }</program-stats-str>
  <checker-stats-str>{ utime=0, stime=1, ptime=1, rtime=2, maxvsz=307200, maxrss=2367488, nvcsw=1, nivcsw=2 }</checker-stats-str>
      <input size="28">one two three four five six
</input>
      <output size="8">three
5
</output>
      <correct size="8">three
5
</correct>
      <stderr size="61">Warning: cannot find your CPU L2 cache size in /proc/cpuinfo
</stderr>
      <checker size="3">OK
</checker>
    </test>
    <test num="3" status="OK" time="75" real-time="80" max-memory-used="30339072"  checker-comment="OK" >
  <program-stats-str>{ utime=75, stime=0, ptime=75, rtime=80, maxvsz=30339072, maxrss=27017216, nvcsw=1, nivcsw=12 }</program-stats-str>
  <checker-stats-str>{ utime=0, stime=0, ptime=0, rtime=2, maxvsz=307200, maxrss=2367488, nvcsw=1, nivcsw=1 }</checker-stats-str>
      <input size="16">a b c d e f g h
</input>
      <output size="4">a
1
</output>
      <correct size="4">a
1
</correct>
      <stderr size="61">Warning: cannot find your CPU L2 cache size in /proc/cpuinfo
</stderr>
      <checker size="3">OK
</checker>
    </test>
    <test num="4" status="OK" time="73" real-time="78" max-memory-used="30339072"  checker-comment="OK" >
  <program-stats-str>{ utime=73, stime=0, ptime=73, rtime=78, maxvsz=30339072, maxrss=27070464, nvcsw=1, nivcsw=11 }</program-stats-str>
  <checker-stats-str>{ utime=0, stime=0, ptime=0, rtime=2, maxvsz=307200, maxrss=2367488, nvcsw=1, nivcsw=1 }</checker-stats-str>
      <input size="2">a
</input>
      <output size="4">a
1
</output>
      <correct size="4">a
1
</correct>
      <stderr size="61">Warning: cannot find your CPU L2 cache size in /proc/cpuinfo
</stderr>
      <checker size="3">OK
</checker>
    </test>
    <test num="5" status="OK" time="75" real-time="78" max-memory-used="30339072"  checker-comment="OK" >
  <program-stats-str>{ utime=61, stime=14, ptime=75, rtime=78, maxvsz=30339072, maxrss=27058176, nvcsw=1, nivcsw=11 }</program-stats-str>
  <checker-stats-str>{ utime=0, stime=0, ptime=0, rtime=1, maxvsz=307200, maxrss=2367488, nvcsw=1, nivcsw=1 }</checker-stats-str>
      <input size="31">a bb cc d aa bbb ccc d aa eeee
</input>
      <output size="7">eeee
4
</output>
      <correct size="7">eeee
4
</correct>
      <stderr size="61">Warning: cannot find your CPU L2 cache size in /proc/cpuinfo
</stderr>
      <checker size="3">OK
</checker>
    </test>
    <test num="6" status="OK" time="74" real-time="78" max-memory-used="30339072"  checker-comment="OK" >
  <program-stats-str>{ utime=68, stime=6, ptime=74, rtime=78, maxvsz=30339072, maxrss=27058176, nvcsw=1, nivcsw=12 }</program-stats-str>
  <checker-stats-str>{ utime=0, stime=0, ptime=0, rtime=2, maxvsz=307200, maxrss=2367488, nvcsw=1, nivcsw=1 }</checker-stats-str>
      <input size="30">aaaa bbbb cccc dddd eeee ffff
</input>
      <output size="7">aaaa
4
</output>
      <correct size="7">aaaa
4
</correct>
      <stderr size="61">Warning: cannot find your CPU L2 cache size in /proc/cpuinfo
</stderr>
      <checker size="3">OK
</checker>
    </test>
    <test num="7" status="OK" time="73" real-time="78" max-memory-used="30339072"  checker-comment="OK" >
  <program-stats-str>{ utime=65, stime=8, ptime=73, rtime=78, maxvsz=30339072, maxrss=26972160, nvcsw=1, nivcsw=9 }</program-stats-str>
  <checker-stats-str>{ utime=0, stime=0, ptime=0, rtime=1, maxvsz=307200, maxrss=2367488, nvcsw=1, nivcsw=1 }</checker-stats-str>
      <input size="64">LdkfaLfdsfnakskdlsLsdfkjfwiefrjasfsdfjldfpxcvFDSksdfjalsdfjfsdl
</input>
      <output size="67">LdkfaLfdsfnakskdlsLsdfkjfwiefrjasfsdfjldfpxcvFDSksdfjalsdfjfsdl
63
</output>
      <correct size="67">LdkfaLfdsfnakskdlsLsdfkjfwiefrjasfsdfjldfpxcvFDSksdfjalsdfjfsdl
63
</correct>
      <stderr size="61">Warning: cannot find your CPU L2 cache size in /proc/cpuinfo
</stderr>
      <checker size="3">OK
</checker>
    </test>
    <test num="8" status="OK" time="74" real-time="77" max-memory-used="30339072"  checker-comment="OK" >
  <program-stats-str>{ utime=74, stime=0, ptime=74, rtime=77, maxvsz=30339072, maxrss=27074560, nvcsw=1, nivcsw=10 }</program-stats-str>
  <checker-stats-str>{ utime=0, stime=0, ptime=0, rtime=1, maxvsz=307200, maxrss=2367488, nvcsw=1, nivcsw=1 }</checker-stats-str>
      <input size="36">We all live in the Yellow Submarine
</input>
      <output size="12">Submarine
9
</output>
      <correct size="12">Submarine
9
</correct>
      <stderr size="61">Warning: cannot find your CPU L2 cache size in /proc/cpuinfo
</stderr>
      <checker size="3">OK
</checker>
    </test>
    <test num="9" status="OK" time="73" real-time="77" max-memory-used="30339072"  checker-comment="OK" >
  <program-stats-str>{ utime=65, stime=8, ptime=73, rtime=77, maxvsz=30339072, maxrss=27017216, nvcsw=1, nivcsw=11 }</program-stats-str>
  <checker-stats-str>{ utime=0, stime=0, ptime=0, rtime=1, maxvsz=307200, maxrss=2367488, nvcsw=1, nivcsw=1 }</checker-stats-str>
      <input size="31">Everyone of us has all we need
</input>
      <output size="11">Everyone
8
</output>
      <correct size="11">Everyone
8
</correct>
      <stderr size="61">Warning: cannot find your CPU L2 cache size in /proc/cpuinfo
</stderr>
      <checker size="3">OK
</checker>
    </test>
    <test num="10" status="OK" time="74" real-time="82" max-memory-used="30339072"  checker-comment="OK" >
  <program-stats-str>{ utime=61, stime=13, ptime=74, rtime=82, maxvsz=30339072, maxrss=27021312, nvcsw=1, nivcsw=11 }</program-stats-str>
  <checker-stats-str>{ utime=0, stime=0, ptime=0, rtime=1, maxvsz=307200, maxrss=2367488, nvcsw=1, nivcsw=1 }</checker-stats-str>
      <input size="73">          LdkfaLfdsfakskdlsLsdfkjfwiefrjasfsdfjldfpxcvFDSksdfjalsdfjfsdl
</input>
      <output size="66">LdkfaLfdsfakskdlsLsdfkjfwiefrjasfsdfjldfpxcvFDSksdfjalsdfjfsdl
62
</output>
      <correct size="66">LdkfaLfdsfakskdlsLsdfkjfwiefrjasfsdfjldfpxcvFDSksdfjalsdfjfsdl
62
</correct>
      <stderr size="61">Warning: cannot find your CPU L2 cache size in /proc/cpuinfo
</stderr>
      <checker size="3">OK
</checker>
    </test>
  </tests>
</testing-report>
