Content-type: text/xml

<?xml version="1.0" encoding="utf-8"?>
<testing-report run-id="135" judge-id="40" status="WA" scoring="ACM" run-tests="1" contest-id="3206" real-time-available="yes" max-memory-used-available="yes" correct-available="yes" failed-test="1" time-limit-ms="2000" real-time-limit-ms="5000" marked-flag="no" >
  <uuid>9b05c547-0460-40f3-9925-ef76e24a48c1</uuid>
  <host>localhost.localdomain</host>
  <cpu-model>Intel(R) Pentium(R) CPU 3550M @ 2.30GHz</cpu-model>
  <cpu-mhz>2294.738</cpu-mhz>
  <compiler_output></compiler_output>
  <tests>
    <test num="1" status="WA" time="29" real-time="31" max-memory-used="307200"  checker-comment="Answers do not match: output: 29, correct: 7" >
  <program-stats-str>{ utime=10, stime=19, ptime=29, rtime=31, maxvsz=307200, maxrss=6176768, nvcsw=1, nivcsw=4 }</program-stats-str>
  <checker-stats-str>{ utime=0, stime=0, ptime=0, rtime=1, maxvsz=307200, maxrss=2367488, nvcsw=1, nivcsw=1 }</checker-stats-str>
      <input size="29">In the town where I was born
</input>
      <output size="3">29
</output>
      <correct size="2">7
</correct>
      <stderr size="0"></stderr>
      <checker size="45">Answers do not match: output: 29, correct: 7
</checker>
    </test>
  </tests>
</testing-report>
