Content-type: text/xml

<?xml version="1.0" encoding="utf-8"?>
<testing-report run-id="188" judge-id="93" status="SE" scoring="ACM" run-tests="1" contest-id="3206" real-time-available="yes" max-memory-used-available="yes" correct-available="yes" failed-test="1" time-limit-ms="2000" real-time-limit-ms="5000" marked-flag="no" >
  <uuid>829bda37-eca0-4462-8cce-a05624a87e8e</uuid>
  <host>localhost.localdomain</host>
  <cpu-model>Intel(R) Pentium(R) CPU 3550M @ 2.30GHz</cpu-model>
  <cpu-mhz>2294.738</cpu-mhz>
  <compiler_output></compiler_output>
  <tests>
    <test num="1" status="SE" time="282" real-time="310" max-memory-used="18698240" >
  <program-stats-str>{ utime=267, stime=15, ptime=282, rtime=310, maxvsz=18698240, maxrss=19435520, nvcsw=1, nivcsw=40 }</program-stats-str>
      <input size="31">Everyone of us has all we need
</input>
      <output size="0"></output>
      <stderr size="253">Can't open '/usr/share/abrt/conf.d/plugins/python3.conf': Operation not permitted
Can't open '/etc/abrt/plugins/python3.conf': Operation not permitted
  File &quot;./000188&quot;, line 4
    a=input() . split)()
                     ^
SyntaxError: invalid syntax
</stderr>
    </test>
  </tests>
</testing-report>
