Content-type: text/xml

<?xml version="1.0" encoding="utf-8"?>
<testing-report run-id="178" judge-id="83" status="SE" scoring="ACM" run-tests="1" contest-id="3206" real-time-available="yes" max-memory-used-available="yes" correct-available="yes" failed-test="1" time-limit-ms="2000" real-time-limit-ms="5000" marked-flag="no" >
  <uuid>680ad92c-e5f3-4682-928b-7ac5befc60b9</uuid>
  <host>localhost.localdomain</host>
  <cpu-model>Intel(R) Pentium(R) CPU 3550M @ 2.30GHz</cpu-model>
  <cpu-mhz>2294.738</cpu-mhz>
  <compiler_output></compiler_output>
  <tests>
    <test num="1" status="SE" time="282" real-time="300" max-memory-used="18698240" >
  <program-stats-str>{ utime=255, stime=27, ptime=282, rtime=300, maxvsz=18698240, maxrss=19492864, nvcsw=1, nivcsw=38 }</program-stats-str>
      <input size="2">f
</input>
      <output size="0"></output>
      <stderr size="278">Can't open '/usr/share/abrt/conf.d/plugins/python3.conf': Operation not permitted
Can't open '/etc/abrt/plugins/python3.conf': Operation not permitted
Traceback (most recent call last):
  File &quot;./000178&quot;, line 5, in &lt;module&gt;
    i = a.split()
NameError: name 'a' is not defined
</stderr>
    </test>
  </tests>
</testing-report>
