Content-type: text/xml

<?xml version="1.0" encoding="utf-8"?>
<testing-report run-id="185" judge-id="90" status="RT" scoring="ACM" run-tests="1" contest-id="3206" real-time-available="yes" max-memory-used-available="yes" correct-available="yes" failed-test="1" time-limit-ms="2000" real-time-limit-ms="5000" marked-flag="no" >
  <uuid>7b7e80da-2bce-4a95-9f8f-9e94b1a6afa3</uuid>
  <host>localhost.localdomain</host>
  <cpu-model>Intel(R) Pentium(R) CPU 3550M @ 2.30GHz</cpu-model>
  <cpu-mhz>2294.738</cpu-mhz>
  <compiler_output></compiler_output>
  <tests>
    <test num="1" status="RT" exit-code="1" time="14" real-time="15" max-memory-used="307200" >
  <program-stats-str>{ utime=10, stime=4, ptime=14, rtime=15, maxvsz=307200, maxrss=5324800, nvcsw=1, nivcsw=2 }</program-stats-str>
      <input size="31">Everyone of us has all we need
</input>
      <output size="0"></output>
      <stderr size="203">Traceback (most recent call last):
  File &quot;./000185&quot;, line 4, in &lt;module&gt;
    s = input().split()
  File &quot;&lt;string&gt;&quot;, line 1
    Everyone of us has all we need
              ^
SyntaxError: invalid syntax
</stderr>
    </test>
  </tests>
</testing-report>
