Content-type: text/xml

<?xml version="1.0" encoding="utf-8"?>
<testing-report run-id="149" judge-id="54" status="PE" scoring="ACM" run-tests="1" contest-id="3206" real-time-available="yes" max-memory-used-available="yes" correct-available="yes" failed-test="1" time-limit-ms="2000" real-time-limit-ms="5000" marked-flag="no" >
  <uuid>e1fde0de-c8d1-4636-9df3-9bde515a3b29</uuid>
  <host>localhost.localdomain</host>
  <cpu-model>Intel(R) Pentium(R) CPU 3550M @ 2.30GHz</cpu-model>
  <cpu-mhz>2294.738</cpu-mhz>
  <compiler_output></compiler_output>
  <tests>
    <test num="1" status="PE" time="27" real-time="29" max-memory-used="307200"  checker-comment="user program output: output: cannot parse int64 value" >
  <program-stats-str>{ utime=24, stime=3, ptime=27, rtime=29, maxvsz=307200, maxrss=6139904, nvcsw=1, nivcsw=5 }</program-stats-str>
  <checker-stats-str>{ utime=0, stime=0, ptime=0, rtime=2, maxvsz=307200, maxrss=2367488, nvcsw=1, nivcsw=1 }</checker-stats-str>
      <input size="29">In the town where I was born
</input>
      <output size="6">where
</output>
      <correct size="2">7
</correct>
      <stderr size="0"></stderr>
      <checker size="54">user program output: output: cannot parse int64 value
</checker>
    </test>
  </tests>
</testing-report>
