Content-type: text/xml

<?xml version="1.0" encoding="utf-8"?>
<testing-report run-id="184" judge-id="89" status="SE" scoring="ACM" run-tests="1" contest-id="3206" real-time-available="yes" max-memory-used-available="yes" correct-available="yes" failed-test="1" time-limit-ms="2000" real-time-limit-ms="5000" marked-flag="no" >
  <uuid>efb7c93f-441e-4305-978f-cc9740dbe6c1</uuid>
  <host>localhost.localdomain</host>
  <cpu-model>Intel(R) Pentium(R) CPU 3550M @ 2.30GHz</cpu-model>
  <cpu-mhz>2294.738</cpu-mhz>
  <compiler_output></compiler_output>
  <tests>
    <test num="1" status="SE" time="287" real-time="309" max-memory-used="18698240" >
  <program-stats-str>{ utime=236, stime=51, ptime=287, rtime=309, maxvsz=18698240, maxrss=19558400, nvcsw=1, nivcsw=44 }</program-stats-str>
      <input size="31">Everyone of us has all we need
</input>
      <output size="0"></output>
      <stderr size="246">Can't open '/usr/share/abrt/conf.d/plugins/python3.conf': Operation not permitted
Can't open '/etc/abrt/plugins/python3.conf': Operation not permitted
  File &quot;./000184&quot;, line 12
    
                   ^
SyntaxError: unexpected EOF while parsing
</stderr>
    </test>
  </tests>
</testing-report>
