Content-type: text/xml

<?xml version="1.0" encoding="utf-8"?>
<testing-report run-id="150" judge-id="55" status="WA" scoring="ACM" run-tests="1" contest-id="3206" real-time-available="yes" max-memory-used-available="yes" correct-available="yes" failed-test="1" time-limit-ms="2000" real-time-limit-ms="5000" marked-flag="no" >
  <uuid>dbab15c8-286b-4e5c-ad0f-015f9649dc7f</uuid>
  <host>localhost.localdomain</host>
  <cpu-model>Intel(R) Pentium(R) CPU 3550M @ 2.30GHz</cpu-model>
  <cpu-mhz>2294.738</cpu-mhz>
  <compiler_output></compiler_output>
  <tests>
    <test num="1" status="WA" time="26" real-time="28" max-memory-used="307200"  checker-comment="Different number of lines: output: 1, correct: 2" >
  <program-stats-str>{ utime=21, stime=5, ptime=26, rtime=28, maxvsz=307200, maxrss=6205440, nvcsw=1, nivcsw=4 }</program-stats-str>
  <checker-stats-str>{ utime=0, stime=0, ptime=0, rtime=2, maxvsz=307200, maxrss=2367488, nvcsw=1, nivcsw=1 }</checker-stats-str>
      <input size="31">Everyone of us has all we need
</input>
      <output size="9">Everyone
</output>
      <correct size="11">Everyone
8
</correct>
      <stderr size="0"></stderr>
      <checker size="49">Different number of lines: output: 1, correct: 2
</checker>
    </test>
  </tests>
</testing-report>
