Content-type: text/xml

<?xml version="1.0" encoding="utf-8"?>
<testing-report run-id="181" judge-id="86" status="SE" scoring="ACM" run-tests="1" contest-id="3206" real-time-available="yes" max-memory-used-available="yes" correct-available="yes" failed-test="1" time-limit-ms="2000" real-time-limit-ms="5000" marked-flag="no" >
  <uuid>6e959d86-f3c1-4d1e-99e2-9e2c76c81bac</uuid>
  <host>localhost.localdomain</host>
  <cpu-model>Intel(R) Pentium(R) CPU 3550M @ 2.30GHz</cpu-model>
  <cpu-mhz>2294.738</cpu-mhz>
  <compiler_output></compiler_output>
  <tests>
    <test num="1" status="SE" time="285" real-time="307" max-memory-used="18698240" >
  <program-stats-str>{ utime=230, stime=55, ptime=285, rtime=307, maxvsz=18698240, maxrss=19103744, nvcsw=1, nivcsw=40 }</program-stats-str>
      <input size="31">Everyone of us has all we need
</input>
      <output size="0"></output>
      <stderr size="288">Can't open '/usr/share/abrt/conf.d/plugins/python3.conf': Operation not permitted
Can't open '/etc/abrt/plugins/python3.conf': Operation not permitted
Traceback (most recent call last):
  File &quot;./000181&quot;, line 8, in &lt;module&gt;
    if len(s[i])&gt;len(b[m]):
NameError: name 'b' is not defined
</stderr>
    </test>
  </tests>
</testing-report>
