Content-type: text/xml

<?xml version="1.0" encoding="utf-8"?>
<testing-report run-id="145" judge-id="50" status="RT" scoring="ACM" run-tests="1" contest-id="3206" real-time-available="yes" max-memory-used-available="yes" correct-available="yes" failed-test="1" time-limit-ms="2000" real-time-limit-ms="5000" marked-flag="no" >
  <uuid>2241edcf-35e1-4dcc-bb25-9a7ba5cadc7f</uuid>
  <host>localhost.localdomain</host>
  <cpu-model>Intel(R) Pentium(R) CPU 3550M @ 2.30GHz</cpu-model>
  <cpu-mhz>2294.738</cpu-mhz>
  <compiler_output></compiler_output>
  <tests>
    <test num="1" status="RT" exit-code="1" time="13" real-time="15" max-memory-used="307200" >
  <program-stats-str>{ utime=11, stime=2, ptime=13, rtime=15, maxvsz=307200, maxrss=5124096, nvcsw=1, nivcsw=3 }</program-stats-str>
      <input size="12">Abrakadabra
</input>
      <output size="0"></output>
      <stderr size="174">Traceback (most recent call last):
  File &quot;./000145&quot;, line 4, in &lt;module&gt;
    s = input()
  File &quot;&lt;string&gt;&quot;, line 1, in &lt;module&gt;
NameError: name 'Abrakadabra' is not defined
</stderr>
    </test>
  </tests>
</testing-report>
