Content-type: text/xml

<?xml version="1.0" encoding="utf-8"?>
<testing-report run-id="190" judge-id="95" status="SE" scoring="ACM" run-tests="1" contest-id="3206" real-time-available="yes" max-memory-used-available="yes" correct-available="yes" failed-test="1" time-limit-ms="2000" real-time-limit-ms="5000" marked-flag="no" >
  <uuid>91b8ab13-bd36-48ef-bd72-042c0f8ba17a</uuid>
  <host>localhost.localdomain</host>
  <cpu-model>Intel(R) Pentium(R) CPU 3550M @ 2.30GHz</cpu-model>
  <cpu-mhz>2294.738</cpu-mhz>
  <compiler_output></compiler_output>
  <tests>
    <test num="1" status="SE" time="279" real-time="306" max-memory-used="18685952" >
  <program-stats-str>{ utime=267, stime=12, ptime=279, rtime=306, maxvsz=18685952, maxrss=19382272, nvcsw=1, nivcsw=40 }</program-stats-str>
      <input size="31">Everyone of us has all we need
</input>
      <output size="0"></output>
      <stderr size="257">Can't open '/usr/share/abrt/conf.d/plugins/python3.conf': Operation not permitted
Can't open '/etc/abrt/plugins/python3.conf': Operation not permitted
  File &quot;./000190&quot;, line 4
    a = input() . split)()
                       ^
SyntaxError: invalid syntax
</stderr>
    </test>
  </tests>
</testing-report>
