Content-type: text/xml

<?xml version="1.0" encoding="utf-8"?>
<testing-report run-id="235" judge-id="140" status="PE" scoring="ACM" run-tests="1" contest-id="3206" real-time-available="yes" max-memory-used-available="yes" correct-available="yes" failed-test="1" time-limit-ms="2000" real-time-limit-ms="5000" marked-flag="no" >
  <uuid>0bce1d79-e937-4061-bf15-6ffd5dbe932e</uuid>
  <host>localhost.localdomain</host>
  <cpu-model>Intel(R) Pentium(R) CPU 3550M @ 2.30GHz</cpu-model>
  <cpu-mhz>2294.738</cpu-mhz>
  <compiler_output></compiler_output>
  <tests>
    <test num="1" status="PE" time="26" real-time="29" max-memory-used="307200"  checker-comment="User answer is neither `yes' nor `no' (case insensitive)" >
  <program-stats-str>{ utime=21, stime=5, ptime=26, rtime=29, maxvsz=307200, maxrss=6107136, nvcsw=1, nivcsw=6 }</program-stats-str>
  <checker-stats-str>{ utime=0, stime=0, ptime=0, rtime=1, maxvsz=307200, maxrss=2658304, nvcsw=1, nivcsw=1 }</checker-stats-str>
      <input size="2">f
</input>
      <output size="55">r
r
Abrak
Abrakadab
Arkdba
baaar
arbadakarbA
abdkrA
11
</output>
      <correct size="4">yes
</correct>
      <stderr size="0"></stderr>
      <checker size="57">User answer is neither `yes' nor `no' (case insensitive)
</checker>
    </test>
  </tests>
</testing-report>
