Content-type: text/xml

<?xml version="1.0" encoding="utf-8"?>
<testing-report run-id="225" judge-id="130" status="SE" scoring="ACM" run-tests="1" contest-id="3206" real-time-available="yes" max-memory-used-available="yes" correct-available="yes" failed-test="1" time-limit-ms="2000" real-time-limit-ms="5000" marked-flag="no" >
  <uuid>2687a2a5-8d96-49c2-98e6-2ba8f96e48de</uuid>
  <host>localhost.localdomain</host>
  <cpu-model>Intel(R) Pentium(R) CPU 3550M @ 2.30GHz</cpu-model>
  <cpu-mhz>2294.738</cpu-mhz>
  <compiler_output></compiler_output>
  <tests>
    <test num="1" status="SE" time="282" real-time="316" max-memory-used="32251904" >
  <program-stats-str>{ utime=266, stime=16, ptime=282, rtime=316, maxvsz=32251904, maxrss=19492864, nvcsw=1, nivcsw=42 }</program-stats-str>
      <input size="2">f
</input>
      <output size="0"></output>
      <stderr size="279">Can't open '/usr/share/abrt/conf.d/plugins/python3.conf': Operation not permitted
Can't open '/etc/abrt/plugins/python3.conf': Operation not permitted
Traceback (most recent call last):
  File &quot;./000225&quot;, line 6, in &lt;module&gt;
    print(a[2])
IndexError: string index out of range
</stderr>
    </test>
  </tests>
</testing-report>
