Content-type: text/xml

<?xml version="1.0" encoding="utf-8"?>
<testing-report run-id="252" judge-id="157" status="SE" scoring="ACM" run-tests="1" contest-id="3206" real-time-available="yes" max-memory-used-available="yes" correct-available="yes" failed-test="1" time-limit-ms="2000" real-time-limit-ms="5000" marked-flag="no" >
  <uuid>e16e0999-428e-480d-96e9-7ccb4a59dc4c</uuid>
  <host>localhost.localdomain</host>
  <cpu-model>Intel(R) Pentium(R) CPU 3550M @ 2.30GHz</cpu-model>
  <cpu-mhz>2294.738</cpu-mhz>
  <compiler_output></compiler_output>
  <tests>
    <test num="1" status="SE" time="282" real-time="308" max-memory-used="18698240" >
  <program-stats-str>{ utime=237, stime=45, ptime=282, rtime=308, maxvsz=18698240, maxrss=19378176, nvcsw=1, nivcsw=38 }</program-stats-str>
      <input size="2">f
</input>
      <output size="0"></output>
      <stderr size="246">Can't open '/usr/share/abrt/conf.d/plugins/python3.conf': Operation not permitted
Can't open '/etc/abrt/plugins/python3.conf': Operation not permitted
  File &quot;./000252&quot;, line 6
    fot i in range(len(a)//2):
        ^
SyntaxError: invalid syntax
</stderr>
    </test>
  </tests>
</testing-report>
