Content-type: text/xml

<?xml version="1.0" encoding="utf-8"?>
<testing-report run-id="232" judge-id="137" status="OK" scoring="ACM" run-tests="4" contest-id="3206" real-time-available="yes" max-memory-used-available="yes" correct-available="yes" time-limit-ms="2000" real-time-limit-ms="5000" marked-flag="no" >
  <uuid>3477a72c-3f83-4b3f-9ed1-4a2aab72a419</uuid>
  <host>localhost.localdomain</host>
  <cpu-model>Intel(R) Pentium(R) CPU 3550M @ 2.30GHz</cpu-model>
  <cpu-mhz>2294.738</cpu-mhz>
  <compiler_output></compiler_output>
  <tests>
    <test num="1" status="OK" time="28" real-time="32" max-memory-used="307200"  checker-comment="OK" >
  <program-stats-str>{ utime=24, stime=4, ptime=28, rtime=32, maxvsz=307200, maxrss=6246400, nvcsw=1, nivcsw=7 }</program-stats-str>
  <checker-stats-str>{ utime=0, stime=0, ptime=0, rtime=1, maxvsz=307200, maxrss=2658304, nvcsw=1, nivcsw=1 }</checker-stats-str>
      <input size="7">Python
</input>
      <output size="12">P*y*t*h*o*n
</output>
      <correct size="12">P*y*t*h*o*n
</correct>
      <stderr size="0"></stderr>
      <checker size="3">OK
</checker>
    </test>
    <test num="2" status="OK" time="31" real-time="38" max-memory-used="307200"  checker-comment="OK" >
  <program-stats-str>{ utime=30, stime=1, ptime=31, rtime=38, maxvsz=307200, maxrss=6291456, nvcsw=1, nivcsw=9 }</program-stats-str>
  <checker-stats-str>{ utime=0, stime=0, ptime=0, rtime=2, maxvsz=307200, maxrss=2658304, nvcsw=1, nivcsw=1 }</checker-stats-str>
      <input size="6">Hello
</input>
      <output size="10">H*e*l*l*o
</output>
      <correct size="10">H*e*l*l*o
</correct>
      <stderr size="0"></stderr>
      <checker size="3">OK
</checker>
    </test>
    <test num="3" status="OK" time="27" real-time="31" max-memory-used="307200"  checker-comment="OK" >
  <program-stats-str>{ utime=27, stime=0, ptime=27, rtime=31, maxvsz=307200, maxrss=6365184, nvcsw=1, nivcsw=6 }</program-stats-str>
  <checker-stats-str>{ utime=0, stime=0, ptime=0, rtime=1, maxvsz=307200, maxrss=2658304, nvcsw=1, nivcsw=1 }</checker-stats-str>
      <input size="2">A
</input>
      <output size="2">A
</output>
      <correct size="2">A
</correct>
      <stderr size="0"></stderr>
      <checker size="3">OK
</checker>
    </test>
    <test num="4" status="OK" time="27" real-time="30" max-memory-used="307200"  checker-comment="OK" >
  <program-stats-str>{ utime=21, stime=6, ptime=27, rtime=30, maxvsz=307200, maxrss=6176768, nvcsw=1, nivcsw=7 }</program-stats-str>
  <checker-stats-str>{ utime=0, stime=0, ptime=0, rtime=1, maxvsz=307200, maxrss=2658304, nvcsw=1, nivcsw=1 }</checker-stats-str>
      <input size="20">Qwertyuiopasdfghjkl
</input>
      <output size="38">Q*w*e*r*t*y*u*i*o*p*a*s*d*f*g*h*j*k*l
</output>
      <correct size="38">Q*w*e*r*t*y*u*i*o*p*a*s*d*f*g*h*j*k*l
</correct>
      <stderr size="0"></stderr>
      <checker size="3">OK
</checker>
    </test>
  </tests>
</testing-report>
