Content-type: text/xml

<?xml version="1.0" encoding="utf-8"?>
<testing-report run-id="249" judge-id="154" status="WA" scoring="ACM" run-tests="1" contest-id="3206" real-time-available="yes" max-memory-used-available="yes" correct-available="yes" failed-test="1" time-limit-ms="2000" real-time-limit-ms="5000" marked-flag="no" >
  <uuid>ce5ea439-6968-446a-ab40-2552204312d3</uuid>
  <host>localhost.localdomain</host>
  <cpu-model>Intel(R) Pentium(R) CPU 3550M @ 2.30GHz</cpu-model>
  <cpu-mhz>2294.738</cpu-mhz>
  <compiler_output></compiler_output>
  <tests>
    <test num="1" status="WA" time="27" real-time="30" max-memory-used="307200"  checker-comment="Line 3 differs: output: ?Abraka? correct: ?Abrak?" >
  <program-stats-str>{ utime=21, stime=6, ptime=27, rtime=30, maxvsz=307200, maxrss=6258688, nvcsw=1, nivcsw=6 }</program-stats-str>
  <checker-stats-str>{ utime=0, stime=0, ptime=0, rtime=1, maxvsz=307200, maxrss=2658304, nvcsw=1, nivcsw=1 }</checker-stats-str>
      <input size="12">Abrakadabra
</input>
      <output size="56">r
r
Abraka
Abrakadab
Arkdba
baaar
arbadakarbA
abdkrA
11
</output>
      <correct size="55">r
r
Abrak
Abrakadab
Arkdba
baaar
arbadakarbA
abdkrA
11
</correct>
      <stderr size="0"></stderr>
      <checker size="50">Line 3 differs: output:
&gt;Abraka&lt;
correct:
&gt;Abrak&lt;
</checker>
    </test>
  </tests>
</testing-report>
