Content-type: text/xml

<?xml version="1.0" encoding="utf-8"?>
<testing-report run-id="247" judge-id="152" status="RT" scoring="ACM" run-tests="1" contest-id="3206" real-time-available="yes" max-memory-used-available="yes" correct-available="yes" failed-test="1" time-limit-ms="2000" real-time-limit-ms="5000" marked-flag="no" >
  <uuid>851a34a4-31a3-4d44-beab-ca76d2a58f72</uuid>
  <host>localhost.localdomain</host>
  <cpu-model>Intel(R) Pentium(R) CPU 3550M @ 2.30GHz</cpu-model>
  <cpu-mhz>2294.738</cpu-mhz>
  <compiler_output></compiler_output>
  <tests>
    <test num="1" status="RT" exit-code="1" time="15" real-time="17" max-memory-used="307200" >
  <program-stats-str>{ utime=6, stime=9, ptime=15, rtime=17, maxvsz=307200, maxrss=5230592, nvcsw=1, nivcsw=4 }</program-stats-str>
      <input size="29">In the town where I was born
</input>
      <output size="0"></output>
      <stderr size="188">Traceback (most recent call last):
  File &quot;./000247&quot;, line 4, in &lt;module&gt;
    a = input()
  File &quot;&lt;string&gt;&quot;, line 1
    In the town where I was born
         ^
SyntaxError: invalid syntax
</stderr>
    </test>
  </tests>
</testing-report>
