Content-type: text/xml

<?xml version="1.0" encoding="utf-8"?>
<testing-report run-id="227" judge-id="132" status="WA" scoring="ACM" run-tests="1" contest-id="3206" real-time-available="yes" max-memory-used-available="yes" correct-available="yes" failed-test="1" time-limit-ms="2000" real-time-limit-ms="5000" marked-flag="no" >
  <uuid>1facf444-15dc-4f94-9730-cd4ed364955a</uuid>
  <host>localhost.localdomain</host>
  <cpu-model>Intel(R) Pentium(R) CPU 3550M @ 2.30GHz</cpu-model>
  <cpu-mhz>2294.738</cpu-mhz>
  <compiler_output></compiler_output>
  <tests>
    <test num="1" status="WA" time="26" real-time="29" max-memory-used="307200"  checker-comment="Line 5 differs: output: ?Arkdb? correct: ?Arkdba?" >
  <program-stats-str>{ utime=25, stime=1, ptime=26, rtime=29, maxvsz=307200, maxrss=6070272, nvcsw=1, nivcsw=9 }</program-stats-str>
  <checker-stats-str>{ utime=0, stime=0, ptime=0, rtime=2, maxvsz=307200, maxrss=2658304, nvcsw=1, nivcsw=1 }</checker-stats-str>
      <input size="12">Abrakadabra
</input>
      <output size="54">r
r
Abrak
Abrakadab
Arkdb
baaar
arbadakarbA
abdkrA
11
</output>
      <correct size="55">r
r
Abrak
Abrakadab
Arkdba
baaar
arbadakarbA
abdkrA
11
</correct>
      <stderr size="0"></stderr>
      <checker size="50">Line 5 differs: output:
&gt;Arkdb&lt;
correct:
&gt;Arkdba&lt;
</checker>
    </test>
  </tests>
</testing-report>
