Content-type: text/xml

<?xml version="1.0" encoding="utf-8"?>
<testing-report run-id="254" judge-id="159" status="SE" scoring="ACM" run-tests="1" contest-id="3206" real-time-available="yes" max-memory-used-available="yes" correct-available="yes" failed-test="1" time-limit-ms="2000" real-time-limit-ms="5000" marked-flag="no" >
  <uuid>001a4892-ccd3-474e-a970-6d6dbb9c0a4d</uuid>
  <host>localhost.localdomain</host>
  <cpu-model>Intel(R) Pentium(R) CPU 3550M @ 2.30GHz</cpu-model>
  <cpu-mhz>2294.738</cpu-mhz>
  <compiler_output></compiler_output>
  <tests>
    <test num="1" status="SE" time="281" real-time="300" max-memory-used="18698240" >
  <program-stats-str>{ utime=275, stime=6, ptime=281, rtime=300, maxvsz=18698240, maxrss=19136512, nvcsw=1, nivcsw=42 }</program-stats-str>
      <input size="2">f
</input>
      <output size="0"></output>
      <stderr size="246">Can't open '/usr/share/abrt/conf.d/plugins/python3.conf': Operation not permitted
Can't open '/etc/abrt/plugins/python3.conf': Operation not permitted
  File &quot;./000254&quot;, line 6
    fot i in range(len(a)//2):
        ^
SyntaxError: invalid syntax
</stderr>
    </test>
  </tests>
</testing-report>
