Content-type: text/xml

<?xml version="1.0" encoding="utf-8"?>
<testing-report run-id="25" judge-id="3" status="OK" scoring="ACM" run-tests="10" contest-id="3201" real-time-available="yes" max-memory-used-available="yes" correct-available="yes" time-limit-ms="2000" real-time-limit-ms="5000" marked-flag="no" >
  <uuid>df3c3e7f-5c0e-4f33-953e-b02565ae6d04</uuid>
  <host>localhost.localdomain</host>
  <cpu-model>Intel(R) Pentium(R) CPU 3550M @ 2.30GHz</cpu-model>
  <cpu-mhz>2294.738</cpu-mhz>
  <compiler_output></compiler_output>
  <tests>
    <test num="1" status="OK" time="28" real-time="45" max-memory-used="307200"  checker-comment="OK" >
  <program-stats-str>{ utime=26, stime=2, ptime=28, rtime=45, maxvsz=307200, maxrss=6246400, nvcsw=1, nivcsw=20 }</program-stats-str>
  <checker-stats-str>{ utime=0, stime=0, ptime=0, rtime=2, maxvsz=307200, maxrss=2387968, nvcsw=1, nivcsw=1 }</checker-stats-str>
      <input size="2">3
</input>
      <output size="6">11 35
</output>
      <correct size="6">11 35
</correct>
      <stderr size="0"></stderr>
      <checker size="3">OK
</checker>
    </test>
    <test num="2" status="OK" time="26" real-time="29" max-memory-used="307200"  checker-comment="OK" >
  <program-stats-str>{ utime=18, stime=8, ptime=26, rtime=29, maxvsz=307200, maxrss=6303744, nvcsw=1, nivcsw=5 }</program-stats-str>
  <checker-stats-str>{ utime=0, stime=0, ptime=0, rtime=1, maxvsz=307200, maxrss=2387968, nvcsw=1, nivcsw=1 }</checker-stats-str>
      <input size="2">2
</input>
      <output size="6">10 35
</output>
      <correct size="6">10 35
</correct>
      <stderr size="0"></stderr>
      <checker size="3">OK
</checker>
    </test>
    <test num="3" status="OK" time="27" real-time="29" max-memory-used="307200"  checker-comment="OK" >
  <program-stats-str>{ utime=23, stime=4, ptime=27, rtime=29, maxvsz=307200, maxrss=6373376, nvcsw=1, nivcsw=5 }</program-stats-str>
  <checker-stats-str>{ utime=0, stime=0, ptime=0, rtime=2, maxvsz=307200, maxrss=2387968, nvcsw=1, nivcsw=1 }</checker-stats-str>
      <input size="2">1
</input>
      <output size="5">9 45
</output>
      <correct size="5">9 45
</correct>
      <stderr size="0"></stderr>
      <checker size="3">OK
</checker>
    </test>
    <test num="4" status="OK" time="26" real-time="28" max-memory-used="307200"  checker-comment="OK" >
  <program-stats-str>{ utime=24, stime=2, ptime=26, rtime=28, maxvsz=307200, maxrss=6295552, nvcsw=1, nivcsw=5 }</program-stats-str>
  <checker-stats-str>{ utime=0, stime=0, ptime=0, rtime=1, maxvsz=307200, maxrss=2387968, nvcsw=1, nivcsw=1 }</checker-stats-str>
      <input size="2">4
</input>
      <output size="6">12 25
</output>
      <correct size="6">12 25
</correct>
      <stderr size="0"></stderr>
      <checker size="3">OK
</checker>
    </test>
    <test num="5" status="OK" time="26" real-time="34" max-memory-used="307200"  checker-comment="OK" >
  <program-stats-str>{ utime=21, stime=5, ptime=26, rtime=34, maxvsz=307200, maxrss=6283264, nvcsw=1, nivcsw=8 }</program-stats-str>
  <checker-stats-str>{ utime=0, stime=0, ptime=0, rtime=2, maxvsz=307200, maxrss=2387968, nvcsw=1, nivcsw=1 }</checker-stats-str>
      <input size="2">5
</input>
      <output size="6">13 25
</output>
      <correct size="6">13 25
</correct>
      <stderr size="0"></stderr>
      <checker size="3">OK
</checker>
    </test>
    <test num="6" status="OK" time="27" real-time="29" max-memory-used="307200"  checker-comment="OK" >
  <program-stats-str>{ utime=27, stime=0, ptime=27, rtime=29, maxvsz=307200, maxrss=6238208, nvcsw=1, nivcsw=3 }</program-stats-str>
  <checker-stats-str>{ utime=0, stime=0, ptime=0, rtime=1, maxvsz=307200, maxrss=2387968, nvcsw=1, nivcsw=3 }</checker-stats-str>
      <input size="2">6
</input>
      <output size="6">14 15
</output>
      <correct size="6">14 15
</correct>
      <stderr size="0"></stderr>
      <checker size="3">OK
</checker>
    </test>
    <test num="7" status="OK" time="26" real-time="30" max-memory-used="307200"  checker-comment="OK" >
  <program-stats-str>{ utime=22, stime=4, ptime=26, rtime=30, maxvsz=307200, maxrss=6184960, nvcsw=1, nivcsw=6 }</program-stats-str>
  <checker-stats-str>{ utime=0, stime=0, ptime=0, rtime=2, maxvsz=307200, maxrss=2387968, nvcsw=1, nivcsw=1 }</checker-stats-str>
      <input size="2">7
</input>
      <output size="6">15 15
</output>
      <correct size="6">15 15
</correct>
      <stderr size="0"></stderr>
      <checker size="3">OK
</checker>
    </test>
    <test num="8" status="OK" time="26" real-time="28" max-memory-used="307200"  checker-comment="OK" >
  <program-stats-str>{ utime=26, stime=0, ptime=26, rtime=28, maxvsz=307200, maxrss=6168576, nvcsw=1, nivcsw=4 }</program-stats-str>
  <checker-stats-str>{ utime=0, stime=0, ptime=0, rtime=2, maxvsz=307200, maxrss=2387968, nvcsw=1, nivcsw=2 }</checker-stats-str>
      <input size="2">8
</input>
      <output size="5">16 5
</output>
      <correct size="5">16 5
</correct>
      <stderr size="0"></stderr>
      <checker size="3">OK
</checker>
    </test>
    <test num="9" status="OK" time="27" real-time="33" max-memory-used="307200"  checker-comment="OK" >
  <program-stats-str>{ utime=23, stime=4, ptime=27, rtime=33, maxvsz=307200, maxrss=6246400, nvcsw=1, nivcsw=5 }</program-stats-str>
  <checker-stats-str>{ utime=0, stime=0, ptime=0, rtime=2, maxvsz=307200, maxrss=2387968, nvcsw=1, nivcsw=1 }</checker-stats-str>
      <input size="2">9
</input>
      <output size="5">17 5
</output>
      <correct size="5">17 5
</correct>
      <stderr size="0"></stderr>
      <checker size="3">OK
</checker>
    </test>
    <test num="10" status="OK" time="26" real-time="29" max-memory-used="307200"  checker-comment="OK" >
  <program-stats-str>{ utime=26, stime=0, ptime=26, rtime=29, maxvsz=307200, maxrss=6033408, nvcsw=1, nivcsw=5 }</program-stats-str>
  <checker-stats-str>{ utime=0, stime=0, ptime=0, rtime=1, maxvsz=307200, maxrss=2387968, nvcsw=1, nivcsw=1 }</checker-stats-str>
      <input size="3">10
</input>
      <output size="6">17 55
</output>
      <correct size="6">17 55
</correct>
      <stderr size="0"></stderr>
      <checker size="3">OK
</checker>
    </test>
  </tests>
</testing-report>
