Content-type: text/xml

<?xml version="1.0" encoding="utf-8"?>
<testing-report run-id="2" judge-id="3" status="WA" scoring="ACM" run-tests="2" contest-id="3201" real-time-available="yes" max-memory-used-available="yes" correct-available="yes" failed-test="2" time-limit-ms="2000" real-time-limit-ms="5000" marked-flag="no" >
  <uuid>93160775-d32a-416b-bfbe-d731aa22ccad</uuid>
  <host>localhost.localdomain</host>
  <cpu-model>Intel(R) Pentium(R) CPU 3550M @ 2.30GHz</cpu-model>
  <cpu-mhz>2294.738</cpu-mhz>
  <compiler_output></compiler_output>
  <tests>
    <test num="1" status="OK" time="77" real-time="84" max-memory-used="30339072"  checker-comment="OK" >
  <program-stats-str>{ utime=67, stime=10, ptime=77, rtime=84, maxvsz=30339072, maxrss=27111424, nvcsw=1, nivcsw=16 }</program-stats-str>
  <checker-stats-str>{ utime=0, stime=0, ptime=0, rtime=1, maxvsz=307200, maxrss=2387968, nvcsw=1, nivcsw=1 }</checker-stats-str>
      <input size="9">20
21
22
</input>
      <output size="3">32
</output>
      <correct size="3">32
</correct>
      <stderr size="61">Warning: cannot find your CPU L2 cache size in /proc/cpuinfo
</stderr>
      <checker size="3">OK
</checker>
    </test>
    <test num="2" status="WA" time="76" real-time="85" max-memory-used="30339072"  checker-comment="Answers do not match: output: 28, correct: 27" >
  <program-stats-str>{ utime=59, stime=17, ptime=76, rtime=85, maxvsz=30339072, maxrss=26980352, nvcsw=1, nivcsw=13 }</program-stats-str>
  <checker-stats-str>{ utime=0, stime=1, ptime=1, rtime=2, maxvsz=307200, maxrss=2387968, nvcsw=1, nivcsw=2 }</checker-stats-str>
      <input size="9">16
18
20
</input>
      <output size="3">28
</output>
      <correct size="3">27
</correct>
      <stderr size="61">Warning: cannot find your CPU L2 cache size in /proc/cpuinfo
</stderr>
      <checker size="46">Answers do not match: output: 28, correct: 27
</checker>
    </test>
  </tests>
</testing-report>
