Content-type: text/xml

<?xml version="1.0" encoding="utf-8"?>
<testing-report run-id="12" judge-id="13" status="OK" scoring="ACM" run-tests="10" contest-id="3201" real-time-available="yes" max-memory-used-available="yes" correct-available="yes" time-limit-ms="2000" real-time-limit-ms="5000" marked-flag="no" >
  <uuid>be310ae8-c6ae-431a-ac75-f7a7fd069ae2</uuid>
  <host>localhost.localdomain</host>
  <cpu-model>Intel(R) Pentium(R) CPU 3550M @ 2.30GHz</cpu-model>
  <cpu-mhz>2294.738</cpu-mhz>
  <compiler_output></compiler_output>
  <tests>
    <test num="1" status="OK" time="73" real-time="79" max-memory-used="30339072"  checker-comment="OK" >
  <program-stats-str>{ utime=71, stime=2, ptime=73, rtime=79, maxvsz=30339072, maxrss=27201536, nvcsw=1, nivcsw=11 }</program-stats-str>
  <checker-stats-str>{ utime=0, stime=0, ptime=0, rtime=2, maxvsz=307200, maxrss=2387968, nvcsw=1, nivcsw=2 }</checker-stats-str>
      <input size="2">3
</input>
      <output size="6">11 35
</output>
      <correct size="6">11 35
</correct>
      <stderr size="61">Warning: cannot find your CPU L2 cache size in /proc/cpuinfo
</stderr>
      <checker size="3">OK
</checker>
    </test>
    <test num="2" status="OK" time="72" real-time="77" max-memory-used="30339072"  checker-comment="OK" >
  <program-stats-str>{ utime=72, stime=0, ptime=72, rtime=77, maxvsz=30339072, maxrss=27172864, nvcsw=1, nivcsw=9 }</program-stats-str>
  <checker-stats-str>{ utime=0, stime=0, ptime=0, rtime=1, maxvsz=307200, maxrss=2387968, nvcsw=1, nivcsw=1 }</checker-stats-str>
      <input size="2">2
</input>
      <output size="6">10 35
</output>
      <correct size="6">10 35
</correct>
      <stderr size="61">Warning: cannot find your CPU L2 cache size in /proc/cpuinfo
</stderr>
      <checker size="3">OK
</checker>
    </test>
    <test num="3" status="OK" time="73" real-time="80" max-memory-used="30339072"  checker-comment="OK" >
  <program-stats-str>{ utime=60, stime=13, ptime=73, rtime=80, maxvsz=30339072, maxrss=27090944, nvcsw=1, nivcsw=11 }</program-stats-str>
  <checker-stats-str>{ utime=0, stime=0, ptime=0, rtime=2, maxvsz=307200, maxrss=2387968, nvcsw=1, nivcsw=2 }</checker-stats-str>
      <input size="2">1
</input>
      <output size="5">9 45
</output>
      <correct size="5">9 45
</correct>
      <stderr size="61">Warning: cannot find your CPU L2 cache size in /proc/cpuinfo
</stderr>
      <checker size="3">OK
</checker>
    </test>
    <test num="4" status="OK" time="74" real-time="79" max-memory-used="30339072"  checker-comment="OK" >
  <program-stats-str>{ utime=62, stime=12, ptime=74, rtime=79, maxvsz=30339072, maxrss=27217920, nvcsw=1, nivcsw=10 }</program-stats-str>
  <checker-stats-str>{ utime=0, stime=0, ptime=0, rtime=1, maxvsz=307200, maxrss=2387968, nvcsw=1, nivcsw=2 }</checker-stats-str>
      <input size="2">4
</input>
      <output size="6">12 25
</output>
      <correct size="6">12 25
</correct>
      <stderr size="61">Warning: cannot find your CPU L2 cache size in /proc/cpuinfo
</stderr>
      <checker size="3">OK
</checker>
    </test>
    <test num="5" status="OK" time="72" real-time="76" max-memory-used="30339072"  checker-comment="OK" >
  <program-stats-str>{ utime=72, stime=0, ptime=72, rtime=76, maxvsz=30339072, maxrss=27070464, nvcsw=1, nivcsw=10 }</program-stats-str>
  <checker-stats-str>{ utime=0, stime=0, ptime=0, rtime=1, maxvsz=307200, maxrss=2387968, nvcsw=1, nivcsw=1 }</checker-stats-str>
      <input size="2">5
</input>
      <output size="6">13 25
</output>
      <correct size="6">13 25
</correct>
      <stderr size="61">Warning: cannot find your CPU L2 cache size in /proc/cpuinfo
</stderr>
      <checker size="3">OK
</checker>
    </test>
    <test num="6" status="OK" time="74" real-time="77" max-memory-used="30339072"  checker-comment="OK" >
  <program-stats-str>{ utime=57, stime=17, ptime=74, rtime=77, maxvsz=30339072, maxrss=27123712, nvcsw=1, nivcsw=9 }</program-stats-str>
  <checker-stats-str>{ utime=0, stime=0, ptime=0, rtime=2, maxvsz=307200, maxrss=2387968, nvcsw=1, nivcsw=1 }</checker-stats-str>
      <input size="2">6
</input>
      <output size="6">14 15
</output>
      <correct size="6">14 15
</correct>
      <stderr size="61">Warning: cannot find your CPU L2 cache size in /proc/cpuinfo
</stderr>
      <checker size="3">OK
</checker>
    </test>
    <test num="7" status="OK" time="73" real-time="84" max-memory-used="30339072"  checker-comment="OK" >
  <program-stats-str>{ utime=61, stime=12, ptime=73, rtime=84, maxvsz=30339072, maxrss=26910720, nvcsw=1, nivcsw=24 }</program-stats-str>
  <checker-stats-str>{ utime=0, stime=0, ptime=0, rtime=1, maxvsz=307200, maxrss=2387968, nvcsw=1, nivcsw=1 }</checker-stats-str>
      <input size="2">7
</input>
      <output size="6">15 15
</output>
      <correct size="6">15 15
</correct>
      <stderr size="61">Warning: cannot find your CPU L2 cache size in /proc/cpuinfo
</stderr>
      <checker size="3">OK
</checker>
    </test>
    <test num="8" status="OK" time="84" real-time="96" max-memory-used="30339072"  checker-comment="OK" >
  <program-stats-str>{ utime=70, stime=14, ptime=84, rtime=96, maxvsz=30339072, maxrss=27172864, nvcsw=1, nivcsw=17 }</program-stats-str>
  <checker-stats-str>{ utime=0, stime=0, ptime=0, rtime=2, maxvsz=307200, maxrss=2387968, nvcsw=1, nivcsw=2 }</checker-stats-str>
      <input size="2">8
</input>
      <output size="5">16 5
</output>
      <correct size="5">16 5
</correct>
      <stderr size="61">Warning: cannot find your CPU L2 cache size in /proc/cpuinfo
</stderr>
      <checker size="3">OK
</checker>
    </test>
    <test num="9" status="OK" time="79" real-time="91" max-memory-used="30339072"  checker-comment="OK" >
  <program-stats-str>{ utime=55, stime=24, ptime=79, rtime=91, maxvsz=30339072, maxrss=27201536, nvcsw=1, nivcsw=17 }</program-stats-str>
  <checker-stats-str>{ utime=0, stime=1, ptime=1, rtime=2, maxvsz=307200, maxrss=2387968, nvcsw=1, nivcsw=2 }</checker-stats-str>
      <input size="2">9
</input>
      <output size="5">17 5
</output>
      <correct size="5">17 5
</correct>
      <stderr size="61">Warning: cannot find your CPU L2 cache size in /proc/cpuinfo
</stderr>
      <checker size="3">OK
</checker>
    </test>
    <test num="10" status="OK" time="79" real-time="85" max-memory-used="30339072"  checker-comment="OK" >
  <program-stats-str>{ utime=65, stime=14, ptime=79, rtime=85, maxvsz=30339072, maxrss=27209728, nvcsw=1, nivcsw=14 }</program-stats-str>
  <checker-stats-str>{ utime=0, stime=0, ptime=0, rtime=1, maxvsz=307200, maxrss=2387968, nvcsw=1, nivcsw=1 }</checker-stats-str>
      <input size="3">10
</input>
      <output size="6">17 55
</output>
      <correct size="6">17 55
</correct>
      <stderr size="61">Warning: cannot find your CPU L2 cache size in /proc/cpuinfo
</stderr>
      <checker size="3">OK
</checker>
    </test>
  </tests>
</testing-report>
