Content-type: text/xml

<?xml version="1.0" encoding="utf-8"?>
<testing-report run-id="22" judge-id="1" status="WA" scoring="ACM" run-tests="2" contest-id="3201" real-time-available="yes" max-memory-used-available="yes" correct-available="yes" failed-test="2" time-limit-ms="2000" real-time-limit-ms="5000" marked-flag="no" >
  <uuid>2076928e-33ad-4551-a130-99b6a3ff53b8</uuid>
  <host>localhost.localdomain</host>
  <cpu-model>Intel(R) Pentium(R) CPU 3550M @ 2.30GHz</cpu-model>
  <cpu-mhz>2294.738</cpu-mhz>
  <compiler_output></compiler_output>
  <tests>
    <test num="1" status="OK" time="14" real-time="15" max-memory-used="307200"  checker-comment="OK" >
  <program-stats-str>{ utime=12, stime=2, ptime=14, rtime=15, maxvsz=307200, maxrss=5140480, nvcsw=1, nivcsw=3 }</program-stats-str>
  <checker-stats-str>{ utime=0, stime=0, ptime=0, rtime=2, maxvsz=307200, maxrss=2387968, nvcsw=1, nivcsw=1 }</checker-stats-str>
      <input size="8">700
750
</input>
      <output size="2">2
</output>
      <correct size="2">2
</correct>
      <stderr size="0"></stderr>
      <checker size="3">OK
</checker>
    </test>
    <test num="2" status="WA" time="13" real-time="16" max-memory-used="307200"  checker-comment="Answers do not match: output: 4, correct: 3" >
  <program-stats-str>{ utime=12, stime=1, ptime=13, rtime=16, maxvsz=307200, maxrss=5136384, nvcsw=1, nivcsw=4 }</program-stats-str>
  <checker-stats-str>{ utime=0, stime=0, ptime=0, rtime=2, maxvsz=307200, maxrss=2387968, nvcsw=1, nivcsw=1 }</checker-stats-str>
      <input size="9">700
2100
</input>
      <output size="2">4
</output>
      <correct size="2">3
</correct>
      <stderr size="0"></stderr>
      <checker size="44">Answers do not match: output: 4, correct: 3
</checker>
    </test>
  </tests>
</testing-report>
