Content-type: text/xml

<?xml version="1.0" encoding="utf-8"?>
<testing-report run-id="14" judge-id="1" status="WA" scoring="ACM" run-tests="2" contest-id="3201" real-time-available="yes" max-memory-used-available="yes" correct-available="yes" failed-test="2" time-limit-ms="2000" real-time-limit-ms="5000" marked-flag="no" >
  <uuid>06f929ca-4b52-4d38-8efd-63f5f47ec4df</uuid>
  <host>localhost.localdomain</host>
  <cpu-model>Intel(R) Pentium(R) CPU 3550M @ 2.30GHz</cpu-model>
  <cpu-mhz>2294.738</cpu-mhz>
  <compiler_output></compiler_output>
  <tests>
    <test num="1" status="OK" time="38" real-time="48" max-memory-used="307200"  checker-comment="OK" >
  <program-stats-str>{ utime=33, stime=5, ptime=38, rtime=48, maxvsz=307200, maxrss=6393856, nvcsw=1, nivcsw=14 }</program-stats-str>
  <checker-stats-str>{ utime=0, stime=0, ptime=0, rtime=2, maxvsz=307200, maxrss=2387968, nvcsw=1, nivcsw=1 }</checker-stats-str>
      <input size="5">3602
</input>
      <output size="8">1:00:02
</output>
      <correct size="8">1:00:02
</correct>
      <stderr size="0"></stderr>
      <checker size="3">OK
</checker>
    </test>
    <test num="2" status="WA" time="30" real-time="33" max-memory-used="307200"  checker-comment="Line 1 differs: output: ?36:01:40? correct: ?12:01:40?" >
  <program-stats-str>{ utime=24, stime=6, ptime=30, rtime=33, maxvsz=307200, maxrss=6381568, nvcsw=1, nivcsw=8 }</program-stats-str>
  <checker-stats-str>{ utime=0, stime=0, ptime=0, rtime=2, maxvsz=307200, maxrss=2387968, nvcsw=1, nivcsw=1 }</checker-stats-str>
      <input size="7">129700
</input>
      <output size="9">36:01:40
</output>
      <correct size="9">12:01:40
</correct>
      <stderr size="0"></stderr>
      <checker size="55">Line 1 differs: output:
&gt;36:01:40&lt;
correct:
&gt;12:01:40&lt;
</checker>
    </test>
  </tests>
</testing-report>
