Content-type: text/xml

<?xml version="1.0" encoding="utf-8"?>
<testing-report run-id="85" judge-id="85" status="WA" scoring="ACM" run-tests="1" contest-id="3208" real-time-available="yes" max-memory-used-available="yes" correct-available="yes" failed-test="1" time-limit-ms="2000" real-time-limit-ms="5000" marked-flag="no" >
  <uuid>7423439b-9fb6-4404-aaec-51ab7bf9d4e2</uuid>
  <host>localhost.localdomain</host>
  <cpu-model>Intel(R) Pentium(R) CPU 3550M @ 2.30GHz</cpu-model>
  <cpu-mhz>2294.738</cpu-mhz>
  <compiler_output></compiler_output>
  <tests>
    <test num="1" status="WA" time="28" real-time="30" max-memory-used="307200"  checker-comment="Answers differ: [1]: output: 2, correct: 5" >
  <program-stats-str>{ utime=27, stime=1, ptime=28, rtime=30, maxvsz=307200, maxrss=6135808, nvcsw=1, nivcsw=6 }</program-stats-str>
  <checker-stats-str>{ utime=0, stime=0, ptime=0, rtime=1, maxvsz=307200, maxrss=2289664, nvcsw=1, nivcsw=1 }</checker-stats-str>
      <input size="10">1 2 3 4 5
</input>
      <output size="10">2
3
4
5
1
</output>
      <correct size="11">5 4 3 2 1 
</correct>
      <stderr size="0"></stderr>
      <checker size="43">Answers differ: [1]: output: 2, correct: 5
</checker>
    </test>
  </tests>
</testing-report>
