Content-type: text/xml

<?xml version="1.0" encoding="utf-8"?>
<testing-report run-id="75" judge-id="75" status="WA" scoring="ACM" run-tests="2" contest-id="3208" real-time-available="yes" max-memory-used-available="yes" correct-available="yes" failed-test="2" time-limit-ms="2000" real-time-limit-ms="5000" marked-flag="no" >
  <uuid>b91b2ab7-54ab-4a1a-bd63-0e6c3720785e</uuid>
  <host>localhost.localdomain</host>
  <cpu-model>Intel(R) Pentium(R) CPU 3550M @ 2.30GHz</cpu-model>
  <cpu-mhz>2294.738</cpu-mhz>
  <compiler_output></compiler_output>
  <tests>
    <test num="1" status="OK" time="26" real-time="28" max-memory-used="307200"  checker-comment="OK" >
  <program-stats-str>{ utime=24, stime=2, ptime=26, rtime=28, maxvsz=307200, maxrss=6176768, nvcsw=1, nivcsw=7 }</program-stats-str>
  <checker-stats-str>{ utime=0, stime=2, ptime=2, rtime=4, maxvsz=307200, maxrss=2289664, nvcsw=1, nivcsw=2 }</checker-stats-str>
      <input size="8">10
15
2
</input>
      <output size="6">20
30
</output>
      <correct size="6">20 30
</correct>
      <stderr size="0"></stderr>
      <checker size="3">OK
</checker>
    </test>
    <test num="2" status="WA" time="27" real-time="29" max-memory-used="307200"  checker-comment="Too few numbers in the output" >
  <program-stats-str>{ utime=27, stime=0, ptime=27, rtime=29, maxvsz=307200, maxrss=6213632, nvcsw=1, nivcsw=6 }</program-stats-str>
  <checker-stats-str>{ utime=0, stime=0, ptime=0, rtime=2, maxvsz=307200, maxrss=2289664, nvcsw=1, nivcsw=1 }</checker-stats-str>
      <input size="7">2
50
4
</input>
      <output size="3">10
</output>
      <correct size="5">10 0
</correct>
      <stderr size="0"></stderr>
      <checker size="30">Too few numbers in the output
</checker>
    </test>
  </tests>
</testing-report>
