Content-type: text/xml

<?xml version="1.0" encoding="utf-8"?>
<testing-report run-id="23" judge-id="23" status="WA" scoring="ACM" run-tests="1" contest-id="3208" real-time-available="yes" max-memory-used-available="yes" correct-available="yes" failed-test="1" time-limit-ms="2000" real-time-limit-ms="5000" marked-flag="no" >
  <uuid>3ffcee31-695d-4e66-b1ee-b63aeae01dbd</uuid>
  <host>localhost.localdomain</host>
  <cpu-model>Intel(R) Pentium(R) CPU 3550M @ 2.30GHz</cpu-model>
  <cpu-mhz>2294.738</cpu-mhz>
  <compiler_output></compiler_output>
  <tests>
    <test num="1" status="WA" time="27" real-time="29" max-memory-used="307200"  checker-comment="Line 1 differs: output: ?PhytonPhytonPhytonPhytonPhytonPhytonPhytonPhytonPhytonPhytonPhytonPhytonPhytonPhytonPhytonPhyto..." >
  <program-stats-str>{ utime=20, stime=7, ptime=27, rtime=29, maxvsz=307200, maxrss=6041600, nvcsw=1, nivcsw=5 }</program-stats-str>
  <checker-stats-str>{ utime=0, stime=0, ptime=0, rtime=1, maxvsz=307200, maxrss=2285568, nvcsw=1, nivcsw=1 }</checker-stats-str>
      <input size="1">
</input>
      <output size="594">PhytonPhytonPhytonPhytonPhytonPhytonPhytonPhytonPhytonPhytonPhytonPhytonPhytonPhytonPhytonPhytonPhytonPhytonPhytonPhytonPhytonPhytonPhytonPhytonPhytonPhytonPhytonPhytonPhytonPhytonPhytonPhytonPhytonPhytonPhytonPhytonPhytonPhytonPhytonPhytonPhytonPhytonPhytonPhytonPhytonPhytonPhytonPhytonPhytonPhytonPhytonPhytonPhytonPhytonPhytonPhytonPhytonPhytonPhytonPhytonPhytonPhytonPhytonPhytonPhytonPhytonPhytonPhytonPhytonPhytonPhytonPhytonPhytonPhytonPhytonPhytonPhytonPhytonPhytonPhytonPhytonPhytonPhytonPhytonPhytonPhytonPhytonPhytonPhytonPhytonPhytonPhytonPhytonPhytonPhytonPhytonPhytonPhytonPhyton</output>
      <correct size="601">PythonPythonPythonPythonPythonPythonPythonPythonPythonPythonPythonPythonPythonPythonPythonPythonPythonPythonPythonPythonPythonPythonPythonPythonPythonPythonPythonPythonPythonPythonPythonPythonPythonPythonPythonPythonPythonPythonPythonPythonPythonPythonPythonPythonPythonPythonPythonPythonPythonPythonPythonPythonPythonPythonPythonPythonPythonPythonPythonPythonPythonPythonPythonPythonPythonPythonPythonPythonPythonPythonPythonPythonPythonPythonPythonPythonPythonPythonPythonPythonPythonPythonPythonPythonPythonPythonPythonPythonPythonPythonPythonPythonPythonPythonPythonPythonPythonPythonPythonPython
</correct>
      <stderr size="0"></stderr>
      <checker size="1233">Line 1 differs: output:
&gt;PhytonPhytonPhytonPhytonPhytonPhytonPhytonPhytonPhytonPhytonPhytonPhytonPhytonPhytonPhytonPhytonPhytonPhytonPhytonPhytonPhytonPhytonPhytonPhytonPhytonPhytonPhytonPhytonPhytonPhytonPhytonPhytonPhytonPhytonPhytonPhytonPhytonPhytonPhytonPhytonPhytonPhytonPhytonPhytonPhytonPhytonPhytonPhytonPhytonPhytonPhytonPhytonPhytonPhytonPhytonPhytonPhytonPhytonPhytonPhytonPhytonPhytonPhytonPhytonPhytonPhytonPhytonPhytonPhytonPhytonPhytonPhytonPhytonPhytonPhytonPhytonPhytonPhytonPhytonPhytonPhytonPhytonPhytonPhytonPhytonPhytonPhytonPhytonPhytonPhytonPhytonPhytonPhytonPhytonPhytonPhytonPhytonPhytonPhyton&lt;
correct:
&gt;PythonPythonPythonPythonPythonPythonPythonPythonPythonPythonPythonPythonPythonPythonPythonPythonPythonPythonPythonPythonPythonPythonPythonPythonPythonPythonPythonPythonPythonPythonPythonPythonPythonPythonPythonPythonPythonPythonPythonPythonPythonPythonPythonPythonPythonPythonPythonPythonPythonPythonPythonPythonPythonPythonPythonPythonPythonPythonPythonPythonPythonPythonPythonPythonPythonPythonPythonPythonPythonPythonPythonPythonPythonPythonPythonPythonPythonPythonPythonPythonPythonPythonPythonPythonPythonPythonPythonPythonPythonPythonPythonPythonPythonPythonPythonPythonPythonPythonPythonPython&lt;
</checker>
    </test>
  </tests>
</testing-report>
