Content-type: text/xml

<?xml version="1.0" encoding="utf-8"?>
<testing-report run-id="25" judge-id="25" status="WA" scoring="ACM" run-tests="1" contest-id="3208" real-time-available="yes" max-memory-used-available="yes" correct-available="yes" failed-test="1" time-limit-ms="2000" real-time-limit-ms="5000" marked-flag="no" >
  <uuid>724a4abd-efe9-4f90-bb61-c148efdbd02d</uuid>
  <host>localhost.localdomain</host>
  <cpu-model>Intel(R) Pentium(R) CPU 3550M @ 2.30GHz</cpu-model>
  <cpu-mhz>2294.738</cpu-mhz>
  <compiler_output></compiler_output>
  <tests>
    <test num="1" status="WA" time="26" real-time="35" max-memory-used="307200"  checker-comment="Line 1 differs: output: ?PhytonPhytonPhytonPhytonPhytonPhytonPhytonPhytonPhytonPhytonPhytonPhytonPhytonPhytonPhytonPhyto..." >
  <program-stats-str>{ utime=26, stime=0, ptime=26, rtime=35, maxvsz=307200, maxrss=6242304, nvcsw=1, nivcsw=5 }</program-stats-str>
  <checker-stats-str>{ utime=0, stime=0, ptime=0, rtime=2, maxvsz=307200, maxrss=2285568, nvcsw=1, nivcsw=1 }</checker-stats-str>
      <input size="1">
</input>
      <output size="600">PhytonPhytonPhytonPhytonPhytonPhytonPhytonPhytonPhytonPhytonPhytonPhytonPhytonPhytonPhytonPhytonPhytonPhytonPhytonPhytonPhytonPhytonPhytonPhytonPhytonPhytonPhytonPhytonPhytonPhytonPhytonPhytonPhytonPhytonPhytonPhytonPhytonPhytonPhytonPhytonPhytonPhytonPhytonPhytonPhytonPhytonPhytonPhytonPhytonPhytonPhytonPhytonPhytonPhytonPhytonPhytonPhytonPhytonPhytonPhytonPhytonPhytonPhytonPhytonPhytonPhytonPhytonPhytonPhytonPhytonPhytonPhytonPhytonPhytonPhytonPhytonPhytonPhytonPhytonPhytonPhytonPhytonPhytonPhytonPhytonPhytonPhytonPhytonPhytonPhytonPhytonPhytonPhytonPhytonPhytonPhytonPhytonPhytonPhytonPhyton</output>
      <correct size="601">PythonPythonPythonPythonPythonPythonPythonPythonPythonPythonPythonPythonPythonPythonPythonPythonPythonPythonPythonPythonPythonPythonPythonPythonPythonPythonPythonPythonPythonPythonPythonPythonPythonPythonPythonPythonPythonPythonPythonPythonPythonPythonPythonPythonPythonPythonPythonPythonPythonPythonPythonPythonPythonPythonPythonPythonPythonPythonPythonPythonPythonPythonPythonPythonPythonPythonPythonPythonPythonPythonPythonPythonPythonPythonPythonPythonPythonPythonPythonPythonPythonPythonPythonPythonPythonPythonPythonPythonPythonPythonPythonPythonPythonPythonPythonPythonPythonPythonPythonPython
</correct>
      <stderr size="0"></stderr>
      <checker size="1239">Line 1 differs: output:
&gt;PhytonPhytonPhytonPhytonPhytonPhytonPhytonPhytonPhytonPhytonPhytonPhytonPhytonPhytonPhytonPhytonPhytonPhytonPhytonPhytonPhytonPhytonPhytonPhytonPhytonPhytonPhytonPhytonPhytonPhytonPhytonPhytonPhytonPhytonPhytonPhytonPhytonPhytonPhytonPhytonPhytonPhytonPhytonPhytonPhytonPhytonPhytonPhytonPhytonPhytonPhytonPhytonPhytonPhytonPhytonPhytonPhytonPhytonPhytonPhytonPhytonPhytonPhytonPhytonPhytonPhytonPhytonPhytonPhytonPhytonPhytonPhytonPhytonPhytonPhytonPhytonPhytonPhytonPhytonPhytonPhytonPhytonPhytonPhytonPhytonPhytonPhytonPhytonPhytonPhytonPhytonPhytonPhytonPhytonPhytonPhytonPhytonPhytonPhytonPhyton&lt;
correct:
&gt;PythonPythonPythonPythonPythonPythonPythonPythonPythonPythonPythonPythonPythonPythonPythonPythonPythonPythonPythonPythonPythonPythonPythonPythonPythonPythonPythonPythonPythonPythonPythonPythonPythonPythonPythonPythonPythonPythonPythonPythonPythonPythonPythonPythonPythonPythonPythonPythonPythonPythonPythonPythonPythonPythonPythonPythonPythonPythonPythonPythonPythonPythonPythonPythonPythonPythonPythonPythonPythonPythonPythonPythonPythonPythonPythonPythonPythonPythonPythonPythonPythonPythonPythonPythonPythonPythonPythonPythonPythonPythonPythonPythonPythonPythonPythonPythonPythonPythonPythonPython&lt;
</checker>
    </test>
  </tests>
</testing-report>
