Content-type: text/xml

<?xml version="1.0" encoding="utf-8"?>
<testing-report run-id="17" judge-id="17" status="WA" scoring="ACM" run-tests="1" contest-id="3208" real-time-available="yes" max-memory-used-available="yes" correct-available="yes" failed-test="1" time-limit-ms="2000" real-time-limit-ms="5000" marked-flag="no" >
  <uuid>0a5d7f39-d1f4-4f69-a6f7-68a3f03baa37</uuid>
  <host>localhost.localdomain</host>
  <cpu-model>Intel(R) Pentium(R) CPU 3550M @ 2.30GHz</cpu-model>
  <cpu-mhz>2294.738</cpu-mhz>
  <compiler_output></compiler_output>
  <tests>
    <test num="1" status="WA" time="26" real-time="28" max-memory-used="307200"  checker-comment="Line 1 differs: output: ?pythonpythonpythonpythonpythonpythonpythonpythonpythonpythonpythonpythonpythonpythonpythonpytho..." >
  <program-stats-str>{ utime=20, stime=6, ptime=26, rtime=28, maxvsz=307200, maxrss=6373376, nvcsw=1, nivcsw=4 }</program-stats-str>
  <checker-stats-str>{ utime=0, stime=0, ptime=0, rtime=1, maxvsz=307200, maxrss=2285568, nvcsw=1, nivcsw=1 }</checker-stats-str>
      <input size="1">
</input>
      <output size="601">pythonpythonpythonpythonpythonpythonpythonpythonpythonpythonpythonpythonpythonpythonpythonpythonpythonpythonpythonpythonpythonpythonpythonpythonpythonpythonpythonpythonpythonpythonpythonpythonpythonpythonpythonpythonpythonpythonpythonpythonpythonpythonpythonpythonpythonpythonpythonpythonpythonpythonpythonpythonpythonpythonpythonpythonpythonpythonpythonpythonpythonpythonpythonpythonpythonpythonpythonpythonpythonpythonpythonpythonpythonpythonpythonpythonpythonpythonpythonpythonpythonpythonpythonpythonpythonpythonpythonpythonpythonpythonpythonpythonpythonpythonpythonpythonpythonpythonpythonpython
</output>
      <correct size="601">PythonPythonPythonPythonPythonPythonPythonPythonPythonPythonPythonPythonPythonPythonPythonPythonPythonPythonPythonPythonPythonPythonPythonPythonPythonPythonPythonPythonPythonPythonPythonPythonPythonPythonPythonPythonPythonPythonPythonPythonPythonPythonPythonPythonPythonPythonPythonPythonPythonPythonPythonPythonPythonPythonPythonPythonPythonPythonPythonPythonPythonPythonPythonPythonPythonPythonPythonPythonPythonPythonPythonPythonPythonPythonPythonPythonPythonPythonPythonPythonPythonPythonPythonPythonPythonPythonPythonPythonPythonPythonPythonPythonPythonPythonPythonPythonPythonPythonPythonPython
</correct>
      <stderr size="0"></stderr>
      <checker size="1239">Line 1 differs: output:
&gt;pythonpythonpythonpythonpythonpythonpythonpythonpythonpythonpythonpythonpythonpythonpythonpythonpythonpythonpythonpythonpythonpythonpythonpythonpythonpythonpythonpythonpythonpythonpythonpythonpythonpythonpythonpythonpythonpythonpythonpythonpythonpythonpythonpythonpythonpythonpythonpythonpythonpythonpythonpythonpythonpythonpythonpythonpythonpythonpythonpythonpythonpythonpythonpythonpythonpythonpythonpythonpythonpythonpythonpythonpythonpythonpythonpythonpythonpythonpythonpythonpythonpythonpythonpythonpythonpythonpythonpythonpythonpythonpythonpythonpythonpythonpythonpythonpythonpythonpythonpython&lt;
correct:
&gt;PythonPythonPythonPythonPythonPythonPythonPythonPythonPythonPythonPythonPythonPythonPythonPythonPythonPythonPythonPythonPythonPythonPythonPythonPythonPythonPythonPythonPythonPythonPythonPythonPythonPythonPythonPythonPythonPythonPythonPythonPythonPythonPythonPythonPythonPythonPythonPythonPythonPythonPythonPythonPythonPythonPythonPythonPythonPythonPythonPythonPythonPythonPythonPythonPythonPythonPythonPythonPythonPythonPythonPythonPythonPythonPythonPythonPythonPythonPythonPythonPythonPythonPythonPythonPythonPythonPythonPythonPythonPythonPythonPythonPythonPythonPythonPythonPythonPythonPythonPython&lt;
</checker>
    </test>
  </tests>
</testing-report>
