Content-type: text/xml

<?xml version="1.0" encoding="utf-8"?>
<testing-report run-id="95" judge-id="95" status="PE" scoring="ACM" run-tests="1" contest-id="3208" real-time-available="yes" max-memory-used-available="yes" correct-available="yes" failed-test="1" time-limit-ms="2000" real-time-limit-ms="5000" marked-flag="no" >
  <uuid>51434a5a-b31f-4a48-b41a-11beb66a571d</uuid>
  <host>localhost.localdomain</host>
  <cpu-model>Intel(R) Pentium(R) CPU 3550M @ 2.30GHz</cpu-model>
  <cpu-mhz>2294.738</cpu-mhz>
  <compiler_output></compiler_output>
  <tests>
    <test num="1" status="PE" time="28" real-time="32" max-memory-used="307200"  checker-comment="user program output: output: cannot parse int64 value" >
  <program-stats-str>{ utime=25, stime=3, ptime=28, rtime=32, maxvsz=307200, maxrss=6365184, nvcsw=1, nivcsw=7 }</program-stats-str>
  <checker-stats-str>{ utime=0, stime=0, ptime=0, rtime=1, maxvsz=307200, maxrss=2621440, nvcsw=1, nivcsw=1 }</checker-stats-str>
      <input size="9">20
21
22
</input>
      <output size="600">PythonPythonPythonPythonPythonPythonPythonPythonPythonPythonPythonPythonPythonPythonPythonPythonPythonPythonPythonPythonPythonPythonPythonPythonPythonPythonPythonPythonPythonPythonPythonPythonPythonPythonPythonPythonPythonPythonPythonPythonPythonPythonPythonPythonPythonPythonPythonPythonPythonPythonPythonPythonPythonPythonPythonPythonPythonPythonPythonPythonPythonPythonPythonPythonPythonPythonPythonPythonPythonPythonPythonPythonPythonPythonPythonPythonPythonPythonPythonPythonPythonPythonPythonPythonPythonPythonPythonPythonPythonPythonPythonPythonPythonPythonPythonPythonPythonPythonPythonPython</output>
      <correct size="3">32
</correct>
      <stderr size="0"></stderr>
      <checker size="54">user program output: output: cannot parse int64 value
</checker>
    </test>
  </tests>
</testing-report>
