Content-type: text/xml

<?xml version="1.0" encoding="utf-8"?>
<testing-report run-id="45" judge-id="45" status="WA" scoring="ACM" run-tests="1" contest-id="3208" real-time-available="yes" max-memory-used-available="yes" correct-available="yes" failed-test="1" time-limit-ms="2000" real-time-limit-ms="5000" marked-flag="no" >
  <uuid>f70a1e44-db0d-406d-8a0b-fa9ee01a11c2</uuid>
  <host>localhost.localdomain</host>
  <cpu-model>Intel(R) Pentium(R) CPU 3550M @ 2.30GHz</cpu-model>
  <cpu-mhz>2294.738</cpu-mhz>
  <compiler_output></compiler_output>
  <tests>
    <test num="1" status="WA" time="28" real-time="33" max-memory-used="307200"  checker-comment="Line 1 differs: output: ?pythonpythonpythonpythonpythonpythonpythonpythonpythonpythonpythonpythonpythonpythonpythonpytho..." >
  <program-stats-str>{ utime=23, stime=5, ptime=28, rtime=33, maxvsz=307200, maxrss=6283264, nvcsw=1, nivcsw=9 }</program-stats-str>
  <checker-stats-str>{ utime=0, stime=1, ptime=1, rtime=3, maxvsz=307200, maxrss=2285568, nvcsw=1, nivcsw=1 }</checker-stats-str>
      <input size="1">
</input>
      <output size="595">pythonpythonpythonpythonpythonpythonpythonpythonpythonpythonpythonpythonpythonpythonpythonpythonpythonpythonpythonpythonpythonpythonpythonpythonpythonpythonpythonpythonpythonpythonpythonpythonpythonpythonpythonpythonpythonpythonpythonpythonpythonpythonpythonpythonpythonpythonpythonpythonpythonpythonpythonpythonpythonpythonpythonpythonpythonpythonpythonpythonpythonpythonpythonpythonpythonpythonpythonpythonpythonpythonpythonpythonpythonpythonpythonpythonpythonpythonpythonpythonpythonpythonpythonpythonpythonpythonpythonpythonpythonpythonpythonpythonpythonpythonpythonpythonpythonpythonpython
</output>
      <correct size="601">PythonPythonPythonPythonPythonPythonPythonPythonPythonPythonPythonPythonPythonPythonPythonPythonPythonPythonPythonPythonPythonPythonPythonPythonPythonPythonPythonPythonPythonPythonPythonPythonPythonPythonPythonPythonPythonPythonPythonPythonPythonPythonPythonPythonPythonPythonPythonPythonPythonPythonPythonPythonPythonPythonPythonPythonPythonPythonPythonPythonPythonPythonPythonPythonPythonPythonPythonPythonPythonPythonPythonPythonPythonPythonPythonPythonPythonPythonPythonPythonPythonPythonPythonPythonPythonPythonPythonPythonPythonPythonPythonPythonPythonPythonPythonPythonPythonPythonPythonPython
</correct>
      <stderr size="0"></stderr>
      <checker size="1233">Line 1 differs: output:
&gt;pythonpythonpythonpythonpythonpythonpythonpythonpythonpythonpythonpythonpythonpythonpythonpythonpythonpythonpythonpythonpythonpythonpythonpythonpythonpythonpythonpythonpythonpythonpythonpythonpythonpythonpythonpythonpythonpythonpythonpythonpythonpythonpythonpythonpythonpythonpythonpythonpythonpythonpythonpythonpythonpythonpythonpythonpythonpythonpythonpythonpythonpythonpythonpythonpythonpythonpythonpythonpythonpythonpythonpythonpythonpythonpythonpythonpythonpythonpythonpythonpythonpythonpythonpythonpythonpythonpythonpythonpythonpythonpythonpythonpythonpythonpythonpythonpythonpythonpython&lt;
correct:
&gt;PythonPythonPythonPythonPythonPythonPythonPythonPythonPythonPythonPythonPythonPythonPythonPythonPythonPythonPythonPythonPythonPythonPythonPythonPythonPythonPythonPythonPythonPythonPythonPythonPythonPythonPythonPythonPythonPythonPythonPythonPythonPythonPythonPythonPythonPythonPythonPythonPythonPythonPythonPythonPythonPythonPythonPythonPythonPythonPythonPythonPythonPythonPythonPythonPythonPythonPythonPythonPythonPythonPythonPythonPythonPythonPythonPythonPythonPythonPythonPythonPythonPythonPythonPythonPythonPythonPythonPythonPythonPythonPythonPythonPythonPythonPythonPythonPythonPythonPythonPython&lt;
</checker>
    </test>
  </tests>
</testing-report>
