Content-type: text/xml

<?xml version="1.0" encoding="utf-8"?>
<testing-report run-id="30" judge-id="30" status="WA" scoring="ACM" run-tests="1" contest-id="3208" real-time-available="yes" max-memory-used-available="yes" correct-available="yes" failed-test="1" time-limit-ms="2000" real-time-limit-ms="5000" marked-flag="no" >
  <uuid>5248c27d-183c-4465-9dd0-3dada3a61955</uuid>
  <host>localhost.localdomain</host>
  <cpu-model>Intel(R) Pentium(R) CPU 3550M @ 2.30GHz</cpu-model>
  <cpu-mhz>2294.738</cpu-mhz>
  <compiler_output></compiler_output>
  <tests>
    <test num="1" status="WA" time="28" real-time="33" max-memory-used="307200"  checker-comment="Answers do not match: output: 31, correct: 32" >
  <program-stats-str>{ utime=25, stime=3, ptime=28, rtime=33, maxvsz=307200, maxrss=6377472, nvcsw=1, nivcsw=8 }</program-stats-str>
  <checker-stats-str>{ utime=0, stime=0, ptime=0, rtime=1, maxvsz=307200, maxrss=2285568, nvcsw=1, nivcsw=1 }</checker-stats-str>
      <input size="9">20
21
22
</input>
      <output size="3">31
</output>
      <correct size="3">32
</correct>
      <stderr size="0"></stderr>
      <checker size="46">Answers do not match: output: 31, correct: 32
</checker>
    </test>
  </tests>
</testing-report>
