Content-type: text/xml

<?xml version="1.0" encoding="utf-8"?>
<testing-report run-id="159" judge-id="159" status="PE" scoring="ACM" run-tests="1" contest-id="3208" real-time-available="yes" max-memory-used-available="yes" correct-available="yes" failed-test="1" time-limit-ms="2000" real-time-limit-ms="5000" marked-flag="no" >
  <uuid>7d80b24f-9f6b-4706-85a3-d49f5d1b2a1d</uuid>
  <host>localhost.localdomain</host>
  <cpu-model>Intel(R) Pentium(R) CPU 3550M @ 2.30GHz</cpu-model>
  <cpu-mhz>2294.738</cpu-mhz>
  <compiler_output></compiler_output>
  <tests>
    <test num="1" status="PE" time="76" real-time="84" max-memory-used="30339072"  checker-comment="user program output: garbage where EOF expected" >
  <program-stats-str>{ utime=46, stime=30, ptime=76, rtime=84, maxvsz=30339072, maxrss=27201536, nvcsw=1, nivcsw=12 }</program-stats-str>
  <checker-stats-str>{ utime=0, stime=0, ptime=0, rtime=1, maxvsz=307200, maxrss=2621440, nvcsw=1, nivcsw=1 }</checker-stats-str>
      <input size="11">23
52
8
43
</input>
      <output size="7">188 16
</output>
      <correct size="2">8
</correct>
      <stderr size="61">Warning: cannot find your CPU L2 cache size in /proc/cpuinfo
</stderr>
      <checker size="48">user program output: garbage where EOF expected
</checker>
    </test>
  </tests>
</testing-report>
