Content-type: text/xml

<?xml version="1.0" encoding="utf-8"?>
<testing-report run-id="181" judge-id="181" status="WA" scoring="ACM" run-tests="1" contest-id="3208" real-time-available="yes" max-memory-used-available="yes" correct-available="yes" failed-test="1" time-limit-ms="2000" real-time-limit-ms="5000" marked-flag="no" >
  <uuid>30dfe71f-3a86-4982-9d0e-b3d40bf821bb</uuid>
  <host>localhost.localdomain</host>
  <cpu-model>Intel(R) Pentium(R) CPU 3550M @ 2.30GHz</cpu-model>
  <cpu-mhz>2294.738</cpu-mhz>
  <compiler_output></compiler_output>
  <tests>
    <test num="1" status="WA" time="27" real-time="126" max-memory-used="8118272"  checker-comment="Answers differ: [1]: output: 50, correct: 20" >
  <program-stats-str>{ utime=27, stime=0, ptime=27, rtime=126, maxvsz=8118272, maxrss=6205440, nvcsw=1, nivcsw=7 }</program-stats-str>
  <checker-stats-str>{ utime=0, stime=0, ptime=0, rtime=1, maxvsz=307200, maxrss=2625536, nvcsw=1, nivcsw=1 }</checker-stats-str>
      <input size="8">10
15
2
</input>
      <output size="3">50
</output>
      <correct size="6">20 30
</correct>
      <stderr size="0"></stderr>
      <checker size="45">Answers differ: [1]: output: 50, correct: 20
</checker>
    </test>
  </tests>
</testing-report>
