Content-type: text/xml

<?xml version="1.0" encoding="utf-8"?>
<testing-report run-id="182" judge-id="182" status="OK" scoring="ACM" run-tests="10" contest-id="3208" real-time-available="yes" max-memory-used-available="yes" correct-available="yes" time-limit-ms="2000" real-time-limit-ms="5000" marked-flag="no" >
  <uuid>c329c850-735c-49ea-98fe-81532c767ea4</uuid>
  <host>localhost.localdomain</host>
  <cpu-model>Intel(R) Pentium(R) CPU 3550M @ 2.30GHz</cpu-model>
  <cpu-mhz>2294.738</cpu-mhz>
  <compiler_output></compiler_output>
  <tests>
    <test num="1" status="OK" time="28" real-time="119" max-memory-used="8785920"  checker-comment="OK" >
  <program-stats-str>{ utime=28, stime=0, ptime=28, rtime=119, maxvsz=8785920, maxrss=6295552, nvcsw=1, nivcsw=8 }</program-stats-str>
  <checker-stats-str>{ utime=0, stime=0, ptime=0, rtime=1, maxvsz=307200, maxrss=2625536, nvcsw=1, nivcsw=1 }</checker-stats-str>
      <input size="10">1 2 3 4 5
</input>
      <output size="10">2 1 4 3 5
</output>
      <correct size="11">2 1 4 3 5 
</correct>
      <stderr size="0"></stderr>
      <checker size="3">OK
</checker>
    </test>
    <test num="2" status="OK" time="26" real-time="27" max-memory-used="307200"  checker-comment="OK" >
  <program-stats-str>{ utime=26, stime=0, ptime=26, rtime=27, maxvsz=307200, maxrss=6098944, nvcsw=1, nivcsw=3 }</program-stats-str>
  <checker-stats-str>{ utime=0, stime=0, ptime=0, rtime=2, maxvsz=307200, maxrss=2625536, nvcsw=1, nivcsw=1 }</checker-stats-str>
      <input size="12">4 5 3 4 2 3
</input>
      <output size="12">5 4 4 3 3 2
</output>
      <correct size="13">5 4 4 3 3 2 
</correct>
      <stderr size="0"></stderr>
      <checker size="3">OK
</checker>
    </test>
    <test num="3" status="OK" time="27" real-time="122" max-memory-used="8523776"  checker-comment="OK" >
  <program-stats-str>{ utime=24, stime=3, ptime=27, rtime=122, maxvsz=8523776, maxrss=6344704, nvcsw=1, nivcsw=7 }</program-stats-str>
  <checker-stats-str>{ utime=0, stime=0, ptime=0, rtime=1, maxvsz=307200, maxrss=2625536, nvcsw=1, nivcsw=1 }</checker-stats-str>
      <input size="10">9 4 5 2 3
</input>
      <output size="10">4 9 2 5 3
</output>
      <correct size="11">4 9 2 5 3 
</correct>
      <stderr size="0"></stderr>
      <checker size="3">OK
</checker>
    </test>
    <test num="4" status="OK" time="27" real-time="30" max-memory-used="307200"  checker-comment="OK" >
  <program-stats-str>{ utime=23, stime=4, ptime=27, rtime=30, maxvsz=307200, maxrss=6111232, nvcsw=1, nivcsw=6 }</program-stats-str>
  <checker-stats-str>{ utime=0, stime=0, ptime=0, rtime=1, maxvsz=307200, maxrss=2625536, nvcsw=1, nivcsw=1 }</checker-stats-str>
      <input size="2">6
</input>
      <output size="2">6
</output>
      <correct size="3">6 
</correct>
      <stderr size="0"></stderr>
      <checker size="3">OK
</checker>
    </test>
    <test num="5" status="OK" time="27" real-time="29" max-memory-used="307200"  checker-comment="OK" >
  <program-stats-str>{ utime=24, stime=3, ptime=27, rtime=29, maxvsz=307200, maxrss=6246400, nvcsw=1, nivcsw=4 }</program-stats-str>
  <checker-stats-str>{ utime=0, stime=0, ptime=0, rtime=1, maxvsz=307200, maxrss=2625536, nvcsw=1, nivcsw=1 }</checker-stats-str>
      <input size="4">7 8
</input>
      <output size="4">8 7
</output>
      <correct size="5">8 7 
</correct>
      <stderr size="0"></stderr>
      <checker size="3">OK
</checker>
    </test>
    <test num="6" status="OK" time="29" real-time="34" max-memory-used="307200"  checker-comment="OK" >
  <program-stats-str>{ utime=28, stime=1, ptime=29, rtime=34, maxvsz=307200, maxrss=6152192, nvcsw=1, nivcsw=10 }</program-stats-str>
  <checker-stats-str>{ utime=0, stime=0, ptime=0, rtime=1, maxvsz=307200, maxrss=2625536, nvcsw=1, nivcsw=1 }</checker-stats-str>
      <input size="6">1 2 3
</input>
      <output size="6">2 1 3
</output>
      <correct size="7">2 1 3 
</correct>
      <stderr size="0"></stderr>
      <checker size="3">OK
</checker>
    </test>
    <test num="7" status="OK" time="26" real-time="28" max-memory-used="307200"  checker-comment="OK" >
  <program-stats-str>{ utime=20, stime=6, ptime=26, rtime=28, maxvsz=307200, maxrss=6205440, nvcsw=1, nivcsw=3 }</program-stats-str>
  <checker-stats-str>{ utime=0, stime=0, ptime=0, rtime=2, maxvsz=307200, maxrss=2625536, nvcsw=1, nivcsw=1 }</checker-stats-str>
      <input size="11">90 45 3 43
</input>
      <output size="11">45 90 43 3
</output>
      <correct size="12">45 90 43 3 
</correct>
      <stderr size="0"></stderr>
      <checker size="3">OK
</checker>
    </test>
    <test num="8" status="OK" time="27" real-time="29" max-memory-used="307200"  checker-comment="OK" >
  <program-stats-str>{ utime=25, stime=2, ptime=27, rtime=29, maxvsz=307200, maxrss=6205440, nvcsw=1, nivcsw=5 }</program-stats-str>
  <checker-stats-str>{ utime=0, stime=0, ptime=0, rtime=1, maxvsz=307200, maxrss=2625536, nvcsw=1, nivcsw=1 }</checker-stats-str>
      <input size="35">40 64 -80 -98 -68 56 85 87 -68 -78
</input>
      <output size="35">64 40 -98 -80 56 -68 87 85 -78 -68
</output>
      <correct size="36">64 40 -98 -80 56 -68 87 85 -78 -68 
</correct>
      <stderr size="0"></stderr>
      <checker size="3">OK
</checker>
    </test>
    <test num="9" status="OK" time="26" real-time="28" max-memory-used="307200"  checker-comment="OK" >
  <program-stats-str>{ utime=22, stime=4, ptime=26, rtime=28, maxvsz=307200, maxrss=6246400, nvcsw=1, nivcsw=3 }</program-stats-str>
  <checker-stats-str>{ utime=0, stime=0, ptime=0, rtime=2, maxvsz=307200, maxrss=2625536, nvcsw=1, nivcsw=1 }</checker-stats-str>
      <input size="67">-1 -11 -40 3 -47 -37 -18 -100 6 -29 14 -1 -89 -20 -36 7 5 78 -5 85
</input>
      <output size="67">-11 -1 3 -40 -37 -47 -100 -18 -29 6 -1 14 -20 -89 7 -36 78 5 85 -5
</output>
      <correct size="68">-11 -1 3 -40 -37 -47 -100 -18 -29 6 -1 14 -20 -89 7 -36 78 5 85 -5 
</correct>
      <stderr size="0"></stderr>
      <checker size="3">OK
</checker>
    </test>
    <test num="10" status="OK" time="26" real-time="28" max-memory-used="307200"  checker-comment="OK" >
  <program-stats-str>{ utime=22, stime=4, ptime=26, rtime=28, maxvsz=307200, maxrss=6107136, nvcsw=1, nivcsw=5 }</program-stats-str>
  <checker-stats-str>{ utime=0, stime=0, ptime=0, rtime=2, maxvsz=307200, maxrss=2625536, nvcsw=1, nivcsw=1 }</checker-stats-str>
      <input size="117">-46 35 72 -79 38 -32 1 23 -84 -84 50 -46 -57 -44 72 33 91 -6 88 91 -12 -76 -78 95 63 45 54 13 58 -19 30 48 -98 37 97
</input>
      <output size="117">35 -46 -79 72 -32 38 23 1 -84 -84 -46 50 -44 -57 33 72 -6 91 91 88 -76 -12 95 -78 45 63 13 54 -19 58 48 30 37 -98 97
</output>
      <correct size="118">35 -46 -79 72 -32 38 23 1 -84 -84 -46 50 -44 -57 33 72 -6 91 91 88 -76 -12 95 -78 45 63 13 54 -19 58 48 30 37 -98 97 
</correct>
      <stderr size="0"></stderr>
      <checker size="3">OK
</checker>
    </test>
  </tests>
</testing-report>
