Content-type: text/xml

<?xml version="1.0" encoding="utf-8"?>
<testing-report run-id="102" judge-id="102" status="OK" scoring="ACM" run-tests="10" contest-id="3208" real-time-available="yes" max-memory-used-available="yes" correct-available="yes" time-limit-ms="2000" real-time-limit-ms="5000" marked-flag="no" >
  <uuid>50ec7386-dde7-482a-bb23-df0bc51dd31b</uuid>
  <host>localhost.localdomain</host>
  <cpu-model>Intel(R) Pentium(R) CPU 3550M @ 2.30GHz</cpu-model>
  <cpu-mhz>2294.738</cpu-mhz>
  <compiler_output></compiler_output>
  <tests>
    <test num="1" status="OK" time="28" real-time="217" max-memory-used="9003008"  checker-comment="OK" >
  <program-stats-str>{ utime=17, stime=11, ptime=28, rtime=217, maxvsz=9003008, maxrss=6385664, nvcsw=2, nivcsw=4 }</program-stats-str>
  <checker-stats-str>{ utime=0, stime=0, ptime=0, rtime=1, maxvsz=307200, maxrss=2621440, nvcsw=1, nivcsw=1 }</checker-stats-str>
      <input size="8">10
15
2
</input>
      <output size="6">20 30
</output>
      <correct size="6">20 30
</correct>
      <stderr size="0"></stderr>
      <checker size="3">OK
</checker>
    </test>
    <test num="2" status="OK" time="28" real-time="31" max-memory-used="307200"  checker-comment="OK" >
  <program-stats-str>{ utime=21, stime=7, ptime=28, rtime=31, maxvsz=307200, maxrss=6303744, nvcsw=1, nivcsw=4 }</program-stats-str>
  <checker-stats-str>{ utime=0, stime=0, ptime=0, rtime=2, maxvsz=307200, maxrss=2621440, nvcsw=1, nivcsw=1 }</checker-stats-str>
      <input size="7">2
50
4
</input>
      <output size="5">10 0
</output>
      <correct size="5">10 0
</correct>
      <stderr size="0"></stderr>
      <checker size="3">OK
</checker>
    </test>
    <test num="3" status="OK" time="27" real-time="32" max-memory-used="307200"  checker-comment="OK" >
  <program-stats-str>{ utime=24, stime=3, ptime=27, rtime=32, maxvsz=307200, maxrss=6303744, nvcsw=1, nivcsw=8 }</program-stats-str>
  <checker-stats-str>{ utime=0, stime=0, ptime=0, rtime=1, maxvsz=307200, maxrss=2621440, nvcsw=1, nivcsw=1 }</checker-stats-str>
      <input size="13">3000
99
3000
</input>
      <output size="10">9002970 0
</output>
      <correct size="10">9002970 0
</correct>
      <stderr size="0"></stderr>
      <checker size="3">OK
</checker>
    </test>
    <test num="4" status="OK" time="28" real-time="31" max-memory-used="307200"  checker-comment="OK" >
  <program-stats-str>{ utime=21, stime=7, ptime=28, rtime=31, maxvsz=307200, maxrss=6299648, nvcsw=1, nivcsw=6 }</program-stats-str>
  <checker-stats-str>{ utime=0, stime=0, ptime=0, rtime=1, maxvsz=307200, maxrss=2621440, nvcsw=1, nivcsw=1 }</checker-stats-str>
      <input size="13">2029
34
1848
</input>
      <output size="11">3750220 32
</output>
      <correct size="11">3750220 32
</correct>
      <stderr size="0"></stderr>
      <checker size="3">OK
</checker>
    </test>
    <test num="5" status="OK" time="27" real-time="31" max-memory-used="307200"  checker-comment="OK" >
  <program-stats-str>{ utime=19, stime=8, ptime=27, rtime=31, maxvsz=307200, maxrss=6381568, nvcsw=1, nivcsw=5 }</program-stats-str>
  <checker-stats-str>{ utime=0, stime=0, ptime=0, rtime=2, maxvsz=307200, maxrss=2621440, nvcsw=1, nivcsw=1 }</checker-stats-str>
      <input size="12">1886
73
295
</input>
      <output size="10">556585 35
</output>
      <correct size="10">556585 35
</correct>
      <stderr size="0"></stderr>
      <checker size="3">OK
</checker>
    </test>
    <test num="6" status="OK" time="27" real-time="30" max-memory-used="307200"  checker-comment="OK" >
  <program-stats-str>{ utime=23, stime=4, ptime=27, rtime=30, maxvsz=307200, maxrss=6369280, nvcsw=1, nivcsw=6 }</program-stats-str>
  <checker-stats-str>{ utime=0, stime=0, ptime=0, rtime=2, maxvsz=307200, maxrss=2621440, nvcsw=1, nivcsw=1 }</checker-stats-str>
      <input size="13">1069
40
1967
</input>
      <output size="11">2103509 80
</output>
      <correct size="11">2103509 80
</correct>
      <stderr size="0"></stderr>
      <checker size="3">OK
</checker>
    </test>
    <test num="7" status="OK" time="28" real-time="33" max-memory-used="307200"  checker-comment="OK" >
  <program-stats-str>{ utime=28, stime=0, ptime=28, rtime=33, maxvsz=307200, maxrss=6365184, nvcsw=1, nivcsw=5 }</program-stats-str>
  <checker-stats-str>{ utime=0, stime=0, ptime=0, rtime=2, maxvsz=307200, maxrss=2621440, nvcsw=1, nivcsw=1 }</checker-stats-str>
      <input size="11">905
79
496
</input>
      <output size="10">449271 84
</output>
      <correct size="10">449271 84
</correct>
      <stderr size="0"></stderr>
      <checker size="3">OK
</checker>
    </test>
    <test num="8" status="OK" time="29" real-time="34" max-memory-used="307200"  checker-comment="OK" >
  <program-stats-str>{ utime=23, stime=6, ptime=29, rtime=34, maxvsz=307200, maxrss=6115328, nvcsw=1, nivcsw=9 }</program-stats-str>
  <checker-stats-str>{ utime=0, stime=0, ptime=0, rtime=1, maxvsz=307200, maxrss=2621440, nvcsw=1, nivcsw=1 }</checker-stats-str>
      <input size="12">1967
91
926
</input>
      <output size="11">1822284 66
</output>
      <correct size="11">1822284 66
</correct>
      <stderr size="0"></stderr>
      <checker size="3">OK
</checker>
    </test>
    <test num="9" status="OK" time="27" real-time="30" max-memory-used="307200"  checker-comment="OK" >
  <program-stats-str>{ utime=13, stime=14, ptime=27, rtime=30, maxvsz=307200, maxrss=6045696, nvcsw=1, nivcsw=5 }</program-stats-str>
  <checker-stats-str>{ utime=0, stime=0, ptime=0, rtime=1, maxvsz=307200, maxrss=2621440, nvcsw=1, nivcsw=1 }</checker-stats-str>
      <input size="13">2255
76
1090
</input>
      <output size="11">2458778 40
</output>
      <correct size="11">2458778 40
</correct>
      <stderr size="0"></stderr>
      <checker size="3">OK
</checker>
    </test>
    <test num="10" status="OK" time="28" real-time="30" max-memory-used="307200"  checker-comment="OK" >
  <program-stats-str>{ utime=26, stime=2, ptime=28, rtime=30, maxvsz=307200, maxrss=6107136, nvcsw=1, nivcsw=6 }</program-stats-str>
  <checker-stats-str>{ utime=0, stime=0, ptime=0, rtime=2, maxvsz=307200, maxrss=2621440, nvcsw=1, nivcsw=1 }</checker-stats-str>
      <input size="12">2435
6
1965
</input>
      <output size="11">4784892 90
</output>
      <correct size="11">4784892 90
</correct>
      <stderr size="0"></stderr>
      <checker size="3">OK
</checker>
    </test>
  </tests>
</testing-report>
