Content-type: text/xml

<?xml version="1.0" encoding="utf-8"?>
<testing-report run-id="192" judge-id="192" status="SE" scoring="ACM" run-tests="1" contest-id="3208" real-time-available="yes" max-memory-used-available="yes" correct-available="yes" failed-test="1" time-limit-ms="2000" real-time-limit-ms="5000" marked-flag="no" >
  <uuid>fd111ae3-ed8b-4ba1-ae46-7f40b6816f13</uuid>
  <host>localhost.localdomain</host>
  <cpu-model>Intel(R) Pentium(R) CPU 3550M @ 2.30GHz</cpu-model>
  <cpu-mhz>2294.738</cpu-mhz>
  <compiler_output></compiler_output>
  <tests>
    <test num="1" status="SE" time="289" real-time="304" max-memory-used="18698240" >
  <program-stats-str>{ utime=226, stime=63, ptime=289, rtime=304, maxvsz=18698240, maxrss=19169280, nvcsw=1, nivcsw=43 }</program-stats-str>
      <input size="8">10
15
2
</input>
      <output size="0"></output>
      <stderr size="276">Can't open '/usr/share/abrt/conf.d/plugins/python3.conf': Operation not permitted
Can't open '/etc/abrt/plugins/python3.conf': Operation not permitted
Traceback (most recent call last):
  File &quot;./000192&quot;, line 9, in &lt;module&gt;
    if b*n&lt;100:
NameError: name 'b' is not defined
</stderr>
    </test>
  </tests>
</testing-report>
