Content-type: text/xml

<?xml version="1.0" encoding="utf-8"?>
<testing-report run-id="193" judge-id="193" status="SE" scoring="ACM" run-tests="1" contest-id="3208" real-time-available="yes" max-memory-used-available="yes" correct-available="yes" failed-test="1" time-limit-ms="2000" real-time-limit-ms="5000" marked-flag="no" >
  <uuid>adb1933a-c92d-4bb0-9c82-c90ad25de401</uuid>
  <host>localhost.localdomain</host>
  <cpu-model>Intel(R) Pentium(R) CPU 3550M @ 2.30GHz</cpu-model>
  <cpu-mhz>2294.738</cpu-mhz>
  <compiler_output></compiler_output>
  <tests>
    <test num="1" status="SE" time="285" real-time="300" max-memory-used="18698240" >
  <program-stats-str>{ utime=210, stime=75, ptime=285, rtime=300, maxvsz=18698240, maxrss=19435520, nvcsw=1, nivcsw=36 }</program-stats-str>
      <input size="8">10
15
2
</input>
      <output size="0"></output>
      <stderr size="276">Can't open '/usr/share/abrt/conf.d/plugins/python3.conf': Operation not permitted
Can't open '/etc/abrt/plugins/python3.conf': Operation not permitted
Traceback (most recent call last):
  File &quot;./000193&quot;, line 9, in &lt;module&gt;
    if s*n&lt;100:
NameError: name 'n' is not defined
</stderr>
    </test>
  </tests>
</testing-report>
