Content-type: text/xml

<?xml version="1.0" encoding="utf-8"?>
<testing-report run-id="166" judge-id="166" status="RT" scoring="ACM" run-tests="1" contest-id="3208" real-time-available="yes" max-memory-used-available="yes" correct-available="yes" failed-test="1" time-limit-ms="2000" real-time-limit-ms="5000" marked-flag="no" >
  <uuid>b160b43e-3420-4e88-9d70-b1a04003b60c</uuid>
  <host>localhost.localdomain</host>
  <cpu-model>Intel(R) Pentium(R) CPU 3550M @ 2.30GHz</cpu-model>
  <cpu-mhz>2294.738</cpu-mhz>
  <compiler_output></compiler_output>
  <tests>
    <test num="1" status="RT" exit-code="1" time="14" real-time="14" max-memory-used="307200" >
  <program-stats-str>{ utime=14, stime=0, ptime=14, rtime=14, maxvsz=307200, maxrss=5308416, nvcsw=1, nivcsw=2 }</program-stats-str>
      <input size="6">1+1=2
</input>
      <output size="0"></output>
      <stderr size="186">Traceback (most recent call last):
  File &quot;./000166&quot;, line 4, in &lt;module&gt;
    print(input().replace('1', 'one'))
  File &quot;&lt;string&gt;&quot;, line 1
    1+1=2
       ^
SyntaxError: invalid syntax
</stderr>
    </test>
  </tests>
</testing-report>
