Content-type: text/xml

<?xml version="1.0" encoding="utf-8"?>
<testing-report run-id="222" judge-id="222" status="SE" scoring="ACM" run-tests="2" contest-id="3208" real-time-available="yes" max-memory-used-available="yes" correct-available="yes" failed-test="2" time-limit-ms="2000" real-time-limit-ms="5000" marked-flag="no" >
  <uuid>21b433c9-7848-4fe6-bbbc-c76b9a49bd3c</uuid>
  <host>localhost.localdomain</host>
  <cpu-model>Intel(R) Pentium(R) CPU 3550M @ 2.30GHz</cpu-model>
  <cpu-mhz>2294.738</cpu-mhz>
  <compiler_output></compiler_output>
  <tests>
    <test num="1" status="OK" time="26" real-time="28" max-memory-used="307200"  checker-comment="OK" >
  <program-stats-str>{ utime=23, stime=3, ptime=26, rtime=28, maxvsz=307200, maxrss=6295552, nvcsw=1, nivcsw=3 }</program-stats-str>
  <checker-stats-str>{ utime=0, stime=0, ptime=0, rtime=1, maxvsz=307200, maxrss=2654208, nvcsw=1, nivcsw=1 }</checker-stats-str>
      <input size="8">10
15
2
</input>
      <output size="6">20
30
</output>
      <correct size="6">20 30
</correct>
      <stderr size="0"></stderr>
      <checker size="3">OK
</checker>
    </test>
    <test num="2" status="SE" time="294" real-time="490" max-memory-used="32264192" >
  <program-stats-str>{ utime=249, stime=45, ptime=294, rtime=490, maxvsz=32264192, maxrss=19468288, nvcsw=1, nivcsw=55 }</program-stats-str>
      <input size="7">2
50
4
</input>
      <output size="0"></output>
      <stderr size="285">Can't open '/usr/share/abrt/conf.d/plugins/python3.conf': Operation not permitted
Can't open '/etc/abrt/plugins/python3.conf': Operation not permitted
Traceback (most recent call last):
  File &quot;./000222&quot;, line 13, in &lt;module&gt;
    print(d//100,d%100)
NameError: name 'd' is not defined
</stderr>
    </test>
  </tests>
</testing-report>
