Content-type: text/xml

<?xml version="1.0" encoding="utf-8"?>
<testing-report run-id="251" judge-id="251" status="WA" scoring="ACM" run-tests="1" contest-id="3208" real-time-available="yes" max-memory-used-available="yes" correct-available="yes" failed-test="1" time-limit-ms="2000" real-time-limit-ms="5000" marked-flag="no" >
  <uuid>3032dbb8-9fdd-4138-a7bd-139b6b33ac43</uuid>
  <host>localhost.localdomain</host>
  <cpu-model>Intel(R) Pentium(R) CPU 3550M @ 2.30GHz</cpu-model>
  <cpu-mhz>2294.738</cpu-mhz>
  <compiler_output></compiler_output>
  <tests>
    <test num="1" status="WA" time="27" real-time="28" max-memory-used="307200"  checker-comment="Answers differ: [1]: output: 5, correct: 2" >
  <program-stats-str>{ utime=23, stime=4, ptime=27, rtime=28, maxvsz=307200, maxrss=6283264, nvcsw=1, nivcsw=5 }</program-stats-str>
  <checker-stats-str>{ utime=0, stime=0, ptime=0, rtime=1, maxvsz=307200, maxrss=2654208, nvcsw=1, nivcsw=1 }</checker-stats-str>
      <input size="10">1 2 3 4 5
</input>
      <output size="10">5 4 3 2 1
</output>
      <correct size="11">2 1 4 3 5 
</correct>
      <stderr size="0"></stderr>
      <checker size="43">Answers differ: [1]: output: 5, correct: 2
</checker>
    </test>
  </tests>
</testing-report>
