Content-type: text/xml

<?xml version="1.0" encoding="utf-8"?>
<testing-report run-id="225" judge-id="225" status="WA" scoring="ACM" run-tests="2" contest-id="3208" real-time-available="yes" max-memory-used-available="yes" correct-available="yes" failed-test="2" time-limit-ms="2000" real-time-limit-ms="5000" marked-flag="no" >
  <uuid>6e3f8462-afb3-4e20-a167-03e829b62efc</uuid>
  <host>localhost.localdomain</host>
  <cpu-model>Intel(R) Pentium(R) CPU 3550M @ 2.30GHz</cpu-model>
  <cpu-mhz>2294.738</cpu-mhz>
  <compiler_output></compiler_output>
  <tests>
    <test num="1" status="OK" time="30" real-time="119" max-memory-used="8785920"  checker-comment="OK" >
  <program-stats-str>{ utime=22, stime=8, ptime=30, rtime=119, maxvsz=8785920, maxrss=6160384, nvcsw=1, nivcsw=7 }</program-stats-str>
  <checker-stats-str>{ utime=0, stime=0, ptime=0, rtime=1, maxvsz=307200, maxrss=2654208, nvcsw=1, nivcsw=1 }</checker-stats-str>
      <input size="2">1
</input>
      <output size="2">1
</output>
      <correct size="2">1
</correct>
      <stderr size="0"></stderr>
      <checker size="3">OK
</checker>
    </test>
    <test num="2" status="WA" time="26" real-time="28" max-memory-used="307200"  checker-comment="Answers do not match: output: 3, correct: 9" >
  <program-stats-str>{ utime=23, stime=3, ptime=26, rtime=28, maxvsz=307200, maxrss=6373376, nvcsw=1, nivcsw=5 }</program-stats-str>
  <checker-stats-str>{ utime=0, stime=0, ptime=0, rtime=1, maxvsz=307200, maxrss=2654208, nvcsw=1, nivcsw=1 }</checker-stats-str>
      <input size="2">2
</input>
      <output size="2">3
</output>
      <correct size="2">9
</correct>
      <stderr size="0"></stderr>
      <checker size="44">Answers do not match: output: 3, correct: 9
</checker>
    </test>
  </tests>
</testing-report>
