Content-type: text/xml

<?xml version="1.0" encoding="utf-8"?>
<testing-report run-id="255" judge-id="255" status="SE" scoring="ACM" run-tests="1" contest-id="3208" real-time-available="yes" max-memory-used-available="yes" correct-available="yes" failed-test="1" time-limit-ms="2000" real-time-limit-ms="5000" marked-flag="no" >
  <uuid>27a31c73-11cb-453e-ae63-3fe8c074a1d2</uuid>
  <host>localhost.localdomain</host>
  <cpu-model>Intel(R) Pentium(R) CPU 3550M @ 2.30GHz</cpu-model>
  <cpu-mhz>2294.738</cpu-mhz>
  <compiler_output></compiler_output>
  <tests>
    <test num="1" status="SE" time="286" real-time="315" max-memory-used="32251904" >
  <program-stats-str>{ utime=242, stime=44, ptime=286, rtime=315, maxvsz=32251904, maxrss=19431424, nvcsw=1, nivcsw=50 }</program-stats-str>
      <input size="9">20
21
22
</input>
      <output size="0"></output>
      <stderr size="237">Can't open '/usr/share/abrt/conf.d/plugins/python3.conf': Operation not permitted
Can't open '/etc/abrt/plugins/python3.conf': Operation not permitted
  File &quot;./000255&quot;, line 11
    else (k+1)%2=0:
         ^
SyntaxError: invalid syntax
</stderr>
    </test>
  </tests>
</testing-report>
