Content-type: text/xml

<?xml version="1.0" encoding="utf-8"?>
<testing-report run-id="288" judge-id="7" status="WA" scoring="ACM" run-tests="2" contest-id="3208" real-time-available="yes" max-memory-used-available="yes" correct-available="yes" failed-test="2" time-limit-ms="2000" real-time-limit-ms="5000" marked-flag="no" >
  <uuid>881258de-6a06-424b-9341-06f735341719</uuid>
  <host>localhost.localdomain</host>
  <cpu-model>Intel(R) Pentium(R) CPU 3550M @ 2.30GHz</cpu-model>
  <cpu-mhz>2294.738</cpu-mhz>
  <compiler_output></compiler_output>
  <tests>
    <test num="1" status="OK" time="26" real-time="28" max-memory-used="307200"  checker-comment="OK" >
  <program-stats-str>{ utime=20, stime=6, ptime=26, rtime=28, maxvsz=307200, maxrss=6066176, nvcsw=1, nivcsw=6 }</program-stats-str>
  <checker-stats-str>{ utime=0, stime=0, ptime=0, rtime=1, maxvsz=307200, maxrss=2654208, nvcsw=1, nivcsw=2 }</checker-stats-str>
      <input size="9">20
21
22
</input>
      <output size="3">32
</output>
      <correct size="3">32
</correct>
      <stderr size="0"></stderr>
      <checker size="3">OK
</checker>
    </test>
    <test num="2" status="WA" time="26" real-time="34" max-memory-used="307200"  checker-comment="Answers do not match: output: 28, correct: 27" >
  <program-stats-str>{ utime=16, stime=10, ptime=26, rtime=34, maxvsz=307200, maxrss=6123520, nvcsw=1, nivcsw=6 }</program-stats-str>
  <checker-stats-str>{ utime=0, stime=0, ptime=0, rtime=1, maxvsz=307200, maxrss=2654208, nvcsw=1, nivcsw=1 }</checker-stats-str>
      <input size="9">16
18
20
</input>
      <output size="3">28
</output>
      <correct size="3">27
</correct>
      <stderr size="0"></stderr>
      <checker size="46">Answers do not match: output: 28, correct: 27
</checker>
    </test>
  </tests>
</testing-report>
