Content-type: text/xml

<?xml version="1.0" encoding="utf-8"?>
<testing-report run-id="264" judge-id="264" status="SE" scoring="ACM" run-tests="1" contest-id="3208" real-time-available="yes" max-memory-used-available="yes" correct-available="yes" failed-test="1" time-limit-ms="2000" real-time-limit-ms="5000" marked-flag="no" >
  <uuid>168b0c72-bb59-4898-ac10-978973f4af5a</uuid>
  <host>localhost.localdomain</host>
  <cpu-model>Intel(R) Pentium(R) CPU 3550M @ 2.30GHz</cpu-model>
  <cpu-mhz>2294.738</cpu-mhz>
  <compiler_output></compiler_output>
  <tests>
    <test num="1" status="SE" time="286" real-time="401" max-memory-used="29560832" >
  <program-stats-str>{ utime=238, stime=48, ptime=286, rtime=401, maxvsz=29560832, maxrss=19447808, nvcsw=1, nivcsw=47 }</program-stats-str>
      <input size="6">1+1=2
</input>
      <output size="0"></output>
      <stderr size="262">Can't open '/usr/share/abrt/conf.d/plugins/python3.conf': Operation not permitted
Can't open '/etc/abrt/plugins/python3.conf': Operation not permitted
  File &quot;./000264&quot;, line 5
    
                                    ^
SyntaxError: unexpected EOF while parsing
</stderr>
    </test>
  </tests>
</testing-report>
