Content-type: text/xml

<?xml version="1.0" encoding="utf-8"?>
<testing-report run-id="204" judge-id="204" status="PE" scoring="ACM" run-tests="1" contest-id="3208" real-time-available="yes" max-memory-used-available="yes" correct-available="yes" failed-test="1" time-limit-ms="2000" real-time-limit-ms="5000" marked-flag="no" >
  <uuid>4524a879-aacc-4080-bd33-49cd47745be9</uuid>
  <host>localhost.localdomain</host>
  <cpu-model>Intel(R) Pentium(R) CPU 3550M @ 2.30GHz</cpu-model>
  <cpu-mhz>2294.738</cpu-mhz>
  <compiler_output></compiler_output>
  <tests>
    <test num="1" status="PE" time="27" real-time="29" max-memory-used="307200"  checker-comment="user program output: [1]: cannot parse int64 value" >
  <program-stats-str>{ utime=24, stime=3, ptime=27, rtime=29, maxvsz=307200, maxrss=6180864, nvcsw=1, nivcsw=3 }</program-stats-str>
  <checker-stats-str>{ utime=0, stime=0, ptime=0, rtime=2, maxvsz=307200, maxrss=2625536, nvcsw=1, nivcsw=1 }</checker-stats-str>
      <input size="10">1 2 3 4 5
</input>
      <output size="16">[5, 4, 3, 2, 1]
</output>
      <correct size="11">5 4 3 2 1 
</correct>
      <stderr size="0"></stderr>
      <checker size="51">user program output: [1]: cannot parse int64 value
</checker>
    </test>
  </tests>
</testing-report>
