Content-type: text/xml

<?xml version="1.0" encoding="utf-8"?>
<testing-report run-id="215" judge-id="215" status="WA" scoring="ACM" run-tests="2" contest-id="3208" real-time-available="yes" max-memory-used-available="yes" correct-available="yes" failed-test="2" time-limit-ms="2000" real-time-limit-ms="5000" marked-flag="no" >
  <uuid>f4776632-b34a-43b8-85a6-027ffc9bdeea</uuid>
  <host>localhost.localdomain</host>
  <cpu-model>Intel(R) Pentium(R) CPU 3550M @ 2.30GHz</cpu-model>
  <cpu-mhz>2294.738</cpu-mhz>
  <compiler_output></compiler_output>
  <tests>
    <test num="1" status="OK" time="27" real-time="28" max-memory-used="307200"  checker-comment="OK" >
  <program-stats-str>{ utime=22, stime=5, ptime=27, rtime=28, maxvsz=307200, maxrss=6352896, nvcsw=1, nivcsw=4 }</program-stats-str>
  <checker-stats-str>{ utime=0, stime=0, ptime=0, rtime=1, maxvsz=307200, maxrss=2654208, nvcsw=1, nivcsw=2 }</checker-stats-str>
      <input size="8">10
15
2
</input>
      <output size="6">20
30
</output>
      <correct size="6">20 30
</correct>
      <stderr size="0"></stderr>
      <checker size="3">OK
</checker>
    </test>
    <test num="2" status="WA" time="26" real-time="29" max-memory-used="307200"  checker-comment="Answers differ: [1]: output: 0, correct: 10" >
  <program-stats-str>{ utime=24, stime=2, ptime=26, rtime=29, maxvsz=307200, maxrss=6070272, nvcsw=1, nivcsw=5 }</program-stats-str>
  <checker-stats-str>{ utime=0, stime=0, ptime=0, rtime=1, maxvsz=307200, maxrss=2654208, nvcsw=1, nivcsw=1 }</checker-stats-str>
      <input size="7">2
50
4
</input>
      <output size="4">0 2
</output>
      <correct size="5">10 0
</correct>
      <stderr size="0"></stderr>
      <checker size="44">Answers differ: [1]: output: 0, correct: 10
</checker>
    </test>
  </tests>
</testing-report>
