Content-type: text/xml

<?xml version="1.0" encoding="utf-8"?>
<testing-report run-id="205" judge-id="205" status="SE" scoring="ACM" run-tests="1" contest-id="3208" real-time-available="yes" max-memory-used-available="yes" correct-available="yes" failed-test="1" time-limit-ms="2000" real-time-limit-ms="5000" marked-flag="no" >
  <uuid>5b58d4f6-a8eb-4348-9706-fac08083201c</uuid>
  <host>localhost.localdomain</host>
  <cpu-model>Intel(R) Pentium(R) CPU 3550M @ 2.30GHz</cpu-model>
  <cpu-mhz>2294.738</cpu-mhz>
  <compiler_output></compiler_output>
  <tests>
    <test num="1" status="SE" time="286" real-time="306" max-memory-used="18698240" >
  <program-stats-str>{ utime=229, stime=57, ptime=286, rtime=306, maxvsz=18698240, maxrss=19320832, nvcsw=1, nivcsw=49 }</program-stats-str>
      <input size="10">1 2 3 4 5
</input>
      <output size="0"></output>
      <stderr size="308">Can't open '/usr/share/abrt/conf.d/plugins/python3.conf': Operation not permitted
Can't open '/etc/abrt/plugins/python3.conf': Operation not permitted
Traceback (most recent call last):
  File &quot;./000205&quot;, line 4, in &lt;module&gt;
    a=int(input())
ValueError: invalid literal for int() with base 10: '1 2 3 4 5'
</stderr>
    </test>
  </tests>
</testing-report>
