Content-type: text/xml

<?xml version="1.0" encoding="utf-8"?>
<testing-report run-id="274" judge-id="274" status="OK" scoring="ACM" run-tests="10" contest-id="3208" real-time-available="yes" max-memory-used-available="yes" correct-available="yes" time-limit-ms="2000" real-time-limit-ms="5000" marked-flag="no" >
  <uuid>9ee9affc-5afa-4d53-ae84-5ee6a2ea8fb9</uuid>
  <host>localhost.localdomain</host>
  <cpu-model>Intel(R) Pentium(R) CPU 3550M @ 2.30GHz</cpu-model>
  <cpu-mhz>2294.738</cpu-mhz>
  <compiler_output></compiler_output>
  <tests>
    <test num="1" status="OK" time="26" real-time="28" max-memory-used="307200"  checker-comment="OK" >
  <program-stats-str>{ utime=21, stime=5, ptime=26, rtime=28, maxvsz=307200, maxrss=6193152, nvcsw=1, nivcsw=6 }</program-stats-str>
  <checker-stats-str>{ utime=1, stime=0, ptime=1, rtime=1, maxvsz=307200, maxrss=2654208, nvcsw=1, nivcsw=1 }</checker-stats-str>
      <input size="10">1 2 3 4 5
</input>
      <output size="10">5 4 3 2 1
</output>
      <correct size="11">5 4 3 2 1 
</correct>
      <stderr size="0"></stderr>
      <checker size="3">OK
</checker>
    </test>
    <test num="2" status="OK" time="26" real-time="28" max-memory-used="307200"  checker-comment="OK" >
  <program-stats-str>{ utime=16, stime=10, ptime=26, rtime=28, maxvsz=307200, maxrss=6373376, nvcsw=1, nivcsw=3 }</program-stats-str>
  <checker-stats-str>{ utime=0, stime=0, ptime=0, rtime=2, maxvsz=307200, maxrss=2654208, nvcsw=1, nivcsw=1 }</checker-stats-str>
      <input size="12">4 5 3 4 2 3
</input>
      <output size="12">3 2 4 3 5 4
</output>
      <correct size="13">3 2 4 3 5 4 
</correct>
      <stderr size="0"></stderr>
      <checker size="3">OK
</checker>
    </test>
    <test num="3" status="OK" time="26" real-time="28" max-memory-used="307200"  checker-comment="OK" >
  <program-stats-str>{ utime=26, stime=0, ptime=26, rtime=28, maxvsz=307200, maxrss=6352896, nvcsw=1, nivcsw=5 }</program-stats-str>
  <checker-stats-str>{ utime=0, stime=0, ptime=0, rtime=2, maxvsz=307200, maxrss=2654208, nvcsw=1, nivcsw=1 }</checker-stats-str>
      <input size="10">9 4 5 2 3
</input>
      <output size="10">3 2 5 4 9
</output>
      <correct size="11">3 2 5 4 9 
</correct>
      <stderr size="0"></stderr>
      <checker size="3">OK
</checker>
    </test>
    <test num="4" status="OK" time="26" real-time="27" max-memory-used="307200"  checker-comment="OK" >
  <program-stats-str>{ utime=18, stime=8, ptime=26, rtime=27, maxvsz=307200, maxrss=6348800, nvcsw=1, nivcsw=4 }</program-stats-str>
  <checker-stats-str>{ utime=0, stime=0, ptime=0, rtime=1, maxvsz=307200, maxrss=2654208, nvcsw=1, nivcsw=1 }</checker-stats-str>
      <input size="2">6
</input>
      <output size="2">6
</output>
      <correct size="3">6 
</correct>
      <stderr size="0"></stderr>
      <checker size="3">OK
</checker>
    </test>
    <test num="5" status="OK" time="27" real-time="28" max-memory-used="307200"  checker-comment="OK" >
  <program-stats-str>{ utime=27, stime=0, ptime=27, rtime=28, maxvsz=307200, maxrss=6328320, nvcsw=1, nivcsw=3 }</program-stats-str>
  <checker-stats-str>{ utime=0, stime=0, ptime=0, rtime=1, maxvsz=307200, maxrss=2654208, nvcsw=1, nivcsw=1 }</checker-stats-str>
      <input size="4">7 8
</input>
      <output size="4">8 7
</output>
      <correct size="5">8 7 
</correct>
      <stderr size="0"></stderr>
      <checker size="3">OK
</checker>
    </test>
    <test num="6" status="OK" time="26" real-time="28" max-memory-used="307200"  checker-comment="OK" >
  <program-stats-str>{ utime=26, stime=0, ptime=26, rtime=28, maxvsz=307200, maxrss=6070272, nvcsw=1, nivcsw=3 }</program-stats-str>
  <checker-stats-str>{ utime=0, stime=0, ptime=0, rtime=1, maxvsz=307200, maxrss=2654208, nvcsw=1, nivcsw=1 }</checker-stats-str>
      <input size="6">1 2 3
</input>
      <output size="6">3 2 1
</output>
      <correct size="7">3 2 1 
</correct>
      <stderr size="0"></stderr>
      <checker size="3">OK
</checker>
    </test>
    <test num="7" status="OK" time="25" real-time="28" max-memory-used="307200"  checker-comment="OK" >
  <program-stats-str>{ utime=18, stime=7, ptime=25, rtime=28, maxvsz=307200, maxrss=6074368, nvcsw=1, nivcsw=4 }</program-stats-str>
  <checker-stats-str>{ utime=0, stime=0, ptime=0, rtime=1, maxvsz=307200, maxrss=2654208, nvcsw=1, nivcsw=1 }</checker-stats-str>
      <input size="11">90 45 3 43
</input>
      <output size="11">43 3 45 90
</output>
      <correct size="12">43 3 45 90 
</correct>
      <stderr size="0"></stderr>
      <checker size="3">OK
</checker>
    </test>
    <test num="8" status="OK" time="26" real-time="28" max-memory-used="307200"  checker-comment="OK" >
  <program-stats-str>{ utime=23, stime=3, ptime=26, rtime=28, maxvsz=307200, maxrss=6328320, nvcsw=1, nivcsw=3 }</program-stats-str>
  <checker-stats-str>{ utime=0, stime=0, ptime=0, rtime=2, maxvsz=307200, maxrss=2654208, nvcsw=1, nivcsw=1 }</checker-stats-str>
      <input size="35">40 64 -80 -98 -68 56 85 87 -68 -78
</input>
      <output size="35">-78 -68 87 85 56 -68 -98 -80 64 40
</output>
      <correct size="36">-78 -68 87 85 56 -68 -98 -80 64 40 
</correct>
      <stderr size="0"></stderr>
      <checker size="3">OK
</checker>
    </test>
    <test num="9" status="OK" time="26" real-time="28" max-memory-used="307200"  checker-comment="OK" >
  <program-stats-str>{ utime=26, stime=0, ptime=26, rtime=28, maxvsz=307200, maxrss=6295552, nvcsw=1, nivcsw=3 }</program-stats-str>
  <checker-stats-str>{ utime=0, stime=0, ptime=0, rtime=1, maxvsz=307200, maxrss=2654208, nvcsw=1, nivcsw=1 }</checker-stats-str>
      <input size="67">-1 -11 -40 3 -47 -37 -18 -100 6 -29 14 -1 -89 -20 -36 7 5 78 -5 85
</input>
      <output size="67">85 -5 78 5 7 -36 -20 -89 -1 14 -29 6 -100 -18 -37 -47 3 -40 -11 -1
</output>
      <correct size="68">85 -5 78 5 7 -36 -20 -89 -1 14 -29 6 -100 -18 -37 -47 3 -40 -11 -1 
</correct>
      <stderr size="0"></stderr>
      <checker size="3">OK
</checker>
    </test>
    <test num="10" status="OK" time="26" real-time="104" max-memory-used="307200"  checker-comment="OK" >
  <program-stats-str>{ utime=17, stime=9, ptime=26, rtime=104, maxvsz=307200, maxrss=6094848, nvcsw=2, nivcsw=5 }</program-stats-str>
  <checker-stats-str>{ utime=0, stime=0, ptime=0, rtime=1, maxvsz=307200, maxrss=2654208, nvcsw=1, nivcsw=1 }</checker-stats-str>
      <input size="117">-46 35 72 -79 38 -32 1 23 -84 -84 50 -46 -57 -44 72 33 91 -6 88 91 -12 -76 -78 95 63 45 54 13 58 -19 30 48 -98 37 97
</input>
      <output size="117">97 37 -98 48 30 -19 58 13 54 45 63 95 -78 -76 -12 91 88 -6 91 33 72 -44 -57 -46 50 -84 -84 23 1 -32 38 -79 72 35 -46
</output>
      <correct size="118">97 37 -98 48 30 -19 58 13 54 45 63 95 -78 -76 -12 91 88 -6 91 33 72 -44 -57 -46 50 -84 -84 23 1 -32 38 -79 72 35 -46 
</correct>
      <stderr size="0"></stderr>
      <checker size="3">OK
</checker>
    </test>
  </tests>
</testing-report>
