Content-type: text/xml

<?xml version="1.0" encoding="utf-8"?>
<testing-report run-id="267" judge-id="267" status="SE" scoring="ACM" run-tests="1" contest-id="3208" real-time-available="yes" max-memory-used-available="yes" correct-available="yes" failed-test="1" time-limit-ms="2000" real-time-limit-ms="5000" marked-flag="no" >
  <uuid>9193d821-760f-4f63-80a0-b76ea415a7dd</uuid>
  <host>localhost.localdomain</host>
  <cpu-model>Intel(R) Pentium(R) CPU 3550M @ 2.30GHz</cpu-model>
  <cpu-mhz>2294.738</cpu-mhz>
  <compiler_output></compiler_output>
  <tests>
    <test num="1" status="SE" time="284" real-time="383" max-memory-used="18698240" >
  <program-stats-str>{ utime=215, stime=69, ptime=284, rtime=383, maxvsz=18698240, maxrss=19124224, nvcsw=2, nivcsw=43 }</program-stats-str>
      <input size="6">1+1=2
</input>
      <output size="0"></output>
      <stderr size="319">Can't open '/usr/share/abrt/conf.d/plugins/python3.conf': Operation not permitted
Can't open '/etc/abrt/plugins/python3.conf': Operation not permitted
Traceback (most recent call last):
  File &quot;./000267&quot;, line 4, in &lt;module&gt;
    print(input().replase('1','one'))
AttributeError: 'str' object has no attribute 'replase'
</stderr>
    </test>
  </tests>
</testing-report>
