Content-type: text/xml

<?xml version="1.0" encoding="utf-8"?>
<testing-report run-id="90" judge-id="35" status="WA" scoring="ACM" run-tests="1" contest-id="3102" real-time-available="yes" max-memory-used-available="yes" correct-available="yes" failed-test="1" time-limit-ms="2000" real-time-limit-ms="5000" marked-flag="no" >
  <uuid>a41a30da-37f2-4875-8d3d-1d8479530eb4</uuid>
  <host>localhost.localdomain</host>
  <cpu-model>Intel(R) Pentium(R) CPU 3550M @ 2.30GHz</cpu-model>
  <cpu-mhz>2294.738</cpu-mhz>
  <compiler_output></compiler_output>
  <tests>
    <test num="1" status="WA" time="28" real-time="31" max-memory-used="307200"  checker-comment="Answers do not match: output: 2, correct: 3" >
  <program-stats-str>{ utime=26, stime=2, ptime=28, rtime=31, maxvsz=307200, maxrss=6377472, nvcsw=1, nivcsw=9 }</program-stats-str>
  <checker-stats-str>{ utime=0, stime=0, ptime=0, rtime=1, maxvsz=307200, maxrss=2387968, nvcsw=1, nivcsw=1 }</checker-stats-str>
      <input size="6">4 1 1
</input>
      <output size="2">2
</output>
      <correct size="2">3
</correct>
      <stderr size="0"></stderr>
      <checker size="44">Answers do not match: output: 2, correct: 3
</checker>
    </test>
  </tests>
</testing-report>
