Content-type: text/xml

<?xml version="1.0" encoding="utf-8"?>
<testing-report run-id="76" judge-id="21" status="WA" scoring="ACM" run-tests="1" contest-id="3102" real-time-available="yes" max-memory-used-available="yes" correct-available="yes" failed-test="1" time-limit-ms="2000" real-time-limit-ms="5000" marked-flag="no" >
  <uuid>40b6d9f5-97c2-4867-b0ad-8ef7c9f6c732</uuid>
  <host>localhost.localdomain</host>
  <cpu-model>Intel(R) Pentium(R) CPU 3550M @ 2.30GHz</cpu-model>
  <cpu-mhz>2294.738</cpu-mhz>
  <compiler_output>000076.cpp: In function 'int f(int, std::vector&lt;int&gt;, int)':
000076.cpp:14:9: warning: 'k' may be used uninitialized in this function [-Wmaybe-uninitialized]
  return k;
         ^
000076.cpp: In function 'int main()':
000076.cpp:32:3: warning: 'k' may be used uninitialized in this function [-Wmaybe-uninitialized]
   if (k &gt; f(m,vec,n))
   ^
</compiler_output>
  <tests>
    <test num="1" status="WA" time="2" real-time="3" max-memory-used="307200"  checker-comment="Answers do not match: output: 304, correct: 200" >
  <program-stats-str>{ utime=0, stime=2, ptime=2, rtime=3, maxvsz=307200, maxrss=2768896, nvcsw=1, nivcsw=1 }</program-stats-str>
  <checker-stats-str>{ utime=0, stime=0, ptime=0, rtime=1, maxvsz=307200, maxrss=2387968, nvcsw=1, nivcsw=1 }</checker-stats-str>
      <input size="21">4 11
802
743
457
539
</input>
      <output size="3">304</output>
      <correct size="4">200
</correct>
      <stderr size="0"></stderr>
      <checker size="48">Answers do not match: output: 304, correct: 200
</checker>
    </test>
  </tests>
</testing-report>
