Content-type: text/xml

<?xml version="1.0" encoding="utf-8"?>
<testing-report run-id="94" judge-id="39" status="WA" scoring="ACM" run-tests="3" contest-id="3102" real-time-available="yes" max-memory-used-available="yes" correct-available="yes" failed-test="3" time-limit-ms="2000" real-time-limit-ms="5000" marked-flag="no" >
  <uuid>b3837672-d377-4b44-bfa2-66ea1e3bbfa0</uuid>
  <host>localhost.localdomain</host>
  <cpu-model>Intel(R) Pentium(R) CPU 3550M @ 2.30GHz</cpu-model>
  <cpu-mhz>2294.738</cpu-mhz>
  <compiler_output></compiler_output>
  <tests>
    <test num="1" status="OK" time="1" real-time="3" max-memory-used="307200"  checker-comment="OK" >
  <program-stats-str>{ utime=1, stime=0, ptime=1, rtime=3, maxvsz=307200, maxrss=3010560, nvcsw=1, nivcsw=1 }</program-stats-str>
  <checker-stats-str>{ utime=0, stime=0, ptime=0, rtime=1, maxvsz=307200, maxrss=2387968, nvcsw=1, nivcsw=1 }</checker-stats-str>
      <input size="11">1 2 1 3 10
</input>
      <output size="1">8</output>
      <correct size="2">8
</correct>
      <stderr size="0"></stderr>
      <checker size="3">OK
</checker>
    </test>
    <test num="2" status="OK" time="1" real-time="2" max-memory-used="307200"  checker-comment="OK" >
  <program-stats-str>{ utime=0, stime=1, ptime=1, rtime=2, maxvsz=307200, maxrss=2744320, nvcsw=1, nivcsw=1 }</program-stats-str>
  <checker-stats-str>{ utime=0, stime=0, ptime=0, rtime=1, maxvsz=307200, maxrss=2387968, nvcsw=1, nivcsw=1 }</checker-stats-str>
      <input size="11">1 2 1 3 11
</input>
      <output size="1">9</output>
      <correct size="2">9
</correct>
      <stderr size="0"></stderr>
      <checker size="3">OK
</checker>
    </test>
    <test num="3" status="WA" time="1" real-time="2" max-memory-used="307200"  checker-comment="Answers do not match: output: 5, correct: 4" >
  <program-stats-str>{ utime=1, stime=0, ptime=1, rtime=2, maxvsz=307200, maxrss=2908160, nvcsw=1, nivcsw=2 }</program-stats-str>
  <checker-stats-str>{ utime=0, stime=0, ptime=0, rtime=1, maxvsz=307200, maxrss=2387968, nvcsw=1, nivcsw=1 }</checker-stats-str>
      <input size="14">19 3 14 6 113
</input>
      <output size="1">5</output>
      <correct size="2">4
</correct>
      <stderr size="0"></stderr>
      <checker size="44">Answers do not match: output: 5, correct: 4
</checker>
    </test>
  </tests>
</testing-report>
