Content-type: text/xml

<?xml version="1.0" encoding="utf-8"?>
<testing-report run-id="82" judge-id="27" status="WA" scoring="ACM" run-tests="2" contest-id="3102" real-time-available="yes" max-memory-used-available="yes" correct-available="yes" failed-test="2" time-limit-ms="2000" real-time-limit-ms="5000" marked-flag="no" >
  <uuid>aa8f8cfb-e60f-4743-bd05-748ff97982e4</uuid>
  <host>localhost.localdomain</host>
  <cpu-model>Intel(R) Pentium(R) CPU 3550M @ 2.30GHz</cpu-model>
  <cpu-mhz>2294.738</cpu-mhz>
  <compiler_output></compiler_output>
  <tests>
    <test num="1" status="OK" time="0" real-time="2" max-memory-used="307200"  checker-comment="OK" >
  <program-stats-str>{ utime=0, stime=0, ptime=0, rtime=2, maxvsz=307200, maxrss=2387968, nvcsw=1, nivcsw=2 }</program-stats-str>
  <checker-stats-str>{ utime=1, stime=0, ptime=1, rtime=2, maxvsz=307200, maxrss=2387968, nvcsw=1, nivcsw=2 }</checker-stats-str>
      <input size="6">4 1 1
</input>
      <output size="1">3</output>
      <correct size="2">3
</correct>
      <stderr size="0"></stderr>
      <checker size="3">OK
</checker>
    </test>
    <test num="2" status="WA" time="0" real-time="2" max-memory-used="307200"  checker-comment="Answers do not match: output: 5, correct: 4" >
  <program-stats-str>{ utime=0, stime=0, ptime=0, rtime=2, maxvsz=307200, maxrss=2387968, nvcsw=1, nivcsw=2 }</program-stats-str>
  <checker-stats-str>{ utime=0, stime=0, ptime=0, rtime=2, maxvsz=307200, maxrss=2387968, nvcsw=1, nivcsw=1 }</checker-stats-str>
      <input size="6">5 1 2
</input>
      <output size="1">5</output>
      <correct size="2">4
</correct>
      <stderr size="0"></stderr>
      <checker size="44">Answers do not match: output: 5, correct: 4
</checker>
    </test>
  </tests>
</testing-report>
