Content-type: text/xml

<?xml version="1.0" encoding="utf-8"?>
<testing-report run-id="172" judge-id="13" status="WA" scoring="ACM" run-tests="15" contest-id="3102" real-time-available="yes" max-memory-used-available="yes" correct-available="yes" failed-test="15" time-limit-ms="2000" real-time-limit-ms="5000" marked-flag="no" >
  <uuid>81cbe353-b9d3-4b5f-9aae-f437da36947b</uuid>
  <host>localhost.localdomain</host>
  <cpu-model>Intel(R) Pentium(R) CPU 3550M @ 2.30GHz</cpu-model>
  <cpu-mhz>2294.738</cpu-mhz>
  <compiler_output>000172.c:7:11: warning: return type of 'main' is not 'int' [-Wmain]
 long long main(void){
           ^
</compiler_output>
  <tests>
    <test num="1" status="OK" time="1" real-time="2" max-memory-used="307200"  checker-comment="OK" >
  <program-stats-str>{ utime=1, stime=0, ptime=1, rtime=2, maxvsz=307200, maxrss=2392064, nvcsw=1, nivcsw=2 }</program-stats-str>
  <checker-stats-str>{ utime=0, stime=0, ptime=0, rtime=2, maxvsz=307200, maxrss=2392064, nvcsw=1, nivcsw=1 }</checker-stats-str>
      <input size="11">1 2 1 3 10
</input>
      <output size="1">8</output>
      <correct size="2">8
</correct>
      <stderr size="0"></stderr>
      <checker size="3">OK
</checker>
    </test>
    <test num="2" status="OK" time="0" real-time="2" max-memory-used="307200"  checker-comment="OK" >
  <program-stats-str>{ utime=0, stime=0, ptime=0, rtime=2, maxvsz=307200, maxrss=2392064, nvcsw=1, nivcsw=1 }</program-stats-str>
  <checker-stats-str>{ utime=0, stime=0, ptime=0, rtime=2, maxvsz=307200, maxrss=2392064, nvcsw=1, nivcsw=1 }</checker-stats-str>
      <input size="11">1 2 1 3 11
</input>
      <output size="1">9</output>
      <correct size="2">9
</correct>
      <stderr size="0"></stderr>
      <checker size="3">OK
</checker>
    </test>
    <test num="3" status="OK" time="0" real-time="2" max-memory-used="307200"  checker-comment="OK" >
  <program-stats-str>{ utime=0, stime=0, ptime=0, rtime=2, maxvsz=307200, maxrss=2392064, nvcsw=1, nivcsw=1 }</program-stats-str>
  <checker-stats-str>{ utime=0, stime=1, ptime=1, rtime=2, maxvsz=307200, maxrss=2392064, nvcsw=1, nivcsw=1 }</checker-stats-str>
      <input size="14">19 3 14 6 113
</input>
      <output size="1">4</output>
      <correct size="2">4
</correct>
      <stderr size="0"></stderr>
      <checker size="3">OK
</checker>
    </test>
    <test num="4" status="OK" time="0" real-time="2" max-memory-used="307200"  checker-comment="OK" >
  <program-stats-str>{ utime=0, stime=0, ptime=0, rtime=2, maxvsz=307200, maxrss=2392064, nvcsw=1, nivcsw=2 }</program-stats-str>
  <checker-stats-str>{ utime=0, stime=0, ptime=0, rtime=2, maxvsz=307200, maxrss=2392064, nvcsw=1, nivcsw=3 }</checker-stats-str>
      <input size="14">19 3 14 6 114
</input>
      <output size="1">5</output>
      <correct size="2">5
</correct>
      <stderr size="0"></stderr>
      <checker size="3">OK
</checker>
    </test>
    <test num="5" status="OK" time="0" real-time="2" max-memory-used="307200"  checker-comment="OK" >
  <program-stats-str>{ utime=0, stime=0, ptime=0, rtime=2, maxvsz=307200, maxrss=2392064, nvcsw=1, nivcsw=1 }</program-stats-str>
  <checker-stats-str>{ utime=0, stime=1, ptime=1, rtime=2, maxvsz=307200, maxrss=2392064, nvcsw=1, nivcsw=2 }</checker-stats-str>
      <input size="14">21 4 57 6 525
</input>
      <output size="1">8</output>
      <correct size="2">8
</correct>
      <stderr size="0"></stderr>
      <checker size="3">OK
</checker>
    </test>
    <test num="6" status="OK" time="0" real-time="2" max-memory-used="307200"  checker-comment="OK" >
  <program-stats-str>{ utime=0, stime=0, ptime=0, rtime=2, maxvsz=307200, maxrss=2392064, nvcsw=1, nivcsw=1 }</program-stats-str>
  <checker-stats-str>{ utime=0, stime=0, ptime=0, rtime=2, maxvsz=307200, maxrss=2392064, nvcsw=1, nivcsw=1 }</checker-stats-str>
      <input size="14">21 4 57 6 526
</input>
      <output size="1">9</output>
      <correct size="2">9
</correct>
      <stderr size="0"></stderr>
      <checker size="3">OK
</checker>
    </test>
    <test num="7" status="OK" time="0" real-time="2" max-memory-used="307200"  checker-comment="OK" >
  <program-stats-str>{ utime=0, stime=0, ptime=0, rtime=2, maxvsz=307200, maxrss=2392064, nvcsw=1, nivcsw=1 }</program-stats-str>
  <checker-stats-str>{ utime=0, stime=0, ptime=0, rtime=1, maxvsz=307200, maxrss=2392064, nvcsw=1, nivcsw=1 }</checker-stats-str>
      <input size="14">79 6 70 3 526
</input>
      <output size="1">4</output>
      <correct size="2">4
</correct>
      <stderr size="0"></stderr>
      <checker size="3">OK
</checker>
    </test>
    <test num="8" status="OK" time="0" real-time="2" max-memory-used="307200"  checker-comment="OK" >
  <program-stats-str>{ utime=0, stime=0, ptime=0, rtime=2, maxvsz=307200, maxrss=2392064, nvcsw=1, nivcsw=1 }</program-stats-str>
  <checker-stats-str>{ utime=0, stime=1, ptime=1, rtime=2, maxvsz=307200, maxrss=2392064, nvcsw=1, nivcsw=2 }</checker-stats-str>
      <input size="14">79 6 70 3 527
</input>
      <output size="1">5</output>
      <correct size="2">5
</correct>
      <stderr size="0"></stderr>
      <checker size="3">OK
</checker>
    </test>
    <test num="9" status="OK" time="0" real-time="2" max-memory-used="307200"  checker-comment="OK" >
  <program-stats-str>{ utime=0, stime=0, ptime=0, rtime=2, maxvsz=307200, maxrss=2392064, nvcsw=1, nivcsw=1 }</program-stats-str>
  <checker-stats-str>{ utime=0, stime=1, ptime=1, rtime=2, maxvsz=307200, maxrss=2392064, nvcsw=1, nivcsw=2 }</checker-stats-str>
      <input size="13">1 2 1 2 1000
</input>
      <output size="3">999</output>
      <correct size="4">999
</correct>
      <stderr size="0"></stderr>
      <checker size="3">OK
</checker>
    </test>
    <test num="10" status="OK" time="0" real-time="2" max-memory-used="307200"  checker-comment="OK" >
  <program-stats-str>{ utime=0, stime=0, ptime=0, rtime=2, maxvsz=307200, maxrss=2392064, nvcsw=1, nivcsw=1 }</program-stats-str>
  <checker-stats-str>{ utime=0, stime=0, ptime=0, rtime=1, maxvsz=307200, maxrss=2392064, nvcsw=1, nivcsw=1 }</checker-stats-str>
      <input size="13">1 2 1 3 1000
</input>
      <output size="3">857</output>
      <correct size="4">857
</correct>
      <stderr size="0"></stderr>
      <checker size="3">OK
</checker>
    </test>
    <test num="11" status="OK" time="0" real-time="2" max-memory-used="307200"  checker-comment="OK" >
  <program-stats-str>{ utime=0, stime=0, ptime=0, rtime=2, maxvsz=307200, maxrss=2392064, nvcsw=1, nivcsw=1 }</program-stats-str>
  <checker-stats-str>{ utime=0, stime=0, ptime=0, rtime=2, maxvsz=307200, maxrss=2392064, nvcsw=1, nivcsw=1 }</checker-stats-str>
      <input size="12">1 2 1 3 999
</input>
      <output size="3">856</output>
      <correct size="4">856
</correct>
      <stderr size="0"></stderr>
      <checker size="3">OK
</checker>
    </test>
    <test num="12" status="OK" time="0" real-time="2" max-memory-used="307200"  checker-comment="OK" >
  <program-stats-str>{ utime=0, stime=0, ptime=0, rtime=2, maxvsz=307200, maxrss=2392064, nvcsw=1, nivcsw=1 }</program-stats-str>
  <checker-stats-str>{ utime=0, stime=0, ptime=0, rtime=2, maxvsz=307200, maxrss=2392064, nvcsw=1, nivcsw=1 }</checker-stats-str>
      <input size="14">10 4 10 5 930
</input>
      <output size="2">59</output>
      <correct size="3">59
</correct>
      <stderr size="0"></stderr>
      <checker size="3">OK
</checker>
    </test>
    <test num="13" status="OK" time="0" real-time="2" max-memory-used="307200"  checker-comment="OK" >
  <program-stats-str>{ utime=0, stime=0, ptime=0, rtime=2, maxvsz=307200, maxrss=2392064, nvcsw=1, nivcsw=1 }</program-stats-str>
  <checker-stats-str>{ utime=0, stime=0, ptime=0, rtime=2, maxvsz=307200, maxrss=2392064, nvcsw=1, nivcsw=1 }</checker-stats-str>
      <input size="14">10 4 10 5 940
</input>
      <output size="2">61</output>
      <correct size="3">61
</correct>
      <stderr size="0"></stderr>
      <checker size="3">OK
</checker>
    </test>
    <test num="14" status="OK" time="0" real-time="2" max-memory-used="307200"  checker-comment="OK" >
  <program-stats-str>{ utime=0, stime=0, ptime=0, rtime=2, maxvsz=307200, maxrss=2392064, nvcsw=1, nivcsw=2 }</program-stats-str>
  <checker-stats-str>{ utime=1, stime=0, ptime=1, rtime=3, maxvsz=307200, maxrss=2392064, nvcsw=1, nivcsw=1 }</checker-stats-str>
      <input size="15">23 95 25 28 49
</input>
      <output size="1">2</output>
      <correct size="2">2
</correct>
      <stderr size="0"></stderr>
      <checker size="3">OK
</checker>
    </test>
    <test num="15" status="WA" time="0" real-time="1" max-memory-used="307200"  checker-comment="Answers do not match: output: 100000000, correct: 333333333333333333" >
  <program-stats-str>{ utime=0, stime=0, ptime=0, rtime=1, maxvsz=307200, maxrss=2392064, nvcsw=1, nivcsw=1 }</program-stats-str>
  <checker-stats-str>{ utime=0, stime=0, ptime=0, rtime=2, maxvsz=307200, maxrss=2392064, nvcsw=1, nivcsw=1 }</checker-stats-str>
      <input size="63">1 1000000000000000000 2 1000000000000000000 999999999999999999
</input>
      <output size="9">100000000</output>
      <correct size="19">333333333333333333
</correct>
      <stderr size="0"></stderr>
      <checker size="69">Answers do not match: output: 100000000, correct: 333333333333333333
</checker>
    </test>
  </tests>
</testing-report>
