Content-type: text/xml

<?xml version="1.0" encoding="utf-8"?>
<testing-report run-id="126" judge-id="71" status="WA" scoring="ACM" run-tests="1" contest-id="3102" real-time-available="yes" max-memory-used-available="yes" correct-available="yes" failed-test="1" time-limit-ms="2000" real-time-limit-ms="5000" marked-flag="no" >
  <uuid>6268dd28-3068-480a-b228-fd7b9d7a88a1</uuid>
  <host>localhost.localdomain</host>
  <cpu-model>Intel(R) Pentium(R) CPU 3550M @ 2.30GHz</cpu-model>
  <cpu-mhz>2294.738</cpu-mhz>
  <compiler_output></compiler_output>
  <tests>
    <test num="1" status="WA" time="1" real-time="2" max-memory-used="307200"  checker-comment="Answers do not match: output: 9, correct: 8" >
  <program-stats-str>{ utime=0, stime=1, ptime=1, rtime=2, maxvsz=307200, maxrss=2748416, nvcsw=1, nivcsw=1 }</program-stats-str>
  <checker-stats-str>{ utime=0, stime=0, ptime=0, rtime=2, maxvsz=307200, maxrss=2387968, nvcsw=1, nivcsw=1 }</checker-stats-str>
      <input size="11">1 2 1 3 10
</input>
      <output size="1">9</output>
      <correct size="2">8
</correct>
      <stderr size="0"></stderr>
      <checker size="44">Answers do not match: output: 9, correct: 8
</checker>
    </test>
  </tests>
</testing-report>
