Content-type: text/xml

<?xml version="1.0" encoding="utf-8"?>
<testing-report run-id="142" judge-id="9" status="WA" scoring="ACM" run-tests="1" contest-id="3102" real-time-available="yes" max-memory-used-available="yes" correct-available="yes" failed-test="1" time-limit-ms="2000" real-time-limit-ms="5000" marked-flag="no" >
  <uuid>27a4055e-6df2-4eba-9304-cb67d8f2ab2c</uuid>
  <host>localhost.localdomain</host>
  <cpu-model>Intel(R) Pentium(R) CPU 3550M @ 2.30GHz</cpu-model>
  <cpu-mhz>2294.738</cpu-mhz>
  <compiler_output></compiler_output>
  <tests>
    <test num="1" status="WA" time="1" real-time="2" max-memory-used="307200"  checker-comment="Answers do not match: output: 185, correct: 200" >
  <program-stats-str>{ utime=0, stime=1, ptime=1, rtime=2, maxvsz=307200, maxrss=2945024, nvcsw=1, nivcsw=1 }</program-stats-str>
  <checker-stats-str>{ utime=0, stime=0, ptime=0, rtime=1, maxvsz=307200, maxrss=2387968, nvcsw=1, nivcsw=1 }</checker-stats-str>
      <input size="21">4 11
802
743
457
539
</input>
      <output size="3">185</output>
      <correct size="4">200
</correct>
      <stderr size="0"></stderr>
      <checker size="48">Answers do not match: output: 185, correct: 200
</checker>
    </test>
  </tests>
</testing-report>
