Content-type: text/xml

<?xml version="1.0" encoding="utf-8"?>
<testing-report run-id="120" judge-id="65" status="WA" scoring="ACM" run-tests="1" contest-id="3102" real-time-available="yes" max-memory-used-available="yes" correct-available="yes" failed-test="1" time-limit-ms="2000" real-time-limit-ms="5000" marked-flag="no" >
  <uuid>375cff69-8e02-4ff2-a897-a9984a4f850f</uuid>
  <host>localhost.localdomain</host>
  <cpu-model>Intel(R) Pentium(R) CPU 3550M @ 2.30GHz</cpu-model>
  <cpu-mhz>2294.738</cpu-mhz>
  <compiler_output>000120.cpp: In function 'int main()':
000120.cpp:20:15: warning: comparison between signed and unsigned integer expressions [-Wsign-compare]
   if ((K * d) &gt; sum) R /= 2;
               ^
000120.cpp:14:13: warning: 'sum' may be used uninitialized in this function [-Wmaybe-uninitialized]
   sum+=ar[i];
             ^
</compiler_output>
  <tests>
    <test num="1" status="WA" time="1" real-time="3" max-memory-used="307200"  checker-comment="Answers do not match: output: -5768644033164674088, correct: 200" >
  <program-stats-str>{ utime=0, stime=1, ptime=1, rtime=3, maxvsz=307200, maxrss=2744320, nvcsw=1, nivcsw=1 }</program-stats-str>
  <checker-stats-str>{ utime=0, stime=0, ptime=0, rtime=2, maxvsz=307200, maxrss=2387968, nvcsw=1, nivcsw=1 }</checker-stats-str>
      <input size="21">4 11
802
743
457
539
</input>
      <output size="20">-5768644033164674088</output>
      <correct size="4">200
</correct>
      <stderr size="0"></stderr>
      <checker size="65">Answers do not match: output: -5768644033164674088, correct: 200
</checker>
    </test>
  </tests>
</testing-report>
