Content-type: text/xml

<?xml version="1.0" encoding="utf-8"?>
<testing-report run-id="156" judge-id="1" status="WA" scoring="ACM" run-tests="1" contest-id="3102" real-time-available="yes" max-memory-used-available="yes" correct-available="yes" failed-test="1" time-limit-ms="2000" real-time-limit-ms="5000" marked-flag="no" >
  <uuid>28a4bca5-078d-4899-81b7-030338371d64</uuid>
  <host>localhost.localdomain</host>
  <cpu-model>Intel(R) Pentium(R) CPU 3550M @ 2.30GHz</cpu-model>
  <cpu-mhz>2294.738</cpu-mhz>
  <compiler_output></compiler_output>
  <tests>
    <test num="1" status="WA" time="1" real-time="2" max-memory-used="307200"  checker-comment="Answers do not match: output: 999999999999999999, correct: 0" >
  <program-stats-str>{ utime=1, stime=0, ptime=1, rtime=2, maxvsz=307200, maxrss=2740224, nvcsw=1, nivcsw=1 }</program-stats-str>
  <checker-stats-str>{ utime=0, stime=1, ptime=1, rtime=2, maxvsz=307200, maxrss=2387968, nvcsw=1, nivcsw=2 }</checker-stats-str>
      <input size="10">1 1 1 1 1
</input>
      <output size="18">999999999999999999</output>
      <correct size="2">0
</correct>
      <stderr size="0"></stderr>
      <checker size="61">Answers do not match: output: 999999999999999999, correct: 0
</checker>
    </test>
  </tests>
</testing-report>
