Content-type: text/xml

<?xml version="1.0" encoding="utf-8"?>
<testing-report run-id="192" judge-id="1" status="WA" scoring="ACM" run-tests="2" contest-id="3102" real-time-available="yes" max-memory-used-available="yes" correct-available="yes" failed-test="2" time-limit-ms="2000" real-time-limit-ms="5000" marked-flag="no" >
  <uuid>9e3372b3-c9a6-45b8-820d-934b98a30aa7</uuid>
  <host>localhost.localdomain</host>
  <cpu-model>Intel(R) Pentium(R) CPU 3550M @ 2.30GHz</cpu-model>
  <cpu-mhz>2294.738</cpu-mhz>
  <compiler_output></compiler_output>
  <tests>
    <test num="1" status="OK" time="1" real-time="2" max-memory-used="307200"  checker-comment="OK" >
  <program-stats-str>{ utime=0, stime=1, ptime=1, rtime=2, maxvsz=307200, maxrss=2928640, nvcsw=1, nivcsw=1 }</program-stats-str>
  <checker-stats-str>{ utime=0, stime=0, ptime=0, rtime=1, maxvsz=307200, maxrss=2928640, nvcsw=1, nivcsw=1 }</checker-stats-str>
      <input size="10">1 1 1 1 1
</input>
      <output size="1">0</output>
      <correct size="2">0
</correct>
      <stderr size="0"></stderr>
      <checker size="3">OK
</checker>
    </test>
    <test num="2" status="WA" time="1" real-time="2" max-memory-used="307200"  checker-comment="Answers do not match: output: 0, correct: 1" >
  <program-stats-str>{ utime=0, stime=1, ptime=1, rtime=2, maxvsz=307200, maxrss=3117056, nvcsw=1, nivcsw=2 }</program-stats-str>
  <checker-stats-str>{ utime=0, stime=0, ptime=0, rtime=1, maxvsz=307200, maxrss=2928640, nvcsw=1, nivcsw=1 }</checker-stats-str>
      <input size="10">1 1 1 3 3
</input>
      <output size="1">0</output>
      <correct size="2">1
</correct>
      <stderr size="0"></stderr>
      <checker size="44">Answers do not match: output: 0, correct: 1
</checker>
    </test>
  </tests>
</testing-report>
