Content-type: text/xml

<?xml version="1.0" encoding="utf-8"?>
<testing-report run-id="85" judge-id="15" status="SE" scoring="ACM" run-tests="1" contest-id="3204" real-time-available="yes" max-memory-used-available="yes" correct-available="yes" failed-test="1" time-limit-ms="2000" real-time-limit-ms="5000" marked-flag="no" >
  <uuid>91b4ec08-1824-4bf1-a4d9-eb2684b4052f</uuid>
  <host>localhost.localdomain</host>
  <cpu-model>Intel(R) Pentium(R) CPU 3550M @ 2.30GHz</cpu-model>
  <cpu-mhz>2294.738</cpu-mhz>
  <compiler_output></compiler_output>
  <tests>
    <test num="1" status="SE" time="289" real-time="303" max-memory-used="18698240" >
  <program-stats-str>{ utime=269, stime=20, ptime=289, rtime=303, maxvsz=18698240, maxrss=19165184, nvcsw=1, nivcsw=38 }</program-stats-str>
      <input size="12">1 -2 3 -4 5
</input>
      <output size="0"></output>
      <stderr size="312">Can't open '/usr/share/abrt/conf.d/plugins/python3.conf': Operation not permitted
Can't open '/etc/abrt/plugins/python3.conf': Operation not permitted
Traceback (most recent call last):
  File &quot;./000085&quot;, line 5, in &lt;module&gt;
    b = int(input())
ValueError: invalid literal for int() with base 10: '1 -2 3 -4 5'
</stderr>
    </test>
  </tests>
</testing-report>
