Content-type: text/xml

<?xml version="1.0" encoding="utf-8"?>
<testing-report run-id="53" judge-id="41" status="RT" scoring="ACM" run-tests="1" contest-id="3204" real-time-available="yes" max-memory-used-available="yes" correct-available="yes" failed-test="1" time-limit-ms="2000" real-time-limit-ms="5000" marked-flag="no" >
  <uuid>a235ce1f-1242-4a1e-b3bb-422142cdd215</uuid>
  <host>localhost.localdomain</host>
  <cpu-model>Intel(R) Pentium(R) CPU 3550M @ 2.30GHz</cpu-model>
  <cpu-mhz>2294.738</cpu-mhz>
  <compiler_output></compiler_output>
  <tests>
    <test num="1" status="RT" exit-code="1" time="183" real-time="193" max-memory-used="64196608" >
  <program-stats-str>{ utime=159, stime=24, ptime=183, rtime=193, maxvsz=64196608, maxrss=45494272, nvcsw=1, nivcsw=31 }</program-stats-str>
      <input size="12">1 -2 3 -4 5
</input>
      <output size="0"></output>
      <stderr size="255">Warning: cannot find your CPU L2 cache size in /proc/cpuinfo
Traceback (most recent call last):
  File &quot;./000053&quot;, line 5, in &lt;module&gt;
    a=[int(i) for i in input().split()]
  File &quot;&lt;string&gt;&quot;, line 1
    1 -2 3 -4 5
        ^
SyntaxError: invalid syntax
</stderr>
    </test>
  </tests>
</testing-report>
