Content-type: text/xml

<?xml version="1.0" encoding="utf-8"?>
<testing-report run-id="26" judge-id="14" status="RT" scoring="ACM" run-tests="1" contest-id="3204" real-time-available="yes" max-memory-used-available="yes" correct-available="yes" failed-test="1" time-limit-ms="2000" real-time-limit-ms="5000" marked-flag="no" >
  <uuid>b0705255-b162-42b3-9540-5442fa57379a</uuid>
  <host>localhost.localdomain</host>
  <cpu-model>Intel(R) Pentium(R) CPU 3550M @ 2.30GHz</cpu-model>
  <cpu-mhz>2294.738</cpu-mhz>
  <compiler_output></compiler_output>
  <tests>
    <test num="1" status="RT" exit-code="1" time="183" real-time="194" max-memory-used="64729088" >
  <program-stats-str>{ utime=155, stime=28, ptime=183, rtime=194, maxvsz=64729088, maxrss=45326336, nvcsw=1, nivcsw=27 }</program-stats-str>
      <input size="12">1 -2 3 -4 5
</input>
      <output size="0"></output>
      <stderr size="151">Warning: cannot find your CPU L2 cache size in /proc/cpuinfo
  File &quot;./000026&quot;, line 8
    print(s)
    ^
IndentationError: expected an indented block
</stderr>
    </test>
  </tests>
</testing-report>
