Content-type: text/xml

<?xml version="1.0" encoding="utf-8"?>
<testing-report run-id="52" judge-id="40" status="RT" scoring="ACM" run-tests="1" contest-id="3204" real-time-available="yes" max-memory-used-available="yes" correct-available="yes" failed-test="1" time-limit-ms="2000" real-time-limit-ms="5000" marked-flag="no" >
  <uuid>0efc1113-7c71-4396-aae0-662490d46a9f</uuid>
  <host>localhost.localdomain</host>
  <cpu-model>Intel(R) Pentium(R) CPU 3550M @ 2.30GHz</cpu-model>
  <cpu-mhz>2294.738</cpu-mhz>
  <compiler_output></compiler_output>
  <tests>
    <test num="1" status="RT" exit-code="1" time="15" real-time="19" max-memory-used="307200" >
  <program-stats-str>{ utime=15, stime=0, ptime=15, rtime=19, maxvsz=307200, maxrss=5324800, nvcsw=1, nivcsw=6 }</program-stats-str>
      <input size="10">1 2 3 4 5
</input>
      <output size="0"></output>
      <stderr size="190">Traceback (most recent call last):
  File &quot;./000052&quot;, line 5, in &lt;module&gt;
    a=[int(i) for i in input().split()]
  File &quot;&lt;string&gt;&quot;, line 1
    1 2 3 4 5
      ^
SyntaxError: invalid syntax
</stderr>
    </test>
  </tests>
</testing-report>
