Content-type: text/xml

<?xml version="1.0" encoding="utf-8"?>
<testing-report run-id="42" judge-id="30" status="WA" scoring="ACM" run-tests="1" contest-id="3204" real-time-available="yes" max-memory-used-available="yes" correct-available="yes" failed-test="1" time-limit-ms="2000" real-time-limit-ms="5000" marked-flag="no" >
  <uuid>c4553731-92e6-4a12-b739-d777139f29ad</uuid>
  <host>localhost.localdomain</host>
  <cpu-model>Intel(R) Pentium(R) CPU 3550M @ 2.30GHz</cpu-model>
  <cpu-mhz>2294.738</cpu-mhz>
  <compiler_output></compiler_output>
  <tests>
    <test num="1" status="WA" time="27" real-time="29" max-memory-used="307200"  checker-comment="Answers differ: [3]: output: 5, correct: 1" >
  <program-stats-str>{ utime=22, stime=5, ptime=27, rtime=29, maxvsz=307200, maxrss=6201344, nvcsw=1, nivcsw=5 }</program-stats-str>
  <checker-stats-str>{ utime=0, stime=0, ptime=0, rtime=1, maxvsz=307200, maxrss=2387968, nvcsw=1, nivcsw=2 }</checker-stats-str>
      <input size="10">3 4 5 2 1
</input>
      <output size="10">3 4 5 2 1
</output>
      <correct size="11">3 4 1 2 5 
</correct>
      <stderr size="0"></stderr>
      <checker size="43">Answers differ: [3]: output: 5, correct: 1
</checker>
    </test>
  </tests>
</testing-report>
