Content-type: text/xml

<?xml version="1.0" encoding="utf-8"?>
<testing-report run-id="82" judge-id="12" status="WA" scoring="ACM" run-tests="1" contest-id="3204" real-time-available="yes" max-memory-used-available="yes" correct-available="yes" failed-test="1" time-limit-ms="2000" real-time-limit-ms="5000" marked-flag="no" >
  <uuid>2871f4b0-6727-4293-82a7-42b3a3ee04e0</uuid>
  <host>localhost.localdomain</host>
  <cpu-model>Intel(R) Pentium(R) CPU 3550M @ 2.30GHz</cpu-model>
  <cpu-mhz>2294.738</cpu-mhz>
  <compiler_output>000082.cpp: In function 'int main()':
000082.cpp:11:19: warning: comparison between signed and unsigned integer expressions [-Wsign-compare]
  for(int i = 0; i &lt; a.size();++i){
                   ^
000082.cpp:14:19: warning: comparison between signed and unsigned integer expressions [-Wsign-compare]
  for(int i = 1; i &lt; a.size()-1;++i){
                   ^
</compiler_output>
  <tests>
    <test num="1" status="WA" time="1" real-time="2" max-memory-used="307200"  checker-comment="Answers do not match: output: 1, correct: 3" >
  <program-stats-str>{ utime=0, stime=1, ptime=1, rtime=2, maxvsz=307200, maxrss=3117056, nvcsw=1, nivcsw=1 }</program-stats-str>
  <checker-stats-str>{ utime=0, stime=1, ptime=1, rtime=2, maxvsz=307200, maxrss=2387968, nvcsw=1, nivcsw=2 }</checker-stats-str>
      <input size="12">1 -2 3 -4 5
</input>
      <output size="2">1
</output>
      <correct size="2">3
</correct>
      <stderr size="12">1 -2 3 -4 5 </stderr>
      <checker size="44">Answers do not match: output: 1, correct: 3
</checker>
    </test>
  </tests>
</testing-report>
