Content-type: text/xml

<?xml version="1.0" encoding="utf-8"?>
<testing-report run-id="58" judge-id="46" status="SE" scoring="ACM" run-tests="1" contest-id="3204" real-time-available="yes" max-memory-used-available="yes" correct-available="yes" failed-test="1" time-limit-ms="2000" real-time-limit-ms="5000" marked-flag="no" >
  <uuid>8f0c44c7-53e2-4012-9b4e-971ac4c97fd9</uuid>
  <host>localhost.localdomain</host>
  <cpu-model>Intel(R) Pentium(R) CPU 3550M @ 2.30GHz</cpu-model>
  <cpu-mhz>2294.738</cpu-mhz>
  <compiler_output></compiler_output>
  <tests>
    <test num="1" status="SE" time="285" real-time="300" max-memory-used="18685952" >
  <program-stats-str>{ utime=270, stime=15, ptime=285, rtime=300, maxvsz=18685952, maxrss=19165184, nvcsw=1, nivcsw=35 }</program-stats-str>
      <input size="10">3 4 5 2 1
</input>
      <output size="0"></output>
      <stderr size="325">Can't open '/usr/share/abrt/conf.d/plugins/python3.conf': Operation not permitted
Can't open '/etc/abrt/plugins/python3.conf': Operation not permitted
Traceback (most recent call last):
  File &quot;./000058&quot;, line 4, in &lt;module&gt;
    a = list(map(int,input().split))
TypeError: 'builtin_function_or_method' object is not iterable
</stderr>
    </test>
  </tests>
</testing-report>
