Content-type: text/xml

<?xml version="1.0" encoding="utf-8"?>
<testing-report run-id="148" judge-id="78" status="RT" scoring="ACM" run-tests="1" contest-id="3204" real-time-available="yes" max-memory-used-available="yes" correct-available="yes" failed-test="1" time-limit-ms="2000" real-time-limit-ms="5000" marked-flag="no" >
  <uuid>255ed1b7-3a40-4289-a527-d0a3d088aa9a</uuid>
  <host>localhost.localdomain</host>
  <cpu-model>Intel(R) Pentium(R) CPU 3550M @ 2.30GHz</cpu-model>
  <cpu-mhz>2294.738</cpu-mhz>
  <compiler_output></compiler_output>
  <tests>
    <test num="1" status="RT" exit-code="1" time="14" real-time="16" max-memory-used="307200" >
  <program-stats-str>{ utime=12, stime=2, ptime=14, rtime=16, maxvsz=307200, maxrss=5353472, nvcsw=1, nivcsw=3 }</program-stats-str>
      <input size="12">1 -2 3 -4 5
</input>
      <output size="0"></output>
      <stderr size="197">Traceback (most recent call last):
  File &quot;./000148&quot;, line 4, in &lt;module&gt;
    lst = list(map(int, input().split()))
  File &quot;&lt;string&gt;&quot;, line 1
    1 -2 3 -4 5
         ^
SyntaxError: invalid syntax
</stderr>
    </test>
  </tests>
</testing-report>
