Content-type: text/xml

<?xml version="1.0" encoding="utf-8"?>
<testing-report run-id="111" judge-id="41" status="RT" scoring="ACM" run-tests="1" contest-id="3204" real-time-available="yes" max-memory-used-available="yes" correct-available="yes" failed-test="1" time-limit-ms="2000" real-time-limit-ms="5000" marked-flag="no" >
  <uuid>8aaf372f-0652-433d-b8de-37e47169c471</uuid>
  <host>localhost.localdomain</host>
  <cpu-model>Intel(R) Pentium(R) CPU 3550M @ 2.30GHz</cpu-model>
  <cpu-mhz>2294.738</cpu-mhz>
  <compiler_output></compiler_output>
  <tests>
    <test num="1" status="RT" exit-code="1" time="14" real-time="15" max-memory-used="307200" >
  <program-stats-str>{ utime=14, stime=0, ptime=14, rtime=15, maxvsz=307200, maxrss=5136384, nvcsw=1, nivcsw=5 }</program-stats-str>
      <input size="12">1 -2 3 -4 5
</input>
      <output size="0"></output>
      <stderr size="174">Traceback (most recent call last):
  File &quot;./000111&quot;, line 4, in &lt;module&gt;
    a=int(input())
  File &quot;&lt;string&gt;&quot;, line 1
    1 -2 3 -4 5
         ^
SyntaxError: invalid syntax
</stderr>
    </test>
  </tests>
</testing-report>
