Content-type: text/xml

<?xml version="1.0" encoding="utf-8"?>
<testing-report run-id="196" judge-id="126" status="SE" scoring="ACM" run-tests="1" contest-id="3204" real-time-available="yes" max-memory-used-available="yes" correct-available="yes" failed-test="1" time-limit-ms="2000" real-time-limit-ms="5000" marked-flag="no" >
  <uuid>764f8ad7-d423-4458-b50a-4ed63e323f70</uuid>
  <host>localhost.localdomain</host>
  <cpu-model>Intel(R) Pentium(R) CPU 3550M @ 2.30GHz</cpu-model>
  <cpu-mhz>2294.738</cpu-mhz>
  <compiler_output></compiler_output>
  <tests>
    <test num="1" status="SE" time="285" real-time="295" max-memory-used="18698240" >
  <program-stats-str>{ utime=255, stime=30, ptime=285, rtime=295, maxvsz=18698240, maxrss=19247104, nvcsw=1, nivcsw=35 }</program-stats-str>
      <input size="10">1 2 3 4 5
</input>
      <output size="0"></output>
      <stderr size="280">Can't open '/usr/share/abrt/conf.d/plugins/python3.conf': Operation not permitted
Can't open '/etc/abrt/plugins/python3.conf': Operation not permitted
Traceback (most recent call last):
  File &quot;./000196&quot;, line 5, in &lt;module&gt;
    x = int(input())
EOFError: EOF when reading a line
</stderr>
    </test>
  </tests>
</testing-report>
