Content-type: text/xml

<?xml version="1.0" encoding="utf-8"?>
<testing-report run-id="138" judge-id="68" status="RT" scoring="ACM" run-tests="1" contest-id="3204" real-time-available="yes" max-memory-used-available="yes" correct-available="yes" failed-test="1" time-limit-ms="2000" real-time-limit-ms="5000" marked-flag="no" >
  <uuid>c75ea00f-b75e-4245-b15b-43ca984d7e0d</uuid>
  <host>localhost.localdomain</host>
  <cpu-model>Intel(R) Pentium(R) CPU 3550M @ 2.30GHz</cpu-model>
  <cpu-mhz>2294.738</cpu-mhz>
  <compiler_output></compiler_output>
  <tests>
    <test num="1" status="RT" exit-code="1" time="73" real-time="78" max-memory-used="30339072" >
  <program-stats-str>{ utime=67, stime=6, ptime=73, rtime=78, maxvsz=30339072, maxrss=27041792, nvcsw=1, nivcsw=14 }</program-stats-str>
      <input size="12">1 -2 3 -4 5
</input>
      <output size="0"></output>
      <stderr size="175">Warning: cannot find your CPU L2 cache size in /proc/cpuinfo
  File &quot;./000138&quot;, line 4
    a=[int(i) for im input()split ()]
                    ^
SyntaxError: invalid syntax
</stderr>
    </test>
  </tests>
</testing-report>
