Content-type: text/xml

<?xml version="1.0" encoding="utf-8"?>
<testing-report run-id="134" judge-id="64" status="RT" scoring="ACM" run-tests="1" contest-id="3204" real-time-available="yes" max-memory-used-available="yes" correct-available="yes" failed-test="1" time-limit-ms="2000" real-time-limit-ms="5000" marked-flag="no" >
  <uuid>a5133fe8-3edd-4038-a80a-db1a47321a6d</uuid>
  <host>localhost.localdomain</host>
  <cpu-model>Intel(R) Pentium(R) CPU 3550M @ 2.30GHz</cpu-model>
  <cpu-mhz>2294.738</cpu-mhz>
  <compiler_output></compiler_output>
  <tests>
    <test num="1" status="RT" exit-code="1" time="14" real-time="16" max-memory-used="307200" >
  <program-stats-str>{ utime=11, stime=3, ptime=14, rtime=16, maxvsz=307200, maxrss=5386240, nvcsw=1, nivcsw=4 }</program-stats-str>
      <input size="12">1 -2 3 -4 5
</input>
      <output size="0"></output>
      <stderr size="112">  File &quot;./000134&quot;, line 7
    a=int[int for (i) in input()split)]
                ^
SyntaxError: invalid syntax
</stderr>
    </test>
  </tests>
</testing-report>
