Content-type: text/xml

<?xml version="1.0" encoding="utf-8"?>
<testing-report run-id="156" judge-id="86" status="WA" scoring="ACM" run-tests="2" contest-id="3204" real-time-available="yes" max-memory-used-available="yes" correct-available="yes" failed-test="2" time-limit-ms="2000" real-time-limit-ms="5000" marked-flag="no" >
  <uuid>c9a441ed-6fa2-4b7b-b7b6-f990b8be97e1</uuid>
  <host>localhost.localdomain</host>
  <cpu-model>Intel(R) Pentium(R) CPU 3550M @ 2.30GHz</cpu-model>
  <cpu-mhz>2294.738</cpu-mhz>
  <compiler_output></compiler_output>
  <tests>
    <test num="1" status="OK" time="30" real-time="31" max-memory-used="307200"  checker-comment="OK" >
  <program-stats-str>{ utime=25, stime=5, ptime=30, rtime=31, maxvsz=307200, maxrss=6205440, nvcsw=1, nivcsw=6 }</program-stats-str>
  <checker-stats-str>{ utime=0, stime=0, ptime=0, rtime=2, maxvsz=307200, maxrss=2387968, nvcsw=1, nivcsw=1 }</checker-stats-str>
      <input size="10">1 2 3 4 5
</input>
      <output size="2">0
</output>
      <correct size="2">0
</correct>
      <stderr size="0"></stderr>
      <checker size="3">OK
</checker>
    </test>
    <test num="2" status="WA" time="26" real-time="30" max-memory-used="307200"  checker-comment="Answers do not match: output: 1, correct: 0" >
  <program-stats-str>{ utime=19, stime=7, ptime=26, rtime=30, maxvsz=307200, maxrss=6209536, nvcsw=1, nivcsw=6 }</program-stats-str>
  <checker-stats-str>{ utime=0, stime=0, ptime=0, rtime=1, maxvsz=307200, maxrss=2387968, nvcsw=1, nivcsw=1 }</checker-stats-str>
      <input size="10">5 4 3 2 1
</input>
      <output size="2">1
</output>
      <correct size="2">0
</correct>
      <stderr size="0"></stderr>
      <checker size="44">Answers do not match: output: 1, correct: 0
</checker>
    </test>
  </tests>
</testing-report>
