Content-type: text/xml

<?xml version="1.0" encoding="utf-8"?>
<testing-report run-id="101" judge-id="31" status="RT" scoring="ACM" run-tests="1" contest-id="3204" real-time-available="yes" max-memory-used-available="yes" correct-available="yes" failed-test="1" time-limit-ms="2000" real-time-limit-ms="5000" marked-flag="no" >
  <uuid>37620acf-6c0a-484e-b85c-f74bb104fd6c</uuid>
  <host>localhost.localdomain</host>
  <cpu-model>Intel(R) Pentium(R) CPU 3550M @ 2.30GHz</cpu-model>
  <cpu-mhz>2294.738</cpu-mhz>
  <compiler_output></compiler_output>
  <tests>
    <test num="1" status="RT" exit-code="1" time="13" real-time="16" max-memory-used="307200" >
  <program-stats-str>{ utime=11, stime=2, ptime=13, rtime=16, maxvsz=307200, maxrss=5259264, nvcsw=1, nivcsw=4 }</program-stats-str>
      <input size="12">1 -2 3 -4 5
</input>
      <output size="0"></output>
      <stderr size="197">Traceback (most recent call last):
  File &quot;./000101&quot;, line 4, in &lt;module&gt;
    a = [int(i) for i in input().split()]
  File &quot;&lt;string&gt;&quot;, line 1
    1 -2 3 -4 5
         ^
SyntaxError: invalid syntax
</stderr>
    </test>
  </tests>
</testing-report>
