Content-type: text/xml

<?xml version="1.0" encoding="utf-8"?>
<testing-report run-id="115" judge-id="45" status="WA" scoring="ACM" run-tests="1" contest-id="3204" real-time-available="yes" max-memory-used-available="yes" correct-available="yes" failed-test="1" time-limit-ms="2000" real-time-limit-ms="5000" marked-flag="no" >
  <uuid>0dc53f60-1e61-467f-9262-79337475bdec</uuid>
  <host>localhost.localdomain</host>
  <cpu-model>Intel(R) Pentium(R) CPU 3550M @ 2.30GHz</cpu-model>
  <cpu-mhz>2294.738</cpu-mhz>
  <compiler_output></compiler_output>
  <tests>
    <test num="1" status="WA" time="26" real-time="28" max-memory-used="307200"  checker-comment="Answers differ: [1]: output: 1, correct: 5" >
  <program-stats-str>{ utime=26, stime=0, ptime=26, rtime=28, maxvsz=307200, maxrss=6246400, nvcsw=1, nivcsw=4 }</program-stats-str>
  <checker-stats-str>{ utime=0, stime=0, ptime=0, rtime=1, maxvsz=307200, maxrss=2387968, nvcsw=1, nivcsw=1 }</checker-stats-str>
      <input size="10">1 2 3 4 5
</input>
      <output size="6">1
3
5
</output>
      <correct size="11">5 1 2 3 4 
</correct>
      <stderr size="0"></stderr>
      <checker size="43">Answers differ: [1]: output: 1, correct: 5
</checker>
    </test>
  </tests>
</testing-report>
