Content-type: text/xml

<?xml version="1.0" encoding="utf-8"?>
<testing-report run-id="137" judge-id="67" status="SE" scoring="ACM" run-tests="1" contest-id="3204" real-time-available="yes" max-memory-used-available="yes" correct-available="yes" failed-test="1" time-limit-ms="2000" real-time-limit-ms="5000" marked-flag="no" >
  <uuid>0c85bebe-e733-4229-bf32-412fe8397366</uuid>
  <host>localhost.localdomain</host>
  <cpu-model>Intel(R) Pentium(R) CPU 3550M @ 2.30GHz</cpu-model>
  <cpu-mhz>2294.738</cpu-mhz>
  <compiler_output></compiler_output>
  <tests>
    <test num="1" status="SE" time="282" real-time="297" max-memory-used="18698240" >
  <program-stats-str>{ utime=269, stime=13, ptime=282, rtime=297, maxvsz=18698240, maxrss=19554304, nvcsw=1, nivcsw=38 }</program-stats-str>
      <input size="12">1 -2 3 -4 5
</input>
      <output size="0"></output>
      <stderr size="270">Can't open '/usr/share/abrt/conf.d/plugins/python3.conf': Operation not permitted
Can't open '/etc/abrt/plugins/python3.conf': Operation not permitted
  File &quot;./000137&quot;, line 4
    a=[int(i) for im input()split ()]
                         ^
SyntaxError: invalid syntax
</stderr>
    </test>
  </tests>
</testing-report>
