Content-type: text/xml

<?xml version="1.0" encoding="utf-8"?>
<testing-report run-id="256" judge-id="1" status="PE" scoring="ACM" run-tests="2" contest-id="3204" real-time-available="yes" max-memory-used-available="yes" correct-available="yes" failed-test="2" time-limit-ms="2000" real-time-limit-ms="5000" marked-flag="no" >
  <uuid>9bfdcf47-546b-479a-bca2-08f156aacfc8</uuid>
  <host>localhost.localdomain</host>
  <cpu-model>Intel(R) Pentium(R) CPU 3550M @ 2.30GHz</cpu-model>
  <cpu-mhz>2294.738</cpu-mhz>
  <compiler_output></compiler_output>
  <tests>
    <test num="1" status="OK" time="73" real-time="77" max-memory-used="30339072"  checker-comment="OK" >
  <program-stats-str>{ utime=63, stime=10, ptime=73, rtime=77, maxvsz=30339072, maxrss=27107328, nvcsw=1, nivcsw=10 }</program-stats-str>
  <checker-stats-str>{ utime=0, stime=0, ptime=0, rtime=1, maxvsz=307200, maxrss=2367488, nvcsw=1, nivcsw=2 }</checker-stats-str>
      <input size="37">165 163 160 160 157 157 155 154 
162
</input>
      <output size="2">3
</output>
      <correct size="2">3
</correct>
      <stderr size="61">Warning: cannot find your CPU L2 cache size in /proc/cpuinfo
</stderr>
      <checker size="3">OK
</checker>
    </test>
    <test num="2" status="PE" time="72" real-time="77" max-memory-used="30339072"  checker-comment="user program output: garbage where EOF expected" >
  <program-stats-str>{ utime=66, stime=6, ptime=72, rtime=77, maxvsz=30339072, maxrss=26972160, nvcsw=1, nivcsw=11 }</program-stats-str>
  <checker-stats-str>{ utime=0, stime=0, ptime=0, rtime=1, maxvsz=307200, maxrss=2367488, nvcsw=1, nivcsw=1 }</checker-stats-str>
      <input size="37">165 163 160 160 157 157 155 154 
160
</input>
      <output size="6">3
4
5
</output>
      <correct size="2">5
</correct>
      <stderr size="61">Warning: cannot find your CPU L2 cache size in /proc/cpuinfo
</stderr>
      <checker size="48">user program output: garbage where EOF expected
</checker>
    </test>
  </tests>
</testing-report>
