Content-type: text/xml

<?xml version="1.0" encoding="utf-8"?>
<testing-report run-id="213" judge-id="1" status="WA" scoring="ACM" run-tests="1" contest-id="3204" real-time-available="yes" max-memory-used-available="yes" correct-available="yes" failed-test="1" time-limit-ms="2000" real-time-limit-ms="5000" marked-flag="no" >
  <uuid>8e38890d-3093-4e63-a202-1757d42eb408</uuid>
  <host>localhost.localdomain</host>
  <cpu-model>Intel(R) Pentium(R) CPU 3550M @ 2.30GHz</cpu-model>
  <cpu-mhz>2294.738</cpu-mhz>
  <compiler_output></compiler_output>
  <tests>
    <test num="1" status="WA" time="32" real-time="150" max-memory-used="307200"  checker-comment="Answers do not match: output: 2, correct: 3" >
  <program-stats-str>{ utime=23, stime=9, ptime=32, rtime=150, maxvsz=307200, maxrss=6205440, nvcsw=1, nivcsw=6 }</program-stats-str>
  <checker-stats-str>{ utime=0, stime=1, ptime=1, rtime=3, maxvsz=307200, maxrss=2387968, nvcsw=1, nivcsw=1 }</checker-stats-str>
      <input size="37">165 163 160 160 157 157 155 154 
162
</input>
      <output size="2">2
</output>
      <correct size="2">3
</correct>
      <stderr size="0"></stderr>
      <checker size="44">Answers do not match: output: 2, correct: 3
</checker>
    </test>
  </tests>
</testing-report>
