Content-type: text/xml

<?xml version="1.0" encoding="utf-8"?>
<testing-report run-id="207" judge-id="137" status="WA" scoring="ACM" run-tests="2" contest-id="3204" real-time-available="yes" max-memory-used-available="yes" correct-available="yes" failed-test="2" time-limit-ms="2000" real-time-limit-ms="5000" marked-flag="no" >
  <uuid>a8138157-ffe6-47d1-9dd3-16aba8d5cb66</uuid>
  <host>localhost.localdomain</host>
  <cpu-model>Intel(R) Pentium(R) CPU 3550M @ 2.30GHz</cpu-model>
  <cpu-mhz>2294.738</cpu-mhz>
  <compiler_output></compiler_output>
  <tests>
    <test num="1" status="OK" time="27" real-time="28" max-memory-used="307200"  checker-comment="OK" >
  <program-stats-str>{ utime=21, stime=6, ptime=27, rtime=28, maxvsz=307200, maxrss=6107136, nvcsw=1, nivcsw=4 }</program-stats-str>
  <checker-stats-str>{ utime=0, stime=0, ptime=0, rtime=1, maxvsz=307200, maxrss=2387968, nvcsw=1, nivcsw=1 }</checker-stats-str>
      <input size="12">1 2 2 3 3 3
</input>
      <output size="2">1
</output>
      <correct size="3">1 
</correct>
      <stderr size="0"></stderr>
      <checker size="3">OK
</checker>
    </test>
    <test num="2" status="WA" time="25" real-time="29" max-memory-used="307200"  checker-comment="Answers differ: [2]: output: 3, correct: 2" >
  <program-stats-str>{ utime=23, stime=2, ptime=25, rtime=29, maxvsz=307200, maxrss=6340608, nvcsw=1, nivcsw=6 }</program-stats-str>
  <checker-stats-str>{ utime=0, stime=0, ptime=0, rtime=2, maxvsz=307200, maxrss=2387968, nvcsw=1, nivcsw=1 }</checker-stats-str>
      <input size="16">4 3 5 2 5 1 3 5
</input>
      <output size="16">4
3
5
2
5
1
3
5
</output>
      <correct size="7">4 2 1 
</correct>
      <stderr size="0"></stderr>
      <checker size="43">Answers differ: [2]: output: 3, correct: 2
</checker>
    </test>
  </tests>
</testing-report>
