Content-type: text/xml

<?xml version="1.0" encoding="utf-8"?>
<testing-report run-id="262" judge-id="6" status="OK" scoring="ACM" run-tests="10" contest-id="3204" real-time-available="yes" max-memory-used-available="yes" correct-available="yes" time-limit-ms="2000" real-time-limit-ms="5000" marked-flag="no" >
  <uuid>05a2fa14-8d2b-4fd6-93f1-6614539fbaf6</uuid>
  <host>localhost.localdomain</host>
  <cpu-model>Intel(R) Pentium(R) CPU 3550M @ 2.30GHz</cpu-model>
  <cpu-mhz>2294.738</cpu-mhz>
  <compiler_output></compiler_output>
  <tests>
    <test num="1" status="OK" time="74" real-time="80" max-memory-used="30339072"  checker-comment="OK" >
  <program-stats-str>{ utime=64, stime=10, ptime=74, rtime=80, maxvsz=30339072, maxrss=27041792, nvcsw=1, nivcsw=13 }</program-stats-str>
  <checker-stats-str>{ utime=0, stime=0, ptime=0, rtime=2, maxvsz=307200, maxrss=2658304, nvcsw=1, nivcsw=1 }</checker-stats-str>
      <input size="12">1 2 2 3 3 3
</input>
      <output size="2">1
</output>
      <correct size="3">1 
</correct>
      <stderr size="61">Warning: cannot find your CPU L2 cache size in /proc/cpuinfo
</stderr>
      <checker size="3">OK
</checker>
    </test>
    <test num="2" status="OK" time="72" real-time="78" max-memory-used="30339072"  checker-comment="OK" >
  <program-stats-str>{ utime=63, stime=9, ptime=72, rtime=78, maxvsz=30339072, maxrss=27017216, nvcsw=1, nivcsw=12 }</program-stats-str>
  <checker-stats-str>{ utime=0, stime=1, ptime=1, rtime=2, maxvsz=307200, maxrss=2658304, nvcsw=1, nivcsw=2 }</checker-stats-str>
      <input size="16">4 3 5 2 5 1 3 5
</input>
      <output size="6">4
2
1
</output>
      <correct size="7">4 2 1 
</correct>
      <stderr size="61">Warning: cannot find your CPU L2 cache size in /proc/cpuinfo
</stderr>
      <checker size="3">OK
</checker>
    </test>
    <test num="3" status="OK" time="72" real-time="79" max-memory-used="30339072"  checker-comment="OK" >
  <program-stats-str>{ utime=59, stime=13, ptime=72, rtime=79, maxvsz=30339072, maxrss=27234304, nvcsw=1, nivcsw=16 }</program-stats-str>
  <checker-stats-str>{ utime=1, stime=0, ptime=1, rtime=2, maxvsz=307200, maxrss=2658304, nvcsw=1, nivcsw=1 }</checker-stats-str>
      <input size="157">0 22 25 13 1 13 18 27 28 1 2 7 26 15 3 27 6 20 13 16 12 23 29 9 16 16 13 27 28 25 10 23 23 6 6 4 11 28 13 10 0 16 25 4 18 15 21 7 17 28 28 5 8 22 0 0 13 12 
</input>
      <output size="28">2
26
3
20
29
9
11
21
17
5
8
</output>
      <correct size="29">2 26 3 20 29 9 11 21 17 5 8 
</correct>
      <stderr size="61">Warning: cannot find your CPU L2 cache size in /proc/cpuinfo
</stderr>
      <checker size="3">OK
</checker>
    </test>
    <test num="4" status="OK" time="72" real-time="77" max-memory-used="30339072"  checker-comment="OK" >
  <program-stats-str>{ utime=54, stime=18, ptime=72, rtime=77, maxvsz=30339072, maxrss=26939392, nvcsw=1, nivcsw=10 }</program-stats-str>
  <checker-stats-str>{ utime=0, stime=0, ptime=0, rtime=1, maxvsz=307200, maxrss=2658304, nvcsw=1, nivcsw=1 }</checker-stats-str>
      <input size="221">29 29 1 14 10 2 12 7 6 28 15 10 15 11 25 12 27 19 21 20 14 22 14 18 8 18 12 2 12 18 6 12 17 26 22 24 9 26 3 3 13 11 1 12 16 27 18 22 10 2 25 11 3 15 20 10 27 3 27 15 5 11 4 11 17 12 10 4 17 24 4 22 1 14 20 3 18 25 16 26 
</input>
      <output size="20">7
28
19
21
8
9
13
5
</output>
      <correct size="21">7 28 19 21 8 9 13 5 
</correct>
      <stderr size="61">Warning: cannot find your CPU L2 cache size in /proc/cpuinfo
</stderr>
      <checker size="3">OK
</checker>
    </test>
    <test num="5" status="OK" time="73" real-time="79" max-memory-used="30339072"  checker-comment="OK" >
  <program-stats-str>{ utime=70, stime=3, ptime=73, rtime=79, maxvsz=30339072, maxrss=27021312, nvcsw=1, nivcsw=12 }</program-stats-str>
  <checker-stats-str>{ utime=0, stime=0, ptime=0, rtime=2, maxvsz=307200, maxrss=2658304, nvcsw=1, nivcsw=1 }</checker-stats-str>
      <input size="227">20 28 27 25 0 19 4 25 9 28 13 23 6 5 8 7 13 17 2 21 12 13 3 12 16 29 23 1 17 18 1 15 6 16 27 21 24 23 11 18 25 8 0 4 4 17 16 8 21 10 8 14 4 16 4 12 29 6 11 0 23 0 13 12 19 28 2 0 5 13 9 17 21 21 9 29 19 28 25 2 14 22 23 25 12 
</input>
      <output size="19">20
7
3
15
24
10
22
</output>
      <correct size="20">20 7 3 15 24 10 22 
</correct>
      <stderr size="61">Warning: cannot find your CPU L2 cache size in /proc/cpuinfo
</stderr>
      <checker size="3">OK
</checker>
    </test>
    <test num="6" status="OK" time="75" real-time="81" max-memory-used="30339072"  checker-comment="OK" >
  <program-stats-str>{ utime=68, stime=7, ptime=75, rtime=81, maxvsz=30339072, maxrss=27238400, nvcsw=1, nivcsw=9 }</program-stats-str>
  <checker-stats-str>{ utime=0, stime=0, ptime=0, rtime=2, maxvsz=307200, maxrss=2658304, nvcsw=1, nivcsw=1 }</checker-stats-str>
      <input size="22">6 9 6 23 12 19 14 26 
</input>
      <output size="17">9
23
12
19
14
26
</output>
      <correct size="18">9 23 12 19 14 26 
</correct>
      <stderr size="61">Warning: cannot find your CPU L2 cache size in /proc/cpuinfo
</stderr>
      <checker size="3">OK
</checker>
    </test>
    <test num="7" status="OK" time="73" real-time="79" max-memory-used="30339072"  checker-comment="OK" >
  <program-stats-str>{ utime=61, stime=12, ptime=73, rtime=79, maxvsz=30339072, maxrss=27021312, nvcsw=1, nivcsw=15 }</program-stats-str>
  <checker-stats-str>{ utime=0, stime=0, ptime=0, rtime=1, maxvsz=307200, maxrss=2658304, nvcsw=1, nivcsw=1 }</checker-stats-str>
      <input size="136">23 0 19 12 12 0 8 5 1 4 18 15 8 16 17 26 9 17 29 6 15 29 6 20 18 0 26 6 6 25 28 4 19 23 13 29 17 25 16 14 14 29 3 23 18 20 19 20 9 3 0 
</input>
      <output size="10">5
1
28
13
</output>
      <correct size="11">5 1 28 13 
</correct>
      <stderr size="61">Warning: cannot find your CPU L2 cache size in /proc/cpuinfo
</stderr>
      <checker size="3">OK
</checker>
    </test>
    <test num="8" status="OK" time="74" real-time="78" max-memory-used="30339072"  checker-comment="OK" >
  <program-stats-str>{ utime=67, stime=7, ptime=74, rtime=78, maxvsz=30339072, maxrss=27127808, nvcsw=1, nivcsw=11 }</program-stats-str>
  <checker-stats-str>{ utime=0, stime=0, ptime=0, rtime=1, maxvsz=307200, maxrss=2658304, nvcsw=1, nivcsw=1 }</checker-stats-str>
      <input size="21">21 21 16 20 28 28 7 
</input>
      <output size="8">16
20
7
</output>
      <correct size="9">16 20 7 
</correct>
      <stderr size="61">Warning: cannot find your CPU L2 cache size in /proc/cpuinfo
</stderr>
      <checker size="3">OK
</checker>
    </test>
    <test num="9" status="OK" time="74" real-time="82" max-memory-used="30339072"  checker-comment="OK" >
  <program-stats-str>{ utime=71, stime=3, ptime=74, rtime=82, maxvsz=30339072, maxrss=27107328, nvcsw=1, nivcsw=11 }</program-stats-str>
  <checker-stats-str>{ utime=0, stime=0, ptime=0, rtime=1, maxvsz=307200, maxrss=2658304, nvcsw=1, nivcsw=1 }</checker-stats-str>
      <input size="4">21 
</input>
      <output size="3">21
</output>
      <correct size="4">21 
</correct>
      <stderr size="61">Warning: cannot find your CPU L2 cache size in /proc/cpuinfo
</stderr>
      <checker size="3">OK
</checker>
    </test>
    <test num="10" status="OK" time="74" real-time="78" max-memory-used="30339072"  checker-comment="OK" >
  <program-stats-str>{ utime=58, stime=16, ptime=74, rtime=78, maxvsz=30339072, maxrss=27152384, nvcsw=1, nivcsw=12 }</program-stats-str>
  <checker-stats-str>{ utime=0, stime=0, ptime=0, rtime=1, maxvsz=307200, maxrss=2658304, nvcsw=1, nivcsw=1 }</checker-stats-str>
      <input size="15">5 2 29 4 28 8 
</input>
      <output size="14">5
2
29
4
28
8
</output>
      <correct size="15">5 2 29 4 28 8 
</correct>
      <stderr size="61">Warning: cannot find your CPU L2 cache size in /proc/cpuinfo
</stderr>
      <checker size="3">OK
</checker>
    </test>
  </tests>
</testing-report>
