Content-type: text/xml

<?xml version="1.0" encoding="utf-8"?>
<testing-report run-id="222" judge-id="3" status="WA" scoring="ACM" run-tests="1" contest-id="3204" real-time-available="yes" max-memory-used-available="yes" correct-available="yes" failed-test="1" time-limit-ms="2000" real-time-limit-ms="5000" marked-flag="no" >
  <uuid>5cea9fb0-126f-49ba-af52-9a1adcded301</uuid>
  <host>localhost.localdomain</host>
  <cpu-model>Intel(R) Pentium(R) CPU 3550M @ 2.30GHz</cpu-model>
  <cpu-mhz>2294.738</cpu-mhz>
  <compiler_output></compiler_output>
  <tests>
    <test num="1" status="WA" time="26" real-time="29" max-memory-used="307200"  checker-comment="Line 1 differs: output: ?I . . . . . I . . .? correct: ?I.....I...?" >
  <program-stats-str>{ utime=23, stime=3, ptime=26, rtime=29, maxvsz=307200, maxrss=6393856, nvcsw=1, nivcsw=6 }</program-stats-str>
  <checker-stats-str>{ utime=0, stime=0, ptime=0, rtime=2, maxvsz=307200, maxrss=2387968, nvcsw=1, nivcsw=1 }</checker-stats-str>
      <input size="18">10 3
8 10
2 5
3 6
</input>
      <output size="20">I . . . . . I . . .
</output>
      <correct size="11">I.....I...
</correct>
      <stderr size="0"></stderr>
      <checker size="68">Line 1 differs: output:
&gt;I . . . . . I . . .&lt;
correct:
&gt;I.....I...&lt;
</checker>
    </test>
  </tests>
</testing-report>
