Content-type: text/xml

<?xml version="1.0" encoding="utf-8"?>
<testing-report run-id="21" judge-id="22" status="WA" scoring="ACM" run-tests="1" contest-id="3205" real-time-available="yes" max-memory-used-available="yes" correct-available="yes" failed-test="1" time-limit-ms="2000" real-time-limit-ms="5000" marked-flag="no" >
  <uuid>4eb32763-d4b5-4853-960c-58ea1943a20b</uuid>
  <host>localhost.localdomain</host>
  <cpu-model>Intel(R) Pentium(R) CPU 3550M @ 2.30GHz</cpu-model>
  <cpu-mhz>2294.738</cpu-mhz>
  <compiler_output></compiler_output>
  <tests>
    <test num="1" status="WA" time="71" real-time="77" max-memory-used="30339072"  checker-comment="Answers do not match: output: 0, correct: 1" >
  <program-stats-str>{ utime=66, stime=5, ptime=71, rtime=77, maxvsz=30339072, maxrss=27103232, nvcsw=1, nivcsw=10 }</program-stats-str>
  <checker-stats-str>{ utime=0, stime=0, ptime=0, rtime=2, maxvsz=307200, maxrss=2387968, nvcsw=1, nivcsw=1 }</checker-stats-str>
      <input size="12">5 -4 3 -2 1
</input>
      <output size="2">0
</output>
      <correct size="2">1
</correct>
      <stderr size="61">Warning: cannot find your CPU L2 cache size in /proc/cpuinfo
</stderr>
      <checker size="44">Answers do not match: output: 0, correct: 1
</checker>
    </test>
  </tests>
</testing-report>
