Content-type: text/xml

<?xml version="1.0" encoding="utf-8"?>
<testing-report run-id="76" judge-id="1" status="PE" scoring="ACM" run-tests="1" contest-id="3205" real-time-available="yes" max-memory-used-available="yes" correct-available="yes" failed-test="1" time-limit-ms="2000" real-time-limit-ms="5000" marked-flag="no" >
  <uuid>e7577156-95e4-487d-a10d-1ec238b94ee8</uuid>
  <host>localhost.localdomain</host>
  <cpu-model>Intel(R) Pentium(R) CPU 3550M @ 2.30GHz</cpu-model>
  <cpu-mhz>2294.738</cpu-mhz>
  <compiler_output></compiler_output>
  <tests>
    <test num="1" status="PE" time="27" real-time="128" max-memory-used="307200"  checker-comment="User answer is neither `yes' nor `no' (case insensitive)" >
  <program-stats-str>{ utime=27, stime=0, ptime=27, rtime=128, maxvsz=307200, maxrss=6307840, nvcsw=1, nivcsw=6 }</program-stats-str>
  <checker-stats-str>{ utime=0, stime=0, ptime=0, rtime=3, maxvsz=307200, maxrss=2961408, nvcsw=1, nivcsw=1 }</checker-stats-str>
      <input size="4">1
1
</input>
      <output size="2">1 </output>
      <correct size="4">yes
</correct>
      <stderr size="0"></stderr>
      <checker size="57">User answer is neither `yes' nor `no' (case insensitive)
</checker>
    </test>
  </tests>
</testing-report>
