Content-type: text/xml

<?xml version="1.0" encoding="utf-8"?>
<testing-report run-id="53" judge-id="10" status="RT" scoring="ACM" run-tests="1" contest-id="3205" real-time-available="yes" max-memory-used-available="yes" correct-available="yes" failed-test="1" time-limit-ms="2000" real-time-limit-ms="5000" marked-flag="no" >
  <uuid>25c4a7e7-bae4-4326-9d7e-68a07d6ccc10</uuid>
  <host>localhost.localdomain</host>
  <cpu-model>Intel(R) Pentium(R) CPU 3550M @ 2.30GHz</cpu-model>
  <cpu-mhz>2294.738</cpu-mhz>
  <compiler_output></compiler_output>
  <tests>
    <test num="1" status="RT" exit-code="1" time="74" real-time="78" max-memory-used="30339072" >
  <program-stats-str>{ utime=61, stime=13, ptime=74, rtime=78, maxvsz=30339072, maxrss=27484160, nvcsw=1, nivcsw=10 }</program-stats-str>
      <input size="4">1
1
</input>
      <output size="0"></output>
      <stderr size="187">Warning: cannot find your CPU L2 cache size in /proc/cpuinfo
Traceback (most recent call last):
  File &quot;./000053&quot;, line 10, in &lt;module&gt;
    a = true
NameError: name 'true' is not defined
</stderr>
    </test>
  </tests>
</testing-report>
