Content-type: text/xml

<?xml version="1.0" encoding="utf-8"?>
<testing-report run-id="18" judge-id="19" status="WA" scoring="ACM" run-tests="2" contest-id="3205" real-time-available="yes" max-memory-used-available="yes" correct-available="yes" failed-test="2" time-limit-ms="2000" real-time-limit-ms="5000" marked-flag="no" >
  <uuid>d3bd4c78-0a12-436f-817b-b829d12fa638</uuid>
  <host>localhost.localdomain</host>
  <cpu-model>Intel(R) Pentium(R) CPU 3550M @ 2.30GHz</cpu-model>
  <cpu-mhz>2294.738</cpu-mhz>
  <compiler_output></compiler_output>
  <tests>
    <test num="1" status="OK" time="75" real-time="78" max-memory-used="30339072"  checker-comment="OK" >
  <program-stats-str>{ utime=68, stime=7, ptime=75, rtime=78, maxvsz=30339072, maxrss=27181056, nvcsw=1, nivcsw=10 }</program-stats-str>
  <checker-stats-str>{ utime=0, stime=0, ptime=0, rtime=1, maxvsz=307200, maxrss=2387968, nvcsw=1, nivcsw=1 }</checker-stats-str>
      <input size="12">5 -4 3 -2 1
</input>
      <output size="2">1
</output>
      <correct size="2">1
</correct>
      <stderr size="61">Warning: cannot find your CPU L2 cache size in /proc/cpuinfo
</stderr>
      <checker size="3">OK
</checker>
    </test>
    <test num="2" status="WA" time="73" real-time="79" max-memory-used="30339072"  checker-comment="Answers do not match: output: 1, correct: 5" >
  <program-stats-str>{ utime=62, stime=11, ptime=73, rtime=79, maxvsz=30339072, maxrss=27140096, nvcsw=1, nivcsw=13 }</program-stats-str>
  <checker-stats-str>{ utime=0, stime=0, ptime=0, rtime=1, maxvsz=307200, maxrss=2387968, nvcsw=1, nivcsw=1 }</checker-stats-str>
      <input size="14">10 5 0 -5 -10
</input>
      <output size="2">1
</output>
      <correct size="2">5
</correct>
      <stderr size="61">Warning: cannot find your CPU L2 cache size in /proc/cpuinfo
</stderr>
      <checker size="44">Answers do not match: output: 1, correct: 5
</checker>
    </test>
  </tests>
</testing-report>
