Content-type: text/xml

<?xml version="1.0" encoding="utf-8"?>
<testing-report run-id="77" judge-id="2" status="OK" scoring="ACM" run-tests="26" contest-id="3205" real-time-available="yes" max-memory-used-available="yes" correct-available="yes" time-limit-ms="2000" real-time-limit-ms="5000" marked-flag="no" >
  <uuid>7bb318c0-546e-4922-9b7b-54876bbf4183</uuid>
  <host>localhost.localdomain</host>
  <cpu-model>Intel(R) Pentium(R) CPU 3550M @ 2.30GHz</cpu-model>
  <cpu-mhz>2294.738</cpu-mhz>
  <compiler_output></compiler_output>
  <tests>
    <test num="1" status="OK" time="27" real-time="29" max-memory-used="307200"  checker-comment="OK" >
  <program-stats-str>{ utime=18, stime=9, ptime=27, rtime=29, maxvsz=307200, maxrss=6307840, nvcsw=1, nivcsw=4 }</program-stats-str>
  <checker-stats-str>{ utime=0, stime=0, ptime=0, rtime=1, maxvsz=307200, maxrss=2969600, nvcsw=1, nivcsw=1 }</checker-stats-str>
      <input size="4">1
1
</input>
      <output size="4">yes
</output>
      <correct size="4">yes
</correct>
      <stderr size="0"></stderr>
      <checker size="3">OK
</checker>
    </test>
    <test num="2" status="OK" time="26" real-time="30" max-memory-used="307200"  checker-comment="OK" >
  <program-stats-str>{ utime=24, stime=2, ptime=26, rtime=30, maxvsz=307200, maxrss=6344704, nvcsw=1, nivcsw=9 }</program-stats-str>
  <checker-stats-str>{ utime=0, stime=0, ptime=0, rtime=0, maxvsz=307200, maxrss=2969600, nvcsw=1, nivcsw=1 }</checker-stats-str>
      <input size="10">2
0 1
1 2
</input>
      <output size="4">yes
</output>
      <correct size="4">yes
</correct>
      <stderr size="0"></stderr>
      <checker size="3">OK
</checker>
    </test>
    <test num="3" status="OK" time="27" real-time="30" max-memory-used="307200"  checker-comment="OK" >
  <program-stats-str>{ utime=22, stime=5, ptime=27, rtime=30, maxvsz=307200, maxrss=6262784, nvcsw=1, nivcsw=6 }</program-stats-str>
  <checker-stats-str>{ utime=0, stime=0, ptime=0, rtime=2, maxvsz=307200, maxrss=2969600, nvcsw=1, nivcsw=1 }</checker-stats-str>
      <input size="10">2
0 0
0 0
</input>
      <output size="4">yes
</output>
      <correct size="4">yes
</correct>
      <stderr size="0"></stderr>
      <checker size="3">OK
</checker>
    </test>
    <test num="4" status="OK" time="28" real-time="31" max-memory-used="307200"  checker-comment="OK" >
  <program-stats-str>{ utime=25, stime=3, ptime=28, rtime=31, maxvsz=307200, maxrss=6086656, nvcsw=1, nivcsw=8 }</program-stats-str>
  <checker-stats-str>{ utime=0, stime=0, ptime=0, rtime=2, maxvsz=307200, maxrss=2969600, nvcsw=1, nivcsw=1 }</checker-stats-str>
      <input size="10">2
0 0
1 1
</input>
      <output size="3">no
</output>
      <correct size="3">no
</correct>
      <stderr size="0"></stderr>
      <checker size="3">OK
</checker>
    </test>
    <test num="5" status="OK" time="28" real-time="31" max-memory-used="307200"  checker-comment="OK" >
  <program-stats-str>{ utime=19, stime=9, ptime=28, rtime=31, maxvsz=307200, maxrss=6344704, nvcsw=1, nivcsw=7 }</program-stats-str>
  <checker-stats-str>{ utime=0, stime=0, ptime=0, rtime=2, maxvsz=307200, maxrss=2969600, nvcsw=1, nivcsw=1 }</checker-stats-str>
      <input size="20">3
0 1 2
1 5 3
2 3 4
</input>
      <output size="4">yes
</output>
      <correct size="4">yes
</correct>
      <stderr size="0"></stderr>
      <checker size="3">OK
</checker>
    </test>
    <test num="6" status="OK" time="26" real-time="28" max-memory-used="307200"  checker-comment="OK" >
  <program-stats-str>{ utime=22, stime=4, ptime=26, rtime=28, maxvsz=307200, maxrss=6311936, nvcsw=1, nivcsw=4 }</program-stats-str>
  <checker-stats-str>{ utime=0, stime=0, ptime=0, rtime=2, maxvsz=307200, maxrss=2969600, nvcsw=1, nivcsw=1 }</checker-stats-str>
      <input size="20">3
0 0 0
0 1 0
0 0 2
</input>
      <output size="4">yes
</output>
      <correct size="4">yes
</correct>
      <stderr size="0"></stderr>
      <checker size="3">OK
</checker>
    </test>
    <test num="7" status="OK" time="27" real-time="104" max-memory-used="307200"  checker-comment="OK" >
  <program-stats-str>{ utime=22, stime=5, ptime=27, rtime=104, maxvsz=307200, maxrss=6098944, nvcsw=2, nivcsw=5 }</program-stats-str>
  <checker-stats-str>{ utime=0, stime=0, ptime=0, rtime=2, maxvsz=307200, maxrss=2969600, nvcsw=1, nivcsw=1 }</checker-stats-str>
      <input size="20">3
0 0 0
0 0 0
1 0 0
</input>
      <output size="3">no
</output>
      <correct size="3">no
</correct>
      <stderr size="0"></stderr>
      <checker size="3">OK
</checker>
    </test>
    <test num="8" status="OK" time="27" real-time="28" max-memory-used="307200"  checker-comment="OK" >
  <program-stats-str>{ utime=27, stime=0, ptime=27, rtime=28, maxvsz=307200, maxrss=6361088, nvcsw=1, nivcsw=4 }</program-stats-str>
  <checker-stats-str>{ utime=0, stime=0, ptime=0, rtime=1, maxvsz=307200, maxrss=2969600, nvcsw=1, nivcsw=1 }</checker-stats-str>
      <input size="20">3
0 0 0
1 0 0
0 1 0
</input>
      <output size="3">no
</output>
      <correct size="3">no
</correct>
      <stderr size="0"></stderr>
      <checker size="3">OK
</checker>
    </test>
    <test num="9" status="OK" time="27" real-time="29" max-memory-used="307200"  checker-comment="OK" >
  <program-stats-str>{ utime=27, stime=0, ptime=27, rtime=29, maxvsz=307200, maxrss=6340608, nvcsw=1, nivcsw=3 }</program-stats-str>
  <checker-stats-str>{ utime=0, stime=0, ptime=0, rtime=3, maxvsz=307200, maxrss=2969600, nvcsw=1, nivcsw=2 }</checker-stats-str>
      <input size="203">10
0 0 0 0 0 0 0 0 0 0
0 0 0 0 0 0 0 0 0 0
0 0 0 0 0 0 0 0 0 0
0 0 0 0 0 0 0 0 0 0
0 0 0 0 0 0 0 0 0 0
0 0 0 0 0 0 0 0 0 0
0 0 0 0 0 0 0 0 0 0
0 0 0 0 0 0 0 0 0 0
0 0 0 0 0 0 0 0 0 0
0 0 0 0 0 0 0 0 0 0
</input>
      <output size="4">yes
</output>
      <correct size="4">yes
</correct>
      <stderr size="0"></stderr>
      <checker size="3">OK
</checker>
    </test>
    <test num="10" status="OK" time="27" real-time="29" max-memory-used="307200"  checker-comment="OK" >
  <program-stats-str>{ utime=27, stime=0, ptime=27, rtime=29, maxvsz=307200, maxrss=6254592, nvcsw=1, nivcsw=4 }</program-stats-str>
  <checker-stats-str>{ utime=0, stime=0, ptime=0, rtime=2, maxvsz=307200, maxrss=2969600, nvcsw=1, nivcsw=2 }</checker-stats-str>
      <input size="203">10
0 0 0 0 0 0 0 0 0 1
0 0 0 0 0 0 0 0 2 0
0 0 0 0 0 0 0 0 0 0
0 0 0 0 0 0 0 0 0 0
0 0 0 0 6 0 0 0 0 0
0 0 0 0 0 5 0 0 0 0
0 0 0 0 0 0 4 0 0 0
0 0 0 0 0 0 0 3 0 0
0 2 0 0 0 0 0 0 2 0
1 0 0 0 0 0 0 0 0 1
</input>
      <output size="4">yes
</output>
      <correct size="4">yes
</correct>
      <stderr size="0"></stderr>
      <checker size="3">OK
</checker>
    </test>
    <test num="11" status="OK" time="31" real-time="35" max-memory-used="307200"  checker-comment="OK" >
  <program-stats-str>{ utime=31, stime=0, ptime=31, rtime=35, maxvsz=307200, maxrss=6381568, nvcsw=1, nivcsw=8 }</program-stats-str>
  <checker-stats-str>{ utime=0, stime=0, ptime=0, rtime=1, maxvsz=307200, maxrss=2969600, nvcsw=1, nivcsw=1 }</checker-stats-str>
      <input size="203">10
0 0 0 0 0 0 0 0 0 0
0 0 0 0 0 0 0 0 0 0
0 0 0 0 0 0 0 0 0 0
0 0 0 0 0 0 0 0 0 0
0 0 0 0 0 0 0 0 0 0
0 0 0 0 0 0 0 0 0 0
0 0 0 0 0 0 0 0 0 0
0 0 0 0 0 0 0 0 0 0
0 0 0 0 0 0 0 0 0 0
0 0 0 0 0 0 0 0 1 0
</input>
      <output size="3">no
</output>
      <correct size="3">no
</correct>
      <stderr size="0"></stderr>
      <checker size="3">OK
</checker>
    </test>
    <test num="12" status="OK" time="29" real-time="31" max-memory-used="307200"  checker-comment="OK" >
  <program-stats-str>{ utime=22, stime=7, ptime=29, rtime=31, maxvsz=307200, maxrss=6254592, nvcsw=1, nivcsw=8 }</program-stats-str>
  <checker-stats-str>{ utime=0, stime=0, ptime=0, rtime=2, maxvsz=307200, maxrss=2969600, nvcsw=1, nivcsw=1 }</checker-stats-str>
      <input size="203">10
0 0 0 0 0 0 0 0 0 1
0 0 0 0 0 0 0 0 0 0
0 0 0 0 0 0 0 0 0 0
0 0 0 0 0 0 0 0 0 0
0 0 0 0 0 0 0 0 0 0
0 0 0 0 0 0 0 0 0 0
0 0 0 0 0 0 0 0 0 0
0 0 0 0 0 0 0 0 0 0
0 0 0 0 0 0 0 0 0 0
0 0 0 0 0 0 0 0 0 0
</input>
      <output size="3">no
</output>
      <correct size="3">no
</correct>
      <stderr size="0"></stderr>
      <checker size="3">OK
</checker>
    </test>
    <test num="13" status="OK" time="28" real-time="33" max-memory-used="307200"  checker-comment="OK" >
  <program-stats-str>{ utime=27, stime=1, ptime=28, rtime=33, maxvsz=307200, maxrss=6094848, nvcsw=1, nivcsw=8 }</program-stats-str>
  <checker-stats-str>{ utime=0, stime=0, ptime=0, rtime=2, maxvsz=307200, maxrss=2969600, nvcsw=1, nivcsw=1 }</checker-stats-str>
      <input size="34">4
0 0 0 0
0 0 0 0
0 0 0 0
0 0 0 0
</input>
      <output size="4">yes
</output>
      <correct size="4">yes
</correct>
      <stderr size="0"></stderr>
      <checker size="3">OK
</checker>
    </test>
    <test num="14" status="OK" time="26" real-time="28" max-memory-used="307200"  checker-comment="OK" >
  <program-stats-str>{ utime=20, stime=6, ptime=26, rtime=28, maxvsz=307200, maxrss=6385664, nvcsw=1, nivcsw=3 }</program-stats-str>
  <checker-stats-str>{ utime=0, stime=0, ptime=0, rtime=1, maxvsz=307200, maxrss=2969600, nvcsw=1, nivcsw=1 }</checker-stats-str>
      <input size="34">4
0 1 2 4
1 3 5 6
2 5 7 8
4 6 8 9
</input>
      <output size="4">yes
</output>
      <correct size="4">yes
</correct>
      <stderr size="0"></stderr>
      <checker size="3">OK
</checker>
    </test>
    <test num="15" status="OK" time="27" real-time="30" max-memory-used="307200"  checker-comment="OK" >
  <program-stats-str>{ utime=27, stime=0, ptime=27, rtime=30, maxvsz=307200, maxrss=6086656, nvcsw=1, nivcsw=7 }</program-stats-str>
  <checker-stats-str>{ utime=0, stime=0, ptime=0, rtime=2, maxvsz=307200, maxrss=2969600, nvcsw=1, nivcsw=1 }</checker-stats-str>
      <input size="34">4
0 0 0 0
1 0 0 0
0 0 0 0
0 0 0 0
</input>
      <output size="3">no
</output>
      <correct size="3">no
</correct>
      <stderr size="0"></stderr>
      <checker size="3">OK
</checker>
    </test>
    <test num="16" status="OK" time="27" real-time="28" max-memory-used="307200"  checker-comment="OK" >
  <program-stats-str>{ utime=22, stime=5, ptime=27, rtime=28, maxvsz=307200, maxrss=6311936, nvcsw=1, nivcsw=4 }</program-stats-str>
  <checker-stats-str>{ utime=0, stime=0, ptime=0, rtime=1, maxvsz=307200, maxrss=2969600, nvcsw=1, nivcsw=1 }</checker-stats-str>
      <input size="34">4
0 1 0 0
0 0 0 0
0 0 0 0
0 0 0 0
</input>
      <output size="3">no
</output>
      <correct size="3">no
</correct>
      <stderr size="0"></stderr>
      <checker size="3">OK
</checker>
    </test>
    <test num="17" status="OK" time="29" real-time="31" max-memory-used="307200"  checker-comment="OK" >
  <program-stats-str>{ utime=29, stime=0, ptime=29, rtime=31, maxvsz=307200, maxrss=6152192, nvcsw=1, nivcsw=8 }</program-stats-str>
  <checker-stats-str>{ utime=0, stime=1, ptime=1, rtime=2, maxvsz=307200, maxrss=2969600, nvcsw=1, nivcsw=1 }</checker-stats-str>
      <input size="34">4
0 0 0 0
0 0 0 0
1 0 0 0
0 0 0 0
</input>
      <output size="3">no
</output>
      <correct size="3">no
</correct>
      <stderr size="0"></stderr>
      <checker size="3">OK
</checker>
    </test>
    <test num="18" status="OK" time="26" real-time="28" max-memory-used="307200"  checker-comment="OK" >
  <program-stats-str>{ utime=21, stime=5, ptime=26, rtime=28, maxvsz=307200, maxrss=6078464, nvcsw=1, nivcsw=4 }</program-stats-str>
  <checker-stats-str>{ utime=0, stime=0, ptime=0, rtime=1, maxvsz=307200, maxrss=2969600, nvcsw=1, nivcsw=1 }</checker-stats-str>
      <input size="34">4
0 0 1 0
0 0 0 0
0 0 0 0
0 0 0 0
</input>
      <output size="3">no
</output>
      <correct size="3">no
</correct>
      <stderr size="0"></stderr>
      <checker size="3">OK
</checker>
    </test>
    <test num="19" status="OK" time="26" real-time="28" max-memory-used="307200"  checker-comment="OK" >
  <program-stats-str>{ utime=18, stime=8, ptime=26, rtime=28, maxvsz=307200, maxrss=6094848, nvcsw=1, nivcsw=6 }</program-stats-str>
  <checker-stats-str>{ utime=0, stime=0, ptime=0, rtime=2, maxvsz=307200, maxrss=2969600, nvcsw=1, nivcsw=1 }</checker-stats-str>
      <input size="34">4
0 0 0 0
0 0 0 0
0 0 0 0
1 0 0 0
</input>
      <output size="3">no
</output>
      <correct size="3">no
</correct>
      <stderr size="0"></stderr>
      <checker size="3">OK
</checker>
    </test>
    <test num="20" status="OK" time="29" real-time="32" max-memory-used="307200"  checker-comment="OK" >
  <program-stats-str>{ utime=29, stime=0, ptime=29, rtime=32, maxvsz=307200, maxrss=6103040, nvcsw=1, nivcsw=8 }</program-stats-str>
  <checker-stats-str>{ utime=0, stime=0, ptime=0, rtime=1, maxvsz=307200, maxrss=2969600, nvcsw=1, nivcsw=1 }</checker-stats-str>
      <input size="34">4
0 0 0 1
0 0 0 0
0 0 0 0
0 0 0 0
</input>
      <output size="3">no
</output>
      <correct size="3">no
</correct>
      <stderr size="0"></stderr>
      <checker size="3">OK
</checker>
    </test>
    <test num="21" status="OK" time="26" real-time="28" max-memory-used="307200"  checker-comment="OK" >
  <program-stats-str>{ utime=20, stime=6, ptime=26, rtime=28, maxvsz=307200, maxrss=6340608, nvcsw=1, nivcsw=5 }</program-stats-str>
  <checker-stats-str>{ utime=0, stime=0, ptime=0, rtime=1, maxvsz=307200, maxrss=2969600, nvcsw=1, nivcsw=1 }</checker-stats-str>
      <input size="34">4
0 0 0 0
0 0 0 0
0 1 0 0
0 0 0 0
</input>
      <output size="3">no
</output>
      <correct size="3">no
</correct>
      <stderr size="0"></stderr>
      <checker size="3">OK
</checker>
    </test>
    <test num="22" status="OK" time="27" real-time="29" max-memory-used="307200"  checker-comment="OK" >
  <program-stats-str>{ utime=21, stime=6, ptime=27, rtime=29, maxvsz=307200, maxrss=6311936, nvcsw=1, nivcsw=4 }</program-stats-str>
  <checker-stats-str>{ utime=0, stime=1, ptime=1, rtime=2, maxvsz=307200, maxrss=2969600, nvcsw=1, nivcsw=2 }</checker-stats-str>
      <input size="34">4
0 0 0 0
0 0 1 0
0 0 0 0
0 0 0 0
</input>
      <output size="3">no
</output>
      <correct size="3">no
</correct>
      <stderr size="0"></stderr>
      <checker size="3">OK
</checker>
    </test>
    <test num="23" status="OK" time="27" real-time="29" max-memory-used="307200"  checker-comment="OK" >
  <program-stats-str>{ utime=23, stime=4, ptime=27, rtime=29, maxvsz=307200, maxrss=6156288, nvcsw=1, nivcsw=5 }</program-stats-str>
  <checker-stats-str>{ utime=0, stime=0, ptime=0, rtime=2, maxvsz=307200, maxrss=2969600, nvcsw=1, nivcsw=2 }</checker-stats-str>
      <input size="34">4
0 0 0 0
0 0 0 0
0 0 0 0
0 1 0 0
</input>
      <output size="3">no
</output>
      <correct size="3">no
</correct>
      <stderr size="0"></stderr>
      <checker size="3">OK
</checker>
    </test>
    <test num="24" status="OK" time="28" real-time="31" max-memory-used="307200"  checker-comment="OK" >
  <program-stats-str>{ utime=21, stime=7, ptime=28, rtime=31, maxvsz=307200, maxrss=6205440, nvcsw=1, nivcsw=6 }</program-stats-str>
  <checker-stats-str>{ utime=0, stime=0, ptime=0, rtime=2, maxvsz=307200, maxrss=2969600, nvcsw=1, nivcsw=1 }</checker-stats-str>
      <input size="34">4
0 0 0 0
0 0 0 1
0 0 0 0
0 0 0 0
</input>
      <output size="3">no
</output>
      <correct size="3">no
</correct>
      <stderr size="0"></stderr>
      <checker size="3">OK
</checker>
    </test>
    <test num="25" status="OK" time="34" real-time="42" max-memory-used="307200"  checker-comment="OK" >
  <program-stats-str>{ utime=29, stime=5, ptime=34, rtime=42, maxvsz=307200, maxrss=6144000, nvcsw=1, nivcsw=11 }</program-stats-str>
  <checker-stats-str>{ utime=0, stime=0, ptime=0, rtime=2, maxvsz=307200, maxrss=2969600, nvcsw=1, nivcsw=1 }</checker-stats-str>
      <input size="34">4
0 0 0 0
0 0 0 0
0 0 0 0
0 0 1 0
</input>
      <output size="3">no
</output>
      <correct size="3">no
</correct>
      <stderr size="0"></stderr>
      <checker size="3">OK
</checker>
    </test>
    <test num="26" status="OK" time="25" real-time="30" max-memory-used="307200"  checker-comment="OK" >
  <program-stats-str>{ utime=21, stime=4, ptime=25, rtime=30, maxvsz=307200, maxrss=6258688, nvcsw=1, nivcsw=6 }</program-stats-str>
  <checker-stats-str>{ utime=0, stime=0, ptime=0, rtime=1, maxvsz=307200, maxrss=2969600, nvcsw=1, nivcsw=1 }</checker-stats-str>
      <input size="34">4
0 0 0 0
0 0 0 0
0 0 0 1
0 0 0 0
</input>
      <output size="3">no
</output>
      <correct size="3">no
</correct>
      <stderr size="0"></stderr>
      <checker size="3">OK
</checker>
    </test>
  </tests>
</testing-report>
