Content-type: text/xml

<?xml version="1.0" encoding="utf-8"?>
<testing-report run-id="177" judge-id="9" status="RT" scoring="ACM" run-tests="1" contest-id="3205" real-time-available="yes" max-memory-used-available="yes" correct-available="yes" failed-test="1" time-limit-ms="2000" real-time-limit-ms="5000" marked-flag="no" >
  <uuid>6a52db80-c135-4d09-9764-1fb9ab4a1d76</uuid>
  <host>localhost.localdomain</host>
  <cpu-model>Intel(R) Pentium(R) CPU 3550M @ 2.30GHz</cpu-model>
  <cpu-mhz>2294.738</cpu-mhz>
  <compiler_output></compiler_output>
  <tests>
    <test num="1" status="RT" exit-code="1" time="77" real-time="83" max-memory-used="30339072" >
  <program-stats-str>{ utime=70, stime=7, ptime=77, rtime=83, maxvsz=30339072, maxrss=27516928, nvcsw=1, nivcsw=9 }</program-stats-str>
      <input size="6">1 1
2
</input>
      <output size="0"></output>
      <stderr size="199">Warning: cannot find your CPU L2 cache size in /proc/cpuinfo
Traceback (most recent call last):
  File &quot;./000177&quot;, line 13, in &lt;module&gt;
    print(b, i, sep = '\n')
NameError: name 'i' is not defined
</stderr>
    </test>
  </tests>
</testing-report>
