Content-type: text/xml

<?xml version="1.0" encoding="utf-8"?>
<testing-report run-id="167" judge-id="4" status="OK" scoring="ACM" run-tests="14" contest-id="3205" real-time-available="yes" max-memory-used-available="yes" correct-available="yes" time-limit-ms="2000" real-time-limit-ms="5000" marked-flag="no" >
  <uuid>06d1d697-b27c-439c-86d3-682809f907c2</uuid>
  <host>localhost.localdomain</host>
  <cpu-model>Intel(R) Pentium(R) CPU 3550M @ 2.30GHz</cpu-model>
  <cpu-mhz>2294.738</cpu-mhz>
  <compiler_output>000167.cpp: In function 'int main()':
000167.cpp:4:12: warning: unused variable 'M' [-Wunused-variable]
  int n, m, M = -1, N,S = 0;
            ^
000167.cpp:4:20: warning: unused variable 'N' [-Wunused-variable]
  int n, m, M = -1, N,S = 0;
                    ^
000167.cpp:4:22: warning: unused variable 'S' [-Wunused-variable]
  int n, m, M = -1, N,S = 0;
                      ^
</compiler_output>
  <tests>
    <test num="1" status="OK" time="1" real-time="2" max-memory-used="307200"  checker-comment="OK" >
  <program-stats-str>{ utime=0, stime=1, ptime=1, rtime=2, maxvsz=307200, maxrss=2912256, nvcsw=1, nivcsw=1 }</program-stats-str>
  <checker-stats-str>{ utime=0, stime=0, ptime=0, rtime=2, maxvsz=307200, maxrss=2367488, nvcsw=1, nivcsw=1 }</checker-stats-str>
      <input size="4">1 1
</input>
      <output size="3">1 
</output>
      <correct size="7">     1
</correct>
      <stderr size="0"></stderr>
      <checker size="3">OK
</checker>
    </test>
    <test num="2" status="OK" time="1" real-time="2" max-memory-used="307200"  checker-comment="OK" >
  <program-stats-str>{ utime=0, stime=1, ptime=1, rtime=2, maxvsz=307200, maxrss=2965504, nvcsw=1, nivcsw=1 }</program-stats-str>
  <checker-stats-str>{ utime=0, stime=0, ptime=0, rtime=1, maxvsz=307200, maxrss=2367488, nvcsw=1, nivcsw=1 }</checker-stats-str>
      <input size="5">1 10
</input>
      <output size="21">1 1 1 1 1 1 1 1 1 1 
</output>
      <correct size="61">     1     1     1     1     1     1     1     1     1     1
</correct>
      <stderr size="0"></stderr>
      <checker size="3">OK
</checker>
    </test>
    <test num="3" status="OK" time="1" real-time="2" max-memory-used="307200"  checker-comment="OK" >
  <program-stats-str>{ utime=0, stime=1, ptime=1, rtime=2, maxvsz=307200, maxrss=2912256, nvcsw=1, nivcsw=1 }</program-stats-str>
  <checker-stats-str>{ utime=0, stime=0, ptime=0, rtime=1, maxvsz=307200, maxrss=2367488, nvcsw=1, nivcsw=1 }</checker-stats-str>
      <input size="5">10 1
</input>
      <output size="30">1 
1 
1 
1 
1 
1 
1 
1 
1 
1 
</output>
      <correct size="70">     1
     1
     1
     1
     1
     1
     1
     1
     1
     1
</correct>
      <stderr size="0"></stderr>
      <checker size="3">OK
</checker>
    </test>
    <test num="4" status="OK" time="1" real-time="2" max-memory-used="307200"  checker-comment="OK" >
  <program-stats-str>{ utime=0, stime=1, ptime=1, rtime=2, maxvsz=307200, maxrss=2949120, nvcsw=1, nivcsw=1 }</program-stats-str>
  <checker-stats-str>{ utime=0, stime=0, ptime=0, rtime=1, maxvsz=307200, maxrss=2367488, nvcsw=1, nivcsw=1 }</checker-stats-str>
      <input size="4">2 2
</input>
      <output size="10">1 1 
1 2 
</output>
      <correct size="26">     1     1
     1     2
</correct>
      <stderr size="0"></stderr>
      <checker size="3">OK
</checker>
    </test>
    <test num="5" status="OK" time="2" real-time="4" max-memory-used="307200"  checker-comment="OK" >
  <program-stats-str>{ utime=2, stime=0, ptime=2, rtime=4, maxvsz=307200, maxrss=2797568, nvcsw=1, nivcsw=3 }</program-stats-str>
  <checker-stats-str>{ utime=0, stime=0, ptime=0, rtime=1, maxvsz=307200, maxrss=2367488, nvcsw=1, nivcsw=1 }</checker-stats-str>
      <input size="5">2 15
</input>
      <output size="68">1 1 1 1 1 1 1 1 1 1 1 1 1 1 1 
1 2 3 4 5 6 7 8 9 10 11 12 13 14 15 
</output>
      <correct size="182">     1     1     1     1     1     1     1     1     1     1     1     1     1     1     1
     1     2     3     4     5     6     7     8     9    10    11    12    13    14    15
</correct>
      <stderr size="0"></stderr>
      <checker size="3">OK
</checker>
    </test>
    <test num="6" status="OK" time="2" real-time="3" max-memory-used="307200"  checker-comment="OK" >
  <program-stats-str>{ utime=0, stime=2, ptime=2, rtime=3, maxvsz=307200, maxrss=2744320, nvcsw=1, nivcsw=2 }</program-stats-str>
  <checker-stats-str>{ utime=0, stime=0, ptime=0, rtime=2, maxvsz=307200, maxrss=2367488, nvcsw=1, nivcsw=1 }</checker-stats-str>
      <input size="5">15 2
</input>
      <output size="81">1 1 
1 2 
1 3 
1 4 
1 5 
1 6 
1 7 
1 8 
1 9 
1 10 
1 11 
1 12 
1 13 
1 14 
1 15 
</output>
      <correct size="195">     1     1
     1     2
     1     3
     1     4
     1     5
     1     6
     1     7
     1     8
     1     9
     1    10
     1    11
     1    12
     1    13
     1    14
     1    15
</correct>
      <stderr size="0"></stderr>
      <checker size="3">OK
</checker>
    </test>
    <test num="7" status="OK" time="1" real-time="2" max-memory-used="307200"  checker-comment="OK" >
  <program-stats-str>{ utime=1, stime=0, ptime=1, rtime=2, maxvsz=307200, maxrss=2957312, nvcsw=1, nivcsw=1 }</program-stats-str>
  <checker-stats-str>{ utime=0, stime=0, ptime=0, rtime=2, maxvsz=307200, maxrss=2367488, nvcsw=1, nivcsw=1 }</checker-stats-str>
      <input size="4">3 3
</input>
      <output size="21">1 1 1 
1 2 3 
1 3 6 
</output>
      <correct size="57">     1     1     1
     1     2     3
     1     3     6
</correct>
      <stderr size="0"></stderr>
      <checker size="3">OK
</checker>
    </test>
    <test num="8" status="OK" time="1" real-time="3" max-memory-used="307200"  checker-comment="OK" >
  <program-stats-str>{ utime=0, stime=1, ptime=1, rtime=3, maxvsz=307200, maxrss=2744320, nvcsw=1, nivcsw=1 }</program-stats-str>
  <checker-stats-str>{ utime=0, stime=0, ptime=0, rtime=2, maxvsz=307200, maxrss=2367488, nvcsw=1, nivcsw=1 }</checker-stats-str>
      <input size="5">3 10
</input>
      <output size="71">1 1 1 1 1 1 1 1 1 1 
1 2 3 4 5 6 7 8 9 10 
1 3 6 10 15 21 28 36 45 55 
</output>
      <correct size="183">     1     1     1     1     1     1     1     1     1     1
     1     2     3     4     5     6     7     8     9    10
     1     3     6    10    15    21    28    36    45    55
</correct>
      <stderr size="0"></stderr>
      <checker size="3">OK
</checker>
    </test>
    <test num="9" status="OK" time="1" real-time="2" max-memory-used="307200"  checker-comment="OK" >
  <program-stats-str>{ utime=0, stime=1, ptime=1, rtime=2, maxvsz=307200, maxrss=2965504, nvcsw=1, nivcsw=1 }</program-stats-str>
  <checker-stats-str>{ utime=0, stime=0, ptime=0, rtime=1, maxvsz=307200, maxrss=2367488, nvcsw=1, nivcsw=1 }</checker-stats-str>
      <input size="5">10 3
</input>
      <output size="78">1 1 1 
1 2 3 
1 3 6 
1 4 10 
1 5 15 
1 6 21 
1 7 28 
1 8 36 
1 9 45 
1 10 55 
</output>
      <correct size="190">     1     1     1
     1     2     3
     1     3     6
     1     4    10
     1     5    15
     1     6    21
     1     7    28
     1     8    36
     1     9    45
     1    10    55
</correct>
      <stderr size="0"></stderr>
      <checker size="3">OK
</checker>
    </test>
    <test num="10" status="OK" time="1" real-time="2" max-memory-used="307200"  checker-comment="OK" >
  <program-stats-str>{ utime=0, stime=1, ptime=1, rtime=2, maxvsz=307200, maxrss=2818048, nvcsw=1, nivcsw=1 }</program-stats-str>
  <checker-stats-str>{ utime=0, stime=0, ptime=0, rtime=1, maxvsz=307200, maxrss=2367488, nvcsw=1, nivcsw=1 }</checker-stats-str>
      <input size="5">4 15
</input>
      <output size="165">1 1 1 1 1 1 1 1 1 1 1 1 1 1 1 
1 2 3 4 5 6 7 8 9 10 11 12 13 14 15 
1 3 6 10 15 21 28 36 45 55 66 78 91 105 120 
1 4 10 20 35 56 84 120 165 220 286 364 455 560 680 
</output>
      <correct size="364">     1     1     1     1     1     1     1     1     1     1     1     1     1     1     1
     1     2     3     4     5     6     7     8     9    10    11    12    13    14    15
     1     3     6    10    15    21    28    36    45    55    66    78    91   105   120
     1     4    10    20    35    56    84   120   165   220   286   364   455   560   680
</correct>
      <stderr size="0"></stderr>
      <checker size="3">OK
</checker>
    </test>
    <test num="11" status="OK" time="1" real-time="2" max-memory-used="307200"  checker-comment="OK" >
  <program-stats-str>{ utime=0, stime=1, ptime=1, rtime=2, maxvsz=307200, maxrss=2793472, nvcsw=1, nivcsw=1 }</program-stats-str>
  <checker-stats-str>{ utime=0, stime=0, ptime=0, rtime=1, maxvsz=307200, maxrss=2367488, nvcsw=1, nivcsw=1 }</checker-stats-str>
      <input size="5">15 4
</input>
      <output size="176">1 1 1 1 
1 2 3 4 
1 3 6 10 
1 4 10 20 
1 5 15 35 
1 6 21 56 
1 7 28 84 
1 8 36 120 
1 9 45 165 
1 10 55 220 
1 11 66 286 
1 12 78 364 
1 13 91 455 
1 14 105 560 
1 15 120 680 
</output>
      <correct size="375">     1     1     1     1
     1     2     3     4
     1     3     6    10
     1     4    10    20
     1     5    15    35
     1     6    21    56
     1     7    28    84
     1     8    36   120
     1     9    45   165
     1    10    55   220
     1    11    66   286
     1    12    78   364
     1    13    91   455
     1    14   105   560
     1    15   120   680
</correct>
      <stderr size="0"></stderr>
      <checker size="3">OK
</checker>
    </test>
    <test num="12" status="OK" time="1" real-time="2" max-memory-used="307200"  checker-comment="OK" >
  <program-stats-str>{ utime=0, stime=1, ptime=1, rtime=2, maxvsz=307200, maxrss=2744320, nvcsw=1, nivcsw=1 }</program-stats-str>
  <checker-stats-str>{ utime=0, stime=0, ptime=0, rtime=1, maxvsz=307200, maxrss=2367488, nvcsw=1, nivcsw=1 }</checker-stats-str>
      <input size="6">10 10
</input>
      <output size="341">1 1 1 1 1 1 1 1 1 1 
1 2 3 4 5 6 7 8 9 10 
1 3 6 10 15 21 28 36 45 55 
1 4 10 20 35 56 84 120 165 220 
1 5 15 35 70 126 210 330 495 715 
1 6 21 56 126 252 462 792 1287 2002 
1 7 28 84 210 462 924 1716 3003 5005 
1 8 36 120 330 792 1716 3432 6435 11440 
1 9 45 165 495 1287 3003 6435 12870 24310 
1 10 55 220 715 2002 5005 11440 24310 48620 
</output>
      <correct size="610">     1     1     1     1     1     1     1     1     1     1
     1     2     3     4     5     6     7     8     9    10
     1     3     6    10    15    21    28    36    45    55
     1     4    10    20    35    56    84   120   165   220
     1     5    15    35    70   126   210   330   495   715
     1     6    21    56   126   252   462   792  1287  2002
     1     7    28    84   210   462   924  1716  3003  5005
     1     8    36   120   330   792  1716  3432  6435 11440
     1     9    45   165   495  1287  3003  6435 12870 24310
     1    10    55   220   715  2002  5005 11440 24310 48620
</correct>
      <stderr size="0"></stderr>
      <checker size="3">OK
</checker>
    </test>
    <test num="13" status="OK" time="2" real-time="3" max-memory-used="307200"  checker-comment="OK" >
  <program-stats-str>{ utime=2, stime=0, ptime=2, rtime=3, maxvsz=307200, maxrss=2842624, nvcsw=1, nivcsw=2 }</program-stats-str>
  <checker-stats-str>{ utime=0, stime=0, ptime=0, rtime=1, maxvsz=307200, maxrss=2367488, nvcsw=1, nivcsw=1 }</checker-stats-str>
      <input size="5">80 4
</input>
      <output size="1227">1 1 1 1 
1 2 3 4 
1 3 6 10 
1 4 10 20 
1 5 15 35 
1 6 21 56 
1 7 28 84 
1 8 36 120 
1 9 45 165 
1 10 55 220 
1 11 66 286 
1 12 78 364 
1 13 91 455 
1 14 105 560 
1 15 120 680 
1 16 136 816 
1 17 153 969 
1 18 171 1140 
1 19 190 1330 
1 20 210 1540 
1 21 231 1771 
1 22 253 2024 
1 23 276 2300 
1 24 300 2600 
1 25 325 2925 
1 26 351 3276 
1 27 378 3654 
1 28 406 4060 
1 29 435 4495 
1 30 465 4960 
1 31 496 5456 
1 32 528 5984 
1 33 561 6545 
1 34 595 7140 
1 35 630 7770 
1 36 666 8436 
1 37 703 9139 
1 38 741 9880 
1 39 780 10660 
1 40 820 11480 
1 41 861 12341 
1 42 903 13244 
1 43 946 14190 
1 44 990 15180 
1 45 1035 16215 
1 46 1081 17296 
1 47 1128 18424 
1 48 1176 19600 
1 49 1225 20825 
1 50 1275 22100 
1 51 1326 23426 
1 52 1378 24804 
1 53 1431 26235 
1 54 1485 27720 
1 55 1540 29260 
1 56 1596 30856 
1 57 1653 32509 
1 58 1711 34220 
1 59 1770 35990 
1 60 1830 37820 
1 61 1891 39711 
1 62 1953 41664 
1 63 2016 43680 
1 64 2080 45760 
1 65 2145 47905 
1 66 2211 50116 
1 67 2278 52394 
1 68 2346 54740 
1 69 2415 57155 
1 70 2485 59640 
1 71 2556 62196 
1 72 2628 64824 
1 73 2701 67525 
1 74 2775 70300 
1 75 2850 73150 
1 76 2926 76076 
1 77 3003 79079 
1 78 3081 82160 
1 79 3160 85320 
1 80 3240 88560 
</output>
      <correct size="2000">     1     1     1     1
     1     2     3     4
     1     3     6    10
     1     4    10    20
     1     5    15    35
     1     6    21    56
     1     7    28    84
     1     8    36   120
     1     9    45   165
     1    10    55   220
     1    11    66   286
     1    12    78   364
     1    13    91   455
     1    14   105   560
     1    15   120   680
     1    16   136   816
     1    17   153   969
     1    18   171  1140
     1    19   190  1330
     1    20   210  1540
     1    21   231  1771
     1    22   253  2024
     1    23   276  2300
     1    24   300  2600
     1    25   325  2925
     1    26   351  3276
     1    27   378  3654
     1    28   406  4060
     1    29   435  4495
     1    30   465  4960
     1    31   496  5456
     1    32   528  5984
     1    33   561  6545
     1    34   595  7140
     1    35   630  7770
     1    36   666  8436
     1    37   703  9139
     1    38   741  9880
     1    39   780 10660
     1    40   820 11480
     1    41   861 12341
     1    42   903 13244
     1    43   946 14190
     1    44   990 15180
     1    45  1035 16215
     1    46  1081 17296
     1    47  1128 18424
     1    48  1176 19600
     1    49  1225 20825
     1    50  1275 22100
     1    51  1326 23426
     1    52  1378 24804
     1    53  1431 26235
     1    54  1485 27720
     1    55  1540 29260
     1    56  1596 30856
     1    57  1653 32509
     1    58  1711 34220
     1    59  1770 35990
     1    60  1830 37820
     1    61  1891 39711
     1    62  1953 41664
     1    63  2016 43680
     1    64  2080 45760
     1    65  2145 47905
     1    66  2211 50116
     1    67  2278 52394
     1    68  2346 54740
     1    69  2415 57155
     1    70  2485 59640
     1    71  2556 62196
     1    72  2628 64824
     1    73  2701 67525
     1    74  2775 70300
     1    75  2850 73150
     1    76  2926 76076
     1    77  3003 79079
     1    78  3081 82160
     1    79  3160 85320
     1    80  3240 88560
</correct>
      <stderr size="0"></stderr>
      <checker size="3">OK
</checker>
    </test>
    <test num="14" status="OK" time="1" real-time="2" max-memory-used="307200"  checker-comment="OK" >
  <program-stats-str>{ utime=0, stime=1, ptime=1, rtime=2, maxvsz=307200, maxrss=2805760, nvcsw=1, nivcsw=1 }</program-stats-str>
  <checker-stats-str>{ utime=0, stime=0, ptime=0, rtime=2, maxvsz=307200, maxrss=2367488, nvcsw=1, nivcsw=1 }</checker-stats-str>
      <input size="5">25 5
</input>
      <output size="437">1 1 1 1 1 
1 2 3 4 5 
1 3 6 10 15 
1 4 10 20 35 
1 5 15 35 70 
1 6 21 56 126 
1 7 28 84 210 
1 8 36 120 330 
1 9 45 165 495 
1 10 55 220 715 
1 11 66 286 1001 
1 12 78 364 1365 
1 13 91 455 1820 
1 14 105 560 2380 
1 15 120 680 3060 
1 16 136 816 3876 
1 17 153 969 4845 
1 18 171 1140 5985 
1 19 190 1330 7315 
1 20 210 1540 8855 
1 21 231 1771 10626 
1 22 253 2024 12650 
1 23 276 2300 14950 
1 24 300 2600 17550 
1 25 325 2925 20475 
</output>
      <correct size="775">     1     1     1     1     1
     1     2     3     4     5
     1     3     6    10    15
     1     4    10    20    35
     1     5    15    35    70
     1     6    21    56   126
     1     7    28    84   210
     1     8    36   120   330
     1     9    45   165   495
     1    10    55   220   715
     1    11    66   286  1001
     1    12    78   364  1365
     1    13    91   455  1820
     1    14   105   560  2380
     1    15   120   680  3060
     1    16   136   816  3876
     1    17   153   969  4845
     1    18   171  1140  5985
     1    19   190  1330  7315
     1    20   210  1540  8855
     1    21   231  1771 10626
     1    22   253  2024 12650
     1    23   276  2300 14950
     1    24   300  2600 17550
     1    25   325  2925 20475
</correct>
      <stderr size="0"></stderr>
      <checker size="3">OK
</checker>
    </test>
  </tests>
</testing-report>
