Content-type: text/xml

<?xml version="1.0" encoding="utf-8"?>
<testing-report run-id="155" judge-id="71" status="WA" scoring="ACM" run-tests="1" contest-id="3205" real-time-available="yes" max-memory-used-available="yes" correct-available="yes" failed-test="1" time-limit-ms="2000" real-time-limit-ms="5000" marked-flag="no" >
  <uuid>ec6a2e5f-a521-4c70-af65-3654cc439275</uuid>
  <host>localhost.localdomain</host>
  <cpu-model>Intel(R) Pentium(R) CPU 3550M @ 2.30GHz</cpu-model>
  <cpu-mhz>2294.738</cpu-mhz>
  <compiler_output></compiler_output>
  <tests>
    <test num="1" status="WA" time="26" real-time="28" max-memory-used="307200"  checker-comment="Answers do not match: output: -4, correct: 1" >
  <program-stats-str>{ utime=26, stime=0, ptime=26, rtime=28, maxvsz=307200, maxrss=6303744, nvcsw=1, nivcsw=4 }</program-stats-str>
  <checker-stats-str>{ utime=0, stime=1, ptime=1, rtime=3, maxvsz=307200, maxrss=2928640, nvcsw=1, nivcsw=2 }</checker-stats-str>
      <input size="12">5 -4 3 -2 1
</input>
      <output size="3">-4
</output>
      <correct size="2">1
</correct>
      <stderr size="0"></stderr>
      <checker size="45">Answers do not match: output: -4, correct: 1
</checker>
    </test>
  </tests>
</testing-report>
