Content-type: text/xml

<?xml version="1.0" encoding="utf-8"?>
<testing-report run-id="168" judge-id="5" status="WA" scoring="ACM" run-tests="1" contest-id="3205" real-time-available="yes" max-memory-used-available="yes" correct-available="yes" failed-test="1" time-limit-ms="2000" real-time-limit-ms="5000" marked-flag="no" >
  <uuid>6734234c-e61d-43fd-a32b-b16c1c5a7d83</uuid>
  <host>localhost.localdomain</host>
  <cpu-model>Intel(R) Pentium(R) CPU 3550M @ 2.30GHz</cpu-model>
  <cpu-mhz>2294.738</cpu-mhz>
  <compiler_output>000168.cpp:35:13: warning: multi-character character constant [-Wmultichar]
     cout &lt;&lt; '  ' &lt;&lt; a[i][j]; 
             ^
</compiler_output>
  <tests>
    <test num="1" status="WA" time="1" real-time="2" max-memory-used="307200"  checker-comment="Line 1 differs: output: ?82240822418224282243822448224582246822478224882249? correct: ?  0  1  2  3  4  5  6  7  8  9?" >
  <program-stats-str>{ utime=0, stime=1, ptime=1, rtime=2, maxvsz=307200, maxrss=2969600, nvcsw=1, nivcsw=1 }</program-stats-str>
  <checker-stats-str>{ utime=0, stime=0, ptime=0, rtime=1, maxvsz=307200, maxrss=2969600, nvcsw=1, nivcsw=1 }</checker-stats-str>
      <input size="6">10 10
</input>
      <output size="338">82240822418224282243822448224582246822478224882249
 15 14 13 12 11 1082249822488224782246
 12 13 14 15 16 17 18 19 20 21
 27 26 25 24 23 22 21 20 19 18
 24 25 26 27 28 29 30 31 32 33
 39 38 37 36 35 34 33 32 31 30
 36 37 38 39 40 41 42 43 44 45
 51 50 49 48 47 46 45 44 43 42
 48 49 50 51 52 53 54 55 56 57
 63 62 61 60 59 58 57 56 55 54
</output>
      <correct size="310">  0  1  2  3  4  5  6  7  8  9
 19 18 17 16 15 14 13 12 11 10
 20 21 22 23 24 25 26 27 28 29
 39 38 37 36 35 34 33 32 31 30
 40 41 42 43 44 45 46 47 48 49
 59 58 57 56 55 54 53 52 51 50
 60 61 62 63 64 65 66 67 68 69
 79 78 77 76 75 74 73 72 71 70
 80 81 82 83 84 85 86 87 88 89
 99 98 97 96 95 94 93 92 91 90
</correct>
      <stderr size="0"></stderr>
      <checker size="119">Line 1 differs: output:
&gt;82240822418224282243822448224582246822478224882249&lt;
correct:
&gt;  0  1  2  3  4  5  6  7  8  9&lt;
</checker>
    </test>
  </tests>
</testing-report>
