Content-type: text/xml

<?xml version="1.0" encoding="utf-8"?>
<testing-report run-id="66" judge-id="12" status="RT" scoring="ACM" run-tests="2" contest-id="3000" real-time-available="yes" max-memory-used-available="yes" correct-available="yes" failed-test="2" time-limit-ms="2000" real-time-limit-ms="5000" marked-flag="no" >
  <uuid>e4cd1c79-76f5-42d1-9deb-b7b019f55411</uuid>
  <host>localhost.localdomain</host>
  <cpu-model>Intel(R) Pentium(R) CPU 3550M @ 2.30GHz</cpu-model>
  <cpu-mhz>2294.738</cpu-mhz>
  <compiler_output>Done processing 000066.cpp

</compiler_output>
  <tests>
    <test num="1" status="OK" time="2" real-time="14" max-memory-used="4308992"  checker-comment="OK" >
  <program-stats-str>{ utime=0, stime=2, ptime=2, rtime=14, maxvsz=4308992, maxrss=3604480, nvcsw=1, nivcsw=3 }</program-stats-str>
  <checker-stats-str>{ utime=0, stime=0, ptime=0, rtime=1, maxvsz=307200, maxrss=2387968, nvcsw=1, nivcsw=1 }</checker-stats-str>
      <input size="16">6 2
1 1 2 2 1 1
</input>
      <output size="5">3 5 6</output>
      <correct size="6">3 5 6
</correct>
      <stderr size="0"></stderr>
      <checker size="3">OK
</checker>
    </test>
    <test num="2" status="RT" term-signal="11" time="11" real-time="28" max-memory-used="4308992" >
  <program-stats-str>{ utime=10, stime=1, ptime=11, rtime=28, maxvsz=4308992, maxrss=3584000, nvcsw=1, nivcsw=9 }</program-stats-str>
      <input size="9">1 239
57
</input>
      <output size="0"></output>
      <stderr size="0"></stderr>
    </test>
  </tests>
</testing-report>
