Content-type: text/xml

<?xml version="1.0" encoding="utf-8"?>
<testing-report run-id="59" judge-id="5" status="OK" scoring="ACM" run-tests="30" contest-id="3000" real-time-available="yes" max-memory-used-available="yes" correct-available="yes" time-limit-ms="2000" real-time-limit-ms="5000" marked-flag="no" >
  <uuid>23ac7e12-b50d-4e86-a5ba-d1f041a30584</uuid>
  <host>localhost.localdomain</host>
  <cpu-model>Intel(R) Pentium(R) CPU 3550M @ 2.30GHz</cpu-model>
  <cpu-mhz>2294.738</cpu-mhz>
  <compiler_output>
</compiler_output>
  <tests>
    <test num="1" status="OK" time="1" real-time="2" max-memory-used="311296"  checker-comment="OK" >
  <program-stats-str>{ utime=0, stime=1, ptime=1, rtime=2, maxvsz=311296, maxrss=3174400, nvcsw=1, nivcsw=1 }</program-stats-str>
  <checker-stats-str>{ utime=0, stime=0, ptime=0, rtime=1, maxvsz=307200, maxrss=2387968, nvcsw=1, nivcsw=1 }</checker-stats-str>
      <input size="16">6 2
1 1 2 2 1 1
</input>
      <output size="5">3 5 6</output>
      <correct size="6">3 5 6
</correct>
      <stderr size="0"></stderr>
      <checker size="3">OK
</checker>
    </test>
    <test num="2" status="OK" time="1" real-time="2" max-memory-used="311296"  checker-comment="OK" >
  <program-stats-str>{ utime=0, stime=1, ptime=1, rtime=2, maxvsz=311296, maxrss=2813952, nvcsw=1, nivcsw=1 }</program-stats-str>
  <checker-stats-str>{ utime=0, stime=0, ptime=0, rtime=1, maxvsz=307200, maxrss=2387968, nvcsw=1, nivcsw=1 }</checker-stats-str>
      <input size="9">1 239
57
</input>
      <output size="1">1</output>
      <correct size="2">1
</correct>
      <stderr size="0"></stderr>
      <checker size="3">OK
</checker>
    </test>
    <test num="3" status="OK" time="1" real-time="2" max-memory-used="311296"  checker-comment="OK" >
  <program-stats-str>{ utime=0, stime=1, ptime=1, rtime=2, maxvsz=311296, maxrss=3026944, nvcsw=1, nivcsw=1 }</program-stats-str>
  <checker-stats-str>{ utime=0, stime=0, ptime=0, rtime=2, maxvsz=307200, maxrss=2387968, nvcsw=1, nivcsw=2 }</checker-stats-str>
      <input size="12">2 239
23 97
</input>
      <output size="1">2</output>
      <correct size="2">2
</correct>
      <stderr size="0"></stderr>
      <checker size="3">OK
</checker>
    </test>
    <test num="4" status="OK" time="1" real-time="3" max-memory-used="311296"  checker-comment="OK" >
  <program-stats-str>{ utime=1, stime=0, ptime=1, rtime=3, maxvsz=311296, maxrss=3026944, nvcsw=1, nivcsw=2 }</program-stats-str>
  <checker-stats-str>{ utime=0, stime=0, ptime=0, rtime=2, maxvsz=307200, maxrss=2387968, nvcsw=1, nivcsw=1 }</checker-stats-str>
      <input size="12">2 317
57 57
</input>
      <output size="3">1 2</output>
      <correct size="4">1 2
</correct>
      <stderr size="0"></stderr>
      <checker size="3">OK
</checker>
    </test>
    <test num="5" status="OK" time="1" real-time="2" max-memory-used="311296"  checker-comment="OK" >
  <program-stats-str>{ utime=0, stime=1, ptime=1, rtime=2, maxvsz=311296, maxrss=2805760, nvcsw=1, nivcsw=1 }</program-stats-str>
  <checker-stats-str>{ utime=0, stime=0, ptime=0, rtime=2, maxvsz=307200, maxrss=2387968, nvcsw=1, nivcsw=1 }</checker-stats-str>
      <input size="11">3 20
7 7 7
</input>
      <output size="3">2 3</output>
      <correct size="4">2 3
</correct>
      <stderr size="0"></stderr>
      <checker size="3">OK
</checker>
    </test>
    <test num="6" status="OK" time="1" real-time="2" max-memory-used="311296"  checker-comment="OK" >
  <program-stats-str>{ utime=0, stime=1, ptime=1, rtime=2, maxvsz=311296, maxrss=2809856, nvcsw=1, nivcsw=1 }</program-stats-str>
  <checker-stats-str>{ utime=0, stime=0, ptime=0, rtime=2, maxvsz=307200, maxrss=2387968, nvcsw=1, nivcsw=2 }</checker-stats-str>
      <input size="11">3 30
7 9 9
</input>
      <output size="1">3</output>
      <correct size="2">3
</correct>
      <stderr size="0"></stderr>
      <checker size="3">OK
</checker>
    </test>
    <test num="7" status="OK" time="1" real-time="3" max-memory-used="311296"  checker-comment="OK" >
  <program-stats-str>{ utime=0, stime=1, ptime=1, rtime=3, maxvsz=311296, maxrss=2809856, nvcsw=1, nivcsw=1 }</program-stats-str>
  <checker-stats-str>{ utime=0, stime=0, ptime=0, rtime=2, maxvsz=307200, maxrss=2387968, nvcsw=1, nivcsw=1 }</checker-stats-str>
      <input size="11">3 30
9 7 9
</input>
      <output size="1">3</output>
      <correct size="2">3
</correct>
      <stderr size="0"></stderr>
      <checker size="3">OK
</checker>
    </test>
    <test num="8" status="OK" time="1" real-time="2" max-memory-used="311296"  checker-comment="OK" >
  <program-stats-str>{ utime=0, stime=1, ptime=1, rtime=2, maxvsz=311296, maxrss=2859008, nvcsw=1, nivcsw=1 }</program-stats-str>
  <checker-stats-str>{ utime=0, stime=0, ptime=0, rtime=1, maxvsz=307200, maxrss=2387968, nvcsw=1, nivcsw=1 }</checker-stats-str>
      <input size="11">3 30
9 9 7
</input>
      <output size="3">2 3</output>
      <correct size="4">2 3
</correct>
      <stderr size="0"></stderr>
      <checker size="3">OK
</checker>
    </test>
    <test num="9" status="OK" time="1" real-time="2" max-memory-used="311296"  checker-comment="OK" >
  <program-stats-str>{ utime=0, stime=1, ptime=1, rtime=2, maxvsz=311296, maxrss=2965504, nvcsw=1, nivcsw=1 }</program-stats-str>
  <checker-stats-str>{ utime=0, stime=0, ptime=0, rtime=2, maxvsz=307200, maxrss=2387968, nvcsw=1, nivcsw=2 }</checker-stats-str>
      <input size="11">3 29
1 2 3
</input>
      <output size="1">3</output>
      <correct size="2">3
</correct>
      <stderr size="0"></stderr>
      <checker size="3">OK
</checker>
    </test>
    <test num="10" status="OK" time="1" real-time="2" max-memory-used="311296"  checker-comment="OK" >
  <program-stats-str>{ utime=0, stime=1, ptime=1, rtime=2, maxvsz=311296, maxrss=2879488, nvcsw=1, nivcsw=1 }</program-stats-str>
  <checker-stats-str>{ utime=0, stime=0, ptime=0, rtime=1, maxvsz=307200, maxrss=2387968, nvcsw=1, nivcsw=1 }</checker-stats-str>
      <input size="14">4 117
1 2 1 2
</input>
      <output size="1">4</output>
      <correct size="2">4
</correct>
      <stderr size="0"></stderr>
      <checker size="3">OK
</checker>
    </test>
    <test num="11" status="OK" time="1" real-time="3" max-memory-used="311296"  checker-comment="OK" >
  <program-stats-str>{ utime=0, stime=1, ptime=1, rtime=3, maxvsz=311296, maxrss=2809856, nvcsw=1, nivcsw=1 }</program-stats-str>
  <checker-stats-str>{ utime=0, stime=0, ptime=0, rtime=2, maxvsz=307200, maxrss=2387968, nvcsw=1, nivcsw=1 }</checker-stats-str>
      <input size="308">100 239
17 17 17 17 17 17 17 17 17 17 17 17 17 17 17 17 17 17 17 17 17 17 17 17 17 17 17 17 17 17 17 17 17 17 17 17 17 17 17 17 17 17 17 17 17 17 17 17 17 17 17 17 17 17 17 17 17 17 17 17 17 17 17 17 17 17 17 17 17 17 17 17 17 17 17 17 17 17 17 17 17 17 17 17 17 17 17 17 17 17 17 17 17 17 17 17 17 17 17 17
</input>
      <output size="153">50 51 52 53 54 55 56 57 58 59 60 61 62 63 64 65 66 67 68 69 70 71 72 73 74 75 76 77 78 79 80 81 82 83 84 85 86 87 88 89 90 91 92 93 94 95 96 97 98 99 100</output>
      <correct size="154">50 51 52 53 54 55 56 57 58 59 60 61 62 63 64 65 66 67 68 69 70 71 72 73 74 75 76 77 78 79 80 81 82 83 84 85 86 87 88 89 90 91 92 93 94 95 96 97 98 99 100
</correct>
      <stderr size="0"></stderr>
      <checker size="3">OK
</checker>
    </test>
    <test num="12" status="OK" time="1" real-time="2" max-memory-used="311296"  checker-comment="OK" >
  <program-stats-str>{ utime=0, stime=1, ptime=1, rtime=2, maxvsz=311296, maxrss=2932736, nvcsw=1, nivcsw=1 }</program-stats-str>
  <checker-stats-str>{ utime=0, stime=0, ptime=0, rtime=2, maxvsz=307200, maxrss=2387968, nvcsw=1, nivcsw=2 }</checker-stats-str>
      <input size="208">100 100
1 2 1 3 1 2 1 4 1 2 1 3 1 2 1 5 1 2 1 3 1 2 1 4 1 2 1 3 1 2 1 6 1 2 1 3 1 2 1 4 1 2 1 3 1 2 1 5 1 2 1 3 1 2 1 4 1 2 1 3 1 2 1 7 1 2 1 3 1 2 1 4 1 2 1 3 1 2 1 5 1 2 1 3 1 2 1 4 1 2 1 3 1 2 1 6 1 2 1 3
</input>
      <output size="3">100</output>
      <correct size="4">100
</correct>
      <stderr size="0"></stderr>
      <checker size="3">OK
</checker>
    </test>
    <test num="13" status="OK" time="2" real-time="3" max-memory-used="311296"  checker-comment="OK" >
  <program-stats-str>{ utime=0, stime=2, ptime=2, rtime=3, maxvsz=311296, maxrss=2940928, nvcsw=1, nivcsw=1 }</program-stats-str>
  <checker-stats-str>{ utime=0, stime=0, ptime=0, rtime=1, maxvsz=307200, maxrss=2387968, nvcsw=1, nivcsw=1 }</checker-stats-str>
      <input size="2485">1239 2
1 2 2 1 2 1 1 2 2 1 1 2 1 2 2 1 2 1 1 2 1 2 2 1 1 2 2 1 2 1 1 2 2 1 1 2 1 2 2 1 1 2 2 1 2 1 1 2 1 2 2 1 2 1 1 2 2 1 1 2 1 2 2 1 2 1 1 2 1 2 2 1 1 2 2 1 2 1 1 2 1 2 2 1 2 1 1 2 2 1 1 2 1 2 2 1 1 2 2 1 2 1 1 2 2 1 1 2 1 2 2 1 2 1 1 2 1 2 2 1 1 2 2 1 2 1 1 2 2 1 1 2 1 2 2 1 1 2 2 1 2 1 1 2 1 2 2 1 2 1 1 2 2 1 1 2 1 2 2 1 1 2 2 1 2 1 1 2 2 1 1 2 1 2 2 1 2 1 1 2 1 2 2 1 1 2 2 1 2 1 1 2 1 2 2 1 2 1 1 2 2 1 1 2 1 2 2 1 2 1 1 2 1 2 2 1 1 2 2 1 2 1 1 2 2 1 1 2 1 2 2 1 1 2 2 1 2 1 1 2 1 2 2 1 2 1 1 2 2 1 1 2 1 2 2 1 2 1 1 2 1 2 2 1 1 2 2 1 2 1 1 2 1 2 2 1 2 1 1 2 2 1 1 2 1 2 2 1 1 2 2 1 2 1 1 2 2 1 1 2 1 2 2 1 2 1 1 2 1 2 2 1 1 2 2 1 2 1 1 2 1 2 2 1 2 1 1 2 2 1 1 2 1 2 2 1 2 1 1 2 1 2 2 1 1 2 2 1 2 1 1 2 2 1 1 2 1 2 2 1 1 2 2 1 2 1 1 2 1 2 2 1 2 1 1 2 2 1 1 2 1 2 2 1 1 2 2 1 2 1 1 2 2 1 1 2 1 2 2 1 2 1 1 2 1 2 2 1 1 2 2 1 2 1 1 2 2 1 1 2 1 2 2 1 1 2 2 1 2 1 1 2 1 2 2 1 2 1 1 2 2 1 1 2 1 2 2 1 2 1 1 2 1 2 2 1 1 2 2 1 2 1 1 2 1 2 2 1 2 1 1 2 2 1 1 2 1 2 2 1 1 2 2 1 2 1 1 2 2 1 1 2 1 2 2 1 2 1 1 2 1 2 2 1 1 2 2 1 2 1 1 2 2 1 1 2 1 2 2 1 1 2 2 1 2 1 1 2 1 2 2 1 2 1 1 2 2 1 1 2 1 2 2 1 1 2 2 1 2 1 1 2 2 1 1 2 1 2 2 1 2 1 1 2 1 2 2 1 1 2 2 1 2 1 1 2 1 2 2 1 2 1 1 2 2 1 1 2 1 2 2 1 2 1 1 2 1 2 2 1 1 2 2 1 2 1 1 2 2 1 1 2 1 2 2 1 1 2 2 1 2 1 1 2 1 2 2 1 2 1 1 2 2 1 1 2 1 2 2 1 1 2 2 1 2 1 1 2 2 1 1 2 1 2 2 1 2 1 1 2 1 2 2 1 1 2 2 1 2 1 1 2 2 1 1 2 1 2 2 1 1 2 2 1 2 1 1 2 1 2 2 1 2 1 1 2 2 1 1 2 1 2 2 1 2 1 1 2 1 2 2 1 1 2 2 1 2 1 1 2 1 2 2 1 2 1 1 2 2 1 1 2 1 2 2 1 1 2 2 1 2 1 1 2 2 1 1 2 1 2 2 1 2 1 1 2 1 2 2 1 1 2 2 1 2 1 1 2 1 2 2 1 2 1 1 2 2 1 1 2 1 2 2 1 2 1 1 2 1 2 2 1 1 2 2 1 2 1 1 2 2 1 1 2 1 2 2 1 1 2 2 1 2 1 1 2 1 2 2 1 2 1 1 2 2 1 1 2 1 2 2 1 2 1 1 2 1 2 2 1 1 2 2 1 2 1 1 2 1 2 2 1 2 1 1 2 2 1 1 2 1 2 2 1 1 2 2 1 2 1 1 2 2 1 1 2 1 2 2 1 2 1 1 2 1 2 2 1 1 2 2 1 2 1 1 2 2 1 1 2 1 2 2 1 1 2 2 1 2 1 1 2 1 2 2 1 2 1 1 2 2 1 1 2 1 2 2 1 1 2 2 1 2 1 1 2 2 1 1 2 1 2 2 1 2 1 1 2 1 2 2 1 1 2 2 1 2 1 1 2 1 2 2 1 2 1 1 2 2 1 1 2 1 2 2 1 2 1 1 2 1 2 2 1 1 2 2 1 2 1 1 2 2 1 1 2 1 2 2 1 1 2 2 1 2 1 1 2 1 2 2 1 2 1 1 2 2 1 1 2 1 2 2 1 2 1 1 2 1 2 2 1 1 2 2 1 2 1 1 2 1 2 2 1 2 1 1 2 2 1 1 2 1 2 2 1 1 2 2 1 2 1 1 2 2 1 1 2 1 2 2 1 2 1 1 2 1 2 2 1 1 2 2 1 2 1 1 2 1 2 2 1 2 1 1 2 2 1 1 2 1 2 2 1 2 1 1 2 1 2 2 1 1 2 2 1 2 1 1 2 2 1 1 2 1 2 2 1 1 2 2 1 2 1 1 2 1 2 2 1 2 1 1 2 2 1 1 2 1 2 2 1 1 2 2 1 2 1 1 2 2 1 1 2 1 2 2 1 2 1 1 2 1 2 2 1 1 2 2 1 2 1 1 2 2 1 1 2 1 2 2 1 1 2 2 1 2 1 1 2 1 2 2 1 2 1 1 2 2 1 1 2 1 2 2 1 2 1 1 2 1 2 2 1 1 2 2 1 2 1 1 2 1 2 2 1 2 1 1
</input>
      <output size="28">727 1111 1207 1231 1237 1239</output>
      <correct size="29">727 1111 1207 1231 1237 1239
</correct>
      <stderr size="0"></stderr>
      <checker size="3">OK
</checker>
    </test>
    <test num="14" status="OK" time="1" real-time="2" max-memory-used="311296"  checker-comment="OK" >
  <program-stats-str>{ utime=0, stime=1, ptime=1, rtime=2, maxvsz=311296, maxrss=2818048, nvcsw=1, nivcsw=1 }</program-stats-str>
  <checker-stats-str>{ utime=0, stime=0, ptime=0, rtime=2, maxvsz=307200, maxrss=2387968, nvcsw=1, nivcsw=1 }</checker-stats-str>
      <input size="408">200 100
1 1 2 2 1 1 3 3 1 1 2 2 1 1 4 4 1 1 2 2 1 1 3 3 1 1 2 2 1 1 5 5 1 1 2 2 1 1 3 3 1 1 2 2 1 1 4 4 1 1 2 2 1 1 3 3 1 1 2 2 1 1 6 6 1 1 2 2 1 1 3 3 1 1 2 2 1 1 4 4 1 1 2 2 1 1 3 3 1 1 2 2 1 1 5 5 1 1 2 2 1 1 3 3 1 1 2 2 1 1 4 4 1 1 2 2 1 1 3 3 1 1 2 2 1 1 7 7 1 1 2 2 1 1 3 3 1 1 2 2 1 1 4 4 1 1 2 2 1 1 3 3 1 1 2 2 1 1 5 5 1 1 2 2 1 1 3 3 1 1 2 2 1 1 4 4 1 1 2 2 1 1 3 3 1 1 2 2 1 1 6 6 1 1 2 2 1 1 3 3
</input>
      <output size="27">137 169 185 193 197 199 200</output>
      <correct size="28">137 169 185 193 197 199 200
</correct>
      <stderr size="0"></stderr>
      <checker size="3">OK
</checker>
    </test>
    <test num="15" status="OK" time="1" real-time="4" max-memory-used="311296"  checker-comment="OK" >
  <program-stats-str>{ utime=1, stime=0, ptime=1, rtime=4, maxvsz=311296, maxrss=2920448, nvcsw=1, nivcsw=2 }</program-stats-str>
  <checker-stats-str>{ utime=0, stime=1, ptime=1, rtime=2, maxvsz=307200, maxrss=2387968, nvcsw=1, nivcsw=3 }</checker-stats-str>
      <input size="964">239 333
123 123 123 123 123 123 123 123 235 235 123 123 123 123 123 123 123 123 123 123 235 123 123 123 235 123 235 123 123 235 123 123 235 123 235 123 123 123 235 123 123 123 123 123 235 123 123 235 235 123 235 123 123 123 235 235 235 123 123 123 123 235 235 123 235 123 123 123 235 123 123 235 123 123 235 123 235 235 123 123 235 123 123 235 235 235 235 123 123 123 235 123 235 123 235 235 123 235 235 235 123 123 123 123 235 235 123 235 123 123 235 123 123 235 235 123 235 123 235 235 235 123 235 123 235 123 123 235 235 235 123 123 235 123 235 123 123 235 123 123 235 123 235 123 235 123 235 123 123 235 123 123 235 123 235 235 123 123 235 123 235 123 123 123 235 123 123 235 235 123 235 235 123 123 235 235 235 123 123 123 123 123 235 123 235 235 235 123 235 123 123 123 123 123 235 235 123 235 123 123 235 123 235 123 235 123 235 123 235 123 123 123 235 123 235 235 235 235 235 123 235 235 123 123 235 235 123 235 123 123 235 123 123 235 235 123 235 123 123
</input>
      <output size="23">230 235 236 237 238 239</output>
      <correct size="24">230 235 236 237 238 239
</correct>
      <stderr size="0"></stderr>
      <checker size="3">OK
</checker>
    </test>
    <test num="16" status="OK" time="65" real-time="69" max-memory-used="311296"  checker-comment="OK" >
  <program-stats-str>{ utime=61, stime=4, ptime=65, rtime=69, maxvsz=311296, maxrss=7299072, nvcsw=1, nivcsw=7 }</program-stats-str>
  <checker-stats-str>{ utime=0, stime=0, ptime=0, rtime=1, maxvsz=307200, maxrss=2387968, nvcsw=1, nivcsw=1 }</checker-stats-str>
      <input too-big="yes" original-size="588744" />
      <output size="30">50000 96667 99108 99582 100000</output>
      <correct size="31">50000 96667 99108 99582 100000
</correct>
      <stderr size="0"></stderr>
      <checker size="3">OK
</checker>
    </test>
    <test num="17" status="OK" time="63" real-time="67" max-memory-used="311296"  checker-comment="OK" >
  <program-stats-str>{ utime=63, stime=0, ptime=63, rtime=67, maxvsz=311296, maxrss=7335936, nvcsw=1, nivcsw=7 }</program-stats-str>
  <checker-stats-str>{ utime=0, stime=0, ptime=0, rtime=1, maxvsz=307200, maxrss=2387968, nvcsw=1, nivcsw=1 }</checker-stats-str>
      <input too-big="yes" original-size="588618" />
      <output size="12">75000 100000</output>
      <correct size="13">75000 100000
</correct>
      <stderr size="0"></stderr>
      <checker size="3">OK
</checker>
    </test>
    <test num="18" status="OK" time="63" real-time="67" max-memory-used="311296"  checker-comment="OK" >
  <program-stats-str>{ utime=63, stime=0, ptime=63, rtime=67, maxvsz=311296, maxrss=7360512, nvcsw=1, nivcsw=6 }</program-stats-str>
  <checker-stats-str>{ utime=0, stime=0, ptime=0, rtime=1, maxvsz=307200, maxrss=2387968, nvcsw=1, nivcsw=1 }</checker-stats-str>
      <input too-big="yes" original-size="588618" />
      <output size="12">75000 100000</output>
      <correct size="13">75000 100000
</correct>
      <stderr size="0"></stderr>
      <checker size="3">OK
</checker>
    </test>
    <test num="19" status="OK" time="63" real-time="66" max-memory-used="311296"  checker-comment="OK" >
  <program-stats-str>{ utime=63, stime=0, ptime=63, rtime=66, maxvsz=311296, maxrss=7319552, nvcsw=1, nivcsw=9 }</program-stats-str>
  <checker-stats-str>{ utime=0, stime=0, ptime=0, rtime=1, maxvsz=307200, maxrss=2387968, nvcsw=1, nivcsw=2 }</checker-stats-str>
      <input too-big="yes" original-size="588618" />
      <output size="12">75000 100000</output>
      <correct size="13">75000 100000
</correct>
      <stderr size="0"></stderr>
      <checker size="3">OK
</checker>
    </test>
    <test num="20" status="OK" time="67" real-time="71" max-memory-used="311296"  checker-comment="OK" >
  <program-stats-str>{ utime=67, stime=0, ptime=67, rtime=71, maxvsz=311296, maxrss=7430144, nvcsw=1, nivcsw=8 }</program-stats-str>
  <checker-stats-str>{ utime=9, stime=0, ptime=9, rtime=11, maxvsz=307200, maxrss=2387968, nvcsw=1, nivcsw=2 }</checker-stats-str>
      <input too-big="yes" original-size="592621" />
      <output too-big="yes" original-size="98310" />
      <correct too-big="yes" original-size="98311" />
      <stderr size="0"></stderr>
      <checker size="3">OK
</checker>
    </test>
    <test num="21" status="OK" time="66" real-time="71" max-memory-used="311296"  checker-comment="OK" >
  <program-stats-str>{ utime=66, stime=0, ptime=66, rtime=71, maxvsz=311296, maxrss=7340032, nvcsw=1, nivcsw=6 }</program-stats-str>
  <checker-stats-str>{ utime=8, stime=0, ptime=8, rtime=10, maxvsz=307200, maxrss=2387968, nvcsw=1, nivcsw=3 }</checker-stats-str>
      <input too-big="yes" original-size="596161" />
      <output too-big="yes" original-size="98316" />
      <correct too-big="yes" original-size="98317" />
      <stderr size="0"></stderr>
      <checker size="3">OK
</checker>
    </test>
    <test num="22" status="OK" time="59" real-time="61" max-memory-used="311296"  checker-comment="OK" >
  <program-stats-str>{ utime=54, stime=5, ptime=59, rtime=61, maxvsz=311296, maxrss=7299072, nvcsw=1, nivcsw=6 }</program-stats-str>
  <checker-stats-str>{ utime=26, stime=0, ptime=26, rtime=29, maxvsz=307200, maxrss=2387968, nvcsw=1, nivcsw=6 }</checker-stats-str>
      <input too-big="yes" original-size="300011" />
      <output too-big="yes" original-size="300006" />
      <correct too-big="yes" original-size="300007" />
      <stderr size="0"></stderr>
      <checker size="3">OK
</checker>
    </test>
    <test num="23" status="OK" time="64" real-time="67" max-memory-used="311296"  checker-comment="OK" >
  <program-stats-str>{ utime=59, stime=5, ptime=64, rtime=67, maxvsz=311296, maxrss=7299072, nvcsw=1, nivcsw=8 }</program-stats-str>
  <checker-stats-str>{ utime=0, stime=0, ptime=0, rtime=1, maxvsz=307200, maxrss=2387968, nvcsw=1, nivcsw=1 }</checker-stats-str>
      <input too-big="yes" original-size="588878" />
      <output size="102">50000 53125 56250 59375 62500 65625 68750 71875 75000 78125 81250 84375 87500 90625 93750 96875 100000</output>
      <correct size="103">50000 53125 56250 59375 62500 65625 68750 71875 75000 78125 81250 84375 87500 90625 93750 96875 100000
</correct>
      <stderr size="0"></stderr>
      <checker size="3">OK
</checker>
    </test>
    <test num="24" status="OK" time="9" real-time="11" max-memory-used="311296"  checker-comment="OK" >
  <program-stats-str>{ utime=7, stime=2, ptime=9, rtime=11, maxvsz=311296, maxrss=3301376, nvcsw=1, nivcsw=6 }</program-stats-str>
  <checker-stats-str>{ utime=0, stime=1, ptime=1, rtime=2, maxvsz=307200, maxrss=2387968, nvcsw=1, nivcsw=1 }</checker-stats-str>
      <input too-big="yes" original-size="72024" />
      <output size="3005">10502 10505 10508 10511 10514 10517 10520 10523 10526 10529 10532 10535 10538 10541 10544 10547 10550 10553 10556 10559 10562 10565 10568 10571 10574 10577 10580 10583 10586 10589 10592 10595 10598 10601 10604 10607 10610 10613 10616 10619 10622 10625 10628 10631 10634 10637 10640 10643 10646 10649 10652 10655 10658 10661 10664 10667 10670 10673 10676 10679 10682 10685 10688 10691 10694 10697 10700 10703 10706 10709 10712 10715 10718 10721 10724 10727 10730 10733 10736 10739 10742 10745 10748 10751 10754 10757 10760 10763 10766 10769 10772 10775 10778 10781 10784 10787 10790 10793 10796 10799 10802 10805 10808 10811 10814 10817 10820 10823 10826 10829 10832 10835 10838 10841 10844 10847 10850 10853 10856 10859 10862 10865 10868 10871 10874 10877 10880 10883 10886 10889 10892 10895 10898 10901 10904 10907 10910 10913 10916 10919 10922 10925 10928 10931 10934 10937 10940 10943 10946 10949 10952 10955 10958 10961 10964 10967 10970 10973 10976 10979 10982 10985 10988 10991 10994 10997 11000 11003 11006 11009 11012 11015 11018 11021 11024 11027 11030 11033 11036 11039 11042 11045 11048 11051 11054 11057 11060 11063 11066 11069 11072 11075 11078 11081 11084 11087 11090 11093 11096 11099 11102 11105 11108 11111 11114 11117 11120 11123 11126 11129 11132 11135 11138 11141 11144 11147 11150 11153 11156 11159 11162 11165 11168 11171 11174 11177 11180 11183 11186 11189 11192 11195 11198 11201 11204 11207 11210 11213 11216 11219 11222 11225 11228 11231 11234 11237 11240 11243 11246 11249 11252 11255 11258 11261 11264 11267 11270 11273 11276 11279 11282 11285 11288 11291 11294 11297 11300 11303 11306 11309 11312 11315 11318 11321 11324 11327 11330 11333 11336 11339 11342 11345 11348 11351 11354 11357 11360 11363 11366 11369 11372 11375 11378 11381 11384 11387 11390 11393 11396 11399 11402 11405 11408 11411 11414 11417 11420 11423 11426 11429 11432 11435 11438 11441 11444 11447 11450 11453 11456 11459 11462 11465 11468 11471 11474 11477 11480 11483 11486 11489 11492 11495 11498 11501 11504 11507 11510 11513 11516 11519 11522 11525 11528 11531 11534 11537 11540 11543 11546 11549 11552 11555 11558 11561 11564 11567 11570 11573 11576 11579 11582 11585 11588 11591 11594 11597 11600 11603 11606 11609 11612 11615 11618 11621 11624 11627 11630 11633 11636 11639 11642 11645 11648 11651 11654 11657 11660 11663 11666 11669 11672 11675 11678 11681 11684 11687 11690 11693 11696 11699 11702 11705 11708 11711 11714 11717 11720 11723 11726 11729 11732 11735 11738 11741 11744 11747 11750 11753 11756 11759 11762 11765 11768 11771 11774 11777 11780 11783 11786 11789 11792 11795 11798 11801 11804 11807 11810 11813 11816 11819 11822 11825 11828 11831 11834 11837 11840 11843 11846 11849 11852 11855 11858 11861 11864 11867 11870 11873 11876 11879 11882 11885 11888 11891 11894 11897 11900 11903 11906 11909 11912 11915 11918 11921 11924 11927 11930 11933 11936 11939 11942 11945 11948 11951 11954 11957 11960 11963 11966 11969 11972 11975 11978 11981 11984 11987 11990 11993 11996 11999 12002</output>
      <correct size="3006">10502 10505 10508 10511 10514 10517 10520 10523 10526 10529 10532 10535 10538 10541 10544 10547 10550 10553 10556 10559 10562 10565 10568 10571 10574 10577 10580 10583 10586 10589 10592 10595 10598 10601 10604 10607 10610 10613 10616 10619 10622 10625 10628 10631 10634 10637 10640 10643 10646 10649 10652 10655 10658 10661 10664 10667 10670 10673 10676 10679 10682 10685 10688 10691 10694 10697 10700 10703 10706 10709 10712 10715 10718 10721 10724 10727 10730 10733 10736 10739 10742 10745 10748 10751 10754 10757 10760 10763 10766 10769 10772 10775 10778 10781 10784 10787 10790 10793 10796 10799 10802 10805 10808 10811 10814 10817 10820 10823 10826 10829 10832 10835 10838 10841 10844 10847 10850 10853 10856 10859 10862 10865 10868 10871 10874 10877 10880 10883 10886 10889 10892 10895 10898 10901 10904 10907 10910 10913 10916 10919 10922 10925 10928 10931 10934 10937 10940 10943 10946 10949 10952 10955 10958 10961 10964 10967 10970 10973 10976 10979 10982 10985 10988 10991 10994 10997 11000 11003 11006 11009 11012 11015 11018 11021 11024 11027 11030 11033 11036 11039 11042 11045 11048 11051 11054 11057 11060 11063 11066 11069 11072 11075 11078 11081 11084 11087 11090 11093 11096 11099 11102 11105 11108 11111 11114 11117 11120 11123 11126 11129 11132 11135 11138 11141 11144 11147 11150 11153 11156 11159 11162 11165 11168 11171 11174 11177 11180 11183 11186 11189 11192 11195 11198 11201 11204 11207 11210 11213 11216 11219 11222 11225 11228 11231 11234 11237 11240 11243 11246 11249 11252 11255 11258 11261 11264 11267 11270 11273 11276 11279 11282 11285 11288 11291 11294 11297 11300 11303 11306 11309 11312 11315 11318 11321 11324 11327 11330 11333 11336 11339 11342 11345 11348 11351 11354 11357 11360 11363 11366 11369 11372 11375 11378 11381 11384 11387 11390 11393 11396 11399 11402 11405 11408 11411 11414 11417 11420 11423 11426 11429 11432 11435 11438 11441 11444 11447 11450 11453 11456 11459 11462 11465 11468 11471 11474 11477 11480 11483 11486 11489 11492 11495 11498 11501 11504 11507 11510 11513 11516 11519 11522 11525 11528 11531 11534 11537 11540 11543 11546 11549 11552 11555 11558 11561 11564 11567 11570 11573 11576 11579 11582 11585 11588 11591 11594 11597 11600 11603 11606 11609 11612 11615 11618 11621 11624 11627 11630 11633 11636 11639 11642 11645 11648 11651 11654 11657 11660 11663 11666 11669 11672 11675 11678 11681 11684 11687 11690 11693 11696 11699 11702 11705 11708 11711 11714 11717 11720 11723 11726 11729 11732 11735 11738 11741 11744 11747 11750 11753 11756 11759 11762 11765 11768 11771 11774 11777 11780 11783 11786 11789 11792 11795 11798 11801 11804 11807 11810 11813 11816 11819 11822 11825 11828 11831 11834 11837 11840 11843 11846 11849 11852 11855 11858 11861 11864 11867 11870 11873 11876 11879 11882 11885 11888 11891 11894 11897 11900 11903 11906 11909 11912 11915 11918 11921 11924 11927 11930 11933 11936 11939 11942 11945 11948 11951 11954 11957 11960 11963 11966 11969 11972 11975 11978 11981 11984 11987 11990 11993 11996 11999 12002
</correct>
      <stderr size="0"></stderr>
      <checker size="3">OK
</checker>
    </test>
    <test num="25" status="OK" time="57" real-time="64" max-memory-used="311296"  checker-comment="OK" >
  <program-stats-str>{ utime=53, stime=4, ptime=57, rtime=64, maxvsz=311296, maxrss=6762496, nvcsw=1, nivcsw=10 }</program-stats-str>
  <checker-stats-str>{ utime=0, stime=0, ptime=0, rtime=1, maxvsz=307200, maxrss=2387968, nvcsw=1, nivcsw=1 }</checker-stats-str>
      <input too-big="yes" original-size="523921" />
      <output size="389">44801 45501 46201 46901 47601 48301 49001 49701 50401 51101 51801 52501 53201 53901 54601 55301 56001 56701 57401 58101 58801 59501 60201 60901 61601 62301 63001 63701 64401 65101 65801 66501 67201 67901 68601 69301 70001 70701 71401 72101 72801 73501 74201 74901 75601 76301 77001 77701 78401 79101 79801 80501 81201 81901 82601 83301 84001 84701 85401 86101 86801 87501 88201 88901 89601</output>
      <correct size="390">44801 45501 46201 46901 47601 48301 49001 49701 50401 51101 51801 52501 53201 53901 54601 55301 56001 56701 57401 58101 58801 59501 60201 60901 61601 62301 63001 63701 64401 65101 65801 66501 67201 67901 68601 69301 70001 70701 71401 72101 72801 73501 74201 74901 75601 76301 77001 77701 78401 79101 79801 80501 81201 81901 82601 83301 84001 84701 85401 86101 86801 87501 88201 88901 89601
</correct>
      <stderr size="0"></stderr>
      <checker size="3">OK
</checker>
    </test>
    <test num="26" status="OK" time="43" real-time="46" max-memory-used="311296"  checker-comment="OK" >
  <program-stats-str>{ utime=32, stime=11, ptime=43, rtime=46, maxvsz=311296, maxrss=6254592, nvcsw=1, nivcsw=7 }</program-stats-str>
  <checker-stats-str>{ utime=0, stime=0, ptime=0, rtime=2, maxvsz=307200, maxrss=2387968, nvcsw=1, nivcsw=1 }</checker-stats-str>
      <input too-big="yes" original-size="349200" />
      <output size="3077">35841 35911 35981 36051 36121 36191 36261 36331 36401 36471 36541 36611 36681 36751 36821 36891 36961 37031 37101 37171 37241 37311 37381 37451 37521 37591 37661 37731 37801 37871 37941 38011 38081 38151 38221 38291 38361 38431 38501 38571 38641 38711 38781 38851 38921 38991 39061 39131 39201 39271 39341 39411 39481 39551 39621 39691 39761 39831 39901 39971 40041 40111 40181 40251 40321 40391 40461 40531 40601 40671 40741 40811 40881 40951 41021 41091 41161 41231 41301 41371 41441 41511 41581 41651 41721 41791 41861 41931 42001 42071 42141 42211 42281 42351 42421 42491 42561 42631 42701 42771 42841 42911 42981 43051 43121 43191 43261 43331 43401 43471 43541 43611 43681 43751 43821 43891 43961 44031 44101 44171 44241 44311 44381 44451 44521 44591 44661 44731 44801 44871 44941 45011 45081 45151 45221 45291 45361 45431 45501 45571 45641 45711 45781 45851 45921 45991 46061 46131 46201 46271 46341 46411 46481 46551 46621 46691 46761 46831 46901 46971 47041 47111 47181 47251 47321 47391 47461 47531 47601 47671 47741 47811 47881 47951 48021 48091 48161 48231 48301 48371 48441 48511 48581 48651 48721 48791 48861 48931 49001 49071 49141 49211 49281 49351 49421 49491 49561 49631 49701 49771 49841 49911 49981 50051 50121 50191 50261 50331 50401 50471 50541 50611 50681 50751 50821 50891 50961 51031 51101 51171 51241 51311 51381 51451 51521 51591 51661 51731 51801 51871 51941 52011 52081 52151 52221 52291 52361 52431 52501 52571 52641 52711 52781 52851 52921 52991 53061 53131 53201 53271 53341 53411 53481 53551 53621 53691 53761 53831 53901 53971 54041 54111 54181 54251 54321 54391 54461 54531 54601 54671 54741 54811 54881 54951 55021 55091 55161 55231 55301 55371 55441 55511 55581 55651 55721 55791 55861 55931 56001 56071 56141 56211 56281 56351 56421 56491 56561 56631 56701 56771 56841 56911 56981 57051 57121 57191 57261 57331 57401 57471 57541 57611 57681 57751 57821 57891 57961 58031 58101 58171 58241 58311 58381 58451 58521 58591 58661 58731 58801 58871 58941 59011 59081 59151 59221 59291 59361 59431 59501 59571 59641 59711 59781 59851 59921 59991 60061 60131 60201 60271 60341 60411 60481 60551 60621 60691 60761 60831 60901 60971 61041 61111 61181 61251 61321 61391 61461 61531 61601 61671 61741 61811 61881 61951 62021 62091 62161 62231 62301 62371 62441 62511 62581 62651 62721 62791 62861 62931 63001 63071 63141 63211 63281 63351 63421 63491 63561 63631 63701 63771 63841 63911 63981 64051 64121 64191 64261 64331 64401 64471 64541 64611 64681 64751 64821 64891 64961 65031 65101 65171 65241 65311 65381 65451 65521 65591 65661 65731 65801 65871 65941 66011 66081 66151 66221 66291 66361 66431 66501 66571 66641 66711 66781 66851 66921 66991 67061 67131 67201 67271 67341 67411 67481 67551 67621 67691 67761 67831 67901 67971 68041 68111 68181 68251 68321 68391 68461 68531 68601 68671 68741 68811 68881 68951 69021 69091 69161 69231 69301 69371 69441 69511 69581 69651 69721 69791 69861 69931 70001 70071 70141 70211 70281 70351 70421 70491 70561 70631 70701 70771 70841 70911 70981 71051 71121 71191 71261 71331 71401 71471 71541 71611 71681</output>
      <correct size="3078">35841 35911 35981 36051 36121 36191 36261 36331 36401 36471 36541 36611 36681 36751 36821 36891 36961 37031 37101 37171 37241 37311 37381 37451 37521 37591 37661 37731 37801 37871 37941 38011 38081 38151 38221 38291 38361 38431 38501 38571 38641 38711 38781 38851 38921 38991 39061 39131 39201 39271 39341 39411 39481 39551 39621 39691 39761 39831 39901 39971 40041 40111 40181 40251 40321 40391 40461 40531 40601 40671 40741 40811 40881 40951 41021 41091 41161 41231 41301 41371 41441 41511 41581 41651 41721 41791 41861 41931 42001 42071 42141 42211 42281 42351 42421 42491 42561 42631 42701 42771 42841 42911 42981 43051 43121 43191 43261 43331 43401 43471 43541 43611 43681 43751 43821 43891 43961 44031 44101 44171 44241 44311 44381 44451 44521 44591 44661 44731 44801 44871 44941 45011 45081 45151 45221 45291 45361 45431 45501 45571 45641 45711 45781 45851 45921 45991 46061 46131 46201 46271 46341 46411 46481 46551 46621 46691 46761 46831 46901 46971 47041 47111 47181 47251 47321 47391 47461 47531 47601 47671 47741 47811 47881 47951 48021 48091 48161 48231 48301 48371 48441 48511 48581 48651 48721 48791 48861 48931 49001 49071 49141 49211 49281 49351 49421 49491 49561 49631 49701 49771 49841 49911 49981 50051 50121 50191 50261 50331 50401 50471 50541 50611 50681 50751 50821 50891 50961 51031 51101 51171 51241 51311 51381 51451 51521 51591 51661 51731 51801 51871 51941 52011 52081 52151 52221 52291 52361 52431 52501 52571 52641 52711 52781 52851 52921 52991 53061 53131 53201 53271 53341 53411 53481 53551 53621 53691 53761 53831 53901 53971 54041 54111 54181 54251 54321 54391 54461 54531 54601 54671 54741 54811 54881 54951 55021 55091 55161 55231 55301 55371 55441 55511 55581 55651 55721 55791 55861 55931 56001 56071 56141 56211 56281 56351 56421 56491 56561 56631 56701 56771 56841 56911 56981 57051 57121 57191 57261 57331 57401 57471 57541 57611 57681 57751 57821 57891 57961 58031 58101 58171 58241 58311 58381 58451 58521 58591 58661 58731 58801 58871 58941 59011 59081 59151 59221 59291 59361 59431 59501 59571 59641 59711 59781 59851 59921 59991 60061 60131 60201 60271 60341 60411 60481 60551 60621 60691 60761 60831 60901 60971 61041 61111 61181 61251 61321 61391 61461 61531 61601 61671 61741 61811 61881 61951 62021 62091 62161 62231 62301 62371 62441 62511 62581 62651 62721 62791 62861 62931 63001 63071 63141 63211 63281 63351 63421 63491 63561 63631 63701 63771 63841 63911 63981 64051 64121 64191 64261 64331 64401 64471 64541 64611 64681 64751 64821 64891 64961 65031 65101 65171 65241 65311 65381 65451 65521 65591 65661 65731 65801 65871 65941 66011 66081 66151 66221 66291 66361 66431 66501 66571 66641 66711 66781 66851 66921 66991 67061 67131 67201 67271 67341 67411 67481 67551 67621 67691 67761 67831 67901 67971 68041 68111 68181 68251 68321 68391 68461 68531 68601 68671 68741 68811 68881 68951 69021 69091 69161 69231 69301 69371 69441 69511 69581 69651 69721 69791 69861 69931 70001 70071 70141 70211 70281 70351 70421 70491 70561 70631 70701 70771 70841 70911 70981 71051 71121 71191 71261 71331 71401 71471 71541 71611 71681
</correct>
      <stderr size="0"></stderr>
      <checker size="3">OK
</checker>
    </test>
    <test num="27" status="OK" time="42" real-time="46" max-memory-used="311296"  checker-comment="OK" >
  <program-stats-str>{ utime=35, stime=7, ptime=42, rtime=46, maxvsz=311296, maxrss=7327744, nvcsw=1, nivcsw=7 }</program-stats-str>
  <checker-stats-str>{ utime=0, stime=1, ptime=1, rtime=2, maxvsz=307200, maxrss=2387968, nvcsw=1, nivcsw=1 }</checker-stats-str>
      <input too-big="yes" original-size="200809" />
      <output size="3030">99496 99497 99498 99499 99500 99501 99502 99503 99504 99505 99506 99507 99508 99509 99510 99511 99512 99513 99514 99515 99516 99517 99518 99519 99520 99521 99522 99523 99524 99525 99526 99527 99528 99529 99530 99531 99532 99533 99534 99535 99536 99537 99538 99539 99540 99541 99542 99543 99544 99545 99546 99547 99548 99549 99550 99551 99552 99553 99554 99555 99556 99557 99558 99559 99560 99561 99562 99563 99564 99565 99566 99567 99568 99569 99570 99571 99572 99573 99574 99575 99576 99577 99578 99579 99580 99581 99582 99583 99584 99585 99586 99587 99588 99589 99590 99591 99592 99593 99594 99595 99596 99597 99598 99599 99600 99601 99602 99603 99604 99605 99606 99607 99608 99609 99610 99611 99612 99613 99614 99615 99616 99617 99618 99619 99620 99621 99622 99623 99624 99625 99626 99627 99628 99629 99630 99631 99632 99633 99634 99635 99636 99637 99638 99639 99640 99641 99642 99643 99644 99645 99646 99647 99648 99649 99650 99651 99652 99653 99654 99655 99656 99657 99658 99659 99660 99661 99662 99663 99664 99665 99666 99667 99668 99669 99670 99671 99672 99673 99674 99675 99676 99677 99678 99679 99680 99681 99682 99683 99684 99685 99686 99687 99688 99689 99690 99691 99692 99693 99694 99695 99696 99697 99698 99699 99700 99701 99702 99703 99704 99705 99706 99707 99708 99709 99710 99711 99712 99713 99714 99715 99716 99717 99718 99719 99720 99721 99722 99723 99724 99725 99726 99727 99728 99729 99730 99731 99732 99733 99734 99735 99736 99737 99738 99739 99740 99741 99742 99743 99744 99745 99746 99747 99748 99749 99750 99751 99752 99753 99754 99755 99756 99757 99758 99759 99760 99761 99762 99763 99764 99765 99766 99767 99768 99769 99770 99771 99772 99773 99774 99775 99776 99777 99778 99779 99780 99781 99782 99783 99784 99785 99786 99787 99788 99789 99790 99791 99792 99793 99794 99795 99796 99797 99798 99799 99800 99801 99802 99803 99804 99805 99806 99807 99808 99809 99810 99811 99812 99813 99814 99815 99816 99817 99818 99819 99820 99821 99822 99823 99824 99825 99826 99827 99828 99829 99830 99831 99832 99833 99834 99835 99836 99837 99838 99839 99840 99841 99842 99843 99844 99845 99846 99847 99848 99849 99850 99851 99852 99853 99854 99855 99856 99857 99858 99859 99860 99861 99862 99863 99864 99865 99866 99867 99868 99869 99870 99871 99872 99873 99874 99875 99876 99877 99878 99879 99880 99881 99882 99883 99884 99885 99886 99887 99888 99889 99890 99891 99892 99893 99894 99895 99896 99897 99898 99899 99900 99901 99902 99903 99904 99905 99906 99907 99908 99909 99910 99911 99912 99913 99914 99915 99916 99917 99918 99919 99920 99921 99922 99923 99924 99925 99926 99927 99928 99929 99930 99931 99932 99933 99934 99935 99936 99937 99938 99939 99940 99941 99942 99943 99944 99945 99946 99947 99948 99949 99950 99951 99952 99953 99954 99955 99956 99957 99958 99959 99960 99961 99962 99963 99964 99965 99966 99967 99968 99969 99970 99971 99972 99973 99974 99975 99976 99977 99978 99979 99980 99981 99982 99983 99984 99985 99986 99987 99988 99989 99990 99991 99992 99993 99994 99995 99996 99997 99998 99999 100000</output>
      <correct size="3031">99496 99497 99498 99499 99500 99501 99502 99503 99504 99505 99506 99507 99508 99509 99510 99511 99512 99513 99514 99515 99516 99517 99518 99519 99520 99521 99522 99523 99524 99525 99526 99527 99528 99529 99530 99531 99532 99533 99534 99535 99536 99537 99538 99539 99540 99541 99542 99543 99544 99545 99546 99547 99548 99549 99550 99551 99552 99553 99554 99555 99556 99557 99558 99559 99560 99561 99562 99563 99564 99565 99566 99567 99568 99569 99570 99571 99572 99573 99574 99575 99576 99577 99578 99579 99580 99581 99582 99583 99584 99585 99586 99587 99588 99589 99590 99591 99592 99593 99594 99595 99596 99597 99598 99599 99600 99601 99602 99603 99604 99605 99606 99607 99608 99609 99610 99611 99612 99613 99614 99615 99616 99617 99618 99619 99620 99621 99622 99623 99624 99625 99626 99627 99628 99629 99630 99631 99632 99633 99634 99635 99636 99637 99638 99639 99640 99641 99642 99643 99644 99645 99646 99647 99648 99649 99650 99651 99652 99653 99654 99655 99656 99657 99658 99659 99660 99661 99662 99663 99664 99665 99666 99667 99668 99669 99670 99671 99672 99673 99674 99675 99676 99677 99678 99679 99680 99681 99682 99683 99684 99685 99686 99687 99688 99689 99690 99691 99692 99693 99694 99695 99696 99697 99698 99699 99700 99701 99702 99703 99704 99705 99706 99707 99708 99709 99710 99711 99712 99713 99714 99715 99716 99717 99718 99719 99720 99721 99722 99723 99724 99725 99726 99727 99728 99729 99730 99731 99732 99733 99734 99735 99736 99737 99738 99739 99740 99741 99742 99743 99744 99745 99746 99747 99748 99749 99750 99751 99752 99753 99754 99755 99756 99757 99758 99759 99760 99761 99762 99763 99764 99765 99766 99767 99768 99769 99770 99771 99772 99773 99774 99775 99776 99777 99778 99779 99780 99781 99782 99783 99784 99785 99786 99787 99788 99789 99790 99791 99792 99793 99794 99795 99796 99797 99798 99799 99800 99801 99802 99803 99804 99805 99806 99807 99808 99809 99810 99811 99812 99813 99814 99815 99816 99817 99818 99819 99820 99821 99822 99823 99824 99825 99826 99827 99828 99829 99830 99831 99832 99833 99834 99835 99836 99837 99838 99839 99840 99841 99842 99843 99844 99845 99846 99847 99848 99849 99850 99851 99852 99853 99854 99855 99856 99857 99858 99859 99860 99861 99862 99863 99864 99865 99866 99867 99868 99869 99870 99871 99872 99873 99874 99875 99876 99877 99878 99879 99880 99881 99882 99883 99884 99885 99886 99887 99888 99889 99890 99891 99892 99893 99894 99895 99896 99897 99898 99899 99900 99901 99902 99903 99904 99905 99906 99907 99908 99909 99910 99911 99912 99913 99914 99915 99916 99917 99918 99919 99920 99921 99922 99923 99924 99925 99926 99927 99928 99929 99930 99931 99932 99933 99934 99935 99936 99937 99938 99939 99940 99941 99942 99943 99944 99945 99946 99947 99948 99949 99950 99951 99952 99953 99954 99955 99956 99957 99958 99959 99960 99961 99962 99963 99964 99965 99966 99967 99968 99969 99970 99971 99972 99973 99974 99975 99976 99977 99978 99979 99980 99981 99982 99983 99984 99985 99986 99987 99988 99989 99990 99991 99992 99993 99994 99995 99996 99997 99998 99999 100000
</correct>
      <stderr size="0"></stderr>
      <checker size="3">OK
</checker>
    </test>
    <test num="28" status="OK" time="42" real-time="47" max-memory-used="311296"  checker-comment="OK" >
  <program-stats-str>{ utime=38, stime=4, ptime=42, rtime=47, maxvsz=311296, maxrss=7368704, nvcsw=1, nivcsw=10 }</program-stats-str>
  <checker-stats-str>{ utime=0, stime=0, ptime=0, rtime=2, maxvsz=307200, maxrss=2387968, nvcsw=1, nivcsw=1 }</checker-stats-str>
      <input too-big="yes" original-size="200009" />
      <output size="54">67232 91808 97952 99488 99872 99968 99992 99998 100000</output>
      <correct size="55">67232 91808 97952 99488 99872 99968 99992 99998 100000
</correct>
      <stderr size="0"></stderr>
      <checker size="3">OK
</checker>
    </test>
    <test num="29" status="OK" time="46" real-time="49" max-memory-used="311296"  checker-comment="OK" >
  <program-stats-str>{ utime=46, stime=0, ptime=46, rtime=49, maxvsz=311296, maxrss=7409664, nvcsw=1, nivcsw=8 }</program-stats-str>
  <checker-stats-str>{ utime=13, stime=0, ptime=13, rtime=15, maxvsz=307200, maxrss=2387968, nvcsw=1, nivcsw=3 }</checker-stats-str>
      <input too-big="yes" original-size="200014" />
      <output too-big="yes" original-size="150006" />
      <correct too-big="yes" original-size="150007" />
      <stderr size="0"></stderr>
      <checker size="3">OK
</checker>
    </test>
    <test num="30" status="OK" time="66" real-time="71" max-memory-used="311296"  checker-comment="OK" >
  <program-stats-str>{ utime=66, stime=0, ptime=66, rtime=71, maxvsz=311296, maxrss=7647232, nvcsw=1, nivcsw=7 }</program-stats-str>
  <checker-stats-str>{ utime=0, stime=6, ptime=6, rtime=8, maxvsz=307200, maxrss=2387968, nvcsw=1, nivcsw=1 }</checker-stats-str>
      <input too-big="yes" original-size="600014" />
      <output too-big="yes" original-size="66678" />
      <correct too-big="yes" original-size="66679" />
      <stderr size="0"></stderr>
      <checker size="3">OK
</checker>
    </test>
  </tests>
</testing-report>
