Content-type: text/xml

<?xml version="1.0" encoding="utf-8"?>
<testing-report run-id="25" judge-id="4" status="SV" scoring="ACM" run-tests="0" contest-id="3000" compile-error="yes" >
  <uuid>79c39ae6-0d0f-4f69-8766-64d9a5fb5bba</uuid>
  <compiler_output>000025.cpp:7:  Missing space after ,  [whitespace/comma] [3]
000025.cpp:9:  Tab found; better to use spaces  [whitespace/tab] [1]
000025.cpp:10:  Tab found; better to use spaces  [whitespace/tab] [1]
000025.cpp:10:  Line ends in whitespace.  Consider deleting these extra spaces.  [whitespace/end_of_line] [4]
000025.cpp:11:  Tab found; better to use spaces  [whitespace/tab] [1]
000025.cpp:12:  Tab found; better to use spaces  [whitespace/tab] [1]
000025.cpp:12:  Line ends in whitespace.  Consider deleting these extra spaces.  [whitespace/end_of_line] [4]
000025.cpp:13:  Tab found; better to use spaces  [whitespace/tab] [1]
000025.cpp:14:  Tab found; better to use spaces  [whitespace/tab] [1]
000025.cpp:15:  Tab found; better to use spaces  [whitespace/tab] [1]
000025.cpp:16:  Tab found; better to use spaces  [whitespace/tab] [1]
000025.cpp:17:  Tab found; better to use spaces  [whitespace/tab] [1]
000025.cpp:17:  Line ends in whitespace.  Consider deleting these extra spaces.  [whitespace/end_of_line] [4]
000025.cpp:18:  Tab found; better to use spaces  [whitespace/tab] [1]
000025.cpp:25:  Tab found; better to use spaces  [whitespace/tab] [1]
000025.cpp:26:  Tab found; better to use spaces  [whitespace/tab] [1]
000025.cpp:26:  Line ends in whitespace.  Consider deleting these extra spaces.  [whitespace/end_of_line] [4]
000025.cpp:27:  Tab found; better to use spaces  [whitespace/tab] [1]
000025.cpp:27:  Line ends in whitespace.  Consider deleting these extra spaces.  [whitespace/end_of_line] [4]
000025.cpp:28:  Tab found; better to use spaces  [whitespace/tab] [1]
000025.cpp:29:  Tab found; better to use spaces  [whitespace/tab] [1]
000025.cpp:29:  Line ends in whitespace.  Consider deleting these extra spaces.  [whitespace/end_of_line] [4]
000025.cpp:30:  Tab found; better to use spaces  [whitespace/tab] [1]
000025.cpp:30:  Line ends in whitespace.  Consider deleting these extra spaces.  [whitespace/end_of_line] [4]
000025.cpp:31:  Tab found; better to use spaces  [whitespace/tab] [1]
000025.cpp:32:  Tab found; better to use spaces  [whitespace/tab] [1]
000025.cpp:32:  Line ends in whitespace.  Consider deleting these extra spaces.  [whitespace/end_of_line] [4]
000025.cpp:33:  Tab found; better to use spaces  [whitespace/tab] [1]
000025.cpp:33:  Line ends in whitespace.  Consider deleting these extra spaces.  [whitespace/end_of_line] [4]
000025.cpp:34:  Tab found; better to use spaces  [whitespace/tab] [1]
000025.cpp:34:  Line ends in whitespace.  Consider deleting these extra spaces.  [whitespace/end_of_line] [4]
000025.cpp:35:  Tab found; better to use spaces  [whitespace/tab] [1]
000025.cpp:36:  Tab found; better to use spaces  [whitespace/tab] [1]
000025.cpp:36:  Line ends in whitespace.  Consider deleting these extra spaces.  [whitespace/end_of_line] [4]
000025.cpp:37:  Tab found; better to use spaces  [whitespace/tab] [1]
000025.cpp:37:  Line ends in whitespace.  Consider deleting these extra spaces.  [whitespace/end_of_line] [4]
000025.cpp:38:  Tab found; better to use spaces  [whitespace/tab] [1]
000025.cpp:39:  Tab found; better to use spaces  [whitespace/tab] [1]
000025.cpp:40:  Tab found; better to use spaces  [whitespace/tab] [1]
000025.cpp:41:  Tab found; better to use spaces  [whitespace/tab] [1]
000025.cpp:41:  Line ends in whitespace.  Consider deleting these extra spaces.  [whitespace/end_of_line] [4]
000025.cpp:42:  Tab found; better to use spaces  [whitespace/tab] [1]
000025.cpp:42:  Line ends in whitespace.  Consider deleting these extra spaces.  [whitespace/end_of_line] [4]
000025.cpp:43:  Tab found; better to use spaces  [whitespace/tab] [1]
000025.cpp:44:  Tab found; better to use spaces  [whitespace/tab] [1]
000025.cpp:45:  Tab found; better to use spaces  [whitespace/tab] [1]
000025.cpp:45:  Line ends in whitespace.  Consider deleting these extra spaces.  [whitespace/end_of_line] [4]
000025.cpp:46:  Tab found; better to use spaces  [whitespace/tab] [1]
000025.cpp:47:  Tab found; better to use spaces  [whitespace/tab] [1]
000025.cpp:47:  Line ends in whitespace.  Consider deleting these extra spaces.  [whitespace/end_of_line] [4]
000025.cpp:48:  Tab found; better to use spaces  [whitespace/tab] [1]
000025.cpp:48:  Line ends in whitespace.  Consider deleting these extra spaces.  [whitespace/end_of_line] [4]
000025.cpp:49:  Tab found; better to use spaces  [whitespace/tab] [1]
000025.cpp:50:  Tab found; better to use spaces  [whitespace/tab] [1]
000025.cpp:51:  Tab found; better to use spaces  [whitespace/tab] [1]
000025.cpp:52:  Tab found; better to use spaces  [whitespace/tab] [1]
000025.cpp:53:  Tab found; better to use spaces  [whitespace/tab] [1]
000025.cpp:53:  Line ends in whitespace.  Consider deleting these extra spaces.  [whitespace/end_of_line] [4]
000025.cpp:54:  Tab found; better to use spaces  [whitespace/tab] [1]
000025.cpp:54:  Line ends in whitespace.  Consider deleting these extra spaces.  [whitespace/end_of_line] [4]
000025.cpp:55:  Tab found; better to use spaces  [whitespace/tab] [1]
000025.cpp:56:  Tab found; better to use spaces  [whitespace/tab] [1]
000025.cpp:57:  Tab found; better to use spaces  [whitespace/tab] [1]
000025.cpp:58:  Tab found; better to use spaces  [whitespace/tab] [1]
000025.cpp:59:  Tab found; better to use spaces  [whitespace/tab] [1]
000025.cpp:59:  Line ends in whitespace.  Consider deleting these extra spaces.  [whitespace/end_of_line] [4]
000025.cpp:60:  Tab found; better to use spaces  [whitespace/tab] [1]
000025.cpp:60:  Line ends in whitespace.  Consider deleting these extra spaces.  [whitespace/end_of_line] [4]
000025.cpp:61:  Tab found; better to use spaces  [whitespace/tab] [1]
000025.cpp:62:  Tab found; better to use spaces  [whitespace/tab] [1]
000025.cpp:63:  Tab found; better to use spaces  [whitespace/tab] [1]
000025.cpp:63:  Line ends in whitespace.  Consider deleting these extra spaces.  [whitespace/end_of_line] [4]
000025.cpp:64:  Tab found; better to use spaces  [whitespace/tab] [1]
000025.cpp:65:  Tab found; better to use spaces  [whitespace/tab] [1]
000025.cpp:65:  Missing spaces around &lt;&lt;  [whitespace/operators] [3]
000025.cpp:66:  Tab found; better to use spaces  [whitespace/tab] [1]
000025.cpp:67:  Tab found; better to use spaces  [whitespace/tab] [1]
000025.cpp:68:  Tab found; better to use spaces  [whitespace/tab] [1]
000025.cpp:68:  Line ends in whitespace.  Consider deleting these extra spaces.  [whitespace/end_of_line] [4]
000025.cpp:69:  Tab found; better to use spaces  [whitespace/tab] [1]
000025.cpp:70:  Tab found; better to use spaces  [whitespace/tab] [1]
000025.cpp:70:  Line ends in whitespace.  Consider deleting these extra spaces.  [whitespace/end_of_line] [4]
000025.cpp:70:  Redundant blank line at the end of a code block should be deleted.  [whitespace/blank_line] [3]
Done processing 000025.cpp
Total errors found: 83


Style checker detected errors
</compiler_output>
</testing-report>
