Content-type: text/xml

<?xml version="1.0" encoding="utf-8"?>
<testing-report run-id="70" judge-id="57" status="OK" scoring="ACM" run-tests="17" contest-id="3202" real-time-available="yes" max-memory-used-available="yes" correct-available="yes" time-limit-ms="2000" real-time-limit-ms="5000" marked-flag="no" >
  <uuid>51280521-aa0e-4213-a7ca-0362819f79c0</uuid>
  <host>localhost.localdomain</host>
  <cpu-model>Intel(R) Pentium(R) CPU 3550M @ 2.30GHz</cpu-model>
  <cpu-mhz>2294.738</cpu-mhz>
  <compiler_output></compiler_output>
  <tests>
    <test num="1" status="OK" time="73" real-time="78" max-memory-used="30339072"  checker-comment="OK" >
  <program-stats-str>{ utime=66, stime=7, ptime=73, rtime=78, maxvsz=30339072, maxrss=26963968, nvcsw=1, nivcsw=10 }</program-stats-str>
  <checker-stats-str>{ utime=0, stime=0, ptime=0, rtime=2, maxvsz=307200, maxrss=2387968, nvcsw=1, nivcsw=1 }</checker-stats-str>
      <input size="2">4
</input>
      <output size="4">YES
</output>
      <correct size="4">YES
</correct>
      <stderr size="61">Warning: cannot find your CPU L2 cache size in /proc/cpuinfo
</stderr>
      <checker size="3">OK
</checker>
    </test>
    <test num="2" status="OK" time="73" real-time="80" max-memory-used="30339072"  checker-comment="OK" >
  <program-stats-str>{ utime=58, stime=15, ptime=73, rtime=80, maxvsz=30339072, maxrss=26996736, nvcsw=1, nivcsw=12 }</program-stats-str>
  <checker-stats-str>{ utime=0, stime=0, ptime=0, rtime=1, maxvsz=307200, maxrss=2387968, nvcsw=1, nivcsw=1 }</checker-stats-str>
      <input size="4">100
</input>
      <output size="3">NO
</output>
      <correct size="3">NO
</correct>
      <stderr size="61">Warning: cannot find your CPU L2 cache size in /proc/cpuinfo
</stderr>
      <checker size="3">OK
</checker>
    </test>
    <test num="3" status="OK" time="74" real-time="79" max-memory-used="30339072"  checker-comment="OK" >
  <program-stats-str>{ utime=53, stime=21, ptime=74, rtime=79, maxvsz=30339072, maxrss=27033600, nvcsw=1, nivcsw=12 }</program-stats-str>
  <checker-stats-str>{ utime=0, stime=0, ptime=0, rtime=1, maxvsz=307200, maxrss=2387968, nvcsw=1, nivcsw=1 }</checker-stats-str>
      <input size="4">400
</input>
      <output size="4">YES
</output>
      <correct size="4">YES
</correct>
      <stderr size="61">Warning: cannot find your CPU L2 cache size in /proc/cpuinfo
</stderr>
      <checker size="3">OK
</checker>
    </test>
    <test num="4" status="OK" time="72" real-time="77" max-memory-used="30339072"  checker-comment="OK" >
  <program-stats-str>{ utime=48, stime=24, ptime=72, rtime=77, maxvsz=30339072, maxrss=26992640, nvcsw=1, nivcsw=12 }</program-stats-str>
  <checker-stats-str>{ utime=0, stime=0, ptime=0, rtime=2, maxvsz=307200, maxrss=2387968, nvcsw=1, nivcsw=1 }</checker-stats-str>
      <input size="5">3872
</input>
      <output size="4">YES
</output>
      <correct size="4">YES
</correct>
      <stderr size="61">Warning: cannot find your CPU L2 cache size in /proc/cpuinfo
</stderr>
      <checker size="3">OK
</checker>
    </test>
    <test num="5" status="OK" time="73" real-time="79" max-memory-used="30339072"  checker-comment="OK" >
  <program-stats-str>{ utime=58, stime=15, ptime=73, rtime=79, maxvsz=30339072, maxrss=27058176, nvcsw=1, nivcsw=12 }</program-stats-str>
  <checker-stats-str>{ utime=0, stime=0, ptime=0, rtime=2, maxvsz=307200, maxrss=2387968, nvcsw=1, nivcsw=1 }</checker-stats-str>
      <input size="5">1000
</input>
      <output size="3">NO
</output>
      <correct size="3">NO
</correct>
      <stderr size="61">Warning: cannot find your CPU L2 cache size in /proc/cpuinfo
</stderr>
      <checker size="3">OK
</checker>
    </test>
    <test num="6" status="OK" time="74" real-time="77" max-memory-used="30339072"  checker-comment="OK" >
  <program-stats-str>{ utime=62, stime=12, ptime=74, rtime=77, maxvsz=30339072, maxrss=27168768, nvcsw=1, nivcsw=7 }</program-stats-str>
  <checker-stats-str>{ utime=0, stime=0, ptime=0, rtime=2, maxvsz=307200, maxrss=2387968, nvcsw=1, nivcsw=1 }</checker-stats-str>
      <input size="5">2001
</input>
      <output size="3">NO
</output>
      <correct size="3">NO
</correct>
      <stderr size="61">Warning: cannot find your CPU L2 cache size in /proc/cpuinfo
</stderr>
      <checker size="3">OK
</checker>
    </test>
    <test num="7" status="OK" time="73" real-time="78" max-memory-used="30339072"  checker-comment="OK" >
  <program-stats-str>{ utime=64, stime=9, ptime=73, rtime=78, maxvsz=30339072, maxrss=27201536, nvcsw=1, nivcsw=9 }</program-stats-str>
  <checker-stats-str>{ utime=0, stime=0, ptime=0, rtime=1, maxvsz=307200, maxrss=2387968, nvcsw=1, nivcsw=1 }</checker-stats-str>
      <input size="5">1989
</input>
      <output size="3">NO
</output>
      <correct size="3">NO
</correct>
      <stderr size="61">Warning: cannot find your CPU L2 cache size in /proc/cpuinfo
</stderr>
      <checker size="3">OK
</checker>
    </test>
    <test num="8" status="OK" time="75" real-time="85" max-memory-used="30339072"  checker-comment="OK" >
  <program-stats-str>{ utime=68, stime=7, ptime=75, rtime=85, maxvsz=30339072, maxrss=27033600, nvcsw=1, nivcsw=10 }</program-stats-str>
  <checker-stats-str>{ utime=0, stime=0, ptime=0, rtime=2, maxvsz=307200, maxrss=2387968, nvcsw=1, nivcsw=1 }</checker-stats-str>
      <input size="2">1
</input>
      <output size="3">NO
</output>
      <correct size="3">NO
</correct>
      <stderr size="61">Warning: cannot find your CPU L2 cache size in /proc/cpuinfo
</stderr>
      <checker size="3">OK
</checker>
    </test>
    <test num="9" status="OK" time="73" real-time="77" max-memory-used="30339072"  checker-comment="OK" >
  <program-stats-str>{ utime=73, stime=0, ptime=73, rtime=77, maxvsz=30339072, maxrss=27070464, nvcsw=1, nivcsw=11 }</program-stats-str>
  <checker-stats-str>{ utime=0, stime=0, ptime=0, rtime=2, maxvsz=307200, maxrss=2387968, nvcsw=1, nivcsw=1 }</checker-stats-str>
      <input size="5">1600
</input>
      <output size="4">YES
</output>
      <correct size="4">YES
</correct>
      <stderr size="61">Warning: cannot find your CPU L2 cache size in /proc/cpuinfo
</stderr>
      <checker size="3">OK
</checker>
    </test>
    <test num="10" status="OK" time="74" real-time="80" max-memory-used="30339072"  checker-comment="OK" >
  <program-stats-str>{ utime=62, stime=12, ptime=74, rtime=80, maxvsz=30339072, maxrss=27250688, nvcsw=1, nivcsw=13 }</program-stats-str>
  <checker-stats-str>{ utime=0, stime=0, ptime=0, rtime=2, maxvsz=307200, maxrss=2387968, nvcsw=1, nivcsw=1 }</checker-stats-str>
      <input size="5">1300
</input>
      <output size="3">NO
</output>
      <correct size="3">NO
</correct>
      <stderr size="61">Warning: cannot find your CPU L2 cache size in /proc/cpuinfo
</stderr>
      <checker size="3">OK
</checker>
    </test>
    <test num="11" status="OK" time="76" real-time="82" max-memory-used="30339072"  checker-comment="OK" >
  <program-stats-str>{ utime=76, stime=0, ptime=76, rtime=82, maxvsz=30339072, maxrss=27070464, nvcsw=1, nivcsw=14 }</program-stats-str>
  <checker-stats-str>{ utime=0, stime=0, ptime=0, rtime=1, maxvsz=307200, maxrss=2387968, nvcsw=1, nivcsw=1 }</checker-stats-str>
      <input size="5">1580
</input>
      <output size="4">YES
</output>
      <correct size="4">YES
</correct>
      <stderr size="61">Warning: cannot find your CPU L2 cache size in /proc/cpuinfo
</stderr>
      <checker size="3">OK
</checker>
    </test>
    <test num="12" status="OK" time="73" real-time="78" max-memory-used="30339072"  checker-comment="OK" >
  <program-stats-str>{ utime=73, stime=0, ptime=73, rtime=78, maxvsz=30339072, maxrss=27168768, nvcsw=1, nivcsw=10 }</program-stats-str>
  <checker-stats-str>{ utime=0, stime=0, ptime=0, rtime=2, maxvsz=307200, maxrss=2387968, nvcsw=1, nivcsw=1 }</checker-stats-str>
      <input size="5">1582
</input>
      <output size="3">NO
</output>
      <correct size="3">NO
</correct>
      <stderr size="61">Warning: cannot find your CPU L2 cache size in /proc/cpuinfo
</stderr>
      <checker size="3">OK
</checker>
    </test>
    <test num="13" status="OK" time="76" real-time="86" max-memory-used="30339072"  checker-comment="OK" >
  <program-stats-str>{ utime=62, stime=14, ptime=76, rtime=86, maxvsz=30339072, maxrss=27209728, nvcsw=1, nivcsw=15 }</program-stats-str>
  <checker-stats-str>{ utime=0, stime=0, ptime=0, rtime=2, maxvsz=307200, maxrss=2387968, nvcsw=1, nivcsw=1 }</checker-stats-str>
      <input size="5">1583
</input>
      <output size="3">NO
</output>
      <correct size="3">NO
</correct>
      <stderr size="61">Warning: cannot find your CPU L2 cache size in /proc/cpuinfo
</stderr>
      <checker size="3">OK
</checker>
    </test>
    <test num="14" status="OK" time="73" real-time="76" max-memory-used="30339072"  checker-comment="OK" >
  <program-stats-str>{ utime=42, stime=31, ptime=73, rtime=76, maxvsz=30339072, maxrss=27070464, nvcsw=1, nivcsw=11 }</program-stats-str>
  <checker-stats-str>{ utime=0, stime=0, ptime=0, rtime=1, maxvsz=307200, maxrss=2387968, nvcsw=1, nivcsw=1 }</checker-stats-str>
      <input size="5">1581
</input>
      <output size="3">NO
</output>
      <correct size="3">NO
</correct>
      <stderr size="61">Warning: cannot find your CPU L2 cache size in /proc/cpuinfo
</stderr>
      <checker size="3">OK
</checker>
    </test>
    <test num="15" status="OK" time="75" real-time="81" max-memory-used="30339072"  checker-comment="OK" >
  <program-stats-str>{ utime=69, stime=6, ptime=75, rtime=81, maxvsz=30339072, maxrss=27205632, nvcsw=1, nivcsw=11 }</program-stats-str>
  <checker-stats-str>{ utime=0, stime=0, ptime=0, rtime=2, maxvsz=307200, maxrss=2387968, nvcsw=1, nivcsw=1 }</checker-stats-str>
      <input size="6">30000
</input>
      <output size="4">YES
</output>
      <correct size="4">YES
</correct>
      <stderr size="61">Warning: cannot find your CPU L2 cache size in /proc/cpuinfo
</stderr>
      <checker size="3">OK
</checker>
    </test>
    <test num="16" status="OK" time="74" real-time="78" max-memory-used="30339072"  checker-comment="OK" >
  <program-stats-str>{ utime=58, stime=16, ptime=74, rtime=78, maxvsz=30339072, maxrss=26959872, nvcsw=1, nivcsw=9 }</program-stats-str>
  <checker-stats-str>{ utime=0, stime=0, ptime=0, rtime=2, maxvsz=307200, maxrss=2387968, nvcsw=1, nivcsw=1 }</checker-stats-str>
      <input size="5">2007
</input>
      <output size="3">NO
</output>
      <correct size="3">NO
</correct>
      <stderr size="61">Warning: cannot find your CPU L2 cache size in /proc/cpuinfo
</stderr>
      <checker size="3">OK
</checker>
    </test>
    <test num="17" status="OK" time="76" real-time="82" max-memory-used="30339072"  checker-comment="OK" >
  <program-stats-str>{ utime=73, stime=3, ptime=76, rtime=82, maxvsz=30339072, maxrss=26959872, nvcsw=1, nivcsw=13 }</program-stats-str>
  <checker-stats-str>{ utime=0, stime=0, ptime=0, rtime=2, maxvsz=307200, maxrss=2387968, nvcsw=1, nivcsw=1 }</checker-stats-str>
      <input size="6">2000

</input>
      <output size="4">YES
</output>
      <correct size="4">YES
</correct>
      <stderr size="61">Warning: cannot find your CPU L2 cache size in /proc/cpuinfo
</stderr>
      <checker size="3">OK
</checker>
    </test>
  </tests>
</testing-report>
