Content-type: text/xml

<?xml version="1.0" encoding="utf-8"?>
<testing-report run-id="31" judge-id="18" status="SE" scoring="ACM" run-tests="2" contest-id="3202" real-time-available="yes" max-memory-used-available="yes" correct-available="yes" failed-test="2" time-limit-ms="2000" real-time-limit-ms="5000" marked-flag="no" >
  <uuid>9052d359-ea29-4c83-bea7-3971aa9013eb</uuid>
  <host>localhost.localdomain</host>
  <cpu-model>Intel(R) Pentium(R) CPU 3550M @ 2.30GHz</cpu-model>
  <cpu-mhz>2294.738</cpu-mhz>
  <compiler_output></compiler_output>
  <tests>
    <test num="1" status="OK" time="27" real-time="30" max-memory-used="307200"  checker-comment="OK" >
  <program-stats-str>{ utime=24, stime=3, ptime=27, rtime=30, maxvsz=307200, maxrss=6168576, nvcsw=1, nivcsw=5 }</program-stats-str>
  <checker-stats-str>{ utime=0, stime=0, ptime=0, rtime=1, maxvsz=307200, maxrss=2387968, nvcsw=1, nivcsw=1 }</checker-stats-str>
      <input size="2">3
</input>
      <output size="2">1
</output>
      <correct size="2">1
</correct>
      <stderr size="0"></stderr>
      <checker size="3">OK
</checker>
    </test>
    <test num="2" status="SE" time="290" real-time="304" max-memory-used="18698240" >
  <program-stats-str>{ utime=238, stime=52, ptime=290, rtime=304, maxvsz=18698240, maxrss=19255296, nvcsw=1, nivcsw=29 }</program-stats-str>
      <input size="3">-5
</input>
      <output size="0"></output>
      <stderr size="280">Can't open '/usr/share/abrt/conf.d/plugins/python3.conf': Operation not permitted
Can't open '/etc/abrt/plugins/python3.conf': Operation not permitted
Traceback (most recent call last):
  File &quot;./000031&quot;, line 12, in &lt;module&gt;
    print(sign)
NameError: name 'sign' is not defined
</stderr>
    </test>
  </tests>
</testing-report>
