Content-type: text/xml

<?xml version="1.0" encoding="utf-8"?>
<testing-report run-id="9" judge-id="10" status="WA" scoring="ACM" run-tests="1" contest-id="3202" real-time-available="yes" max-memory-used-available="yes" correct-available="yes" failed-test="1" time-limit-ms="2000" real-time-limit-ms="5000" marked-flag="no" >
  <uuid>f3c4e682-0b20-428c-8e91-c479eb74b385</uuid>
  <host>localhost.localdomain</host>
  <cpu-model>Intel(R) Pentium(R) CPU 3550M @ 2.30GHz</cpu-model>
  <cpu-mhz>2294.738</cpu-mhz>
  <compiler_output>000009.cpp:3:6: warning: ISO C++ forbids declaration of 'main' with no type [-Wreturn-type]
 main(){
      ^
</compiler_output>
  <tests>
    <test num="1" status="WA" time="1" real-time="11" max-memory-used="307200"  checker-comment="Answers do not match: output: 2, correct: 10" >
  <program-stats-str>{ utime=0, stime=1, ptime=1, rtime=11, maxvsz=307200, maxrss=2740224, nvcsw=1, nivcsw=1 }</program-stats-str>
  <checker-stats-str>{ utime=0, stime=0, ptime=0, rtime=1, maxvsz=307200, maxrss=2387968, nvcsw=1, nivcsw=1 }</checker-stats-str>
      <input size="6">1
5
1
</input>
      <output size="2">2
</output>
      <correct size="3">10
</correct>
      <stderr size="0"></stderr>
      <checker size="45">Answers do not match: output: 2, correct: 10
</checker>
    </test>
  </tests>
</testing-report>
