Content-type: text/xml

<?xml version="1.0" encoding="utf-8"?>
<testing-report run-id="47" judge-id="34" status="RT" scoring="ACM" run-tests="1" contest-id="3202" real-time-available="yes" max-memory-used-available="yes" correct-available="yes" failed-test="1" time-limit-ms="2000" real-time-limit-ms="5000" marked-flag="no" >
  <uuid>05179185-9d93-4f19-8984-4bc38fd214ef</uuid>
  <host>localhost.localdomain</host>
  <cpu-model>Intel(R) Pentium(R) CPU 3550M @ 2.30GHz</cpu-model>
  <cpu-mhz>2294.738</cpu-mhz>
  <compiler_output></compiler_output>
  <tests>
    <test num="1" status="RT" exit-code="1" time="13" real-time="15" max-memory-used="307200" >
  <program-stats-str>{ utime=13, stime=0, ptime=13, rtime=15, maxvsz=307200, maxrss=5328896, nvcsw=1, nivcsw=3 }</program-stats-str>
      <input size="2">3
</input>
      <output size="0"></output>
      <stderr size="76">  File &quot;./000047&quot;, line 9
    if a=0:
        ^
SyntaxError: invalid syntax
</stderr>
    </test>
  </tests>
</testing-report>
