Content-type: text/xml

<?xml version="1.0" encoding="utf-8"?>
<testing-report run-id="146" judge-id="16" status="PE" scoring="ACM" run-tests="5" contest-id="3202" real-time-available="yes" max-memory-used-available="yes" correct-available="yes" failed-test="5" time-limit-ms="2000" real-time-limit-ms="5000" marked-flag="no" >
  <uuid>656db5b0-5278-4fdd-b816-7e40e7cafc56</uuid>
  <host>localhost.localdomain</host>
  <cpu-model>Intel(R) Pentium(R) CPU 3550M @ 2.30GHz</cpu-model>
  <cpu-mhz>2294.738</cpu-mhz>
  <compiler_output></compiler_output>
  <tests>
    <test num="1" status="OK" time="13" real-time="15" max-memory-used="307200"  checker-comment="OK" >
  <program-stats-str>{ utime=7, stime=6, ptime=13, rtime=15, maxvsz=307200, maxrss=5361664, nvcsw=1, nivcsw=3 }</program-stats-str>
  <checker-stats-str>{ utime=0, stime=0, ptime=0, rtime=1, maxvsz=307200, maxrss=2387968, nvcsw=1, nivcsw=1 }</checker-stats-str>
      <input size="6">4
2
6
</input>
      <output size="4">YES
</output>
      <correct size="4">YES
</correct>
      <stderr size="0"></stderr>
      <checker size="3">OK
</checker>
    </test>
    <test num="2" status="OK" time="13" real-time="15" max-memory-used="307200"  checker-comment="OK" >
  <program-stats-str>{ utime=13, stime=0, ptime=13, rtime=15, maxvsz=307200, maxrss=5267456, nvcsw=1, nivcsw=2 }</program-stats-str>
  <checker-stats-str>{ utime=0, stime=0, ptime=0, rtime=2, maxvsz=307200, maxrss=2387968, nvcsw=1, nivcsw=1 }</checker-stats-str>
      <input size="7">2
10
7
</input>
      <output size="3">NO
</output>
      <correct size="3">NO
</correct>
      <stderr size="0"></stderr>
      <checker size="3">OK
</checker>
    </test>
    <test num="3" status="OK" time="13" real-time="14" max-memory-used="307200"  checker-comment="OK" >
  <program-stats-str>{ utime=10, stime=3, ptime=13, rtime=14, maxvsz=307200, maxrss=5320704, nvcsw=1, nivcsw=2 }</program-stats-str>
  <checker-stats-str>{ utime=0, stime=0, ptime=0, rtime=2, maxvsz=307200, maxrss=2387968, nvcsw=1, nivcsw=1 }</checker-stats-str>
      <input size="6">5
7
1
</input>
      <output size="3">NO
</output>
      <correct size="3">NO
</correct>
      <stderr size="0"></stderr>
      <checker size="3">OK
</checker>
    </test>
    <test num="4" status="OK" time="13" real-time="16" max-memory-used="307200"  checker-comment="OK" >
  <program-stats-str>{ utime=9, stime=4, ptime=13, rtime=16, maxvsz=307200, maxrss=5242880, nvcsw=1, nivcsw=3 }</program-stats-str>
  <checker-stats-str>{ utime=0, stime=0, ptime=0, rtime=1, maxvsz=307200, maxrss=2387968, nvcsw=1, nivcsw=1 }</checker-stats-str>
      <input size="7">7
4
21
</input>
      <output size="4">YES
</output>
      <correct size="4">YES
</correct>
      <stderr size="0"></stderr>
      <checker size="3">OK
</checker>
    </test>
    <test num="5" status="PE" time="15" real-time="18" max-memory-used="307200"  checker-comment="user program output: Unexpected EOF" >
  <program-stats-str>{ utime=14, stime=1, ptime=15, rtime=18, maxvsz=307200, maxrss=5189632, nvcsw=1, nivcsw=6 }</program-stats-str>
  <checker-stats-str>{ utime=0, stime=0, ptime=0, rtime=2, maxvsz=307200, maxrss=2387968, nvcsw=1, nivcsw=1 }</checker-stats-str>
      <input size="9">5
12
100
</input>
      <output size="0"></output>
      <correct size="3">NO
</correct>
      <stderr size="0"></stderr>
      <checker size="36">user program output: Unexpected EOF
</checker>
    </test>
  </tests>
</testing-report>
