Content-type: text/xml

<?xml version="1.0" encoding="utf-8"?>
<testing-report run-id="113" judge-id="100" status="WA" scoring="ACM" run-tests="2" contest-id="3202" real-time-available="yes" max-memory-used-available="yes" correct-available="yes" failed-test="2" time-limit-ms="2000" real-time-limit-ms="5000" marked-flag="no" >
  <uuid>359a56e1-94a4-4fe4-b1a9-b26e582d2642</uuid>
  <host>localhost.localdomain</host>
  <cpu-model>Intel(R) Pentium(R) CPU 3550M @ 2.30GHz</cpu-model>
  <cpu-mhz>2294.738</cpu-mhz>
  <compiler_output></compiler_output>
  <tests>
    <test num="1" status="OK" time="14" real-time="59" max-memory-used="307200"  checker-comment="OK" >
  <program-stats-str>{ utime=14, stime=0, ptime=14, rtime=59, maxvsz=307200, maxrss=5357568, nvcsw=1, nivcsw=4 }</program-stats-str>
  <checker-stats-str>{ utime=0, stime=0, ptime=0, rtime=12, maxvsz=307200, maxrss=2387968, nvcsw=1, nivcsw=2 }</checker-stats-str>
      <input size="6">1
5
1
</input>
      <output size="3">10
</output>
      <correct size="3">10
</correct>
      <stderr size="0"></stderr>
      <checker size="3">OK
</checker>
    </test>
    <test num="2" status="WA" time="14" real-time="28" max-memory-used="307200"  checker-comment="Answers do not match: output: 4, correct: 20" >
  <program-stats-str>{ utime=14, stime=0, ptime=14, rtime=28, maxvsz=307200, maxrss=5378048, nvcsw=1, nivcsw=2 }</program-stats-str>
  <checker-stats-str>{ utime=0, stime=0, ptime=0, rtime=3, maxvsz=307200, maxrss=2387968, nvcsw=1, nivcsw=1 }</checker-stats-str>
      <input size="6">1
2
5
</input>
      <output size="2">4
</output>
      <correct size="3">20
</correct>
      <stderr size="0"></stderr>
      <checker size="45">Answers do not match: output: 4, correct: 20
</checker>
    </test>
  </tests>
</testing-report>
