Content-type: text/xml

<?xml version="1.0" encoding="utf-8"?>
<testing-report run-id="137" judge-id="7" status="PE" scoring="ACM" run-tests="1" contest-id="3202" real-time-available="yes" max-memory-used-available="yes" correct-available="yes" failed-test="1" time-limit-ms="2000" real-time-limit-ms="5000" marked-flag="no" >
  <uuid>a364f455-c105-48f8-bde7-75bf80951923</uuid>
  <host>localhost.localdomain</host>
  <cpu-model>Intel(R) Pentium(R) CPU 3550M @ 2.30GHz</cpu-model>
  <cpu-mhz>2294.738</cpu-mhz>
  <compiler_output></compiler_output>
  <tests>
    <test num="1" status="PE" time="14" real-time="16" max-memory-used="307200"  checker-comment="user program output: garbage where EOF expected" >
  <program-stats-str>{ utime=7, stime=7, ptime=14, rtime=16, maxvsz=307200, maxrss=5267456, nvcsw=1, nivcsw=3 }</program-stats-str>
  <checker-stats-str>{ utime=0, stime=0, ptime=0, rtime=2, maxvsz=307200, maxrss=2387968, nvcsw=1, nivcsw=1 }</checker-stats-str>
      <input size="6">1
2
3
</input>
      <output size="4">3
2
</output>
      <correct size="2">3
</correct>
      <stderr size="0"></stderr>
      <checker size="48">user program output: garbage where EOF expected
</checker>
    </test>
  </tests>
</testing-report>
