Content-type: text/xml

<?xml version="1.0" encoding="utf-8"?>
<testing-report run-id="128" judge-id="116" status="RT" scoring="ACM" run-tests="1" contest-id="3202" real-time-available="yes" max-memory-used-available="yes" correct-available="yes" failed-test="1" time-limit-ms="2000" real-time-limit-ms="5000" marked-flag="no" >
  <uuid>87fb687b-83ad-4b58-8085-bbc2fbfd1400</uuid>
  <host>localhost.localdomain</host>
  <cpu-model>Intel(R) Pentium(R) CPU 3550M @ 2.30GHz</cpu-model>
  <cpu-mhz>2294.738</cpu-mhz>
  <compiler_output></compiler_output>
  <tests>
    <test num="1" status="RT" exit-code="1" time="14" real-time="15" max-memory-used="307200" >
  <program-stats-str>{ utime=14, stime=0, ptime=14, rtime=15, maxvsz=307200, maxrss=5144576, nvcsw=1, nivcsw=3 }</program-stats-str>
      <input size="3">20
</input>
      <output size="0"></output>
      <stderr size="129">Traceback (most recent call last):
  File &quot;./000128&quot;, line 5, in &lt;module&gt;
    b = int(input())
EOFError: EOF when reading a line
</stderr>
    </test>
  </tests>
</testing-report>
