Content-type: text/xml

<?xml version="1.0" encoding="utf-8"?>
<testing-report run-id="104" judge-id="91" status="WA" scoring="ACM" run-tests="1" contest-id="3202" real-time-available="yes" max-memory-used-available="yes" correct-available="yes" failed-test="1" time-limit-ms="2000" real-time-limit-ms="5000" marked-flag="no" >
  <uuid>547c354a-6930-49fc-958a-6abf23515ea7</uuid>
  <host>localhost.localdomain</host>
  <cpu-model>Intel(R) Pentium(R) CPU 3550M @ 2.30GHz</cpu-model>
  <cpu-mhz>2294.738</cpu-mhz>
  <compiler_output></compiler_output>
  <tests>
    <test num="1" status="WA" time="25" real-time="27" max-memory-used="307200"  checker-comment="Answers do not match" >
  <program-stats-str>{ utime=19, stime=6, ptime=25, rtime=27, maxvsz=307200, maxrss=6320128, nvcsw=1, nivcsw=3 }</program-stats-str>
  <checker-stats-str>{ utime=0, stime=0, ptime=0, rtime=2, maxvsz=307200, maxrss=2387968, nvcsw=1, nivcsw=2 }</checker-stats-str>
      <input size="2">4
</input>
      <output size="3">no
</output>
      <correct size="4">YES
</correct>
      <stderr size="0"></stderr>
      <checker size="21">Answers do not match
</checker>
    </test>
  </tests>
</testing-report>
