Content-type: text/xml

<?xml version="1.0" encoding="utf-8"?>
<testing-report run-id="280" judge-id="129" status="SE" scoring="ACM" run-tests="1" contest-id="3202" real-time-available="yes" max-memory-used-available="yes" correct-available="yes" failed-test="1" time-limit-ms="2000" real-time-limit-ms="5000" marked-flag="no" >
  <uuid>6e978397-7b4e-4bd2-a899-13a027fef72a</uuid>
  <host>localhost.localdomain</host>
  <cpu-model>Intel(R) Pentium(R) CPU 3550M @ 2.30GHz</cpu-model>
  <cpu-mhz>2294.738</cpu-mhz>
  <compiler_output></compiler_output>
  <tests>
    <test num="1" status="SE" time="285" real-time="298" max-memory-used="18698240" >
  <program-stats-str>{ utime=263, stime=22, ptime=285, rtime=298, maxvsz=18698240, maxrss=19243008, nvcsw=1, nivcsw=33 }</program-stats-str>
      <input size="2">3
</input>
      <output size="0"></output>
      <stderr size="233">Can't open '/usr/share/abrt/conf.d/plugins/python3.conf': Operation not permitted
Can't open '/etc/abrt/plugins/python3.conf': Operation not permitted
  File &quot;./000280&quot;, line 9
    if q == 0
            ^
SyntaxError: invalid syntax
</stderr>
    </test>
  </tests>
</testing-report>
