Content-type: text/xml

<?xml version="1.0" encoding="utf-8"?>
<testing-report run-id="207" judge-id="56" status="PE" scoring="ACM" run-tests="2" contest-id="3202" real-time-available="yes" max-memory-used-available="yes" correct-available="yes" failed-test="2" time-limit-ms="2000" real-time-limit-ms="5000" marked-flag="no" >
  <uuid>5361ee16-af9a-4bef-b049-009d68aa5c9a</uuid>
  <host>localhost.localdomain</host>
  <cpu-model>Intel(R) Pentium(R) CPU 3550M @ 2.30GHz</cpu-model>
  <cpu-mhz>2294.738</cpu-mhz>
  <compiler_output></compiler_output>
  <tests>
    <test num="1" status="OK" time="27" real-time="28" max-memory-used="307200"  checker-comment="OK" >
  <program-stats-str>{ utime=27, stime=0, ptime=27, rtime=28, maxvsz=307200, maxrss=6303744, nvcsw=1, nivcsw=3 }</program-stats-str>
  <checker-stats-str>{ utime=0, stime=0, ptime=0, rtime=1, maxvsz=307200, maxrss=2387968, nvcsw=1, nivcsw=1 }</checker-stats-str>
      <input size="4">1
2
</input>
      <output size="2">2
</output>
      <correct size="2">2
</correct>
      <stderr size="0"></stderr>
      <checker size="3">OK
</checker>
    </test>
    <test num="2" status="PE" time="26" real-time="28" max-memory-used="307200"  checker-comment="user program output: garbage where EOF expected" >
  <program-stats-str>{ utime=26, stime=0, ptime=26, rtime=28, maxvsz=307200, maxrss=6111232, nvcsw=1, nivcsw=5 }</program-stats-str>
  <checker-stats-str>{ utime=0, stime=0, ptime=0, rtime=2, maxvsz=307200, maxrss=2387968, nvcsw=1, nivcsw=1 }</checker-stats-str>
      <input size="4">5
3
</input>
      <output size="4">5
3
</output>
      <correct size="2">5
</correct>
      <stderr size="0"></stderr>
      <checker size="48">user program output: garbage where EOF expected
</checker>
    </test>
  </tests>
</testing-report>
