Content-type: text/xml

<?xml version="1.0" encoding="utf-8"?>
<testing-report run-id="232" judge-id="81" status="WA" scoring="ACM" run-tests="1" contest-id="3202" real-time-available="yes" max-memory-used-available="yes" correct-available="yes" failed-test="1" time-limit-ms="2000" real-time-limit-ms="5000" marked-flag="no" >
  <uuid>ada37c59-3a95-4e38-a4ee-2a999bcaa2e4</uuid>
  <host>localhost.localdomain</host>
  <cpu-model>Intel(R) Pentium(R) CPU 3550M @ 2.30GHz</cpu-model>
  <cpu-mhz>2294.738</cpu-mhz>
  <compiler_output></compiler_output>
  <tests>
    <test num="1" status="WA" time="28" real-time="37" max-memory-used="307200"  checker-comment="Answers do not match" >
  <program-stats-str>{ utime=23, stime=5, ptime=28, rtime=37, maxvsz=307200, maxrss=6381568, nvcsw=1, nivcsw=12 }</program-stats-str>
  <checker-stats-str>{ utime=0, stime=0, ptime=0, rtime=2, maxvsz=307200, maxrss=2387968, nvcsw=1, nivcsw=1 }</checker-stats-str>
      <input size="2">4
</input>
      <output size="3">NO
</output>
      <correct size="4">YES
</correct>
      <stderr size="0"></stderr>
      <checker size="21">Answers do not match
</checker>
    </test>
  </tests>
</testing-report>
