Content-type: text/xml

<?xml version="1.0" encoding="utf-8"?>
<testing-report run-id="222" judge-id="71" status="PE" scoring="ACM" run-tests="1" contest-id="3202" real-time-available="yes" max-memory-used-available="yes" correct-available="yes" failed-test="1" time-limit-ms="2000" real-time-limit-ms="5000" marked-flag="no" >
  <uuid>139f86fe-2e5c-45f8-bcbc-544411f0943d</uuid>
  <host>localhost.localdomain</host>
  <cpu-model>Intel(R) Pentium(R) CPU 3550M @ 2.30GHz</cpu-model>
  <cpu-mhz>2294.738</cpu-mhz>
  <compiler_output></compiler_output>
  <tests>
    <test num="1" status="PE" time="15" real-time="17" max-memory-used="307200"  checker-comment="User answer is neither `yes' nor `no' (case insensitive)" >
  <program-stats-str>{ utime=6, stime=9, ptime=15, rtime=17, maxvsz=307200, maxrss=5373952, nvcsw=1, nivcsw=6 }</program-stats-str>
  <checker-stats-str>{ utime=0, stime=0, ptime=0, rtime=2, maxvsz=307200, maxrss=2387968, nvcsw=1, nivcsw=1 }</checker-stats-str>
      <input size="6">4
2
6
</input>
      <output size="13">(4, 'korov')
</output>
      <correct size="4">YES
</correct>
      <stderr size="0"></stderr>
      <checker size="57">User answer is neither `yes' nor `no' (case insensitive)
</checker>
    </test>
  </tests>
</testing-report>
