Content-type: text/xml

<?xml version="1.0" encoding="utf-8"?>
<testing-report run-id="262" judge-id="111" status="SE" scoring="ACM" run-tests="1" contest-id="3202" real-time-available="yes" max-memory-used-available="yes" correct-available="yes" failed-test="1" time-limit-ms="2000" real-time-limit-ms="5000" marked-flag="no" >
  <uuid>a6628ed9-9559-46a0-ac9c-f9aa10c4c3b9</uuid>
  <host>localhost.localdomain</host>
  <cpu-model>Intel(R) Pentium(R) CPU 3550M @ 2.30GHz</cpu-model>
  <cpu-mhz>2294.738</cpu-mhz>
  <compiler_output></compiler_output>
  <tests>
    <test num="1" status="SE" time="287" real-time="306" max-memory-used="18698240" >
  <program-stats-str>{ utime=275, stime=12, ptime=287, rtime=306, maxvsz=18698240, maxrss=19431424, nvcsw=1, nivcsw=42 }</program-stats-str>
      <input size="2">3
</input>
      <output size="0"></output>
      <stderr size="271">Can't open '/usr/share/abrt/conf.d/plugins/python3.conf': Operation not permitted
Can't open '/etc/abrt/plugins/python3.conf': Operation not permitted
  File &quot;./000262&quot;, line 9
    if q==0
          ^
IndentationError: unindent does not match any outer indentation level
</stderr>
    </test>
  </tests>
</testing-report>
