Content-type: text/xml

<?xml version="1.0" encoding="utf-8"?>
<testing-report run-id="260" judge-id="109" status="WA" scoring="ACM" run-tests="1" contest-id="3202" real-time-available="yes" max-memory-used-available="yes" correct-available="yes" failed-test="1" time-limit-ms="2000" real-time-limit-ms="5000" marked-flag="no" >
  <uuid>5671a30d-6b7f-40e1-94df-a9ba9a1d4e99</uuid>
  <host>localhost.localdomain</host>
  <cpu-model>Intel(R) Pentium(R) CPU 3550M @ 2.30GHz</cpu-model>
  <cpu-mhz>2294.738</cpu-mhz>
  <compiler_output></compiler_output>
  <tests>
    <test num="1" status="WA" time="13" real-time="15" max-memory-used="307200"  checker-comment="Line 1 differs: output: ?(1, ' korova')? correct: ?1 korova?" >
  <program-stats-str>{ utime=13, stime=0, ptime=13, rtime=15, maxvsz=307200, maxrss=5197824, nvcsw=1, nivcsw=3 }</program-stats-str>
  <checker-stats-str>{ utime=0, stime=0, ptime=0, rtime=1, maxvsz=307200, maxrss=2387968, nvcsw=1, nivcsw=1 }</checker-stats-str>
      <input size="2">1
</input>
      <output size="15">(1, ' korova')
</output>
      <correct size="9">1 korova
</correct>
      <stderr size="0"></stderr>
      <checker size="61">Line 1 differs: output:
&gt;(1, ' korova')&lt;
correct:
&gt;1 korova&lt;
</checker>
    </test>
  </tests>
</testing-report>
