Content-type: text/xml

<?xml version="1.0" encoding="utf-8"?>
<testing-report run-id="265" judge-id="114" status="SE" scoring="ACM" run-tests="1" contest-id="3202" real-time-available="yes" max-memory-used-available="yes" correct-available="yes" failed-test="1" time-limit-ms="2000" real-time-limit-ms="5000" marked-flag="no" >
  <uuid>c6c36cf8-6995-4497-a5ff-caa114df2b21</uuid>
  <host>localhost.localdomain</host>
  <cpu-model>Intel(R) Pentium(R) CPU 3550M @ 2.30GHz</cpu-model>
  <cpu-mhz>2294.738</cpu-mhz>
  <compiler_output></compiler_output>
  <tests>
    <test num="1" status="SE" time="285" real-time="301" max-memory-used="18698240" >
  <program-stats-str>{ utime=257, stime=28, ptime=285, rtime=301, maxvsz=18698240, maxrss=19435520, nvcsw=1, nivcsw=39 }</program-stats-str>
      <input size="2">3
</input>
      <output size="0"></output>
      <stderr size="227">Can't open '/usr/share/abrt/conf.d/plugins/python3.conf': Operation not permitted
Can't open '/etc/abrt/plugins/python3.conf': Operation not permitted
  File &quot;./000265&quot;, line 5
    if x&gt;0
         ^
SyntaxError: invalid syntax
</stderr>
    </test>
  </tests>
</testing-report>
