Content-type: text/xml

<?xml version="1.0" encoding="utf-8"?>
<testing-report run-id="250" judge-id="99" status="SE" scoring="ACM" run-tests="1" contest-id="3202" real-time-available="yes" max-memory-used-available="yes" correct-available="yes" failed-test="1" time-limit-ms="2000" real-time-limit-ms="5000" marked-flag="no" >
  <uuid>919e2672-2035-4fef-bfec-9c673c1a50b4</uuid>
  <host>localhost.localdomain</host>
  <cpu-model>Intel(R) Pentium(R) CPU 3550M @ 2.30GHz</cpu-model>
  <cpu-mhz>2294.738</cpu-mhz>
  <compiler_output></compiler_output>
  <tests>
    <test num="1" status="SE" time="284" real-time="320" max-memory-used="32264192" >
  <program-stats-str>{ utime=262, stime=22, ptime=284, rtime=320, maxvsz=32264192, maxrss=19259392, nvcsw=1, nivcsw=47 }</program-stats-str>
      <input size="2">3
</input>
      <output size="0"></output>
      <stderr size="227">Can't open '/usr/share/abrt/conf.d/plugins/python3.conf': Operation not permitted
Can't open '/etc/abrt/plugins/python3.conf': Operation not permitted
  File &quot;./000250&quot;, line 5
    if p&gt;0
         ^
SyntaxError: invalid syntax
</stderr>
    </test>
  </tests>
</testing-report>
