Content-type: text/xml

<?xml version="1.0" encoding="utf-8"?>
<testing-report run-id="252" judge-id="101" status="PE" scoring="ACM" run-tests="1" contest-id="3202" real-time-available="yes" max-memory-used-available="yes" correct-available="yes" failed-test="1" time-limit-ms="2000" real-time-limit-ms="5000" marked-flag="no" >
  <uuid>e0781fd7-82eb-44db-b83d-ff303e2e7d91</uuid>
  <host>localhost.localdomain</host>
  <cpu-model>Intel(R) Pentium(R) CPU 3550M @ 2.30GHz</cpu-model>
  <cpu-mhz>2294.738</cpu-mhz>
  <compiler_output></compiler_output>
  <tests>
    <test num="1" status="PE" time="27" real-time="30" max-memory-used="307200"  checker-comment="user program output: Unexpected EOF" >
  <program-stats-str>{ utime=25, stime=2, ptime=27, rtime=30, maxvsz=307200, maxrss=6189056, nvcsw=1, nivcsw=7 }</program-stats-str>
  <checker-stats-str>{ utime=0, stime=0, ptime=0, rtime=1, maxvsz=307200, maxrss=2387968, nvcsw=1, nivcsw=1 }</checker-stats-str>
      <input size="2">3
</input>
      <output size="0"></output>
      <correct size="2">1
</correct>
      <stderr size="0"></stderr>
      <checker size="36">user program output: Unexpected EOF
</checker>
    </test>
  </tests>
</testing-report>
