Content-type: text/xml

<?xml version="1.0" encoding="utf-8"?>
<testing-report run-id="292" judge-id="141" status="SE" scoring="ACM" run-tests="1" contest-id="3202" real-time-available="yes" max-memory-used-available="yes" correct-available="yes" failed-test="1" time-limit-ms="2000" real-time-limit-ms="5000" marked-flag="no" >
  <uuid>2a6841ae-1051-40de-abcc-dd6dfa27365a</uuid>
  <host>localhost.localdomain</host>
  <cpu-model>Intel(R) Pentium(R) CPU 3550M @ 2.30GHz</cpu-model>
  <cpu-mhz>2294.738</cpu-mhz>
  <compiler_output></compiler_output>
  <tests>
    <test num="1" status="SE" time="281" real-time="299" max-memory-used="18698240" >
  <program-stats-str>{ utime=247, stime=34, ptime=281, rtime=299, maxvsz=18698240, maxrss=19484672, nvcsw=1, nivcsw=41 }</program-stats-str>
      <input size="2">3
</input>
      <output size="0"></output>
      <stderr size="274">Can't open '/usr/share/abrt/conf.d/plugins/python3.conf': Operation not permitted
Can't open '/etc/abrt/plugins/python3.conf': Operation not permitted
  File &quot;./000292&quot;, line 11
    print(q)
           ^
IndentationError: unindent does not match any outer indentation level
</stderr>
    </test>
  </tests>
</testing-report>
