Content-type: text/xml

<?xml version="1.0" encoding="utf-8"?>
<testing-report run-id="382" judge-id="231" status="RT" scoring="ACM" run-tests="1" contest-id="3202" real-time-available="yes" max-memory-used-available="yes" correct-available="yes" failed-test="1" time-limit-ms="2000" real-time-limit-ms="5000" marked-flag="no" >
  <uuid>c4cb92a7-bf9e-4c2d-8ecd-a732094c7423</uuid>
  <host>localhost.localdomain</host>
  <cpu-model>Intel(R) Pentium(R) CPU 3550M @ 2.30GHz</cpu-model>
  <cpu-mhz>2294.738</cpu-mhz>
  <compiler_output></compiler_output>
  <tests>
    <test num="1" status="RT" exit-code="1" time="14" real-time="16" max-memory-used="307200" >
  <program-stats-str>{ utime=9, stime=5, ptime=14, rtime=16, maxvsz=307200, maxrss=5349376, nvcsw=1, nivcsw=3 }</program-stats-str>
      <input size="2">4
</input>
      <output size="0"></output>
      <stderr size="98">  File &quot;./000382&quot;, line 6
    if a//4 and a!//100:
                 ^
SyntaxError: invalid syntax
</stderr>
    </test>
  </tests>
</testing-report>
