Content-type: text/xml

<?xml version="1.0" encoding="utf-8"?>
<testing-report run-id="334" judge-id="183" status="SE" scoring="ACM" run-tests="1" contest-id="3202" real-time-available="yes" max-memory-used-available="yes" correct-available="yes" failed-test="1" time-limit-ms="2000" real-time-limit-ms="5000" marked-flag="no" >
  <uuid>12775056-b696-4062-934a-15885b7df2db</uuid>
  <host>localhost.localdomain</host>
  <cpu-model>Intel(R) Pentium(R) CPU 3550M @ 2.30GHz</cpu-model>
  <cpu-mhz>2294.738</cpu-mhz>
  <compiler_output></compiler_output>
  <tests>
    <test num="1" status="SE" time="283" real-time="307" max-memory-used="32251904" >
  <program-stats-str>{ utime=267, stime=16, ptime=283, rtime=307, maxvsz=32251904, maxrss=19546112, nvcsw=1, nivcsw=54 }</program-stats-str>
      <input size="2">3
</input>
      <output size="0"></output>
      <stderr size="278">Can't open '/usr/share/abrt/conf.d/plugins/python3.conf': Operation not permitted
Can't open '/etc/abrt/plugins/python3.conf': Operation not permitted
Traceback (most recent call last):
  File &quot;./000334&quot;, line 5, in &lt;module&gt;
    y=int(input())
EOFError: EOF when reading a line
</stderr>
    </test>
  </tests>
</testing-report>
