Content-type: text/xml

<?xml version="1.0" encoding="utf-8"?>
<testing-report run-id="309" judge-id="158" status="RT" scoring="ACM" run-tests="1" contest-id="3202" real-time-available="yes" max-memory-used-available="yes" correct-available="yes" failed-test="1" time-limit-ms="2000" real-time-limit-ms="5000" marked-flag="no" >
  <uuid>033029dc-866f-4ffa-828e-0e4add3d7f6b</uuid>
  <host>localhost.localdomain</host>
  <cpu-model>Intel(R) Pentium(R) CPU 3550M @ 2.30GHz</cpu-model>
  <cpu-mhz>2294.738</cpu-mhz>
  <compiler_output></compiler_output>
  <tests>
    <test num="1" status="RT" exit-code="1" time="15" real-time="16" max-memory-used="307200" >
  <program-stats-str>{ utime=9, stime=6, ptime=15, rtime=16, maxvsz=307200, maxrss=5128192, nvcsw=1, nivcsw=5 }</program-stats-str>
      <input size="2">3
</input>
      <output size="0"></output>
      <stderr size="121">Traceback (most recent call last):
  File &quot;./000309&quot;, line 4, in &lt;module&gt;
    if a&gt;0:
NameError: name 'a' is not defined
</stderr>
    </test>
  </tests>
</testing-report>
