Content-type: text/xml

<?xml version="1.0" encoding="utf-8"?>
<testing-report run-id="396" judge-id="245" status="SE" scoring="ACM" run-tests="1" contest-id="3202" real-time-available="yes" max-memory-used-available="yes" correct-available="yes" failed-test="1" time-limit-ms="2000" real-time-limit-ms="5000" marked-flag="no" >
  <uuid>a701ff50-66dc-4059-96a8-d904cd8d0deb</uuid>
  <host>localhost.localdomain</host>
  <cpu-model>Intel(R) Pentium(R) CPU 3550M @ 2.30GHz</cpu-model>
  <cpu-mhz>2294.738</cpu-mhz>
  <compiler_output></compiler_output>
  <tests>
    <test num="1" status="SE" time="282" real-time="310" max-memory-used="18698240" >
  <program-stats-str>{ utime=254, stime=28, ptime=282, rtime=310, maxvsz=18698240, maxrss=19349504, nvcsw=1, nivcsw=47 }</program-stats-str>
      <input size="2">4
</input>
      <output size="0"></output>
      <stderr size="290">Can't open '/usr/share/abrt/conf.d/plugins/python3.conf': Operation not permitted
Can't open '/etc/abrt/plugins/python3.conf': Operation not permitted
Traceback (most recent call last):
  File &quot;./000396&quot;, line 5, in &lt;module&gt;
    if q%4==0 and a//100 ==1:
NameError: name 'a' is not defined
</stderr>
    </test>
  </tests>
</testing-report>
