Content-type: text/xml

<?xml version="1.0" encoding="utf-8"?>
<testing-report run-id="371" judge-id="220" status="WA" scoring="ACM" run-tests="3" contest-id="3202" real-time-available="yes" max-memory-used-available="yes" correct-available="yes" failed-test="3" time-limit-ms="2000" real-time-limit-ms="5000" marked-flag="no" >
  <uuid>eceb090e-70a5-4bd6-94d8-a4fef9dfea35</uuid>
  <host>localhost.localdomain</host>
  <cpu-model>Intel(R) Pentium(R) CPU 3550M @ 2.30GHz</cpu-model>
  <cpu-mhz>2294.738</cpu-mhz>
  <compiler_output></compiler_output>
  <tests>
    <test num="1" status="OK" time="74" real-time="79" max-memory-used="30339072"  checker-comment="OK" >
  <program-stats-str>{ utime=74, stime=0, ptime=74, rtime=79, maxvsz=30339072, maxrss=27226112, nvcsw=1, nivcsw=11 }</program-stats-str>
  <checker-stats-str>{ utime=0, stime=0, ptime=0, rtime=2, maxvsz=307200, maxrss=2387968, nvcsw=1, nivcsw=1 }</checker-stats-str>
      <input size="6">3
4
5
</input>
      <output size="4">YES
</output>
      <correct size="4">YES
</correct>
      <stderr size="61">Warning: cannot find your CPU L2 cache size in /proc/cpuinfo
</stderr>
      <checker size="3">OK
</checker>
    </test>
    <test num="2" status="OK" time="75" real-time="86" max-memory-used="30339072"  checker-comment="OK" >
  <program-stats-str>{ utime=73, stime=2, ptime=75, rtime=86, maxvsz=30339072, maxrss=27033600, nvcsw=1, nivcsw=20 }</program-stats-str>
  <checker-stats-str>{ utime=0, stime=0, ptime=0, rtime=2, maxvsz=307200, maxrss=2387968, nvcsw=1, nivcsw=1 }</checker-stats-str>
      <input size="6">7
7
7
</input>
      <output size="3">NO
</output>
      <correct size="3">NO
</correct>
      <stderr size="61">Warning: cannot find your CPU L2 cache size in /proc/cpuinfo
</stderr>
      <checker size="3">OK
</checker>
    </test>
    <test num="3" status="WA" time="74" real-time="85" max-memory-used="30339072"  checker-comment="Answers do not match" >
  <program-stats-str>{ utime=67, stime=7, ptime=74, rtime=85, maxvsz=30339072, maxrss=27115520, nvcsw=1, nivcsw=27 }</program-stats-str>
  <checker-stats-str>{ utime=0, stime=0, ptime=0, rtime=1, maxvsz=307200, maxrss=2387968, nvcsw=1, nivcsw=1 }</checker-stats-str>
      <input size="6">0
0
0
</input>
      <output size="4">YES
</output>
      <correct size="3">NO
</correct>
      <stderr size="61">Warning: cannot find your CPU L2 cache size in /proc/cpuinfo
</stderr>
      <checker size="21">Answers do not match
</checker>
    </test>
  </tests>
</testing-report>
