Content-type: text/xml

<?xml version="1.0" encoding="utf-8"?>
<testing-report run-id="395" judge-id="244" status="OK" scoring="ACM" run-tests="12" contest-id="3202" real-time-available="yes" max-memory-used-available="yes" correct-available="yes" time-limit-ms="2000" real-time-limit-ms="5000" marked-flag="no" >
  <uuid>acbd61f6-99c0-45a1-939a-56749e43e7d4</uuid>
  <host>localhost.localdomain</host>
  <cpu-model>Intel(R) Pentium(R) CPU 3550M @ 2.30GHz</cpu-model>
  <cpu-mhz>2294.738</cpu-mhz>
  <compiler_output></compiler_output>
  <tests>
    <test num="1" status="OK" time="75" real-time="87" max-memory-used="30339072"  checker-comment="OK" >
  <program-stats-str>{ utime=75, stime=0, ptime=75, rtime=87, maxvsz=30339072, maxrss=27074560, nvcsw=1, nivcsw=19 }</program-stats-str>
  <checker-stats-str>{ utime=0, stime=0, ptime=0, rtime=2, maxvsz=307200, maxrss=2387968, nvcsw=1, nivcsw=1 }</checker-stats-str>
      <input size="7">3
4
5

</input>
      <output size="4">YES
</output>
      <correct size="4">YES
</correct>
      <stderr size="61">Warning: cannot find your CPU L2 cache size in /proc/cpuinfo
</stderr>
      <checker size="3">OK
</checker>
    </test>
    <test num="2" status="OK" time="71" real-time="75" max-memory-used="30339072"  checker-comment="OK" >
  <program-stats-str>{ utime=67, stime=4, ptime=71, rtime=75, maxvsz=30339072, maxrss=27136000, nvcsw=1, nivcsw=11 }</program-stats-str>
  <checker-stats-str>{ utime=1, stime=0, ptime=1, rtime=3, maxvsz=307200, maxrss=2387968, nvcsw=1, nivcsw=2 }</checker-stats-str>
      <input size="8">3
5
4


</input>
      <output size="4">YES
</output>
      <correct size="4">YES
</correct>
      <stderr size="61">Warning: cannot find your CPU L2 cache size in /proc/cpuinfo
</stderr>
      <checker size="3">OK
</checker>
    </test>
    <test num="3" status="OK" time="73" real-time="86" max-memory-used="30339072"  checker-comment="OK" >
  <program-stats-str>{ utime=70, stime=3, ptime=73, rtime=86, maxvsz=30339072, maxrss=27136000, nvcsw=1, nivcsw=11 }</program-stats-str>
  <checker-stats-str>{ utime=0, stime=0, ptime=0, rtime=1, maxvsz=307200, maxrss=2387968, nvcsw=1, nivcsw=1 }</checker-stats-str>
      <input size="6">4
5
3
</input>
      <output size="4">YES
</output>
      <correct size="4">YES
</correct>
      <stderr size="61">Warning: cannot find your CPU L2 cache size in /proc/cpuinfo
</stderr>
      <checker size="3">OK
</checker>
    </test>
    <test num="4" status="OK" time="72" real-time="79" max-memory-used="30339072"  checker-comment="OK" >
  <program-stats-str>{ utime=64, stime=8, ptime=72, rtime=79, maxvsz=30339072, maxrss=27041792, nvcsw=1, nivcsw=13 }</program-stats-str>
  <checker-stats-str>{ utime=0, stime=0, ptime=0, rtime=1, maxvsz=307200, maxrss=2387968, nvcsw=1, nivcsw=1 }</checker-stats-str>
      <input size="6">5
4
3
</input>
      <output size="4">YES
</output>
      <correct size="4">YES
</correct>
      <stderr size="61">Warning: cannot find your CPU L2 cache size in /proc/cpuinfo
</stderr>
      <checker size="3">OK
</checker>
    </test>
    <test num="5" status="OK" time="74" real-time="84" max-memory-used="30339072"  checker-comment="OK" >
  <program-stats-str>{ utime=62, stime=12, ptime=74, rtime=84, maxvsz=30339072, maxrss=27136000, nvcsw=1, nivcsw=17 }</program-stats-str>
  <checker-stats-str>{ utime=0, stime=0, ptime=0, rtime=1, maxvsz=307200, maxrss=2387968, nvcsw=1, nivcsw=1 }</checker-stats-str>
      <input size="6">5
3
4
</input>
      <output size="4">YES
</output>
      <correct size="4">YES
</correct>
      <stderr size="61">Warning: cannot find your CPU L2 cache size in /proc/cpuinfo
</stderr>
      <checker size="3">OK
</checker>
    </test>
    <test num="6" status="OK" time="74" real-time="80" max-memory-used="30339072"  checker-comment="OK" >
  <program-stats-str>{ utime=64, stime=10, ptime=74, rtime=80, maxvsz=30339072, maxrss=27095040, nvcsw=1, nivcsw=10 }</program-stats-str>
  <checker-stats-str>{ utime=0, stime=0, ptime=0, rtime=2, maxvsz=307200, maxrss=2387968, nvcsw=1, nivcsw=1 }</checker-stats-str>
      <input size="6">1
2
3
</input>
      <output size="3">NO
</output>
      <correct size="3">NO
</correct>
      <stderr size="61">Warning: cannot find your CPU L2 cache size in /proc/cpuinfo
</stderr>
      <checker size="3">OK
</checker>
    </test>
    <test num="7" status="OK" time="69" real-time="77" max-memory-used="30339072"  checker-comment="OK" >
  <program-stats-str>{ utime=66, stime=3, ptime=69, rtime=77, maxvsz=30339072, maxrss=27033600, nvcsw=1, nivcsw=11 }</program-stats-str>
  <checker-stats-str>{ utime=0, stime=0, ptime=0, rtime=1, maxvsz=307200, maxrss=2387968, nvcsw=1, nivcsw=1 }</checker-stats-str>
      <input size="7">1
3
2

</input>
      <output size="3">NO
</output>
      <correct size="3">NO
</correct>
      <stderr size="61">Warning: cannot find your CPU L2 cache size in /proc/cpuinfo
</stderr>
      <checker size="3">OK
</checker>
    </test>
    <test num="8" status="OK" time="76" real-time="81" max-memory-used="30339072"  checker-comment="OK" >
  <program-stats-str>{ utime=57, stime=19, ptime=76, rtime=81, maxvsz=30339072, maxrss=27054080, nvcsw=1, nivcsw=12 }</program-stats-str>
  <checker-stats-str>{ utime=0, stime=0, ptime=0, rtime=1, maxvsz=307200, maxrss=2387968, nvcsw=1, nivcsw=1 }</checker-stats-str>
      <input size="6">3
2
1
</input>
      <output size="3">NO
</output>
      <correct size="3">NO
</correct>
      <stderr size="61">Warning: cannot find your CPU L2 cache size in /proc/cpuinfo
</stderr>
      <checker size="3">OK
</checker>
    </test>
    <test num="9" status="OK" time="72" real-time="78" max-memory-used="30339072"  checker-comment="OK" >
  <program-stats-str>{ utime=54, stime=18, ptime=72, rtime=78, maxvsz=30339072, maxrss=27086848, nvcsw=1, nivcsw=11 }</program-stats-str>
  <checker-stats-str>{ utime=0, stime=0, ptime=0, rtime=2, maxvsz=307200, maxrss=2387968, nvcsw=1, nivcsw=1 }</checker-stats-str>
      <input size="6">3
3
3
</input>
      <output size="4">YES
</output>
      <correct size="4">YES
</correct>
      <stderr size="61">Warning: cannot find your CPU L2 cache size in /proc/cpuinfo
</stderr>
      <checker size="3">OK
</checker>
    </test>
    <test num="10" status="OK" time="73" real-time="77" max-memory-used="30339072"  checker-comment="OK" >
  <program-stats-str>{ utime=55, stime=18, ptime=73, rtime=77, maxvsz=30339072, maxrss=27136000, nvcsw=1, nivcsw=12 }</program-stats-str>
  <checker-stats-str>{ utime=0, stime=0, ptime=0, rtime=2, maxvsz=307200, maxrss=2387968, nvcsw=1, nivcsw=1 }</checker-stats-str>
      <input size="7">10
1
1
</input>
      <output size="3">NO
</output>
      <correct size="3">NO
</correct>
      <stderr size="61">Warning: cannot find your CPU L2 cache size in /proc/cpuinfo
</stderr>
      <checker size="3">OK
</checker>
    </test>
    <test num="11" status="OK" time="74" real-time="79" max-memory-used="30339072"  checker-comment="OK" >
  <program-stats-str>{ utime=63, stime=11, ptime=74, rtime=79, maxvsz=30339072, maxrss=27099136, nvcsw=1, nivcsw=9 }</program-stats-str>
  <checker-stats-str>{ utime=0, stime=0, ptime=0, rtime=1, maxvsz=307200, maxrss=2387968, nvcsw=1, nivcsw=1 }</checker-stats-str>
      <input size="7">1
10
1
</input>
      <output size="3">NO
</output>
      <correct size="3">NO
</correct>
      <stderr size="61">Warning: cannot find your CPU L2 cache size in /proc/cpuinfo
</stderr>
      <checker size="3">OK
</checker>
    </test>
    <test num="12" status="OK" time="73" real-time="77" max-memory-used="30339072"  checker-comment="OK" >
  <program-stats-str>{ utime=64, stime=9, ptime=73, rtime=77, maxvsz=30339072, maxrss=26959872, nvcsw=1, nivcsw=9 }</program-stats-str>
  <checker-stats-str>{ utime=0, stime=0, ptime=0, rtime=2, maxvsz=307200, maxrss=2387968, nvcsw=1, nivcsw=2 }</checker-stats-str>
      <input size="7">1
1
10
</input>
      <output size="3">NO
</output>
      <correct size="3">NO
</correct>
      <stderr size="61">Warning: cannot find your CPU L2 cache size in /proc/cpuinfo
</stderr>
      <checker size="3">OK
</checker>
    </test>
  </tests>
</testing-report>
