Content-type: text/xml

<?xml version="1.0" encoding="utf-8"?>
<testing-report run-id="410" judge-id="259" status="WA" scoring="ACM" run-tests="1" contest-id="3202" real-time-available="yes" max-memory-used-available="yes" correct-available="yes" failed-test="1" time-limit-ms="2000" real-time-limit-ms="5000" marked-flag="no" >
  <uuid>76a14b54-a7b8-4e80-9acd-2425fbbf0df5</uuid>
  <host>localhost.localdomain</host>
  <cpu-model>Intel(R) Pentium(R) CPU 3550M @ 2.30GHz</cpu-model>
  <cpu-mhz>2294.738</cpu-mhz>
  <compiler_output></compiler_output>
  <tests>
    <test num="1" status="WA" time="28" real-time="30" max-memory-used="307200"  checker-comment="Answers differ: [1]: output: 15, correct: 1" >
  <program-stats-str>{ utime=25, stime=3, ptime=28, rtime=30, maxvsz=307200, maxrss=6135808, nvcsw=1, nivcsw=5 }</program-stats-str>
  <checker-stats-str>{ utime=0, stime=0, ptime=0, rtime=2, maxvsz=307200, maxrss=2387968, nvcsw=1, nivcsw=1 }</checker-stats-str>
      <input size="2">1
</input>
      <output size="7">15 0 0
</output>
      <correct size="6">1 0 0
</correct>
      <stderr size="0"></stderr>
      <checker size="44">Answers differ: [1]: output: 15, correct: 1
</checker>
    </test>
  </tests>
</testing-report>
