Content-type: text/xml

<?xml version="1.0" encoding="utf-8"?>
<testing-report run-id="8" judge-id="9" status="PE" scoring="ACM" run-tests="1" contest-id="3104" real-time-available="yes" max-memory-used-available="yes" correct-available="yes" failed-test="1" time-limit-ms="2000" real-time-limit-ms="5000" marked-flag="no" >
  <uuid>aa1f1de1-c7cc-4c05-b84c-b41ff24efb3b</uuid>
  <host>localhost.localdomain</host>
  <cpu-model>Intel(R) Pentium(R) CPU 3550M @ 2.30GHz</cpu-model>
  <cpu-mhz>2294.738</cpu-mhz>
  <compiler_output></compiler_output>
  <tests>
    <test num="1" status="PE" time="1" real-time="3" max-memory-used="311296"  checker-comment="user program output: garbage where EOF expected" >
  <program-stats-str>{ utime=0, stime=1, ptime=1, rtime=3, maxvsz=311296, maxrss=2781184, nvcsw=1, nivcsw=1 }</program-stats-str>
  <checker-stats-str>{ utime=0, stime=0, ptime=0, rtime=2, maxvsz=307200, maxrss=2285568, nvcsw=1, nivcsw=2 }</checker-stats-str>
      <input size="62">5 5
1 1 1 1 1
3 100 100 100 100
1 1 1 1 1
2 2 2 2 1
1 1 1 1 1
</input>
      <output size="70">1 2 3 4 5 
4 102 103 104 105 
5 6 7 8 9 
7 8 9 10 10 
8 9 10 11 11 
11</output>
      <correct size="3">11
</correct>
      <stderr size="0"></stderr>
      <checker size="48">user program output: garbage where EOF expected
</checker>
    </test>
  </tests>
</testing-report>
