Content-type: text/xml

<?xml version="1.0" encoding="utf-8"?>
<testing-report run-id="65" judge-id="4" status="RT" scoring="ACM" run-tests="1" contest-id="3104" real-time-available="yes" max-memory-used-available="yes" correct-available="yes" failed-test="1" time-limit-ms="2000" real-time-limit-ms="5000" marked-flag="no" >
  <uuid>5dc93351-c033-410e-9942-0f602ed1464f</uuid>
  <host>localhost.localdomain</host>
  <cpu-model>Intel(R) Pentium(R) CPU 3550M @ 2.30GHz</cpu-model>
  <cpu-mhz>2294.738</cpu-mhz>
  <compiler_output>000065.cpp: In function 'int main()':
000065.cpp:51:11: warning: unused variable 'j' [-Wunused-variable]
     ll k, j;
           ^
</compiler_output>
  <tests>
    <test num="1" status="RT" term-signal="6" time="1" real-time="3" max-memory-used="311296" >
  <program-stats-str>{ utime=0, stime=1, ptime=1, rtime=3, maxvsz=311296, maxrss=2965504, nvcsw=1, nivcsw=2 }</program-stats-str>
      <input size="2">1
</input>
      <output size="0"></output>
      <stderr size="344">*** Error in `./000065': munmap_chunk(): invalid pointer: 0x092f0a20 ***
======= Backtrace: =========
/lib/libc.so.6(+0x6b09b)[0xafbc109b]
/lib/libc.so.6(cfree+0x198)[0xafbcd828]
/lib/libstdc++.so.6(_ZdlPv+0x1c)[0xafdfdf2c]
./000065[0x8048b60]
/lib/libc.so.6(__libc_start_main+0xf5)[0xafb6e545]
./000065[0x8048c7e]
======= Memory map: ========
</stderr>
    </test>
  </tests>
</testing-report>
