Content-type: text/xml

<?xml version="1.0" encoding="utf-8"?>
<testing-report run-id="62" judge-id="1" status="WA" scoring="ACM" run-tests="4" contest-id="3104" real-time-available="yes" max-memory-used-available="yes" correct-available="yes" failed-test="4" time-limit-ms="2000" real-time-limit-ms="5000" marked-flag="no" >
  <uuid>30300cfd-fe4b-40ac-a669-bd342089e3c4</uuid>
  <host>localhost.localdomain</host>
  <cpu-model>Intel(R) Pentium(R) CPU 3550M @ 2.30GHz</cpu-model>
  <cpu-mhz>2294.738</cpu-mhz>
  <compiler_output></compiler_output>
  <tests>
    <test num="1" status="OK" time="72" real-time="79" max-memory-used="30339072"  checker-comment="OK" >
  <program-stats-str>{ utime=43, stime=29, ptime=72, rtime=79, maxvsz=30339072, maxrss=27140096, nvcsw=1, nivcsw=15 }</program-stats-str>
  <checker-stats-str>{ utime=0, stime=0, ptime=0, rtime=2, maxvsz=307200, maxrss=2285568, nvcsw=1, nivcsw=1 }</checker-stats-str>
      <input size="62">5 5
1 1 1 1 1
3 100 100 100 100
1 1 1 1 1
2 2 2 2 1
1 1 1 1 1
</input>
      <output size="3">11
</output>
      <correct size="3">11
</correct>
      <stderr size="61">Warning: cannot find your CPU L2 cache size in /proc/cpuinfo
</stderr>
      <checker size="3">OK
</checker>
    </test>
    <test num="2" status="OK" time="73" real-time="78" max-memory-used="30339072"  checker-comment="OK" >
  <program-stats-str>{ utime=43, stime=30, ptime=73, rtime=78, maxvsz=30339072, maxrss=27058176, nvcsw=1, nivcsw=12 }</program-stats-str>
  <checker-stats-str>{ utime=0, stime=0, ptime=0, rtime=1, maxvsz=307200, maxrss=2285568, nvcsw=1, nivcsw=2 }</checker-stats-str>
      <input size="70">5 5
1 1 1 1 1
100 100 100 100 1
1 1 1 1 1
1 100 100 100 100
1 1 1 1 1
</input>
      <output size="4">108
</output>
      <correct size="4">108
</correct>
      <stderr size="61">Warning: cannot find your CPU L2 cache size in /proc/cpuinfo
</stderr>
      <checker size="3">OK
</checker>
    </test>
    <test num="3" status="OK" time="76" real-time="82" max-memory-used="30339072"  checker-comment="OK" >
  <program-stats-str>{ utime=39, stime=37, ptime=76, rtime=82, maxvsz=30339072, maxrss=27172864, nvcsw=1, nivcsw=16 }</program-stats-str>
  <checker-stats-str>{ utime=0, stime=0, ptime=0, rtime=1, maxvsz=307200, maxrss=2285568, nvcsw=1, nivcsw=1 }</checker-stats-str>
      <input size="8">1 1
86 
</input>
      <output size="3">86
</output>
      <correct size="3">86
</correct>
      <stderr size="61">Warning: cannot find your CPU L2 cache size in /proc/cpuinfo
</stderr>
      <checker size="3">OK
</checker>
    </test>
    <test num="4" status="WA" time="73" real-time="80" max-memory-used="30339072"  checker-comment="Answers do not match: output: 347, correct: 398" >
  <program-stats-str>{ utime=43, stime=30, ptime=73, rtime=80, maxvsz=30339072, maxrss=27279360, nvcsw=1, nivcsw=17 }</program-stats-str>
  <checker-stats-str>{ utime=0, stime=0, ptime=0, rtime=2, maxvsz=307200, maxrss=2285568, nvcsw=1, nivcsw=2 }</checker-stats-str>
      <input size="96">5 6
67 31 16 37 42 8 
47 7 84 5 29 91 
36 77 32 69 84 71 
30 16 32 46 24 82 
27 48 14 87 28 77 
</input>
      <output size="4">347
</output>
      <correct size="4">398
</correct>
      <stderr size="61">Warning: cannot find your CPU L2 cache size in /proc/cpuinfo
</stderr>
      <checker size="48">Answers do not match: output: 347, correct: 398
</checker>
    </test>
  </tests>
</testing-report>
