Content-type: text/xml

<?xml version="1.0" encoding="utf-8"?>
<testing-report run-id="23" judge-id="24" status="RT" scoring="ACM" run-tests="1" contest-id="3104" real-time-available="yes" max-memory-used-available="yes" correct-available="yes" failed-test="1" time-limit-ms="2000" real-time-limit-ms="5000" marked-flag="no" >
  <uuid>324d58a7-59b8-4c84-9dea-e92d28f5cc31</uuid>
  <host>localhost.localdomain</host>
  <cpu-model>Intel(R) Pentium(R) CPU 3550M @ 2.30GHz</cpu-model>
  <cpu-mhz>2294.738</cpu-mhz>
  <compiler_output></compiler_output>
  <tests>
    <test num="1" status="RT" exit-code="1" time="73" real-time="84" max-memory-used="30339072" >
  <program-stats-str>{ utime=48, stime=25, ptime=73, rtime=84, maxvsz=30339072, maxrss=27639808, nvcsw=1, nivcsw=19 }</program-stats-str>
      <input size="12">5
2 1 3 2 1
</input>
      <output size="0"></output>
      <stderr size="187">Warning: cannot find your CPU L2 cache size in /proc/cpuinfo
Traceback (most recent call last):
  File &quot;./000023&quot;, line 9, in &lt;module&gt;
    print(d[N])
IndexError: list index out of range
</stderr>
    </test>
  </tests>
</testing-report>
