Content-type: text/xml

<?xml version="1.0" encoding="utf-8"?>
<testing-report run-id="51" judge-id="11" status="OK" scoring="ACM" run-tests="6" contest-id="3104" real-time-available="yes" max-memory-used-available="yes" correct-available="yes" time-limit-ms="2000" real-time-limit-ms="5000" marked-flag="no" >
  <uuid>9b259007-5c4f-48a8-a929-278af2a5e221</uuid>
  <host>localhost.localdomain</host>
  <cpu-model>Intel(R) Pentium(R) CPU 3550M @ 2.30GHz</cpu-model>
  <cpu-mhz>2294.738</cpu-mhz>
  <compiler_output>Free Pascal Compiler version 2.6.4 [2015/06/17] for i386
Copyright (c) 1993-2014 by Florian Klaempfl and others
Target OS: Linux for i386
Compiling 000051.pas
Linking 000051




/usr/bin/ld: warning: link.res contains output sections; did you forget -T?
12 lines compiled, 0.0 sec 
</compiler_output>
  <tests>
    <test num="1" status="OK" time="0" real-time="1" max-memory-used="294912"  checker-comment="OK" >
  <program-stats-str>{ utime=0, stime=0, ptime=0, rtime=1, maxvsz=294912, maxrss=2285568, nvcsw=1, nivcsw=1 }</program-stats-str>
  <checker-stats-str>{ utime=0, stime=0, ptime=0, rtime=1, maxvsz=307200, maxrss=2285568, nvcsw=1, nivcsw=1 }</checker-stats-str>
      <input size="2">2
</input>
      <output size="2">1
</output>
      <correct size="2">1
</correct>
      <stderr size="0"></stderr>
      <checker size="3">OK
</checker>
    </test>
    <test num="2" status="OK" time="0" real-time="1" max-memory-used="294912"  checker-comment="OK" >
  <program-stats-str>{ utime=0, stime=0, ptime=0, rtime=1, maxvsz=294912, maxrss=2285568, nvcsw=1, nivcsw=1 }</program-stats-str>
  <checker-stats-str>{ utime=0, stime=0, ptime=0, rtime=1, maxvsz=307200, maxrss=2285568, nvcsw=1, nivcsw=1 }</checker-stats-str>
      <input size="2">5
</input>
      <output size="2">5
</output>
      <correct size="2">5
</correct>
      <stderr size="0"></stderr>
      <checker size="3">OK
</checker>
    </test>
    <test num="3" status="OK" time="0" real-time="1" max-memory-used="294912"  checker-comment="OK" >
  <program-stats-str>{ utime=0, stime=0, ptime=0, rtime=1, maxvsz=294912, maxrss=2285568, nvcsw=1, nivcsw=1 }</program-stats-str>
  <checker-stats-str>{ utime=0, stime=0, ptime=0, rtime=2, maxvsz=307200, maxrss=2285568, nvcsw=1, nivcsw=1 }</checker-stats-str>
      <input size="3">10
</input>
      <output size="3">55
</output>
      <correct size="3">55
</correct>
      <stderr size="0"></stderr>
      <checker size="3">OK
</checker>
    </test>
    <test num="4" status="OK" time="0" real-time="1" max-memory-used="294912"  checker-comment="OK" >
  <program-stats-str>{ utime=0, stime=0, ptime=0, rtime=1, maxvsz=294912, maxrss=2285568, nvcsw=1, nivcsw=1 }</program-stats-str>
  <checker-stats-str>{ utime=0, stime=0, ptime=0, rtime=1, maxvsz=307200, maxrss=2285568, nvcsw=1, nivcsw=1 }</checker-stats-str>
      <input size="3">30
</input>
      <output size="7">832040
</output>
      <correct size="7">832040
</correct>
      <stderr size="0"></stderr>
      <checker size="3">OK
</checker>
    </test>
    <test num="5" status="OK" time="0" real-time="0" max-memory-used="294912"  checker-comment="OK" >
  <program-stats-str>{ utime=0, stime=0, ptime=0, rtime=0, maxvsz=294912, maxrss=2285568, nvcsw=1, nivcsw=1 }</program-stats-str>
  <checker-stats-str>{ utime=0, stime=0, ptime=0, rtime=2, maxvsz=307200, maxrss=2285568, nvcsw=1, nivcsw=1 }</checker-stats-str>
      <input size="3">45
</input>
      <output size="11">1134903170
</output>
      <correct size="11">1134903170
</correct>
      <stderr size="0"></stderr>
      <checker size="3">OK
</checker>
    </test>
    <test num="6" status="OK" time="0" real-time="1" max-memory-used="294912"  checker-comment="OK" >
  <program-stats-str>{ utime=0, stime=0, ptime=0, rtime=1, maxvsz=294912, maxrss=2285568, nvcsw=1, nivcsw=1 }</program-stats-str>
  <checker-stats-str>{ utime=0, stime=0, ptime=0, rtime=2, maxvsz=307200, maxrss=2285568, nvcsw=1, nivcsw=1 }</checker-stats-str>
      <input size="2">1
</input>
      <output size="2">1
</output>
      <correct size="2">1
</correct>
      <stderr size="0"></stderr>
      <checker size="3">OK
</checker>
    </test>
  </tests>
</testing-report>
