Content-type: text/xml

<?xml version="1.0" encoding="utf-8"?>
<testing-report run-id="7" judge-id="8" status="PE" scoring="ACM" run-tests="1" contest-id="3104" real-time-available="yes" max-memory-used-available="yes" correct-available="yes" failed-test="1" time-limit-ms="2000" real-time-limit-ms="5000" marked-flag="no" >
  <uuid>1956c7d5-d308-4709-8ea6-b737ffa4c0e2</uuid>
  <host>localhost.localdomain</host>
  <cpu-model>Intel(R) Pentium(R) CPU 3550M @ 2.30GHz</cpu-model>
  <cpu-mhz>2294.738</cpu-mhz>
  <compiler_output></compiler_output>
  <tests>
    <test num="1" status="PE" time="77" real-time="84" max-memory-used="30339072"  checker-comment="user program output: output: cannot parse int64 value" >
  <program-stats-str>{ utime=50, stime=27, ptime=77, rtime=84, maxvsz=30339072, maxrss=27336704, nvcsw=1, nivcsw=13 }</program-stats-str>
  <checker-stats-str>{ utime=0, stime=0, ptime=0, rtime=102, maxvsz=307200, maxrss=2285568, nvcsw=2, nivcsw=1 }</checker-stats-str>
      <input size="2">4
</input>
      <output size="13">[1, 2, 4, 7]
</output>
      <correct size="2">7
</correct>
      <stderr size="61">Warning: cannot find your CPU L2 cache size in /proc/cpuinfo
</stderr>
      <checker size="54">user program output: output: cannot parse int64 value
</checker>
    </test>
  </tests>
</testing-report>
