Content-type: text/xml

<?xml version="1.0" encoding="utf-8"?>
<testing-report run-id="103" judge-id="31" status="WA" scoring="ACM" run-tests="1" contest-id="3104" real-time-available="yes" max-memory-used-available="yes" correct-available="yes" failed-test="1" time-limit-ms="2000" real-time-limit-ms="5000" marked-flag="no" >
  <uuid>ef39f964-0b40-448d-b22b-3a10a8f169e0</uuid>
  <host>localhost.localdomain</host>
  <cpu-model>Intel(R) Pentium(R) CPU 3550M @ 2.30GHz</cpu-model>
  <cpu-mhz>2294.738</cpu-mhz>
  <compiler_output></compiler_output>
  <tests>
    <test num="1" status="WA" time="29" real-time="31" max-memory-used="307200"  checker-comment="Answers do not match: output: 3, correct: 4" >
  <program-stats-str>{ utime=25, stime=4, ptime=29, rtime=31, maxvsz=307200, maxrss=6365184, nvcsw=1, nivcsw=6 }</program-stats-str>
  <checker-stats-str>{ utime=0, stime=0, ptime=0, rtime=1, maxvsz=307200, maxrss=2289664, nvcsw=1, nivcsw=1 }</checker-stats-str>
      <input size="12">5
2 1 3 2 1
</input>
      <output size="2">3
</output>
      <correct size="2">4
</correct>
      <stderr size="0"></stderr>
      <checker size="44">Answers do not match: output: 3, correct: 4
</checker>
    </test>
  </tests>
</testing-report>
