Content-type: text/xml

<?xml version="1.0" encoding="utf-8"?>
<testing-report run-id="139" judge-id="67" status="RT" scoring="ACM" run-tests="1" contest-id="3104" real-time-available="yes" max-memory-used-available="yes" correct-available="yes" failed-test="1" time-limit-ms="2000" real-time-limit-ms="5000" marked-flag="no" >
  <uuid>bcb91dc1-cea6-4939-9046-28b125f47d7a</uuid>
  <host>localhost.localdomain</host>
  <cpu-model>Intel(R) Pentium(R) CPU 3550M @ 2.30GHz</cpu-model>
  <cpu-mhz>2294.738</cpu-mhz>
  <compiler_output>000139.cpp: In function 'int main()':
000139.cpp:86:23: warning: comparison between signed and unsigned integer expressions [-Wsign-compare]
     for (int j = 1; j &lt;= d[n]; j++){
                       ^
000139.cpp:64:11: warning: unused variable 'j' [-Wunused-variable]
     ll k, j;
           ^
</compiler_output>
  <tests>
    <test num="1" status="RT" term-signal="6" time="1" real-time="3" max-memory-used="307200" >
  <program-stats-str>{ utime=1, stime=0, ptime=1, rtime=3, maxvsz=307200, maxrss=3035136, nvcsw=1, nivcsw=2 }</program-stats-str>
      <input size="2">1
</input>
      <output size="0"></output>
      <stderr size="372">*** Error in `./000139': free(): invalid pointer: 0x09d66a28 ***
======= Backtrace: =========
/lib/libc.so.6(+0x6b09b)[0xafbd809b]
/lib/libc.so.6(+0x7400a)[0xafbe100a]
/lib/libc.so.6(cfree+0x50)[0xafbe46e0]
/lib/libstdc++.so.6(_ZdlPv+0x1c)[0xafe14f2c]
./000139[0x8048acc]
/lib/libc.so.6(__libc_start_main+0xf5)[0xafb85545]
./000139[0x8048c89]
======= Memory map: ========
</stderr>
    </test>
  </tests>
</testing-report>
