Content-type: text/xml

<?xml version="1.0" encoding="utf-8"?>
<testing-report run-id="155" judge-id="13" status="PE" scoring="ACM" run-tests="1" contest-id="3104" real-time-available="yes" max-memory-used-available="yes" correct-available="yes" failed-test="1" time-limit-ms="2000" real-time-limit-ms="5000" marked-flag="no" >
  <uuid>19177156-f03b-4fa0-aa17-fc4feca21e59</uuid>
  <host>localhost.localdomain</host>
  <cpu-model>Intel(R) Pentium(R) CPU 3550M @ 2.30GHz</cpu-model>
  <cpu-mhz>2294.738</cpu-mhz>
  <compiler_output></compiler_output>
  <tests>
    <test num="1" status="PE" time="26" real-time="29" max-memory-used="307200"  checker-comment="wrong output format More output than needed" >
  <program-stats-str>{ utime=18, stime=8, ptime=26, rtime=29, maxvsz=307200, maxrss=6348800, nvcsw=1, nivcsw=6 }</program-stats-str>
  <checker-stats-str>{ utime=0, stime=1, ptime=1, rtime=2, maxvsz=17268736, maxrss=3039232, nvcsw=1, nivcsw=1 }</checker-stats-str>
      <input size="8">1 1
179
</input>
      <output size="7">179
[]
</output>
      <correct size="5">179

</correct>
      <stderr size="0"></stderr>
      <checker size="44">wrong output format More output than needed
</checker>
    </test>
  </tests>
</testing-report>
