Content-type: text/xml

<?xml version="1.0" encoding="utf-8"?>
<testing-report run-id="190" judge-id="30" status="TL" scoring="ACM" run-tests="2" contest-id="3104" real-time-available="yes" max-memory-used-available="yes" correct-available="yes" failed-test="2" time-limit-ms="2000" real-time-limit-ms="5000" marked-flag="no" >
  <uuid>141c181e-28b7-4ea7-a794-049d32377c0f</uuid>
  <host>localhost.localdomain</host>
  <cpu-model>Intel(R) Pentium(R) CPU 3550M @ 2.30GHz</cpu-model>
  <cpu-mhz>2294.738</cpu-mhz>
  <compiler_output>Free Pascal Compiler version 2.6.4 [2015/06/17] for i386
Copyright (c) 1993-2014 by Florian Klaempfl and others
Target OS: Linux for i386
Compiling 000190.pas
Linking 000190




/usr/bin/ld: warning: link.res contains output sections; did you forget -T?
24 lines compiled, 0.0 sec 
</compiler_output>
  <tests>
    <test num="1" status="OK" time="0" real-time="1" max-memory-used="294912"  checker-comment="OK" >
  <program-stats-str>{ utime=0, stime=0, ptime=0, rtime=1, maxvsz=294912, maxrss=2899968, nvcsw=1, nivcsw=1 }</program-stats-str>
  <checker-stats-str>{ utime=0, stime=0, ptime=0, rtime=2, maxvsz=307200, maxrss=2899968, nvcsw=1, nivcsw=1 }</checker-stats-str>
      <input size="2">4
</input>
      <output size="3">60
</output>
      <correct size="3">60
</correct>
      <stderr size="0"></stderr>
      <checker size="3">OK
</checker>
    </test>
    <test num="2" status="TL" time="2088" real-time="2186" max-memory-used="294912" >
  <program-stats-str>{ utime=555, stime=1533, ptime=2088, rtime=2186, maxvsz=294912, maxrss=2899968, nvcsw=1, nivcsw=156 }</program-stats-str>
      <input size="2">1
</input>
      <output size="0"></output>
      <stderr size="0"></stderr>
    </test>
  </tests>
</testing-report>
