Content-type: text/xml

<?xml version="1.0" encoding="utf-8"?>
<testing-report run-id="129" judge-id="57" status="WA" scoring="ACM" run-tests="1" contest-id="3104" real-time-available="yes" max-memory-used-available="yes" correct-available="yes" failed-test="1" time-limit-ms="2000" real-time-limit-ms="5000" marked-flag="no" >
  <uuid>5b2e4c4c-ed90-41e4-9a58-25ad7a00c1d1</uuid>
  <host>localhost.localdomain</host>
  <cpu-model>Intel(R) Pentium(R) CPU 3550M @ 2.30GHz</cpu-model>
  <cpu-mhz>2294.738</cpu-mhz>
  <compiler_output></compiler_output>
  <tests>
    <test num="1" status="WA" time="2" real-time="3" max-memory-used="311296"  checker-comment="Answers do not match: output: 3, correct: 4" >
  <program-stats-str>{ utime=2, stime=0, ptime=2, rtime=3, maxvsz=311296, maxrss=3014656, nvcsw=1, nivcsw=2 }</program-stats-str>
  <checker-stats-str>{ utime=0, stime=0, ptime=0, rtime=1, maxvsz=307200, maxrss=2289664, nvcsw=1, nivcsw=1 }</checker-stats-str>
      <input size="12">5
2 1 3 2 1
</input>
      <output size="2">3
</output>
      <correct size="2">4
</correct>
      <stderr size="0"></stderr>
      <checker size="44">Answers do not match: output: 3, correct: 4
</checker>
    </test>
  </tests>
</testing-report>
