Content-type: text/xml

<?xml version="1.0" encoding="utf-8"?>
<testing-report run-id="158" judge-id="16" status="SE" scoring="ACM" run-tests="1" contest-id="3104" real-time-available="yes" max-memory-used-available="yes" correct-available="yes" failed-test="1" time-limit-ms="2000" real-time-limit-ms="5000" marked-flag="no" >
  <uuid>8541a0fd-25dd-4317-96c6-9d049ab296e7</uuid>
  <host>localhost.localdomain</host>
  <cpu-model>Intel(R) Pentium(R) CPU 3550M @ 2.30GHz</cpu-model>
  <cpu-mhz>2294.738</cpu-mhz>
  <compiler_output></compiler_output>
  <tests>
    <test num="1" status="SE" time="286" real-time="301" max-memory-used="18698240" >
  <program-stats-str>{ utime=221, stime=65, ptime=286, rtime=301, maxvsz=18698240, maxrss=19103744, nvcsw=1, nivcsw=46 }</program-stats-str>
      <input size="2">1
</input>
      <output size="0"></output>
      <stderr size="313">Can't open '/usr/share/abrt/conf.d/plugins/python3.conf': Operation not permitted
Can't open '/etc/abrt/plugins/python3.conf': Operation not permitted
Traceback (most recent call last):
  File &quot;./000158&quot;, line 5, in &lt;module&gt;
    N, M = list(map(int, input().split()))
ValueError: need more than 1 value to unpack
</stderr>
    </test>
  </tests>
</testing-report>
