Content-type: text/xml

<?xml version="1.0" encoding="utf-8"?>
<testing-report run-id="181" judge-id="21" status="WA" scoring="ACM" run-tests="4" contest-id="3104" real-time-available="yes" max-memory-used-available="yes" correct-available="yes" failed-test="4" time-limit-ms="2000" real-time-limit-ms="5000" marked-flag="no" >
  <uuid>7d68e4d4-fe38-426b-9be9-389227f7c2c7</uuid>
  <host>localhost.localdomain</host>
  <cpu-model>Intel(R) Pentium(R) CPU 3550M @ 2.30GHz</cpu-model>
  <cpu-mhz>2294.738</cpu-mhz>
  <compiler_output></compiler_output>
  <tests>
    <test num="1" status="OK" time="1" real-time="3" max-memory-used="311296"  checker-comment="ok Correct answer!" >
  <program-stats-str>{ utime=0, stime=1, ptime=1, rtime=3, maxvsz=311296, maxrss=2949120, nvcsw=1, nivcsw=1 }</program-stats-str>
  <checker-stats-str>{ utime=1, stime=0, ptime=1, rtime=3, maxvsz=17264640, maxrss=3350528, nvcsw=1, nivcsw=2 }</checker-stats-str>
      <input size="17">3
1 2 3
3 
2 3 1
</input>
      <output size="4">2 3 </output>
      <correct size="5">2 3 
</correct>
      <stderr size="0"></stderr>
      <checker size="19">ok Correct answer!
</checker>
    </test>
    <test num="2" status="OK" time="1" real-time="2" max-memory-used="311296"  checker-comment="ok Correct answer!" >
  <program-stats-str>{ utime=1, stime=0, ptime=1, rtime=2, maxvsz=311296, maxrss=2830336, nvcsw=1, nivcsw=1 }</program-stats-str>
  <checker-stats-str>{ utime=1, stime=0, ptime=1, rtime=3, maxvsz=17264640, maxrss=3141632, nvcsw=1, nivcsw=1 }</checker-stats-str>
      <input size="17">3
1 2 3
3 
3 2 1
</input>
      <output size="2">2 </output>
      <correct size="3">1 
</correct>
      <stderr size="0"></stderr>
      <checker size="19">ok Correct answer!
</checker>
    </test>
    <test num="3" status="OK" time="1" real-time="3" max-memory-used="311296"  checker-comment="ok Correct answer!" >
  <program-stats-str>{ utime=1, stime=0, ptime=1, rtime=3, maxvsz=311296, maxrss=2830336, nvcsw=1, nivcsw=1 }</program-stats-str>
  <checker-stats-str>{ utime=1, stime=0, ptime=1, rtime=3, maxvsz=17264640, maxrss=2998272, nvcsw=1, nivcsw=2 }</checker-stats-str>
      <input size="26">3
1 2 3
3 
1001 1002 1003
</input>
      <output size="0"></output>
      <correct size="1">
</correct>
      <stderr size="0"></stderr>
      <checker size="19">ok Correct answer!
</checker>
    </test>
    <test num="4" status="WA" time="1" real-time="3" max-memory-used="311296"  checker-comment="wrong answer Participant has better answer, given - 0, our - 1" >
  <program-stats-str>{ utime=0, stime=1, ptime=1, rtime=3, maxvsz=311296, maxrss=2850816, nvcsw=1, nivcsw=1 }</program-stats-str>
  <checker-stats-str>{ utime=0, stime=1, ptime=1, rtime=2, maxvsz=17264640, maxrss=3129344, nvcsw=1, nivcsw=1 }</checker-stats-str>
      <input size="219">1
1
100
1 2 3 4 5 6 7 8 9 10 1 2 3 4 5 6 7 8 9 10 1 2 3 4 5 6 7 8 9 10 1 2 3 4 5 6 7 8 9 10 1 2 3 4 5 6 7 8 9 10 1 2 3 4 5 6 7 8 9 10 1 2 3 4 5 6 7 8 9 10 1 2 3 4 5 6 7 8 9 10 1 2 3 4 5 6 7 8 9 10 1 2 3 4 5 6 7 8 9 10 
</input>
      <output size="0"></output>
      <correct size="3">1 
</correct>
      <stderr size="0"></stderr>
      <checker size="63">wrong answer Participant has better answer, given - 0, our - 1
</checker>
    </test>
  </tests>
</testing-report>
