Content-type: text/xml

<?xml version="1.0" encoding="utf-8"?>
<testing-report run-id="118" judge-id="46" status="WA" scoring="ACM" run-tests="2" contest-id="3104" real-time-available="yes" max-memory-used-available="yes" correct-available="yes" failed-test="2" time-limit-ms="2000" real-time-limit-ms="5000" marked-flag="no" >
  <uuid>705d4233-ea5f-4288-aedd-bd298ca03654</uuid>
  <host>localhost.localdomain</host>
  <cpu-model>Intel(R) Pentium(R) CPU 3550M @ 2.30GHz</cpu-model>
  <cpu-mhz>2294.738</cpu-mhz>
  <compiler_output></compiler_output>
  <tests>
    <test num="1" status="OK" time="73" real-time="82" max-memory-used="30339072"  checker-comment="OK" >
  <program-stats-str>{ utime=58, stime=15, ptime=73, rtime=82, maxvsz=30339072, maxrss=27054080, nvcsw=1, nivcsw=16 }</program-stats-str>
  <checker-stats-str>{ utime=0, stime=0, ptime=0, rtime=1, maxvsz=307200, maxrss=2289664, nvcsw=1, nivcsw=1 }</checker-stats-str>
      <input size="2">4
</input>
      <output size="2">7
</output>
      <correct size="2">7
</correct>
      <stderr size="61">Warning: cannot find your CPU L2 cache size in /proc/cpuinfo
</stderr>
      <checker size="3">OK
</checker>
    </test>
    <test num="2" status="WA" time="75" real-time="84" max-memory-used="30339072"  checker-comment="Answers do not match: output: 17, correct: 13" >
  <program-stats-str>{ utime=38, stime=37, ptime=75, rtime=84, maxvsz=30339072, maxrss=27197440, nvcsw=1, nivcsw=14 }</program-stats-str>
  <checker-stats-str>{ utime=0, stime=0, ptime=0, rtime=1, maxvsz=307200, maxrss=2289664, nvcsw=1, nivcsw=1 }</checker-stats-str>
      <input size="2">5
</input>
      <output size="3">17
</output>
      <correct size="3">13
</correct>
      <stderr size="61">Warning: cannot find your CPU L2 cache size in /proc/cpuinfo
</stderr>
      <checker size="46">Answers do not match: output: 17, correct: 13
</checker>
    </test>
  </tests>
</testing-report>
