Content-type: text/xml

<?xml version="1.0" encoding="utf-8"?>
<testing-report run-id="126" judge-id="54" status="OK" scoring="ACM" run-tests="14" contest-id="3104" real-time-available="yes" max-memory-used-available="yes" correct-available="yes" time-limit-ms="2000" real-time-limit-ms="5000" marked-flag="no" >
  <uuid>210df990-c345-44c0-8406-15f9d10cb841</uuid>
  <host>localhost.localdomain</host>
  <cpu-model>Intel(R) Pentium(R) CPU 3550M @ 2.30GHz</cpu-model>
  <cpu-mhz>2294.738</cpu-mhz>
  <compiler_output>Free Pascal Compiler version 2.6.4 [2015/06/17] for i386
Copyright (c) 1993-2014 by Florian Klaempfl and others
Target OS: Linux for i386
Compiling 000126.pas
Linking 000126




/usr/bin/ld: warning: link.res contains output sections; did you forget -T?
19 lines compiled, 0.0 sec 
</compiler_output>
  <tests>
    <test num="1" status="OK" time="0" real-time="1" max-memory-used="294912"  checker-comment="OK" >
  <program-stats-str>{ utime=0, stime=0, ptime=0, rtime=1, maxvsz=294912, maxrss=2289664, nvcsw=1, nivcsw=1 }</program-stats-str>
  <checker-stats-str>{ utime=0, stime=0, ptime=0, rtime=1, maxvsz=307200, maxrss=2289664, nvcsw=1, nivcsw=1 }</checker-stats-str>
      <input size="12">5
2 1 3 2 1
</input>
      <output size="2">4
</output>
      <correct size="2">4
</correct>
      <stderr size="0"></stderr>
      <checker size="3">OK
</checker>
    </test>
    <test num="2" status="OK" time="0" real-time="1" max-memory-used="294912"  checker-comment="OK" >
  <program-stats-str>{ utime=0, stime=0, ptime=0, rtime=1, maxvsz=294912, maxrss=2289664, nvcsw=1, nivcsw=1 }</program-stats-str>
  <checker-stats-str>{ utime=0, stime=0, ptime=0, rtime=1, maxvsz=307200, maxrss=2289664, nvcsw=1, nivcsw=1 }</checker-stats-str>
      <input size="23">10
2 4 3 5 4 2 1 3 2 1
</input>
      <output size="3">13
</output>
      <correct size="3">13
</correct>
      <stderr size="0"></stderr>
      <checker size="3">OK
</checker>
    </test>
    <test num="3" status="OK" time="0" real-time="1" max-memory-used="294912"  checker-comment="OK" >
  <program-stats-str>{ utime=0, stime=0, ptime=0, rtime=1, maxvsz=294912, maxrss=2289664, nvcsw=1, nivcsw=1 }</program-stats-str>
  <checker-stats-str>{ utime=1, stime=0, ptime=1, rtime=2, maxvsz=307200, maxrss=2289664, nvcsw=1, nivcsw=1 }</checker-stats-str>
      <input size="43">20
1 1 2 1 1 2 1 1 2 1 1 2 1 1 2 1 1 2 1 1
</input>
      <output size="3">13
</output>
      <correct size="3">13
</correct>
      <stderr size="0"></stderr>
      <checker size="3">OK
</checker>
    </test>
    <test num="4" status="OK" time="0" real-time="1" max-memory-used="294912"  checker-comment="OK" >
  <program-stats-str>{ utime=0, stime=0, ptime=0, rtime=1, maxvsz=294912, maxrss=2289664, nvcsw=1, nivcsw=1 }</program-stats-str>
  <checker-stats-str>{ utime=0, stime=0, ptime=0, rtime=1, maxvsz=307200, maxrss=2289664, nvcsw=1, nivcsw=1 }</checker-stats-str>
      <input size="64">30
5 5 5 5 5 5 5 5 5 5 5 5 5 5 5 5 5 5 5 5 5 5 5 5 5 5 5 5 5 5 
</input>
      <output size="3">75
</output>
      <correct size="3">75
</correct>
      <stderr size="0"></stderr>
      <checker size="3">OK
</checker>
    </test>
    <test num="5" status="OK" time="0" real-time="1" max-memory-used="294912"  checker-comment="OK" >
  <program-stats-str>{ utime=0, stime=0, ptime=0, rtime=1, maxvsz=294912, maxrss=2289664, nvcsw=1, nivcsw=1 }</program-stats-str>
  <checker-stats-str>{ utime=0, stime=0, ptime=0, rtime=5, maxvsz=307200, maxrss=2289664, nvcsw=1, nivcsw=2 }</checker-stats-str>
      <input size="396">100
100 100 100 100 100 100 100 100 5 100 100 100 100 100 100 100 100 100 100 100 100 100 100 4 100 100 100 100 100 100 100 100 100 100 100 100 100 100 3 100 100 100 100 100 100 100 100 100 100 100 100 100 100 100 2 100 100 100 100 100 100 100 100 100 100 100 100 100 100 100 100 100 100 100 100 100 100 100 100 100 100 100 100 100 100 100 100 100 100 100 100 100 100 100 100 100 100 100 100 100
</input>
      <output size="5">4809
</output>
      <correct size="5">4809
</correct>
      <stderr size="0"></stderr>
      <checker size="3">OK
</checker>
    </test>
    <test num="6" status="OK" time="0" real-time="1" max-memory-used="294912"  checker-comment="OK" >
  <program-stats-str>{ utime=0, stime=0, ptime=0, rtime=1, maxvsz=294912, maxrss=2289664, nvcsw=1, nivcsw=1 }</program-stats-str>
  <checker-stats-str>{ utime=0, stime=0, ptime=0, rtime=1, maxvsz=307200, maxrss=2289664, nvcsw=1, nivcsw=1 }</checker-stats-str>
      <input size="4">1
1
</input>
      <output size="2">1
</output>
      <correct size="2">1
</correct>
      <stderr size="0"></stderr>
      <checker size="3">OK
</checker>
    </test>
    <test num="7" status="OK" time="0" real-time="1" max-memory-used="294912"  checker-comment="OK" >
  <program-stats-str>{ utime=0, stime=0, ptime=0, rtime=1, maxvsz=294912, maxrss=2289664, nvcsw=1, nivcsw=1 }</program-stats-str>
  <checker-stats-str>{ utime=0, stime=0, ptime=0, rtime=1, maxvsz=307200, maxrss=2289664, nvcsw=1, nivcsw=1 }</checker-stats-str>
      <input size="6">1
100
</input>
      <output size="4">100
</output>
      <correct size="4">100
</correct>
      <stderr size="0"></stderr>
      <checker size="3">OK
</checker>
    </test>
    <test num="8" status="OK" time="0" real-time="1" max-memory-used="294912"  checker-comment="OK" >
  <program-stats-str>{ utime=0, stime=0, ptime=0, rtime=1, maxvsz=294912, maxrss=2289664, nvcsw=1, nivcsw=1 }</program-stats-str>
  <checker-stats-str>{ utime=0, stime=0, ptime=0, rtime=1, maxvsz=307200, maxrss=2289664, nvcsw=1, nivcsw=1 }</checker-stats-str>
      <input size="6">2
1 2
</input>
      <output size="2">2
</output>
      <correct size="2">2
</correct>
      <stderr size="0"></stderr>
      <checker size="3">OK
</checker>
    </test>
    <test num="9" status="OK" time="0" real-time="1" max-memory-used="294912"  checker-comment="OK" >
  <program-stats-str>{ utime=0, stime=0, ptime=0, rtime=1, maxvsz=294912, maxrss=2289664, nvcsw=1, nivcsw=1 }</program-stats-str>
  <checker-stats-str>{ utime=0, stime=0, ptime=0, rtime=1, maxvsz=307200, maxrss=2289664, nvcsw=1, nivcsw=1 }</checker-stats-str>
      <input size="6">2
2 1
</input>
      <output size="2">1
</output>
      <correct size="2">1
</correct>
      <stderr size="0"></stderr>
      <checker size="3">OK
</checker>
    </test>
    <test num="10" status="OK" time="0" real-time="1" max-memory-used="294912"  checker-comment="OK" >
  <program-stats-str>{ utime=0, stime=0, ptime=0, rtime=1, maxvsz=294912, maxrss=2289664, nvcsw=1, nivcsw=1 }</program-stats-str>
  <checker-stats-str>{ utime=0, stime=0, ptime=0, rtime=1, maxvsz=307200, maxrss=2289664, nvcsw=1, nivcsw=1 }</checker-stats-str>
      <input size="6">2
2 2
</input>
      <output size="2">2
</output>
      <correct size="2">2
</correct>
      <stderr size="0"></stderr>
      <checker size="3">OK
</checker>
    </test>
    <test num="11" status="OK" time="0" real-time="1" max-memory-used="294912"  checker-comment="OK" >
  <program-stats-str>{ utime=0, stime=0, ptime=0, rtime=1, maxvsz=294912, maxrss=2289664, nvcsw=1, nivcsw=1 }</program-stats-str>
  <checker-stats-str>{ utime=0, stime=0, ptime=0, rtime=1, maxvsz=307200, maxrss=2289664, nvcsw=1, nivcsw=1 }</checker-stats-str>
      <input size="8">3
1 3 2
</input>
      <output size="2">3
</output>
      <correct size="2">3
</correct>
      <stderr size="0"></stderr>
      <checker size="3">OK
</checker>
    </test>
    <test num="12" status="OK" time="0" real-time="1" max-memory-used="294912"  checker-comment="OK" >
  <program-stats-str>{ utime=0, stime=0, ptime=0, rtime=1, maxvsz=294912, maxrss=2289664, nvcsw=1, nivcsw=1 }</program-stats-str>
  <checker-stats-str>{ utime=0, stime=0, ptime=0, rtime=1, maxvsz=307200, maxrss=2289664, nvcsw=1, nivcsw=1 }</checker-stats-str>
      <input size="8">3
1 3 1
</input>
      <output size="2">2
</output>
      <correct size="2">2
</correct>
      <stderr size="0"></stderr>
      <checker size="3">OK
</checker>
    </test>
    <test num="13" status="OK" time="0" real-time="1" max-memory-used="294912"  checker-comment="OK" >
  <program-stats-str>{ utime=0, stime=0, ptime=0, rtime=1, maxvsz=294912, maxrss=2289664, nvcsw=1, nivcsw=1 }</program-stats-str>
  <checker-stats-str>{ utime=0, stime=0, ptime=0, rtime=2, maxvsz=307200, maxrss=2289664, nvcsw=1, nivcsw=1 }</checker-stats-str>
      <input size="8">3
3 1 1
</input>
      <output size="2">2
</output>
      <correct size="2">2
</correct>
      <stderr size="0"></stderr>
      <checker size="3">OK
</checker>
    </test>
    <test num="14" status="OK" time="0" real-time="1" max-memory-used="294912"  checker-comment="OK" >
  <program-stats-str>{ utime=0, stime=0, ptime=0, rtime=1, maxvsz=294912, maxrss=2289664, nvcsw=1, nivcsw=1 }</program-stats-str>
  <checker-stats-str>{ utime=0, stime=0, ptime=0, rtime=1, maxvsz=307200, maxrss=2289664, nvcsw=1, nivcsw=1 }</checker-stats-str>
      <input size="49">17
3 5 4 56 74 35 46 12 23 34 18 47 36 25 15 1 2
</input>
      <output size="4">202
</output>
      <correct size="4">202
</correct>
      <stderr size="0"></stderr>
      <checker size="3">OK
</checker>
    </test>
  </tests>
</testing-report>
