Content-type: text/xml

<?xml version="1.0" encoding="utf-8"?>
<testing-report run-id="201" judge-id="41" status="PE" scoring="ACM" run-tests="1" contest-id="3104" real-time-available="yes" max-memory-used-available="yes" correct-available="yes" failed-test="1" time-limit-ms="2000" real-time-limit-ms="5000" marked-flag="no" >
  <uuid>6cc658b7-26a4-4883-abaf-22d9e58cc0e5</uuid>
  <host>localhost.localdomain</host>
  <cpu-model>Intel(R) Pentium(R) CPU 3550M @ 2.30GHz</cpu-model>
  <cpu-mhz>2294.738</cpu-mhz>
  <compiler_output></compiler_output>
  <tests>
    <test num="1" status="PE" time="1" real-time="2" max-memory-used="311296"  checker-comment="user program output: garbage where EOF expected" >
  <program-stats-str>{ utime=1, stime=0, ptime=1, rtime=2, maxvsz=311296, maxrss=2899968, nvcsw=1, nivcsw=2 }</program-stats-str>
  <checker-stats-str>{ utime=0, stime=0, ptime=0, rtime=2, maxvsz=307200, maxrss=2899968, nvcsw=1, nivcsw=1 }</checker-stats-str>
      <input size="62">5 5
1 1 1 1 1
3 100 100 100 100
1 1 1 1 1
2 2 2 2 1
1 1 1 1 1
</input>
      <output size="20">407
D R R R R D D D </output>
      <correct size="3">11
</correct>
      <stderr size="0"></stderr>
      <checker size="48">user program output: garbage where EOF expected
</checker>
    </test>
  </tests>
</testing-report>
