Content-type: text/xml

<?xml version="1.0" encoding="utf-8"?>
<testing-report run-id="22" judge-id="23" status="WA" scoring="ACM" run-tests="2" contest-id="3003" real-time-available="yes" max-memory-used-available="yes" correct-available="yes" failed-test="2" time-limit-ms="2000" real-time-limit-ms="5000" marked-flag="no" >
  <uuid>cc13f20a-756b-4964-929c-d389929fcbee</uuid>
  <host>localhost.localdomain</host>
  <cpu-model>Intel(R) Pentium(R) CPU 3550M @ 2.30GHz</cpu-model>
  <cpu-mhz>2294.738</cpu-mhz>
  <compiler_output>Done processing 000022.cpp

</compiler_output>
  <tests>
    <test num="1" status="OK" time="1" real-time="2" max-memory-used="315392"  checker-comment="OK" >
  <program-stats-str>{ utime=0, stime=1, ptime=1, rtime=2, maxvsz=315392, maxrss=2908160, nvcsw=1, nivcsw=1 }</program-stats-str>
  <checker-stats-str>{ utime=0, stime=0, ptime=0, rtime=1, maxvsz=307200, maxrss=2678784, nvcsw=1, nivcsw=1 }</checker-stats-str>
      <input size="48">3 3
1 2 10 3000220
2 3 20 3000201
1 3 1 3000099
</input>
      <output size="1">2</output>
      <correct size="2">2
</correct>
      <stderr size="0"></stderr>
      <checker size="3">OK
</checker>
    </test>
    <test num="2" status="WA" time="1" real-time="2" max-memory-used="315392"  checker-comment="Answers do not match: output: 0, correct: 10000000" >
  <program-stats-str>{ utime=0, stime=1, ptime=1, rtime=2, maxvsz=315392, maxrss=2785280, nvcsw=1, nivcsw=1 }</program-stats-str>
  <checker-stats-str>{ utime=0, stime=0, ptime=0, rtime=1, maxvsz=307200, maxrss=2678784, nvcsw=1, nivcsw=1 }</checker-stats-str>
      <input size="4">1 0
</input>
      <output size="1">0</output>
      <correct size="9">10000000
</correct>
      <stderr size="0"></stderr>
      <checker size="51">Answers do not match: output: 0, correct: 10000000
</checker>
    </test>
  </tests>
</testing-report>
