Content-type: text/xml

<?xml version="1.0" encoding="utf-8"?>
<testing-report run-id="20" judge-id="15" status="SV" scoring="ACM" run-tests="0" contest-id="3002" compile-error="yes" >
  <uuid>98981e24-1497-462e-995a-b4e4e7abb563</uuid>
  <compiler_output>000020.cpp:18:  Tab found; better to use spaces  [whitespace/tab] [1]
000020.cpp:19:  Tab found; better to use spaces  [whitespace/tab] [1]
000020.cpp:20:  Tab found; better to use spaces  [whitespace/tab] [1]
000020.cpp:21:  Tab found; better to use spaces  [whitespace/tab] [1]
000020.cpp:22:  Tab found; better to use spaces  [whitespace/tab] [1]
000020.cpp:23:  Tab found; better to use spaces  [whitespace/tab] [1]
000020.cpp:24:  Tab found; better to use spaces  [whitespace/tab] [1]
000020.cpp:25:  Tab found; better to use spaces  [whitespace/tab] [1]
000020.cpp:26:  Tab found; better to use spaces  [whitespace/tab] [1]
000020.cpp:27:  Tab found; better to use spaces  [whitespace/tab] [1]
000020.cpp:31:  Tab found; better to use spaces  [whitespace/tab] [1]
000020.cpp:32:  Tab found; better to use spaces  [whitespace/tab] [1]
000020.cpp:32:  Missing space after ,  [whitespace/comma] [3]
000020.cpp:33:  Tab found; better to use spaces  [whitespace/tab] [1]
000020.cpp:34:  Tab found; better to use spaces  [whitespace/tab] [1]
000020.cpp:35:  Tab found; better to use spaces  [whitespace/tab] [1]
000020.cpp:36:  Tab found; better to use spaces  [whitespace/tab] [1]
000020.cpp:37:  Tab found; better to use spaces  [whitespace/tab] [1]
000020.cpp:38:  Tab found; better to use spaces  [whitespace/tab] [1]
000020.cpp:39:  Tab found; better to use spaces  [whitespace/tab] [1]
000020.cpp:40:  Tab found; better to use spaces  [whitespace/tab] [1]
000020.cpp:41:  Tab found; better to use spaces  [whitespace/tab] [1]
000020.cpp:42:  Tab found; better to use spaces  [whitespace/tab] [1]
000020.cpp:42:  Line ends in whitespace.  Consider deleting these extra spaces.  [whitespace/end_of_line] [4]
000020.cpp:43:  Tab found; better to use spaces  [whitespace/tab] [1]
000020.cpp:44:  Tab found; better to use spaces  [whitespace/tab] [1]
000020.cpp:45:  Tab found; better to use spaces  [whitespace/tab] [1]
000020.cpp:46:  Tab found; better to use spaces  [whitespace/tab] [1]
000020.cpp:47:  Tab found; better to use spaces  [whitespace/tab] [1]
000020.cpp:48:  Tab found; better to use spaces  [whitespace/tab] [1]
000020.cpp:49:  Tab found; better to use spaces  [whitespace/tab] [1]
000020.cpp:50:  Tab found; better to use spaces  [whitespace/tab] [1]
000020.cpp:51:  Tab found; better to use spaces  [whitespace/tab] [1]
000020.cpp:52:  Tab found; better to use spaces  [whitespace/tab] [1]
000020.cpp:53:  Tab found; better to use spaces  [whitespace/tab] [1]
000020.cpp:54:  Tab found; better to use spaces  [whitespace/tab] [1]
000020.cpp:55:  Tab found; better to use spaces  [whitespace/tab] [1]
000020.cpp:55:  Lines should be &lt;= 100 characters long  [whitespace/line_length] [2]
000020.cpp:56:  Tab found; better to use spaces  [whitespace/tab] [1]
000020.cpp:56:  Line ends in whitespace.  Consider deleting these extra spaces.  [whitespace/end_of_line] [4]
000020.cpp:57:  Tab found; better to use spaces  [whitespace/tab] [1]
000020.cpp:58:  Tab found; better to use spaces  [whitespace/tab] [1]
000020.cpp:59:  Tab found; better to use spaces  [whitespace/tab] [1]
000020.cpp:60:  Tab found; better to use spaces  [whitespace/tab] [1]
000020.cpp:61:  Tab found; better to use spaces  [whitespace/tab] [1]
000020.cpp:62:  Tab found; better to use spaces  [whitespace/tab] [1]
000020.cpp:63:  Tab found; better to use spaces  [whitespace/tab] [1]
000020.cpp:64:  Tab found; better to use spaces  [whitespace/tab] [1]
000020.cpp:65:  Tab found; better to use spaces  [whitespace/tab] [1]
000020.cpp:66:  Tab found; better to use spaces  [whitespace/tab] [1]
000020.cpp:67:  Tab found; better to use spaces  [whitespace/tab] [1]
000020.cpp:68:  Tab found; better to use spaces  [whitespace/tab] [1]
000020.cpp:69:  Tab found; better to use spaces  [whitespace/tab] [1]
000020.cpp:70:  Tab found; better to use spaces  [whitespace/tab] [1]
000020.cpp:71:  Tab found; better to use spaces  [whitespace/tab] [1]
000020.cpp:72:  Tab found; better to use spaces  [whitespace/tab] [1]
000020.cpp:73:  Tab found; better to use spaces  [whitespace/tab] [1]
Done processing 000020.cpp
Total errors found: 57


Style checker detected errors
</compiler_output>
</testing-report>
