Content-type: text/xml

<?xml version="1.0" encoding="utf-8"?>
<testing-report run-id="48" judge-id="2" status="WA" scoring="ACM" run-tests="20" contest-id="3002" real-time-available="yes" max-memory-used-available="yes" correct-available="yes" failed-test="20" time-limit-ms="2000" real-time-limit-ms="5000" marked-flag="no" >
  <uuid>d3bd9e46-a813-494e-9748-282f57bcbf29</uuid>
  <host>localhost.localdomain</host>
  <cpu-model>Intel(R) Pentium(R) CPU 3550M @ 2.30GHz</cpu-model>
  <cpu-mhz>2294.738</cpu-mhz>
  <compiler_output>Done processing 000048.cpp
000048.cpp: In function 'long long int dfsts(long long int)':
000048.cpp:21:1: warning: no return statement in function returning non-void [-Wreturn-type]
 }
 ^

</compiler_output>
  <tests>
    <test num="1" status="OK" time="3" real-time="4" max-memory-used="5910528"  checker-comment="ok" >
  <program-stats-str>{ utime=0, stime=3, ptime=3, rtime=4, maxvsz=5910528, maxrss=5201920, nvcsw=1, nivcsw=1 }</program-stats-str>
  <checker-stats-str>{ utime=0, stime=1, ptime=1, rtime=2, maxvsz=17285120, maxrss=2920448, nvcsw=1, nivcsw=1 }</checker-stats-str>
      <input size="31">3
1 10 3 4
3 5 3 4
10 11 10 1

</input>
      <output size="6">3 2 1 </output>
      <correct size="7">3 2 1 
</correct>
      <stderr size="0"></stderr>
      <checker size="4">ok 
</checker>
    </test>
    <test num="2" status="OK" time="3" real-time="5" max-memory-used="5910528"  checker-comment="ok" >
  <program-stats-str>{ utime=2, stime=1, ptime=3, rtime=5, maxvsz=5910528, maxrss=5201920, nvcsw=1, nivcsw=2 }</program-stats-str>
  <checker-stats-str>{ utime=0, stime=1, ptime=1, rtime=2, maxvsz=17285120, maxrss=2920448, nvcsw=1, nivcsw=1 }</checker-stats-str>
      <input size="90">8
33 124 12 2
125 135 1 2
21 24 13 3
13 22 1 2
1 10 1 2
25 124 1 1
133 137 20 1
9 12 16 1
</input>
      <output size="16">2 7 6 1 3 4 8 5 </output>
      <correct size="17">8 6 5 3 4 2 7 1 
</correct>
      <stderr size="0"></stderr>
      <checker size="4">ok 
</checker>
    </test>
    <test num="3" status="OK" time="4" real-time="5" max-memory-used="5910528"  checker-comment="ok" >
  <program-stats-str>{ utime=3, stime=1, ptime=4, rtime=5, maxvsz=5910528, maxrss=5197824, nvcsw=1, nivcsw=2 }</program-stats-str>
  <checker-stats-str>{ utime=2, stime=0, ptime=2, rtime=4, maxvsz=17285120, maxrss=3039232, nvcsw=1, nivcsw=1 }</checker-stats-str>
      <input size="89">8
9 10 1 100
21 22 1 100
25 34 1 2
35 44 1 10
39 40 40 1
13 24 1 100
1 12 93 1
26 27 5 1
</input>
      <output size="16">3 8 5 4 2 6 1 7 </output>
      <correct size="17">5 4 3 8 2 6 1 7 
</correct>
      <stderr size="0"></stderr>
      <checker size="4">ok 
</checker>
    </test>
    <test num="4" status="OK" time="4" real-time="5" max-memory-used="5910528"  checker-comment="ok" >
  <program-stats-str>{ utime=0, stime=4, ptime=4, rtime=5, maxvsz=5910528, maxrss=5197824, nvcsw=1, nivcsw=2 }</program-stats-str>
  <checker-stats-str>{ utime=0, stime=1, ptime=1, rtime=2, maxvsz=17285120, maxrss=3035136, nvcsw=1, nivcsw=1 }</checker-stats-str>
      <input size="84">8
9 12 16 1
21 24 13 3
35 44 1 10
13 22 1 2
1 10 1 2
39 40 1 1
25 34 7 1
29 30 1 10
</input>
      <output size="16">6 3 8 7 2 4 1 5 </output>
      <correct size="17">8 7 6 3 2 4 1 5 
</correct>
      <stderr size="0"></stderr>
      <checker size="4">ok 
</checker>
    </test>
    <test num="5" status="OK" time="4" real-time="6" max-memory-used="5910528"  checker-comment="ok" >
  <program-stats-str>{ utime=3, stime=1, ptime=4, rtime=6, maxvsz=5910528, maxrss=5316608, nvcsw=1, nivcsw=3 }</program-stats-str>
  <checker-stats-str>{ utime=1, stime=1, ptime=2, rtime=3, maxvsz=17285120, maxrss=3088384, nvcsw=1, nivcsw=2 }</checker-stats-str>
      <input size="75">9
1 2 1 1
2 3 1 1
3 4 1 1
4 5 1 1
5 6 1 1
6 7 1 1
7 8 1 1
8 9 1 1
9 10 1 1
</input>
      <output size="18">9 8 7 6 5 4 3 2 1 </output>
      <correct size="19">9 8 7 6 5 4 3 2 1 
</correct>
      <stderr size="0"></stderr>
      <checker size="4">ok 
</checker>
    </test>
    <test num="6" status="OK" time="5" real-time="7" max-memory-used="5910528"  checker-comment="ok" >
  <program-stats-str>{ utime=1, stime=4, ptime=5, rtime=7, maxvsz=5910528, maxrss=5500928, nvcsw=1, nivcsw=4 }</program-stats-str>
  <checker-stats-str>{ utime=2, stime=1, ptime=3, rtime=4, maxvsz=17285120, maxrss=3256320, nvcsw=1, nivcsw=2 }</checker-stats-str>
      <input size="75">9
3 4 1 1
4 5 1 1
1 2 1 1
2 3 1 1
5 6 1 1
6 7 1 1
7 8 1 1
8 9 1 1
9 10 1 1
</input>
      <output size="18">9 8 7 6 5 2 1 4 3 </output>
      <correct size="19">9 8 7 6 5 2 1 4 3 
</correct>
      <stderr size="0"></stderr>
      <checker size="4">ok 
</checker>
    </test>
    <test num="7" status="OK" time="4" real-time="5" max-memory-used="5910528"  checker-comment="ok" >
  <program-stats-str>{ utime=1, stime=3, ptime=4, rtime=5, maxvsz=5910528, maxrss=5206016, nvcsw=1, nivcsw=3 }</program-stats-str>
  <checker-stats-str>{ utime=1, stime=1, ptime=2, rtime=4, maxvsz=17285120, maxrss=3055616, nvcsw=1, nivcsw=2 }</checker-stats-str>
      <input size="101">9
3 18 3 498
2 19 2 499
9 12 9 492
8 13 8 493
7 14 7 494
6 15 6 495
5 16 5 496
4 17 4 497
1 20 1 500
</input>
      <output size="18">3 4 5 6 7 8 1 2 9 </output>
      <correct size="19">3 4 5 6 7 8 1 2 9 
</correct>
      <stderr size="0"></stderr>
      <checker size="4">ok 
</checker>
    </test>
    <test num="8" status="OK" time="4" real-time="5" max-memory-used="5910528"  checker-comment="ok" >
  <program-stats-str>{ utime=0, stime=4, ptime=4, rtime=5, maxvsz=5910528, maxrss=5267456, nvcsw=1, nivcsw=2 }</program-stats-str>
  <checker-stats-str>{ utime=0, stime=2, ptime=2, rtime=3, maxvsz=17285120, maxrss=3059712, nvcsw=1, nivcsw=2 }</checker-stats-str>
      <input size="101">9
6 15 6 495
8 13 8 493
7 14 7 494
4 17 4 497
3 18 3 498
9 12 9 492
5 16 5 496
2 19 2 499
1 20 1 500
</input>
      <output size="18">6 2 3 1 7 4 5 8 9 </output>
      <correct size="19">6 2 3 1 7 4 5 8 9 
</correct>
      <stderr size="0"></stderr>
      <checker size="4">ok 
</checker>
    </test>
    <test num="9" status="OK" time="3" real-time="5" max-memory-used="5910528"  checker-comment="ok" >
  <program-stats-str>{ utime=0, stime=3, ptime=3, rtime=5, maxvsz=5910528, maxrss=5206016, nvcsw=1, nivcsw=1 }</program-stats-str>
  <checker-stats-str>{ utime=2, stime=0, ptime=2, rtime=4, maxvsz=17285120, maxrss=3235840, nvcsw=1, nivcsw=2 }</checker-stats-str>
      <input size="87">9
1 5 1 20
2 6 2 19
3 7 3 18
4 8 4 17
5 9 5 16
6 10 6 15
7 11 7 14
8 12 8 13
9 13 9 12
</input>
      <output size="18">9 8 7 6 5 4 3 2 1 </output>
      <correct size="19">9 8 7 6 5 4 3 2 1 
</correct>
      <stderr size="0"></stderr>
      <checker size="4">ok 
</checker>
    </test>
    <test num="10" status="OK" time="3" real-time="5" max-memory-used="5910528"  checker-comment="ok" >
  <program-stats-str>{ utime=0, stime=3, ptime=3, rtime=5, maxvsz=5910528, maxrss=5255168, nvcsw=1, nivcsw=1 }</program-stats-str>
  <checker-stats-str>{ utime=1, stime=1, ptime=2, rtime=4, maxvsz=17285120, maxrss=3047424, nvcsw=1, nivcsw=2 }</checker-stats-str>
      <input size="87">9
9 13 9 12
8 12 8 13
7 11 7 14
6 10 6 15
5 9 5 16
4 8 4 17
3 7 3 18
2 6 2 19
1 5 1 20
</input>
      <output size="18">1 2 3 4 5 6 7 8 9 </output>
      <correct size="19">1 2 3 4 5 6 7 8 9 
</correct>
      <stderr size="0"></stderr>
      <checker size="4">ok 
</checker>
    </test>
    <test num="11" status="OK" time="3" real-time="5" max-memory-used="5910528"  checker-comment="ok" >
  <program-stats-str>{ utime=0, stime=3, ptime=3, rtime=5, maxvsz=5910528, maxrss=5484544, nvcsw=1, nivcsw=1 }</program-stats-str>
  <checker-stats-str>{ utime=1, stime=0, ptime=1, rtime=3, maxvsz=17285120, maxrss=2920448, nvcsw=1, nivcsw=2 }</checker-stats-str>
      <input size="85">9
1 2 3 1
13 14 15 1
3 4 5 1
11 12 13 1
5 6 7 1
9 10 11 1
1 16 1 1
9 16 10 1
1 8 2 1
</input>
      <output size="18">7 9 8 6 5 4 3 2 1 </output>
      <correct size="19">7 9 8 6 5 4 3 2 1 
</correct>
      <stderr size="0"></stderr>
      <checker size="4">ok 
</checker>
    </test>
    <test num="12" status="OK" time="3" real-time="5" max-memory-used="5910528"  checker-comment="ok" >
  <program-stats-str>{ utime=0, stime=3, ptime=3, rtime=5, maxvsz=5910528, maxrss=5320704, nvcsw=1, nivcsw=1 }</program-stats-str>
  <checker-stats-str>{ utime=0, stime=1, ptime=1, rtime=3, maxvsz=17285120, maxrss=3092480, nvcsw=1, nivcsw=1 }</checker-stats-str>
      <input size="104">9
1 101 5 1
1 101 1 1
1 101 3 1
201 301 1 3
101 201 4 2
201 301 3 3
101 201 2 2
101 201 6 2
201 301 5 3
</input>
      <output size="18">4 6 9 7 5 8 2 3 1 </output>
      <correct size="19">4 6 9 7 5 8 2 3 1 
</correct>
      <stderr size="0"></stderr>
      <checker size="4">ok 
</checker>
    </test>
    <test num="13" status="OK" time="4" real-time="5" max-memory-used="5910528"  checker-comment="ok" >
  <program-stats-str>{ utime=0, stime=4, ptime=4, rtime=5, maxvsz=5910528, maxrss=5271552, nvcsw=1, nivcsw=1 }</program-stats-str>
  <checker-stats-str>{ utime=0, stime=2, ptime=2, rtime=3, maxvsz=17285120, maxrss=3235840, nvcsw=1, nivcsw=2 }</checker-stats-str>
      <input size="1274">99
1 88 13 5012
1 99 2 5001
1 91 10 5009
1 2 99 5098
1 4 97 5096
1 73 28 5027
1 42 59 5058
1 18 83 5082
1 14 87 5086
1 10 91 5090
1 82 19 5018
1 38 63 5062
1 68 33 5032
1 60 41 5040
1 29 72 5071
1 49 52 5051
1 9 92 5091
1 59 42 5041
1 6 95 5094
1 83 18 5017
1 92 9 5008
1 53 48 5047
1 36 65 5064
1 34 67 5066
1 35 66 5065
1 93 8 5007
1 94 7 5006
1 24 77 5076
1 95 6 5005
1 96 5 5004
1 23 78 5077
1 19 82 5081
1 46 55 5054
1 65 36 5035
1 44 57 5056
1 61 40 5039
1 75 26 5025
1 97 4 5003
1 13 88 5087
1 84 17 5016
1 39 62 5061
1 32 69 5068
1 86 15 5014
1 87 14 5013
1 76 25 5024
1 45 56 5055
1 3 98 5097
1 81 20 5019
1 80 21 5020
1 41 60 5059
1 25 76 5075
1 67 34 5033
1 79 22 5021
1 72 29 5028
1 22 79 5078
1 85 16 5015
1 50 51 5050
1 66 35 5034
1 64 37 5036
1 56 45 5044
1 17 84 5083
1 62 39 5038
1 54 47 5046
1 40 61 5060
1 16 85 5084
1 5 96 5095
1 43 58 5057
1 78 23 5022
1 63 38 5037
1 77 24 5023
1 30 71 5070
1 11 90 5089
1 69 32 5031
1 21 80 5079
1 27 74 5073
1 8 93 5092
1 89 12 5011
1 98 3 5002
1 12 89 5088
1 58 43 5042
1 70 31 5030
1 48 53 5052
1 28 73 5072
1 47 54 5053
1 33 68 5067
1 71 30 5029
1 15 86 5085
1 57 44 5043
1 26 75 5074
1 31 70 5069
1 55 46 5045
1 74 27 5026
1 7 94 5093
1 90 11 5010
1 52 49 5048
1 20 81 5080
1 100 1 5000
1 37 64 5063
1 51 50 5049
</input>
      <output size="288">97 2 78 38 30 29 27 26 21 3 94 77 1 44 43 56 40 20 11 48 49 53 68 70 45 37 92 6 54 86 81 73 13 52 58 34 59 69 62 36 14 18 80 88 60 91 63 22 95 99 57 16 82 84 33 46 35 67 7 50 64 41 12 98 23 25 24 85 42 90 71 15 83 75 89 51 28 31 55 74 96 32 8 61 65 87 9 39 79 72 10 17 76 93 19 66 5 47 4 </output>
      <correct size="289">97 2 78 38 30 29 27 26 21 3 94 77 1 44 43 56 40 20 11 48 49 53 68 70 45 37 92 6 54 86 81 73 13 52 58 34 59 69 62 36 14 18 80 88 60 91 63 22 95 99 57 16 82 84 33 46 35 67 7 50 64 41 12 98 23 25 24 85 42 90 71 15 83 75 89 51 28 31 55 74 96 32 8 61 65 87 9 39 79 72 10 17 76 93 19 66 5 47 4 
</correct>
      <stderr size="0"></stderr>
      <checker size="4">ok 
</checker>
    </test>
    <test num="14" status="OK" time="4" real-time="5" max-memory-used="5910528"  checker-comment="ok" >
  <program-stats-str>{ utime=0, stime=4, ptime=4, rtime=5, maxvsz=5910528, maxrss=5570560, nvcsw=1, nivcsw=1 }</program-stats-str>
  <checker-stats-str>{ utime=0, stime=1, ptime=1, rtime=2, maxvsz=17285120, maxrss=3096576, nvcsw=1, nivcsw=1 }</checker-stats-str>
      <input size="1380">99
13 100 1 4988
2 100 1 4999
10 100 1 4991
99 100 1 4902
97 100 1 4904
28 100 1 4973
59 100 1 4942
83 100 1 4918
87 100 1 4914
91 100 1 4910
19 100 1 4982
63 100 1 4938
33 100 1 4968
41 100 1 4960
72 100 1 4929
52 100 1 4949
92 100 1 4909
42 100 1 4959
95 100 1 4906
18 100 1 4983
9 100 1 4992
48 100 1 4953
65 100 1 4936
67 100 1 4934
66 100 1 4935
8 100 1 4993
7 100 1 4994
77 100 1 4924
6 100 1 4995
5 100 1 4996
78 100 1 4923
82 100 1 4919
55 100 1 4946
36 100 1 4965
57 100 1 4944
40 100 1 4961
26 100 1 4975
4 100 1 4997
88 100 1 4913
17 100 1 4984
62 100 1 4939
69 100 1 4932
15 100 1 4986
14 100 1 4987
25 100 1 4976
56 100 1 4945
98 100 1 4903
20 100 1 4981
21 100 1 4980
60 100 1 4941
76 100 1 4925
34 100 1 4967
22 100 1 4979
29 100 1 4972
79 100 1 4922
16 100 1 4985
51 100 1 4950
35 100 1 4966
37 100 1 4964
45 100 1 4956
84 100 1 4917
39 100 1 4962
47 100 1 4954
61 100 1 4940
85 100 1 4916
96 100 1 4905
58 100 1 4943
23 100 1 4978
38 100 1 4963
24 100 1 4977
71 100 1 4930
90 100 1 4911
32 100 1 4969
80 100 1 4921
74 100 1 4927
93 100 1 4908
12 100 1 4989
3 100 1 4998
89 100 1 4912
43 100 1 4958
31 100 1 4970
53 100 1 4948
73 100 1 4928
54 100 1 4947
68 100 1 4933
30 100 1 4971
86 100 1 4915
44 100 1 4957
75 100 1 4926
70 100 1 4931
46 100 1 4955
27 100 1 4974
94 100 1 4907
11 100 1 4990
49 100 1 4952
81 100 1 4920
1 100 1 5000
64 100 1 4937
50 100 1 4951
</input>
      <output size="288">4 47 5 66 19 93 76 17 10 72 79 39 9 87 65 61 8 32 96 74 55 31 28 51 89 75 83 15 71 90 42 85 24 25 23 98 12 41 64 50 7 67 35 46 33 84 82 16 57 99 95 22 63 91 60 88 80 18 14 36 62 69 59 34 58 52 13 73 81 86 54 6 92 37 45 70 68 53 49 48 11 20 40 56 43 44 1 77 94 3 21 26 27 29 30 38 78 2 97 </output>
      <correct size="289">4 47 5 66 19 93 76 17 10 72 79 39 9 87 65 61 8 32 96 74 55 31 28 51 89 75 83 15 71 90 42 85 24 25 23 98 12 41 64 50 7 67 35 46 33 84 82 16 57 99 95 22 63 91 60 88 80 18 14 36 62 69 59 34 58 52 13 73 81 86 54 6 92 37 45 70 68 53 49 48 11 20 40 56 43 44 1 77 94 3 21 26 27 29 30 38 78 2 97 
</correct>
      <stderr size="0"></stderr>
      <checker size="4">ok 
</checker>
    </test>
    <test num="15" status="OK" time="4" real-time="5" max-memory-used="5910528"  checker-comment="ok" >
  <program-stats-str>{ utime=0, stime=4, ptime=4, rtime=5, maxvsz=5910528, maxrss=5545984, nvcsw=1, nivcsw=1 }</program-stats-str>
  <checker-stats-str>{ utime=0, stime=1, ptime=1, rtime=2, maxvsz=17285120, maxrss=2998272, nvcsw=1, nivcsw=1 }</checker-stats-str>
      <input size="1380">99
1 100 13 5000
1 100 2 5000
1 100 10 5000
1 100 99 5000
1 100 97 5000
1 100 28 5000
1 100 59 5000
1 100 83 5000
1 100 87 5000
1 100 91 5000
1 100 19 5000
1 100 63 5000
1 100 33 5000
1 100 41 5000
1 100 72 5000
1 100 52 5000
1 100 92 5000
1 100 42 5000
1 100 95 5000
1 100 18 5000
1 100 9 5000
1 100 48 5000
1 100 65 5000
1 100 67 5000
1 100 66 5000
1 100 8 5000
1 100 7 5000
1 100 77 5000
1 100 6 5000
1 100 5 5000
1 100 78 5000
1 100 82 5000
1 100 55 5000
1 100 36 5000
1 100 57 5000
1 100 40 5000
1 100 26 5000
1 100 4 5000
1 100 88 5000
1 100 17 5000
1 100 62 5000
1 100 69 5000
1 100 15 5000
1 100 14 5000
1 100 25 5000
1 100 56 5000
1 100 98 5000
1 100 20 5000
1 100 21 5000
1 100 60 5000
1 100 76 5000
1 100 34 5000
1 100 22 5000
1 100 29 5000
1 100 79 5000
1 100 16 5000
1 100 51 5000
1 100 35 5000
1 100 37 5000
1 100 45 5000
1 100 84 5000
1 100 39 5000
1 100 47 5000
1 100 61 5000
1 100 85 5000
1 100 96 5000
1 100 58 5000
1 100 23 5000
1 100 38 5000
1 100 24 5000
1 100 71 5000
1 100 90 5000
1 100 32 5000
1 100 80 5000
1 100 74 5000
1 100 93 5000
1 100 12 5000
1 100 3 5000
1 100 89 5000
1 100 43 5000
1 100 31 5000
1 100 53 5000
1 100 73 5000
1 100 54 5000
1 100 68 5000
1 100 30 5000
1 100 86 5000
1 100 44 5000
1 100 75 5000
1 100 70 5000
1 100 46 5000
1 100 27 5000
1 100 94 5000
1 100 11 5000
1 100 49 5000
1 100 81 5000
1 100 1 5000
1 100 64 5000
1 100 50 5000
</input>
      <output size="288">97 2 78 38 30 29 27 26 21 3 94 77 1 44 43 56 40 20 11 48 49 53 68 70 45 37 92 6 54 86 81 73 13 52 58 34 59 69 62 36 14 18 80 88 60 91 63 22 95 99 57 16 82 84 33 46 35 67 7 50 64 41 12 98 23 25 24 85 42 90 71 15 83 75 89 51 28 31 55 74 96 32 8 61 65 87 9 39 79 72 10 17 76 93 19 66 5 47 4 </output>
      <correct size="289">97 2 78 38 30 29 27 26 21 3 94 77 1 44 43 56 40 20 11 48 49 53 68 70 45 37 92 6 54 86 81 73 13 52 58 34 59 69 62 36 14 18 80 88 60 91 63 22 95 99 57 16 82 84 33 46 35 67 7 50 64 41 12 98 23 25 24 85 42 90 71 15 83 75 89 51 28 31 55 74 96 32 8 61 65 87 9 39 79 72 10 17 76 93 19 66 5 47 4 
</correct>
      <stderr size="0"></stderr>
      <checker size="4">ok 
</checker>
    </test>
    <test num="16" status="OK" time="4" real-time="5" max-memory-used="5910528"  checker-comment="ok" >
  <program-stats-str>{ utime=0, stime=4, ptime=4, rtime=5, maxvsz=5910528, maxrss=5230592, nvcsw=1, nivcsw=1 }</program-stats-str>
  <checker-stats-str>{ utime=0, stime=1, ptime=1, rtime=2, maxvsz=17285120, maxrss=3268608, nvcsw=1, nivcsw=1 }</checker-stats-str>
      <input size="887">90
29 30 1 1
94 95 1 1
39 40 1 1
61 62 1 1
51 52 1 1
49 50 1 1
99 100 1 1
36 37 1 1
27 28 1 1
89 90 1 1
15 16 1 1
33 34 1 1
71 72 1 1
82 83 1 1
11 12 1 1
95 96 1 1
74 75 1 1
13 14 1 1
63 64 1 1
7 8 1 1
37 38 1 1
56 57 1 1
23 24 1 1
65 66 1 1
19 20 1 1
52 53 1 1
2 3 1 1
24 25 1 1
98 99 1 1
42 43 1 1
5 6 1 1
38 39 1 1
64 65 1 1
69 70 1 1
21 22 1 1
32 33 1 1
45 46 1 1
86 87 1 1
26 27 1 1
96 97 1 1
83 84 1 1
35 36 1 1
44 45 1 1
93 94 1 1
72 73 1 1
75 76 1 1
79 80 1 1
88 89 1 1
57 58 1 1
55 56 1 1
18 19 1 1
62 63 1 1
8 9 1 1
17 18 1 1
48 49 1 1
47 48 1 1
28 29 1 1
12 13 1 1
34 35 1 1
46 47 1 1
59 60 1 1
31 32 1 1
73 74 1 1
77 78 1 1
3 4 1 1
67 68 1 1
54 55 1 1
68 69 1 1
66 67 1 1
25 26 1 1
14 15 1 1
43 44 1 1
81 82 1 1
41 42 1 1
4 5 1 1
53 54 1 1
1 2 1 1
58 59 1 1
6 7 1 1
92 93 1 1
78 79 1 1
97 98 1 1
84 85 1 1
87 88 1 1
9 10 1 1
16 17 1 1
76 77 1 1
91 92 1 1
22 23 1 1
85 86 1 1
</input>
      <output size="261">7 29 82 40 16 2 44 80 88 10 48 84 38 90 83 41 14 73 47 81 64 87 46 17 63 45 13 34 68 66 69 24 33 19 52 4 61 78 49 22 50 67 76 26 5 6 55 56 60 37 43 72 30 74 3 32 21 8 42 59 12 36 62 1 57 9 39 70 28 23 89 35 25 51 54 86 11 71 18 58 15 85 53 20 79 31 75 65 27 77 </output>
      <correct size="262">85 61 78 53 49 47 81 64 87 46 34 68 66 69 25 51 54 86 24 33 22 50 67 76 26 20 79 31 75 65 27 77 19 52 17 63 45 13 11 71 18 58 15 10 48 84 38 90 83 41 14 73 7 29 82 40 16 6 55 56 60 37 43 72 30 74 5 4 3 32 21 8 42 59 12 36 62 2 44 80 88 1 57 9 39 70 28 23 89 35 
</correct>
      <stderr size="0"></stderr>
      <checker size="4">ok 
</checker>
    </test>
    <test num="17" status="OK" time="3" real-time="5" max-memory-used="5910528"  checker-comment="ok" >
  <program-stats-str>{ utime=0, stime=3, ptime=3, rtime=5, maxvsz=5910528, maxrss=5509120, nvcsw=1, nivcsw=1 }</program-stats-str>
  <checker-stats-str>{ utime=0, stime=1, ptime=1, rtime=3, maxvsz=17285120, maxrss=3055616, nvcsw=1, nivcsw=1 }</checker-stats-str>
      <input size="442">40
9 10 1 1
35 36 1 1
56 65 6 495
2 3 1 1
6 7 1 1
31 40 1 10
19 22 9 492
72 89 2 499
53 68 3 498
11 30 1 500
18 23 8 493
41 50 1 10
74 87 4 497
79 82 9 492
17 24 7 494
75 86 5 496
7 8 1 1
51 70 1 500
5 6 1 1
71 90 1 500
73 88 3 498
45 46 1 1
55 66 5 496
12 29 2 499
14 27 4 497
58 63 8 493
78 83 8 493
1 2 1 1
16 25 6 495
4 5 1 1
77 84 7 494
52 69 2 499
57 64 7 494
59 62 9 492
13 28 3 498
76 85 6 495
3 4 1 1
8 9 1 1
54 67 4 497
15 26 5 496
</input>
      <output size="111">14 27 31 36 16 13 21 8 20 34 26 33 3 23 39 9 32 18 22 12 2 6 7 11 15 29 40 25 35 24 10 1 38 17 5 19 30 37 4 28 </output>
      <correct size="112">34 26 33 22 14 27 31 36 16 13 21 12 8 20 7 11 15 29 40 25 35 24 10 3 23 39 9 32 18 2 6 1 38 17 5 19 30 37 4 28 
</correct>
      <stderr size="0"></stderr>
      <checker size="4">ok 
</checker>
    </test>
    <test num="18" status="OK" time="4" real-time="5" max-memory-used="5910528"  checker-comment="ok" >
  <program-stats-str>{ utime=0, stime=4, ptime=4, rtime=5, maxvsz=5910528, maxrss=5464064, nvcsw=1, nivcsw=1 }</program-stats-str>
  <checker-stats-str>{ utime=0, stime=1, ptime=1, rtime=2, maxvsz=17285120, maxrss=3268608, nvcsw=1, nivcsw=1 }</checker-stats-str>
      <input size="977">99
16 17 1 1
96 97 1 1
56 57 1 1
26 27 1 1
9 10 1 1
81 82 1 1
43 44 1 1
90 91 1 1
82 83 1 1
58 59 1 1
41 42 1 1
78 79 1 1
8 9 1 1
67 68 1 1
74 75 1 1
45 46 1 1
71 72 1 1
62 63 1 1
21 22 1 1
59 60 1 1
64 65 1 1
14 15 1 1
70 71 1 1
47 48 1 1
40 41 1 1
91 92 1 1
30 31 1 1
55 56 1 1
11 12 1 1
92 93 1 1
4 5 1 1
5 6 1 1
38 39 1 1
76 77 1 1
31 32 1 1
54 55 1 1
94 95 1 1
36 37 1 1
98 99 1 1
68 69 1 1
99 100 1 1
7 8 1 1
85 86 1 1
24 25 1 1
60 61 1 1
39 40 1 1
27 28 1 1
77 78 1 1
22 23 1 1
83 84 1 1
49 50 1 1
88 89 1 1
66 67 1 1
6 7 1 1
84 85 1 1
53 54 1 1
44 45 1 1
80 81 1 1
73 74 1 1
72 73 1 1
93 94 1 1
35 36 1 1
75 76 1 1
17 18 1 1
79 80 1 1
57 58 1 1
19 20 1 1
18 19 1 1
61 62 1 1
50 51 1 1
37 38 1 1
15 16 1 1
33 34 1 1
95 96 1 1
65 66 1 1
42 43 1 1
12 13 1 1
52 53 1 1
69 70 1 1
48 49 1 1
3 4 1 1
25 26 1 1
28 29 1 1
13 14 1 1
10 11 1 1
97 98 1 1
29 30 1 1
63 64 1 1
2 3 1 1
89 90 1 1
46 47 1 1
51 52 1 1
34 35 1 1
32 33 1 1
87 88 1 1
23 24 1 1
86 87 1 1
20 21 1 1
1 2 1 1
</input>
      <output size="288">41 39 86 2 74 37 61 30 26 8 90 52 95 97 43 55 50 9 6 58 65 12 48 34 63 15 59 60 17 23 79 40 14 53 75 21 88 18 69 45 20 10 66 3 28 36 56 78 92 70 51 80 24 91 16 57 7 76 11 25 46 33 71 38 62 93 73 94 35 27 87 83 47 4 82 44 96 49 19 98 67 68 64 1 72 22 84 77 29 85 5 13 42 54 32 31 81 89 99 </output>
      <correct size="289">41 39 86 2 74 37 61 30 26 8 90 52 95 97 43 55 50 9 6 58 65 12 48 34 63 15 59 60 17 23 79 40 14 53 75 21 88 18 69 45 20 10 66 3 28 36 56 78 92 70 51 80 24 91 16 57 7 76 11 25 46 33 71 38 62 93 73 94 35 27 87 83 47 4 82 44 96 49 19 98 67 68 64 1 72 22 84 77 29 85 5 13 42 54 32 31 81 89 99 
</correct>
      <stderr size="0"></stderr>
      <checker size="4">ok 
</checker>
    </test>
    <test num="19" status="OK" time="4" real-time="5" max-memory-used="5910528"  checker-comment="ok" >
  <program-stats-str>{ utime=2, stime=2, ptime=4, rtime=5, maxvsz=5910528, maxrss=5394432, nvcsw=1, nivcsw=2 }</program-stats-str>
  <checker-stats-str>{ utime=0, stime=1, ptime=1, rtime=3, maxvsz=17285120, maxrss=3121152, nvcsw=1, nivcsw=1 }</checker-stats-str>
      <input size="977">99
84 85 1 1
4 5 1 1
44 45 1 1
74 75 1 1
91 92 1 1
19 20 1 1
57 58 1 1
10 11 1 1
18 19 1 1
42 43 1 1
59 60 1 1
22 23 1 1
92 93 1 1
33 34 1 1
26 27 1 1
55 56 1 1
29 30 1 1
38 39 1 1
79 80 1 1
41 42 1 1
36 37 1 1
86 87 1 1
30 31 1 1
53 54 1 1
60 61 1 1
9 10 1 1
70 71 1 1
45 46 1 1
89 90 1 1
8 9 1 1
96 97 1 1
95 96 1 1
62 63 1 1
24 25 1 1
69 70 1 1
46 47 1 1
6 7 1 1
64 65 1 1
2 3 1 1
32 33 1 1
1 2 1 1
93 94 1 1
15 16 1 1
76 77 1 1
40 41 1 1
61 62 1 1
73 74 1 1
23 24 1 1
78 79 1 1
17 18 1 1
51 52 1 1
12 13 1 1
34 35 1 1
94 95 1 1
16 17 1 1
47 48 1 1
56 57 1 1
20 21 1 1
27 28 1 1
28 29 1 1
7 8 1 1
65 66 1 1
25 26 1 1
83 84 1 1
21 22 1 1
43 44 1 1
81 82 1 1
82 83 1 1
39 40 1 1
50 51 1 1
63 64 1 1
85 86 1 1
67 68 1 1
5 6 1 1
35 36 1 1
58 59 1 1
88 89 1 1
48 49 1 1
31 32 1 1
52 53 1 1
97 98 1 1
75 76 1 1
72 73 1 1
87 88 1 1
90 91 1 1
3 4 1 1
71 72 1 1
37 38 1 1
98 99 1 1
11 12 1 1
54 55 1 1
49 50 1 1
66 67 1 1
68 69 1 1
13 14 1 1
77 78 1 1
14 15 1 1
80 81 1 1
99 100 1 1
</input>
      <output size="288">99 89 81 31 32 54 42 13 5 85 29 77 84 22 72 1 64 68 67 98 19 49 96 44 82 4 47 83 87 27 35 94 73 93 62 38 71 33 46 25 11 76 7 57 16 91 24 80 51 70 92 78 56 36 28 3 66 10 20 45 69 18 88 21 75 53 14 40 79 23 17 60 59 15 63 34 48 12 65 58 6 9 50 55 43 97 95 52 90 8 26 30 61 37 74 2 86 39 41 </output>
      <correct size="289">99 89 81 31 32 54 42 13 5 85 29 77 84 22 72 1 64 68 67 98 19 49 96 44 82 4 47 83 87 27 35 94 73 93 62 38 71 33 46 25 11 76 7 57 16 91 24 80 51 70 92 78 56 36 28 3 66 10 20 45 69 18 88 21 75 53 14 40 79 23 17 60 59 15 63 34 48 12 65 58 6 9 50 55 43 97 95 52 90 8 26 30 61 37 74 2 86 39 41 
</correct>
      <stderr size="0"></stderr>
      <checker size="4">ok 
</checker>
    </test>
    <test num="20" status="WA" time="8" real-time="9" max-memory-used="5910528"  checker-comment="wrong answer Order isn't correct" >
  <program-stats-str>{ utime=8, stime=0, ptime=8, rtime=9, maxvsz=5910528, maxrss=6017024, nvcsw=1, nivcsw=2 }</program-stats-str>
  <checker-stats-str>{ utime=0, stime=2, ptime=2, rtime=3, maxvsz=17285120, maxrss=3002368, nvcsw=1, nivcsw=2 }</checker-stats-str>
      <input size="4564">490
4 5 74 4
9 10 75 9
8 9 28 8
10 11 57 10
8 9 90 8
10 11 13 10
9 10 51 9
3 4 44 3
3 4 30 3
10 11 59 10
3 4 24 3
2 3 5 2
6 7 93 6
2 3 85 2
4 5 50 4
7 8 48 7
10 11 45 10
8 9 60 8
7 8 86 7
1 2 83 1
2 3 15 2
7 8 68 7
10 11 39 10
8 9 56 8
6 7 45 6
6 7 85 6
4 5 32 4
1 2 13 1
2 3 79 2
5 6 15 5
1 2 81 1
7 8 72 7
3 4 22 3
5 6 45 5
8 9 94 8
3 4 74 3
6 7 57 6
7 8 54 7
10 11 5 10
1 2 9 1
1 2 39 1
3 4 56 3
2 3 91 2
3 4 58 3
6 7 73 6
2 3 35 2
1 2 91 1
8 9 18 8
1 2 49 1
10 11 85 10
1 2 41 1
6 7 97 6
8 9 70 8
3 4 14 3
3 4 98 3
2 3 37 2
8 9 12 8
3 4 8 3
10 11 97 10
7 8 64 7
4 5 30 4
7 8 50 7
10 11 79 10
2 3 23 2
3 4 42 3
1 2 27 1
8 9 72 8
5 6 87 5
6 7 17 6
6 7 75 6
6 7 9 6
5 6 97 5
7 8 38 7
9 10 63 9
9 10 23 9
7 8 56 7
9 10 3 9
8 9 2 8
5 6 61 5
9 10 55 9
10 11 43 10
7 8 32 7
5 6 95 5
1 2 61 1
7 8 82 7
4 5 22 4
10 11 27 10
9 10 13 9
2 3 77 2
10 11 37 10
4 5 40 4
5 6 13 5
6 7 89 6
2 3 95 2
1 2 59 1
7 8 44 7
5 6 85 5
5 6 69 5
10 11 41 10
1 2 75 1
6 7 5 6
5 6 33 5
3 4 12 3
7 8 46 7
4 5 6 4
5 6 73 5
10 11 21 10
4 5 16 4
6 7 29 6
4 5 2 4
10 11 67 10
6 7 39 6
7 8 12 7
10 11 73 10
10 11 7 10
8 9 92 8
3 4 6 3
5 6 27 5
7 8 4 7
5 6 35 5
3 4 96 3
9 10 85 9
6 7 79 6
1 2 3 1
2 3 47 2
10 11 77 10
1 2 65 1
4 5 80 4
3 4 48 3
1 2 85 1
5 6 51 5
4 5 70 4
2 3 39 2
10 11 87 10
2 3 51 2
5 6 41 5
1 2 95 1
6 7 77 6
1 2 67 1
5 6 17 5
3 4 34 3
1 2 1 1
4 5 90 4
6 7 35 6
4 5 20 4
1 2 77 1
8 9 34 8
9 10 79 9
9 10 45 9
1 2 31 1
8 9 30 8
7 8 78 7
6 7 71 6
5 6 9 5
5 6 43 5
1 2 53 1
6 7 47 6
4 5 92 4
4 5 84 4
10 11 53 10
4 5 4 4
1 2 11 1
8 9 58 8
2 3 33 2
7 8 58 7
3 4 26 3
5 6 57 5
2 3 45 2
10 11 61 10
8 9 20 8
7 8 88 7
1 2 51 1
6 7 95 6
5 6 21 5
4 5 10 4
10 11 55 10
10 11 75 10
9 10 31 9
5 6 47 5
7 8 52 7
10 11 35 10
8 9 84 8
8 9 66 8
6 7 65 6
3 4 28 3
5 6 11 5
4 5 52 4
10 11 63 10
7 8 22 7
8 9 50 8
8 9 46 8
6 7 61 6
10 11 23 10
4 5 68 4
10 11 69 10
6 7 67 6
4 5 34 4
9 10 77 9
1 2 89 1
9 10 65 9
7 8 28 7
5 6 53 5
10 11 51 10
9 10 69 9
10 11 15 10
7 8 98 7
7 8 76 7
10 11 83 10
4 5 98 4
1 2 43 1
3 4 40 3
10 11 93 10
5 6 63 5
7 8 8 7
2 3 61 2
9 10 87 9
9 10 89 9
2 3 87 2
10 11 95 10
7 8 30 7
2 3 83 2
1 2 79 1
3 4 60 3
10 11 25 10
2 3 43 2
3 4 10 3
1 2 19 1
4 5 44 4
6 7 69 6
3 4 18 3
2 3 73 2
8 9 86 8
8 9 26 8
8 9 64 8
9 10 35 9
1 2 45 1
6 7 49 6
5 6 81 5
2 3 21 2
10 11 33 10
9 10 47 9
4 5 96 4
5 6 19 5
2 3 75 2
8 9 36 8
5 6 3 5
6 7 15 6
8 9 82 8
6 7 3 6
7 8 16 7
10 11 9 10
6 7 21 6
8 9 68 8
8 9 76 8
1 2 25 1
2 3 69 2
4 5 62 4
10 11 31 10
6 7 13 6
7 8 80 7
7 8 36 7
3 4 86 3
8 9 80 8
10 11 1 10
2 3 81 2
9 10 43 9
9 10 57 9
3 4 38 3
8 9 96 8
6 7 33 6
8 9 24 8
7 8 66 7
5 6 59 5
10 11 65 10
2 3 65 2
6 7 31 6
4 5 28 4
2 3 57 2
6 7 51 6
8 9 10 8
8 9 48 8
3 4 94 3
9 10 83 9
3 4 72 3
2 3 53 2
9 10 25 9
6 7 19 6
6 7 91 6
8 9 54 8
6 7 27 6
3 4 76 3
7 8 24 7
7 8 84 7
9 10 39 9
1 2 97 1
7 8 18 7
4 5 14 4
3 4 32 3
7 8 34 7
2 3 25 2
5 6 25 5
4 5 48 4
6 7 55 6
2 3 71 2
1 2 17 1
8 9 44 8
2 3 19 2
4 5 64 4
9 10 71 9
8 9 38 8
5 6 31 5
5 6 49 5
1 2 35 1
4 5 18 4
7 8 10 7
9 10 59 9
3 4 92 3
4 5 26 4
3 4 78 3
7 8 26 7
6 7 25 6
10 11 19 10
5 6 7 5
5 6 77 5
4 5 24 4
9 10 15 9
4 5 8 4
3 4 84 3
9 10 29 9
8 9 74 8
2 3 1 2
3 4 90 3
9 10 7 9
9 10 81 9
2 3 89 2
9 10 67 9
5 6 83 5
5 6 91 5
7 8 2 7
5 6 93 5
2 3 17 2
9 10 11 9
1 2 15 1
4 5 38 4
4 5 12 4
1 2 87 1
4 5 82 4
8 9 98 8
10 11 49 10
8 9 6 8
10 11 71 10
3 4 36 3
7 8 94 7
1 2 33 1
7 8 96 7
9 10 73 9
9 10 95 9
1 2 55 1
1 2 69 1
3 4 80 3
4 5 94 4
10 11 17 10
5 6 79 5
3 4 68 3
3 4 4 3
8 9 78 8
4 5 42 4
2 3 11 2
3 4 16 3
4 5 88 4
10 11 81 10
10 11 11 10
7 8 42 7
2 3 97 2
4 5 76 4
6 7 63 6
9 10 17 9
4 5 36 4
8 9 42 8
9 10 49 9
10 11 91 10
4 5 46 4
5 6 55 5
6 7 87 6
8 9 40 8
8 9 14 8
3 4 82 3
3 4 2 3
10 11 29 10
2 3 13 2
4 5 78 4
4 5 66 4
3 4 20 3
3 4 66 3
9 10 5 9
2 3 27 2
1 2 57 1
9 10 37 9
5 6 89 5
4 5 60 4
2 3 9 2
2 3 59 2
3 4 50 3
7 8 6 7
3 4 64 3
4 5 58 4
2 3 49 2
2 3 93 2
9 10 33 9
2 3 29 2
9 10 27 9
9 10 53 9
7 8 90 7
7 8 92 7
6 7 43 6
8 9 52 8
1 2 93 1
5 6 39 5
6 7 7 6
1 2 29 1
9 10 9 9
2 3 31 2
1 2 47 1
2 3 3 2
3 4 62 3
9 10 21 9
6 7 59 6
3 4 70 3
2 3 41 2
7 8 74 7
5 6 65 5
4 5 56 4
8 9 4 8
1 2 21 1
8 9 62 8
2 3 7 2
6 7 41 6
8 9 8 8
2 3 67 2
9 10 93 9
4 5 86 4
9 10 41 9
5 6 37 5
1 2 5 1
1 2 63 1
4 5 72 4
1 2 37 1
5 6 23 5
7 8 60 7
7 8 62 7
8 9 88 8
3 4 46 3
10 11 47 10
7 8 14 7
7 8 40 7
9 10 61 9
9 10 91 9
10 11 3 10
10 11 89 10
9 10 97 9
1 2 71 1
7 8 20 7
4 5 54 4
5 6 5 5
8 9 22 8
8 9 32 8
6 7 83 6
5 6 29 5
6 7 53 6
9 10 19 9
6 7 11 6
3 4 52 3
6 7 81 6
2 3 63 2
1 2 7 1
5 6 75 5
6 7 37 6
2 3 55 2
6 7 23 6
1 2 23 1
7 8 70 7
1 2 73 1
3 4 88 3
3 4 54 3
5 6 71 5
6 7 1 6
5 6 67 5
8 9 16 8
9 10 1 9
5 6 1 5
</input>
      <output size="1852">264 458 39 115 251 489 372 77 1 14 13 52 143 218 346 35 68 130 59 70 5 19 26 29 222 212 216 217 232 244 89 146 122 123 231 219 248 182 260 85 106 132 256 36 100 50 53 60 22 32 45 98 139 2 44 84 63 67 79 95 127 126 134 138 284 304 293 476 482 208 213 152 194 275 148 153 308 207 364 428 381 430 431 263 392 394 439 283 366 405 445 114 131 37 42 215 198 223 359 254 257 402 177 183 184 196 229 425 334 446 461 371 376 406 478 204 234 253 272 273 278 397 111 129 135 156 18 38 49 10 15 125 74 76 165 167 285 192 432 484 356 383 403 351 435 469 303 358 195 200 202 407 274 279 302 423 4 7 8 168 163 179 225 24 25 34 65 172 169 180 228 236 80 91 133 62 136 155 210 160 176 188 190 211 429 267 289 415 418 316 416 437 16 268 447 96 112 120 141 164 46 313 17 27 150 73 102 185 9 298 354 81 82 86 61 197 422 149 241 261 270 144 277 300 99 109 118 166 255 23 30 33 11 64 66 420 203 245 276 311 396 266 290 301 318 410 349 442 448 299 325 480 90 92 3 54 227 147 174 230 220 239 235 243 305 87 101 48 58 103 162 21 307 181 186 69 108 145 341 151 201 314 294 320 321 393 434 178 189 252 297 343 75 105 117 226 140 390 233 247 287 345 368 240 250 259 327 175 401 224 246 71 110 124 6 395 78 12 436 170 323 154 365 258 286 329 465 471 475 107 113 161 331 193 214 249 388 424 322 326 339 57 315 419 444 205 362 333 421 342 433 88 350 438 377 280 119 404 486 470 386 490 389 426 488 142 411 454 464 409 271 296 462 398 40 28 292 479 453 466 369 310 385 379 468 380 412 306 191 455 281 373 477 456 56 104 443 378 344 352 41 51 157 237 367 312 382 452 336 187 309 449 450 427 463 472 330 400 474 459 481 487 485 457 440 357 460 451 324 116 473 171 467 363 375 238 391 291 128 319 93 97 347 360 269 413 337 159 387 348 414 384 353 355 288 328 265 262 221 31 20 206 399 441 199 173 338 370 340 483 83 158 332 335 43 47 417 72 361 317 242 282 408 209 121 94 137 55 374 295 </output>
      <correct size="1853">264 458 39 115 251 489 372 77 6 395 205 333 362 421 78 322 342 433 107 88 350 193 326 438 339 224 377 280 119 87 470 57 404 486 389 426 386 214 249 258 75 488 315 101 490 240 286 181 48 411 90 113 419 246 170 454 329 465 71 464 110 250 471 323 161 388 331 142 23 178 271 296 259 154 105 365 424 124 99 409 233 462 247 186 327 117 12 444 81 235 17 3 398 453 189 69 92 175 58 436 475 151 294 349 292 466 442 203 287 320 30 345 226 401 40 252 140 297 103 368 162 147 266 160 201 479 243 108 54 390 28 245 220 321 174 314 369 21 343 149 310 176 241 4 82 385 380 10 290 448 145 230 341 305 299 379 109 301 86 393 307 227 261 276 118 325 33 239 434 7 306 73 270 468 318 11 64 480 169 412 191 455 144 311 277 166 300 255 188 80 281 373 477 102 61 185 396 66 274 267 190 96 112 120 27 9 410 420 111 316 416 104 437 443 197 298 422 150 195 456 289 16 415 418 378 141 164 354 351 74 114 24 200 177 62 163 336 126 25 180 136 344 352 46 313 157 155 91 268 56 447 18 204 63 38 435 309 371 237 34 367 211 133 41 76 279 179 228 65 429 51 234 356 208 165 469 312 382 8 225 210 183 449 303 131 302 452 168 236 2 253 450 37 202 15 129 125 423 50 198 53 60 427 383 187 403 407 49 134 148 459 67 334 381 272 330 283 212 192 167 463 472 135 172 22 376 273 432 484 285 156 254 481 184 79 406 42 478 358 122 366 32 196 213 400 44 278 397 219 216 263 430 229 431 257 223 402 95 59 217 248 457 207 153 487 308 425 215 84 182 440 152 232 357 45 260 451 460 98 392 405 474 445 70 485 194 394 275 127 85 138 106 132 364 439 139 5 293 123 476 446 428 256 359 116 19 473 324 35 171 467 269 413 348 1 363 26 414 284 375 304 461 238 384 353 36 391 337 93 355 231 482 291 244 100 128 319 97 347 288 206 68 13 89 360 159 399 173 146 29 387 441 338 52 222 265 328 370 340 31 221 262 143 83 20 14 483 158 72 130 218 346 332 361 335 317 242 199 43 282 209 47 408 417 121 94 137 55 374 295 
</correct>
      <stderr size="0"></stderr>
      <checker size="33">wrong answer Order isn't correct
</checker>
    </test>
  </tests>
</testing-report>
