Content-type: text/xml

<?xml version="1.0" encoding="utf-8"?>
<testing-report run-id="37" judge-id="32" status="OK" scoring="ACM" run-tests="13" contest-id="3002" real-time-available="yes" max-memory-used-available="yes" correct-available="yes" time-limit-ms="2000" real-time-limit-ms="5000" marked-flag="no" >
  <uuid>4d857215-4990-4a20-abef-84d73d5a1040</uuid>
  <host>localhost.localdomain</host>
  <cpu-model>Intel(R) Pentium(R) CPU 3550M @ 2.30GHz</cpu-model>
  <cpu-mhz>2294.738</cpu-mhz>
  <compiler_output>Done processing 000037.cpp
000037.cpp: In function 'int main()':
000037.cpp:66:27: warning: comparison between signed and unsigned integer expressions [-Wsign-compare]
         for (int i = 0; i &lt;= ts.size() - 1; ++i)
                           ^
000037.cpp:37:9: warning: unused variable 'num' [-Wunused-variable]
     int num = 0;
         ^

</compiler_output>
  <tests>
    <test num="1" status="OK" time="5" real-time="6" max-memory-used="454656"  checker-comment="ok Answer No" >
  <program-stats-str>{ utime=0, stime=5, ptime=5, rtime=6, maxvsz=454656, maxrss=3104768, nvcsw=1, nivcsw=1 }</program-stats-str>
  <checker-stats-str>{ utime=0, stime=0, ptime=0, rtime=1, maxvsz=462848, maxrss=2387968, nvcsw=1, nivcsw=1 }</checker-stats-str>
      <input size="29228">100 5000
8 49
61 56
61 43
81 20
56 24
18 24
3 79
34 98
51 8
1 38
18 60
10 54
10 42
12 2
26 32
64 92
18 63
99 46
62 56
68 40
17 21
62 3
4 79
63 38
19 72
77 91
12 54
49 30
54 21
55 33
69 39
23 74
58 81
66 38
93 33
22 26
86 55
62 35
50 46
81 60
60 36
64 72
23 51
90 57
94 19
95 59
97 42
90 22
85 87
8 59
59 97
28 29
77 74
45 72
67 86
68 57
7 76
8 38
90 86
34 61
63 33
34 81
52 74
66 14
77 70
53 8
52 43
60 70
42 44
68 74
66 43
75 35
14 7
21 22
23 44
73 45
31 88
34 42
48 76
50 87
93 87
75 47
78 57
19 87
31 80
71 21
8 11
47 80
6 19
45 35
71 64
36 87
59 78
88 17
73 21
100 55
24 97
99 40
89 26
59 83
73 55
33 44
41 15
8 82
15 35
89 100
62 70
43 83
57 40
89 30
18 23
11 46
15 74
95 14
57 44
62 25
93 20
77 31
39 33
99 90
88 48
88 41
10 81
71 31
94 96
81 87
78 30
71 1
63 25
34 9
31 11
5 46
96 49
5 54
75 68
21 57
50 100
58 57
67 86
14 74
4 66
67 1
72 25
54 20
66 30
94 47
15 37
49 17
11 38
87 78
60 72
3 27
89 74
48 87
65 13
94 46
47 33
39 97
38 20
20 92
26 79
33 40
88 22
89 40
93 98
28 54
31 80
8 30
11 78
58 3
14 100
59 35
96 38
34 7
39 32
60 92
58 91
70 39
45 30
7 14
65 6
22 35
5 89
99 97
13 39
97 26
28 37
1 44
77 11
10 15
3 60
31 6
2 82
88 7
58 28
78 26
59 44
60 45
10 44
29 74
10 95
95 30
75 82
14 42
13 78
24 21
60 27
65 95
24 30
1 82
80 92
5 28
15 39
96 12
75 33
11 33
96 49
13 21
34 19
71 97
90 86
62 31
6 92
19 29
31 82
28 91
33 57
85 33
81 72
65 92
75 51
90 44
6 95
5 3
11 85
99 79
34 77
52 30
75 80
11 47
13 68
90 70
34 37
19 2
91 79
3 33
99 1
12 7
5 54
12 98
28 42
71 61
88 39
98 39
5 20
17 39
85 21
56 67
24 76
41 14
75 25
73 2
50 41
64 16
93 92
67 22
99 29
37 30
34 25
99 94
50 47
98 78
75 87
58 71
23 39
48 4
20 37
48 92
67 84
8 68
34 17
18 30
2 44
6 3
52 87
18 39
21 37
72 20
69 11
11 54
6 8
2 16
43 76
9 43
25 74
95 91
62 24
69 8
18 40
88 38
73 22
88 83
6 33
62 37
3 87
5 85
15 98
86 21
99 37
31 36
75 30
61 53
94 92
12 64
66 26
96 8
31 3
89 1
50 40
9 44
69 66
90 20
52 33
94 57
85 20
24 38
67 84
9 25
56 30
77 20
58 9
25 26
94 87
55 42
48 92
34 98
15 36
81 25
34 52
81 57
12 74
15 57
98 25
98 70
18 31
3 15
81 89
58 41
10 84
18 20
2 22
29 92
50 25
29 37
63 80
34 73
41 36
52 25
96 90
71 77
12 21
31 6
57 42
75 21
58 34
73 59
56 3
81 4
93 87
81 60
13 55
18 74
88 32
2 72
49 38
77 95
65 95
39 79
52 20
6 73
98 40
5 26
88 26
50 79
17 45
26 40
24 76
51 47
59 20
18 32
5 67
90 15
99 27
27 80
37 42
61 24
36 26
9 1
23 70
24 55
12 15
89 15
20 22
11 76
94 82
48 2
11 57
13 79
2 78
88 1
61 32
4 74
21 42
10 28
41 25
20 55
89 27
47 68
95 85
90 98
28 48
12 74
14 42
20 35
23 70
60 66
62 56
93 44
50 78
48 49
61 54
34 46
95 33
58 33
51 7
65 87
85 30
23 86
2 37
22 74
41 98
67 86
26 79
10 75
26 79
75 28
41 43
27 35
18 31
83 57
85 9
15 7
5 19
1 91
8 16
60 30
3 33
61 64
99 68
66 54
90 29
29 16
63 27
67 92
24 15
68 92
99 45
62 29
53 14
23 25
89 84
24 59
42 9
53 57
41 14
50 53
69 95
86 16
81 57
28 60
69 39
7 30
49 54
13 66
21 74
58 22
77 85
17 27
34 64
64 37
27 92
77 96
56 79
77 66
38 47
71 32
60 91
43 83
86 16
32 30
45 30
8 60
13 22
17 83
49 21
82 44
87 26
93 41
16 40
70 26
87 78
99 21
88 21
86 36
27 72
85 74
95 45
11 20
96 30
2 30
41 47
45 84
58 31
19 37
13 98
11 70
4 74
75 70
93 52
76 42
99 66
46 49
53 16
46 68
74 32
9 38
61 67
28 33
76 26
58 75
31 11
40 30
60 22
6 26
65 84
11 40
50 51
34 70
21 35
34 60
58 46
70 100
31 78
66 91
2 92
88 51
56 86
93 38
95 85
59 79
67 30
50 90
98 72
15 74
31 85
8 43
56 45
98 37
31 100
46 17
53 48
22 42
65 91
64 38
27 98
85 66
99 55
8 21
17 91
24 91
19 12
15 72
2 44
6 22
53 89
3 47
21 74
63 90
99 95
93 42
71 73
23 85
5 33
53 96
13 54
45 38
75 79
90 11
58 98
11 29
6 8
60 82
78 30
28 85
32 92
88 54
4 40
60 25
15 43
3 15
77 63
91 92
53 36
61 96
69 35
63 7
28 46
66 14
15 68
78 55
5 100
92 42
39 36
75 26
96 30
14 37
58 93
50 86
88 28
34 37
50 91
88 3
77 55
90 2
25 35
89 86
34 54
71 22
47 26
92 44
25 33
27 98
4 32
58 95
70 26
12 73
11 37
18 21
71 60
89 55
10 98
99 14
50 1
48 15
17 2
65 64
54 16
49 30
56 74
96 44
65 22
75 72
69 100
25 55
98 80
65 1
17 86
69 25
10 47
23 77
27 2
7 100
54 82
66 72
3 14
8 67
48 86
100 76
90 35
5 82
12 16
58 39
56 91
85 48
5 60
69 21
71 72
51 9
61 91
56 60
24 19
10 42
41 1
73 64
81 45
5 70
59 4
46 9
6 30
88 85
28 72
41 27
5 95
84 44
3 4
69 91
34 4
60 72
23 48
39 57
99 72
62 61
52 78
49 87
59 1
10 71
1 26
18 98
58 19
24 97
17 44
64 83
63 29
52 47
61 80
63 9
72 84
19 82
62 60
65 9
94 67
70 87
45 16
77 92
50 73
5 52
13 98
72 70
90 4
99 27
72 100
19 44
69 64
48 20
34 67
49 20
47 26
85 32
52 97
5 69
99 30
34 35
58 91
64 36
59 32
99 78
29 36
89 92
34 57
56 29
52 37
77 9
54 38
88 46
1 68
58 55
89 60
74 44
58 19
11 20
75 8
24 82
77 8
34 11
60 16
3 76
69 52
59 16
90 2
71 80
61 40
52 91
58 32
90 29
85 82
69 79
24 70
86 22
18 80
9 33
94 13
10 19
15 33
24 87
69 67
99 45
99 56
9 33
18 69
24 30
71 33
53 44
60 87
77 29
5 2
36 25
96 3
19 88
34 66
6 37
67 16
94 22
10 66
99 30
62 30
67 83
25 22
61 76
3 20
54 27
80 35
95 42
88 1
4 98
53 86
72 37
13 48
23 51
81 20
46 30
39 35
31 13
77 49
66 36
10 68
93 37
71 40
29 83
2 74
67 80
51 46
60 22
23 27
88 29
39 16
39 44
93 59
18 41
11 35
18 22
6 12
71 65
71 62
40 30
7 16
3 32
23 19
8 40
85 43
9 57
12 39
51 39
5 20
15 97
43 70
95 43
66 27
29 42
46 78
15 44
53 17
6 14
71 73
7 26
61 9
45 76
63 52
11 74
56 7
64 14
11 37
94 39
19 70
1 2
90 42
81 68
15 64
43 82
88 12
46 38
40 42
43 57
13 60
73 39
54 100
99 16
18 61
53 55
10 3
63 14
9 42
61 92
5 55
81 55
22 55
58 79
18 71
61 95
14 91
58 70
69 73
86 20
56 83
58 33
75 2
80 55
28 49
69 84
12 91
49 42
81 62
61 28
45 33
3 83
9 40
73 70
41 40
68 32
38 70
39 80
4 82
62 35
50 96
98 76
9 42
50 72
60 78
8 15
10 71
84 55
95 27
81 12
63 22
48 70
24 54
59 25
7 30
90 32
63 100
56 15
34 11
27 20
68 79
12 41
71 31
18 19
18 41
93 26
18 95
89 15
62 28
52 72
98 16
67 91
29 98
99 75
12 48
77 89
39 80
89 52
94 82
12 25
94 46
63 83
12 85
52 9
53 35
39 83
19 46
31 6
10 30
63 20
66 16
87 55
56 30
89 86
17 100
73 7
53 100
24 88
98 83
63 96
37 76
78 80
27 25
61 37
62 21
71 67
23 66
48 59
62 17
93 83
81 83
53 36
77 42
37 35
75 51
93 94
25 22
50 70
91 92
77 91
67 17
94 90
10 17
17 36
11 36
90 32
19 55
30 42
56 41
1 16
96 66
31 7
18 58
2 98
11 21
96 38
99 54
75 55
10 3
53 66
24 75
53 44
63 16
23 11
24 28
61 78
66 72
29 27
47 92
61 26
5 19
77 85
80 79
71 48
54 26
81 14
90 44
49 26
62 36
12 47
11 44
41 42
89 20
61 22
64 47
56 66
1 86
63 55
91 57
65 66
6 73
93 74
61 90
61 36
2 33
75 48
8 60
69 28
75 43
48 97
7 36
17 100
46 47
59 29
70 84
56 17
22 57
3 80
89 35
61 65
24 96
58 91
46 68
66 39
10 77
47 20
85 44
90 47
77 90
89 73
63 46
96 32
19 35
78 55
28 100
17 97
19 54
68 87
67 80
41 20
26 92
17 72
18 17
22 33
95 64
75 17
59 64
96 43
27 36
58 37
58 55
65 92
51 84
13 95
24 66
11 85
96 28
73 70
69 67
71 91
61 43
67 29
99 12
67 1
28 11
77 41
38 16
27 87
71 84
19 45
71 95
58 21
21 74
52 82
15 38
77 92
65 83
88 15
73 11
59 44
48 54
29 83
68 30
6 14
10 38
61 36
68 57
19 95
60 91
98 76
89 36
12 57
68 84
4 79
58 75
19 67
3 37
50 87
100 21
59 82
23 22
99 52
34 42
78 26
64 57
52 83
86 80
34 3
64 39
51 38
68 84
8 43
77 2
68 74
7 80
73 43
7 42
12 57
95 55
19 97
59 4
43 44
52 22
94 63
36 84
64 67
28 100
39 36
2 76
75 9
65 64
85 70
69 74
28 73
43 76
11 60
51 48
7 98
49 45
19 27
85 40
73 9
26 44
10 40
95 43
98 26
58 57
5 31
56 42
58 17
77 59
99 26
63 37
12 44
47 92
55 16
56 67
87 16
23 54
100 21
86 35
53 52
61 37
27 74
51 40
99 36
5 17
71 56
61 21
59 20
18 25
24 72
13 90
56 33
46 9
54 72
74 91
13 37
17 68
50 82
88 75
5 23
81 72
96 42
89 51
63 44
12 97
45 25
99 12
31 75
25 20
51 30
5 37
8 54
94 33
62 66
50 98
35 42
34 75
81 92
52 30
37 44
41 35
46 95
9 84
70 40
24 54
90 73
98 74
99 38
56 79
20 32
27 70
31 96
87 74
34 91
50 96
55 57
3 60
56 8
75 17
50 83
10 22
69 85
60 72
65 60
28 90
46 4
85 14
93 39
95 47
5 59
95 97
63 29
51 92
34 28
81 67
1 38
94 98
85 35
65 87
89 36
73 68
63 1
5 12
37 16
85 80
21 76
81 88
13 49
80 16
64 57
3 68
62 39
63 92
99 61
95 87
29 32
49 32
5 33
77 63
5 13
82 55
90 82
98 44
59 14
69 45
59 27
56 80
27 78
1 72
62 47
5 52
51 28
64 20
75 47
9 59
89 55
65 95
5 62
99 1
12 15
61 72
50 94
27 100
71 77
2 33
15 78
23 11
64 72
77 30
83 78
45 22
98 72
95 4
93 85
66 86
6 98
9 38
86 14
98 68
10 21
38 80
31 57
60 74
52 67
81 64
6 70
63 29
46 67
77 63
90 76
96 43
6 45
81 91
81 93
69 85
15 43
77 75
46 86
39 91
18 50
98 91
55 42
86 91
65 43
48 38
75 78
4 29
43 92
64 91
77 49
48 15
71 87
43 87
18 72
24 85
43 26
96 83
50 47
62 37
67 16
62 20
58 33
13 51
71 37
14 84
63 68
85 41
33 57
10 99
62 100
100 35
9 33
94 7
89 80
8 98
61 7
12 40
93 32
83 25
18 96
53 46
77 11
96 54
100 35
50 52
64 82
34 50
14 40
96 21
91 79
10 35
50 3
88 91
6 32
63 78
75 39
95 80
68 79
56 12
71 46
50 96
90 29
63 68
18 94
12 92
58 49
38 72
47 44
63 100
60 57
59 39
63 14
1 84
60 27
7 21
9 1
81 38
88 28
85 67
55 44
18 86
77 91
60 52
35 44
5 69
31 65
59 44
13 3
11 59
54 27
65 87
48 72
99 86
12 76
38 98
77 98
13 79
62 13
76 30
39 76
47 98
5 94
1 37
23 13
51 82
66 16
48 57
56 20
62 17
7 30
41 55
71 85
71 100
51 44
64 39
94 43
31 46
100 16
53 33
3 37
54 29
46 35
37 33
51 7
8 67
59 27
15 4
19 98
86 21
11 44
11 22
59 76
12 78
58 11
27 39
81 19
62 94
94 49
90 26
51 90
94 52
45 72
56 48
61 21
90 43
8 42
29 35
17 100
88 25
19 72
31 57
20 33
31 2
51 14
65 57
86 2
94 25
77 35
90 33
69 31
5 52
65 8
32 79
23 17
98 44
91 79
27 100
3 26
52 2
49 14
13 6
10 48
19 30
24 49
9 7
24 82
93 95
7 86
67 14
56 97
56 82
10 65
51 16
31 14
11 17
72 87
11 100
2 21
75 98
81 79
75 76
63 49
50 23
81 20
52 21
65 9
34 35
31 75
38 35
11 14
85 38
9 21
18 44
35 40
99 98
93 35
5 48
70 55
1 43
78 37
1 45
52 47
90 8
2 100
23 20
69 19
71 69
62 63
95 78
61 30
63 87
31 36
51 15
90 1
86 36
17 45
66 67
86 87
75 45
10 57
61 21
23 94
49 78
61 86
46 80
58 75
19 3
31 73
94 4
66 32
63 21
12 29
71 91
12 42
23 54
60 86
70 83
8 3
95 79
54 91
19 55
4 25
70 20
9 97
34 68
25 78
60 49
67 57
46 45
46 57
86 37
91 57
2 36
56 32
58 17
19 20
60 92
98 87
63 15
93 44
5 44
62 87
93 78
34 56
80 35
56 22
65 38
88 74
48 36
12 33
75 80
54 21
31 47
66 98
56 44
34 95
94 95
88 49
4 32
71 12
48 57
75 74
5 29
41 88
17 72
90 83
99 6
82 87
100 80
10 26
62 4
5 46
87 25
63 35
38 25
82 97
12 90
89 14
90 3
27 20
45 82
94 14
51 25
66 100
62 39
86 39
85 41
10 57
3 9
90 49
100 35
89 90
69 44
77 3
34 62
53 78
6 45
13 25
88 47
25 26
88 57
58 34
5 31
31 82
50 77
34 74
5 90
99 9
71 2
84 40
71 15
8 100
10 26
81 56
46 20
69 11
50 68
59 21
9 100
13 85
23 64
18 40
99 14
38 44
88 22
70 84
77 65
11 40
49 43
88 2
11 37
7 26
11 21
86 25
28 20
6 73
77 70
17 92
9 14
71 36
45 71
69 4
56 89
96 1
2 55
43 83
43 42
51 74
13 29
56 41
96 98
53 80
46 1
71 19
75 16
67 74
80 55
56 80
12 48
19 63
43 80
51 83
31 39
3 59
14 30
60 74
7 2
88 55
65 43
99 76
13 60
8 1
5 77
13 35
31 90
89 11
60 74
61 82
49 35
20 21
13 91
65 79
4 68
41 15
58 52
47 55
52 86
63 45
17 72
76 16
58 54
50 82
24 60
5 37
35 92
76 92
63 41
64 16
77 8
59 33
88 3
41 35
71 16
41 66
71 61
18 91
100 97
72 97
8 86
99 46
73 72
54 38
93 100
96 51
65 85
36 76
39 92
38 22
98 25
75 13
69 21
7 26
90 76
74 42
47 91
66 82
28 2
43 39
18 43
38 36
31 20
61 46
86 78
43 87
88 73
62 27
77 80
45 100
70 36
18 79
56 57
46 44
1 55
10 62
98 76
95 41
71 53
39 91
62 80
23 17
34 30
38 33
96 9
60 46
31 67
24 63
5 31
19 33
31 88
24 29
51 41
15 98
2 16
12 79
28 12
68 80
78 91
39 55
38 14
29 55
63 2
65 51
88 73
88 80
17 97
41 44
89 32
28 70
89 19
31 1
61 88
88 68
86 32
31 67
69 27
43 87
62 74
50 72
11 82
20 57
17 22
53 73
71 60
49 47
28 64
53 55
81 62
61 36
73 59
28 85
29 87
64 25
3 64
61 44
62 48
38 36
5 81
97 55
61 54
10 36
28 44
76 84
13 86
5 43
4 36
1 74
48 9
5 2
17 40
96 20
90 86
60 39
88 35
67 38
94 11
77 43
73 32
41 83
86 92
80 55
90 86
3 85
16 92
7 84
48 79
63 6
99 97
65 20
82 76
69 96
96 26
94 32
73 46
34 23
19 8
29 100
81 11
93 3
71 55
14 35
53 88
5 65
56 29
12 30
5 47
31 49
60 35
75 82
49 2
70 22
85 91
45 35
28 40
90 43
56 22
6 30
29 36
94 79
73 48
9 86
62 2
4 91
53 74
10 12
71 85
24 27
15 27
72 83
88 8
3 44
8 57
81 72
70 39
18 16
18 46
77 13
9 29
75 41
2 33
3 92
4 66
34 24
62 13
41 22
95 41
66 42
69 57
39 25
3 30
8 68
60 55
8 100
19 98
5 100
48 78
41 40
10 76
63 3
11 79
90 41
11 46
11 59
49 33
100 84
36 25
45 80
3 76
89 39
24 30
36 33
62 43
56 74
55 32
77 49
59 57
57 79
28 3
46 17
91 57
59 76
77 91
63 40
25 79
93 25
6 37
1 40
58 20
10 41
83 80
86 87
49 76
61 60
64 37
33 26
37 35
17 16
10 87
81 80
89 95
61 91
58 45
12 39
82 91
39 92
47 32
23 30
55 44
5 87
61 65
31 39
58 10
65 38
53 46
62 36
83 30
62 49
82 87
50 19
69 25
8 70
3 86
67 20
74 92
43 44
64 32
98 82
10 7
17 86
50 73
34 14
24 88
98 16
1 14
62 72
69 22
49 35
99 95
43 79
99 37
28 97
67 22
3 35
54 76
81 19
11 95
3 46
58 57
69 17
29 33
50 1
45 80
15 86
18 80
66 67
59 64
50 73
62 2
89 47
52 17
63 6
64 98
45 80
5 35
48 57
5 38
5 54
45 92
72 91
98 68
68 97
9 54
77 65
9 97
66 70
46 30
49 80
61 87
6 59
1 78
58 34
77 33
74 97
31 52
17 36
45 20
7 37
76 55
46 17
86 44
53 22
34 51
75 3
7 79
87 91
5 3
98 26
95 57
15 38
77 61
95 27
75 13
73 1
41 80
59 78
86 40
13 26
95 54
88 72
45 47
96 82
58 30
93 30
62 94
19 72
76 16
32 79
80 40
39 78
89 57
50 21
45 78
93 59
34 99
58 63
89 95
97 80
50 53
24 48
63 29
60 95
3 97
53 16
31 84
88 7
66 98
99 54
73 39
88 44
39 84
68 16
51 32
20 22
65 2
98 20
71 46
6 87
51 25
63 97
89 29
31 41
45 79
31 8
54 18
29 83
16 79
59 84
70 30
60 78
78 30
57 42
69 48
85 64
71 60
73 64
19 60
31 64
69 48
77 49
18 68
67 91
21 91
50 95
65 52
81 61
56 73
81 89
69 95
9 54
49 68
51 100
58 61
1 80
93 57
64 68
51 7
31 72
23 16
94 32
63 3
78 97
58 56
54 55
52 36
10 32
66 14
3 98
96 48
41 82
51 95
8 9
27 26
94 87
61 82
1 76
19 15
77 42
22 40
70 35
81 8
1 32
23 94
63 86
77 55
96 80
58 72
12 14
61 17
9 57
12 45
24 1
64 72
81 37
96 51
58 53
6 51
18 94
46 45
69 36
11 91
64 42
64 68
76 79
12 64
65 21
34 67
58 55
96 65
18 39
73 30
10 78
47 100
29 32
94 13
17 47
99 69
63 96
99 98
31 80
90 92
5 62
73 66
76 35
31 92
84 33
12 26
89 73
89 28
45 76
23 39
25 26
39 30
4 54
93 80
25 74
88 27
90 15
93 89
50 94
95 37
66 16
98 20
74 80
1 21
89 9
52 22
7 70
58 68
49 70
48 16
45 35
82 39
38 76
22 84
62 47
31 78
13 16
74 26
11 59
20 97
55 33
43 26
52 66
9 76
93 36
87 70
12 86
50 49
64 84
75 82
69 79
93 45
49 64
89 15
81 55
18 11
75 73
20 57
9 17
89 13
61 43
75 95
51 22
89 88
53 27
60 14
3 76
58 99
4 37
32 44
99 55
85 15
66 86
81 73
85 84
2 92
96 41
90 46
29 83
12 2
71 92
24 88
90 68
47 42
49 20
56 73
48 83
49 44
46 42
49 86
50 41
90 8
7 22
49 64
60 27
23 31
24 89
41 79
93 87
78 26
34 97
36 80
23 17
81 62
13 70
96 82
53 9
19 29
38 74
95 40
72 36
77 82
7 57
82 91
57 79
41 91
86 21
54 92
81 37
13 11
6 51
3 1
61 57
89 100
3 48
58 35
77 14
5 48
11 57
27 39
11 4
27 26
69 2
50 17
82 97
37 80
47 21
12 66
69 63
5 55
69 96
51 12
23 36
81 84
7 27
69 83
69 48
48 40
4 64
37 42
100 33
11 38
52 82
1 32
88 43
60 16
13 67
8 32
6 38
88 100
81 37
19 98
17 43
95 15
51 14
24 8
24 30
59 16
90 9
65 21
41 92
88 73
95 72
1 20
8 21
4 22
58 42
71 78
46 14
38 26
69 92
6 9
34 7
12 33
31 78
21 97
25 22
81 90
49 29
49 54
28 66
56 24
34 25
31 20
19 26
13 29
34 17
94 20
44 28
20 26
34 92
88 35
61 57
56 94
52 40
77 7
38 2
71 66
34 68
43 25
81 86
64 32
10 59
67 17
49 74
11 60
61 51
48 33
61 79
70 80
34 95
94 74
63 9
96 65
88 42
18 28
3 97
77 52
93 13
81 98
17 57
77 70
23 84
17 57
99 81
52 54
89 86
9 17
34 56
48 40
76 16
12 97
48 37
65 74
50 79
35 42
13 35
4 47
73 52
85 59
59 84
24 72
59 87
71 35
23 14
89 13
25 30
8 92
100 16
25 76
53 75
54 30
8 16
3 55
64 40
41 76
49 86
34 21
64 25
58 17
76 30
12 76
88 60
1 36
7 45
26 30
100 35
69 37
80 91
3 2
71 41
12 91
12 27
98 79
31 63
8 3
4 66
72 33
45 37
72 39
47 74
71 46
13 37
27 83
56 57
56 45
53 94
23 56
68 22
33 79
26 57
58 90
71 33
29 76
51 11
91 79
86 80
75 80
36 74
32 92
11 47
41 45
77 14
9 98
94 79
49 26
65 2
4 55
5 65
93 32
59 100
11 76
82 40
60 70
29 27
13 33
94 91
51 2
43 98
18 34
31 84
34 68
64 83
49 38
53 63
61 54
24 7
94 46
5 40
61 84
8 100
23 65
9 100
3 47
67 82
23 11
53 30
50 8
58 65
69 91
81 70
63 79
86 27
9 32
15 80
65 67
45 68
4 25
38 16
43 33
65 80
48 47
52 26
50 56
48 72
77 15
76 40
15 80
33 92
51 95
12 36
93 43
61 12
95 55
13 92
19 67
63 60
71 42
96 8
49 55
58 61
11 9
87 21
52 70
65 22
7 91
58 92
69 47
45 39
81 92
90 95
43 82
34 24
41 74
5 57
4 66
52 42
7 45
82 21
5 53
84 40
54 16
31 54
52 15
8 97
24 39
7 25
11 21
43 97
61 76
49 64
14 55
74 40
93 67
69 41
82 92
94 28
73 64
14 76
28 12
12 22
31 8
63 42
73 43
75 21
95 59
72 80
71 42
45 30
53 21
77 32
81 48
52 7
59 32
56 72
24 86
53 25
56 80
72 100
75 79
99 93
69 73
58 23
56 8
23 54
48 15
70 40
64 22
96 9
93 95
11 68
90 64
56 57
19 92
23 85
10 15
67 26
33 42
11 92
19 85
36 20
23 39
13 30
31 49
31 47
5 13
28 98
58 34
33 92
1 25
66 47
3 25
51 27
1 36
17 1
58 46
65 30
63 88
53 36
81 70
52 40
71 61
29 20
77 55
56 22
71 47
75 68
24 35
46 40
73 60
83 40
18 36
75 74
6 55
58 98
64 100
41 7
1 83
96 82
19 7
87 42
14 72
39 84
5 55
67 47
11 35
93 22
31 52
4 2
43 87
65 59
24 72
11 97
31 83
8 11
31 37
8 7
7 36
66 16
52 91
96 6
89 68
18 95
85 78
75 13
10 71
15 4
41 17
96 83
41 16
43 25
67 38
43 22
37 33
95 98
96 22
66 83
4 97
38 29
64 86
5 58
86 20
69 55
56 52
24 42
6 48
94 12
60 95
13 33
86 40
4 55
71 93
32 92
93 56
39 78
52 48
97 80
38 29
5 41
18 16
88 74
43 35
83 78
85 7
46 98
18 60
99 3
61 54
47 82
28 73
31 2
81 91
71 100
72 91
23 95
27 78
77 27
28 68
57 16
18 73
81 21
10 56
74 57
59 1
51 26
61 33
26 30
37 44
10 36
85 100
18 20
10 3
13 22
55 57
96 95
99 41
86 76
17 16
62 100
9 83
99 65
39 83
73 92
47 76
11 68
95 79
36 78
49 25
54 38
53 67
95 76
8 79
53 70
88 52
46 70
69 64
64 80
24 20
70 39
72 40
67 36
9 41
19 80
11 76
89 73
73 29
62 69
90 68
69 74
31 70
99 47
12 76
57 42
76 42
59 32
50 20
47 91
61 45
34 9
73 49
28 15
77 6
10 7
45 78
45 36
88 97
75 29
65 7
45 84
48 4
49 59
18 13
5 33
100 76
58 74
39 30
49 29
76 84
51 59
94 30
99 45
36 42
75 3
56 64
61 69
49 82
6 85
79 44
52 80
77 89
88 4
12 8
83 92
10 44
75 68
26 32
20 57
48 2
67 7
82 36
3 72
6 51
83 60
51 38
62 38
18 48
33 42
26 9
87 44
66 2
96 6
64 57
7 17
10 32
4 83
39 74
22 76
77 46
82 44
62 91
31 44
4 37
77 54
48 47
96 97
69 16
15 37
48 82
6 68
66 70
37 35
58 3
65 29
93 52
49 30
89 96
10 88
61 16
28 100
27 42
71 82
16 92
28 49
55 44
95 16
24 16
13 20
85 72
27 92
19 21
71 72
61 21
72 30
23 57
75 55
73 78
82 79
99 81
63 78
64 83
28 85
17 37
87 57
8 29
97 55
53 31
90 85
13 35
34 88
62 13
41 36
23 51
29 37
34 87
90 84
61 40
71 28
86 16
8 64
3 1
56 100
67 42
99 94
89 19
67 44
45 36
12 98
3 45
86 76
5 30
50 45
11 47
56 64
62 83
23 4
46 32
18 62
71 54
4 43
93 16
50 9
81 54
88 60
59 98
10 30
56 43
3 59
64 98
63 32
89 26
49 36
87 91
71 97
59 32
26 92
96 47
26 30
10 76
8 91
11 33
22 97
29 42
9 78
60 78
81 90
47 98
70 37
93 67
94 73
83 21
75 49
59 40
99 57
65 30
23 51
48 79
75 57
5 19
32 40
59 16
10 50
46 4
69 11
78 80
62 73
87 74
23 31
89 97
5 56
63 83
10 36
3 4
60 54
24 90
53 54
24 3
56 45
81 92
93 36
34 92
68 32
48 100
94 37
93 31
1 42
97 35
37 57
90 2
59 14
93 74
54 87
3 17
5 18
39 87
69 35
12 86
99 40
62 8
99 64
60 30
5 34
2 70
49 91
59 78
47 68
38 25
28 4
51 91
2 25
49 91
10 96
69 12
66 67
31 89
65 1
31 84
1 97
98 55
12 80
34 33
51 17
3 80
99 84
69 94
93 7
13 27
50 37
47 84
67 91
78 92
12 44
5 47
52 49
64 20
70 21
52 4
23 42
71 82
32 42
74 92
95 36
2 68
34 23
99 53
47 70
23 76
81 22
85 14
90 64
3 29
94 36
3 44
41 70
50 31
99 87
4 21
83 16
90 64
75 91
51 9
20 92
35 92
73 47
81 17
43 74
99 78
34 46
43 22
48 86
66 35
52 33
6 60
81 52
56 88
9 21
98 87
98 30
69 57
85 27
73 79
46 72
69 92
24 46
25 57
62 92
11 46
93 56
66 97
63 8
56 2
94 7
5 52
45 80
50 21
88 80
70 33
68 59
66 79
3 64
54 35
9 67
50 31
15 87
50 9
60 42
71 74
62 2
52 20
85 48
89 67
71 67
2 72
52 4
28 87
78 97
99 11
10 83
48 42
75 9
53 2
67 78
53 45
19 73
36 91
65 39
69 40
28 85
15 87
53 19
98 32
88 78
83 21
21 97
4 7
53 68
74 79
68 16
49 76
98 78
74 97
85 76
91 40
93 21
26 16
56 76
29 40
65 8
87 16
6 35
21 97
58 26
95 29
3 29
1 14
28 72
29 55
97 33
81 24
50 74
3 26
99 17
99 48
58 20
61 33
18 82
95 39
66 45
69 2
73 46
18 91
28 46
72 97
47 91
12 25
83 68
66 67
31 84
83 44
83 68
23 16
28 49
49 47
62 83
83 32
69 85
35 65
56 49
60 100
9 22
20 55
60 100
93 16
23 9
98 26
69 82
100 97
23 72
17 82
89 86
72 74
61 1
73 36
29 97
50 55
58 92
72 21
7 38
11 29
97 80
82 72
9 66
81 84
36 33
28 80
75 80
1 80
68 55
2 92
29 14
33 35
31 42
41 47
62 72
87 42
43 84
83 30
9 22
66 68
43 97
56 92
77 36
59 83
38 97
12 41
81 55
97 40
73 52
51 35
58 75
72 32
52 46
50 32
29 2
19 59
23 45
23 29
18 38
89 59
69 11
91 57
39 44
69 72
63 60
31 12
31 52
73 60
54 37
93 41
69 1
75 12
9 14
96 82
71 33
59 79
6 40
58 75
4 7
49 70
49 55
38 33
19 96
45 25
5 53
66 35
49 80
69 32
31 49
77 30
63 13
95 41
50 79
77 56
61 43
62 15
90 85
96 7
58 2
94 91
27 40
29 39
67 45
49 41
10 76
10 60
8 84
18 14
81 57
4 14
5 22
49 70
46 83
67 39
1 26
58 22
93 20
61 3
28 1
51 7
28 100
18 69
38 29
9 30
41 2
87 97
20 80
71 97
86 55
66 54
77 32
65 41
18 49
17 40
94 22
78 35
51 64
36 20
81 93
6 67
63 43
11 48
34 6
73 33
33 91
5 47
90 27
13 40
95 35
19 47
67 84
96 43
88 74
99 87
78 92
28 22
95 43
69 98
61 53
43 76
45 83
58 70
90 83
29 21
53 100
58 26
19 80
37 44
13 91
84 40
53 20
59 26
52 40
70 35
61 56
76 97
71 26
83 92
90 78
58 55
46 27
4 67
3 49
23 1
61 2
10 48
6 85
76 19
61 93
71 28
70 42
66 21
29 44
93 41
35 79
2 98
13 14
54 100
29 47
50 20
86 72
94 91
36 20
52 43
65 87
37 35
24 3
67 82
49 100
95 80
64 92
9 91
77 88
93 49
28 7
50 44
20 97
24 17
76 91
23 73
34 88
6 76
65 79
83 25
89 1
62 38
61 32
69 41
60 57
89 98
50 45
89 25
62 9
74 42
8 57
53 54
23 54
56 2
58 28
14 97
76 84
77 86
88 12
75 39
73 25
94 90
50 63
52 40
94 33
10 72
39 32
45 84
7 100
12 95
31 76
11 60
28 87
87 32
81 47
86 100
71 69
8 57
1 74
7 82
77 82
17 30
10 22
71 44
23 24
13 43
94 91
75 11
75 59
19 97
71 55
59 97
10 79
88 26
59 38
94 72
29 35
51 97
13 35
69 46
34 71
24 43
66 35
11 45
73 60
82 37
35 44
49 80
4 82
70 83
68 97
52 21
50 51
99 95
71 44
82 33
62 78
38 26
86 82
24 7
99 85
93 9
34 10
53 27
69 92
90 21
33 92
99 8
45 74
65 47
88 59
34 82
10 66
2 79
50 14
67 72
50 94
34 49
9 21
53 8
37 35
86 78
63 84
10 20
48 41
4 74
56 66
8 97
11 16
7 84
5 24
7 82
3 76
41 17
10 1
71 12
36 68
70 36
45 74
75 8
60 97
23 87
28 98
52 22
51 14
96 73
56 63
69 51
13 21
43 26
37 26
28 78
65 26
18 49
88 39
5 15
5 3
77 17
3 82
56 46
7 70
18 26
26 32
48 36
24 29
49 57
28 26
47 79
31 98
15 16
62 69
43 20
89 21
5 99
1 45
52 100
34 54
71 95
69 63
18 94
99 66
24 43
7 29
26 79
69 19
34 62
68 55
24 90
51 27
63 65
31 89
28 97
68 37
56 51
5 16
99 52
58 60
69 86
24 29
37 76
47 42
93 60
54 47
81 93
14 22
93 20
58 87
88 52
19 40
87 76
14 37
5 99
12 85
34 52
88 100
75 25
28 40
34 27
75 6
73 27
15 86
24 51
66 2
90 1
18 97
23 44
94 42
10 94
38 92
88 95
19 8
51 100
66 29
91 57
18 7
49 21
58 20
51 28
46 38
60 76
53 3
8 60
31 52
85 33
23 39
8 47
69 43
94 89
38 79
2 98
43 40
65 12
2 55
17 100
76 97
50 33
37 84
90 45
19 14
53 16
91 79
8 87
34 43
65 39
66 86
8 20
45 57
65 76
64 72
19 68
28 54
99 19
84 80
93 22
24 47
43 79
5 16
85 39
72 44
95 15
46 4
78 84
18 67
7 43
5 91
99 40
51 84
28 30
22 57
31 22
85 42
53 12
58 10
58 55
94 74
80 16
5 88
50 28
56 65
53 24
49 68
39 16
5 95
59 42
77 83
41 40
52 91
49 43
48 35
56 38
18 70
81 96
28 44
11 14
77 3
10 80
57 42
4 57
23 66
95 85
8 68
11 66
47 78
9 38
17 55
21 22
15 27
75 100
31 42
27 91
19 48
24 86
5 66
89 1
63 39
88 17
46 17
38 27
94 9
54 32
1 87
67 22
47 33
53 19
1 37
71 96
81 19
31 36
52 27
28 1
24 54
10 74
52 40
58 92
51 64
47 30
14 25
60 38
63 44
45 42
94 38
15 16
80 32
94 57
45 57
15 29
10 69
66 64
71 69
100 35
71 94
5 31
48 59
58 2
93 6
51 32
95 22
34 16
38 37
58 85
34 68
10 48
96 1
77 16
19 13
28 55
18 10
29 79
5 94
98 57
60 87
12 7
10 62
18 15
70 44
11 60
75 64
89 97
35 42
60 66
61 63
31 80
58 17
96 87
75 87
62 79
53 64
10 53
88 85
48 26
3 38
18 78
29 32
88 78
18 2
28 9
71 43
94 15
99 40
77 2
53 39
61 63
84 35
81 71
14 21
99 91
80 79
66 43
88 30
38 96
69 3
10 60
7 1
38 35
57 40
5 62
43 72
23 79
90 66
89 36
69 75
41 86
46 66
47 22
59 17
9 30
2 78
18 32
62 80
8 42
52 92
45 25
84 33
71 20
90 83
51 60
56 87
69 88
65 52
71 56
63 78
61 68
99 13
85 9
43 38
56 76
61 73
54 84
27 36
5 84
9 43
90 78
26 40
50 7
77 4
47 14
24 44
4 96
65 73
10 40
33 79
12 52
10 30
9 98
82 68
12 57
3 59
84 26
34 63
65 17
99 98
4 33
34 17
99 30
3 59
32 30
50 35
27 2
87 97
4 21
67 86
6 66
8 27
95 82
24 70
97 84
31 11
10 11
60 7
65 28
7 26
60 27
62 22
61 30
59 43
28 92
63 96
99 67
65 44
38 79
63 15
62 53
76 44
60 57
63 3
45 70
96 83
93 51
53 65
34 69
93 41
3 37
11 84
6 22
27 36
77 87
6 30
10 11
52 30
61 15
88 4
31 89
85 7
34 52
50 99
58 100
6 1
62 79
90 83
75 33
96 78
23 3
6 37
80 79
64 17
43 92
28 48
29 20
65 75
99 31
99 52
95 49
78 91
39 74
69 9
85 70
24 90
29 32
68 55
5 38
45 22
93 33
69 75
27 33
2 30
58 65
66 67
58 39
75 90
10 79
51 92
23 56
51 54
8 52
94 98
88 17
38 68
54 82
91 30
53 78
85 29
73 42
41 22
93 19
45 16
54 72
31 28
27 33
72 55
6 84
17 70
94 7
52 14
6 83
61 88
86 26
93 16
47 74
74 91
61 85
81 44
27 78
15 14
95 74
10 86
19 32
18 27
50 87
23 31
94 76
13 27
73 45
81 73
89 55
23 7
19 90
75 48
18 9
56 47
49 80
100 30
31 86
19 2
34 65
51 16
66 27
67 83
49 64
68 55
39 79
19 4
71 7
99 56
63 47
69 25
7 27
6 39
62 61
19 8
75 2
24 86
94 43
49 37
38 39
56 98
87 25
28 91
17 100
7 54
64 45
5 56
43 2
81 60
27 83
34 87
26 91
17 78
35 79
42 54
88 54
3 42
24 2
81 66
64 78
43 74
99 26
73 38
13 25
81 80
61 85
46 70
55 57
23 43
24 69
85 45
39 92
3 72
77 70
29 76
71 60
41 15
58 33
24 89
56 59
17 33
81 78
35 79
53 70
17 35
78 26
87 37
10 9
47 57
70 39
99 57
95 26
43 97
9 79
95 32
37 76
31 15
15 17
15 2
50 23
36 55
58 25
23 42
61 63
78 35
17 37
34 10
58 57
6 82
77 67
59 92
53 41
63 6
58 17
27 92
11 54
58 52
89 51
72 70
4 68
9 20
12 98
6 54
75 21
36 20
83 37
3 41
58 8
20 87
77 46
50 99
84 91
53 56
48 91
75 35
84 91
23 72
29 20
36 25
8 44
72 84
9 44
82 37
2 72
69 6
73 35
5 99
43 74
81 97
62 15
74 33
97 32
99 86
19 33
62 7
50 89
88 12
59 97
71 93
10 12
76 35
85 27
51 84
46 44
3 83
61 54
99 27
10 24
4 39
75 57
23 26
89 72
48 67
61 33
43 54
65 47
3 47
86 35
13 68
53 91
10 98
10 46
52 55
89 26
20 84
69 33
50 99
45 84
33 44
18 56
67 47
18 50
87 21
41 20
60 15
61 8
11 9
58 53
56 49
19 32
69 79
50 78
66 26
10 67
52 21
69 20
63 16
10 47
31 46
94 30
50 47
22 35
65 60
8 48
56 21
27 87
63 42
13 21
97 80
3 14
99 94
7 27
52 59
66 97
83 25
26 59
89 98
56 28
78 97
14 35
58 80
12 29
89 21
22 92
68 42
49 35
85 33
82 26
73 47
73 79
77 84
4 20
8 60
50 100
28 72
11 60
53 67
62 7
28 42
39 9
59 64
80 26
25 57
7 1
19 27
12 73
63 20
41 16
85 30
61 48
66 64
63 78
26 42
75 60
75 13
7 82
71 59
34 64
60 33
13 29
81 23
36 32
86 80
67 70
90 35
95 100
56 3
88 7
78 22
48 54
75 48
23 9
20 21
63 52
96 73
16 44
68 26
81 94
15 86
38 57
51 16
20 97
11 1
23 25
56 48
46 95
18 39
9 54
60 83
65 40
63 68
7 78
24 75
4 47
95 91
64 79
6 9
86 80
46 79
28 66
45 55
11 32
23 57
77 89
48 15
24 96
71 95
29 68
59 4
51 83
25 44
93 15
11 41
69 26
13 21
59 38
88 13
36 37
45 29
82 33
62 100
64 55
96 13
51 45
19 52
65 49
99 70
11 33
5 89
9 91
29 35
11 55
71 37
71 84
51 11
81 83
24 83
86 83
15 26
99 43
73 100
24 30
13 3
94 11
64 72
50 19
77 84
63 80
29 92
8 79
50 47
96 9
51 28
23 42
4 14
99 29
43 54
51 44
73 55
9 64
61 65
14 42
77 76
15 35
89 81
10 78
90 78
94 31
56 39
51 82
90 2
63 74
31 19
98 57
59 39
53 76
13 98
93 75
10 56
62 86
93 92
86 70
64 16
93 12
5 8
15 92
81 79
71 12
94 51
19 40
58 62
62 68
93 90
12 90
81 9
13 95
93 73
85 68
11 79
93 79
67 16
85 84
67 92
10 20
31 35
49 80
88 38
98 100
22 97
89 84
63 54
48 100
36 100
89 35
65 43
56 92
25 16
94 8
43 22
56 76
63 85
3 27
61 11
96 66
73 3
70 55
81 85
31 90
81 79
98 100
51 70
22 40
10 86
51 67
56 75
21 79
64 22
99 80
19 74
39 26
1 54
81 22
96 60
62 22
34 39
5 43
67 82
81 72
95 84
2 74
19 82
4 26
71 66
88 59
52 1
90 54
43 40
10 49
95 78
5 52
5 98
65 82
90 32
45 74
47 36
11 33
23 17
19 7
60 52
3 20
71 20
22 40
56 11
18 37
93 72
36 78
3 36
65 70
77 12
60 92
1 98
94 96
25 76
62 97
58 94
19 9
50 91
15 83
23 47
66 68
71 36
64 55
53 40
86 91
83 79
89 39
47 98
88 14
51 91
18 22
34 15
8 97
54 76
67 76
93 36
83 74
61 8
43 33
69 4
61 3
64 82
64 21
61 76
34 67
31 29
49 91
23 45
1 79
69 98
25 35
34 7
18 14
85 68
10 32
71 6
75 51
51 44
50 91
69 36
49 30
56 96
4 40
38 30
93 52
56 94
88 90
59 30
41 86
12 72
89 59
100 32
17 42
90 76
5 27
70 33
89 84
12 39
61 97
82 20
11 14
18 4
51 4
20 44
18 26
98 40
77 97
81 88
34 38
28 91
18 80
13 29
89 82
43 39
72 20
76 30
53 36
93 14
76 74
19 98
19 43
67 21
27 37
51 15
52 38
50 37
50 31
29 21
48 70
47 55
18 67
78 44
82 97
56 82
51 70
27 21
19 39
41 97
81 55
54 27
50 30
48 54
62 75
18 66
53 15
77 49
81 61
71 14
85 7
22 44
18 74
81 65
93 19
24 33
14 100
94 74
38 2
23 94
58 9
63 46
83 91
6 92
76 32
61 98
72 100
40 30
10 78
52 87
65 12
51 49
41 57
83 100
15 70
98 72
83 100
52 2
7 26
29 92
60 16
71 72
14 33
46 98
58 30
89 20
49 21
86 39
59 42
28 14
47 2
49 27
86 35
3 59
49 20
51 95
53 38
56 7
2 40
68 80
17 38
47 82
81 73
46 55
53 59
24 72
25 91
71 67
13 98
69 85
95 47
60 35
61 64
34 14
69 74
93 37
52 41
19 26
47 26
62 33
9 33
98 78
61 12
85 70
55 32
74 42
31 97
71 11
50 1
99 54
38 55
89 32
93 28
50 17
31 38
51 42
46 70
4 84
94 48
65 76
89 38
48 1
98 55
74 79
83 16
11 39
6 2
77 59
19 72
51 80
29 68
96 21
18 13
99 88
53 46
88 8
95 37
9 67
10 61
27 80
92 79
49 70
90 78
17 32
6 44
50 79
95 7
8 2
77 46
22 83
51 25
77 33
88 27
73 80
88 37
65 85
18 44
71 53
56 16
9 87
29 42
56 63
1 43
4 70
77 90
59 43
21 37
23 4
63 36
69 9
5 43
6 98
24 84
77 52
12 49
48 25
23 1
68 20
23 25
59 17
46 83
53 4
56 47
4 40
28 2
77 59
70 37
29 27
95 53
73 68
24 15
53 83
19 57
95 26
17 97
83 35
4 79
62 68
77 88
38 47
89 68
11 60
46 49
69 49
91 16
90 4
93 22
69 26
65 15
65 80
58 31
41 29
12 29
65 13
66 36
66 64
47 91
37 26
67 78
77 61
53 24
81 91
93 11
93 94
5 18
48 98
60 29
23 31
9 72
23 30
31 4
60 44
82 30
58 24
61 13
32 40
98 92
3 27
4 44
45 20
86 47
24 32
56 54
5 44
</input>
      <output size="2">No</output>
      <correct size="3">No
</correct>
      <stderr size="0"></stderr>
      <checker size="14">ok Answer No 
</checker>
    </test>
    <test num="2" status="OK" time="1" real-time="2" max-memory-used="454656"  checker-comment="ok Answer No" >
  <program-stats-str>{ utime=0, stime=1, ptime=1, rtime=2, maxvsz=454656, maxrss=3092480, nvcsw=1, nivcsw=1 }</program-stats-str>
  <checker-stats-str>{ utime=0, stime=0, ptime=0, rtime=1, maxvsz=462848, maxrss=2387968, nvcsw=1, nivcsw=1 }</checker-stats-str>
      <input size="12">2 2
1 2
2 1
</input>
      <output size="2">No</output>
      <correct size="3">No
</correct>
      <stderr size="0"></stderr>
      <checker size="14">ok Answer No 
</checker>
    </test>
    <test num="3" status="OK" time="1" real-time="2" max-memory-used="454656"  checker-comment="ok Ok!!!" >
  <program-stats-str>{ utime=0, stime=1, ptime=1, rtime=2, maxvsz=454656, maxrss=3026944, nvcsw=1, nivcsw=1 }</program-stats-str>
  <checker-stats-str>{ utime=0, stime=0, ptime=0, rtime=1, maxvsz=462848, maxrss=2387968, nvcsw=1, nivcsw=1 }</checker-stats-str>
      <input size="32">3 7
1 2
2 3
1 3
2 3
1 2
1 2
1 3
</input>
      <output size="10">Yes
1 2 3 </output>
      <correct size="11">Yes
1 2 3 
</correct>
      <stderr size="0"></stderr>
      <checker size="10">ok Ok!!! 
</checker>
    </test>
    <test num="4" status="OK" time="1" real-time="3" max-memory-used="454656"  checker-comment="ok Answer No" >
  <program-stats-str>{ utime=0, stime=1, ptime=1, rtime=3, maxvsz=454656, maxrss=3305472, nvcsw=1, nivcsw=1 }</program-stats-str>
  <checker-stats-str>{ utime=0, stime=0, ptime=0, rtime=2, maxvsz=462848, maxrss=2387968, nvcsw=1, nivcsw=2 }</checker-stats-str>
      <input size="24">5 5
1 2
2 4
4 3
3 2
3 5
</input>
      <output size="2">No</output>
      <correct size="3">No
</correct>
      <stderr size="0"></stderr>
      <checker size="14">ok Answer No 
</checker>
    </test>
    <test num="5" status="OK" time="2" real-time="3" max-memory-used="454656"  checker-comment="ok Answer No" >
  <program-stats-str>{ utime=1, stime=1, ptime=2, rtime=3, maxvsz=454656, maxrss=3108864, nvcsw=1, nivcsw=2 }</program-stats-str>
  <checker-stats-str>{ utime=0, stime=0, ptime=0, rtime=1, maxvsz=462848, maxrss=2387968, nvcsw=1, nivcsw=1 }</checker-stats-str>
      <input size="16">3 3
1 2
2 3
3 1
</input>
      <output size="2">No</output>
      <correct size="3">No
</correct>
      <stderr size="0"></stderr>
      <checker size="14">ok Answer No 
</checker>
    </test>
    <test num="6" status="OK" time="1" real-time="3" max-memory-used="454656"  checker-comment="ok Ok!!!" >
  <program-stats-str>{ utime=0, stime=1, ptime=1, rtime=3, maxvsz=454656, maxrss=3137536, nvcsw=1, nivcsw=1 }</program-stats-str>
  <checker-stats-str>{ utime=0, stime=0, ptime=0, rtime=1, maxvsz=462848, maxrss=2387968, nvcsw=1, nivcsw=1 }</checker-stats-str>
      <input size="8">7 1
5 7
</input>
      <output size="18">Yes
6 5 7 4 3 2 1 </output>
      <correct size="19">Yes
6 5 7 4 3 2 1 
</correct>
      <stderr size="0"></stderr>
      <checker size="10">ok Ok!!! 
</checker>
    </test>
    <test num="7" status="OK" time="1" real-time="2" max-memory-used="454656"  checker-comment="ok Ok!!!" >
  <program-stats-str>{ utime=0, stime=1, ptime=1, rtime=2, maxvsz=454656, maxrss=2969600, nvcsw=1, nivcsw=1 }</program-stats-str>
  <checker-stats-str>{ utime=0, stime=0, ptime=0, rtime=1, maxvsz=462848, maxrss=2387968, nvcsw=1, nivcsw=1 }</checker-stats-str>
      <input size="16">3 3
1 2
1 3
2 3
</input>
      <output size="10">Yes
1 2 3 </output>
      <correct size="11">Yes
1 2 3 
</correct>
      <stderr size="0"></stderr>
      <checker size="10">ok Ok!!! 
</checker>
    </test>
    <test num="8" status="OK" time="1" real-time="2" max-memory-used="454656"  checker-comment="ok Answer No" >
  <program-stats-str>{ utime=0, stime=1, ptime=1, rtime=2, maxvsz=454656, maxrss=2981888, nvcsw=1, nivcsw=2 }</program-stats-str>
  <checker-stats-str>{ utime=0, stime=0, ptime=0, rtime=1, maxvsz=462848, maxrss=2387968, nvcsw=1, nivcsw=1 }</checker-stats-str>
      <input size="24">4 5
1 2
2 3
3 4
1 4
4 1
</input>
      <output size="2">No</output>
      <correct size="3">No
</correct>
      <stderr size="0"></stderr>
      <checker size="14">ok Answer No 
</checker>
    </test>
    <test num="9" status="OK" time="1" real-time="2" max-memory-used="454656"  checker-comment="ok Answer No" >
  <program-stats-str>{ utime=0, stime=1, ptime=1, rtime=2, maxvsz=454656, maxrss=3088384, nvcsw=1, nivcsw=1 }</program-stats-str>
  <checker-stats-str>{ utime=0, stime=0, ptime=0, rtime=1, maxvsz=462848, maxrss=2387968, nvcsw=1, nivcsw=1 }</checker-stats-str>
      <input size="32">5 7
1 3
3 2
2 5
5 4
3 4
4 2
1 2
</input>
      <output size="2">No</output>
      <correct size="3">No
</correct>
      <stderr size="0"></stderr>
      <checker size="14">ok Answer No 
</checker>
    </test>
    <test num="10" status="OK" time="1" real-time="3" max-memory-used="454656"  checker-comment="ok Ok!!!" >
  <program-stats-str>{ utime=0, stime=1, ptime=1, rtime=3, maxvsz=454656, maxrss=3104768, nvcsw=1, nivcsw=1 }</program-stats-str>
  <checker-stats-str>{ utime=0, stime=0, ptime=0, rtime=2, maxvsz=462848, maxrss=2387968, nvcsw=1, nivcsw=1 }</checker-stats-str>
      <input size="57">100 10
1 3
2 5
6 3
4 7
8 2
7 11
12 34
23 45
67 45
45 100
</input>
      <output size="296">Yes
99 98 97 96 95 94 93 92 91 90 89 88 87 86 85 84 83 82 81 80 79 78 77 76 75 74 73 72 71 70 69 68 67 66 65 64 63 62 61 60 59 58 57 56 55 54 53 52 51 50 49 48 47 46 44 43 42 41 40 39 38 37 36 35 33 32 31 30 29 28 27 26 25 24 23 45 100 22 21 20 19 18 17 16 15 14 13 12 34 10 9 8 6 4 7 11 2 5 1 3 </output>
      <correct size="297">Yes
99 98 97 96 95 94 93 92 91 90 89 88 87 86 85 84 83 82 81 80 79 78 77 76 75 74 73 72 71 70 69 68 67 66 65 64 63 62 61 60 59 58 57 56 55 54 53 52 51 50 49 48 47 46 44 43 42 41 40 39 38 37 36 35 33 32 31 30 29 28 27 26 25 24 23 45 100 22 21 20 19 18 17 16 15 14 13 12 34 10 9 8 6 4 7 11 2 5 1 3 
</correct>
      <stderr size="0"></stderr>
      <checker size="10">ok Ok!!! 
</checker>
    </test>
    <test num="11" status="OK" time="2" real-time="4" max-memory-used="454656"  checker-comment="ok Answer No" >
  <program-stats-str>{ utime=1, stime=1, ptime=2, rtime=4, maxvsz=454656, maxrss=3129344, nvcsw=1, nivcsw=3 }</program-stats-str>
  <checker-stats-str>{ utime=0, stime=0, ptime=0, rtime=1, maxvsz=462848, maxrss=2387968, nvcsw=1, nivcsw=1 }</checker-stats-str>
      <input size="6952">63 1214
45 14
24 22
15 35
5 57
51 59
1 52
15 34
44 26
9 24
16 33
45 18
57 54
19 57
58 53
61 14
1 19
21 27
7 62
20 39
51 40
25 11
3 15
44 29
23 53
51 20
29 8
50 6
20 48
52 32
1 23
17 4
33 34
2 37
7 45
13 17
33 36
38 24
1 2
35 26
63 15
34 12
50 44
45 34
26 43
18 40
52 11
54 58
58 16
46 8
42 29
61 49
53 35
60 25
36 13
32 44
28 25
54 36
26 21
20 28
35 40
8 37
24 35
9 28
38 62
18 48
24 31
50 31
52 28
27 42
40 5
32 35
6 14
23 29
27 38
13 44
16 42
42 56
22 56
43 37
39 25
8 50
62 18
8 49
46 45
9 47
16 23
61 60
38 18
61 56
20 54
43 37
33 12
43 11
37 6
43 53
17 34
44 16
45 39
47 43
4 52
28 38
2 53
28 29
40 9
56 27
48 19
62 28
20 62
13 23
57 51
60 38
50 32
1 62
55 28
35 16
22 33
4 26
21 29
35 31
15 37
39 43
37 50
39 16
57 54
33 61
51 29
13 43
55 59
10 38
53 12
53 45
55 58
52 29
15 40
30 4
49 43
53 42
19 51
42 34
12 6
8 22
35 20
58 3
28 20
14 10
44 13
5 51
38 15
48 21
51 55
20 19
52 1
26 27
10 59
1 7
53 1
48 11
3 13
59 60
53 4
55 4
33 24
59 15
13 6
13 57
36 11
61 40
10 57
33 35
51 18
5 52
10 18
26 33
20 63
38 5
17 63
60 51
25 31
30 12
22 16
4 21
59 28
47 48
39 26
53 43
26 47
37 49
16 54
20 40
36 3
14 6
32 53
32 18
6 4
45 57
6 45
63 59
63 60
3 30
50 32
49 43
59 48
4 50
52 49
58 57
25 38
31 9
33 3
50 27
30 31
19 9
32 53
8 28
54 28
2 63
13 33
23 48
4 63
62 10
48 49
12 17
33 25
19 13
26 59
31 34
29 33
63 40
14 10
54 40
47 39
19 45
29 18
48 26
26 19
21 9
13 8
57 37
5 28
53 8
34 23
23 17
30 13
37 27
60 27
59 41
35 38
25 10
47 24
37 15
54 59
4 54
28 4
34 5
5 62
31 37
49 18
24 31
14 47
31 50
46 48
5 53
3 52
40 26
20 3
21 12
41 8
48 40
9 34
21 27
19 26
57 31
51 52
4 3
17 47
63 33
37 14
32 53
18 35
9 38
43 48
63 29
15 36
37 26
9 63
14 6
20 22
59 15
2 33
48 25
56 57
2 21
13 43
35 33
54 55
31 6
47 54
42 25
25 5
55 7
34 19
5 18
13 53
52 17
49 19
26 58
19 8
21 27
17 43
59 62
19 48
33 29
34 21
3 51
6 54
17 52
52 1
18 11
20 62
58 27
39 55
8 41
11 55
11 62
48 23
28 34
25 37
17 42
25 18
37 39
27 25
36 4
23 48
21 11
8 22
61 49
45 29
5 36
19 33
17 40
58 2
8 62
32 63
51 54
41 61
23 3
56 16
56 39
14 32
53 15
19 34
46 35
63 43
53 2
46 58
63 19
16 13
25 6
56 37
58 34
18 15
26 22
6 10
41 28
26 14
57 9
61 40
37 10
2 20
20 27
60 63
36 57
34 44
3 59
14 31
17 13
18 38
18 20
15 27
19 33
26 40
52 18
28 39
43 34
30 12
34 44
18 4
5 57
36 26
53 57
20 13
54 49
5 36
47 57
21 22
54 40
40 9
60 7
11 5
59 39
9 38
57 52
47 36
5 61
49 50
55 48
32 8
4 28
3 8
35 14
53 44
17 14
7 51
13 14
55 49
63 53
22 2
51 10
22 23
16 46
32 25
34 12
63 16
33 38
2 3
6 43
38 9
55 30
60 43
33 56
32 25
18 28
22 7
15 24
24 20
34 28
39 56
35 18
28 31
44 1
12 5
39 12
29 1
24 34
26 22
11 10
38 30
2 26
7 63
3 4
32 54
13 26
7 29
40 35
60 6
51 23
42 32
53 22
44 36
37 52
11 20
35 39
27 13
63 44
19 53
46 21
36 25
49 14
7 13
8 35
28 55
13 55
4 37
54 35
35 34
34 3
59 38
35 56
49 32
56 38
10 1
54 35
43 42
49 39
4 57
5 13
22 35
19 3
16 54
48 12
61 44
42 10
7 14
4 8
53 5
5 41
3 28
8 20
57 47
27 48
63 3
28 32
14 5
60 27
10 22
54 62
55 16
38 30
53 58
27 26
52 14
1 37
54 56
39 19
11 63
47 61
32 4
62 63
12 62
9 61
14 60
5 48
21 39
62 23
53 54
8 20
4 25
2 32
22 49
47 42
8 40
20 61
3 57
49 5
21 42
15 49
53 5
15 52
62 26
4 29
57 34
56 48
36 26
27 38
37 24
58 43
50 41
48 26
10 11
11 54
58 12
43 25
57 27
38 29
26 27
15 62
9 32
41 24
15 63
8 35
9 40
12 2
40 1
14 28
26 53
60 22
46 13
19 14
31 55
28 32
33 56
59 56
58 49
54 42
14 28
43 53
46 29
27 14
15 63
44 27
55 54
55 51
27 26
3 24
56 24
33 53
46 7
10 51
63 33
52 5
20 16
30 54
12 1
56 40
21 3
52 53
53 21
3 61
28 15
21 53
28 22
54 30
21 52
60 18
1 2
21 19
8 6
49 33
51 47
20 21
3 60
20 44
48 7
58 50
63 37
37 11
16 21
42 9
56 62
35 33
11 13
26 24
37 54
29 43
52 36
37 62
40 42
2 5
22 51
7 19
53 29
43 58
15 26
20 21
48 29
46 32
47 45
30 34
5 53
10 52
3 20
33 24
49 31
17 6
29 25
35 49
42 6
34 6
38 25
24 62
52 51
19 49
40 48
48 17
15 28
21 7
18 10
30 34
26 1
40 38
36 24
13 61
50 17
33 43
3 53
59 21
35 43
9 6
24 62
9 25
37 15
5 55
55 51
16 58
23 58
34 19
1 8
30 38
39 38
9 10
24 12
11 52
46 56
60 31
10 46
30 46
10 22
24 35
9 44
26 61
7 19
11 16
42 31
10 61
51 16
14 19
35 27
34 60
27 37
59 58
29 10
24 48
34 63
47 60
47 3
8 21
8 14
42 52
22 39
2 25
5 39
49 50
50 45
43 1
43 14
17 5
53 29
58 49
51 28
50 4
42 4
36 21
21 27
37 42
24 31
8 29
41 12
6 54
53 11
32 50
62 21
1 32
7 53
12 35
5 34
25 18
60 4
40 9
54 29
33 37
9 1
59 60
1 42
33 62
19 39
19 3
2 55
19 22
30 63
6 5
14 11
48 5
9 49
52 26
1 37
40 43
37 43
6 8
43 27
15 48
25 48
27 16
52 1
51 45
9 63
45 46
32 29
22 6
61 26
18 56
15 46
1 13
34 49
27 24
42 33
58 6
24 53
40 23
34 62
34 12
56 58
45 59
29 3
46 24
15 60
23 34
33 42
2 52
14 28
4 10
2 46
60 7
53 5
50 44
35 36
24 14
36 16
53 23
49 27
55 28
14 7
34 52
52 14
39 24
15 12
29 32
15 38
57 13
22 12
7 30
45 38
59 60
8 27
9 2
42 41
57 33
8 24
50 7
35 63
33 52
16 58
10 24
52 27
39 5
11 3
3 40
59 18
27 38
4 42
47 11
14 59
17 42
58 55
11 22
21 48
16 45
17 43
63 15
44 33
63 34
42 31
20 53
29 54
5 45
55 60
7 32
3 46
37 43
21 51
50 46
52 39
59 36
31 40
10 52
6 27
24 55
7 18
45 28
32 62
47 43
39 55
8 30
51 40
42 54
38 44
26 15
24 35
42 9
20 28
9 45
25 54
26 29
35 42
42 52
8 43
51 53
12 51
56 12
40 46
53 57
10 9
46 41
3 29
2 41
48 55
24 22
10 5
40 49
59 39
29 41
4 56
56 11
4 60
20 53
53 8
32 20
47 18
56 41
29 44
40 18
33 1
47 53
20 21
19 57
36 25
48 63
32 14
55 13
57 12
17 7
47 18
15 25
6 7
11 29
37 42
40 37
1 56
32 53
60 1
35 2
60 9
36 54
2 8
58 48
31 17
18 30
20 53
58 19
33 25
4 14
28 15
56 44
46 27
1 26
33 16
62 25
60 31
9 39
14 41
11 33
58 42
27 13
25 54
54 33
24 40
37 36
22 21
17 23
14 5
55 33
51 52
30 40
38 28
46 15
12 44
26 2
31 17
52 14
24 31
15 52
25 62
38 22
53 19
15 9
43 10
58 35
26 23
54 55
17 57
11 25
3 53
23 33
61 21
19 23
50 12
55 25
30 37
28 35
46 36
63 39
12 53
16 3
48 11
30 61
19 24
29 24
13 40
10 48
11 6
12 8
19 39
44 18
57 52
52 27
16 57
24 26
21 37
19 5
2 15
63 34
47 26
40 44
21 7
7 52
20 36
57 35
61 46
54 9
54 39
28 43
41 31
22 59
55 22
48 40
57 31
2 11
37 57
11 52
31 8
61 46
31 19
18 4
8 52
39 45
9 46
24 63
27 12
17 16
44 3
33 63
24 22
44 48
59 55
56 53
56 22
26 9
27 48
12 56
15 7
47 7
48 37
57 26
38 61
15 6
6 59
33 60
34 21
20 23
35 47
26 50
62 15
33 43
2 9
14 59
4 33
9 31
50 37
46 28
63 21
23 15
30 44
18 23
49 24
24 42
5 3
20 22
26 45
53 12
29 11
20 6
31 58
63 26
48 34
29 25
10 14
29 52
44 4
18 13
47 33
36 58
45 46
54 60
13 3
49 8
1 51
58 46
4 37
44 41
11 15
25 10
35 10
46 6
44 7
43 3
15 60
7 26
47 57
43 48
30 24
15 47
17 11
22 20
12 49
58 18
62 6
41 54
3 23
44 48
39 60
21 19
35 22
15 61
33 51
49 42
44 29
17 53
12 51
24 31
30 18
34 35
30 27
54 50
47 55
59 32
11 19
51 62
58 31
19 18
10 6
16 23
43 15
20 23
46 9
3 30
15 8
36 54
9 2
54 27
60 24
37 39
59 2
38 6
13 32
18 49
25 37
45 29
16 52
59 35
21 22
40 14
30 31
46 16
27 62
47 40
11 28
51 14
50 62
33 4
7 48
15 22
39 30
48 53
42 27
59 52
37 29
39 23
52 38
26 30
22 29
46 28
31 33
6 11
14 26
2 38
52 40
17 21
33 4
29 44
27 59
21 59
30 50
50 36
4 29
41 62
10 50
25 11
38 11
12 3
33 12
10 29
47 11
1 5
55 59
48 29
12 10
50 58
63 9
6 3
6 58
38 16
11 59
42 28
6 40
60 2
36 42
36 42
34 15
20 2
35 2
12 56
54 8
34 54
34 29
49 50
16 5
</input>
      <output size="2">No</output>
      <correct size="3">No
</correct>
      <stderr size="0"></stderr>
      <checker size="14">ok Answer No 
</checker>
    </test>
    <test num="12" status="OK" time="5" real-time="6" max-memory-used="454656"  checker-comment="ok Ok!!!" >
  <program-stats-str>{ utime=0, stime=5, ptime=5, rtime=6, maxvsz=454656, maxrss=3088384, nvcsw=1, nivcsw=1 }</program-stats-str>
  <checker-stats-str>{ utime=2, stime=0, ptime=2, rtime=3, maxvsz=462848, maxrss=2387968, nvcsw=1, nivcsw=2 }</checker-stats-str>
      <input size="29211">100 5000
25 4
64 84
72 57
70 67
45 7
3 57
12 69
73 74
38 36
49 27
39 97
2 55
83 10
73 64
54 98
5 68
47 85
24 84
41 69
32 69
11 19
36 26
76 44
40 24
40 64
32 19
8 50
90 97
53 69
56 35
41 11
75 61
8 65
66 35
56 13
17 79
98 84
81 12
43 29
17 80
12 98
38 9
86 61
90 67
93 72
69 97
48 35
8 84
74 37
49 95
4 28
86 59
87 7
47 17
83 84
48 40
25 87
55 88
51 28
80 61
70 19
33 78
8 39
69 100
64 89
43 50
72 68
59 88
55 28
70 56
59 22
32 7
53 62
83 66
86 35
33 88
27 19
91 21
58 35
27 62
95 7
8 35
11 53
25 61
96 89
74 36
11 20
18 75
19 89
18 83
82 98
70 19
31 55
2 90
40 29
38 16
86 10
93 19
41 61
48 1
92 41
55 88
25 16
27 47
81 50
62 75
18 87
91 19
95 83
18 38
96 51
93 52
16 12
12 78
24 59
3 37
60 80
60 26
40 29
58 87
70 62
42 35
59 65
70 10
45 78
24 1
58 40
34 97
14 83
5 51
54 66
70 75
43 1
98 1
40 94
72 16
52 1
23 51
98 39
25 28
24 100
60 74
47 97
86 26
16 1
94 44
100 90
32 34
11 61
45 75
68 66
91 67
56 1
31 37
53 80
86 76
99 36
69 10
14 23
47 42
33 13
18 72
15 62
46 28
98 56
18 43
14 72
4 22
79 89
78 34
8 30
33 48
61 10
32 7
12 92
24 59
49 48
68 28
51 21
83 1
3 83
66 22
12 50
27 97
11 29
18 25
19 62
14 85
35 29
85 57
45 74
15 90
78 36
99 35
11 7
87 21
24 26
31 81
19 76
83 1
35 34
83 71
49 93
28 21
38 17
55 76
74 89
4 34
92 59
47 10
5 78
41 83
65 34
51 1
69 39
73 6
17 79
73 28
79 88
46 90
43 48
77 68
63 87
72 86
93 76
95 63
68 11
72 30
32 4
31 39
31 62
18 26
38 64
25 55
99 36
5 83
36 42
68 35
14 33
12 78
47 50
69 64
18 43
48 62
92 70
86 89
69 44
54 95
91 92
14 23
23 69
32 9
96 1
57 76
80 28
48 9
48 3
96 80
37 20
41 9
79 61
42 26
98 6
14 10
78 19
18 16
33 99
16 3
76 84
92 20
87 35
91 89
31 89
100 65
43 86
68 90
63 87
15 70
55 76
54 63
60 25
56 90
39 100
12 90
57 28
4 19
23 52
47 84
49 72
4 97
16 61
3 65
18 70
88 1
84 20
15 97
91 9
33 8
18 50
43 75
72 13
68 70
16 42
83 13
93 41
62 34
82 3
5 100
68 41
15 44
96 37
32 100
57 88
95 28
78 100
94 64
41 100
4 44
28 86
91 52
27 32
78 65
47 28
62 84
38 75
43 19
24 70
32 59
62 61
38 99
18 89
17 94
31 89
18 67
18 29
45 26
86 65
27 83
33 80
46 66
39 20
66 20
63 61
2 51
6 61
55 61
100 35
21 42
73 90
47 86
63 26
71 89
4 22
87 84
18 57
27 50
32 67
17 50
4 44
93 22
46 98
86 21
93 36
27 52
96 39
47 59
80 15
31 90
98 44
71 84
57 62
32 17
46 91
94 91
41 29
53 1
54 76
94 54
54 61
81 9
53 6
61 26
38 42
23 50
99 83
37 65
32 17
96 76
70 21
74 5
43 53
51 90
98 1
43 19
23 51
81 75
38 54
77 43
73 30
5 34
3 88
98 6
16 40
16 89
68 100
72 67
27 96
79 61
24 97
4 61
25 29
6 61
19 22
72 65
16 70
57 21
60 68
47 97
49 40
54 19
6 22
99 97
68 7
81 86
33 47
3 52
15 39
57 1
25 12
19 61
82 4
100 35
18 17
88 1
17 83
77 70
39 90
15 71
71 76
95 20
46 50
85 55
25 27
41 97
69 42
51 44
33 100
68 90
18 30
94 13
55 10
34 10
72 91
14 81
23 50
58 86
14 78
87 100
100 1
56 35
27 48
45 3
45 22
88 67
57 69
53 36
80 6
2 91
18 38
24 41
4 51
51 97
49 67
49 86
43 69
89 9
70 56
99 22
4 11
27 19
14 25
51 28
49 58
10 84
91 69
87 20
72 34
65 61
41 57
62 21
87 10
45 99
41 34
57 64
51 86
51 62
93 26
64 65
92 15
72 13
70 9
74 71
60 69
78 20
28 7
55 22
17 9
14 89
16 40
43 47
72 55
14 58
72 35
39 35
16 15
91 68
12 51
53 37
74 13
32 61
45 56
58 76
31 52
94 92
53 6
47 15
68 57
72 57
3 12
91 9
91 20
51 66
51 70
45 37
53 34
91 28
14 96
49 6
35 9
94 9
93 35
73 96
54 42
81 24
23 86
11 42
80 42
90 20
79 69
14 67
6 83
41 95
45 17
82 4
18 79
80 39
18 11
100 65
58 68
16 68
71 50
27 30
14 21
74 65
60 78
8 50
14 56
17 83
4 52
27 76
94 28
23 30
49 5
46 34
93 16
95 50
23 37
32 98
30 89
1 97
23 51
86 37
60 47
91 50
41 9
88 35
53 52
18 61
45 61
30 1
17 90
77 30
78 35
14 17
3 50
8 7
23 83
87 22
49 88
38 6
99 97
75 37
72 7
14 64
32 89
82 10
47 62
31 62
96 4
18 74
27 97
2 71
45 24
65 61
19 1
5 70
36 44
94 24
25 7
57 26
65 10
51 30
51 20
90 1
94 63
86 34
22 34
87 71
57 42
52 37
30 69
16 75
2 86
38 61
73 57
74 76
2 13
92 15
32 79
83 75
96 75
73 3
85 98
46 66
92 42
81 98
67 20
25 62
45 88
68 35
55 59
31 61
22 13
69 50
81 34
64 65
3 52
4 65
100 26
4 10
74 55
68 20
24 42
27 87
98 56
45 88
58 71
32 21
99 63
74 53
46 34
25 67
34 84
36 37
27 48
60 10
92 86
61 20
73 85
43 21
77 55
94 34
45 37
27 36
27 67
86 97
24 83
8 13
66 75
82 76
30 88
41 19
79 76
48 67
46 37
96 90
28 64
62 20
38 89
50 44
66 37
2 37
74 16
72 79
37 10
53 78
43 79
83 1
31 30
27 64
43 35
73 58
23 20
93 20
19 22
43 95
93 67
76 84
31 35
32 86
21 97
28 66
18 5
12 30
87 44
87 71
72 36
54 30
47 83
24 15
69 62
31 49
83 86
72 42
23 2
49 4
28 7
40 54
57 59
69 61
77 70
92 35
15 39
5 69
3 30
94 1
75 50
92 34
39 26
74 89
46 8
94 28
48 86
46 66
41 70
3 64
73 51
96 54
32 86
95 30
85 42
13 67
54 78
81 74
11 54
75 89
4 80
33 87
2 7
53 34
12 50
18 83
64 1
53 86
56 88
96 57
58 19
87 28
63 39
81 10
27 73
48 13
25 13
23 63
24 21
57 84
96 68
80 21
11 76
58 10
72 63
93 27
33 10
69 52
69 59
15 83
65 10
5 97
4 30
36 21
31 57
61 97
3 69
24 90
25 90
49 27
43 79
12 87
18 44
92 90
28 65
16 15
4 29
50 61
92 97
57 83
73 22
14 100
43 40
25 29
86 21
96 76
90 13
85 28
30 15
93 37
93 47
14 63
73 74
53 97
86 29
17 65
43 70
5 19
31 3
31 60
86 97
17 23
68 95
99 66
51 71
41 55
38 9
45 67
6 89
19 62
56 67
49 65
79 63
48 79
99 98
68 61
79 9
58 56
81 24
42 97
100 65
82 64
2 69
50 34
72 64
40 22
69 90
85 9
49 59
52 10
25 8
48 42
49 96
94 50
33 40
48 35
61 26
54 26
24 44
40 94
19 63
27 52
73 65
47 22
33 72
57 59
33 91
24 22
77 62
46 68
85 68
93 79
55 34
99 24
27 94
38 5
48 52
93 73
49 25
53 50
32 84
45 67
79 69
62 37
39 76
41 63
31 66
60 87
46 7
99 41
17 6
95 9
19 87
82 76
43 73
59 9
55 97
56 26
21 97
72 74
17 15
23 6
96 13
94 78
48 10
72 19
43 52
24 1
70 6
91 44
16 71
43 35
15 83
94 9
31 46
17 30
81 84
51 42
99 64
58 100
74 37
17 100
11 1
21 88
56 90
16 28
35 34
46 74
40 92
30 9
59 67
17 34
4 78
77 74
25 98
60 97
92 86
5 35
2 1
24 39
68 76
94 65
40 23
77 25
46 97
93 13
47 28
8 16
62 36
55 62
77 48
91 1
69 52
45 84
18 100
58 56
61 90
38 9
83 10
79 13
81 87
16 71
29 7
32 88
40 69
53 83
27 84
2 70
83 100
32 78
31 10
68 88
12 87
17 83
49 83
70 62
16 35
8 89
92 69
8 87
27 21
27 98
17 6
43 75
3 54
85 68
34 1
86 100
68 97
87 10
48 52
48 55
38 19
43 26
40 64
33 6
15 34
14 77
17 26
62 13
45 9
40 24
70 37
28 76
58 100
11 75
35 34
74 75
95 66
82 87
78 75
16 40
43 88
14 8
5 99
58 71
65 10
87 65
72 36
41 7
83 56
49 22
38 97
31 46
17 97
93 71
24 86
14 32
3 51
92 67
96 65
25 87
23 12
94 98
60 79
45 13
85 28
49 35
17 89
93 57
73 68
78 75
24 83
58 100
3 22
85 84
77 8
53 76
55 89
48 7
37 20
25 98
23 53
72 85
89 65
6 63
3 97
87 9
42 10
14 20
5 41
21 64
16 5
84 97
79 100
15 37
42 34
91 79
12 86
15 44
24 89
4 13
50 65
40 22
73 98
68 37
68 7
89 84
63 76
33 3
31 74
8 85
23 20
82 23
78 19
72 16
12 7
38 74
85 36
11 80
71 7
48 100
81 79
85 63
12 61
80 19
77 37
60 100
54 64
2 29
74 75
2 19
55 75
5 10
25 85
96 1
31 73
35 34
58 51
94 55
98 69
7 20
74 69
49 46
41 7
36 20
8 95
94 90
45 74
81 37
47 95
72 87
72 90
4 30
98 59
74 32
80 78
27 80
60 67
77 87
99 79
31 1
40 29
76 13
60 80
47 36
87 35
56 10
3 80
94 23
60 20
41 88
33 63
77 21
30 6
45 59
15 90
95 52
25 67
6 56
46 61
92 29
50 9
26 1
27 55
38 17
96 53
95 51
77 67
47 85
70 75
74 99
65 29
51 62
23 64
87 62
96 75
31 51
82 78
77 21
49 39
31 22
2 98
98 21
38 39
24 13
79 36
32 8
87 36
95 100
6 83
38 32
58 39
85 95
81 61
96 12
48 4
63 83
38 37
59 61
92 90
77 99
86 29
100 26
73 90
2 10
46 99
31 25
34 29
95 66
19 37
2 15
75 90
77 66
73 95
53 76
48 6
3 83
28 7
73 74
55 76
43 59
30 66
36 89
47 28
82 23
72 61
93 87
33 16
4 85
36 9
38 8
88 7
3 66
60 62
18 62
42 97
68 41
66 21
8 91
58 57
48 15
30 19
69 26
38 69
5 100
94 4
41 62
2 53
72 50
80 15
82 67
47 7
81 56
82 40
49 41
74 32
49 83
58 68
84 29
84 13
11 80
79 59
95 50
17 52
55 76
62 13
40 30
63 97
79 67
60 49
43 51
23 68
32 52
48 96
18 48
69 50
94 7
45 52
52 50
61 26
42 59
25 88
25 34
83 28
69 28
32 71
14 53
23 86
65 10
70 28
96 94
95 65
31 30
82 51
92 79
17 84
24 42
92 65
99 78
93 64
74 94
73 86
79 57
43 94
5 36
98 95
72 15
36 13
8 29
45 71
67 20
80 19
100 22
95 59
96 15
74 6
49 3
68 75
36 42
14 49
62 9
85 35
30 15
94 21
17 95
38 82
78 62
94 35
86 56
5 91
98 37
40 44
51 37
36 1
13 97
86 50
21 100
82 75
71 20
96 78
64 1
82 80
54 59
33 12
58 76
27 2
37 34
33 5
6 13
38 41
93 25
40 34
5 96
45 35
74 1
6 21
61 88
94 79
74 11
54 76
42 26
80 65
18 27
83 56
74 98
62 34
77 52
22 84
78 88
43 15
49 2
78 100
43 61
93 12
14 51
15 89
15 97
70 69
15 84
50 20
79 80
33 90
58 50
83 71
33 42
31 82
85 69
74 9
48 63
82 85
74 80
40 12
28 71
51 56
24 56
45 12
30 90
18 50
2 52
5 89
25 30
79 71
8 28
94 76
19 37
35 90
43 19
24 78
38 87
60 99
82 88
37 97
38 61
45 52
77 36
93 65
77 54
8 34
74 7
71 84
40 79
43 12
24 30
38 21
2 88
83 37
92 53
73 85
33 72
16 52
2 39
46 2
18 15
2 79
45 75
63 44
79 26
50 10
83 100
85 9
27 81
43 4
99 24
60 35
31 23
58 94
73 55
96 62
70 61
94 79
60 6
72 81
50 22
82 10
96 70
40 53
17 91
70 89
60 57
32 59
43 7
58 23
27 40
82 23
18 56
23 97
83 1
86 97
89 84
76 20
73 6
14 54
91 6
4 99
54 37
74 61
45 75
35 67
72 64
12 24
18 38
21 84
95 83
11 15
27 94
40 94
38 95
93 58
79 36
19 67
49 29
78 39
25 52
74 13
35 22
76 44
45 73
27 11
72 56
12 37
91 68
49 17
16 41
18 93
15 13
38 32
45 17
14 72
51 71
70 6
8 79
3 26
96 2
14 54
5 2
46 37
3 15
27 12
96 83
11 75
51 63
25 76
82 13
43 6
80 42
24 54
95 89
17 40
8 21
38 86
88 67
47 68
85 37
49 9
58 20
40 100
18 42
25 88
93 43
99 89
67 20
58 3
63 52
34 26
68 24
14 24
23 54
73 11
17 76
18 48
94 98
30 56
58 70
12 61
45 27
58 40
63 75
93 47
48 64
28 39
98 88
42 9
89 100
73 69
81 94
91 28
79 35
21 13
47 88
94 22
19 67
74 10
93 41
93 79
71 10
18 76
77 1
33 38
52 84
33 74
6 65
73 99
59 65
27 78
95 53
47 21
38 10
14 92
24 41
6 36
81 30
21 90
85 39
52 35
40 92
14 53
47 73
66 52
11 84
18 100
33 73
32 98
79 80
45 28
91 35
54 6
78 22
73 8
68 99
14 38
27 64
16 62
47 10
40 85
74 88
24 64
33 46
41 36
42 89
72 52
94 6
99 80
76 90
94 75
47 96
8 99
53 42
25 85
45 16
21 1
31 10
6 55
95 37
2 11
40 90
64 29
64 26
18 83
72 65
91 44
66 39
60 18
85 50
80 20
18 75
77 28
38 86
3 61
46 94
32 7
74 11
83 84
14 79
58 20
45 22
24 6
94 66
58 83
28 64
61 7
95 53
69 66
47 61
64 100
12 97
39 100
23 24
93 80
5 21
54 69
100 9
80 100
73 30
72 69
53 26
15 28
4 55
25 99
96 88
25 58
31 57
79 83
52 65
16 41
8 13
17 65
32 13
25 29
57 1
33 23
48 51
49 93
17 51
25 50
16 92
68 41
47 21
36 35
80 35
73 63
11 90
49 80
21 37
94 11
36 34
12 50
36 20
84 20
45 36
17 34
36 59
6 88
38 13
94 97
73 70
72 62
77 72
64 88
99 71
14 4
47 68
19 86
15 22
18 53
49 4
30 70
15 83
94 2
18 5
3 37
95 6
100 84
57 9
85 61
65 26
64 97
54 30
57 84
30 61
72 81
78 56
60 77
24 70
39 52
38 16
47 29
65 97
58 36
16 95
87 44
49 15
27 73
93 97
93 25
31 35
8 94
45 32
57 11
38 32
98 9
82 44
90 44
75 71
30 29
45 73
8 29
98 21
23 54
73 82
73 23
6 50
3 100
83 67
99 67
99 19
16 94
85 6
74 56
1 97
23 66
48 66
72 75
72 66
70 9
85 42
55 56
21 1
45 39
18 17
59 37
38 52
32 40
33 2
74 98
32 96
65 9
55 36
8 58
14 4
76 84
31 47
3 62
40 99
23 91
49 93
75 44
47 30
45 55
72 86
91 29
99 52
84 44
96 36
25 79
49 52
98 39
74 57
43 15
54 100
77 48
72 62
79 87
47 44
53 64
8 39
6 59
33 21
87 39
98 34
49 51
60 75
82 23
48 22
74 20
91 68
48 56
46 82
60 54
4 84
31 10
54 98
15 64
89 65
11 59
73 58
81 13
58 57
5 6
93 91
93 58
49 43
25 39
80 64
74 4
39 89
98 56
18 66
70 6
47 6
25 99
96 2
87 22
25 78
28 66
6 69
55 84
29 7
8 35
94 22
81 2
23 30
14 62
82 42
94 6
43 16
90 97
62 88
25 82
33 56
60 22
50 61
62 56
70 21
45 70
24 36
25 12
17 95
98 37
72 85
96 26
4 75
25 20
38 24
71 65
51 53
81 56
83 10
25 75
70 56
11 54
79 56
40 42
77 92
28 62
11 56
49 67
18 91
92 37
2 97
73 12
40 87
22 10
77 56
60 29
95 53
68 39
18 25
43 88
32 16
41 89
100 67
79 62
27 75
74 32
54 36
16 15
15 56
27 98
16 61
5 21
75 50
16 75
22 7
24 95
27 68
81 79
12 97
64 97
62 86
39 67
60 56
32 95
81 1
96 37
68 56
87 44
8 75
60 10
11 67
51 20
3 59
57 75
73 69
43 85
95 6
18 6
72 28
22 67
93 25
17 48
73 83
15 28
12 29
47 81
85 65
25 79
66 44
16 7
11 30
95 9
33 99
94 68
4 68
42 35
18 55
81 69
14 83
18 6
47 83
93 20
5 26
98 86
71 7
17 59
95 66
33 68
51 15
31 98
30 69
21 10
30 56
27 40
77 49
42 89
51 67
72 64
70 28
40 37
31 14
96 6
68 71
18 72
36 65
11 71
79 6
63 26
66 13
66 88
62 52
79 22
33 79
45 65
5 44
24 97
8 19
92 65
54 71
50 64
78 39
43 42
23 54
4 29
75 10
15 7
27 7
27 34
8 51
60 48
14 43
19 36
8 86
78 44
51 53
38 73
78 50
69 19
72 3
18 41
28 76
52 100
72 86
23 41
60 37
54 86
73 35
43 16
4 21
4 15
83 28
17 29
79 86
33 80
71 26
18 61
2 10
93 42
57 71
50 20
43 10
50 64
49 100
2 66
73 83
82 7
72 48
18 93
14 81
5 40
5 99
47 53
32 66
96 71
71 90
3 67
30 35
39 13
42 44
60 45
27 78
68 83
5 71
40 90
98 84
25 84
14 18
31 88
33 59
12 15
31 15
78 28
62 44
55 66
15 90
78 86
48 84
83 20
60 35
24 6
47 81
39 90
36 21
93 15
43 20
21 84
56 64
4 70
93 57
58 64
25 16
48 65
58 89
46 51
18 10
32 63
64 9
94 64
16 69
63 21
64 65
47 85
11 95
95 30
12 67
81 91
50 97
91 53
91 75
40 79
73 94
2 80
31 56
82 76
83 66
99 39
31 22
19 90
46 85
50 34
17 75
49 3
39 44
4 61
96 36
51 50
4 7
31 38
55 21
41 84
38 95
89 7
93 52
60 30
4 100
74 50
49 67
2 20
72 48
17 21
83 26
47 70
3 57
12 36
82 66
3 42
48 11
56 65
79 20
94 86
77 61
17 4
24 100
92 78
40 1
12 86
24 67
15 55
85 11
64 26
16 90
18 67
72 51
2 67
100 22
48 41
82 37
48 22
92 89
25 96
77 30
36 67
93 59
77 89
61 90
94 67
3 30
55 76
85 55
16 67
63 50
41 34
46 28
27 68
95 90
37 1
27 23
82 48
53 84
73 7
49 22
6 36
94 80
51 59
93 92
60 44
61 20
27 42
19 86
47 50
32 57
87 71
46 30
5 89
74 23
27 74
73 23
43 28
78 37
60 9
57 100
78 90
23 71
17 70
45 85
98 9
30 64
41 42
4 66
46 34
8 88
76 13
6 50
80 37
8 1
73 88
83 87
31 55
30 87
33 42
61 88
46 29
87 10
31 99
26 67
83 86
3 53
30 35
83 7
31 55
23 95
48 51
91 44
19 100
48 99
32 80
27 59
99 41
91 87
17 20
96 50
89 44
91 62
25 27
69 83
43 12
12 53
49 67
75 65
62 39
25 7
87 13
82 19
69 64
94 24
66 88
83 28
34 10
92 29
16 62
7 67
68 62
3 75
5 67
21 61
4 42
25 47
31 41
38 87
18 1
73 51
69 90
56 34
85 79
46 95
85 51
50 34
2 71
53 69
43 35
27 90
33 50
83 42
94 57
94 44
38 44
48 52
92 41
81 91
4 91
40 54
87 56
19 71
81 12
4 12
76 44
37 76
3 85
51 87
68 53
29 13
60 69
48 83
60 32
5 39
45 95
17 53
8 26
75 35
3 2
48 22
71 67
58 87
96 98
85 39
73 13
52 29
73 2
33 55
46 34
41 89
71 36
74 87
71 59
33 100
49 64
8 44
18 61
60 86
23 11
34 90
58 50
18 53
99 20
37 90
42 50
47 83
81 75
16 56
25 80
33 6
63 37
63 87
4 68
59 97
76 13
2 69
92 39
36 39
43 41
93 87
86 9
19 37
10 26
24 65
91 15
81 17
23 80
99 71
40 2
95 1
43 17
30 34
54 39
41 84
33 66
32 48
60 37
46 75
3 79
42 13
73 44
25 23
2 95
41 78
50 67
38 36
89 84
74 87
71 29
56 35
85 63
47 66
80 9
35 90
27 86
41 9
24 66
96 29
33 36
43 70
73 87
14 13
77 62
16 88
12 44
6 7
25 9
14 76
32 10
45 72
62 52
25 37
77 68
8 15
93 82
2 6
25 69
18 17
23 39
86 84
19 39
17 59
64 89
66 97
2 9
33 10
31 25
93 7
59 56
14 95
49 53
74 32
46 17
77 89
14 26
36 76
14 52
89 44
33 4
3 24
18 36
73 83
41 30
66 52
69 29
23 50
43 24
62 59
38 1
94 22
35 90
23 79
76 97
62 100
24 7
82 26
51 19
79 52
28 86
48 64
87 71
57 13
25 22
75 42
4 28
8 1
78 65
46 76
40 30
48 42
2 15
49 5
16 15
26 9
85 39
33 65
60 91
3 7
4 37
25 89
2 19
68 20
17 98
98 69
15 70
47 30
80 63
75 56
8 20
43 8
57 6
87 39
28 89
40 51
55 42
82 99
72 91
49 76
41 7
17 26
73 80
25 3
72 50
48 98
74 91
38 37
81 29
57 15
49 41
24 13
92 44
41 90
58 22
86 21
43 8
3 28
46 6
16 82
33 22
73 15
78 65
49 64
84 9
15 90
80 63
2 62
93 99
4 2
74 55
18 56
53 65
30 39
99 56
68 95
45 53
85 89
18 69
66 89
3 9
94 22
47 99
52 88
74 98
78 69
38 98
4 76
80 36
6 21
69 13
57 62
99 59
12 59
14 81
85 68
5 95
79 19
68 35
2 86
43 81
31 95
49 58
53 1
99 78
94 4
98 29
51 19
70 62
18 85
43 11
78 86
72 13
74 82
83 36
49 86
69 21
18 84
40 3
39 7
52 100
72 3
95 64
2 39
18 89
96 78
81 26
63 36
49 16
4 68
16 89
80 71
83 55
82 62
45 41
73 29
48 66
85 51
25 2
42 44
48 39
100 13
68 56
40 63
54 29
25 52
15 34
80 76
17 20
40 55
45 92
87 39
28 9
2 9
62 56
75 56
79 37
73 76
47 100
60 43
33 57
47 56
57 10
25 91
11 75
49 10
48 11
51 13
8 91
50 10
25 30
40 9
33 81
57 100
17 4
23 56
72 24
38 97
31 55
74 5
84 9
47 42
93 84
54 39
62 50
18 100
69 88
6 67
3 78
5 7
1 67
69 61
55 20
19 65
65 84
19 22
2 50
74 6
49 23
25 86
82 99
63 87
80 20
59 90
41 62
81 9
27 22
55 52
14 99
19 66
14 4
11 54
87 100
94 59
5 58
11 37
38 46
2 59
92 79
30 83
28 1
66 37
37 35
60 35
38 54
16 15
32 26
5 40
83 50
11 19
48 24
94 66
3 34
72 39
74 96
81 16
26 13
33 25
77 84
38 5
27 1
89 22
60 9
2 84
92 7
53 88
96 42
19 63
27 86
86 13
25 78
81 98
78 87
31 24
3 50
18 82
82 89
62 26
2 67
38 53
51 26
41 37
73 100
46 55
85 95
48 12
98 1
82 40
73 9
54 59
8 99
55 89
40 92
80 61
10 9
95 50
53 28
38 58
33 19
25 8
17 80
52 9
40 65
33 86
68 61
78 66
63 21
32 71
58 23
91 19
6 89
24 21
99 84
53 29
92 20
15 97
48 57
5 24
80 78
2 41
43 55
49 21
33 100
8 37
4 13
27 1
14 40
11 7
24 34
2 100
45 97
15 35
77 40
19 64
77 4
12 29
55 75
74 64
75 9
87 20
18 43
45 64
72 88
32 24
42 7
58 42
99 10
8 52
88 9
8 35
42 84
50 100
4 20
86 44
74 28
30 28
47 8
45 37
68 61
96 80
49 28
16 29
77 11
98 55
28 88
60 56
80 55
31 41
41 87
53 62
46 51
59 84
27 71
4 89
10 7
57 62
99 54
33 85
18 64
99 19
38 19
99 28
17 34
60 15
8 6
15 13
85 20
18 3
99 28
63 65
60 46
94 36
50 13
60 63
78 56
27 1
94 20
74 22
27 22
6 66
93 95
58 100
49 65
86 36
80 100
24 80
19 76
39 37
6 63
54 1
57 86
92 79
47 65
40 1
72 91
16 20
36 13
100 61
2 20
50 20
30 69
79 86
61 22
88 7
47 73
34 13
70 36
27 58
4 68
47 35
95 80
49 12
74 50
48 61
43 65
31 97
32 26
29 44
83 62
31 63
30 61
12 39
80 86
12 78
14 100
72 80
60 42
77 46
96 58
66 36
80 59
93 91
39 10
78 37
33 94
21 26
41 59
46 74
24 97
41 66
30 59
38 13
72 46
25 84
33 34
78 97
85 42
40 6
94 99
15 44
3 62
9 97
17 94
74 62
93 38
38 66
15 34
14 73
16 9
68 13
58 59
47 70
92 29
36 52
17 15
25 12
48 71
51 65
62 9
3 88
46 89
43 94
41 55
5 53
18 20
11 59
24 37
74 54
73 63
100 13
60 56
3 52
4 76
19 26
36 26
30 29
60 26
19 52
81 51
63 83
37 29
82 42
60 94
28 75
92 34
14 40
25 10
17 48
65 44
72 7
24 95
48 10
2 53
15 1
32 15
31 54
53 84
85 54
49 35
45 47
72 54
23 80
18 95
55 59
46 36
79 22
3 44
85 78
82 37
27 20
37 22
82 97
94 79
24 56
23 21
80 21
14 44
53 80
88 35
96 9
81 17
18 10
2 52
30 71
78 35
68 90
26 29
31 44
58 35
18 37
72 4
14 37
54 65
60 65
82 76
60 70
100 67
42 34
92 34
46 26
38 32
51 89
95 9
94 71
35 7
49 8
47 17
98 19
42 50
43 52
3 91
93 47
5 88
43 24
9 90
43 37
46 9
17 21
53 83
80 20
45 3
48 28
70 1
42 65
5 63
45 38
79 41
99 19
74 96
96 51
17 63
70 64
19 59
79 84
3 44
73 32
92 80
60 41
82 21
49 65
30 84
57 13
32 84
54 9
93 27
52 37
38 71
8 20
19 59
48 59
3 10
72 75
11 88
60 92
69 97
91 55
19 36
46 10
96 40
17 22
54 1
78 84
71 84
52 44
5 59
72 62
69 61
11 7
37 29
69 76
91 9
74 39
86 20
49 61
77 66
77 5
23 70
14 73
47 100
72 16
15 36
18 93
72 38
86 9
41 26
73 98
25 81
22 67
79 88
77 64
17 29
26 7
72 56
94 87
45 17
49 86
35 90
38 68
38 46
87 71
96 84
53 19
77 1
46 74
16 84
31 62
23 9
35 22
96 95
7 44
63 42
63 62
58 80
12 53
83 29
31 50
4 3
49 38
3 98
30 87
48 15
96 66
78 86
31 67
46 34
22 44
4 88
8 5
33 98
62 64
48 96
51 84
49 30
95 70
14 3
80 76
23 83
49 26
93 47
72 88
60 96
43 27
87 22
29 9
49 26
92 68
27 44
27 87
74 54
47 100
93 56
22 90
77 32
3 95
54 83
49 37
31 51
5 3
25 10
25 54
63 71
4 75
25 46
25 17
47 57
40 4
30 86
76 22
19 42
80 34
55 100
94 53
77 27
23 9
82 6
81 30
17 56
55 26
82 39
5 68
63 55
82 29
63 35
38 11
41 34
31 5
69 42
33 17
58 80
42 67
9 67
7 9
37 67
42 20
48 50
95 6
46 4
69 83
46 7
43 24
12 91
74 91
49 78
79 35
4 54
71 65
17 39
73 35
5 53
45 89
68 10
18 61
5 6
33 67
60 92
21 59
21 7
77 62
48 19
60 24
48 26
18 51
49 18
48 65
8 82
38 23
54 28
73 86
43 73
91 57
59 1
14 52
79 63
48 37
49 76
24 28
93 39
99 86
4 20
91 11
49 88
100 9
14 74
51 6
74 3
92 79
18 86
38 84
45 30
3 87
95 15
79 53
34 26
33 57
55 88
45 69
3 95
93 36
84 13
68 1
51 59
16 12
22 97
48 67
91 92
22 20
77 94
45 47
75 56
83 26
74 84
14 16
100 34
70 42
74 11
12 30
28 26
52 7
4 55
4 50
81 9
14 67
47 87
47 37
38 99
15 10
60 21
38 65
92 95
42 37
91 20
15 1
48 42
59 61
23 98
78 70
76 84
18 89
82 83
45 85
66 10
74 71
4 21
47 73
18 13
31 41
3 100
93 90
27 47
15 59
72 80
59 37
79 78
71 50
96 79
33 58
52 1
41 90
76 29
38 62
6 61
72 99
14 7
73 98
19 63
69 26
60 27
61 20
73 87
70 100
46 48
16 82
2 63
93 55
8 30
33 30
41 50
83 67
87 29
33 25
27 89
78 26
12 86
14 42
8 29
60 82
77 36
5 50
82 70
77 7
31 55
18 88
80 67
62 71
79 63
86 67
91 64
30 78
18 85
32 59
93 91
48 42
59 10
96 56
43 5
95 86
4 70
3 6
17 15
40 89
72 74
79 80
15 21
5 61
80 26
74 100
72 65
82 21
73 85
58 22
2 91
66 29
5 91
31 86
73 89
78 26
32 2
12 6
15 63
92 83
55 62
3 7
45 78
11 95
2 52
38 7
74 40
81 22
32 29
13 1
99 97
48 71
47 94
68 98
5 61
14 68
38 57
32 15
12 89
82 86
27 29
24 34
2 66
49 71
41 36
90 20
2 100
80 35
11 30
54 35
23 30
48 89
47 52
99 15
72 69
7 97
73 48
46 78
3 68
100 67
11 44
40 19
93 95
27 56
15 22
33 86
69 55
60 77
70 42
29 97
66 71
14 94
80 62
64 9
30 42
74 3
28 39
65 10
94 90
30 61
63 75
81 23
27 85
46 76
79 89
38 68
48 36
14 68
16 79
41 10
73 58
58 97
77 80
4 91
39 26
61 20
12 85
93 29
8 26
41 89
24 76
4 51
95 21
32 21
83 97
31 74
72 57
68 61
31 38
79 28
25 74
94 26
51 20
47 66
16 82
36 76
37 9
92 100
70 67
47 66
6 97
96 20
12 59
57 95
33 42
80 52
74 62
99 88
68 6
91 50
12 6
78 7
15 1
69 19
65 9
18 12
4 22
73 74
36 9
79 56
81 98
33 59
91 71
82 88
14 40
40 88
72 7
50 84
30 90
45 67
78 64
72 46
21 10
75 9
72 51
47 54
27 78
64 37
18 36
14 93
43 61
95 50
14 59
96 59
6 97
31 6
49 4
58 85
31 58
71 21
54 98
63 36
77 9
57 65
30 89
60 82
48 69
69 29
27 79
94 26
3 69
49 26
98 9
31 34
80 42
74 30
68 64
98 1
55 20
85 59
38 15
79 59
49 95
22 90
65 13
70 65
54 29
47 55
60 99
89 90
71 65
82 22
27 29
5 2
27 8
14 69
35 7
47 56
40 56
18 36
3 84
66 34
37 88
46 96
57 19
47 3
14 70
59 88
73 19
86 34
96 86
70 28
18 93
43 78
91 62
27 65
37 97
6 97
74 29
18 20
69 13
76 84
6 22
51 20
27 56
14 33
57 56
79 98
46 39
3 95
73 37
78 61
4 24
77 48
2 7
15 89
41 7
96 59
50 20
92 7
33 85
10 7
33 94
35 22
38 91
52 90
17 63
99 86
36 35
66 42
57 86
60 11
65 26
81 84
25 96
70 89
78 42
95 78
56 9
43 57
57 59
30 59
50 22
49 79
38 96
55 52
55 39
3 50
81 99
32 80
33 73
29 44
27 76
49 6
40 54
48 71
33 26
63 20
30 86
81 69
6 36
3 24
46 12
77 96
18 29
33 15
78 56
93 98
78 6
46 19
91 55
85 83
74 50
11 53
74 5
35 9
18 43
30 6
72 21
59 22
5 83
94 97
96 64
60 93
87 67
24 11
3 78
16 34
49 2
89 1
75 71
86 44
81 80
73 39
95 15
33 15
32 22
66 36
57 97
43 26
14 96
80 64
4 66
2 7
93 90
43 72
73 10
16 20
3 39
43 3
25 72
17 39
15 61
28 97
24 28
82 59
91 53
94 42
74 89
94 51
45 89
66 61
83 65
54 26
30 65
40 37
49 67
25 32
95 64
43 86
63 100
43 95
6 22
48 67
80 22
3 78
87 34
17 42
10 13
14 85
73 65
68 53
74 4
49 2
54 22
77 8
37 10
53 62
74 90
32 66
32 16
93 81
69 13
14 89
53 35
66 9
17 56
19 90
27 26
42 59
25 100
25 17
17 28
60 100
54 80
38 89
30 83
4 65
45 86
71 22
62 34
60 62
73 64
64 89
60 61
11 67
69 90
75 7
77 20
40 37
70 22
8 3
19 13
49 42
6 64
47 55
30 100
51 55
33 36
73 87
71 1
82 11
3 92
80 55
55 89
33 17
91 26
91 55
58 4
82 87
25 95
19 1
51 97
60 7
25 89
51 70
33 65
36 65
91 11
77 24
70 21
72 97
100 97
34 44
68 84
92 6
87 1
99 71
73 3
25 12
51 90
81 84
48 79
81 26
38 80
63 36
47 46
23 65
53 84
18 23
81 35
72 44
27 66
63 87
55 42
23 22
83 22
73 91
31 52
48 29
8 70
96 90
72 20
47 89
82 91
92 75
31 60
82 71
3 100
35 22
2 68
79 83
7 13
38 46
70 97
51 59
42 59
49 57
53 59
31 55
33 67
19 63
2 10
54 70
43 83
54 15
27 41
68 20
49 26
99 9
21 89
71 10
68 79
4 39
43 55
72 65
31 1
5 82
95 19
11 83
92 9
56 97
2 1
32 11
58 7
95 26
57 65
33 64
76 90
58 91
14 42
18 35
2 90
12 9
52 90
95 37
59 37
94 98
51 87
54 44
43 55
66 29
92 6
61 44
23 15
33 96
60 35
43 24
45 88
51 84
66 52
73 42
92 66
82 53
55 39
14 45
31 22
6 66
50 34
2 65
98 64
2 99
73 28
33 7
85 52
23 62
41 11
56 9
11 51
43 23
47 70
18 3
51 78
51 64
60 67
6 62
38 7
6 75
38 35
92 71
62 100
75 35
73 51
43 69
60 73
6 20
54 97
99 57
98 69
41 15
95 6
23 20
38 76
59 84
51 35
25 54
47 40
40 21
23 66
12 69
98 90
58 53
40 52
5 29
16 58
41 56
86 9
96 15
14 6
16 88
18 27
17 20
64 9
32 78
6 62
78 100
38 63
49 92
77 75
18 83
68 41
18 34
58 28
91 6
96 63
96 99
70 89
98 61
53 34
79 78
26 29
51 62
74 53
27 82
4 80
31 12
73 94
98 10
48 59
18 56
57 35
60 43
98 61
14 21
38 34
95 44
73 46
47 67
83 44
99 42
15 70
3 79
14 75
78 65
57 78
2 55
67 44
31 92
43 28
38 5
18 47
74 96
46 23
12 68
40 83
38 96
60 24
39 34
56 76
68 51
83 64
60 77
30 34
15 89
17 53
92 97
53 9
49 22
58 100
30 37
94 50
27 47
17 78
74 9
81 40
72 1
78 56
25 21
86 21
31 72
33 11
74 95
93 64
29 97
41 30
12 11
74 84
37 84
8 3
94 13
78 88
86 64
41 13
68 44
53 37
94 4
51 89
40 39
58 64
74 91
16 61
60 79
33 62
14 8
69 44
4 75
93 80
43 7
33 22
11 1
74 54
17 35
14 61
28 52
49 18
72 21
24 89
48 37
80 34
60 25
63 90
74 20
54 76
21 37
28 84
96 92
93 32
90 67
80 15
33 74
14 78
5 63
49 80
5 34
95 55
82 30
31 49
52 20
81 99
62 89
14 58
48 6
21 35
73 88
78 90
11 83
28 44
45 69
24 41
28 86
50 89
73 42
63 88
60 85
31 80
57 9
2 39
93 15
30 20
50 64
18 41
31 13
74 51
27 76
65 10
85 15
96 7
63 10
17 69
58 87
68 98
77 27
31 51
49 13
74 32
60 48
73 98
57 98
45 73
42 84
3 71
24 30
95 30
65 67
68 15
51 59
43 12
24 64
11 35
3 70
46 90
21 44
54 28
18 30
23 100
49 32
87 39
14 41
60 6
75 50
50 35
24 95
50 65
14 100
17 85
76 34
16 9
49 71
89 100
28 10
16 5
32 80
16 7
31 67
35 13
28 76
63 65
47 42
43 6
49 87
3 79
2 30
98 78
39 20
93 73
31 51
74 54
85 36
23 34
68 6
45 72
47 89
25 48
33 35
95 39
49 26
42 1
46 96
50 100
68 50
23 66
43 6
85 15
46 37
45 99
37 35
54 67
83 86
82 75
94 99
66 22
85 61
72 76
74 26
93 32
4 15
81 9
68 36
18 22
43 75
41 30
51 53
40 3
74 34
99 80
25 46
5 3
16 83
12 50
8 100
31 58
91 6
81 6
45 7
71 100
73 88
5 22
94 83
8 50
75 34
24 86
99 84
48 62
60 30
23 15
96 54
3 34
81 22
14 45
61 88
5 98
32 3
7 90
82 90
98 67
45 25
53 44
78 59
19 35
4 13
46 51
5 54
53 61
4 80
99 52
98 30
23 86
66 76
12 34
72 64
42 76
89 90
33 71
57 34
21 88
58 59
8 22
74 11
69 67
81 36
27 10
14 44
41 1
18 79
49 15
33 68
66 20
91 6
40 36
82 20
16 24
94 69
73 48
48 63
15 61
24 26
58 84
99 54
18 20
3 67
54 51
4 56
59 50
95 6
41 97
56 67
19 52
55 50
77 45
81 54
38 85
62 20
32 24
53 62
75 71
86 37
4 69
27 22
41 20
14 94
91 61
61 22
17 99
43 89
55 89
14 27
43 67
29 90
41 67
33 100
62 84
46 2
28 34
27 13
41 78
72 15
58 66
18 86
5 21
74 17
25 88
26 20
78 89
57 65
82 76
46 55
60 69
32 39
81 100
63 61
30 70
77 49
60 4
82 51
23 15
47 68
60 99
14 78
2 95
32 58
3 80
65 20
25 63
91 64
40 36
85 36
95 83
60 50
48 86
36 56
30 34
34 1
69 35
71 10
48 30
89 9
45 42
3 62
72 24
80 10
5 75
33 28
92 37
94 44
25 34
83 9
63 90
23 85
17 87
30 55
49 34
69 76
73 70
62 67
45 55
49 44
31 5
73 97
86 26
93 30
82 29
46 35
58 90
94 2
81 55
16 9
28 39
95 52
36 34
25 67
48 2
81 100
15 50
98 30
3 71
66 29
54 95
25 99
77 71
77 82
5 35
80 87
66 37
52 88
63 56
30 86
94 89
49 29
93 12
41 26
23 15
8 39
87 44
77 43
15 69
86 97
89 10
33 27
52 84
47 96
91 98
31 89
60 38
16 40
77 43
31 5
33 18
11 89
68 39
57 36
31 17
32 91
23 84
82 21
50 10
19 36
55 44
47 80
91 24
33 53
82 98
8 10
31 77
52 1
49 63
98 44
18 94
38 59
27 54
4 100
38 3
21 84
100 29
16 28
25 38
71 64
32 1
24 36
8 40
57 29
46 10
32 66
77 78
77 66
100 35
78 21
81 52
6 9
4 63
76 35
12 20
74 17
17 91
5 63
68 26
61 84
27 26
70 36
74 76
45 20
68 99
53 62
92 63
96 85
23 12
77 84
50 61
57 80
38 76
68 42
99 67
93 78
49 78
32 55
77 76
13 67
31 72
85 13
96 2
17 100
34 10
81 76
4 67
93 11
5 13
33 13
75 7
77 37
94 99
33 85
7 67
95 89
17 44
47 3
60 2
91 35
22 97
68 79
90 1
94 15
93 42
2 98
80 78
95 19
18 34
100 20
41 37
3 15
38 48
28 9
3 50
45 87
32 48
31 78
56 88
4 9
58 56
57 88
48 76
15 42
48 65
23 12
79 86
73 42
94 54
14 61
73 94
45 95
93 53
78 9
38 64
4 66
53 87
46 21
40 64
38 78
18 10
17 92
34 13
11 7
62 34
74 79
48 21
79 11
75 44
80 86
85 55
58 70
18 73
31 54
74 66
5 84
92 65
11 89
48 83
60 58
30 100
11 52
70 90
2 84
16 48
54 88
2 20
88 22
4 70
74 40
98 70
48 69
82 9
52 13
14 45
63 39
87 1
73 90
25 10
47 35
38 30
24 54
84 13
33 63
3 44
38 46
77 9
40 11
11 1
78 7
23 88
41 80
27 75
15 50
83 97
43 30
12 22
99 55
58 94
57 80
54 6
74 39
2 22
71 10
6 63
45 95
94 69
36 67
72 65
99 36
71 89
83 87
92 28
33 21
82 68
50 35
38 3
93 76
3 28
17 40
88 7
30 52
25 83
91 35
57 44
15 100
63 44
96 13
18 30
41 26
94 21
43 68
21 10
5 53
17 3
3 80
33 86
6 20
85 6
94 3
5 61
11 64
23 56
8 41
23 71
23 86
28 62
75 89
93 36
58 86
34 90
12 86
18 80
27 65
76 34
3 30
68 41
38 12
51 26
51 10
43 90
36 7
23 71
15 62
70 62
81 52
49 26
17 78
35 84
82 4
30 83
54 7
86 36
58 10
33 72
2 66
83 21
31 8
48 79
11 1
15 69
41 30
79 29
24 44
50 22
18 56
15 83
79 39
74 20
83 28
14 18
91 55
3 24
81 59
43 35
69 34
94 84
100 35
46 78
93 32
47 62
12 42
38 42
47 56
93 37
68 15
51 63
24 71
35 97
50 88
16 50
16 94
15 52
32 59
69 59
66 1
81 59
56 89
25 9
69 56
95 62
53 69
66 75
5 50
96 65
19 75
33 84
99 79
95 64
4 26
8 35
98 86
38 70
60 99
74 50
88 35
93 96
93 39
30 71
46 51
98 56
70 100
71 76
55 89
40 88
5 59
3 11
47 5
72 40
82 2
48 99
70 52
59 76
70 44
17 63
81 34
41 54
53 22
93 26
73 10
72 34
99 89
8 68
6 37
25 17
93 99
5 44
2 67
33 74
60 10
38 75
68 51
93 90
99 87
14 94
94 99
5 15
5 9
74 23
49 9
45 100
33 18
74 54
87 13
64 88
72 97
87 34
11 6
81 39
12 87
58 70
41 6
92 52
80 13
99 22
80 56
62 7
8 10
60 46
70 88
63 13
57 67
28 75
60 52
24 35
22 9
65 44
81 5
57 62
28 97
47 74
33 16
15 100
54 53
32 89
15 55
81 65
70 59
17 6
60 35
68 70
31 77
94 34
22 7
87 97
33 4
32 37
15 67
95 100
23 55
63 66
27 44
65 26
54 67
25 10
24 41
57 64
14 26
69 26
70 90
42 61
47 69
89 61
43 13
31 88
68 99
68 84
19 29
17 3
32 85
3 28
72 89
69 35
98 83
55 37
80 59
78 88
99 66
32 100
16 67
49 82
7 67
58 87
14 12
85 11
41 80
63 67
14 37
12 64
29 67
31 51
23 55
82 42
17 2
59 39
47 99
38 9
33 74
18 38
38 64
8 86
62 65
47 67
24 13
18 50
72 32
43 73
87 26
6 55
5 96
4 97
48 59
68 53
81 16
43 100
15 70
31 82
55 75
49 55
24 52
55 71
47 51
81 40
87 100
27 91
99 15
27 53
24 53
74 80
14 15
60 92
74 86
72 52
81 3
99 50
49 72
81 41
79 78
49 52
64 67
</input>
      <output size="296">Yes
31 60 14 77 45 49 33 18 93 43 25 27 47 72 38 73 46 81 74 32 17 8 16 5 82 48 96 58 40 94 23 4 3 12 85 2 91 92 68 99 24 79 41 57 11 54 98 95 51 53 80 30 78 15 70 6 69 19 63 83 87 55 28 62 66 75 71 86 36 21 42 59 39 52 50 56 64 89 100 37 76 65 61 88 35 22 34 10 26 84 29 7 9 90 13 1 67 44 20 97 </output>
      <correct size="297">Yes
31 60 14 77 49 33 45 18 93 25 43 72 27 47 81 38 73 46 74 32 17 8 16 5 82 48 96 58 40 94 23 4 3 12 85 2 91 92 68 99 24 79 41 57 11 54 98 95 51 53 80 30 15 78 70 6 69 19 63 83 55 87 28 62 86 66 75 71 36 21 42 59 56 39 52 50 64 37 76 89 100 65 61 88 35 22 34 10 26 84 29 7 9 90 13 1 97 67 20 44 
</correct>
      <stderr size="0"></stderr>
      <checker size="10">ok Ok!!! 
</checker>
    </test>
    <test num="13" status="OK" time="1" real-time="2" max-memory-used="454656"  checker-comment="ok Ok!!!" >
  <program-stats-str>{ utime=0, stime=1, ptime=1, rtime=2, maxvsz=454656, maxrss=2969600, nvcsw=1, nivcsw=1 }</program-stats-str>
  <checker-stats-str>{ utime=0, stime=0, ptime=0, rtime=1, maxvsz=462848, maxrss=2387968, nvcsw=1, nivcsw=1 }</checker-stats-str>
      <input size="20">5 4
1 3
1 4
4 3
5 2
</input>
      <output size="14">Yes
5 2 1 4 3 </output>
      <correct size="15">Yes
5 2 1 4 3 
</correct>
      <stderr size="0"></stderr>
      <checker size="10">ok Ok!!! 
</checker>
    </test>
  </tests>
</testing-report>
