Content-type: text/xml

<?xml version="1.0" encoding="utf-8"?>
<testing-report run-id="46" judge-id="47" status="WA" scoring="ACM" run-tests="2" contest-id="3200" real-time-available="yes" max-memory-used-available="yes" correct-available="yes" failed-test="2" time-limit-ms="2000" real-time-limit-ms="5000" marked-flag="no" >
  <uuid>0a91f037-6263-4d5f-8dcf-162f0fbfe4ba</uuid>
  <host>localhost.localdomain</host>
  <cpu-model>Intel(R) Pentium(R) CPU 3550M @ 2.30GHz</cpu-model>
  <cpu-mhz>2294.738</cpu-mhz>
  <compiler_output></compiler_output>
  <tests>
    <test num="1" status="OK" time="27" real-time="28" max-memory-used="307200"  checker-comment="ok" >
  <program-stats-str>{ utime=22, stime=5, ptime=27, rtime=28, maxvsz=307200, maxrss=6053888, nvcsw=1, nivcsw=4 }</program-stats-str>
  <checker-stats-str>{ utime=0, stime=0, ptime=0, rtime=1, maxvsz=303104, maxrss=2387968, nvcsw=1, nivcsw=1 }</checker-stats-str>
      <input size="4">2
8
</input>
      <output size="2">1
</output>
      <correct size="2">1
</correct>
      <stderr size="0"></stderr>
      <checker size="5">ok  
</checker>
    </test>
    <test num="2" status="WA" time="25" real-time="26" max-memory-used="307200"  checker-comment="WA ???????? ????? Wrong answer" >
  <program-stats-str>{ utime=15, stime=10, ptime=25, rtime=26, maxvsz=307200, maxrss=6238208, nvcsw=1, nivcsw=4 }</program-stats-str>
  <checker-stats-str>{ utime=0, stime=0, ptime=0, rtime=1, maxvsz=303104, maxrss=2387968, nvcsw=1, nivcsw=1 }</checker-stats-str>
      <input size="4">8
2
</input>
      <output size="2">3
</output>
      <correct size="2">1
</correct>
      <stderr size="0"></stderr>
      <checker size="32">WA ???????? ????? Wrong answer 
</checker>
    </test>
  </tests>
</testing-report>
