Content-type: text/xml

<?xml version="1.0" encoding="utf-8"?>
<testing-report run-id="37" judge-id="38" status="OK" scoring="ACM" run-tests="18" contest-id="3200" real-time-available="yes" max-memory-used-available="yes" correct-available="yes" time-limit-ms="2000" real-time-limit-ms="5000" marked-flag="no" >
  <uuid>755881bb-fb89-4a78-8dc8-a5d01fbaa0f3</uuid>
  <host>localhost.localdomain</host>
  <cpu-model>Intel(R) Pentium(R) CPU 3550M @ 2.30GHz</cpu-model>
  <cpu-mhz>2294.738</cpu-mhz>
  <compiler_output></compiler_output>
  <tests>
    <test num="1" status="OK" time="28" real-time="94" max-memory-used="307200"  checker-comment="OK" >
  <program-stats-str>{ utime=21, stime=7, ptime=28, rtime=94, maxvsz=307200, maxrss=6352896, nvcsw=2, nivcsw=16 }</program-stats-str>
  <checker-stats-str>{ utime=0, stime=0, ptime=0, rtime=2, maxvsz=307200, maxrss=2387968, nvcsw=1, nivcsw=2 }</checker-stats-str>
      <input size="3">73
</input>
      <output size="2">7
</output>
      <correct size="2">7
</correct>
      <stderr size="0"></stderr>
      <checker size="3">OK
</checker>
    </test>
    <test num="2" status="OK" time="27" real-time="64" max-memory-used="307200"  checker-comment="OK" >
  <program-stats-str>{ utime=18, stime=9, ptime=27, rtime=64, maxvsz=307200, maxrss=6225920, nvcsw=1, nivcsw=8 }</program-stats-str>
  <checker-stats-str>{ utime=0, stime=0, ptime=0, rtime=2, maxvsz=307200, maxrss=2387968, nvcsw=1, nivcsw=3 }</checker-stats-str>
      <input size="3">10
</input>
      <output size="2">1
</output>
      <correct size="2">1
</correct>
      <stderr size="0"></stderr>
      <checker size="3">OK
</checker>
    </test>
    <test num="3" status="OK" time="26" real-time="46" max-memory-used="307200"  checker-comment="OK" >
  <program-stats-str>{ utime=26, stime=0, ptime=26, rtime=46, maxvsz=307200, maxrss=6156288, nvcsw=1, nivcsw=6 }</program-stats-str>
  <checker-stats-str>{ utime=0, stime=0, ptime=0, rtime=1, maxvsz=307200, maxrss=2387968, nvcsw=1, nivcsw=1 }</checker-stats-str>
      <input size="3">29
</input>
      <output size="2">2
</output>
      <correct size="2">2
</correct>
      <stderr size="0"></stderr>
      <checker size="3">OK
</checker>
    </test>
    <test num="4" status="OK" time="28" real-time="75" max-memory-used="307200"  checker-comment="OK" >
  <program-stats-str>{ utime=21, stime=7, ptime=28, rtime=75, maxvsz=307200, maxrss=6033408, nvcsw=1, nivcsw=7 }</program-stats-str>
  <checker-stats-str>{ utime=0, stime=0, ptime=0, rtime=3, maxvsz=307200, maxrss=2387968, nvcsw=1, nivcsw=1 }</checker-stats-str>
      <input size="3">37
</input>
      <output size="2">3
</output>
      <correct size="2">3
</correct>
      <stderr size="0"></stderr>
      <checker size="3">OK
</checker>
    </test>
    <test num="5" status="OK" time="30" real-time="69" max-memory-used="307200"  checker-comment="OK" >
  <program-stats-str>{ utime=28, stime=2, ptime=30, rtime=69, maxvsz=307200, maxrss=6332416, nvcsw=1, nivcsw=8 }</program-stats-str>
  <checker-stats-str>{ utime=0, stime=0, ptime=0, rtime=6, maxvsz=307200, maxrss=2387968, nvcsw=1, nivcsw=1 }</checker-stats-str>
      <input size="3">48
</input>
      <output size="2">4
</output>
      <correct size="2">4
</correct>
      <stderr size="0"></stderr>
      <checker size="3">OK
</checker>
    </test>
    <test num="6" status="OK" time="29" real-time="54" max-memory-used="307200"  checker-comment="OK" >
  <program-stats-str>{ utime=27, stime=2, ptime=29, rtime=54, maxvsz=307200, maxrss=6262784, nvcsw=2, nivcsw=14 }</program-stats-str>
  <checker-stats-str>{ utime=0, stime=0, ptime=0, rtime=2, maxvsz=307200, maxrss=2387968, nvcsw=1, nivcsw=1 }</checker-stats-str>
      <input size="3">50
</input>
      <output size="2">5
</output>
      <correct size="2">5
</correct>
      <stderr size="0"></stderr>
      <checker size="3">OK
</checker>
    </test>
    <test num="7" status="OK" time="27" real-time="53" max-memory-used="307200"  checker-comment="OK" >
  <program-stats-str>{ utime=25, stime=2, ptime=27, rtime=53, maxvsz=307200, maxrss=6287360, nvcsw=2, nivcsw=16 }</program-stats-str>
  <checker-stats-str>{ utime=1, stime=0, ptime=1, rtime=8, maxvsz=307200, maxrss=2387968, nvcsw=2, nivcsw=3 }</checker-stats-str>
      <input size="3">67
</input>
      <output size="2">6
</output>
      <correct size="2">6
</correct>
      <stderr size="0"></stderr>
      <checker size="3">OK
</checker>
    </test>
    <test num="8" status="OK" time="28" real-time="45" max-memory-used="307200"  checker-comment="OK" >
  <program-stats-str>{ utime=28, stime=0, ptime=28, rtime=45, maxvsz=307200, maxrss=6234112, nvcsw=3, nivcsw=19 }</program-stats-str>
  <checker-stats-str>{ utime=0, stime=0, ptime=0, rtime=1, maxvsz=307200, maxrss=2387968, nvcsw=1, nivcsw=1 }</checker-stats-str>
      <input size="3">81
</input>
      <output size="2">8
</output>
      <correct size="2">8
</correct>
      <stderr size="0"></stderr>
      <checker size="3">OK
</checker>
    </test>
    <test num="9" status="OK" time="27" real-time="44" max-memory-used="307200"  checker-comment="OK" >
  <program-stats-str>{ utime=27, stime=0, ptime=27, rtime=44, maxvsz=307200, maxrss=6041600, nvcsw=1, nivcsw=10 }</program-stats-str>
  <checker-stats-str>{ utime=0, stime=0, ptime=0, rtime=1, maxvsz=307200, maxrss=2387968, nvcsw=1, nivcsw=1 }</checker-stats-str>
      <input size="3">99
</input>
      <output size="2">9
</output>
      <correct size="2">9
</correct>
      <stderr size="0"></stderr>
      <checker size="3">OK
</checker>
    </test>
    <test num="10" status="OK" time="30" real-time="34" max-memory-used="307200"  checker-comment="OK" >
  <program-stats-str>{ utime=22, stime=8, ptime=30, rtime=34, maxvsz=307200, maxrss=6176768, nvcsw=1, nivcsw=10 }</program-stats-str>
  <checker-stats-str>{ utime=0, stime=0, ptime=0, rtime=1, maxvsz=307200, maxrss=2387968, nvcsw=1, nivcsw=1 }</checker-stats-str>
      <input size="4">179
</input>
      <output size="2">7
</output>
      <correct size="2">7
</correct>
      <stderr size="0"></stderr>
      <checker size="3">OK
</checker>
    </test>
    <test num="11" status="OK" time="25" real-time="28" max-memory-used="307200"  checker-comment="OK" >
  <program-stats-str>{ utime=20, stime=5, ptime=25, rtime=28, maxvsz=307200, maxrss=6270976, nvcsw=1, nivcsw=4 }</program-stats-str>
  <checker-stats-str>{ utime=0, stime=0, ptime=0, rtime=2, maxvsz=307200, maxrss=2387968, nvcsw=1, nivcsw=2 }</checker-stats-str>
      <input size="4">100
</input>
      <output size="2">0
</output>
      <correct size="2">0
</correct>
      <stderr size="0"></stderr>
      <checker size="3">OK
</checker>
    </test>
    <test num="12" status="OK" time="31" real-time="33" max-memory-used="307200"  checker-comment="OK" >
  <program-stats-str>{ utime=28, stime=3, ptime=31, rtime=33, maxvsz=307200, maxrss=6049792, nvcsw=1, nivcsw=7 }</program-stats-str>
  <checker-stats-str>{ utime=0, stime=0, ptime=0, rtime=1, maxvsz=307200, maxrss=2387968, nvcsw=1, nivcsw=1 }</checker-stats-str>
      <input size="4">999
</input>
      <output size="2">9
</output>
      <correct size="2">9
</correct>
      <stderr size="0"></stderr>
      <checker size="3">OK
</checker>
    </test>
    <test num="13" status="OK" time="28" real-time="30" max-memory-used="307200"  checker-comment="OK" >
  <program-stats-str>{ utime=26, stime=2, ptime=28, rtime=30, maxvsz=307200, maxrss=6287360, nvcsw=1, nivcsw=7 }</program-stats-str>
  <checker-stats-str>{ utime=0, stime=0, ptime=0, rtime=3, maxvsz=307200, maxrss=2387968, nvcsw=1, nivcsw=2 }</checker-stats-str>
      <input size="7">854345
</input>
      <output size="2">4
</output>
      <correct size="2">4
</correct>
      <stderr size="0"></stderr>
      <checker size="3">OK
</checker>
    </test>
    <test num="14" status="OK" time="26" real-time="28" max-memory-used="307200"  checker-comment="OK" >
  <program-stats-str>{ utime=22, stime=4, ptime=26, rtime=28, maxvsz=307200, maxrss=6352896, nvcsw=1, nivcsw=5 }</program-stats-str>
  <checker-stats-str>{ utime=0, stime=0, ptime=0, rtime=2, maxvsz=307200, maxrss=2387968, nvcsw=1, nivcsw=1 }</checker-stats-str>
      <input size="8">1000000
</input>
      <output size="2">0
</output>
      <correct size="2">0
</correct>
      <stderr size="0"></stderr>
      <checker size="3">OK
</checker>
    </test>
    <test num="15" status="OK" time="25" real-time="28" max-memory-used="307200"  checker-comment="OK" >
  <program-stats-str>{ utime=22, stime=3, ptime=25, rtime=28, maxvsz=307200, maxrss=6230016, nvcsw=1, nivcsw=5 }</program-stats-str>
  <checker-stats-str>{ utime=0, stime=0, ptime=0, rtime=1, maxvsz=307200, maxrss=2387968, nvcsw=1, nivcsw=1 }</checker-stats-str>
      <input size="5">9999
</input>
      <output size="2">9
</output>
      <correct size="2">9
</correct>
      <stderr size="0"></stderr>
      <checker size="3">OK
</checker>
    </test>
    <test num="16" status="OK" time="25" real-time="28" max-memory-used="307200"  checker-comment="OK" >
  <program-stats-str>{ utime=25, stime=0, ptime=25, rtime=28, maxvsz=307200, maxrss=6283264, nvcsw=1, nivcsw=5 }</program-stats-str>
  <checker-stats-str>{ utime=0, stime=0, ptime=0, rtime=2, maxvsz=307200, maxrss=2387968, nvcsw=1, nivcsw=1 }</checker-stats-str>
      <input size="2">9
</input>
      <output size="2">0
</output>
      <correct size="2">0
</correct>
      <stderr size="0"></stderr>
      <checker size="3">OK
</checker>
    </test>
    <test num="17" status="OK" time="27" real-time="36" max-memory-used="307200"  checker-comment="OK" >
  <program-stats-str>{ utime=23, stime=4, ptime=27, rtime=36, maxvsz=307200, maxrss=6262784, nvcsw=1, nivcsw=8 }</program-stats-str>
  <checker-stats-str>{ utime=0, stime=0, ptime=0, rtime=2, maxvsz=307200, maxrss=2387968, nvcsw=1, nivcsw=1 }</checker-stats-str>
      <input size="2">1
</input>
      <output size="2">0
</output>
      <correct size="2">0
</correct>
      <stderr size="0"></stderr>
      <checker size="3">OK
</checker>
    </test>
    <test num="18" status="OK" time="26" real-time="28" max-memory-used="307200"  checker-comment="OK" >
  <program-stats-str>{ utime=20, stime=6, ptime=26, rtime=28, maxvsz=307200, maxrss=6365184, nvcsw=1, nivcsw=4 }</program-stats-str>
  <checker-stats-str>{ utime=0, stime=0, ptime=0, rtime=2, maxvsz=307200, maxrss=2387968, nvcsw=1, nivcsw=1 }</checker-stats-str>
      <input size="2">0
</input>
      <output size="2">0
</output>
      <correct size="2">0
</correct>
      <stderr size="0"></stderr>
      <checker size="3">OK
</checker>
    </test>
  </tests>
</testing-report>
