Content-type: text/xml

<?xml version="1.0" encoding="utf-8"?>
<testing-report run-id="83" judge-id="84" status="OK" scoring="ACM" run-tests="6" contest-id="3200" real-time-available="yes" max-memory-used-available="yes" correct-available="yes" time-limit-ms="2000" real-time-limit-ms="5000" marked-flag="no" >
  <uuid>70080071-cefa-49d4-9de3-038bce8d6c00</uuid>
  <host>localhost.localdomain</host>
  <cpu-model>Intel(R) Pentium(R) CPU 3550M @ 2.30GHz</cpu-model>
  <cpu-mhz>2294.738</cpu-mhz>
  <compiler_output></compiler_output>
  <tests>
    <test num="1" status="OK" time="13" real-time="14" max-memory-used="307200"  checker-comment="OK" >
  <program-stats-str>{ utime=0, stime=13, ptime=13, rtime=14, maxvsz=307200, maxrss=5189632, nvcsw=1, nivcsw=2 }</program-stats-str>
  <checker-stats-str>{ utime=0, stime=0, ptime=0, rtime=1, maxvsz=307200, maxrss=2387968, nvcsw=1, nivcsw=2 }</checker-stats-str>
      <input size="4">179
</input>
      <output size="3">17
</output>
      <correct size="3">17
</correct>
      <stderr size="0"></stderr>
      <checker size="3">OK
</checker>
    </test>
    <test num="2" status="OK" time="16" real-time="21" max-memory-used="307200"  checker-comment="OK" >
  <program-stats-str>{ utime=15, stime=1, ptime=16, rtime=21, maxvsz=307200, maxrss=5386240, nvcsw=1, nivcsw=9 }</program-stats-str>
  <checker-stats-str>{ utime=0, stime=0, ptime=0, rtime=2, maxvsz=307200, maxrss=2387968, nvcsw=1, nivcsw=1 }</checker-stats-str>
      <input size="4">829
</input>
      <output size="3">19
</output>
      <correct size="3">19
</correct>
      <stderr size="0"></stderr>
      <checker size="3">OK
</checker>
    </test>
    <test num="3" status="OK" time="13" real-time="15" max-memory-used="307200"  checker-comment="OK" >
  <program-stats-str>{ utime=9, stime=4, ptime=13, rtime=15, maxvsz=307200, maxrss=5185536, nvcsw=1, nivcsw=2 }</program-stats-str>
  <checker-stats-str>{ utime=0, stime=0, ptime=0, rtime=2, maxvsz=307200, maxrss=2387968, nvcsw=1, nivcsw=1 }</checker-stats-str>
      <input size="4">204
</input>
      <output size="2">6
</output>
      <correct size="2">6
</correct>
      <stderr size="0"></stderr>
      <checker size="3">OK
</checker>
    </test>
    <test num="4" status="OK" time="14" real-time="15" max-memory-used="307200"  checker-comment="OK" >
  <program-stats-str>{ utime=7, stime=7, ptime=14, rtime=15, maxvsz=307200, maxrss=5263360, nvcsw=1, nivcsw=3 }</program-stats-str>
  <checker-stats-str>{ utime=0, stime=0, ptime=0, rtime=1, maxvsz=307200, maxrss=2387968, nvcsw=1, nivcsw=1 }</checker-stats-str>
      <input size="4">100
</input>
      <output size="2">1
</output>
      <correct size="2">1
</correct>
      <stderr size="0"></stderr>
      <checker size="3">OK
</checker>
    </test>
    <test num="5" status="OK" time="12" real-time="14" max-memory-used="307200"  checker-comment="OK" >
  <program-stats-str>{ utime=4, stime=8, ptime=12, rtime=14, maxvsz=307200, maxrss=5353472, nvcsw=1, nivcsw=2 }</program-stats-str>
  <checker-stats-str>{ utime=0, stime=0, ptime=0, rtime=2, maxvsz=307200, maxrss=2387968, nvcsw=1, nivcsw=1 }</checker-stats-str>
      <input size="4">999
</input>
      <output size="3">27
</output>
      <correct size="3">27
</correct>
      <stderr size="0"></stderr>
      <checker size="3">OK
</checker>
    </test>
    <test num="6" status="OK" time="13" real-time="16" max-memory-used="307200"  checker-comment="OK" >
  <program-stats-str>{ utime=7, stime=6, ptime=13, rtime=16, maxvsz=307200, maxrss=5107712, nvcsw=1, nivcsw=3 }</program-stats-str>
  <checker-stats-str>{ utime=0, stime=0, ptime=0, rtime=2, maxvsz=307200, maxrss=2387968, nvcsw=1, nivcsw=1 }</checker-stats-str>
      <input size="4">483
</input>
      <output size="3">15
</output>
      <correct size="3">15
</correct>
      <stderr size="0"></stderr>
      <checker size="3">OK
</checker>
    </test>
  </tests>
</testing-report>
