Content-type: text/xml

<?xml version="1.0" encoding="utf-8"?>
<testing-report run-id="49" judge-id="50" status="OK" scoring="ACM" run-tests="18" contest-id="3200" real-time-available="yes" max-memory-used-available="yes" correct-available="yes" time-limit-ms="2000" real-time-limit-ms="5000" marked-flag="no" >
  <uuid>e2a5cba3-dd17-4cdd-b898-5ae809c67e04</uuid>
  <host>localhost.localdomain</host>
  <cpu-model>Intel(R) Pentium(R) CPU 3550M @ 2.30GHz</cpu-model>
  <cpu-mhz>2294.738</cpu-mhz>
  <compiler_output></compiler_output>
  <tests>
    <test num="1" status="OK" time="29" real-time="31" max-memory-used="307200"  checker-comment="ok" >
  <program-stats-str>{ utime=21, stime=8, ptime=29, rtime=31, maxvsz=307200, maxrss=6266880, nvcsw=1, nivcsw=7 }</program-stats-str>
  <checker-stats-str>{ utime=0, stime=0, ptime=0, rtime=1, maxvsz=303104, maxrss=2387968, nvcsw=1, nivcsw=1 }</checker-stats-str>
      <input size="5">2002
</input>
      <output size="2">1
</output>
      <correct size="2">1
</correct>
      <stderr size="0"></stderr>
      <checker size="5">ok  
</checker>
    </test>
    <test num="2" status="OK" time="28" real-time="32" max-memory-used="307200"  checker-comment="ok" >
  <program-stats-str>{ utime=23, stime=5, ptime=28, rtime=32, maxvsz=307200, maxrss=6307840, nvcsw=1, nivcsw=8 }</program-stats-str>
  <checker-stats-str>{ utime=0, stime=0, ptime=0, rtime=1, maxvsz=303104, maxrss=2387968, nvcsw=1, nivcsw=1 }</checker-stats-str>
      <input size="5">2008
</input>
      <output size="4">-59
</output>
      <correct size="3">37
</correct>
      <stderr size="0"></stderr>
      <checker size="5">ok  
</checker>
    </test>
    <test num="3" status="OK" time="25" real-time="27" max-memory-used="307200"  checker-comment="ok" >
  <program-stats-str>{ utime=15, stime=10, ptime=25, rtime=27, maxvsz=307200, maxrss=6377472, nvcsw=1, nivcsw=4 }</program-stats-str>
  <checker-stats-str>{ utime=0, stime=0, ptime=0, rtime=1, maxvsz=303104, maxrss=2387968, nvcsw=1, nivcsw=1 }</checker-stats-str>
      <input size="5">1211
</input>
      <output size="2">2
</output>
      <correct size="2">2
</correct>
      <stderr size="0"></stderr>
      <checker size="5">ok  
</checker>
    </test>
    <test num="4" status="OK" time="25" real-time="28" max-memory-used="307200"  checker-comment="ok" >
  <program-stats-str>{ utime=25, stime=0, ptime=25, rtime=28, maxvsz=307200, maxrss=6356992, nvcsw=1, nivcsw=5 }</program-stats-str>
  <checker-stats-str>{ utime=0, stime=0, ptime=0, rtime=1, maxvsz=303104, maxrss=2387968, nvcsw=1, nivcsw=1 }</checker-stats-str>
      <input size="5">1234
</input>
      <output size="4">-30
</output>
      <correct size="3">11
</correct>
      <stderr size="0"></stderr>
      <checker size="5">ok  
</checker>
    </test>
    <test num="5" status="OK" time="27" real-time="29" max-memory-used="307200"  checker-comment="ok" >
  <program-stats-str>{ utime=21, stime=6, ptime=27, rtime=29, maxvsz=307200, maxrss=6283264, nvcsw=1, nivcsw=5 }</program-stats-str>
  <checker-stats-str>{ utime=0, stime=0, ptime=0, rtime=1, maxvsz=303104, maxrss=2387968, nvcsw=1, nivcsw=1 }</checker-stats-str>
      <input size="5">1232
</input>
      <output size="4">-10
</output>
      <correct size="2">3
</correct>
      <stderr size="0"></stderr>
      <checker size="5">ok  
</checker>
    </test>
    <test num="6" status="OK" time="27" real-time="30" max-memory-used="307200"  checker-comment="ok" >
  <program-stats-str>{ utime=17, stime=10, ptime=27, rtime=30, maxvsz=307200, maxrss=6057984, nvcsw=1, nivcsw=5 }</program-stats-str>
  <checker-stats-str>{ utime=0, stime=0, ptime=0, rtime=1, maxvsz=303104, maxrss=2387968, nvcsw=1, nivcsw=1 }</checker-stats-str>
      <input size="5">3244
</input>
      <output size="4">-11
</output>
      <correct size="2">6
</correct>
      <stderr size="0"></stderr>
      <checker size="5">ok  
</checker>
    </test>
    <test num="7" status="OK" time="26" real-time="28" max-memory-used="307200"  checker-comment="ok" >
  <program-stats-str>{ utime=26, stime=0, ptime=26, rtime=28, maxvsz=307200, maxrss=6049792, nvcsw=1, nivcsw=4 }</program-stats-str>
  <checker-stats-str>{ utime=0, stime=0, ptime=0, rtime=1, maxvsz=303104, maxrss=2387968, nvcsw=1, nivcsw=1 }</checker-stats-str>
      <input size="5">5513
</input>
      <output size="3">25
</output>
      <correct size="3">21
</correct>
      <stderr size="0"></stderr>
      <checker size="5">ok  
</checker>
    </test>
    <test num="8" status="OK" time="26" real-time="29" max-memory-used="307200"  checker-comment="ok" >
  <program-stats-str>{ utime=26, stime=0, ptime=26, rtime=29, maxvsz=307200, maxrss=6365184, nvcsw=1, nivcsw=4 }</program-stats-str>
  <checker-stats-str>{ utime=0, stime=0, ptime=0, rtime=1, maxvsz=303104, maxrss=2387968, nvcsw=1, nivcsw=1 }</checker-stats-str>
      <input size="5">6464
</input>
      <output size="3">19
</output>
      <correct size="2">9
</correct>
      <stderr size="0"></stderr>
      <checker size="5">ok  
</checker>
    </test>
    <test num="9" status="OK" time="28" real-time="30" max-memory-used="307200"  checker-comment="ok" >
  <program-stats-str>{ utime=26, stime=2, ptime=28, rtime=30, maxvsz=307200, maxrss=6332416, nvcsw=1, nivcsw=6 }</program-stats-str>
  <checker-stats-str>{ utime=0, stime=0, ptime=0, rtime=1, maxvsz=303104, maxrss=2387968, nvcsw=1, nivcsw=1 }</checker-stats-str>
      <input size="5">3773
</input>
      <output size="2">1
</output>
      <correct size="2">1
</correct>
      <stderr size="0"></stderr>
      <checker size="5">ok  
</checker>
    </test>
    <test num="10" status="OK" time="25" real-time="29" max-memory-used="307200"  checker-comment="ok" >
  <program-stats-str>{ utime=23, stime=2, ptime=25, rtime=29, maxvsz=307200, maxrss=6189056, nvcsw=1, nivcsw=8 }</program-stats-str>
  <checker-stats-str>{ utime=0, stime=0, ptime=0, rtime=1, maxvsz=303104, maxrss=2387968, nvcsw=1, nivcsw=1 }</checker-stats-str>
      <input size="5">7127
</input>
      <output size="2">0
</output>
      <correct size="2">2
</correct>
      <stderr size="0"></stderr>
      <checker size="5">ok  
</checker>
    </test>
    <test num="11" status="OK" time="26" real-time="28" max-memory-used="307200"  checker-comment="ok" >
  <program-stats-str>{ utime=22, stime=4, ptime=26, rtime=28, maxvsz=307200, maxrss=6295552, nvcsw=1, nivcsw=5 }</program-stats-str>
  <checker-stats-str>{ utime=0, stime=0, ptime=0, rtime=1, maxvsz=303104, maxrss=2387968, nvcsw=1, nivcsw=1 }</checker-stats-str>
      <input size="5">6666
</input>
      <output size="2">1
</output>
      <correct size="2">1
</correct>
      <stderr size="0"></stderr>
      <checker size="5">ok  
</checker>
    </test>
    <test num="12" status="OK" time="28" real-time="31" max-memory-used="307200"  checker-comment="ok" >
  <program-stats-str>{ utime=23, stime=5, ptime=28, rtime=31, maxvsz=307200, maxrss=6189056, nvcsw=1, nivcsw=5 }</program-stats-str>
  <checker-stats-str>{ utime=0, stime=0, ptime=0, rtime=1, maxvsz=303104, maxrss=2387968, nvcsw=1, nivcsw=1 }</checker-stats-str>
      <input size="5">9876
</input>
      <output size="3">32
</output>
      <correct size="3">11
</correct>
      <stderr size="0"></stderr>
      <checker size="5">ok  
</checker>
    </test>
    <test num="13" status="OK" time="26" real-time="28" max-memory-used="307200"  checker-comment="ok" >
  <program-stats-str>{ utime=26, stime=0, ptime=26, rtime=28, maxvsz=307200, maxrss=6156288, nvcsw=1, nivcsw=5 }</program-stats-str>
  <checker-stats-str>{ utime=0, stime=0, ptime=0, rtime=1, maxvsz=303104, maxrss=2387968, nvcsw=1, nivcsw=1 }</checker-stats-str>
      <input size="4">120
</input>
      <output size="2">0
</output>
      <correct size="2">2
</correct>
      <stderr size="0"></stderr>
      <checker size="5">ok  
</checker>
    </test>
    <test num="14" status="OK" time="26" real-time="29" max-memory-used="307200"  checker-comment="ok" >
  <program-stats-str>{ utime=26, stime=0, ptime=26, rtime=29, maxvsz=307200, maxrss=6062080, nvcsw=1, nivcsw=4 }</program-stats-str>
  <checker-stats-str>{ utime=0, stime=0, ptime=0, rtime=1, maxvsz=303104, maxrss=2387968, nvcsw=1, nivcsw=1 }</checker-stats-str>
      <input size="2">0
</input>
      <output size="2">1
</output>
      <correct size="2">1
</correct>
      <stderr size="0"></stderr>
      <checker size="5">ok  
</checker>
    </test>
    <test num="15" status="OK" time="26" real-time="28" max-memory-used="307200"  checker-comment="ok" >
  <program-stats-str>{ utime=16, stime=10, ptime=26, rtime=28, maxvsz=307200, maxrss=6164480, nvcsw=1, nivcsw=5 }</program-stats-str>
  <checker-stats-str>{ utime=0, stime=0, ptime=0, rtime=1, maxvsz=303104, maxrss=2387968, nvcsw=1, nivcsw=1 }</checker-stats-str>
      <input size="4">440
</input>
      <output size="2">1
</output>
      <correct size="2">1
</correct>
      <stderr size="0"></stderr>
      <checker size="5">ok  
</checker>
    </test>
    <test num="16" status="OK" time="27" real-time="30" max-memory-used="307200"  checker-comment="ok" >
  <program-stats-str>{ utime=24, stime=3, ptime=27, rtime=30, maxvsz=307200, maxrss=6238208, nvcsw=1, nivcsw=6 }</program-stats-str>
  <checker-stats-str>{ utime=0, stime=0, ptime=0, rtime=1, maxvsz=303104, maxrss=2387968, nvcsw=1, nivcsw=1 }</checker-stats-str>
      <input size="5">7755
</input>
      <output size="3">23
</output>
      <correct size="2">9
</correct>
      <stderr size="0"></stderr>
      <checker size="5">ok  
</checker>
    </test>
    <test num="17" status="OK" time="27" real-time="31" max-memory-used="307200"  checker-comment="ok" >
  <program-stats-str>{ utime=23, stime=4, ptime=27, rtime=31, maxvsz=307200, maxrss=6250496, nvcsw=1, nivcsw=8 }</program-stats-str>
  <checker-stats-str>{ utime=0, stime=0, ptime=0, rtime=1, maxvsz=303104, maxrss=2387968, nvcsw=1, nivcsw=2 }</checker-stats-str>
      <input size="5">8687
</input>
      <output size="2">9
</output>
      <correct size="2">6
</correct>
      <stderr size="0"></stderr>
      <checker size="5">ok  
</checker>
    </test>
    <test num="18" status="OK" time="26" real-time="31" max-memory-used="307200"  checker-comment="ok" >
  <program-stats-str>{ utime=22, stime=4, ptime=26, rtime=31, maxvsz=307200, maxrss=6201344, nvcsw=1, nivcsw=7 }</program-stats-str>
  <checker-stats-str>{ utime=0, stime=0, ptime=0, rtime=1, maxvsz=303104, maxrss=2387968, nvcsw=1, nivcsw=1 }</checker-stats-str>
      <input size="5">9979
</input>
      <output size="2">3
</output>
      <correct size="2">5
</correct>
      <stderr size="0"></stderr>
      <checker size="5">ok  
</checker>
    </test>
  </tests>
</testing-report>
