Content-type: text/xml

<?xml version="1.0" encoding="utf-8"?>
<testing-report run-id="40" judge-id="41" status="WA" scoring="ACM" run-tests="1" contest-id="3200" real-time-available="yes" max-memory-used-available="yes" correct-available="yes" failed-test="1" time-limit-ms="2000" real-time-limit-ms="5000" marked-flag="no" >
  <uuid>30b3046f-9c4d-45a4-80e1-7f7202c148f0</uuid>
  <host>localhost.localdomain</host>
  <cpu-model>Intel(R) Pentium(R) CPU 3550M @ 2.30GHz</cpu-model>
  <cpu-mhz>2294.738</cpu-mhz>
  <compiler_output></compiler_output>
  <tests>
    <test num="1" status="WA" time="27" real-time="30" max-memory-used="307200"  checker-comment="Line 2 differs: output: ?The next previous for the number 179 is 178.? correct: ?The previous number for the number 179 is 178.?" >
  <program-stats-str>{ utime=17, stime=10, ptime=27, rtime=30, maxvsz=307200, maxrss=6070272, nvcsw=1, nivcsw=6 }</program-stats-str>
  <checker-stats-str>{ utime=0, stime=0, ptime=0, rtime=1, maxvsz=307200, maxrss=2387968, nvcsw=1, nivcsw=1 }</checker-stats-str>
      <input size="4">179
</input>
      <output size="88">The next number for the number 179 is 180.
The next previous for the number 179 is 178.
</output>
      <correct size="90">The next number for the number 179 is 180.
The previous number for the number 179 is 178.
</correct>
      <stderr size="0"></stderr>
      <checker size="129">Line 2 differs: output:
&gt;The next previous for the number 179 is 178.&lt;
correct:
&gt;The previous number for the number 179 is 178.&lt;
</checker>
    </test>
  </tests>
</testing-report>
