Content-type: text/xml

<?xml version="1.0" encoding="utf-8"?>
<testing-report run-id="104" judge-id="105" status="OK" scoring="ACM" run-tests="17" contest-id="3200" real-time-available="yes" max-memory-used-available="yes" correct-available="yes" time-limit-ms="2000" real-time-limit-ms="5000" marked-flag="no" >
  <uuid>aab05d2b-9808-4dda-a210-28282ba85d40</uuid>
  <host>localhost.localdomain</host>
  <cpu-model>Intel(R) Pentium(R) CPU 3550M @ 2.30GHz</cpu-model>
  <cpu-mhz>2294.738</cpu-mhz>
  <compiler_output></compiler_output>
  <tests>
    <test num="1" status="OK" time="27" real-time="31" max-memory-used="307200"  checker-comment="OK" >
  <program-stats-str>{ utime=22, stime=5, ptime=27, rtime=31, maxvsz=307200, maxrss=6242304, nvcsw=1, nivcsw=7 }</program-stats-str>
  <checker-stats-str>{ utime=0, stime=0, ptime=0, rtime=2, maxvsz=307200, maxrss=2387968, nvcsw=1, nivcsw=2 }</checker-stats-str>
      <input size="4">179
</input>
      <output size="2">9
</output>
      <correct size="2">9
</correct>
      <stderr size="0"></stderr>
      <checker size="3">OK
</checker>
    </test>
    <test num="2" status="OK" time="26" real-time="30" max-memory-used="307200"  checker-comment="OK" >
  <program-stats-str>{ utime=21, stime=5, ptime=26, rtime=30, maxvsz=307200, maxrss=6275072, nvcsw=1, nivcsw=9 }</program-stats-str>
  <checker-stats-str>{ utime=0, stime=0, ptime=0, rtime=2, maxvsz=307200, maxrss=2387968, nvcsw=1, nivcsw=1 }</checker-stats-str>
      <input size="3">40
</input>
      <output size="2">0
</output>
      <correct size="2">0
</correct>
      <stderr size="0"></stderr>
      <checker size="3">OK
</checker>
    </test>
    <test num="3" status="OK" time="26" real-time="29" max-memory-used="307200"  checker-comment="OK" >
  <program-stats-str>{ utime=26, stime=0, ptime=26, rtime=29, maxvsz=307200, maxrss=6246400, nvcsw=1, nivcsw=6 }</program-stats-str>
  <checker-stats-str>{ utime=0, stime=0, ptime=0, rtime=1, maxvsz=307200, maxrss=2387968, nvcsw=1, nivcsw=1 }</checker-stats-str>
      <input size="4">101
</input>
      <output size="2">1
</output>
      <correct size="2">1
</correct>
      <stderr size="0"></stderr>
      <checker size="3">OK
</checker>
    </test>
    <test num="4" status="OK" time="27" real-time="30" max-memory-used="307200"  checker-comment="OK" >
  <program-stats-str>{ utime=24, stime=3, ptime=27, rtime=30, maxvsz=307200, maxrss=6361088, nvcsw=1, nivcsw=6 }</program-stats-str>
  <checker-stats-str>{ utime=0, stime=0, ptime=0, rtime=2, maxvsz=307200, maxrss=2387968, nvcsw=1, nivcsw=1 }</checker-stats-str>
      <input size="4">222
</input>
      <output size="2">2
</output>
      <correct size="2">2
</correct>
      <stderr size="0"></stderr>
      <checker size="3">OK
</checker>
    </test>
    <test num="5" status="OK" time="26" real-time="29" max-memory-used="307200"  checker-comment="OK" >
  <program-stats-str>{ utime=17, stime=9, ptime=26, rtime=29, maxvsz=307200, maxrss=6176768, nvcsw=1, nivcsw=4 }</program-stats-str>
  <checker-stats-str>{ utime=0, stime=0, ptime=0, rtime=1, maxvsz=307200, maxrss=2387968, nvcsw=1, nivcsw=1 }</checker-stats-str>
      <input size="5">1923
</input>
      <output size="2">3
</output>
      <correct size="2">3
</correct>
      <stderr size="0"></stderr>
      <checker size="3">OK
</checker>
    </test>
    <test num="6" status="OK" time="28" real-time="31" max-memory-used="307200"  checker-comment="OK" >
  <program-stats-str>{ utime=24, stime=4, ptime=28, rtime=31, maxvsz=307200, maxrss=6299648, nvcsw=1, nivcsw=7 }</program-stats-str>
  <checker-stats-str>{ utime=0, stime=0, ptime=0, rtime=2, maxvsz=307200, maxrss=2387968, nvcsw=1, nivcsw=1 }</checker-stats-str>
      <input size="3">74
</input>
      <output size="2">4
</output>
      <correct size="2">4
</correct>
      <stderr size="0"></stderr>
      <checker size="3">OK
</checker>
    </test>
    <test num="7" status="OK" time="26" real-time="28" max-memory-used="307200"  checker-comment="OK" >
  <program-stats-str>{ utime=19, stime=7, ptime=26, rtime=28, maxvsz=307200, maxrss=6246400, nvcsw=1, nivcsw=5 }</program-stats-str>
  <checker-stats-str>{ utime=0, stime=0, ptime=0, rtime=1, maxvsz=307200, maxrss=2387968, nvcsw=1, nivcsw=1 }</checker-stats-str>
      <input size="4">505
</input>
      <output size="2">5
</output>
      <correct size="2">5
</correct>
      <stderr size="0"></stderr>
      <checker size="3">OK
</checker>
    </test>
    <test num="8" status="OK" time="27" real-time="30" max-memory-used="307200"  checker-comment="OK" >
  <program-stats-str>{ utime=19, stime=8, ptime=27, rtime=30, maxvsz=307200, maxrss=6299648, nvcsw=1, nivcsw=7 }</program-stats-str>
  <checker-stats-str>{ utime=0, stime=0, ptime=0, rtime=2, maxvsz=307200, maxrss=2387968, nvcsw=1, nivcsw=1 }</checker-stats-str>
      <input size="4">996
</input>
      <output size="2">6
</output>
      <correct size="2">6
</correct>
      <stderr size="0"></stderr>
      <checker size="3">OK
</checker>
    </test>
    <test num="9" status="OK" time="26" real-time="29" max-memory-used="307200"  checker-comment="OK" >
  <program-stats-str>{ utime=26, stime=0, ptime=26, rtime=29, maxvsz=307200, maxrss=6045696, nvcsw=1, nivcsw=8 }</program-stats-str>
  <checker-stats-str>{ utime=0, stime=0, ptime=0, rtime=1, maxvsz=307200, maxrss=2387968, nvcsw=1, nivcsw=1 }</checker-stats-str>
      <input size="5">3487
</input>
      <output size="2">7
</output>
      <correct size="2">7
</correct>
      <stderr size="0"></stderr>
      <checker size="3">OK
</checker>
    </test>
    <test num="10" status="OK" time="26" real-time="28" max-memory-used="307200"  checker-comment="OK" >
  <program-stats-str>{ utime=21, stime=5, ptime=26, rtime=28, maxvsz=307200, maxrss=6303744, nvcsw=1, nivcsw=4 }</program-stats-str>
  <checker-stats-str>{ utime=0, stime=0, ptime=0, rtime=1, maxvsz=307200, maxrss=2387968, nvcsw=1, nivcsw=1 }</checker-stats-str>
      <input size="4">308
</input>
      <output size="2">8
</output>
      <correct size="2">8
</correct>
      <stderr size="0"></stderr>
      <checker size="3">OK
</checker>
    </test>
    <test num="11" status="OK" time="26" real-time="30" max-memory-used="307200"  checker-comment="OK" >
  <program-stats-str>{ utime=13, stime=13, ptime=26, rtime=30, maxvsz=307200, maxrss=6303744, nvcsw=1, nivcsw=6 }</program-stats-str>
  <checker-stats-str>{ utime=0, stime=0, ptime=0, rtime=2, maxvsz=307200, maxrss=2387968, nvcsw=1, nivcsw=2 }</checker-stats-str>
      <input size="2">1
</input>
      <output size="2">1
</output>
      <correct size="2">1
</correct>
      <stderr size="0"></stderr>
      <checker size="3">OK
</checker>
    </test>
    <test num="12" status="OK" time="26" real-time="28" max-memory-used="307200"  checker-comment="OK" >
  <program-stats-str>{ utime=26, stime=0, ptime=26, rtime=28, maxvsz=307200, maxrss=6049792, nvcsw=1, nivcsw=3 }</program-stats-str>
  <checker-stats-str>{ utime=0, stime=0, ptime=0, rtime=2, maxvsz=307200, maxrss=2387968, nvcsw=1, nivcsw=1 }</checker-stats-str>
      <input size="2">2
</input>
      <output size="2">2
</output>
      <correct size="2">2
</correct>
      <stderr size="0"></stderr>
      <checker size="3">OK
</checker>
    </test>
    <test num="13" status="OK" time="26" real-time="28" max-memory-used="307200"  checker-comment="OK" >
  <program-stats-str>{ utime=22, stime=4, ptime=26, rtime=28, maxvsz=307200, maxrss=6184960, nvcsw=1, nivcsw=7 }</program-stats-str>
  <checker-stats-str>{ utime=0, stime=0, ptime=0, rtime=2, maxvsz=307200, maxrss=2387968, nvcsw=1, nivcsw=1 }</checker-stats-str>
      <input size="2">3
</input>
      <output size="2">3
</output>
      <correct size="2">3
</correct>
      <stderr size="0"></stderr>
      <checker size="3">OK
</checker>
    </test>
    <test num="14" status="OK" time="27" real-time="31" max-memory-used="307200"  checker-comment="OK" >
  <program-stats-str>{ utime=25, stime=2, ptime=27, rtime=31, maxvsz=307200, maxrss=6045696, nvcsw=1, nivcsw=7 }</program-stats-str>
  <checker-stats-str>{ utime=0, stime=0, ptime=0, rtime=2, maxvsz=307200, maxrss=2387968, nvcsw=1, nivcsw=1 }</checker-stats-str>
      <input size="2">4
</input>
      <output size="2">4
</output>
      <correct size="2">4
</correct>
      <stderr size="0"></stderr>
      <checker size="3">OK
</checker>
    </test>
    <test num="15" status="OK" time="26" real-time="28" max-memory-used="307200"  checker-comment="OK" >
  <program-stats-str>{ utime=15, stime=11, ptime=26, rtime=28, maxvsz=307200, maxrss=6107136, nvcsw=1, nivcsw=7 }</program-stats-str>
  <checker-stats-str>{ utime=0, stime=0, ptime=0, rtime=1, maxvsz=307200, maxrss=2387968, nvcsw=1, nivcsw=1 }</checker-stats-str>
      <input size="2">5
</input>
      <output size="2">5
</output>
      <correct size="2">5
</correct>
      <stderr size="0"></stderr>
      <checker size="3">OK
</checker>
    </test>
    <test num="16" status="OK" time="28" real-time="32" max-memory-used="307200"  checker-comment="OK" >
  <program-stats-str>{ utime=20, stime=8, ptime=28, rtime=32, maxvsz=307200, maxrss=6180864, nvcsw=1, nivcsw=8 }</program-stats-str>
  <checker-stats-str>{ utime=0, stime=0, ptime=0, rtime=1, maxvsz=307200, maxrss=2387968, nvcsw=1, nivcsw=1 }</checker-stats-str>
      <input size="2">6
</input>
      <output size="2">6
</output>
      <correct size="2">6
</correct>
      <stderr size="0"></stderr>
      <checker size="3">OK
</checker>
    </test>
    <test num="17" status="OK" time="26" real-time="29" max-memory-used="307200"  checker-comment="OK" >
  <program-stats-str>{ utime=21, stime=5, ptime=26, rtime=29, maxvsz=307200, maxrss=6209536, nvcsw=1, nivcsw=6 }</program-stats-str>
  <checker-stats-str>{ utime=0, stime=0, ptime=0, rtime=1, maxvsz=307200, maxrss=2387968, nvcsw=1, nivcsw=1 }</checker-stats-str>
      <input size="2">7
</input>
      <output size="2">7
</output>
      <correct size="2">7
</correct>
      <stderr size="0"></stderr>
      <checker size="3">OK
</checker>
    </test>
  </tests>
</testing-report>
