Content-type: text/xml

<?xml version="1.0" encoding="utf-8"?>
<testing-report run-id="111" judge-id="112" status="WA" scoring="ACM" run-tests="3" contest-id="3200" real-time-available="yes" max-memory-used-available="yes" correct-available="yes" failed-test="3" time-limit-ms="2000" real-time-limit-ms="5000" marked-flag="no" >
  <uuid>ac5f0ce3-cdf0-47e0-a901-d7bfa6a52d06</uuid>
  <host>localhost.localdomain</host>
  <cpu-model>Intel(R) Pentium(R) CPU 3550M @ 2.30GHz</cpu-model>
  <cpu-mhz>2294.738</cpu-mhz>
  <compiler_output></compiler_output>
  <tests>
    <test num="1" status="OK" time="26" real-time="63" max-memory-used="307200"  checker-comment="ok" >
  <program-stats-str>{ utime=21, stime=5, ptime=26, rtime=63, maxvsz=307200, maxrss=6168576, nvcsw=1, nivcsw=9 }</program-stats-str>
  <checker-stats-str>{ utime=0, stime=0, ptime=0, rtime=1, maxvsz=303104, maxrss=2387968, nvcsw=1, nivcsw=1 }</checker-stats-str>
      <input size="4">2
8
</input>
      <output size="2">1
</output>
      <correct size="2">1
</correct>
      <stderr size="0"></stderr>
      <checker size="5">ok  
</checker>
    </test>
    <test num="2" status="OK" time="25" real-time="58" max-memory-used="307200"  checker-comment="ok" >
  <program-stats-str>{ utime=20, stime=5, ptime=25, rtime=58, maxvsz=307200, maxrss=6037504, nvcsw=1, nivcsw=8 }</program-stats-str>
  <checker-stats-str>{ utime=0, stime=0, ptime=0, rtime=8, maxvsz=303104, maxrss=2387968, nvcsw=1, nivcsw=1 }</checker-stats-str>
      <input size="4">8
2
</input>
      <output size="2">1
</output>
      <correct size="2">1
</correct>
      <stderr size="0"></stderr>
      <checker size="5">ok  
</checker>
    </test>
    <test num="3" status="WA" time="26" real-time="49" max-memory-used="307200"  checker-comment="WA ???????? ????? Wrong answer" >
  <program-stats-str>{ utime=26, stime=0, ptime=26, rtime=49, maxvsz=307200, maxrss=6209536, nvcsw=1, nivcsw=6 }</program-stats-str>
  <checker-stats-str>{ utime=0, stime=0, ptime=0, rtime=11, maxvsz=303104, maxrss=2387968, nvcsw=1, nivcsw=1 }</checker-stats-str>
      <input size="4">3
5
</input>
      <output size="2">1
</output>
      <correct size="3">-5
</correct>
      <stderr size="0"></stderr>
      <checker size="32">WA ???????? ????? Wrong answer 
</checker>
    </test>
  </tests>
</testing-report>
