Content-type: text/xml

<?xml version="1.0" encoding="utf-8"?>
<testing-report run-id="159" judge-id="160" status="RT" scoring="ACM" run-tests="1" contest-id="3200" real-time-available="yes" max-memory-used-available="yes" correct-available="yes" failed-test="1" time-limit-ms="2000" real-time-limit-ms="5000" marked-flag="no" >
  <uuid>ebf6c6f4-3c7c-4307-90ab-832725becd3f</uuid>
  <host>localhost.localdomain</host>
  <cpu-model>Intel(R) Pentium(R) CPU 3550M @ 2.30GHz</cpu-model>
  <cpu-mhz>2294.738</cpu-mhz>
  <compiler_output></compiler_output>
  <tests>
    <test num="1" status="RT" exit-code="1" time="14" real-time="16" max-memory-used="307200" >
  <program-stats-str>{ utime=5, stime=9, ptime=14, rtime=16, maxvsz=307200, maxrss=5238784, nvcsw=1, nivcsw=4 }</program-stats-str>
      <input size="4">179
</input>
      <output size="0"></output>
      <stderr size="115">Traceback (most recent call last):
  File &quot;./000159&quot;, line 4, in &lt;module&gt;
    y
NameError: name 'y' is not defined
</stderr>
    </test>
  </tests>
</testing-report>
