Content-type: text/xml

<?xml version="1.0" encoding="utf-8"?>
<testing-report run-id="140" judge-id="141" status="RT" scoring="ACM" run-tests="1" contest-id="3200" real-time-available="yes" max-memory-used-available="yes" correct-available="yes" failed-test="1" time-limit-ms="2000" real-time-limit-ms="5000" marked-flag="no" >
  <uuid>9e324341-8583-4344-b01e-25acfcd40ee4</uuid>
  <host>localhost.localdomain</host>
  <cpu-model>Intel(R) Pentium(R) CPU 3550M @ 2.30GHz</cpu-model>
  <cpu-mhz>2294.738</cpu-mhz>
  <compiler_output></compiler_output>
  <tests>
    <test num="1" status="RT" exit-code="1" time="13" real-time="15" max-memory-used="307200" >
  <program-stats-str>{ utime=13, stime=0, ptime=13, rtime=15, maxvsz=307200, maxrss=5185536, nvcsw=1, nivcsw=5 }</program-stats-str>
      <input size="4">179
</input>
      <output size="0"></output>
      <stderr size="162">Traceback (most recent call last):
  File &quot;./000140&quot;, line 5, in &lt;module&gt;
    print(&quot;Hello world and &quot; + a)
TypeError: cannot concatenate 'str' and 'int' objects
</stderr>
    </test>
  </tests>
</testing-report>
