Content-type: text/xml

<?xml version="1.0" encoding="utf-8"?>
<testing-report run-id="116" judge-id="117" status="WA" scoring="ACM" run-tests="1" contest-id="3200" real-time-available="yes" max-memory-used-available="yes" correct-available="yes" failed-test="1" time-limit-ms="2000" real-time-limit-ms="5000" marked-flag="no" >
  <uuid>ba9ad677-52c9-4906-8734-768bb0991daf</uuid>
  <host>localhost.localdomain</host>
  <cpu-model>Intel(R) Pentium(R) CPU 3550M @ 2.30GHz</cpu-model>
  <cpu-mhz>2294.738</cpu-mhz>
  <compiler_output></compiler_output>
  <tests>
    <test num="1" status="WA" time="27" real-time="38" max-memory-used="307200"  checker-comment="Answers do not match: output: 180, correct: 9" >
  <program-stats-str>{ utime=27, stime=0, ptime=27, rtime=38, maxvsz=307200, maxrss=6103040, nvcsw=1, nivcsw=4 }</program-stats-str>
  <checker-stats-str>{ utime=1, stime=0, ptime=1, rtime=6, maxvsz=307200, maxrss=2387968, nvcsw=1, nivcsw=1 }</checker-stats-str>
      <input size="4">179
</input>
      <output size="4">180
</output>
      <correct size="2">9
</correct>
      <stderr size="0"></stderr>
      <checker size="46">Answers do not match: output: 180, correct: 9
</checker>
    </test>
  </tests>
</testing-report>
