Content-type: text/xml

<?xml version="1.0" encoding="utf-8"?>
<testing-report run-id="153" judge-id="154" status="RT" scoring="ACM" run-tests="1" contest-id="3200" real-time-available="yes" max-memory-used-available="yes" correct-available="yes" failed-test="1" time-limit-ms="2000" real-time-limit-ms="5000" marked-flag="no" >
  <uuid>1a9bf050-80c6-455d-b853-4a489d85f4fb</uuid>
  <host>localhost.localdomain</host>
  <cpu-model>Intel(R) Pentium(R) CPU 3550M @ 2.30GHz</cpu-model>
  <cpu-mhz>2294.738</cpu-mhz>
  <compiler_output></compiler_output>
  <tests>
    <test num="1" status="RT" exit-code="1" time="14" real-time="15" max-memory-used="307200" >
  <program-stats-str>{ utime=7, stime=7, ptime=14, rtime=15, maxvsz=307200, maxrss=5255168, nvcsw=1, nivcsw=2 }</program-stats-str>
      <input size="4">179
</input>
      <output size="0"></output>
      <stderr size="100">  File &quot;./000153&quot;, line 4
    x=int(input)(179))
                     ^
SyntaxError: invalid syntax
</stderr>
    </test>
  </tests>
</testing-report>
