Content-type: text/xml

<?xml version="1.0" encoding="utf-8"?>
<testing-report run-id="124" judge-id="125" status="RT" scoring="ACM" run-tests="1" contest-id="3200" real-time-available="yes" max-memory-used-available="yes" correct-available="yes" failed-test="1" time-limit-ms="2000" real-time-limit-ms="5000" marked-flag="no" >
  <uuid>598c013c-6b6b-4871-b799-d8f179b93682</uuid>
  <host>localhost.localdomain</host>
  <cpu-model>Intel(R) Pentium(R) CPU 3550M @ 2.30GHz</cpu-model>
  <cpu-mhz>2294.738</cpu-mhz>
  <compiler_output></compiler_output>
  <tests>
    <test num="1" status="RT" exit-code="1" time="14" real-time="17" max-memory-used="307200" >
  <program-stats-str>{ utime=5, stime=9, ptime=14, rtime=17, maxvsz=307200, maxrss=5255168, nvcsw=1, nivcsw=2 }</program-stats-str>
      <input size="4">179
</input>
      <output size="3">225</output>
      <stderr size="124">Traceback (most recent call last):
  File &quot;./000124&quot;, line 6, in &lt;module&gt;
    prit(y)
NameError: name 'prit' is not defined
</stderr>
    </test>
  </tests>
</testing-report>
