Content-type: text/xml

<?xml version="1.0" encoding="utf-8"?>
<testing-report run-id="180" judge-id="181" status="WA" scoring="ACM" run-tests="1" contest-id="3200" real-time-available="yes" max-memory-used-available="yes" correct-available="yes" failed-test="1" time-limit-ms="2000" real-time-limit-ms="5000" marked-flag="no" >
  <uuid>3f1a5115-ad6a-4d37-b8de-95fc03d089ff</uuid>
  <host>localhost.localdomain</host>
  <cpu-model>Intel(R) Pentium(R) CPU 3550M @ 2.30GHz</cpu-model>
  <cpu-mhz>2294.738</cpu-mhz>
  <compiler_output></compiler_output>
  <tests>
    <test num="1" status="WA" time="14" real-time="17" max-memory-used="307200"  checker-comment="Line 1 differs: output: ?('The next number for the number ', 179, ' is ', 180, '.')? correct: ?The next number for the n..." >
  <program-stats-str>{ utime=10, stime=4, ptime=14, rtime=17, maxvsz=307200, maxrss=5189632, nvcsw=1, nivcsw=5 }</program-stats-str>
  <checker-stats-str>{ utime=0, stime=0, ptime=0, rtime=1, maxvsz=307200, maxrss=2387968, nvcsw=1, nivcsw=1 }</checker-stats-str>
      <input size="4">179
</input>
      <output size="122">('The next number for the number ', 179, ' is ', 180, '.')
('The previous number for the number ', 179, ' is ', 178, '.')
</output>
      <correct size="90">The next number for the number 179 is 180.
The previous number for the number 179 is 178.
</correct>
      <stderr size="0"></stderr>
      <checker size="139">Line 1 differs: output:
&gt;('The next number for the number ', 179, ' is ', 180, '.')&lt;
correct:
&gt;The next number for the number 179 is 180.&lt;
</checker>
    </test>
  </tests>
</testing-report>
