Content-type: text/xml

<?xml version="1.0" encoding="utf-8"?>
<testing-report run-id="146" judge-id="147" status="RT" scoring="ACM" run-tests="1" contest-id="3200" real-time-available="yes" max-memory-used-available="yes" correct-available="yes" failed-test="1" time-limit-ms="2000" real-time-limit-ms="5000" marked-flag="no" >
  <uuid>7a61f9fb-880e-42f7-a833-486c799a280d</uuid>
  <host>localhost.localdomain</host>
  <cpu-model>Intel(R) Pentium(R) CPU 3550M @ 2.30GHz</cpu-model>
  <cpu-mhz>2294.738</cpu-mhz>
  <compiler_output></compiler_output>
  <tests>
    <test num="1" status="RT" exit-code="1" time="13" real-time="14" max-memory-used="307200" >
  <program-stats-str>{ utime=13, stime=0, ptime=13, rtime=14, maxvsz=307200, maxrss=5361664, nvcsw=1, nivcsw=3 }</program-stats-str>
      <input size="4">179
</input>
      <output size="0"></output>
      <stderr size="168">  File &quot;./000146&quot;, line 4
    Python 3.4.0 (v3.4.0:04f714765c13, Mar 16 2014, 19:24:06) [MSC v.1600 32 bit (Intel)] on win32
             ^
SyntaxError: invalid syntax
</stderr>
    </test>
  </tests>
</testing-report>
