Content-type: text/xml

<?xml version="1.0" encoding="utf-8"?>
<testing-report run-id="213" judge-id="214" status="PE" scoring="ACM" run-tests="1" contest-id="3200" real-time-available="yes" max-memory-used-available="yes" correct-available="yes" failed-test="1" time-limit-ms="2000" real-time-limit-ms="5000" marked-flag="no" >
  <uuid>82000578-d431-4378-8ea4-cd6d58adf9c3</uuid>
  <host>localhost.localdomain</host>
  <cpu-model>Intel(R) Pentium(R) CPU 3550M @ 2.30GHz</cpu-model>
  <cpu-mhz>2294.738</cpu-mhz>
  <compiler_output></compiler_output>
  <tests>
    <test num="1" status="PE" time="27" real-time="28" max-memory-used="307200"  checker-comment="user program output: output: cannot parse int64 value" >
  <program-stats-str>{ utime=27, stime=0, ptime=27, rtime=28, maxvsz=307200, maxrss=6291456, nvcsw=1, nivcsw=6 }</program-stats-str>
  <checker-stats-str>{ utime=0, stime=0, ptime=0, rtime=2, maxvsz=307200, maxrss=2387968, nvcsw=1, nivcsw=1 }</checker-stats-str>
      <input size="6">3
14

</input>
      <output size="4">4.2
</output>
      <correct size="2">4
</correct>
      <stderr size="0"></stderr>
      <checker size="54">user program output: output: cannot parse int64 value
</checker>
    </test>
  </tests>
</testing-report>
