Content-type: text/xml

<?xml version="1.0" encoding="utf-8"?>
<testing-report run-id="244" judge-id="245" status="RT" scoring="ACM" run-tests="1" contest-id="3200" real-time-available="yes" max-memory-used-available="yes" correct-available="yes" failed-test="1" time-limit-ms="2000" real-time-limit-ms="5000" marked-flag="no" >
  <uuid>4ffd5c51-c5ab-45b3-b193-d16e7b47273d</uuid>
  <host>localhost.localdomain</host>
  <cpu-model>Intel(R) Pentium(R) CPU 3550M @ 2.30GHz</cpu-model>
  <cpu-mhz>2294.738</cpu-mhz>
  <compiler_output></compiler_output>
  <tests>
    <test num="1" status="RT" exit-code="1" time="13" real-time="16" max-memory-used="307200" >
  <program-stats-str>{ utime=6, stime=7, ptime=13, rtime=16, maxvsz=307200, maxrss=5124096, nvcsw=1, nivcsw=4 }</program-stats-str>
      <input size="4">179
</input>
      <output size="0"></output>
      <stderr size="199">  File &quot;./000244&quot;, line 5
    print(&quot;The next number for the number &quot;, a,&quot; is &quot;, a + 1,&quot;.&quot;, sep='')
                                                                     ^
SyntaxError: invalid syntax
</stderr>
    </test>
  </tests>
</testing-report>
