Content-type: text/xml

<?xml version="1.0" encoding="utf-8"?>
<testing-report run-id="209" judge-id="210" status="RT" scoring="ACM" run-tests="1" contest-id="3200" real-time-available="yes" max-memory-used-available="yes" correct-available="yes" failed-test="1" time-limit-ms="2000" real-time-limit-ms="5000" marked-flag="no" >
  <uuid>a3953859-c77f-4b5c-9e2e-77751b19f220</uuid>
  <host>localhost.localdomain</host>
  <cpu-model>Intel(R) Pentium(R) CPU 3550M @ 2.30GHz</cpu-model>
  <cpu-mhz>2294.738</cpu-mhz>
  <compiler_output></compiler_output>
  <tests>
    <test num="1" status="RT" exit-code="1" time="14" real-time="15" max-memory-used="307200" >
  <program-stats-str>{ utime=14, stime=0, ptime=14, rtime=15, maxvsz=307200, maxrss=5124096, nvcsw=1, nivcsw=2 }</program-stats-str>
      <input size="12">1
1
1
2
2
2
</input>
      <output size="0"></output>
      <stderr size="84">  File &quot;./000209&quot;, line 7
    f = input()
    ^
IndentationError: unexpected indent
</stderr>
    </test>
  </tests>
</testing-report>
