Content-type: text/xml

<?xml version="1.0" encoding="utf-8"?>
<testing-report run-id="279" judge-id="4" status="SE" scoring="ACM" run-tests="1" contest-id="3200" real-time-available="yes" max-memory-used-available="yes" correct-available="yes" failed-test="1" time-limit-ms="2000" real-time-limit-ms="5000" marked-flag="no" >
  <uuid>fe09a483-bbaa-4064-af0f-65088d375368</uuid>
  <host>localhost.localdomain</host>
  <cpu-model>Intel(R) Pentium(R) CPU 3550M @ 2.30GHz</cpu-model>
  <cpu-mhz>2294.738</cpu-mhz>
  <compiler_output></compiler_output>
  <tests>
    <test num="1" status="SE" time="284" real-time="307" max-memory-used="18698240" >
  <program-stats-str>{ utime=256, stime=28, ptime=284, rtime=307, maxvsz=18698240, maxrss=19116032, nvcsw=1, nivcsw=45 }</program-stats-str>
      <input size="6">3
14

</input>
      <output size="0"></output>
      <stderr size="283">Can't open '/usr/share/abrt/conf.d/plugins/python3.conf': Operation not permitted
Can't open '/etc/abrt/plugins/python3.conf': Operation not permitted
Traceback (most recent call last):
  File &quot;./000279&quot;, line 4, in &lt;module&gt;
    n=int(inter())
NameError: name 'inter' is not defined
</stderr>
    </test>
  </tests>
</testing-report>
