Content-type: text/xml

<?xml version="1.0" encoding="utf-8"?>
<testing-report run-id="262" judge-id="5" status="RT" scoring="ACM" run-tests="1" contest-id="3200" real-time-available="yes" max-memory-used-available="yes" correct-available="yes" failed-test="1" time-limit-ms="2000" real-time-limit-ms="5000" marked-flag="no" >
  <uuid>55ea5bf3-e01a-4632-8e7d-f16883114a3d</uuid>
  <host>localhost.localdomain</host>
  <cpu-model>Intel(R) Pentium(R) CPU 3550M @ 2.30GHz</cpu-model>
  <cpu-mhz>2294.738</cpu-mhz>
  <compiler_output></compiler_output>
  <tests>
    <test num="1" status="RT" exit-code="1" time="15" real-time="18" max-memory-used="307200" >
  <program-stats-str>{ utime=10, stime=5, ptime=15, rtime=18, maxvsz=307200, maxrss=5246976, nvcsw=1, nivcsw=7 }</program-stats-str>
      <input size="4">179
</input>
      <output size="0"></output>
      <stderr size="150">  File &quot;./000262&quot;, line 6
    print('The next number for',n,'is',m,end='.')
                                            ^
SyntaxError: invalid syntax
</stderr>
    </test>
  </tests>
</testing-report>
