Content-type: text/xml

<?xml version="1.0" encoding="utf-8"?>
<testing-report run-id="266" judge-id="9" status="WA" scoring="ACM" run-tests="2" contest-id="3200" real-time-available="yes" max-memory-used-available="yes" correct-available="yes" failed-test="2" time-limit-ms="2000" real-time-limit-ms="5000" marked-flag="no" >
  <uuid>ef4e3052-c7aa-42d6-9c90-c133a74aa6ce</uuid>
  <host>localhost.localdomain</host>
  <cpu-model>Intel(R) Pentium(R) CPU 3550M @ 2.30GHz</cpu-model>
  <cpu-mhz>2294.738</cpu-mhz>
  <compiler_output></compiler_output>
  <tests>
    <test num="1" status="OK" time="13" real-time="15" max-memory-used="307200"  checker-comment="OK" >
  <program-stats-str>{ utime=11, stime=2, ptime=13, rtime=15, maxvsz=307200, maxrss=5242880, nvcsw=1, nivcsw=3 }</program-stats-str>
  <checker-stats-str>{ utime=0, stime=0, ptime=0, rtime=2, maxvsz=307200, maxrss=2387968, nvcsw=1, nivcsw=1 }</checker-stats-str>
      <input size="12">1
1
1
2
2
2
</input>
      <output size="5">3661
</output>
      <correct size="5">3661
</correct>
      <stderr size="0"></stderr>
      <checker size="3">OK
</checker>
    </test>
    <test num="2" status="WA" time="13" real-time="16" max-memory-used="307200"  checker-comment="Answers do not match: output: -35940, correct: 50" >
  <program-stats-str>{ utime=8, stime=5, ptime=13, rtime=16, maxvsz=307200, maxrss=5271552, nvcsw=1, nivcsw=3 }</program-stats-str>
  <checker-stats-str>{ utime=0, stime=0, ptime=0, rtime=2, maxvsz=307200, maxrss=2387968, nvcsw=1, nivcsw=1 }</checker-stats-str>
      <input size="14">1
2
30
1
3
20
</input>
      <output size="7">-35940
</output>
      <correct size="3">50
</correct>
      <stderr size="0"></stderr>
      <checker size="50">Answers do not match: output: -35940, correct: 50
</checker>
    </test>
  </tests>
</testing-report>
