Content-type: text/xml

<?xml version="1.0" encoding="utf-8"?>
<testing-report run-id="360" judge-id="30" status="RT" scoring="ACM" run-tests="1" contest-id="3200" real-time-available="yes" max-memory-used-available="yes" correct-available="yes" failed-test="1" time-limit-ms="2000" real-time-limit-ms="5000" marked-flag="no" >
  <uuid>a13e9dc1-6d98-4e7c-844f-e16b52934fa2</uuid>
  <host>localhost.localdomain</host>
  <cpu-model>Intel(R) Pentium(R) CPU 3550M @ 2.30GHz</cpu-model>
  <cpu-mhz>2294.738</cpu-mhz>
  <compiler_output></compiler_output>
  <tests>
    <test num="1" status="RT" exit-code="1" time="187" real-time="200" max-memory-used="64196608" >
  <program-stats-str>{ utime=146, stime=41, ptime=187, rtime=200, maxvsz=64196608, maxrss=45424640, nvcsw=1, nivcsw=33 }</program-stats-str>
      <input size="5">7
30
</input>
      <output size="0"></output>
      <stderr size="173">Warning: cannot find your CPU L2 cache size in /proc/cpuinfo
  File &quot;./000360&quot;, line 4
    аыаыаыуаыва
    ^
SyntaxError: Unknown character
</stderr>
    </test>
  </tests>
</testing-report>
