Content-type: text/xml

<?xml version="1.0" encoding="utf-8"?>
<testing-report run-id="303" judge-id="28" status="SE" scoring="ACM" run-tests="1" contest-id="3200" real-time-available="yes" max-memory-used-available="yes" correct-available="yes" failed-test="1" time-limit-ms="2000" real-time-limit-ms="5000" marked-flag="no" >
  <uuid>2864cfc7-26c6-4d4c-ad74-034920311ce6</uuid>
  <host>localhost.localdomain</host>
  <cpu-model>Intel(R) Pentium(R) CPU 3550M @ 2.30GHz</cpu-model>
  <cpu-mhz>2294.738</cpu-mhz>
  <compiler_output></compiler_output>
  <tests>
    <test num="1" status="SE" time="281" real-time="312" max-memory-used="32251904" >
  <program-stats-str>{ utime=258, stime=23, ptime=281, rtime=312, maxvsz=32251904, maxrss=19472384, nvcsw=1, nivcsw=42 }</program-stats-str>
      <input size="6">3
14

</input>
      <output size="0"></output>
      <stderr size="352">Can't open '/usr/share/abrt/conf.d/plugins/python3.conf': Operation not permitted
Can't open '/etc/abrt/plugins/python3.conf': Operation not permitted
Traceback (most recent call last):
  File &quot;./000303&quot;, line 4, in &lt;module&gt;
    n=int(input)
TypeError: int() argument must be a string, a bytes-like object or a number, not 'builtin_function_or_method'
</stderr>
    </test>
  </tests>
</testing-report>
