Content-type: text/xml

<?xml version="1.0" encoding="utf-8"?>
<testing-report run-id="318" judge-id="43" status="WA" scoring="ACM" run-tests="2" contest-id="3200" real-time-available="yes" max-memory-used-available="yes" correct-available="yes" failed-test="2" time-limit-ms="2000" real-time-limit-ms="5000" marked-flag="no" >
  <uuid>db288617-1695-42c2-8f4a-2e78e36a3099</uuid>
  <host>localhost.localdomain</host>
  <cpu-model>Intel(R) Pentium(R) CPU 3550M @ 2.30GHz</cpu-model>
  <cpu-mhz>2294.738</cpu-mhz>
  <compiler_output></compiler_output>
  <tests>
    <test num="1" status="OK" time="26" real-time="28" max-memory-used="307200"  checker-comment="OK" >
  <program-stats-str>{ utime=21, stime=5, ptime=26, rtime=28, maxvsz=307200, maxrss=6115328, nvcsw=1, nivcsw=5 }</program-stats-str>
  <checker-stats-str>{ utime=0, stime=0, ptime=0, rtime=2, maxvsz=307200, maxrss=2387968, nvcsw=1, nivcsw=2 }</checker-stats-str>
      <input size="6">3
14

</input>
      <output size="2">4
</output>
      <correct size="2">4
</correct>
      <stderr size="0"></stderr>
      <checker size="3">OK
</checker>
    </test>
    <test num="2" status="WA" time="25" real-time="28" max-memory-used="307200"  checker-comment="Answers do not match: output: 4, correct: 10" >
  <program-stats-str>{ utime=19, stime=6, ptime=25, rtime=28, maxvsz=307200, maxrss=6303744, nvcsw=1, nivcsw=3 }</program-stats-str>
  <checker-stats-str>{ utime=1, stime=0, ptime=1, rtime=3, maxvsz=307200, maxrss=2387968, nvcsw=1, nivcsw=2 }</checker-stats-str>
      <input size="7">10
100
</input>
      <output size="2">4
</output>
      <correct size="3">10
</correct>
      <stderr size="0"></stderr>
      <checker size="45">Answers do not match: output: 4, correct: 10
</checker>
    </test>
  </tests>
</testing-report>
