Content-type: text/xml

<?xml version="1.0" encoding="utf-8"?>
<testing-report run-id="351" judge-id="21" status="RT" scoring="ACM" run-tests="1" contest-id="3200" real-time-available="yes" max-memory-used-available="yes" correct-available="yes" failed-test="1" time-limit-ms="2000" real-time-limit-ms="5000" marked-flag="no" >
  <uuid>533cb8bd-6784-4028-99d7-6a489c7cf8a4</uuid>
  <host>localhost.localdomain</host>
  <cpu-model>Intel(R) Pentium(R) CPU 3550M @ 2.30GHz</cpu-model>
  <cpu-mhz>2294.738</cpu-mhz>
  <compiler_output></compiler_output>
  <tests>
    <test num="1" status="RT" exit-code="1" time="13" real-time="15" max-memory-used="307200" >
  <program-stats-str>{ utime=13, stime=0, ptime=13, rtime=15, maxvsz=307200, maxrss=5349376, nvcsw=1, nivcsw=3 }</program-stats-str>
      <input size="6">3
14

</input>
      <output size="0"></output>
      <stderr size="87">  File &quot;./000351&quot;, line 5
    n, k: integer;
    ^
IndentationError: unexpected indent
</stderr>
    </test>
  </tests>
</testing-report>
