Content-type: text/xml

<?xml version="1.0" encoding="utf-8"?>
<testing-report run-id="355" judge-id="25" status="RT" scoring="ACM" run-tests="1" contest-id="3200" real-time-available="yes" max-memory-used-available="yes" correct-available="yes" failed-test="1" time-limit-ms="2000" real-time-limit-ms="5000" marked-flag="no" >
  <uuid>bc3d11ca-cc97-41e3-ab20-493705f2b8fe</uuid>
  <host>localhost.localdomain</host>
  <cpu-model>Intel(R) Pentium(R) CPU 3550M @ 2.30GHz</cpu-model>
  <cpu-mhz>2294.738</cpu-mhz>
  <compiler_output></compiler_output>
  <tests>
    <test num="1" status="RT" exit-code="1" time="197" real-time="222" max-memory-used="65716224" >
  <program-stats-str>{ utime=172, stime=25, ptime=197, rtime=222, maxvsz=65716224, maxrss=45363200, nvcsw=1, nivcsw=39 }</program-stats-str>
      <input size="2">7
</input>
      <output size="0"></output>
      <stderr size="145">Warning: cannot find your CPU L2 cache size in /proc/cpuinfo
  File &quot;./000355&quot;, line 4
    ыкев
    ^
SyntaxError: Unknown character
</stderr>
    </test>
  </tests>
</testing-report>
