Content-type: text/xml

<?xml version="1.0" encoding="utf-8"?>
<testing-report run-id="310" judge-id="35" status="WA" scoring="ACM" run-tests="1" contest-id="3200" real-time-available="yes" max-memory-used-available="yes" correct-available="yes" failed-test="1" time-limit-ms="2000" real-time-limit-ms="5000" marked-flag="no" >
  <uuid>725b9e89-10d7-4c0c-b1f5-2763169cc6c3</uuid>
  <host>localhost.localdomain</host>
  <cpu-model>Intel(R) Pentium(R) CPU 3550M @ 2.30GHz</cpu-model>
  <cpu-mhz>2294.738</cpu-mhz>
  <compiler_output></compiler_output>
  <tests>
    <test num="1" status="WA" time="26" real-time="28" max-memory-used="307200"  checker-comment="Answers do not match: output: -3661, correct: 3661" >
  <program-stats-str>{ utime=23, stime=3, ptime=26, rtime=28, maxvsz=307200, maxrss=6287360, nvcsw=1, nivcsw=6 }</program-stats-str>
  <checker-stats-str>{ utime=0, stime=0, ptime=0, rtime=1, maxvsz=307200, maxrss=2387968, nvcsw=1, nivcsw=1 }</checker-stats-str>
      <input size="12">1
1
1
2
2
2
</input>
      <output size="6">-3661
</output>
      <correct size="5">3661
</correct>
      <stderr size="0"></stderr>
      <checker size="51">Answers do not match: output: -3661, correct: 3661
</checker>
    </test>
  </tests>
</testing-report>
