Content-type: text/xml

<?xml version="1.0" encoding="utf-8"?>
<testing-report run-id="301" judge-id="26" status="SE" scoring="ACM" run-tests="1" contest-id="3200" real-time-available="yes" max-memory-used-available="yes" correct-available="yes" failed-test="1" time-limit-ms="2000" real-time-limit-ms="5000" marked-flag="no" >
  <uuid>3c700e87-9b01-4a12-8242-1fe30b3dc73e</uuid>
  <host>localhost.localdomain</host>
  <cpu-model>Intel(R) Pentium(R) CPU 3550M @ 2.30GHz</cpu-model>
  <cpu-mhz>2294.738</cpu-mhz>
  <compiler_output></compiler_output>
  <tests>
    <test num="1" status="SE" time="283" real-time="300" max-memory-used="18698240" >
  <program-stats-str>{ utime=268, stime=15, ptime=283, rtime=300, maxvsz=18698240, maxrss=19124224, nvcsw=1, nivcsw=41 }</program-stats-str>
      <input size="4">179
</input>
      <output size="0"></output>
      <stderr size="314">Can't open '/usr/share/abrt/conf.d/plugins/python3.conf': Operation not permitted
Can't open '/etc/abrt/plugins/python3.conf': Operation not permitted
  File &quot;./000301&quot;, line 7
    print(&quot;The next number for the number&quot;, n, &quot;is&quot; z 
                                                    ^
SyntaxError: invalid syntax
</stderr>
    </test>
  </tests>
</testing-report>
