Content-type: text/xml

<?xml version="1.0" encoding="utf-8"?>
<testing-report run-id="348" judge-id="18" status="RT" scoring="ACM" run-tests="1" contest-id="3200" real-time-available="yes" max-memory-used-available="yes" correct-available="yes" failed-test="1" time-limit-ms="2000" real-time-limit-ms="5000" marked-flag="no" >
  <uuid>a8c9e7a8-d3be-4886-8304-7a287fc8be65</uuid>
  <host>localhost.localdomain</host>
  <cpu-model>Intel(R) Pentium(R) CPU 3550M @ 2.30GHz</cpu-model>
  <cpu-mhz>2294.738</cpu-mhz>
  <compiler_output></compiler_output>
  <tests>
    <test num="1" status="RT" exit-code="1" time="14" real-time="15" max-memory-used="307200" >
  <program-stats-str>{ utime=12, stime=2, ptime=14, rtime=15, maxvsz=307200, maxrss=5189632, nvcsw=1, nivcsw=3 }</program-stats-str>
      <input size="6">3
14

</input>
      <output size="0"></output>
      <stderr size="90">  File &quot;./000348&quot;, line 4
    input.txt 3 14	
              ^
SyntaxError: invalid syntax
</stderr>
    </test>
  </tests>
</testing-report>
