Content-type: text/xml

<?xml version="1.0" encoding="utf-8"?>
<testing-report run-id="376" judge-id="11" status="WA" scoring="ACM" run-tests="1" contest-id="3200" real-time-available="yes" max-memory-used-available="yes" correct-available="yes" failed-test="1" time-limit-ms="2000" real-time-limit-ms="5000" marked-flag="no" >
  <uuid>6afc14fc-6c03-4c09-9bd3-5ea49841d5fd</uuid>
  <host>localhost.localdomain</host>
  <cpu-model>Intel(R) Pentium(R) CPU 3550M @ 2.30GHz</cpu-model>
  <cpu-mhz>2294.738</cpu-mhz>
  <compiler_output></compiler_output>
  <tests>
    <test num="1" status="WA" time="14" real-time="15" max-memory-used="307200"  checker-comment="Answers do not match: output: 0, correct: 4" >
  <program-stats-str>{ utime=14, stime=0, ptime=14, rtime=15, maxvsz=307200, maxrss=5353472, nvcsw=1, nivcsw=2 }</program-stats-str>
  <checker-stats-str>{ utime=0, stime=0, ptime=0, rtime=2, maxvsz=307200, maxrss=2928640, nvcsw=1, nivcsw=1 }</checker-stats-str>
      <input size="6">3
14

</input>
      <output size="2">0
</output>
      <correct size="2">4
</correct>
      <stderr size="0"></stderr>
      <checker size="44">Answers do not match: output: 0, correct: 4
</checker>
    </test>
  </tests>
</testing-report>
