Content-type: text/xml

<?xml version="1.0" encoding="utf-8"?>
<testing-report run-id="342" judge-id="12" status="RT" scoring="ACM" run-tests="1" contest-id="3200" real-time-available="yes" max-memory-used-available="yes" correct-available="yes" failed-test="1" time-limit-ms="2000" real-time-limit-ms="5000" marked-flag="no" >
  <uuid>750ff16c-e505-4e30-93ef-4bf06812d91c</uuid>
  <host>localhost.localdomain</host>
  <cpu-model>Intel(R) Pentium(R) CPU 3550M @ 2.30GHz</cpu-model>
  <cpu-mhz>2294.738</cpu-mhz>
  <compiler_output></compiler_output>
  <tests>
    <test num="1" status="RT" exit-code="1" time="13" real-time="15" max-memory-used="307200" >
  <program-stats-str>{ utime=6, stime=7, ptime=13, rtime=15, maxvsz=307200, maxrss=5349376, nvcsw=1, nivcsw=3 }</program-stats-str>
      <input size="4">179
</input>
      <output size="0"></output>
      <stderr size="115">Traceback (most recent call last):
  File &quot;./000342&quot;, line 4, in &lt;module&gt;
    b
NameError: name 'b' is not defined
</stderr>
    </test>
  </tests>
</testing-report>
