Content-type: text/xml

<?xml version="1.0" encoding="utf-8"?>
<testing-report run-id="364" judge-id="1" status="RT" scoring="ACM" run-tests="1" contest-id="3200" real-time-available="yes" max-memory-used-available="yes" correct-available="yes" failed-test="1" time-limit-ms="2000" real-time-limit-ms="5000" marked-flag="no" >
  <uuid>95d5ad6f-7cec-48fc-a95f-34503190ed27</uuid>
  <host>localhost.localdomain</host>
  <cpu-model>Intel(R) Pentium(R) CPU 3550M @ 2.30GHz</cpu-model>
  <cpu-mhz>2294.738</cpu-mhz>
  <compiler_output></compiler_output>
  <tests>
    <test num="1" status="RT" exit-code="1" time="188" real-time="198" max-memory-used="64729088" >
  <program-stats-str>{ utime=171, stime=17, ptime=188, rtime=198, maxvsz=64729088, maxrss=45600768, nvcsw=1, nivcsw=30 }</program-stats-str>
      <input size="6">3
14

</input>
      <output size="0"></output>
      <stderr size="222">Warning: cannot find your CPU L2 cache size in /proc/cpuinfo
Traceback (most recent call last):
  File &quot;./000364&quot;, line 4, in &lt;module&gt;
    input.txt(&quot;3,14&quot;)
AttributeError: 'builtin_function' object has no attribute 'txt'
</stderr>
    </test>
  </tests>
</testing-report>
