Content-type: text/xml

<?xml version="1.0" encoding="utf-8"?>
<testing-report run-id="367" judge-id="2" status="SE" scoring="ACM" run-tests="1" contest-id="3200" real-time-available="yes" max-memory-used-available="yes" correct-available="yes" failed-test="1" time-limit-ms="2000" real-time-limit-ms="5000" marked-flag="no" >
  <uuid>4b864ea2-c272-4548-9fd5-6823811132aa</uuid>
  <host>localhost.localdomain</host>
  <cpu-model>Intel(R) Pentium(R) CPU 3550M @ 2.30GHz</cpu-model>
  <cpu-mhz>2294.738</cpu-mhz>
  <compiler_output></compiler_output>
  <tests>
    <test num="1" status="SE" time="282" real-time="300" max-memory-used="18698240" >
  <program-stats-str>{ utime=270, stime=12, ptime=282, rtime=300, maxvsz=18698240, maxrss=19247104, nvcsw=1, nivcsw=42 }</program-stats-str>
      <input size="4">179
</input>
      <output size="0"></output>
      <stderr size="332">Can't open '/usr/share/abrt/conf.d/plugins/python3.conf': Operation not permitted
Can't open '/etc/abrt/plugins/python3.conf': Operation not permitted
  File &quot;./000367&quot;, line 5
    print(&quot;The next number for the number&quot;,x,&quot;is&quot;,(x+1),end'.')
                                                             ^
SyntaxError: invalid syntax
</stderr>
    </test>
  </tests>
</testing-report>
