Content-type: text/xml

<?xml version="1.0" encoding="utf-8"?>
<testing-report run-id="337" judge-id="7" status="RT" scoring="ACM" run-tests="1" contest-id="3200" real-time-available="yes" max-memory-used-available="yes" correct-available="yes" failed-test="1" time-limit-ms="2000" real-time-limit-ms="5000" marked-flag="no" >
  <uuid>10381fc5-f0e2-4005-9f6a-780ec9c78e10</uuid>
  <host>localhost.localdomain</host>
  <cpu-model>Intel(R) Pentium(R) CPU 3550M @ 2.30GHz</cpu-model>
  <cpu-mhz>2294.738</cpu-mhz>
  <compiler_output></compiler_output>
  <tests>
    <test num="1" status="RT" exit-code="1" time="14" real-time="15" max-memory-used="307200" >
  <program-stats-str>{ utime=14, stime=0, ptime=14, rtime=15, maxvsz=307200, maxrss=5337088, nvcsw=1, nivcsw=2 }</program-stats-str>
      <input size="4">179
</input>
      <output size="0"></output>
      <stderr size="125">Traceback (most recent call last):
  File &quot;./000337&quot;, line 4, in &lt;module&gt;
    trufit
NameError: name 'trufit' is not defined
</stderr>
    </test>
  </tests>
</testing-report>
