Content-type: text/xml

<?xml version="1.0" encoding="utf-8"?>
<testing-report run-id="78" judge-id="39" status="WA" scoring="ACM" run-tests="1" contest-id="3001" real-time-available="yes" max-memory-used-available="yes" correct-available="yes" failed-test="1" time-limit-ms="2000" real-time-limit-ms="5000" marked-flag="no" >
  <uuid>8ef64bd3-7837-4747-8778-f62117416eed</uuid>
  <host>localhost.localdomain</host>
  <cpu-model>Intel(R) Pentium(R) CPU 3550M @ 2.30GHz</cpu-model>
  <cpu-mhz>2294.738</cpu-mhz>
  <compiler_output>Free Pascal Compiler version 2.6.4 [2015/06/17] for i386
Copyright (c) 1993-2014 by Florian Klaempfl and others
Target OS: Linux for i386
Compiling 000078.pas
Linking 000078




/usr/bin/ld: warning: link.res contains output sections; did you forget -T?
99 lines compiled, 0.0 sec 
</compiler_output>
  <tests>
    <test num="1" status="WA" time="0" real-time="1" max-memory-used="622592"  checker-comment="Answers differ: [17]: output: 109570, correct: 92904" >
  <program-stats-str>{ utime=0, stime=0, ptime=0, rtime=1, maxvsz=622592, maxrss=2387968, nvcsw=1, nivcsw=1 }</program-stats-str>
  <checker-stats-str>{ utime=0, stime=0, ptime=0, rtime=1, maxvsz=307200, maxrss=2387968, nvcsw=1, nivcsw=1 }</checker-stats-str>
      <input size="436">20
1 20 16666
2 7 12
2 9 14
1 7 30846
1 5 12017
1 3 25097
2 6 20
1 17 5641
1 14 21957
2 10 17
1 10 8101
1 4 12190
1 11 4555
2 1 13
2 8 17
2 5 16
1 4 8899
1 19 13770
1 6 4764
1 9 3478
1 11 5461
2 7 18
2 7 14
1 8 3732
2 4 13
2 4 18
2 1 12
1 17 3154
1 15 5784
2 1 16
1 18 21003
2 5 14
2 4 14
2 6 14
2 9 19
2 6 14
1 14 -14920
2 9 17
1 20 -816
1 13 5516
2 3 13
1 1 5961
1 13 26691
2 4 20
1 15 -4767
2 10 17
1 13 -4931
2 6 20
2 9 15
2 3 11
0
</input>
      <output size="151">0
0
47512
27598
92806
40254
77476
80039
74398
94043
121641
119140
146881
94911
116000
82894
109570
82894
43211
124656
198489
67173
155685
56925
119140
</output>
      <correct size="150">0
0
47512
27598
92806
40254
77476
80039
74398
94043
121641
119140
146881
94911
116000
82894
92904
82894
43211
124656
198489
67173
155685
56925
119140
</correct>
      <stderr size="0"></stderr>
      <checker size="53">Answers differ: [17]: output: 109570, correct: 92904
</checker>
    </test>
  </tests>
</testing-report>
