Content-type: text/xml

<?xml version="1.0" encoding="utf-8"?>
<testing-report run-id="28" judge-id="29" status="WA" scoring="ACM" run-tests="1" contest-id="3001" real-time-available="yes" max-memory-used-available="yes" correct-available="yes" failed-test="1" time-limit-ms="2000" real-time-limit-ms="5000" marked-flag="no" >
  <uuid>b6ca01d6-3138-4367-b778-eec61fac6ef5</uuid>
  <host>localhost.localdomain</host>
  <cpu-model>Intel(R) Pentium(R) CPU 3550M @ 2.30GHz</cpu-model>
  <cpu-mhz>2294.738</cpu-mhz>
  <compiler_output>
</compiler_output>
  <tests>
    <test num="1" status="WA" time="1" real-time="2" max-memory-used="307200"  checker-comment="Answers differ: [1]: output: 4, correct: 8" >
  <program-stats-str>{ utime=0, stime=1, ptime=1, rtime=2, maxvsz=307200, maxrss=3014656, nvcsw=1, nivcsw=1 }</program-stats-str>
  <checker-stats-str>{ utime=0, stime=0, ptime=0, rtime=1, maxvsz=307200, maxrss=2387968, nvcsw=1, nivcsw=1 }</checker-stats-str>
      <input size="22">5
4 4 8 7 8
2
1 2
1 3
</input>
      <output size="19">4 8 16 23 31 
8 16 </output>
      <correct size="5">8 16
</correct>
      <stderr size="0"></stderr>
      <checker size="43">Answers differ: [1]: output: 4, correct: 8
</checker>
    </test>
  </tests>
</testing-report>
