Content-type: text/xml

<?xml version="1.0" encoding="utf-8"?>
<testing-report run-id="56" judge-id="17" status="PE" scoring="ACM" run-tests="1" contest-id="3001" real-time-available="yes" max-memory-used-available="yes" correct-available="yes" failed-test="1" time-limit-ms="2000" real-time-limit-ms="5000" marked-flag="no" >
  <uuid>a3ecc95f-38f8-4099-87b5-e8299ad2e2a6</uuid>
  <host>localhost.localdomain</host>
  <cpu-model>Intel(R) Pentium(R) CPU 3550M @ 2.30GHz</cpu-model>
  <cpu-mhz>2294.738</cpu-mhz>
  <compiler_output>Done processing 000056.cpp

</compiler_output>
  <tests>
    <test num="1" status="PE" time="1" real-time="2" max-memory-used="311296"  checker-comment="user program output: [1]: int64 value is out of range" >
  <program-stats-str>{ utime=0, stime=1, ptime=1, rtime=2, maxvsz=311296, maxrss=2748416, nvcsw=1, nivcsw=1 }</program-stats-str>
  <checker-stats-str>{ utime=0, stime=0, ptime=0, rtime=1, maxvsz=307200, maxrss=2387968, nvcsw=1, nivcsw=1 }</checker-stats-str>
      <input size="436">20
1 20 16666
2 7 12
2 9 14
1 7 30846
1 5 12017
1 3 25097
2 6 20
1 17 5641
1 14 21957
2 10 17
1 10 8101
1 4 12190
1 11 4555
2 1 13
2 8 17
2 5 16
1 4 8899
1 19 13770
1 6 4764
1 9 3478
1 11 5461
2 7 18
2 7 14
1 8 3732
2 4 13
2 4 18
2 1 12
1 17 3154
1 15 5784
2 1 16
1 18 21003
2 5 14
2 4 14
2 6 14
2 9 19
2 6 14
1 14 -14920
2 9 17
1 20 -816
1 13 5516
2 3 13
1 1 5961
1 13 26691
2 4 20
1 15 -4767
2 10 17
1 13 -4931
2 6 20
2 9 15
2 3 11
0
</input>
      <output size="125">00475122759892806402547747680039743989404312164111914014688194911116000828949290482894432111246561984896717315568556925119140</output>
      <correct size="150">0
0
47512
27598
92806
40254
77476
80039
74398
94043
121641
119140
146881
94911
116000
82894
92904
82894
43211
124656
198489
67173
155685
56925
119140
</correct>
      <stderr size="0"></stderr>
      <checker size="54">user program output: [1]: int64 value is out of range
</checker>
    </test>
  </tests>
</testing-report>
