Content-type: text/xml

<?xml version="1.0" encoding="utf-8"?>
<testing-report run-id="69" judge-id="56" status="WA" scoring="ACM" run-tests="3" contest-id="3207" real-time-available="yes" max-memory-used-available="yes" correct-available="yes" failed-test="3" time-limit-ms="2000" real-time-limit-ms="5000" marked-flag="no" >
  <uuid>4019a672-576b-4f87-8b76-65f597de1c51</uuid>
  <host>localhost.localdomain</host>
  <cpu-model>Intel(R) Pentium(R) CPU 3550M @ 2.30GHz</cpu-model>
  <cpu-mhz>2294.738</cpu-mhz>
  <compiler_output></compiler_output>
  <tests>
    <test num="1" status="OK" time="27" real-time="29" max-memory-used="307200"  checker-comment="OK" >
  <program-stats-str>{ utime=27, stime=0, ptime=27, rtime=29, maxvsz=307200, maxrss=6213632, nvcsw=1, nivcsw=4 }</program-stats-str>
  <checker-stats-str>{ utime=0, stime=0, ptime=0, rtime=2, maxvsz=307200, maxrss=2654208, nvcsw=1, nivcsw=2 }</checker-stats-str>
      <input size="6">0 0 0
</input>
      <output size="2">0
</output>
      <correct size="2">0
</correct>
      <stderr size="0"></stderr>
      <checker size="3">OK
</checker>
    </test>
    <test num="2" status="OK" time="28" real-time="31" max-memory-used="307200"  checker-comment="OK" >
  <program-stats-str>{ utime=24, stime=4, ptime=28, rtime=31, maxvsz=307200, maxrss=6115328, nvcsw=1, nivcsw=7 }</program-stats-str>
  <checker-stats-str>{ utime=0, stime=0, ptime=0, rtime=2, maxvsz=307200, maxrss=2654208, nvcsw=1, nivcsw=1 }</checker-stats-str>
      <input size="6">0 0 1
</input>
      <output size="2">0
</output>
      <correct size="2">0
</correct>
      <stderr size="0"></stderr>
      <checker size="3">OK
</checker>
    </test>
    <test num="3" status="WA" time="26" real-time="28" max-memory-used="307200"  checker-comment="Answers do not match: output: 1, correct: 0" >
  <program-stats-str>{ utime=26, stime=0, ptime=26, rtime=28, maxvsz=307200, maxrss=6209536, nvcsw=1, nivcsw=4 }</program-stats-str>
  <checker-stats-str>{ utime=0, stime=0, ptime=0, rtime=2, maxvsz=307200, maxrss=2654208, nvcsw=1, nivcsw=2 }</checker-stats-str>
      <input size="6">0 1 0
</input>
      <output size="2">1
</output>
      <correct size="2">0
</correct>
      <stderr size="0"></stderr>
      <checker size="44">Answers do not match: output: 1, correct: 0
</checker>
    </test>
  </tests>
</testing-report>
