Content-type: text/xml

<?xml version="1.0" encoding="utf-8"?>
<testing-report run-id="38" judge-id="25" status="SE" scoring="ACM" run-tests="1" contest-id="3207" real-time-available="yes" max-memory-used-available="yes" correct-available="yes" failed-test="1" time-limit-ms="2000" real-time-limit-ms="5000" marked-flag="no" >
  <uuid>a6b9d0d9-811a-4d43-bc3c-053589aa6695</uuid>
  <host>localhost.localdomain</host>
  <cpu-model>Intel(R) Pentium(R) CPU 3550M @ 2.30GHz</cpu-model>
  <cpu-mhz>2294.738</cpu-mhz>
  <compiler_output></compiler_output>
  <tests>
    <test num="1" status="SE" time="281" real-time="401" max-memory-used="18698240" >
  <program-stats-str>{ utime=257, stime=24, ptime=281, rtime=401, maxvsz=18698240, maxrss=19542016, nvcsw=2, nivcsw=40 }</program-stats-str>
      <input size="8">4 5 6 7
</input>
      <output size="0"></output>
      <stderr size="309">Can't open '/usr/share/abrt/conf.d/plugins/python3.conf': Operation not permitted
Can't open '/etc/abrt/plugins/python3.conf': Operation not permitted
Traceback (most recent call last):
  File &quot;./000038&quot;, line 13, in &lt;module&gt;
    k = int(input())
ValueError: invalid literal for int() with base 10: '4 5 6 7'
</stderr>
    </test>
  </tests>
</testing-report>
