Content-type: text/xml

<?xml version="1.0" encoding="utf-8"?>
<testing-report run-id="40" judge-id="27" status="WA" scoring="ACM" run-tests="2" contest-id="3207" real-time-available="yes" max-memory-used-available="yes" correct-available="yes" failed-test="2" time-limit-ms="2000" real-time-limit-ms="5000" marked-flag="no" >
  <uuid>dd85b25d-d695-40c0-8c1b-f270c60b89f3</uuid>
  <host>localhost.localdomain</host>
  <cpu-model>Intel(R) Pentium(R) CPU 3550M @ 2.30GHz</cpu-model>
  <cpu-mhz>2294.738</cpu-mhz>
  <compiler_output></compiler_output>
  <tests>
    <test num="1" status="OK" time="72" real-time="84" max-memory-used="30339072"  checker-comment="OK" >
  <program-stats-str>{ utime=55, stime=17, ptime=72, rtime=84, maxvsz=30339072, maxrss=27234304, nvcsw=1, nivcsw=11 }</program-stats-str>
  <checker-stats-str>{ utime=0, stime=0, ptime=0, rtime=1, maxvsz=307200, maxrss=2654208, nvcsw=1, nivcsw=1 }</checker-stats-str>
      <input size="2">1
</input>
      <output size="2">1
</output>
      <correct size="2">1
</correct>
      <stderr size="61">Warning: cannot find your CPU L2 cache size in /proc/cpuinfo
</stderr>
      <checker size="3">OK
</checker>
    </test>
    <test num="2" status="WA" time="73" real-time="76" max-memory-used="30339072"  checker-comment="Answers do not match: output: 1, correct: 2" >
  <program-stats-str>{ utime=73, stime=0, ptime=73, rtime=76, maxvsz=30339072, maxrss=27049984, nvcsw=1, nivcsw=9 }</program-stats-str>
  <checker-stats-str>{ utime=0, stime=0, ptime=0, rtime=2, maxvsz=307200, maxrss=2654208, nvcsw=1, nivcsw=1 }</checker-stats-str>
      <input size="2">2
</input>
      <output size="2">1
</output>
      <correct size="2">2
</correct>
      <stderr size="61">Warning: cannot find your CPU L2 cache size in /proc/cpuinfo
</stderr>
      <checker size="44">Answers do not match: output: 1, correct: 2
</checker>
    </test>
  </tests>
</testing-report>
