Content-type: text/xml

<?xml version="1.0" encoding="utf-8"?>
<testing-report run-id="72" judge-id="59" status="RT" scoring="ACM" run-tests="1" contest-id="3207" real-time-available="yes" max-memory-used-available="yes" correct-available="yes" failed-test="1" time-limit-ms="2000" real-time-limit-ms="5000" marked-flag="no" >
  <uuid>3f3d66f1-28c5-4f74-b28a-8f0ee641b579</uuid>
  <host>localhost.localdomain</host>
  <cpu-model>Intel(R) Pentium(R) CPU 3550M @ 2.30GHz</cpu-model>
  <cpu-mhz>2294.738</cpu-mhz>
  <compiler_output></compiler_output>
  <tests>
    <test num="1" status="RT" exit-code="1" time="74" real-time="79" max-memory-used="30339072" >
  <program-stats-str>{ utime=71, stime=3, ptime=74, rtime=79, maxvsz=30339072, maxrss=27041792, nvcsw=1, nivcsw=10 }</program-stats-str>
      <input size="8">4 5 6 7
</input>
      <output size="0"></output>
      <stderr size="160">Warning: cannot find your CPU L2 cache size in /proc/cpuinfo
  File &quot;./000072&quot;, line 11
    elif (f&lt;=a) and (f&lt;=s) and (f&lt;=d):
   ^
SyntaxError: invalid syntax
</stderr>
    </test>
  </tests>
</testing-report>
