Content-type: text/xml

<?xml version="1.0" encoding="utf-8"?>
<testing-report run-id="96" judge-id="3" status="RT" scoring="ACM" run-tests="1" contest-id="3207" real-time-available="yes" max-memory-used-available="yes" correct-available="yes" failed-test="1" time-limit-ms="2000" real-time-limit-ms="5000" marked-flag="no" >
  <uuid>64eaa754-72f2-471e-8694-50157e630caa</uuid>
  <host>localhost.localdomain</host>
  <cpu-model>Intel(R) Pentium(R) CPU 3550M @ 2.30GHz</cpu-model>
  <cpu-mhz>2294.738</cpu-mhz>
  <compiler_output></compiler_output>
  <tests>
    <test num="1" status="RT" exit-code="1" time="188" real-time="198" max-memory-used="64729088" >
  <program-stats-str>{ utime=142, stime=46, ptime=188, rtime=198, maxvsz=64729088, maxrss=45277184, nvcsw=1, nivcsw=33 }</program-stats-str>
      <input size="8">4 5 6 7
</input>
      <output size="52">Укажите расположение файла: </output>
      <stderr size="287">Warning: cannot find your CPU L2 cache size in /proc/cpuinfo
Traceback (most recent call last):
  File &quot;./000096&quot;, line 6, in &lt;module&gt;
    fileadress = input(&quot;Укажите расположение файла: &quot;)
  File &quot;&lt;string&gt;&quot;, line 1
    4 5 6 7
     ^
SyntaxError: invalid syntax
</stderr>
    </test>
  </tests>
</testing-report>
