Content-type: text/xml

<?xml version="1.0" encoding="utf-8"?>
<testing-report run-id="48" judge-id="35" status="OK" scoring="ACM" run-tests="25" contest-id="3207" real-time-available="yes" max-memory-used-available="yes" correct-available="yes" time-limit-ms="2000" real-time-limit-ms="5000" marked-flag="no" >
  <uuid>5a678663-ce20-40b7-8d56-3f1776516787</uuid>
  <host>localhost.localdomain</host>
  <cpu-model>Intel(R) Pentium(R) CPU 3550M @ 2.30GHz</cpu-model>
  <cpu-mhz>2294.738</cpu-mhz>
  <compiler_output></compiler_output>
  <tests>
    <test num="1" status="OK" time="73" real-time="76" max-memory-used="30339072"  checker-comment="OK" >
  <program-stats-str>{ utime=61, stime=12, ptime=73, rtime=76, maxvsz=30339072, maxrss=27103232, nvcsw=1, nivcsw=10 }</program-stats-str>
  <checker-stats-str>{ utime=0, stime=0, ptime=0, rtime=1, maxvsz=307200, maxrss=2654208, nvcsw=1, nivcsw=1 }</checker-stats-str>
      <input size="2">1
</input>
      <output size="2">1
</output>
      <correct size="2">1
</correct>
      <stderr size="61">Warning: cannot find your CPU L2 cache size in /proc/cpuinfo
</stderr>
      <checker size="3">OK
</checker>
    </test>
    <test num="2" status="OK" time="73" real-time="80" max-memory-used="30339072"  checker-comment="OK" >
  <program-stats-str>{ utime=64, stime=9, ptime=73, rtime=80, maxvsz=30339072, maxrss=27062272, nvcsw=1, nivcsw=11 }</program-stats-str>
  <checker-stats-str>{ utime=0, stime=0, ptime=0, rtime=1, maxvsz=307200, maxrss=2654208, nvcsw=1, nivcsw=2 }</checker-stats-str>
      <input size="2">2
</input>
      <output size="2">2
</output>
      <correct size="2">2
</correct>
      <stderr size="61">Warning: cannot find your CPU L2 cache size in /proc/cpuinfo
</stderr>
      <checker size="3">OK
</checker>
    </test>
    <test num="3" status="OK" time="75" real-time="80" max-memory-used="30339072"  checker-comment="OK" >
  <program-stats-str>{ utime=75, stime=0, ptime=75, rtime=80, maxvsz=30339072, maxrss=27107328, nvcsw=1, nivcsw=12 }</program-stats-str>
  <checker-stats-str>{ utime=0, stime=0, ptime=0, rtime=2, maxvsz=307200, maxrss=2654208, nvcsw=1, nivcsw=1 }</checker-stats-str>
      <input size="2">3
</input>
      <output size="2">3
</output>
      <correct size="2">3
</correct>
      <stderr size="61">Warning: cannot find your CPU L2 cache size in /proc/cpuinfo
</stderr>
      <checker size="3">OK
</checker>
    </test>
    <test num="4" status="OK" time="73" real-time="78" max-memory-used="30339072"  checker-comment="OK" >
  <program-stats-str>{ utime=70, stime=3, ptime=73, rtime=78, maxvsz=30339072, maxrss=27033600, nvcsw=1, nivcsw=12 }</program-stats-str>
  <checker-stats-str>{ utime=1, stime=0, ptime=1, rtime=2, maxvsz=307200, maxrss=2654208, nvcsw=1, nivcsw=2 }</checker-stats-str>
      <input size="2">4
</input>
      <output size="2">5
</output>
      <correct size="2">5
</correct>
      <stderr size="61">Warning: cannot find your CPU L2 cache size in /proc/cpuinfo
</stderr>
      <checker size="3">OK
</checker>
    </test>
    <test num="5" status="OK" time="73" real-time="82" max-memory-used="30339072"  checker-comment="OK" >
  <program-stats-str>{ utime=67, stime=6, ptime=73, rtime=82, maxvsz=30339072, maxrss=26935296, nvcsw=1, nivcsw=13 }</program-stats-str>
  <checker-stats-str>{ utime=0, stime=0, ptime=0, rtime=2, maxvsz=307200, maxrss=2654208, nvcsw=1, nivcsw=1 }</checker-stats-str>
      <input size="2">5
</input>
      <output size="2">8
</output>
      <correct size="2">8
</correct>
      <stderr size="61">Warning: cannot find your CPU L2 cache size in /proc/cpuinfo
</stderr>
      <checker size="3">OK
</checker>
    </test>
    <test num="6" status="OK" time="72" real-time="77" max-memory-used="30339072"  checker-comment="OK" >
  <program-stats-str>{ utime=67, stime=5, ptime=72, rtime=77, maxvsz=30339072, maxrss=27062272, nvcsw=1, nivcsw=11 }</program-stats-str>
  <checker-stats-str>{ utime=0, stime=0, ptime=0, rtime=2, maxvsz=307200, maxrss=2654208, nvcsw=1, nivcsw=1 }</checker-stats-str>
      <input size="2">6
</input>
      <output size="3">13
</output>
      <correct size="3">13
</correct>
      <stderr size="61">Warning: cannot find your CPU L2 cache size in /proc/cpuinfo
</stderr>
      <checker size="3">OK
</checker>
    </test>
    <test num="7" status="OK" time="72" real-time="76" max-memory-used="30339072"  checker-comment="OK" >
  <program-stats-str>{ utime=57, stime=15, ptime=72, rtime=76, maxvsz=30339072, maxrss=27017216, nvcsw=1, nivcsw=10 }</program-stats-str>
  <checker-stats-str>{ utime=0, stime=0, ptime=0, rtime=2, maxvsz=307200, maxrss=2654208, nvcsw=1, nivcsw=1 }</checker-stats-str>
      <input size="2">7
</input>
      <output size="3">21
</output>
      <correct size="3">21
</correct>
      <stderr size="61">Warning: cannot find your CPU L2 cache size in /proc/cpuinfo
</stderr>
      <checker size="3">OK
</checker>
    </test>
    <test num="8" status="OK" time="73" real-time="80" max-memory-used="30339072"  checker-comment="OK" >
  <program-stats-str>{ utime=70, stime=3, ptime=73, rtime=80, maxvsz=30339072, maxrss=26939392, nvcsw=1, nivcsw=11 }</program-stats-str>
  <checker-stats-str>{ utime=0, stime=0, ptime=0, rtime=2, maxvsz=307200, maxrss=2654208, nvcsw=1, nivcsw=2 }</checker-stats-str>
      <input size="2">8
</input>
      <output size="3">34
</output>
      <correct size="3">34
</correct>
      <stderr size="61">Warning: cannot find your CPU L2 cache size in /proc/cpuinfo
</stderr>
      <checker size="3">OK
</checker>
    </test>
    <test num="9" status="OK" time="73" real-time="77" max-memory-used="30339072"  checker-comment="OK" >
  <program-stats-str>{ utime=73, stime=0, ptime=73, rtime=77, maxvsz=30339072, maxrss=27009024, nvcsw=1, nivcsw=9 }</program-stats-str>
  <checker-stats-str>{ utime=0, stime=0, ptime=0, rtime=1, maxvsz=307200, maxrss=2654208, nvcsw=1, nivcsw=1 }</checker-stats-str>
      <input size="2">9
</input>
      <output size="3">55
</output>
      <correct size="3">55
</correct>
      <stderr size="61">Warning: cannot find your CPU L2 cache size in /proc/cpuinfo
</stderr>
      <checker size="3">OK
</checker>
    </test>
    <test num="10" status="OK" time="73" real-time="78" max-memory-used="30339072"  checker-comment="OK" >
  <program-stats-str>{ utime=66, stime=7, ptime=73, rtime=78, maxvsz=30339072, maxrss=27013120, nvcsw=1, nivcsw=10 }</program-stats-str>
  <checker-stats-str>{ utime=0, stime=0, ptime=0, rtime=1, maxvsz=307200, maxrss=2654208, nvcsw=1, nivcsw=1 }</checker-stats-str>
      <input size="3">10
</input>
      <output size="3">89
</output>
      <correct size="3">89
</correct>
      <stderr size="61">Warning: cannot find your CPU L2 cache size in /proc/cpuinfo
</stderr>
      <checker size="3">OK
</checker>
    </test>
    <test num="11" status="OK" time="72" real-time="80" max-memory-used="30339072"  checker-comment="OK" >
  <program-stats-str>{ utime=61, stime=11, ptime=72, rtime=80, maxvsz=30339072, maxrss=26972160, nvcsw=1, nivcsw=11 }</program-stats-str>
  <checker-stats-str>{ utime=0, stime=0, ptime=0, rtime=2, maxvsz=307200, maxrss=2654208, nvcsw=1, nivcsw=1 }</checker-stats-str>
      <input size="3">11
</input>
      <output size="4">144
</output>
      <correct size="4">144
</correct>
      <stderr size="61">Warning: cannot find your CPU L2 cache size in /proc/cpuinfo
</stderr>
      <checker size="3">OK
</checker>
    </test>
    <test num="12" status="OK" time="74" real-time="272" max-memory-used="43560960"  checker-comment="OK" >
  <program-stats-str>{ utime=63, stime=11, ptime=74, rtime=272, maxvsz=43560960, maxrss=26988544, nvcsw=2, nivcsw=12 }</program-stats-str>
  <checker-stats-str>{ utime=0, stime=0, ptime=0, rtime=2, maxvsz=307200, maxrss=2654208, nvcsw=1, nivcsw=1 }</checker-stats-str>
      <input size="3">12
</input>
      <output size="4">233
</output>
      <correct size="4">233
</correct>
      <stderr size="61">Warning: cannot find your CPU L2 cache size in /proc/cpuinfo
</stderr>
      <checker size="3">OK
</checker>
    </test>
    <test num="13" status="OK" time="74" real-time="79" max-memory-used="30339072"  checker-comment="OK" >
  <program-stats-str>{ utime=58, stime=16, ptime=74, rtime=79, maxvsz=30339072, maxrss=27066368, nvcsw=1, nivcsw=12 }</program-stats-str>
  <checker-stats-str>{ utime=0, stime=0, ptime=0, rtime=1, maxvsz=307200, maxrss=2654208, nvcsw=1, nivcsw=1 }</checker-stats-str>
      <input size="3">13
</input>
      <output size="4">377
</output>
      <correct size="4">377
</correct>
      <stderr size="61">Warning: cannot find your CPU L2 cache size in /proc/cpuinfo
</stderr>
      <checker size="3">OK
</checker>
    </test>
    <test num="14" status="OK" time="75" real-time="81" max-memory-used="30339072"  checker-comment="OK" >
  <program-stats-str>{ utime=66, stime=9, ptime=75, rtime=81, maxvsz=30339072, maxrss=27054080, nvcsw=1, nivcsw=12 }</program-stats-str>
  <checker-stats-str>{ utime=0, stime=0, ptime=0, rtime=2, maxvsz=307200, maxrss=2654208, nvcsw=1, nivcsw=2 }</checker-stats-str>
      <input size="3">14
</input>
      <output size="4">610
</output>
      <correct size="4">610
</correct>
      <stderr size="61">Warning: cannot find your CPU L2 cache size in /proc/cpuinfo
</stderr>
      <checker size="3">OK
</checker>
    </test>
    <test num="15" status="OK" time="75" real-time="302" max-memory-used="47890432"  checker-comment="OK" >
  <program-stats-str>{ utime=72, stime=3, ptime=75, rtime=302, maxvsz=47890432, maxrss=27205632, nvcsw=3, nivcsw=12 }</program-stats-str>
  <checker-stats-str>{ utime=0, stime=0, ptime=0, rtime=2, maxvsz=307200, maxrss=2654208, nvcsw=1, nivcsw=1 }</checker-stats-str>
      <input size="3">15
</input>
      <output size="4">987
</output>
      <correct size="4">987
</correct>
      <stderr size="61">Warning: cannot find your CPU L2 cache size in /proc/cpuinfo
</stderr>
      <checker size="3">OK
</checker>
    </test>
    <test num="16" status="OK" time="84" real-time="408" max-memory-used="48697344"  checker-comment="OK" >
  <program-stats-str>{ utime=70, stime=14, ptime=84, rtime=408, maxvsz=48697344, maxrss=28147712, nvcsw=3, nivcsw=10 }</program-stats-str>
  <checker-stats-str>{ utime=0, stime=0, ptime=0, rtime=4, maxvsz=307200, maxrss=2654208, nvcsw=1, nivcsw=2 }</checker-stats-str>
      <input size="3">16
</input>
      <output size="5">1597
</output>
      <correct size="5">1597
</correct>
      <stderr size="61">Warning: cannot find your CPU L2 cache size in /proc/cpuinfo
</stderr>
      <checker size="3">OK
</checker>
    </test>
    <test num="17" status="OK" time="88" real-time="93" max-memory-used="30339072"  checker-comment="OK" >
  <program-stats-str>{ utime=85, stime=3, ptime=88, rtime=93, maxvsz=30339072, maxrss=28000256, nvcsw=1, nivcsw=14 }</program-stats-str>
  <checker-stats-str>{ utime=0, stime=0, ptime=0, rtime=2, maxvsz=307200, maxrss=2654208, nvcsw=1, nivcsw=1 }</checker-stats-str>
      <input size="3">17
</input>
      <output size="5">2584
</output>
      <correct size="5">2584
</correct>
      <stderr size="61">Warning: cannot find your CPU L2 cache size in /proc/cpuinfo
</stderr>
      <checker size="3">OK
</checker>
    </test>
    <test num="18" status="OK" time="105" real-time="203" max-memory-used="49508352"  checker-comment="OK" >
  <program-stats-str>{ utime=90, stime=15, ptime=105, rtime=203, maxvsz=49508352, maxrss=29143040, nvcsw=2, nivcsw=18 }</program-stats-str>
  <checker-stats-str>{ utime=0, stime=0, ptime=0, rtime=2, maxvsz=307200, maxrss=2654208, nvcsw=1, nivcsw=1 }</checker-stats-str>
      <input size="3">18
</input>
      <output size="5">4181
</output>
      <correct size="5">4181
</correct>
      <stderr size="61">Warning: cannot find your CPU L2 cache size in /proc/cpuinfo
</stderr>
      <checker size="3">OK
</checker>
    </test>
    <test num="19" status="OK" time="116" real-time="209" max-memory-used="49377280"  checker-comment="OK" >
  <program-stats-str>{ utime=108, stime=8, ptime=116, rtime=209, maxvsz=49377280, maxrss=29147136, nvcsw=2, nivcsw=17 }</program-stats-str>
  <checker-stats-str>{ utime=0, stime=0, ptime=0, rtime=4, maxvsz=307200, maxrss=2654208, nvcsw=1, nivcsw=2 }</checker-stats-str>
      <input size="3">19
</input>
      <output size="5">6765
</output>
      <correct size="5">6765
</correct>
      <stderr size="61">Warning: cannot find your CPU L2 cache size in /proc/cpuinfo
</stderr>
      <checker size="3">OK
</checker>
    </test>
    <test num="20" status="OK" time="139" real-time="201" max-memory-used="49377280"  checker-comment="OK" >
  <program-stats-str>{ utime=136, stime=3, ptime=139, rtime=201, maxvsz=49377280, maxrss=30494720, nvcsw=2, nivcsw=21 }</program-stats-str>
  <checker-stats-str>{ utime=0, stime=0, ptime=0, rtime=2, maxvsz=307200, maxrss=2654208, nvcsw=1, nivcsw=1 }</checker-stats-str>
      <input size="3">20
</input>
      <output size="6">10946
</output>
      <correct size="6">10946
</correct>
      <stderr size="61">Warning: cannot find your CPU L2 cache size in /proc/cpuinfo
</stderr>
      <checker size="3">OK
</checker>
    </test>
    <test num="21" status="OK" time="204" real-time="231" max-memory-used="53977088"  checker-comment="OK" >
  <program-stats-str>{ utime=176, stime=28, ptime=204, rtime=231, maxvsz=53977088, maxrss=33710080, nvcsw=1, nivcsw=31 }</program-stats-str>
  <checker-stats-str>{ utime=0, stime=0, ptime=0, rtime=1, maxvsz=307200, maxrss=2654208, nvcsw=1, nivcsw=1 }</checker-stats-str>
      <input size="3">21
</input>
      <output size="6">17711
</output>
      <correct size="6">17711
</correct>
      <stderr size="61">Warning: cannot find your CPU L2 cache size in /proc/cpuinfo
</stderr>
      <checker size="3">OK
</checker>
    </test>
    <test num="22" status="OK" time="209" real-time="219" max-memory-used="53723136"  checker-comment="OK" >
  <program-stats-str>{ utime=190, stime=19, ptime=209, rtime=219, maxvsz=53723136, maxrss=33415168, nvcsw=1, nivcsw=26 }</program-stats-str>
  <checker-stats-str>{ utime=0, stime=0, ptime=0, rtime=2, maxvsz=307200, maxrss=2654208, nvcsw=1, nivcsw=2 }</checker-stats-str>
      <input size="3">22
</input>
      <output size="6">28657
</output>
      <correct size="6">28657
</correct>
      <stderr size="61">Warning: cannot find your CPU L2 cache size in /proc/cpuinfo
</stderr>
      <checker size="3">OK
</checker>
    </test>
    <test num="23" status="OK" time="164" real-time="178" max-memory-used="49102848"  checker-comment="OK" >
  <program-stats-str>{ utime=150, stime=14, ptime=164, rtime=178, maxvsz=49102848, maxrss=32116736, nvcsw=1, nivcsw=23 }</program-stats-str>
  <checker-stats-str>{ utime=0, stime=0, ptime=0, rtime=1, maxvsz=307200, maxrss=2654208, nvcsw=1, nivcsw=1 }</checker-stats-str>
      <input size="3">23
</input>
      <output size="6">46368
</output>
      <correct size="6">46368
</correct>
      <stderr size="61">Warning: cannot find your CPU L2 cache size in /proc/cpuinfo
</stderr>
      <checker size="3">OK
</checker>
    </test>
    <test num="24" status="OK" time="164" real-time="173" max-memory-used="48967680"  checker-comment="OK" >
  <program-stats-str>{ utime=147, stime=17, ptime=164, rtime=173, maxvsz=48967680, maxrss=32239616, nvcsw=1, nivcsw=19 }</program-stats-str>
  <checker-stats-str>{ utime=0, stime=0, ptime=0, rtime=2, maxvsz=307200, maxrss=2654208, nvcsw=1, nivcsw=2 }</checker-stats-str>
      <input size="3">24
</input>
      <output size="6">75025
</output>
      <correct size="6">75025
</correct>
      <stderr size="61">Warning: cannot find your CPU L2 cache size in /proc/cpuinfo
</stderr>
      <checker size="3">OK
</checker>
    </test>
    <test num="25" status="OK" time="169" real-time="178" max-memory-used="49504256"  checker-comment="OK" >
  <program-stats-str>{ utime=161, stime=8, ptime=169, rtime=178, maxvsz=49504256, maxrss=32161792, nvcsw=1, nivcsw=19 }</program-stats-str>
  <checker-stats-str>{ utime=0, stime=0, ptime=0, rtime=2, maxvsz=307200, maxrss=2654208, nvcsw=1, nivcsw=1 }</checker-stats-str>
      <input size="3">25
</input>
      <output size="7">121393
</output>
      <correct size="7">121393
</correct>
      <stderr size="61">Warning: cannot find your CPU L2 cache size in /proc/cpuinfo
</stderr>
      <checker size="3">OK
</checker>
    </test>
  </tests>
</testing-report>
