Content-type: text/xml

<?xml version="1.0" encoding="utf-8"?>
<testing-report run-id="7" judge-id="3" status="WA" scoring="ACM" run-tests="1" contest-id="3207" real-time-available="yes" max-memory-used-available="yes" correct-available="yes" failed-test="1" time-limit-ms="2000" real-time-limit-ms="5000" marked-flag="no" >
  <uuid>6350a284-3f7e-48d2-b038-31615335cd23</uuid>
  <host>localhost.localdomain</host>
  <cpu-model>Intel(R) Pentium(R) CPU 3550M @ 2.30GHz</cpu-model>
  <cpu-mhz>2294.738</cpu-mhz>
  <compiler_output></compiler_output>
  <tests>
    <test num="1" status="WA" time="32" real-time="42" max-memory-used="307200"  checker-comment="Answers do not match: output: 0, correct: 1" >
  <program-stats-str>{ utime=25, stime=7, ptime=32, rtime=42, maxvsz=307200, maxrss=6385664, nvcsw=1, nivcsw=9 }</program-stats-str>
  <checker-stats-str>{ utime=0, stime=0, ptime=0, rtime=2, maxvsz=307200, maxrss=2928640, nvcsw=1, nivcsw=1 }</checker-stats-str>
      <input size="2">1
</input>
      <output size="2">0
</output>
      <correct size="2">1
</correct>
      <stderr size="0"></stderr>
      <checker size="44">Answers do not match: output: 0, correct: 1
</checker>
    </test>
  </tests>
</testing-report>
