Content-type: text/xml

<?xml version="1.0" encoding="utf-8"?>
<testing-report run-id="14" judge-id="1" status="RT" scoring="ACM" run-tests="1" contest-id="3207" real-time-available="yes" max-memory-used-available="yes" correct-available="yes" failed-test="1" time-limit-ms="2000" real-time-limit-ms="5000" marked-flag="no" >
  <uuid>3b0f2c3b-ae75-4578-b99f-e456868f369d</uuid>
  <host>localhost.localdomain</host>
  <cpu-model>Intel(R) Pentium(R) CPU 3550M @ 2.30GHz</cpu-model>
  <cpu-mhz>2294.738</cpu-mhz>
  <compiler_output></compiler_output>
  <tests>
    <test num="1" status="RT" exit-code="1" time="74" real-time="204" max-memory-used="47890432" >
  <program-stats-str>{ utime=46, stime=28, ptime=74, rtime=204, maxvsz=47890432, maxrss=27369472, nvcsw=2, nivcsw=15 }</program-stats-str>
      <input size="2">1
</input>
      <output size="0"></output>
      <stderr size="163">Warning: cannot find your CPU L2 cache size in /proc/cpuinfo
Traceback (most recent call last):
  File &quot;./000014&quot;, line 7, in &lt;module&gt;
    t=int(input())
EOFError
</stderr>
    </test>
  </tests>
</testing-report>
