Content-type: text/xml

<?xml version="1.0" encoding="utf-8"?>
<testing-report run-id="45" judge-id="32" status="OK" scoring="ACM" run-tests="9" contest-id="3207" real-time-available="yes" max-memory-used-available="yes" correct-available="yes" time-limit-ms="2000" real-time-limit-ms="5000" marked-flag="no" >
  <uuid>653944e4-c90f-47e4-b169-820643183d43</uuid>
  <host>localhost.localdomain</host>
  <cpu-model>Intel(R) Pentium(R) CPU 3550M @ 2.30GHz</cpu-model>
  <cpu-mhz>2294.738</cpu-mhz>
  <compiler_output></compiler_output>
  <tests>
    <test num="1" status="OK" time="72" real-time="76" max-memory-used="30339072"  checker-comment="OK" >
  <program-stats-str>{ utime=72, stime=0, ptime=72, rtime=76, maxvsz=30339072, maxrss=27009024, nvcsw=1, nivcsw=9 }</program-stats-str>
  <checker-stats-str>{ utime=0, stime=1, ptime=1, rtime=2, maxvsz=307200, maxrss=2654208, nvcsw=1, nivcsw=1 }</checker-stats-str>
      <input size="8">4 5 6 7
</input>
      <output size="2">4
</output>
      <correct size="2">4
</correct>
      <stderr size="61">Warning: cannot find your CPU L2 cache size in /proc/cpuinfo
</stderr>
      <checker size="3">OK
</checker>
    </test>
    <test num="2" status="OK" time="71" real-time="82" max-memory-used="30339072"  checker-comment="OK" >
  <program-stats-str>{ utime=67, stime=4, ptime=71, rtime=82, maxvsz=30339072, maxrss=27099136, nvcsw=1, nivcsw=12 }</program-stats-str>
  <checker-stats-str>{ utime=0, stime=0, ptime=0, rtime=2, maxvsz=307200, maxrss=2654208, nvcsw=1, nivcsw=1 }</checker-stats-str>
      <input size="8">5 4 6 7
</input>
      <output size="2">4
</output>
      <correct size="2">4
</correct>
      <stderr size="61">Warning: cannot find your CPU L2 cache size in /proc/cpuinfo
</stderr>
      <checker size="3">OK
</checker>
    </test>
    <test num="3" status="OK" time="72" real-time="82" max-memory-used="30339072"  checker-comment="OK" >
  <program-stats-str>{ utime=60, stime=12, ptime=72, rtime=82, maxvsz=30339072, maxrss=27074560, nvcsw=1, nivcsw=14 }</program-stats-str>
  <checker-stats-str>{ utime=0, stime=0, ptime=0, rtime=1, maxvsz=307200, maxrss=2654208, nvcsw=1, nivcsw=1 }</checker-stats-str>
      <input size="8">5 7 4 6
</input>
      <output size="2">4
</output>
      <correct size="2">4
</correct>
      <stderr size="61">Warning: cannot find your CPU L2 cache size in /proc/cpuinfo
</stderr>
      <checker size="3">OK
</checker>
    </test>
    <test num="4" status="OK" time="71" real-time="76" max-memory-used="30339072"  checker-comment="OK" >
  <program-stats-str>{ utime=57, stime=14, ptime=71, rtime=76, maxvsz=30339072, maxrss=27074560, nvcsw=1, nivcsw=11 }</program-stats-str>
  <checker-stats-str>{ utime=0, stime=0, ptime=0, rtime=2, maxvsz=307200, maxrss=2654208, nvcsw=1, nivcsw=1 }</checker-stats-str>
      <input size="8">7 6 5 4
</input>
      <output size="2">4
</output>
      <correct size="2">4
</correct>
      <stderr size="61">Warning: cannot find your CPU L2 cache size in /proc/cpuinfo
</stderr>
      <checker size="3">OK
</checker>
    </test>
    <test num="5" status="OK" time="72" real-time="77" max-memory-used="30339072"  checker-comment="OK" >
  <program-stats-str>{ utime=72, stime=0, ptime=72, rtime=77, maxvsz=30339072, maxrss=26972160, nvcsw=1, nivcsw=11 }</program-stats-str>
  <checker-stats-str>{ utime=0, stime=0, ptime=0, rtime=2, maxvsz=307200, maxrss=2654208, nvcsw=1, nivcsw=1 }</checker-stats-str>
      <input size="8">6 4 5 7
</input>
      <output size="2">4
</output>
      <correct size="2">4
</correct>
      <stderr size="61">Warning: cannot find your CPU L2 cache size in /proc/cpuinfo
</stderr>
      <checker size="3">OK
</checker>
    </test>
    <test num="6" status="OK" time="71" real-time="78" max-memory-used="30339072"  checker-comment="OK" >
  <program-stats-str>{ utime=68, stime=3, ptime=71, rtime=78, maxvsz=30339072, maxrss=27062272, nvcsw=1, nivcsw=13 }</program-stats-str>
  <checker-stats-str>{ utime=0, stime=0, ptime=0, rtime=1, maxvsz=307200, maxrss=2654208, nvcsw=1, nivcsw=1 }</checker-stats-str>
      <input size="8">1 1 1 1
</input>
      <output size="2">1
</output>
      <correct size="2">1
</correct>
      <stderr size="61">Warning: cannot find your CPU L2 cache size in /proc/cpuinfo
</stderr>
      <checker size="3">OK
</checker>
    </test>
    <test num="7" status="OK" time="72" real-time="78" max-memory-used="30339072"  checker-comment="OK" >
  <program-stats-str>{ utime=69, stime=3, ptime=72, rtime=78, maxvsz=30339072, maxrss=27013120, nvcsw=1, nivcsw=11 }</program-stats-str>
  <checker-stats-str>{ utime=0, stime=0, ptime=0, rtime=2, maxvsz=307200, maxrss=2654208, nvcsw=1, nivcsw=1 }</checker-stats-str>
      <input size="8">1 1 2 2
</input>
      <output size="2">1
</output>
      <correct size="2">1
</correct>
      <stderr size="61">Warning: cannot find your CPU L2 cache size in /proc/cpuinfo
</stderr>
      <checker size="3">OK
</checker>
    </test>
    <test num="8" status="OK" time="77" real-time="82" max-memory-used="30339072"  checker-comment="OK" >
  <program-stats-str>{ utime=77, stime=0, ptime=77, rtime=82, maxvsz=30339072, maxrss=27148288, nvcsw=1, nivcsw=15 }</program-stats-str>
  <checker-stats-str>{ utime=0, stime=0, ptime=0, rtime=1, maxvsz=307200, maxrss=2654208, nvcsw=1, nivcsw=1 }</checker-stats-str>
      <input size="8">2 2 1 1
</input>
      <output size="2">1
</output>
      <correct size="2">1
</correct>
      <stderr size="61">Warning: cannot find your CPU L2 cache size in /proc/cpuinfo
</stderr>
      <checker size="3">OK
</checker>
    </test>
    <test num="9" status="OK" time="74" real-time="79" max-memory-used="30339072"  checker-comment="OK" >
  <program-stats-str>{ utime=57, stime=17, ptime=74, rtime=79, maxvsz=30339072, maxrss=27148288, nvcsw=1, nivcsw=16 }</program-stats-str>
  <checker-stats-str>{ utime=0, stime=0, ptime=0, rtime=1, maxvsz=307200, maxrss=2654208, nvcsw=1, nivcsw=1 }</checker-stats-str>
      <input size="8">1 1 1 2
</input>
      <output size="2">1
</output>
      <correct size="2">1
</correct>
      <stderr size="61">Warning: cannot find your CPU L2 cache size in /proc/cpuinfo
</stderr>
      <checker size="3">OK
</checker>
    </test>
  </tests>
</testing-report>
