Content-type: text/xml

<?xml version="1.0" encoding="utf-8"?>
<testing-report run-id="75" judge-id="62" status="OK" scoring="ACM" run-tests="8" contest-id="3207" real-time-available="yes" max-memory-used-available="yes" correct-available="yes" time-limit-ms="2000" real-time-limit-ms="5000" marked-flag="no" >
  <uuid>8aaa7eef-8c8c-45e5-a48f-cae66e93813a</uuid>
  <host>localhost.localdomain</host>
  <cpu-model>Intel(R) Pentium(R) CPU 3550M @ 2.30GHz</cpu-model>
  <cpu-mhz>2294.738</cpu-mhz>
  <compiler_output></compiler_output>
  <tests>
    <test num="1" status="OK" time="29" real-time="30" max-memory-used="307200"  checker-comment="OK" >
  <program-stats-str>{ utime=29, stime=0, ptime=29, rtime=30, maxvsz=307200, maxrss=6193152, nvcsw=1, nivcsw=4 }</program-stats-str>
  <checker-stats-str>{ utime=0, stime=0, ptime=0, rtime=2, maxvsz=307200, maxrss=2654208, nvcsw=1, nivcsw=1 }</checker-stats-str>
      <input size="6">0 0 0
</input>
      <output size="2">0
</output>
      <correct size="2">0
</correct>
      <stderr size="0"></stderr>
      <checker size="3">OK
</checker>
    </test>
    <test num="2" status="OK" time="26" real-time="28" max-memory-used="307200"  checker-comment="OK" >
  <program-stats-str>{ utime=26, stime=0, ptime=26, rtime=28, maxvsz=307200, maxrss=6356992, nvcsw=1, nivcsw=5 }</program-stats-str>
  <checker-stats-str>{ utime=0, stime=0, ptime=0, rtime=2, maxvsz=307200, maxrss=2654208, nvcsw=1, nivcsw=2 }</checker-stats-str>
      <input size="6">0 0 1
</input>
      <output size="2">0
</output>
      <correct size="2">0
</correct>
      <stderr size="0"></stderr>
      <checker size="3">OK
</checker>
    </test>
    <test num="3" status="OK" time="33" real-time="37" max-memory-used="307200"  checker-comment="OK" >
  <program-stats-str>{ utime=32, stime=1, ptime=33, rtime=37, maxvsz=307200, maxrss=6230016, nvcsw=1, nivcsw=10 }</program-stats-str>
  <checker-stats-str>{ utime=0, stime=1, ptime=1, rtime=2, maxvsz=307200, maxrss=2654208, nvcsw=1, nivcsw=2 }</checker-stats-str>
      <input size="6">0 1 0
</input>
      <output size="2">0
</output>
      <correct size="2">0
</correct>
      <stderr size="0"></stderr>
      <checker size="3">OK
</checker>
    </test>
    <test num="4" status="OK" time="26" real-time="29" max-memory-used="307200"  checker-comment="OK" >
  <program-stats-str>{ utime=15, stime=11, ptime=26, rtime=29, maxvsz=307200, maxrss=6197248, nvcsw=1, nivcsw=6 }</program-stats-str>
  <checker-stats-str>{ utime=0, stime=0, ptime=0, rtime=2, maxvsz=307200, maxrss=2654208, nvcsw=1, nivcsw=1 }</checker-stats-str>
      <input size="6">0 1 1
</input>
      <output size="2">1
</output>
      <correct size="2">1
</correct>
      <stderr size="0"></stderr>
      <checker size="3">OK
</checker>
    </test>
    <test num="5" status="OK" time="26" real-time="28" max-memory-used="307200"  checker-comment="OK" >
  <program-stats-str>{ utime=26, stime=0, ptime=26, rtime=28, maxvsz=307200, maxrss=6246400, nvcsw=1, nivcsw=4 }</program-stats-str>
  <checker-stats-str>{ utime=0, stime=0, ptime=0, rtime=2, maxvsz=307200, maxrss=2654208, nvcsw=1, nivcsw=2 }</checker-stats-str>
      <input size="6">1 0 0
</input>
      <output size="2">0
</output>
      <correct size="2">0
</correct>
      <stderr size="0"></stderr>
      <checker size="3">OK
</checker>
    </test>
    <test num="6" status="OK" time="29" real-time="32" max-memory-used="307200"  checker-comment="OK" >
  <program-stats-str>{ utime=28, stime=1, ptime=29, rtime=32, maxvsz=307200, maxrss=6369280, nvcsw=1, nivcsw=9 }</program-stats-str>
  <checker-stats-str>{ utime=0, stime=0, ptime=0, rtime=2, maxvsz=307200, maxrss=2654208, nvcsw=1, nivcsw=1 }</checker-stats-str>
      <input size="6">1 0 1
</input>
      <output size="2">1
</output>
      <correct size="2">1
</correct>
      <stderr size="0"></stderr>
      <checker size="3">OK
</checker>
    </test>
    <test num="7" status="OK" time="27" real-time="104" max-memory-used="307200"  checker-comment="OK" >
  <program-stats-str>{ utime=22, stime=5, ptime=27, rtime=104, maxvsz=307200, maxrss=6238208, nvcsw=2, nivcsw=5 }</program-stats-str>
  <checker-stats-str>{ utime=0, stime=0, ptime=0, rtime=1, maxvsz=307200, maxrss=2654208, nvcsw=1, nivcsw=1 }</checker-stats-str>
      <input size="6">1 1 0
</input>
      <output size="2">1
</output>
      <correct size="2">1
</correct>
      <stderr size="0"></stderr>
      <checker size="3">OK
</checker>
    </test>
    <test num="8" status="OK" time="29" real-time="32" max-memory-used="307200"  checker-comment="OK" >
  <program-stats-str>{ utime=21, stime=8, ptime=29, rtime=32, maxvsz=307200, maxrss=6303744, nvcsw=1, nivcsw=10 }</program-stats-str>
  <checker-stats-str>{ utime=0, stime=0, ptime=0, rtime=1, maxvsz=307200, maxrss=2654208, nvcsw=1, nivcsw=1 }</checker-stats-str>
      <input size="6">1 1 1
</input>
      <output size="2">1
</output>
      <correct size="2">1
</correct>
      <stderr size="0"></stderr>
      <checker size="3">OK
</checker>
    </test>
  </tests>
</testing-report>
