Content-type: text/xml

<?xml version="1.0" encoding="utf-8"?>
<testing-report run-id="66" judge-id="53" status="RT" scoring="ACM" run-tests="1" contest-id="3207" real-time-available="yes" max-memory-used-available="yes" correct-available="yes" failed-test="1" time-limit-ms="2000" real-time-limit-ms="5000" marked-flag="no" >
  <uuid>1af5c30a-49f2-4a3a-9ea9-b614e9588d35</uuid>
  <host>localhost.localdomain</host>
  <cpu-model>Intel(R) Pentium(R) CPU 3550M @ 2.30GHz</cpu-model>
  <cpu-mhz>2294.738</cpu-mhz>
  <compiler_output></compiler_output>
  <tests>
    <test num="1" status="RT" exit-code="1" time="74" real-time="78" max-memory-used="30339072" >
  <program-stats-str>{ utime=44, stime=30, ptime=74, rtime=78, maxvsz=30339072, maxrss=27463680, nvcsw=1, nivcsw=10 }</program-stats-str>
      <input size="8">4 5 6 7
</input>
      <output size="0"></output>
      <stderr size="217">Warning: cannot find your CPU L2 cache size in /proc/cpuinfo
Traceback (most recent call last):
  File &quot;./000066&quot;, line 14, in &lt;module&gt;
    a=int(input())
ValueError: invalid literal for int() with base 10: '4 5 6 7'
</stderr>
    </test>
  </tests>
</testing-report>
