Content-type: text/xml

<?xml version="1.0" encoding="utf-8"?>
<testing-report run-id="70" judge-id="57" status="OK" scoring="ACM" run-tests="9" contest-id="3207" real-time-available="yes" max-memory-used-available="yes" correct-available="yes" time-limit-ms="2000" real-time-limit-ms="5000" marked-flag="no" >
  <uuid>b5c59c34-3661-4f99-9b42-c1f6faca3d5a</uuid>
  <host>localhost.localdomain</host>
  <cpu-model>Intel(R) Pentium(R) CPU 3550M @ 2.30GHz</cpu-model>
  <cpu-mhz>2294.738</cpu-mhz>
  <compiler_output></compiler_output>
  <tests>
    <test num="1" status="OK" time="76" real-time="80" max-memory-used="30339072"  checker-comment="OK" >
  <program-stats-str>{ utime=76, stime=0, ptime=76, rtime=80, maxvsz=30339072, maxrss=27131904, nvcsw=1, nivcsw=11 }</program-stats-str>
  <checker-stats-str>{ utime=0, stime=0, ptime=0, rtime=2, maxvsz=307200, maxrss=2654208, nvcsw=1, nivcsw=1 }</checker-stats-str>
      <input size="8">4 5 6 7
</input>
      <output size="2">4
</output>
      <correct size="2">4
</correct>
      <stderr size="61">Warning: cannot find your CPU L2 cache size in /proc/cpuinfo
</stderr>
      <checker size="3">OK
</checker>
    </test>
    <test num="2" status="OK" time="73" real-time="81" max-memory-used="30339072"  checker-comment="OK" >
  <program-stats-str>{ utime=66, stime=7, ptime=73, rtime=81, maxvsz=30339072, maxrss=27205632, nvcsw=1, nivcsw=10 }</program-stats-str>
  <checker-stats-str>{ utime=0, stime=0, ptime=0, rtime=2, maxvsz=307200, maxrss=2654208, nvcsw=1, nivcsw=1 }</checker-stats-str>
      <input size="8">5 4 6 7
</input>
      <output size="2">4
</output>
      <correct size="2">4
</correct>
      <stderr size="61">Warning: cannot find your CPU L2 cache size in /proc/cpuinfo
</stderr>
      <checker size="3">OK
</checker>
    </test>
    <test num="3" status="OK" time="75" real-time="82" max-memory-used="30339072"  checker-comment="OK" >
  <program-stats-str>{ utime=73, stime=2, ptime=75, rtime=82, maxvsz=30339072, maxrss=27250688, nvcsw=1, nivcsw=9 }</program-stats-str>
  <checker-stats-str>{ utime=0, stime=0, ptime=0, rtime=2, maxvsz=307200, maxrss=2654208, nvcsw=1, nivcsw=1 }</checker-stats-str>
      <input size="8">5 7 4 6
</input>
      <output size="2">4
</output>
      <correct size="2">4
</correct>
      <stderr size="61">Warning: cannot find your CPU L2 cache size in /proc/cpuinfo
</stderr>
      <checker size="3">OK
</checker>
    </test>
    <test num="4" status="OK" time="74" real-time="78" max-memory-used="30339072"  checker-comment="OK" >
  <program-stats-str>{ utime=64, stime=10, ptime=74, rtime=78, maxvsz=30339072, maxrss=27205632, nvcsw=1, nivcsw=13 }</program-stats-str>
  <checker-stats-str>{ utime=0, stime=0, ptime=0, rtime=1, maxvsz=307200, maxrss=2654208, nvcsw=1, nivcsw=1 }</checker-stats-str>
      <input size="8">7 6 5 4
</input>
      <output size="2">4
</output>
      <correct size="2">4
</correct>
      <stderr size="61">Warning: cannot find your CPU L2 cache size in /proc/cpuinfo
</stderr>
      <checker size="3">OK
</checker>
    </test>
    <test num="5" status="OK" time="72" real-time="77" max-memory-used="30339072"  checker-comment="OK" >
  <program-stats-str>{ utime=66, stime=6, ptime=72, rtime=77, maxvsz=30339072, maxrss=27189248, nvcsw=1, nivcsw=10 }</program-stats-str>
  <checker-stats-str>{ utime=0, stime=0, ptime=0, rtime=1, maxvsz=307200, maxrss=2654208, nvcsw=1, nivcsw=1 }</checker-stats-str>
      <input size="8">6 4 5 7
</input>
      <output size="2">4
</output>
      <correct size="2">4
</correct>
      <stderr size="61">Warning: cannot find your CPU L2 cache size in /proc/cpuinfo
</stderr>
      <checker size="3">OK
</checker>
    </test>
    <test num="6" status="OK" time="74" real-time="78" max-memory-used="30339072"  checker-comment="OK" >
  <program-stats-str>{ utime=65, stime=9, ptime=74, rtime=78, maxvsz=30339072, maxrss=27054080, nvcsw=1, nivcsw=8 }</program-stats-str>
  <checker-stats-str>{ utime=1, stime=0, ptime=1, rtime=2, maxvsz=307200, maxrss=2654208, nvcsw=1, nivcsw=1 }</checker-stats-str>
      <input size="8">1 1 1 1
</input>
      <output size="2">1
</output>
      <correct size="2">1
</correct>
      <stderr size="61">Warning: cannot find your CPU L2 cache size in /proc/cpuinfo
</stderr>
      <checker size="3">OK
</checker>
    </test>
    <test num="7" status="OK" time="74" real-time="79" max-memory-used="30339072"  checker-comment="OK" >
  <program-stats-str>{ utime=62, stime=12, ptime=74, rtime=79, maxvsz=30339072, maxrss=27070464, nvcsw=1, nivcsw=16 }</program-stats-str>
  <checker-stats-str>{ utime=0, stime=0, ptime=0, rtime=2, maxvsz=307200, maxrss=2654208, nvcsw=1, nivcsw=1 }</checker-stats-str>
      <input size="8">1 1 2 2
</input>
      <output size="2">1
</output>
      <correct size="2">1
</correct>
      <stderr size="61">Warning: cannot find your CPU L2 cache size in /proc/cpuinfo
</stderr>
      <checker size="3">OK
</checker>
    </test>
    <test num="8" status="OK" time="72" real-time="79" max-memory-used="30339072"  checker-comment="OK" >
  <program-stats-str>{ utime=70, stime=2, ptime=72, rtime=79, maxvsz=30339072, maxrss=27070464, nvcsw=1, nivcsw=12 }</program-stats-str>
  <checker-stats-str>{ utime=0, stime=0, ptime=0, rtime=1, maxvsz=307200, maxrss=2654208, nvcsw=1, nivcsw=1 }</checker-stats-str>
      <input size="8">2 2 1 1
</input>
      <output size="2">1
</output>
      <correct size="2">1
</correct>
      <stderr size="61">Warning: cannot find your CPU L2 cache size in /proc/cpuinfo
</stderr>
      <checker size="3">OK
</checker>
    </test>
    <test num="9" status="OK" time="73" real-time="76" max-memory-used="30339072"  checker-comment="OK" >
  <program-stats-str>{ utime=60, stime=13, ptime=73, rtime=76, maxvsz=30339072, maxrss=27156480, nvcsw=1, nivcsw=9 }</program-stats-str>
  <checker-stats-str>{ utime=0, stime=0, ptime=0, rtime=1, maxvsz=307200, maxrss=2654208, nvcsw=1, nivcsw=1 }</checker-stats-str>
      <input size="8">1 1 1 2
</input>
      <output size="2">1
</output>
      <correct size="2">1
</correct>
      <stderr size="61">Warning: cannot find your CPU L2 cache size in /proc/cpuinfo
</stderr>
      <checker size="3">OK
</checker>
    </test>
  </tests>
</testing-report>
