Content-type: text/xml

<?xml version="1.0" encoding="utf-8"?>
<testing-report run-id="160" judge-id="8" status="RT" scoring="ACM" run-tests="1" contest-id="3207" real-time-available="yes" max-memory-used-available="yes" correct-available="yes" failed-test="1" time-limit-ms="2000" real-time-limit-ms="5000" marked-flag="no" >
  <uuid>925a4861-e00b-4b29-b5ce-36dcaee02f2d</uuid>
  <host>localhost.localdomain</host>
  <cpu-model>Intel(R) Pentium(R) CPU 3550M @ 2.30GHz</cpu-model>
  <cpu-mhz>2294.738</cpu-mhz>
  <compiler_output></compiler_output>
  <tests>
    <test num="1" status="RT" exit-code="1" time="192" real-time="300" max-memory-used="64729088" >
  <program-stats-str>{ utime=139, stime=53, ptime=192, rtime=300, maxvsz=64729088, maxrss=45383680, nvcsw=2, nivcsw=44 }</program-stats-str>
      <input size="8">4 5 6 7
</input>
      <output size="0"></output>
      <stderr size="214">Warning: cannot find your CPU L2 cache size in /proc/cpuinfo
  File &quot;./000160&quot;, line 30
    print (&quot;\nДоступ разрешён!&quot;)
    ^
IndentationError: expected an indented block
</stderr>
    </test>
  </tests>
</testing-report>
