Content-type: text/xml

<?xml version="1.0" encoding="utf-8"?>
<testing-report run-id="122" judge-id="22" status="PE" scoring="ACM" run-tests="1" contest-id="3207" real-time-available="yes" max-memory-used-available="yes" correct-available="yes" failed-test="1" time-limit-ms="2000" real-time-limit-ms="5000" marked-flag="no" >
  <uuid>3f860135-7d3c-41b3-adcb-e22bb847e015</uuid>
  <host>localhost.localdomain</host>
  <cpu-model>Intel(R) Pentium(R) CPU 3550M @ 2.30GHz</cpu-model>
  <cpu-mhz>2294.738</cpu-mhz>
  <compiler_output></compiler_output>
  <tests>
    <test num="1" status="PE" time="27" real-time="31" max-memory-used="307200"  checker-comment="User answer is neither `yes' nor `no' (case insensitive)" >
  <program-stats-str>{ utime=24, stime=3, ptime=27, rtime=31, maxvsz=307200, maxrss=6025216, nvcsw=1, nivcsw=6 }</program-stats-str>
  <checker-stats-str>{ utime=0, stime=0, ptime=0, rtime=1, maxvsz=307200, maxrss=2285568, nvcsw=1, nivcsw=1 }</checker-stats-str>
      <input size="2">b
</input>
      <output size="6">False
</output>
      <correct size="3">no
</correct>
      <stderr size="0"></stderr>
      <checker size="57">User answer is neither `yes' nor `no' (case insensitive)
</checker>
    </test>
  </tests>
</testing-report>
