Content-type: text/xml

<?xml version="1.0" encoding="utf-8"?>
<testing-report run-id="144" judge-id="44" status="RT" scoring="ACM" run-tests="1" contest-id="3207" real-time-available="yes" max-memory-used-available="yes" correct-available="yes" failed-test="1" time-limit-ms="2000" real-time-limit-ms="5000" marked-flag="no" >
  <uuid>8bb6b230-a6d9-4856-bf28-cba78d973282</uuid>
  <host>localhost.localdomain</host>
  <cpu-model>Intel(R) Pentium(R) CPU 3550M @ 2.30GHz</cpu-model>
  <cpu-mhz>2294.738</cpu-mhz>
  <compiler_output></compiler_output>
  <tests>
    <test num="1" status="RT" exit-code="1" time="73" real-time="78" max-memory-used="30339072" >
  <program-stats-str>{ utime=36, stime=37, ptime=73, rtime=78, maxvsz=30339072, maxrss=27152384, nvcsw=1, nivcsw=10 }</program-stats-str>
      <input size="2">b
</input>
      <output size="0"></output>
      <stderr size="145">Warning: cannot find your CPU L2 cache size in /proc/cpuinfo
  File &quot;./000144&quot;, line 4
    def qew(a)
             ^
SyntaxError: invalid syntax
</stderr>
    </test>
  </tests>
</testing-report>
