Content-type: text/xml

<?xml version="1.0" encoding="utf-8"?>
<testing-report run-id="133" judge-id="33" status="PE" scoring="ACM" run-tests="52" contest-id="3207" real-time-available="yes" max-memory-used-available="yes" correct-available="yes" failed-test="52" time-limit-ms="2000" real-time-limit-ms="5000" marked-flag="no" >
  <uuid>71ed4236-fd2c-4348-ae5f-f3d4baa1c70c</uuid>
  <host>localhost.localdomain</host>
  <cpu-model>Intel(R) Pentium(R) CPU 3550M @ 2.30GHz</cpu-model>
  <cpu-mhz>2294.738</cpu-mhz>
  <compiler_output></compiler_output>
  <tests>
    <test num="1" status="OK" time="27" real-time="28" max-memory-used="307200"  checker-comment="OK" >
  <program-stats-str>{ utime=27, stime=0, ptime=27, rtime=28, maxvsz=307200, maxrss=6373376, nvcsw=1, nivcsw=3 }</program-stats-str>
  <checker-stats-str>{ utime=0, stime=0, ptime=0, rtime=1, maxvsz=307200, maxrss=2285568, nvcsw=1, nivcsw=1 }</checker-stats-str>
      <input size="2">b
</input>
      <output size="3">no
</output>
      <correct size="3">no
</correct>
      <stderr size="0"></stderr>
      <checker size="3">OK
</checker>
    </test>
    <test num="2" status="OK" time="27" real-time="28" max-memory-used="307200"  checker-comment="OK" >
  <program-stats-str>{ utime=27, stime=0, ptime=27, rtime=28, maxvsz=307200, maxrss=6275072, nvcsw=1, nivcsw=4 }</program-stats-str>
  <checker-stats-str>{ utime=0, stime=0, ptime=0, rtime=2, maxvsz=307200, maxrss=2285568, nvcsw=1, nivcsw=1 }</checker-stats-str>
      <input size="2">c
</input>
      <output size="3">no
</output>
      <correct size="3">no
</correct>
      <stderr size="0"></stderr>
      <checker size="3">OK
</checker>
    </test>
    <test num="3" status="OK" time="26" real-time="27" max-memory-used="307200"  checker-comment="OK" >
  <program-stats-str>{ utime=12, stime=14, ptime=26, rtime=27, maxvsz=307200, maxrss=6074368, nvcsw=1, nivcsw=4 }</program-stats-str>
  <checker-stats-str>{ utime=0, stime=0, ptime=0, rtime=1, maxvsz=307200, maxrss=2285568, nvcsw=1, nivcsw=1 }</checker-stats-str>
      <input size="2">d
</input>
      <output size="3">no
</output>
      <correct size="3">no
</correct>
      <stderr size="0"></stderr>
      <checker size="3">OK
</checker>
    </test>
    <test num="4" status="OK" time="26" real-time="28" max-memory-used="307200"  checker-comment="OK" >
  <program-stats-str>{ utime=23, stime=3, ptime=26, rtime=28, maxvsz=307200, maxrss=6242304, nvcsw=1, nivcsw=3 }</program-stats-str>
  <checker-stats-str>{ utime=0, stime=0, ptime=0, rtime=1, maxvsz=307200, maxrss=2285568, nvcsw=1, nivcsw=1 }</checker-stats-str>
      <input size="2">e
</input>
      <output size="3">no
</output>
      <correct size="3">no
</correct>
      <stderr size="0"></stderr>
      <checker size="3">OK
</checker>
    </test>
    <test num="5" status="OK" time="26" real-time="28" max-memory-used="307200"  checker-comment="OK" >
  <program-stats-str>{ utime=26, stime=0, ptime=26, rtime=28, maxvsz=307200, maxrss=6266880, nvcsw=1, nivcsw=3 }</program-stats-str>
  <checker-stats-str>{ utime=0, stime=0, ptime=0, rtime=1, maxvsz=307200, maxrss=2285568, nvcsw=1, nivcsw=1 }</checker-stats-str>
      <input size="2">f
</input>
      <output size="3">no
</output>
      <correct size="3">no
</correct>
      <stderr size="0"></stderr>
      <checker size="3">OK
</checker>
    </test>
    <test num="6" status="OK" time="27" real-time="29" max-memory-used="307200"  checker-comment="OK" >
  <program-stats-str>{ utime=16, stime=11, ptime=27, rtime=29, maxvsz=307200, maxrss=6348800, nvcsw=1, nivcsw=4 }</program-stats-str>
  <checker-stats-str>{ utime=0, stime=0, ptime=0, rtime=1, maxvsz=307200, maxrss=2285568, nvcsw=1, nivcsw=1 }</checker-stats-str>
      <input size="2">g
</input>
      <output size="3">no
</output>
      <correct size="3">no
</correct>
      <stderr size="0"></stderr>
      <checker size="3">OK
</checker>
    </test>
    <test num="7" status="OK" time="26" real-time="28" max-memory-used="307200"  checker-comment="OK" >
  <program-stats-str>{ utime=6, stime=20, ptime=26, rtime=28, maxvsz=307200, maxrss=6254592, nvcsw=1, nivcsw=3 }</program-stats-str>
  <checker-stats-str>{ utime=0, stime=0, ptime=0, rtime=1, maxvsz=307200, maxrss=2285568, nvcsw=1, nivcsw=1 }</checker-stats-str>
      <input size="2">h
</input>
      <output size="3">no
</output>
      <correct size="3">no
</correct>
      <stderr size="0"></stderr>
      <checker size="3">OK
</checker>
    </test>
    <test num="8" status="OK" time="26" real-time="28" max-memory-used="307200"  checker-comment="OK" >
  <program-stats-str>{ utime=20, stime=6, ptime=26, rtime=28, maxvsz=307200, maxrss=6172672, nvcsw=1, nivcsw=4 }</program-stats-str>
  <checker-stats-str>{ utime=0, stime=0, ptime=0, rtime=1, maxvsz=307200, maxrss=2285568, nvcsw=1, nivcsw=1 }</checker-stats-str>
      <input size="2">i
</input>
      <output size="3">no
</output>
      <correct size="3">no
</correct>
      <stderr size="0"></stderr>
      <checker size="3">OK
</checker>
    </test>
    <test num="9" status="OK" time="27" real-time="29" max-memory-used="307200"  checker-comment="OK" >
  <program-stats-str>{ utime=27, stime=0, ptime=27, rtime=29, maxvsz=307200, maxrss=6320128, nvcsw=1, nivcsw=4 }</program-stats-str>
  <checker-stats-str>{ utime=0, stime=0, ptime=0, rtime=1, maxvsz=307200, maxrss=2285568, nvcsw=1, nivcsw=1 }</checker-stats-str>
      <input size="2">j
</input>
      <output size="3">no
</output>
      <correct size="3">no
</correct>
      <stderr size="0"></stderr>
      <checker size="3">OK
</checker>
    </test>
    <test num="10" status="OK" time="26" real-time="29" max-memory-used="307200"  checker-comment="OK" >
  <program-stats-str>{ utime=21, stime=5, ptime=26, rtime=29, maxvsz=307200, maxrss=6078464, nvcsw=1, nivcsw=3 }</program-stats-str>
  <checker-stats-str>{ utime=0, stime=0, ptime=0, rtime=1, maxvsz=307200, maxrss=2285568, nvcsw=1, nivcsw=1 }</checker-stats-str>
      <input size="2">k
</input>
      <output size="3">no
</output>
      <correct size="3">no
</correct>
      <stderr size="0"></stderr>
      <checker size="3">OK
</checker>
    </test>
    <test num="11" status="OK" time="26" real-time="28" max-memory-used="307200"  checker-comment="OK" >
  <program-stats-str>{ utime=26, stime=0, ptime=26, rtime=28, maxvsz=307200, maxrss=6184960, nvcsw=1, nivcsw=3 }</program-stats-str>
  <checker-stats-str>{ utime=0, stime=0, ptime=0, rtime=1, maxvsz=307200, maxrss=2285568, nvcsw=1, nivcsw=1 }</checker-stats-str>
      <input size="2">l
</input>
      <output size="3">no
</output>
      <correct size="3">no
</correct>
      <stderr size="0"></stderr>
      <checker size="3">OK
</checker>
    </test>
    <test num="12" status="OK" time="26" real-time="28" max-memory-used="307200"  checker-comment="OK" >
  <program-stats-str>{ utime=26, stime=0, ptime=26, rtime=28, maxvsz=307200, maxrss=6164480, nvcsw=1, nivcsw=5 }</program-stats-str>
  <checker-stats-str>{ utime=0, stime=0, ptime=0, rtime=1, maxvsz=307200, maxrss=2285568, nvcsw=1, nivcsw=1 }</checker-stats-str>
      <input size="2">m
</input>
      <output size="3">no
</output>
      <correct size="3">no
</correct>
      <stderr size="0"></stderr>
      <checker size="3">OK
</checker>
    </test>
    <test num="13" status="OK" time="26" real-time="29" max-memory-used="307200"  checker-comment="OK" >
  <program-stats-str>{ utime=12, stime=14, ptime=26, rtime=29, maxvsz=307200, maxrss=6283264, nvcsw=1, nivcsw=4 }</program-stats-str>
  <checker-stats-str>{ utime=0, stime=0, ptime=0, rtime=2, maxvsz=307200, maxrss=2285568, nvcsw=1, nivcsw=1 }</checker-stats-str>
      <input size="2">n
</input>
      <output size="3">no
</output>
      <correct size="3">no
</correct>
      <stderr size="0"></stderr>
      <checker size="3">OK
</checker>
    </test>
    <test num="14" status="OK" time="26" real-time="29" max-memory-used="307200"  checker-comment="OK" >
  <program-stats-str>{ utime=21, stime=5, ptime=26, rtime=29, maxvsz=307200, maxrss=6246400, nvcsw=1, nivcsw=5 }</program-stats-str>
  <checker-stats-str>{ utime=0, stime=0, ptime=0, rtime=2, maxvsz=307200, maxrss=2285568, nvcsw=1, nivcsw=1 }</checker-stats-str>
      <input size="2">o
</input>
      <output size="3">no
</output>
      <correct size="3">no
</correct>
      <stderr size="0"></stderr>
      <checker size="3">OK
</checker>
    </test>
    <test num="15" status="OK" time="27" real-time="30" max-memory-used="307200"  checker-comment="OK" >
  <program-stats-str>{ utime=23, stime=4, ptime=27, rtime=30, maxvsz=307200, maxrss=6275072, nvcsw=1, nivcsw=4 }</program-stats-str>
  <checker-stats-str>{ utime=0, stime=0, ptime=0, rtime=1, maxvsz=307200, maxrss=2285568, nvcsw=1, nivcsw=1 }</checker-stats-str>
      <input size="2">p
</input>
      <output size="3">no
</output>
      <correct size="3">no
</correct>
      <stderr size="0"></stderr>
      <checker size="3">OK
</checker>
    </test>
    <test num="16" status="OK" time="28" real-time="33" max-memory-used="307200"  checker-comment="OK" >
  <program-stats-str>{ utime=20, stime=8, ptime=28, rtime=33, maxvsz=307200, maxrss=6070272, nvcsw=1, nivcsw=7 }</program-stats-str>
  <checker-stats-str>{ utime=0, stime=0, ptime=0, rtime=1, maxvsz=307200, maxrss=2285568, nvcsw=1, nivcsw=1 }</checker-stats-str>
      <input size="2">q
</input>
      <output size="3">no
</output>
      <correct size="3">no
</correct>
      <stderr size="0"></stderr>
      <checker size="3">OK
</checker>
    </test>
    <test num="17" status="OK" time="27" real-time="29" max-memory-used="307200"  checker-comment="OK" >
  <program-stats-str>{ utime=22, stime=5, ptime=27, rtime=29, maxvsz=307200, maxrss=6062080, nvcsw=1, nivcsw=6 }</program-stats-str>
  <checker-stats-str>{ utime=0, stime=0, ptime=0, rtime=2, maxvsz=307200, maxrss=2285568, nvcsw=1, nivcsw=1 }</checker-stats-str>
      <input size="2">r
</input>
      <output size="3">no
</output>
      <correct size="3">no
</correct>
      <stderr size="0"></stderr>
      <checker size="3">OK
</checker>
    </test>
    <test num="18" status="OK" time="27" real-time="34" max-memory-used="307200"  checker-comment="OK" >
  <program-stats-str>{ utime=22, stime=5, ptime=27, rtime=34, maxvsz=307200, maxrss=6246400, nvcsw=1, nivcsw=7 }</program-stats-str>
  <checker-stats-str>{ utime=0, stime=0, ptime=0, rtime=2, maxvsz=307200, maxrss=2285568, nvcsw=1, nivcsw=1 }</checker-stats-str>
      <input size="2">s
</input>
      <output size="3">no
</output>
      <correct size="3">no
</correct>
      <stderr size="0"></stderr>
      <checker size="3">OK
</checker>
    </test>
    <test num="19" status="OK" time="28" real-time="31" max-memory-used="307200"  checker-comment="OK" >
  <program-stats-str>{ utime=22, stime=6, ptime=28, rtime=31, maxvsz=307200, maxrss=6062080, nvcsw=1, nivcsw=9 }</program-stats-str>
  <checker-stats-str>{ utime=0, stime=0, ptime=0, rtime=1, maxvsz=307200, maxrss=2285568, nvcsw=1, nivcsw=1 }</checker-stats-str>
      <input size="2">t
</input>
      <output size="3">no
</output>
      <correct size="3">no
</correct>
      <stderr size="0"></stderr>
      <checker size="3">OK
</checker>
    </test>
    <test num="20" status="OK" time="26" real-time="30" max-memory-used="307200"  checker-comment="OK" >
  <program-stats-str>{ utime=24, stime=2, ptime=26, rtime=30, maxvsz=307200, maxrss=6369280, nvcsw=1, nivcsw=7 }</program-stats-str>
  <checker-stats-str>{ utime=0, stime=0, ptime=0, rtime=1, maxvsz=307200, maxrss=2285568, nvcsw=1, nivcsw=1 }</checker-stats-str>
      <input size="2">u
</input>
      <output size="3">no
</output>
      <correct size="3">no
</correct>
      <stderr size="0"></stderr>
      <checker size="3">OK
</checker>
    </test>
    <test num="21" status="OK" time="28" real-time="31" max-memory-used="307200"  checker-comment="OK" >
  <program-stats-str>{ utime=25, stime=3, ptime=28, rtime=31, maxvsz=307200, maxrss=6131712, nvcsw=1, nivcsw=5 }</program-stats-str>
  <checker-stats-str>{ utime=0, stime=0, ptime=0, rtime=1, maxvsz=307200, maxrss=2285568, nvcsw=1, nivcsw=1 }</checker-stats-str>
      <input size="2">v
</input>
      <output size="3">no
</output>
      <correct size="3">no
</correct>
      <stderr size="0"></stderr>
      <checker size="3">OK
</checker>
    </test>
    <test num="22" status="OK" time="35" real-time="47" max-memory-used="307200"  checker-comment="OK" >
  <program-stats-str>{ utime=29, stime=6, ptime=35, rtime=47, maxvsz=307200, maxrss=6078464, nvcsw=1, nivcsw=10 }</program-stats-str>
  <checker-stats-str>{ utime=0, stime=0, ptime=0, rtime=0, maxvsz=307200, maxrss=2285568, nvcsw=1, nivcsw=1 }</checker-stats-str>
      <input size="2">w
</input>
      <output size="3">no
</output>
      <correct size="3">no
</correct>
      <stderr size="0"></stderr>
      <checker size="3">OK
</checker>
    </test>
    <test num="23" status="OK" time="28" real-time="31" max-memory-used="307200"  checker-comment="OK" >
  <program-stats-str>{ utime=23, stime=5, ptime=28, rtime=31, maxvsz=307200, maxrss=6279168, nvcsw=1, nivcsw=7 }</program-stats-str>
  <checker-stats-str>{ utime=0, stime=0, ptime=0, rtime=2, maxvsz=307200, maxrss=2285568, nvcsw=1, nivcsw=1 }</checker-stats-str>
      <input size="2">x
</input>
      <output size="3">no
</output>
      <correct size="3">no
</correct>
      <stderr size="0"></stderr>
      <checker size="3">OK
</checker>
    </test>
    <test num="24" status="OK" time="28" real-time="31" max-memory-used="307200"  checker-comment="OK" >
  <program-stats-str>{ utime=23, stime=5, ptime=28, rtime=31, maxvsz=307200, maxrss=6279168, nvcsw=1, nivcsw=6 }</program-stats-str>
  <checker-stats-str>{ utime=0, stime=0, ptime=0, rtime=1, maxvsz=307200, maxrss=2285568, nvcsw=1, nivcsw=1 }</checker-stats-str>
      <input size="2">y
</input>
      <output size="3">no
</output>
      <correct size="3">no
</correct>
      <stderr size="0"></stderr>
      <checker size="3">OK
</checker>
    </test>
    <test num="25" status="OK" time="27" real-time="30" max-memory-used="307200"  checker-comment="OK" >
  <program-stats-str>{ utime=27, stime=0, ptime=27, rtime=30, maxvsz=307200, maxrss=6225920, nvcsw=1, nivcsw=3 }</program-stats-str>
  <checker-stats-str>{ utime=0, stime=0, ptime=0, rtime=1, maxvsz=307200, maxrss=2285568, nvcsw=1, nivcsw=1 }</checker-stats-str>
      <input size="2">z
</input>
      <output size="3">no
</output>
      <correct size="3">no
</correct>
      <stderr size="0"></stderr>
      <checker size="3">OK
</checker>
    </test>
    <test num="26" status="OK" time="27" real-time="30" max-memory-used="307200"  checker-comment="OK" >
  <program-stats-str>{ utime=27, stime=0, ptime=27, rtime=30, maxvsz=307200, maxrss=6221824, nvcsw=1, nivcsw=3 }</program-stats-str>
  <checker-stats-str>{ utime=0, stime=0, ptime=0, rtime=1, maxvsz=307200, maxrss=2285568, nvcsw=1, nivcsw=1 }</checker-stats-str>
      <input size="2">A
</input>
      <output size="3">no
</output>
      <correct size="3">no
</correct>
      <stderr size="0"></stderr>
      <checker size="3">OK
</checker>
    </test>
    <test num="27" status="OK" time="27" real-time="29" max-memory-used="307200"  checker-comment="OK" >
  <program-stats-str>{ utime=27, stime=0, ptime=27, rtime=29, maxvsz=307200, maxrss=6373376, nvcsw=1, nivcsw=3 }</program-stats-str>
  <checker-stats-str>{ utime=0, stime=0, ptime=0, rtime=2, maxvsz=307200, maxrss=2285568, nvcsw=1, nivcsw=1 }</checker-stats-str>
      <input size="2">B
</input>
      <output size="3">no
</output>
      <correct size="3">no
</correct>
      <stderr size="0"></stderr>
      <checker size="3">OK
</checker>
    </test>
    <test num="28" status="OK" time="28" real-time="31" max-memory-used="307200"  checker-comment="OK" >
  <program-stats-str>{ utime=18, stime=10, ptime=28, rtime=31, maxvsz=307200, maxrss=6373376, nvcsw=1, nivcsw=7 }</program-stats-str>
  <checker-stats-str>{ utime=0, stime=0, ptime=0, rtime=1, maxvsz=307200, maxrss=2285568, nvcsw=1, nivcsw=1 }</checker-stats-str>
      <input size="2">C
</input>
      <output size="3">no
</output>
      <correct size="3">no
</correct>
      <stderr size="0"></stderr>
      <checker size="3">OK
</checker>
    </test>
    <test num="29" status="OK" time="27" real-time="30" max-memory-used="307200"  checker-comment="OK" >
  <program-stats-str>{ utime=25, stime=2, ptime=27, rtime=30, maxvsz=307200, maxrss=6373376, nvcsw=1, nivcsw=6 }</program-stats-str>
  <checker-stats-str>{ utime=0, stime=0, ptime=0, rtime=1, maxvsz=307200, maxrss=2285568, nvcsw=1, nivcsw=2 }</checker-stats-str>
      <input size="2">D
</input>
      <output size="3">no
</output>
      <correct size="3">no
</correct>
      <stderr size="0"></stderr>
      <checker size="3">OK
</checker>
    </test>
    <test num="30" status="OK" time="27" real-time="30" max-memory-used="307200"  checker-comment="OK" >
  <program-stats-str>{ utime=19, stime=8, ptime=27, rtime=30, maxvsz=307200, maxrss=6074368, nvcsw=1, nivcsw=5 }</program-stats-str>
  <checker-stats-str>{ utime=0, stime=0, ptime=0, rtime=1, maxvsz=307200, maxrss=2285568, nvcsw=1, nivcsw=1 }</checker-stats-str>
      <input size="2">E
</input>
      <output size="3">no
</output>
      <correct size="3">no
</correct>
      <stderr size="0"></stderr>
      <checker size="3">OK
</checker>
    </test>
    <test num="31" status="OK" time="26" real-time="28" max-memory-used="307200"  checker-comment="OK" >
  <program-stats-str>{ utime=19, stime=7, ptime=26, rtime=28, maxvsz=307200, maxrss=6082560, nvcsw=1, nivcsw=4 }</program-stats-str>
  <checker-stats-str>{ utime=0, stime=1, ptime=1, rtime=2, maxvsz=307200, maxrss=2285568, nvcsw=1, nivcsw=1 }</checker-stats-str>
      <input size="2">F
</input>
      <output size="3">no
</output>
      <correct size="3">no
</correct>
      <stderr size="0"></stderr>
      <checker size="3">OK
</checker>
    </test>
    <test num="32" status="OK" time="27" real-time="31" max-memory-used="307200"  checker-comment="OK" >
  <program-stats-str>{ utime=25, stime=2, ptime=27, rtime=31, maxvsz=307200, maxrss=6361088, nvcsw=1, nivcsw=5 }</program-stats-str>
  <checker-stats-str>{ utime=0, stime=1, ptime=1, rtime=2, maxvsz=307200, maxrss=2285568, nvcsw=1, nivcsw=1 }</checker-stats-str>
      <input size="2">G
</input>
      <output size="3">no
</output>
      <correct size="3">no
</correct>
      <stderr size="0"></stderr>
      <checker size="3">OK
</checker>
    </test>
    <test num="33" status="OK" time="26" real-time="28" max-memory-used="307200"  checker-comment="OK" >
  <program-stats-str>{ utime=0, stime=26, ptime=26, rtime=28, maxvsz=307200, maxrss=6135808, nvcsw=1, nivcsw=3 }</program-stats-str>
  <checker-stats-str>{ utime=0, stime=0, ptime=0, rtime=4, maxvsz=307200, maxrss=2285568, nvcsw=1, nivcsw=1 }</checker-stats-str>
      <input size="2">H
</input>
      <output size="3">no
</output>
      <correct size="3">no
</correct>
      <stderr size="0"></stderr>
      <checker size="3">OK
</checker>
    </test>
    <test num="34" status="OK" time="33" real-time="38" max-memory-used="307200"  checker-comment="OK" >
  <program-stats-str>{ utime=33, stime=0, ptime=33, rtime=38, maxvsz=307200, maxrss=6135808, nvcsw=1, nivcsw=10 }</program-stats-str>
  <checker-stats-str>{ utime=0, stime=0, ptime=0, rtime=1, maxvsz=307200, maxrss=2285568, nvcsw=1, nivcsw=1 }</checker-stats-str>
      <input size="2">I
</input>
      <output size="3">no
</output>
      <correct size="3">no
</correct>
      <stderr size="0"></stderr>
      <checker size="3">OK
</checker>
    </test>
    <test num="35" status="OK" time="26" real-time="29" max-memory-used="307200"  checker-comment="OK" >
  <program-stats-str>{ utime=23, stime=3, ptime=26, rtime=29, maxvsz=307200, maxrss=6299648, nvcsw=1, nivcsw=5 }</program-stats-str>
  <checker-stats-str>{ utime=0, stime=0, ptime=0, rtime=1, maxvsz=307200, maxrss=2285568, nvcsw=1, nivcsw=1 }</checker-stats-str>
      <input size="2">J
</input>
      <output size="3">no
</output>
      <correct size="3">no
</correct>
      <stderr size="0"></stderr>
      <checker size="3">OK
</checker>
    </test>
    <test num="36" status="OK" time="26" real-time="28" max-memory-used="307200"  checker-comment="OK" >
  <program-stats-str>{ utime=26, stime=0, ptime=26, rtime=28, maxvsz=307200, maxrss=6279168, nvcsw=1, nivcsw=3 }</program-stats-str>
  <checker-stats-str>{ utime=0, stime=0, ptime=0, rtime=1, maxvsz=307200, maxrss=2285568, nvcsw=1, nivcsw=1 }</checker-stats-str>
      <input size="2">K
</input>
      <output size="3">no
</output>
      <correct size="3">no
</correct>
      <stderr size="0"></stderr>
      <checker size="3">OK
</checker>
    </test>
    <test num="37" status="OK" time="26" real-time="28" max-memory-used="307200"  checker-comment="OK" >
  <program-stats-str>{ utime=26, stime=0, ptime=26, rtime=28, maxvsz=307200, maxrss=6070272, nvcsw=1, nivcsw=3 }</program-stats-str>
  <checker-stats-str>{ utime=0, stime=0, ptime=0, rtime=1, maxvsz=307200, maxrss=2285568, nvcsw=1, nivcsw=1 }</checker-stats-str>
      <input size="2">L
</input>
      <output size="3">no
</output>
      <correct size="3">no
</correct>
      <stderr size="0"></stderr>
      <checker size="3">OK
</checker>
    </test>
    <test num="38" status="OK" time="27" real-time="28" max-memory-used="307200"  checker-comment="OK" >
  <program-stats-str>{ utime=27, stime=0, ptime=27, rtime=28, maxvsz=307200, maxrss=6078464, nvcsw=1, nivcsw=3 }</program-stats-str>
  <checker-stats-str>{ utime=0, stime=0, ptime=0, rtime=1, maxvsz=307200, maxrss=2285568, nvcsw=1, nivcsw=1 }</checker-stats-str>
      <input size="2">M
</input>
      <output size="3">no
</output>
      <correct size="3">no
</correct>
      <stderr size="0"></stderr>
      <checker size="3">OK
</checker>
    </test>
    <test num="39" status="OK" time="26" real-time="28" max-memory-used="307200"  checker-comment="OK" >
  <program-stats-str>{ utime=26, stime=0, ptime=26, rtime=28, maxvsz=307200, maxrss=6221824, nvcsw=1, nivcsw=3 }</program-stats-str>
  <checker-stats-str>{ utime=0, stime=0, ptime=0, rtime=1, maxvsz=307200, maxrss=2285568, nvcsw=1, nivcsw=1 }</checker-stats-str>
      <input size="2">N
</input>
      <output size="3">no
</output>
      <correct size="3">no
</correct>
      <stderr size="0"></stderr>
      <checker size="3">OK
</checker>
    </test>
    <test num="40" status="OK" time="27" real-time="28" max-memory-used="307200"  checker-comment="OK" >
  <program-stats-str>{ utime=27, stime=0, ptime=27, rtime=28, maxvsz=307200, maxrss=6348800, nvcsw=1, nivcsw=3 }</program-stats-str>
  <checker-stats-str>{ utime=0, stime=0, ptime=0, rtime=1, maxvsz=307200, maxrss=2285568, nvcsw=1, nivcsw=1 }</checker-stats-str>
      <input size="2">O
</input>
      <output size="3">no
</output>
      <correct size="3">no
</correct>
      <stderr size="0"></stderr>
      <checker size="3">OK
</checker>
    </test>
    <test num="41" status="OK" time="26" real-time="29" max-memory-used="307200"  checker-comment="OK" >
  <program-stats-str>{ utime=26, stime=0, ptime=26, rtime=29, maxvsz=307200, maxrss=6094848, nvcsw=1, nivcsw=3 }</program-stats-str>
  <checker-stats-str>{ utime=0, stime=0, ptime=0, rtime=1, maxvsz=307200, maxrss=2285568, nvcsw=1, nivcsw=1 }</checker-stats-str>
      <input size="2">P
</input>
      <output size="3">no
</output>
      <correct size="3">no
</correct>
      <stderr size="0"></stderr>
      <checker size="3">OK
</checker>
    </test>
    <test num="42" status="OK" time="27" real-time="29" max-memory-used="307200"  checker-comment="OK" >
  <program-stats-str>{ utime=14, stime=13, ptime=27, rtime=29, maxvsz=307200, maxrss=6291456, nvcsw=1, nivcsw=4 }</program-stats-str>
  <checker-stats-str>{ utime=0, stime=0, ptime=0, rtime=1, maxvsz=307200, maxrss=2285568, nvcsw=1, nivcsw=1 }</checker-stats-str>
      <input size="2">Q
</input>
      <output size="3">no
</output>
      <correct size="3">no
</correct>
      <stderr size="0"></stderr>
      <checker size="3">OK
</checker>
    </test>
    <test num="43" status="OK" time="27" real-time="29" max-memory-used="307200"  checker-comment="OK" >
  <program-stats-str>{ utime=14, stime=13, ptime=27, rtime=29, maxvsz=307200, maxrss=6344704, nvcsw=1, nivcsw=4 }</program-stats-str>
  <checker-stats-str>{ utime=0, stime=0, ptime=0, rtime=1, maxvsz=307200, maxrss=2285568, nvcsw=1, nivcsw=1 }</checker-stats-str>
      <input size="2">R
</input>
      <output size="3">no
</output>
      <correct size="3">no
</correct>
      <stderr size="0"></stderr>
      <checker size="3">OK
</checker>
    </test>
    <test num="44" status="OK" time="27" real-time="29" max-memory-used="307200"  checker-comment="OK" >
  <program-stats-str>{ utime=22, stime=5, ptime=27, rtime=29, maxvsz=307200, maxrss=6279168, nvcsw=1, nivcsw=3 }</program-stats-str>
  <checker-stats-str>{ utime=0, stime=0, ptime=0, rtime=2, maxvsz=307200, maxrss=2285568, nvcsw=1, nivcsw=1 }</checker-stats-str>
      <input size="2">S
</input>
      <output size="3">no
</output>
      <correct size="3">no
</correct>
      <stderr size="0"></stderr>
      <checker size="3">OK
</checker>
    </test>
    <test num="45" status="OK" time="27" real-time="28" max-memory-used="307200"  checker-comment="OK" >
  <program-stats-str>{ utime=27, stime=0, ptime=27, rtime=28, maxvsz=307200, maxrss=6332416, nvcsw=1, nivcsw=3 }</program-stats-str>
  <checker-stats-str>{ utime=0, stime=0, ptime=0, rtime=2, maxvsz=307200, maxrss=2285568, nvcsw=1, nivcsw=1 }</checker-stats-str>
      <input size="2">T
</input>
      <output size="3">no
</output>
      <correct size="3">no
</correct>
      <stderr size="0"></stderr>
      <checker size="3">OK
</checker>
    </test>
    <test num="46" status="OK" time="26" real-time="29" max-memory-used="307200"  checker-comment="OK" >
  <program-stats-str>{ utime=26, stime=0, ptime=26, rtime=29, maxvsz=307200, maxrss=6070272, nvcsw=1, nivcsw=3 }</program-stats-str>
  <checker-stats-str>{ utime=0, stime=0, ptime=0, rtime=1, maxvsz=307200, maxrss=2285568, nvcsw=1, nivcsw=1 }</checker-stats-str>
      <input size="2">U
</input>
      <output size="3">no
</output>
      <correct size="3">no
</correct>
      <stderr size="0"></stderr>
      <checker size="3">OK
</checker>
    </test>
    <test num="47" status="OK" time="26" real-time="28" max-memory-used="307200"  checker-comment="OK" >
  <program-stats-str>{ utime=21, stime=5, ptime=26, rtime=28, maxvsz=307200, maxrss=6348800, nvcsw=1, nivcsw=3 }</program-stats-str>
  <checker-stats-str>{ utime=0, stime=0, ptime=0, rtime=1, maxvsz=307200, maxrss=2285568, nvcsw=1, nivcsw=1 }</checker-stats-str>
      <input size="2">V
</input>
      <output size="3">no
</output>
      <correct size="3">no
</correct>
      <stderr size="0"></stderr>
      <checker size="3">OK
</checker>
    </test>
    <test num="48" status="OK" time="26" real-time="28" max-memory-used="307200"  checker-comment="OK" >
  <program-stats-str>{ utime=26, stime=0, ptime=26, rtime=28, maxvsz=307200, maxrss=6082560, nvcsw=1, nivcsw=4 }</program-stats-str>
  <checker-stats-str>{ utime=0, stime=0, ptime=0, rtime=1, maxvsz=307200, maxrss=2285568, nvcsw=1, nivcsw=1 }</checker-stats-str>
      <input size="2">W
</input>
      <output size="3">no
</output>
      <correct size="3">no
</correct>
      <stderr size="0"></stderr>
      <checker size="3">OK
</checker>
    </test>
    <test num="49" status="OK" time="26" real-time="29" max-memory-used="307200"  checker-comment="OK" >
  <program-stats-str>{ utime=21, stime=5, ptime=26, rtime=29, maxvsz=307200, maxrss=6324224, nvcsw=1, nivcsw=3 }</program-stats-str>
  <checker-stats-str>{ utime=0, stime=0, ptime=0, rtime=1, maxvsz=307200, maxrss=2285568, nvcsw=1, nivcsw=1 }</checker-stats-str>
      <input size="2">X
</input>
      <output size="3">no
</output>
      <correct size="3">no
</correct>
      <stderr size="0"></stderr>
      <checker size="3">OK
</checker>
    </test>
    <test num="50" status="OK" time="26" real-time="28" max-memory-used="307200"  checker-comment="OK" >
  <program-stats-str>{ utime=26, stime=0, ptime=26, rtime=28, maxvsz=307200, maxrss=6324224, nvcsw=1, nivcsw=3 }</program-stats-str>
  <checker-stats-str>{ utime=0, stime=0, ptime=0, rtime=1, maxvsz=307200, maxrss=2285568, nvcsw=1, nivcsw=1 }</checker-stats-str>
      <input size="2">Y
</input>
      <output size="3">no
</output>
      <correct size="3">no
</correct>
      <stderr size="0"></stderr>
      <checker size="3">OK
</checker>
    </test>
    <test num="51" status="OK" time="26" real-time="28" max-memory-used="307200"  checker-comment="OK" >
  <program-stats-str>{ utime=26, stime=0, ptime=26, rtime=28, maxvsz=307200, maxrss=6082560, nvcsw=1, nivcsw=3 }</program-stats-str>
  <checker-stats-str>{ utime=0, stime=0, ptime=0, rtime=2, maxvsz=307200, maxrss=2285568, nvcsw=1, nivcsw=1 }</checker-stats-str>
      <input size="2">Z
</input>
      <output size="3">no
</output>
      <correct size="3">no
</correct>
      <stderr size="0"></stderr>
      <checker size="3">OK
</checker>
    </test>
    <test num="52" status="PE" time="26" real-time="29" max-memory-used="307200"  checker-comment="Letter case mismatch" >
  <program-stats-str>{ utime=26, stime=0, ptime=26, rtime=29, maxvsz=307200, maxrss=6332416, nvcsw=1, nivcsw=4 }</program-stats-str>
  <checker-stats-str>{ utime=0, stime=0, ptime=0, rtime=1, maxvsz=307200, maxrss=2285568, nvcsw=1, nivcsw=1 }</checker-stats-str>
      <input size="2">0
</input>
      <output size="4">Yes
</output>
      <correct size="4">yes
</correct>
      <stderr size="0"></stderr>
      <checker size="21">Letter case mismatch
</checker>
    </test>
  </tests>
</testing-report>
