Content-type: text/xml

<?xml version="1.0" encoding="utf-8"?>
<testing-report run-id="51" judge-id="61" status="SE" scoring="ACM" run-tests="1" contest-id="3100" real-time-available="yes" max-memory-used-available="yes" correct-available="yes" failed-test="1" time-limit-ms="2000" real-time-limit-ms="5000" marked-flag="no" >
  <uuid>5043a460-4346-43a0-a9dd-77f1283a60ad</uuid>
  <host>localhost.localdomain</host>
  <cpu-model>Intel(R) Pentium(R) CPU 3550M @ 2.30GHz</cpu-model>
  <cpu-mhz>2294.738</cpu-mhz>
  <compiler_output></compiler_output>
  <tests>
    <test num="1" status="SE" time="288" real-time="625" max-memory-used="18702336" >
  <program-stats-str>{ utime=264, stime=24, ptime=288, rtime=625, maxvsz=18702336, maxrss=19095552, nvcsw=1, nivcsw=76 }</program-stats-str>
      <input size="4">1
9
</input>
      <output size="0"></output>
      <stderr size="287">Can't open '/usr/share/abrt/conf.d/plugins/python3.conf': Operation not permitted
Can't open '/etc/abrt/plugins/python3.conf': Operation not permitted
Traceback (most recent call last):
  File &quot;./000051&quot;, line 5, in &lt;module&gt;
    d = drob[1] * drob[3]
IndexError: list index out of range
</stderr>
    </test>
  </tests>
</testing-report>
