Content-type: text/xml

<?xml version="1.0" encoding="utf-8"?>
<testing-report run-id="190" judge-id="31" status="RT" scoring="ACM" run-tests="1" contest-id="3100" real-time-available="yes" max-memory-used-available="yes" correct-available="yes" failed-test="1" time-limit-ms="2000" real-time-limit-ms="5000" marked-flag="no" >
  <uuid>ce223e2c-fb45-4491-b7dd-3b61fd7feb20</uuid>
  <host>localhost.localdomain</host>
  <cpu-model>Intel(R) Pentium(R) CPU 3550M @ 2.30GHz</cpu-model>
  <cpu-mhz>2294.738</cpu-mhz>
  <compiler_output>Free Pascal Compiler version 2.6.4 [2015/06/17] for i386
Copyright (c) 1993-2014 by Florian Klaempfl and others
Target OS: Linux for i386
Compiling 000190.pas
000190.pas(6,12) Warning: Variable &quot;i&quot; does not seem to be initialized
Linking 000190




/usr/bin/ld: warning: link.res contains output sections; did you forget -T?
9 lines compiled, 0.0 sec 
1 warning(s) issued
</compiler_output>
  <tests>
    <test num="1" status="RT" exit-code="200" time="0" real-time="1" max-memory-used="294912" >
  <program-stats-str>{ utime=0, stime=0, ptime=0, rtime=1, maxvsz=294912, maxrss=2387968, nvcsw=1, nivcsw=1 }</program-stats-str>
      <input size="2">2
</input>
      <output size="56">Runtime error 200 at &#36;0804812E
  &#36;0804812E
  &#36;08063783

</output>
      <stderr size="0"></stderr>
    </test>
  </tests>
</testing-report>
