Content-type: text/xml

<?xml version="1.0" encoding="utf-8"?>
<testing-report run-id="144" judge-id="116" status="WA" scoring="ACM" run-tests="2" contest-id="3100" real-time-available="yes" max-memory-used-available="yes" correct-available="yes" failed-test="2" time-limit-ms="2000" real-time-limit-ms="5000" marked-flag="no" >
  <uuid>799c4af8-dde5-4822-97f6-78254b944863</uuid>
  <host>localhost.localdomain</host>
  <cpu-model>Intel(R) Pentium(R) CPU 3550M @ 2.30GHz</cpu-model>
  <cpu-mhz>2294.738</cpu-mhz>
  <compiler_output>Done processing 000144.cpp
000144.cpp: In function 'int nod(int, int)':
000144.cpp:8:14: warning: suggest parentheses around comparison in operand of '&amp;' [-Wparentheses]
     while (a != 0 &amp; b != 0)
              ^
000144.cpp: In function 'int main()':
000144.cpp:29:23: warning: comparison between signed and unsigned integer expressions [-Wsign-compare]
     for (int i = 0; i &lt; vec.size(); i++)
                       ^
000144.cpp:31:23: warning: comparison between signed and unsigned integer expressions [-Wsign-compare]
         if (vec.size()&gt; i)
                       ^
000144.cpp:36:16: warning: 'ans' may be used uninitialized in this function [-Wmaybe-uninitialized]
     cout &lt;&lt; ans;
                ^

</compiler_output>
  <tests>
    <test num="1" status="OK" time="1" real-time="2" max-memory-used="307200"  checker-comment="OK" >
  <program-stats-str>{ utime=0, stime=1, ptime=1, rtime=2, maxvsz=307200, maxrss=3104768, nvcsw=1, nivcsw=1 }</program-stats-str>
  <checker-stats-str>{ utime=0, stime=0, ptime=0, rtime=2, maxvsz=307200, maxrss=2387968, nvcsw=1, nivcsw=2 }</checker-stats-str>
      <input size="4">1
9
</input>
      <output size="1">9</output>
      <correct size="2">9
</correct>
      <stderr size="0"></stderr>
      <checker size="3">OK
</checker>
    </test>
    <test num="2" status="WA" time="0" real-time="1" max-memory-used="307200"  checker-comment="Answers do not match: output: 35, correct: 5" >
  <program-stats-str>{ utime=0, stime=0, ptime=0, rtime=1, maxvsz=307200, maxrss=2772992, nvcsw=1, nivcsw=1 }</program-stats-str>
  <checker-stats-str>{ utime=0, stime=3, ptime=3, rtime=5, maxvsz=307200, maxrss=2387968, nvcsw=1, nivcsw=2 }</checker-stats-str>
      <input size="8">2
90 35
</input>
      <output size="2">35</output>
      <correct size="2">5
</correct>
      <stderr size="0"></stderr>
      <checker size="45">Answers do not match: output: 35, correct: 5
</checker>
    </test>
  </tests>
</testing-report>
