Content-type: text/xml

<?xml version="1.0" encoding="utf-8"?>
<testing-report run-id="133" judge-id="95" status="WA" scoring="ACM" run-tests="2" contest-id="3100" real-time-available="yes" max-memory-used-available="yes" correct-available="yes" failed-test="2" time-limit-ms="2000" real-time-limit-ms="5000" marked-flag="no" >
  <uuid>7d14f1b4-7e9f-4cf7-94a8-3920825010c8</uuid>
  <host>localhost.localdomain</host>
  <cpu-model>Intel(R) Pentium(R) CPU 3550M @ 2.30GHz</cpu-model>
  <cpu-mhz>2294.738</cpu-mhz>
  <compiler_output></compiler_output>
  <tests>
    <test num="1" status="OK" time="2" real-time="5" max-memory-used="307200"  checker-comment="OK" >
  <program-stats-str>{ utime=1, stime=1, ptime=2, rtime=5, maxvsz=307200, maxrss=2744320, nvcsw=1, nivcsw=3 }</program-stats-str>
  <checker-stats-str>{ utime=0, stime=1, ptime=1, rtime=2, maxvsz=307200, maxrss=2387968, nvcsw=1, nivcsw=2 }</checker-stats-str>
      <input size="4">1
9
</input>
      <output size="1">9</output>
      <correct size="2">9
</correct>
      <stderr size="0"></stderr>
      <checker size="3">OK
</checker>
    </test>
    <test num="2" status="WA" time="1" real-time="3" max-memory-used="307200"  checker-comment="Answers do not match: output: 90, correct: 5" >
  <program-stats-str>{ utime=0, stime=1, ptime=1, rtime=3, maxvsz=307200, maxrss=2793472, nvcsw=1, nivcsw=1 }</program-stats-str>
  <checker-stats-str>{ utime=0, stime=0, ptime=0, rtime=2, maxvsz=307200, maxrss=2387968, nvcsw=1, nivcsw=1 }</checker-stats-str>
      <input size="8">2
90 35
</input>
      <output size="2">90</output>
      <correct size="2">5
</correct>
      <stderr size="0"></stderr>
      <checker size="45">Answers do not match: output: 90, correct: 5
</checker>
    </test>
  </tests>
</testing-report>
