Content-type: text/xml

<?xml version="1.0" encoding="utf-8"?>
<testing-report run-id="182" judge-id="23" status="RT" scoring="ACM" run-tests="2" contest-id="3100" real-time-available="yes" max-memory-used-available="yes" correct-available="yes" failed-test="2" time-limit-ms="2000" real-time-limit-ms="5000" marked-flag="no" >
  <uuid>8e64c643-f749-4228-bdfb-64754beff4fa</uuid>
  <host>localhost.localdomain</host>
  <cpu-model>Intel(R) Pentium(R) CPU 3550M @ 2.30GHz</cpu-model>
  <cpu-mhz>2294.738</cpu-mhz>
  <compiler_output>Done processing 000182.cpp

</compiler_output>
  <tests>
    <test num="1" status="OK" time="1" real-time="3" max-memory-used="307200"  checker-comment="OK" >
  <program-stats-str>{ utime=0, stime=1, ptime=1, rtime=3, maxvsz=307200, maxrss=2842624, nvcsw=1, nivcsw=1 }</program-stats-str>
  <checker-stats-str>{ utime=0, stime=0, ptime=0, rtime=1, maxvsz=307200, maxrss=2387968, nvcsw=1, nivcsw=1 }</checker-stats-str>
      <input size="3">20
</input>
      <output size="20">2 3 5 7 11 13 17 19 </output>
      <correct size="21">2 3 5 7 11 13 17 19 
</correct>
      <stderr size="0"></stderr>
      <checker size="3">OK
</checker>
    </test>
    <test num="2" status="RT" term-signal="11" time="1" real-time="3" max-memory-used="307200" >
  <program-stats-str>{ utime=0, stime=1, ptime=1, rtime=3, maxvsz=307200, maxrss=2772992, nvcsw=1, nivcsw=2 }</program-stats-str>
      <input size="6">51929
</input>
      <output size="0"></output>
      <stderr size="0"></stderr>
    </test>
  </tests>
</testing-report>
