Content-type: text/xml

<?xml version="1.0" encoding="utf-8"?>
<testing-report run-id="189" judge-id="123" status="WA" scoring="ACM" run-tests="1" contest-id="3100" real-time-available="yes" max-memory-used-available="yes" correct-available="yes" failed-test="1" time-limit-ms="2000" real-time-limit-ms="5000" marked-flag="no" >
  <uuid>9305be6f-1281-4794-a3bd-84c6e4f21c5c</uuid>
  <host>localhost.localdomain</host>
  <cpu-model>Intel(R) Pentium(R) CPU 3550M @ 2.30GHz</cpu-model>
  <cpu-mhz>2294.738</cpu-mhz>
  <compiler_output></compiler_output>
  <tests>
    <test num="1" status="WA" time="1" real-time="3" max-memory-used="307200"  checker-comment="Line 1 differs: output: ?primeprime? correct: ?prime?" >
  <program-stats-str>{ utime=0, stime=1, ptime=1, rtime=3, maxvsz=307200, maxrss=2744320, nvcsw=1, nivcsw=1 }</program-stats-str>
  <checker-stats-str>{ utime=0, stime=0, ptime=0, rtime=2, maxvsz=307200, maxrss=2387968, nvcsw=1, nivcsw=1 }</checker-stats-str>
      <input size="2">2
</input>
      <output size="10">primeprime</output>
      <correct size="6">prime
</correct>
      <stderr size="0"></stderr>
      <checker size="54">Line 1 differs: output:
&gt;primeprime&lt;
correct:
&gt;prime&lt;
</checker>
    </test>
  </tests>
</testing-report>
