Content-type: text/xml

<?xml version="1.0" encoding="utf-8"?>
<testing-report run-id="251" judge-id="92" status="WA" scoring="ACM" run-tests="13" contest-id="3100" real-time-available="yes" max-memory-used-available="yes" correct-available="yes" failed-test="13" time-limit-ms="2000" real-time-limit-ms="5000" marked-flag="no" >
  <uuid>f2c9fb64-ed95-4e5d-af9d-008da32a470c</uuid>
  <host>localhost.localdomain</host>
  <cpu-model>Intel(R) Pentium(R) CPU 3550M @ 2.30GHz</cpu-model>
  <cpu-mhz>2294.738</cpu-mhz>
  <compiler_output>Done processing 000251.cpp

</compiler_output>
  <tests>
    <test num="1" status="OK" time="1" real-time="2" max-memory-used="307200"  checker-comment="ok Correct answer!" >
  <program-stats-str>{ utime=0, stime=1, ptime=1, rtime=2, maxvsz=307200, maxrss=2732032, nvcsw=1, nivcsw=1 }</program-stats-str>
  <checker-stats-str>{ utime=0, stime=1, ptime=1, rtime=2, maxvsz=17260544, maxrss=3063808, nvcsw=1, nivcsw=1 }</checker-stats-str>
      <input size="2">4
</input>
      <output size="3">2 2</output>
      <correct size="4">2 2
</correct>
      <stderr size="0"></stderr>
      <checker size="19">ok Correct answer!
</checker>
    </test>
    <test num="2" status="OK" time="1" real-time="2" max-memory-used="307200"  checker-comment="ok Correct answer!" >
  <program-stats-str>{ utime=0, stime=1, ptime=1, rtime=2, maxvsz=307200, maxrss=2732032, nvcsw=1, nivcsw=1 }</program-stats-str>
  <checker-stats-str>{ utime=0, stime=1, ptime=1, rtime=2, maxvsz=17260544, maxrss=3088384, nvcsw=1, nivcsw=1 }</checker-stats-str>
      <input size="2">6
</input>
      <output size="3">3 3</output>
      <correct size="4">3 3
</correct>
      <stderr size="0"></stderr>
      <checker size="19">ok Correct answer!
</checker>
    </test>
    <test num="3" status="OK" time="2" real-time="3" max-memory-used="307200"  checker-comment="ok Correct answer!" >
  <program-stats-str>{ utime=0, stime=2, ptime=2, rtime=3, maxvsz=307200, maxrss=2748416, nvcsw=1, nivcsw=2 }</program-stats-str>
  <checker-stats-str>{ utime=0, stime=1, ptime=1, rtime=3, maxvsz=17260544, maxrss=3022848, nvcsw=1, nivcsw=1 }</checker-stats-str>
      <input size="2">8
</input>
      <output size="3">3 5</output>
      <correct size="4">3 5
</correct>
      <stderr size="0"></stderr>
      <checker size="19">ok Correct answer!
</checker>
    </test>
    <test num="4" status="OK" time="1" real-time="3" max-memory-used="307200"  checker-comment="ok Correct answer!" >
  <program-stats-str>{ utime=0, stime=1, ptime=1, rtime=3, maxvsz=307200, maxrss=3108864, nvcsw=1, nivcsw=1 }</program-stats-str>
  <checker-stats-str>{ utime=0, stime=1, ptime=1, rtime=3, maxvsz=17260544, maxrss=2961408, nvcsw=1, nivcsw=1 }</checker-stats-str>
      <input size="3">10
</input>
      <output size="3">3 7</output>
      <correct size="4">3 7
</correct>
      <stderr size="0"></stderr>
      <checker size="19">ok Correct answer!
</checker>
    </test>
    <test num="5" status="OK" time="1" real-time="3" max-memory-used="307200"  checker-comment="ok Correct answer!" >
  <program-stats-str>{ utime=0, stime=1, ptime=1, rtime=3, maxvsz=307200, maxrss=2805760, nvcsw=1, nivcsw=1 }</program-stats-str>
  <checker-stats-str>{ utime=0, stime=1, ptime=1, rtime=2, maxvsz=17260544, maxrss=3121152, nvcsw=1, nivcsw=2 }</checker-stats-str>
      <input size="3">12
</input>
      <output size="3">5 7</output>
      <correct size="4">5 7
</correct>
      <stderr size="0"></stderr>
      <checker size="19">ok Correct answer!
</checker>
    </test>
    <test num="6" status="OK" time="1" real-time="3" max-memory-used="307200"  checker-comment="ok Correct answer!" >
  <program-stats-str>{ utime=0, stime=1, ptime=1, rtime=3, maxvsz=307200, maxrss=2813952, nvcsw=1, nivcsw=1 }</program-stats-str>
  <checker-stats-str>{ utime=0, stime=2, ptime=2, rtime=3, maxvsz=17260544, maxrss=3313664, nvcsw=1, nivcsw=1 }</checker-stats-str>
      <input size="3">14
</input>
      <output size="4">3 11</output>
      <correct size="5">3 11
</correct>
      <stderr size="0"></stderr>
      <checker size="19">ok Correct answer!
</checker>
    </test>
    <test num="7" status="OK" time="1" real-time="3" max-memory-used="307200"  checker-comment="ok Correct answer!" >
  <program-stats-str>{ utime=0, stime=1, ptime=1, rtime=3, maxvsz=307200, maxrss=2854912, nvcsw=1, nivcsw=1 }</program-stats-str>
  <checker-stats-str>{ utime=0, stime=1, ptime=1, rtime=3, maxvsz=17260544, maxrss=3026944, nvcsw=1, nivcsw=2 }</checker-stats-str>
      <input size="3">16
</input>
      <output size="4">3 13</output>
      <correct size="5">3 13
</correct>
      <stderr size="0"></stderr>
      <checker size="19">ok Correct answer!
</checker>
    </test>
    <test num="8" status="OK" time="1" real-time="2" max-memory-used="307200"  checker-comment="ok Correct answer!" >
  <program-stats-str>{ utime=0, stime=1, ptime=1, rtime=2, maxvsz=307200, maxrss=2781184, nvcsw=1, nivcsw=1 }</program-stats-str>
  <checker-stats-str>{ utime=0, stime=1, ptime=1, rtime=2, maxvsz=17260544, maxrss=2957312, nvcsw=1, nivcsw=1 }</checker-stats-str>
      <input size="3">18
</input>
      <output size="4">5 13</output>
      <correct size="5">5 13
</correct>
      <stderr size="0"></stderr>
      <checker size="19">ok Correct answer!
</checker>
    </test>
    <test num="9" status="OK" time="1" real-time="2" max-memory-used="307200"  checker-comment="ok Correct answer!" >
  <program-stats-str>{ utime=0, stime=1, ptime=1, rtime=2, maxvsz=307200, maxrss=2842624, nvcsw=1, nivcsw=1 }</program-stats-str>
  <checker-stats-str>{ utime=0, stime=1, ptime=1, rtime=2, maxvsz=17260544, maxrss=2957312, nvcsw=1, nivcsw=1 }</checker-stats-str>
      <input size="3">20
</input>
      <output size="4">3 17</output>
      <correct size="5">3 17
</correct>
      <stderr size="0"></stderr>
      <checker size="19">ok Correct answer!
</checker>
    </test>
    <test num="10" status="OK" time="1" real-time="2" max-memory-used="307200"  checker-comment="ok Correct answer!" >
  <program-stats-str>{ utime=0, stime=1, ptime=1, rtime=2, maxvsz=307200, maxrss=2863104, nvcsw=1, nivcsw=1 }</program-stats-str>
  <checker-stats-str>{ utime=0, stime=1, ptime=1, rtime=2, maxvsz=17260544, maxrss=2957312, nvcsw=1, nivcsw=1 }</checker-stats-str>
      <input size="3">32
</input>
      <output size="4">3 29</output>
      <correct size="5">3 29
</correct>
      <stderr size="0"></stderr>
      <checker size="19">ok Correct answer!
</checker>
    </test>
    <test num="11" status="OK" time="1" real-time="3" max-memory-used="307200"  checker-comment="ok Correct answer!" >
  <program-stats-str>{ utime=1, stime=0, ptime=1, rtime=3, maxvsz=307200, maxrss=2740224, nvcsw=1, nivcsw=2 }</program-stats-str>
  <checker-stats-str>{ utime=0, stime=1, ptime=1, rtime=3, maxvsz=17260544, maxrss=3031040, nvcsw=1, nivcsw=1 }</checker-stats-str>
      <input size="3">68
</input>
      <output size="4">7 61</output>
      <correct size="5">7 61
</correct>
      <stderr size="0"></stderr>
      <checker size="19">ok Correct answer!
</checker>
    </test>
    <test num="12" status="OK" time="1" real-time="1" max-memory-used="307200"  checker-comment="ok Correct answer!" >
  <program-stats-str>{ utime=1, stime=0, ptime=1, rtime=1, maxvsz=307200, maxrss=2736128, nvcsw=1, nivcsw=2 }</program-stats-str>
  <checker-stats-str>{ utime=0, stime=1, ptime=1, rtime=2, maxvsz=17260544, maxrss=3088384, nvcsw=1, nivcsw=1 }</checker-stats-str>
      <input size="4">100
</input>
      <output size="4">3 97</output>
      <correct size="5">3 97
</correct>
      <stderr size="0"></stderr>
      <checker size="19">ok Correct answer!
</checker>
    </test>
    <test num="13" status="WA" time="2" real-time="3" max-memory-used="307200"  checker-comment="wrong answer Number 9 is not prime" >
  <program-stats-str>{ utime=0, stime=2, ptime=2, rtime=3, maxvsz=307200, maxrss=2961408, nvcsw=1, nivcsw=1 }</program-stats-str>
  <checker-stats-str>{ utime=0, stime=2, ptime=2, rtime=3, maxvsz=17260544, maxrss=3371008, nvcsw=1, nivcsw=1 }</checker-stats-str>
      <input size="7">109046
</input>
      <output size="8">9 109037</output>
      <correct size="10">79 108967
</correct>
      <stderr size="0"></stderr>
      <checker size="35">wrong answer Number 9 is not prime
</checker>
    </test>
  </tests>
</testing-report>
