Content-type: text/xml

<?xml version="1.0" encoding="utf-8"?>
<testing-report run-id="241" judge-id="82" status="WA" scoring="ACM" run-tests="3" contest-id="3100" real-time-available="yes" max-memory-used-available="yes" correct-available="yes" failed-test="3" time-limit-ms="2000" real-time-limit-ms="5000" marked-flag="no" >
  <uuid>64f0762e-cdb7-4199-ac3a-b9c7f5757b70</uuid>
  <host>localhost.localdomain</host>
  <cpu-model>Intel(R) Pentium(R) CPU 3550M @ 2.30GHz</cpu-model>
  <cpu-mhz>2294.738</cpu-mhz>
  <compiler_output>Done processing 000241.cpp

</compiler_output>
  <tests>
    <test num="1" status="OK" time="1" real-time="2" max-memory-used="307200"  checker-comment="OK" >
  <program-stats-str>{ utime=0, stime=1, ptime=1, rtime=2, maxvsz=307200, maxrss=2945024, nvcsw=1, nivcsw=1 }</program-stats-str>
  <checker-stats-str>{ utime=0, stime=0, ptime=0, rtime=1, maxvsz=307200, maxrss=2387968, nvcsw=1, nivcsw=1 }</checker-stats-str>
      <input size="2">2
</input>
      <output size="5">prime</output>
      <correct size="6">prime
</correct>
      <stderr size="0"></stderr>
      <checker size="3">OK
</checker>
    </test>
    <test num="2" status="OK" time="1" real-time="2" max-memory-used="307200"  checker-comment="OK" >
  <program-stats-str>{ utime=0, stime=1, ptime=1, rtime=2, maxvsz=307200, maxrss=2895872, nvcsw=1, nivcsw=1 }</program-stats-str>
  <checker-stats-str>{ utime=0, stime=1, ptime=1, rtime=2, maxvsz=307200, maxrss=2387968, nvcsw=1, nivcsw=2 }</checker-stats-str>
      <input size="2">3
</input>
      <output size="5">prime</output>
      <correct size="6">prime
</correct>
      <stderr size="0"></stderr>
      <checker size="3">OK
</checker>
    </test>
    <test num="3" status="WA" time="1" real-time="2" max-memory-used="307200"  checker-comment="Line 1 differs: output: ?prime? correct: ?composite?" >
  <program-stats-str>{ utime=0, stime=1, ptime=1, rtime=2, maxvsz=307200, maxrss=2940928, nvcsw=1, nivcsw=1 }</program-stats-str>
  <checker-stats-str>{ utime=0, stime=1, ptime=1, rtime=2, maxvsz=307200, maxrss=2387968, nvcsw=1, nivcsw=1 }</checker-stats-str>
      <input size="2">4
</input>
      <output size="5">prime</output>
      <correct size="10">composite
</correct>
      <stderr size="0"></stderr>
      <checker size="53">Line 1 differs: output:
&gt;prime&lt;
correct:
&gt;composite&lt;
</checker>
    </test>
  </tests>
</testing-report>
