Content-type: text/xml

<?xml version="1.0" encoding="utf-8"?>
<testing-report run-id="283" judge-id="124" status="PE" scoring="ACM" run-tests="1" contest-id="3100" real-time-available="yes" max-memory-used-available="yes" correct-available="yes" failed-test="1" time-limit-ms="2000" real-time-limit-ms="5000" marked-flag="no" >
  <uuid>7e6a64f2-ff4d-4861-8097-ad5b99542c26</uuid>
  <host>localhost.localdomain</host>
  <cpu-model>Intel(R) Pentium(R) CPU 3550M @ 2.30GHz</cpu-model>
  <cpu-mhz>2294.738</cpu-mhz>
  <compiler_output>
</compiler_output>
  <tests>
    <test num="1" status="PE" time="1" real-time="2" max-memory-used="307200"  checker-comment="wrong output format Expected integer, but ?00? found" >
  <program-stats-str>{ utime=0, stime=1, ptime=1, rtime=2, maxvsz=307200, maxrss=2740224, nvcsw=1, nivcsw=1 }</program-stats-str>
  <checker-stats-str>{ utime=0, stime=1, ptime=1, rtime=2, maxvsz=17268736, maxrss=3297280, nvcsw=1, nivcsw=1 }</checker-stats-str>
      <input size="4">300
</input>
      <output size="24">0 00 04 40 00 00 00 00 0</output>
      <correct size="8">220 284
</correct>
      <stderr size="0"></stderr>
      <checker size="53">wrong output format Expected integer, but &quot;00&quot; found
</checker>
    </test>
  </tests>
</testing-report>
