Content-type: text/xml

<?xml version="1.0" encoding="utf-8"?>
<testing-report run-id="212" judge-id="138" status="WA" scoring="ACM" run-tests="1" contest-id="3100" real-time-available="yes" max-memory-used-available="yes" correct-available="yes" failed-test="1" time-limit-ms="2000" real-time-limit-ms="5000" marked-flag="no" >
  <uuid>24f7a8f1-6ce3-4dd9-8392-31a4927086a4</uuid>
  <host>localhost.localdomain</host>
  <cpu-model>Intel(R) Pentium(R) CPU 3550M @ 2.30GHz</cpu-model>
  <cpu-mhz>2294.738</cpu-mhz>
  <compiler_output></compiler_output>
  <tests>
    <test num="1" status="WA" time="72" real-time="77" max-memory-used="30339072"  checker-comment="Too few numbers in the output" >
  <program-stats-str>{ utime=69, stime=3, ptime=72, rtime=77, maxvsz=30339072, maxrss=27226112, nvcsw=1, nivcsw=14 }</program-stats-str>
  <checker-stats-str>{ utime=0, stime=0, ptime=0, rtime=2, maxvsz=307200, maxrss=2387968, nvcsw=1, nivcsw=1 }</checker-stats-str>
      <input size="2">2
</input>
      <output size="0"></output>
      <correct size="2">2
</correct>
      <stderr size="61">Warning: cannot find your CPU L2 cache size in /proc/cpuinfo
</stderr>
      <checker size="30">Too few numbers in the output
</checker>
    </test>
  </tests>
</testing-report>
