Content-type: text/xml

<?xml version="1.0" encoding="utf-8"?>
<testing-report run-id="224" judge-id="65" status="WA" scoring="ACM" run-tests="1" contest-id="3100" real-time-available="yes" max-memory-used-available="yes" correct-available="yes" failed-test="1" time-limit-ms="2000" real-time-limit-ms="5000" marked-flag="no" >
  <uuid>40ffa4bc-a5c6-4656-aea5-4e7adca4dd8b</uuid>
  <host>localhost.localdomain</host>
  <cpu-model>Intel(R) Pentium(R) CPU 3550M @ 2.30GHz</cpu-model>
  <cpu-mhz>2294.738</cpu-mhz>
  <compiler_output>Done processing 000224.cpp

</compiler_output>
  <tests>
    <test num="1" status="WA" time="1" real-time="2" max-memory-used="307200"  checker-comment="Answers do not match: output: 2, correct: 12" >
  <program-stats-str>{ utime=1, stime=0, ptime=1, rtime=2, maxvsz=307200, maxrss=2387968, nvcsw=1, nivcsw=1 }</program-stats-str>
  <checker-stats-str>{ utime=0, stime=0, ptime=0, rtime=1, maxvsz=307200, maxrss=2387968, nvcsw=1, nivcsw=1 }</checker-stats-str>
      <input size="4">3 4
</input>
      <output size="2">2 </output>
      <correct size="3">12
</correct>
      <stderr size="0"></stderr>
      <checker size="45">Answers do not match: output: 2, correct: 12
</checker>
    </test>
  </tests>
</testing-report>
