Content-type: text/xml

<?xml version="1.0" encoding="utf-8"?>
<testing-report run-id="208" judge-id="136" status="WA" scoring="ACM" run-tests="1" contest-id="3100" real-time-available="yes" max-memory-used-available="yes" correct-available="yes" failed-test="1" time-limit-ms="2000" real-time-limit-ms="5000" marked-flag="no" >
  <uuid>4ad2e8f4-e113-4783-b505-965e50634473</uuid>
  <host>localhost.localdomain</host>
  <cpu-model>Intel(R) Pentium(R) CPU 3550M @ 2.30GHz</cpu-model>
  <cpu-mhz>2294.738</cpu-mhz>
  <compiler_output></compiler_output>
  <tests>
    <test num="1" status="WA" time="1" real-time="9" max-memory-used="307200"  checker-comment="Answers differ: [1]: output: -879010421, correct: 2" >
  <program-stats-str>{ utime=1, stime=0, ptime=1, rtime=9, maxvsz=307200, maxrss=2387968, nvcsw=2, nivcsw=5 }</program-stats-str>
  <checker-stats-str>{ utime=0, stime=0, ptime=0, rtime=2, maxvsz=307200, maxrss=2387968, nvcsw=1, nivcsw=1 }</checker-stats-str>
      <input size="2">2
</input>
      <output size="20">-879010421 331016756</output>
      <correct size="2">2
</correct>
      <stderr size="0"></stderr>
      <checker size="52">Answers differ: [1]: output: -879010421, correct: 2
</checker>
    </test>
  </tests>
</testing-report>
