Content-type: text/xml

<?xml version="1.0" encoding="utf-8"?>
<testing-report run-id="311" judge-id="3" status="WA" scoring="ACM" run-tests="1" contest-id="3100" real-time-available="yes" max-memory-used-available="yes" correct-available="yes" failed-test="1" time-limit-ms="2000" real-time-limit-ms="5000" marked-flag="no" >
  <uuid>f25e3c4b-f22b-45ce-97ab-d54e35f9b20a</uuid>
  <host>localhost.localdomain</host>
  <cpu-model>Intel(R) Pentium(R) CPU 3550M @ 2.30GHz</cpu-model>
  <cpu-mhz>2294.738</cpu-mhz>
  <compiler_output></compiler_output>
  <tests>
    <test num="1" status="WA" time="1" real-time="2" max-memory-used="307200"  checker-comment="Line 1 differs: output: ?Impossible? correct: ?1 3?" >
  <program-stats-str>{ utime=0, stime=1, ptime=1, rtime=2, maxvsz=307200, maxrss=3080192, nvcsw=1, nivcsw=1 }</program-stats-str>
  <checker-stats-str>{ utime=0, stime=0, ptime=0, rtime=1, maxvsz=307200, maxrss=2387968, nvcsw=1, nivcsw=1 }</checker-stats-str>
      <input size="3">37
</input>
      <output size="10">Impossible</output>
      <correct size="4">1 3
</correct>
      <stderr size="0"></stderr>
      <checker size="52">Line 1 differs: output:
&gt;Impossible&lt;
correct:
&gt;1 3&lt;
</checker>
    </test>
  </tests>
</testing-report>
