Content-type: text/xml

<?xml version="1.0" encoding="utf-8"?>
<testing-report run-id="316" judge-id="8" status="OK" scoring="ACM" run-tests="12" contest-id="3100" real-time-available="yes" max-memory-used-available="yes" correct-available="yes" time-limit-ms="2000" real-time-limit-ms="5000" marked-flag="no" >
  <uuid>3af8977b-10d0-4d82-a266-1c0ac2199ccb</uuid>
  <host>localhost.localdomain</host>
  <cpu-model>Intel(R) Pentium(R) CPU 3550M @ 2.30GHz</cpu-model>
  <cpu-mhz>2294.738</cpu-mhz>
  <compiler_output></compiler_output>
  <tests>
    <test num="1" status="OK" time="26" real-time="29" max-memory-used="307200"  checker-comment="OK" >
  <program-stats-str>{ utime=26, stime=0, ptime=26, rtime=29, maxvsz=307200, maxrss=6340608, nvcsw=1, nivcsw=5 }</program-stats-str>
  <checker-stats-str>{ utime=0, stime=0, ptime=0, rtime=1, maxvsz=307200, maxrss=2387968, nvcsw=1, nivcsw=1 }</checker-stats-str>
      <input size="4">3 4
</input>
      <output size="3">12
</output>
      <correct size="3">12
</correct>
      <stderr size="0"></stderr>
      <checker size="3">OK
</checker>
    </test>
    <test num="2" status="OK" time="28" real-time="31" max-memory-used="307200"  checker-comment="OK" >
  <program-stats-str>{ utime=26, stime=2, ptime=28, rtime=31, maxvsz=307200, maxrss=6098944, nvcsw=1, nivcsw=4 }</program-stats-str>
  <checker-stats-str>{ utime=0, stime=0, ptime=0, rtime=2, maxvsz=307200, maxrss=2387968, nvcsw=1, nivcsw=1 }</checker-stats-str>
      <input size="11">35867 1209
</input>
      <output size="7">107601
</output>
      <correct size="7">107601
</correct>
      <stderr size="0"></stderr>
      <checker size="3">OK
</checker>
    </test>
    <test num="3" status="OK" time="26" real-time="28" max-memory-used="307200"  checker-comment="OK" >
  <program-stats-str>{ utime=24, stime=2, ptime=26, rtime=28, maxvsz=307200, maxrss=6381568, nvcsw=1, nivcsw=7 }</program-stats-str>
  <checker-stats-str>{ utime=0, stime=0, ptime=0, rtime=2, maxvsz=307200, maxrss=2387968, nvcsw=1, nivcsw=1 }</checker-stats-str>
      <input size="8">598 332
</input>
      <output size="6">99268
</output>
      <correct size="6">99268
</correct>
      <stderr size="0"></stderr>
      <checker size="3">OK
</checker>
    </test>
    <test num="4" status="OK" time="26" real-time="29" max-memory-used="307200"  checker-comment="OK" >
  <program-stats-str>{ utime=21, stime=5, ptime=26, rtime=29, maxvsz=307200, maxrss=6291456, nvcsw=1, nivcsw=7 }</program-stats-str>
  <checker-stats-str>{ utime=0, stime=0, ptime=0, rtime=2, maxvsz=307200, maxrss=2387968, nvcsw=1, nivcsw=1 }</checker-stats-str>
      <input size="8">598 322
</input>
      <output size="5">4186
</output>
      <correct size="5">4186
</correct>
      <stderr size="0"></stderr>
      <checker size="3">OK
</checker>
    </test>
    <test num="5" status="OK" time="29" real-time="32" max-memory-used="307200"  checker-comment="OK" >
  <program-stats-str>{ utime=29, stime=0, ptime=29, rtime=32, maxvsz=307200, maxrss=6201344, nvcsw=1, nivcsw=8 }</program-stats-str>
  <checker-stats-str>{ utime=0, stime=0, ptime=0, rtime=2, maxvsz=307200, maxrss=2387968, nvcsw=1, nivcsw=1 }</checker-stats-str>
      <input size="10">3009 1652
</input>
      <output size="6">84252
</output>
      <correct size="6">84252
</correct>
      <stderr size="0"></stderr>
      <checker size="3">OK
</checker>
    </test>
    <test num="6" status="OK" time="25" real-time="28" max-memory-used="307200"  checker-comment="OK" >
  <program-stats-str>{ utime=23, stime=2, ptime=25, rtime=28, maxvsz=307200, maxrss=6094848, nvcsw=1, nivcsw=6 }</program-stats-str>
  <checker-stats-str>{ utime=0, stime=0, ptime=0, rtime=2, maxvsz=307200, maxrss=2387968, nvcsw=1, nivcsw=1 }</checker-stats-str>
      <input size="10">6084 3276
</input>
      <output size="6">42588
</output>
      <correct size="6">42588
</correct>
      <stderr size="0"></stderr>
      <checker size="3">OK
</checker>
    </test>
    <test num="7" status="OK" time="26" real-time="29" max-memory-used="307200"  checker-comment="OK" >
  <program-stats-str>{ utime=23, stime=3, ptime=26, rtime=29, maxvsz=307200, maxrss=6103040, nvcsw=1, nivcsw=5 }</program-stats-str>
  <checker-stats-str>{ utime=0, stime=0, ptime=0, rtime=2, maxvsz=307200, maxrss=2387968, nvcsw=1, nivcsw=1 }</checker-stats-str>
      <input size="8">597 333
</input>
      <output size="6">66267
</output>
      <correct size="6">66267
</correct>
      <stderr size="0"></stderr>
      <checker size="3">OK
</checker>
    </test>
    <test num="8" status="OK" time="28" real-time="31" max-memory-used="307200"  checker-comment="OK" >
  <program-stats-str>{ utime=21, stime=7, ptime=28, rtime=31, maxvsz=307200, maxrss=6209536, nvcsw=1, nivcsw=6 }</program-stats-str>
  <checker-stats-str>{ utime=0, stime=0, ptime=0, rtime=1, maxvsz=307200, maxrss=2387968, nvcsw=1, nivcsw=1 }</checker-stats-str>
      <input size="10">6312 3156
</input>
      <output size="5">6312
</output>
      <correct size="5">6312
</correct>
      <stderr size="0"></stderr>
      <checker size="3">OK
</checker>
    </test>
    <test num="9" status="OK" time="26" real-time="28" max-memory-used="307200"  checker-comment="OK" >
  <program-stats-str>{ utime=19, stime=7, ptime=26, rtime=28, maxvsz=307200, maxrss=6242304, nvcsw=1, nivcsw=5 }</program-stats-str>
  <checker-stats-str>{ utime=0, stime=0, ptime=0, rtime=1, maxvsz=307200, maxrss=2387968, nvcsw=1, nivcsw=1 }</checker-stats-str>
      <input size="10">6104 3488
</input>
      <output size="6">24416
</output>
      <correct size="6">24416
</correct>
      <stderr size="0"></stderr>
      <checker size="3">OK
</checker>
    </test>
    <test num="10" status="OK" time="26" real-time="29" max-memory-used="307200"  checker-comment="OK" >
  <program-stats-str>{ utime=17, stime=9, ptime=26, rtime=29, maxvsz=307200, maxrss=6115328, nvcsw=1, nivcsw=4 }</program-stats-str>
  <checker-stats-str>{ utime=0, stime=0, ptime=0, rtime=1, maxvsz=307200, maxrss=2387968, nvcsw=1, nivcsw=1 }</checker-stats-str>
      <input size="13">5964555 2020
</input>
      <output size="9">23858220
</output>
      <correct size="9">23858220
</correct>
      <stderr size="0"></stderr>
      <checker size="3">OK
</checker>
    </test>
    <test num="11" status="OK" time="26" real-time="28" max-memory-used="307200"  checker-comment="OK" >
  <program-stats-str>{ utime=18, stime=8, ptime=26, rtime=28, maxvsz=307200, maxrss=6291456, nvcsw=1, nivcsw=4 }</program-stats-str>
  <checker-stats-str>{ utime=0, stime=0, ptime=0, rtime=1, maxvsz=307200, maxrss=2387968, nvcsw=1, nivcsw=1 }</checker-stats-str>
      <input size="4">2 3
</input>
      <output size="2">6
</output>
      <correct size="2">6
</correct>
      <stderr size="0"></stderr>
      <checker size="3">OK
</checker>
    </test>
    <test num="12" status="OK" time="28" real-time="31" max-memory-used="307200"  checker-comment="OK" >
  <program-stats-str>{ utime=25, stime=3, ptime=28, rtime=31, maxvsz=307200, maxrss=6250496, nvcsw=1, nivcsw=5 }</program-stats-str>
  <checker-stats-str>{ utime=0, stime=0, ptime=0, rtime=2, maxvsz=307200, maxrss=2387968, nvcsw=1, nivcsw=1 }</checker-stats-str>
      <input size="5">6 21
</input>
      <output size="3">42
</output>
      <correct size="3">42
</correct>
      <stderr size="0"></stderr>
      <checker size="3">OK
</checker>
    </test>
  </tests>
</testing-report>
