Content-type: text/xml

<?xml version="1.0" encoding="utf-8"?>
<testing-report run-id="303" judge-id="176" status="WA" scoring="ACM" run-tests="1" contest-id="3100" real-time-available="yes" max-memory-used-available="yes" correct-available="yes" failed-test="1" time-limit-ms="2000" real-time-limit-ms="5000" marked-flag="no" >
  <uuid>3518371d-8bb7-46f6-92f9-24587fba44ed</uuid>
  <host>localhost.localdomain</host>
  <cpu-model>Intel(R) Pentium(R) CPU 3550M @ 2.30GHz</cpu-model>
  <cpu-mhz>2294.738</cpu-mhz>
  <compiler_output></compiler_output>
  <tests>
    <test num="1" status="WA" time="28" real-time="30" max-memory-used="307200"  checker-comment="Too many numbers in the output" >
  <program-stats-str>{ utime=26, stime=2, ptime=28, rtime=30, maxvsz=307200, maxrss=6381568, nvcsw=1, nivcsw=7 }</program-stats-str>
  <checker-stats-str>{ utime=0, stime=0, ptime=0, rtime=1, maxvsz=307200, maxrss=2387968, nvcsw=1, nivcsw=1 }</checker-stats-str>
      <input size="2">2
</input>
      <output size="11">2 3 5 7 11 </output>
      <correct size="2">2
</correct>
      <stderr size="0"></stderr>
      <checker size="31">Too many numbers in the output
</checker>
    </test>
  </tests>
</testing-report>
