Content-type: text/xml

<?xml version="1.0" encoding="utf-8"?>
<testing-report run-id="378" judge-id="10" status="RT" scoring="ACM" run-tests="1" contest-id="3100" real-time-available="yes" max-memory-used-available="yes" correct-available="yes" failed-test="1" time-limit-ms="2000" real-time-limit-ms="5000" marked-flag="no" >
  <uuid>4aad406a-d39e-4b94-a771-134a510b820e</uuid>
  <host>localhost.localdomain</host>
  <cpu-model>Intel(R) Pentium(R) CPU 3550M @ 2.30GHz</cpu-model>
  <cpu-mhz>2294.738</cpu-mhz>
  <compiler_output></compiler_output>
  <tests>
    <test num="1" status="RT" exit-code="1" time="74" real-time="80" max-memory-used="30339072" >
  <program-stats-str>{ utime=67, stime=7, ptime=74, rtime=80, maxvsz=30339072, maxrss=27410432, nvcsw=1, nivcsw=11 }</program-stats-str>
      <input size="4">1
9
</input>
      <output size="0"></output>
      <stderr size="184">Warning: cannot find your CPU L2 cache size in /proc/cpuinfo
Traceback (most recent call last):
  File &quot;./000378&quot;, line 7, in &lt;module&gt;
    b = k[1]
IndexError: list index out of range
</stderr>
    </test>
  </tests>
</testing-report>
