Content-type: text/xml

<?xml version="1.0" encoding="utf-8"?>
<testing-report run-id="383" judge-id="15" status="WA" scoring="ACM" run-tests="1" contest-id="3100" real-time-available="yes" max-memory-used-available="yes" correct-available="yes" failed-test="1" time-limit-ms="2000" real-time-limit-ms="5000" marked-flag="no" >
  <uuid>e41818a8-1af9-42f7-a34b-eeff06845e96</uuid>
  <host>localhost.localdomain</host>
  <cpu-model>Intel(R) Pentium(R) CPU 3550M @ 2.30GHz</cpu-model>
  <cpu-mhz>2294.738</cpu-mhz>
  <compiler_output></compiler_output>
  <tests>
    <test num="1" status="WA" time="73" real-time="76" max-memory-used="30339072"  checker-comment="Answers differ: [1]: output: 2, correct: 1" >
  <program-stats-str>{ utime=49, stime=24, ptime=73, rtime=76, maxvsz=30339072, maxrss=27201536, nvcsw=1, nivcsw=11 }</program-stats-str>
  <checker-stats-str>{ utime=0, stime=0, ptime=0, rtime=2, maxvsz=307200, maxrss=2727936, nvcsw=1, nivcsw=1 }</checker-stats-str>
      <input size="8">1 2 1 2
</input>
      <output size="2">2
</output>
      <correct size="4">1 1
</correct>
      <stderr size="61">Warning: cannot find your CPU L2 cache size in /proc/cpuinfo
</stderr>
      <checker size="43">Answers differ: [1]: output: 2, correct: 1
</checker>
    </test>
  </tests>
</testing-report>
