Content-type: text/xml

<?xml version="1.0" encoding="utf-8"?>
<testing-report run-id="328" judge-id="12" status="WA" scoring="ACM" run-tests="2" contest-id="3100" real-time-available="yes" max-memory-used-available="yes" correct-available="yes" failed-test="2" time-limit-ms="2000" real-time-limit-ms="5000" marked-flag="no" >
  <uuid>d7705ca0-915e-4752-a150-d537a7911a1a</uuid>
  <host>localhost.localdomain</host>
  <cpu-model>Intel(R) Pentium(R) CPU 3550M @ 2.30GHz</cpu-model>
  <cpu-mhz>2294.738</cpu-mhz>
  <compiler_output></compiler_output>
  <tests>
    <test num="1" status="OK" time="1" real-time="3" max-memory-used="307200"  checker-comment="ok Correct answer!" >
  <program-stats-str>{ utime=0, stime=1, ptime=1, rtime=3, maxvsz=307200, maxrss=3059712, nvcsw=1, nivcsw=1 }</program-stats-str>
  <checker-stats-str>{ utime=0, stime=1, ptime=1, rtime=2, maxvsz=17268736, maxrss=3096576, nvcsw=1, nivcsw=1 }</checker-stats-str>
      <input size="4">300
</input>
      <output size="8">220 284
</output>
      <correct size="8">220 284
</correct>
      <stderr size="0"></stderr>
      <checker size="19">ok Correct answer!
</checker>
    </test>
    <test num="2" status="WA" time="2" real-time="3" max-memory-used="307200"  checker-comment="wrong answer The pair does not follow the rules - 346, 492" >
  <program-stats-str>{ utime=2, stime=0, ptime=2, rtime=3, maxvsz=307200, maxrss=2953216, nvcsw=1, nivcsw=2 }</program-stats-str>
  <checker-stats-str>{ utime=1, stime=0, ptime=1, rtime=3, maxvsz=17268736, maxrss=3100672, nvcsw=1, nivcsw=1 }</checker-stats-str>
      <input size="5">2000
</input>
      <output size="43">220 284
346 492
566 870
914 1240
1294 1770
</output>
      <correct size="18">220 284
1184 1210
</correct>
      <stderr size="0"></stderr>
      <checker size="59">wrong answer The pair does not follow the rules - 346, 492
</checker>
    </test>
  </tests>
</testing-report>
