Content-type: text/xml

<?xml version="1.0" encoding="utf-8"?>
<testing-report run-id="385" judge-id="17" status="OK" scoring="ACM" run-tests="12" contest-id="3100" real-time-available="yes" max-memory-used-available="yes" correct-available="yes" time-limit-ms="2000" real-time-limit-ms="5000" marked-flag="no" >
  <uuid>68966dc7-3d89-4821-9b83-53887457b3c1</uuid>
  <host>localhost.localdomain</host>
  <cpu-model>Intel(R) Pentium(R) CPU 3550M @ 2.30GHz</cpu-model>
  <cpu-mhz>2294.738</cpu-mhz>
  <compiler_output></compiler_output>
  <tests>
    <test num="1" status="OK" time="74" real-time="80" max-memory-used="30339072"  checker-comment="OK" >
  <program-stats-str>{ utime=69, stime=5, ptime=74, rtime=80, maxvsz=30339072, maxrss=27099136, nvcsw=1, nivcsw=9 }</program-stats-str>
  <checker-stats-str>{ utime=0, stime=0, ptime=0, rtime=2, maxvsz=307200, maxrss=2392064, nvcsw=1, nivcsw=1 }</checker-stats-str>
      <input size="4">3 4
</input>
      <output size="3">12
</output>
      <correct size="3">12
</correct>
      <stderr size="61">Warning: cannot find your CPU L2 cache size in /proc/cpuinfo
</stderr>
      <checker size="3">OK
</checker>
    </test>
    <test num="2" status="OK" time="73" real-time="77" max-memory-used="30339072"  checker-comment="OK" >
  <program-stats-str>{ utime=54, stime=19, ptime=73, rtime=77, maxvsz=30339072, maxrss=27082752, nvcsw=1, nivcsw=14 }</program-stats-str>
  <checker-stats-str>{ utime=0, stime=0, ptime=0, rtime=1, maxvsz=307200, maxrss=2392064, nvcsw=1, nivcsw=1 }</checker-stats-str>
      <input size="11">35867 1209
</input>
      <output size="7">107601
</output>
      <correct size="7">107601
</correct>
      <stderr size="61">Warning: cannot find your CPU L2 cache size in /proc/cpuinfo
</stderr>
      <checker size="3">OK
</checker>
    </test>
    <test num="3" status="OK" time="75" real-time="86" max-memory-used="30339072"  checker-comment="OK" >
  <program-stats-str>{ utime=65, stime=10, ptime=75, rtime=86, maxvsz=30339072, maxrss=27189248, nvcsw=1, nivcsw=13 }</program-stats-str>
  <checker-stats-str>{ utime=0, stime=0, ptime=0, rtime=1, maxvsz=307200, maxrss=2392064, nvcsw=1, nivcsw=1 }</checker-stats-str>
      <input size="8">598 332
</input>
      <output size="6">99268
</output>
      <correct size="6">99268
</correct>
      <stderr size="61">Warning: cannot find your CPU L2 cache size in /proc/cpuinfo
</stderr>
      <checker size="3">OK
</checker>
    </test>
    <test num="4" status="OK" time="74" real-time="77" max-memory-used="30339072"  checker-comment="OK" >
  <program-stats-str>{ utime=55, stime=19, ptime=74, rtime=77, maxvsz=30339072, maxrss=27115520, nvcsw=1, nivcsw=12 }</program-stats-str>
  <checker-stats-str>{ utime=0, stime=0, ptime=0, rtime=2, maxvsz=307200, maxrss=2392064, nvcsw=1, nivcsw=1 }</checker-stats-str>
      <input size="8">598 322
</input>
      <output size="5">4186
</output>
      <correct size="5">4186
</correct>
      <stderr size="61">Warning: cannot find your CPU L2 cache size in /proc/cpuinfo
</stderr>
      <checker size="3">OK
</checker>
    </test>
    <test num="5" status="OK" time="72" real-time="76" max-memory-used="30339072"  checker-comment="OK" >
  <program-stats-str>{ utime=51, stime=21, ptime=72, rtime=76, maxvsz=30339072, maxrss=27099136, nvcsw=1, nivcsw=9 }</program-stats-str>
  <checker-stats-str>{ utime=0, stime=0, ptime=0, rtime=2, maxvsz=307200, maxrss=2392064, nvcsw=1, nivcsw=2 }</checker-stats-str>
      <input size="10">3009 1652
</input>
      <output size="6">84252
</output>
      <correct size="6">84252
</correct>
      <stderr size="61">Warning: cannot find your CPU L2 cache size in /proc/cpuinfo
</stderr>
      <checker size="3">OK
</checker>
    </test>
    <test num="6" status="OK" time="72" real-time="76" max-memory-used="30339072"  checker-comment="OK" >
  <program-stats-str>{ utime=52, stime=20, ptime=72, rtime=76, maxvsz=30339072, maxrss=27103232, nvcsw=1, nivcsw=9 }</program-stats-str>
  <checker-stats-str>{ utime=0, stime=0, ptime=0, rtime=2, maxvsz=307200, maxrss=2392064, nvcsw=1, nivcsw=2 }</checker-stats-str>
      <input size="10">6084 3276
</input>
      <output size="6">42588
</output>
      <correct size="6">42588
</correct>
      <stderr size="61">Warning: cannot find your CPU L2 cache size in /proc/cpuinfo
</stderr>
      <checker size="3">OK
</checker>
    </test>
    <test num="7" status="OK" time="75" real-time="81" max-memory-used="30339072"  checker-comment="OK" >
  <program-stats-str>{ utime=52, stime=23, ptime=75, rtime=81, maxvsz=30339072, maxrss=27189248, nvcsw=1, nivcsw=11 }</program-stats-str>
  <checker-stats-str>{ utime=0, stime=0, ptime=0, rtime=2, maxvsz=307200, maxrss=2392064, nvcsw=1, nivcsw=1 }</checker-stats-str>
      <input size="8">597 333
</input>
      <output size="6">66267
</output>
      <correct size="6">66267
</correct>
      <stderr size="61">Warning: cannot find your CPU L2 cache size in /proc/cpuinfo
</stderr>
      <checker size="3">OK
</checker>
    </test>
    <test num="8" status="OK" time="72" real-time="78" max-memory-used="30339072"  checker-comment="OK" >
  <program-stats-str>{ utime=56, stime=16, ptime=72, rtime=78, maxvsz=30339072, maxrss=27172864, nvcsw=1, nivcsw=11 }</program-stats-str>
  <checker-stats-str>{ utime=0, stime=0, ptime=0, rtime=2, maxvsz=307200, maxrss=2392064, nvcsw=1, nivcsw=1 }</checker-stats-str>
      <input size="10">6312 3156
</input>
      <output size="5">6312
</output>
      <correct size="5">6312
</correct>
      <stderr size="61">Warning: cannot find your CPU L2 cache size in /proc/cpuinfo
</stderr>
      <checker size="3">OK
</checker>
    </test>
    <test num="9" status="OK" time="73" real-time="78" max-memory-used="30339072"  checker-comment="OK" >
  <program-stats-str>{ utime=55, stime=18, ptime=73, rtime=78, maxvsz=30339072, maxrss=27238400, nvcsw=1, nivcsw=12 }</program-stats-str>
  <checker-stats-str>{ utime=0, stime=0, ptime=0, rtime=1, maxvsz=307200, maxrss=2392064, nvcsw=1, nivcsw=1 }</checker-stats-str>
      <input size="10">6104 3488
</input>
      <output size="6">24416
</output>
      <correct size="6">24416
</correct>
      <stderr size="61">Warning: cannot find your CPU L2 cache size in /proc/cpuinfo
</stderr>
      <checker size="3">OK
</checker>
    </test>
    <test num="10" status="OK" time="73" real-time="79" max-memory-used="30339072"  checker-comment="OK" >
  <program-stats-str>{ utime=58, stime=15, ptime=73, rtime=79, maxvsz=30339072, maxrss=27308032, nvcsw=1, nivcsw=12 }</program-stats-str>
  <checker-stats-str>{ utime=0, stime=0, ptime=0, rtime=1, maxvsz=307200, maxrss=2392064, nvcsw=1, nivcsw=1 }</checker-stats-str>
      <input size="13">5964555 2020
</input>
      <output size="9">23858220
</output>
      <correct size="9">23858220
</correct>
      <stderr size="61">Warning: cannot find your CPU L2 cache size in /proc/cpuinfo
</stderr>
      <checker size="3">OK
</checker>
    </test>
    <test num="11" status="OK" time="73" real-time="81" max-memory-used="30339072"  checker-comment="OK" >
  <program-stats-str>{ utime=61, stime=12, ptime=73, rtime=81, maxvsz=30339072, maxrss=27086848, nvcsw=1, nivcsw=13 }</program-stats-str>
  <checker-stats-str>{ utime=0, stime=0, ptime=0, rtime=1, maxvsz=307200, maxrss=2392064, nvcsw=1, nivcsw=1 }</checker-stats-str>
      <input size="4">2 3
</input>
      <output size="2">6
</output>
      <correct size="2">6
</correct>
      <stderr size="61">Warning: cannot find your CPU L2 cache size in /proc/cpuinfo
</stderr>
      <checker size="3">OK
</checker>
    </test>
    <test num="12" status="OK" time="74" real-time="81" max-memory-used="30339072"  checker-comment="OK" >
  <program-stats-str>{ utime=63, stime=11, ptime=74, rtime=81, maxvsz=30339072, maxrss=27238400, nvcsw=1, nivcsw=15 }</program-stats-str>
  <checker-stats-str>{ utime=0, stime=0, ptime=0, rtime=1, maxvsz=307200, maxrss=2392064, nvcsw=1, nivcsw=1 }</checker-stats-str>
      <input size="5">6 21
</input>
      <output size="3">42
</output>
      <correct size="3">42
</correct>
      <stderr size="61">Warning: cannot find your CPU L2 cache size in /proc/cpuinfo
</stderr>
      <checker size="3">OK
</checker>
    </test>
  </tests>
</testing-report>
