Content-type: text/xml

<?xml version="1.0" encoding="utf-8"?>
<testing-report run-id="388" judge-id="20" status="TL" scoring="ACM" run-tests="52" contest-id="3100" real-time-available="yes" max-memory-used-available="yes" correct-available="yes" failed-test="52" time-limit-ms="2000" real-time-limit-ms="5000" marked-flag="no" >
  <uuid>bac7e7a0-ed5a-4160-bdc8-5ec4d9e9b4a7</uuid>
  <host>localhost.localdomain</host>
  <cpu-model>Intel(R) Pentium(R) CPU 3550M @ 2.30GHz</cpu-model>
  <cpu-mhz>2294.738</cpu-mhz>
  <compiler_output></compiler_output>
  <tests>
    <test num="1" status="OK" time="76" real-time="83" max-memory-used="30339072"  checker-comment="OK" >
  <program-stats-str>{ utime=57, stime=19, ptime=76, rtime=83, maxvsz=30339072, maxrss=27009024, nvcsw=1, nivcsw=17 }</program-stats-str>
  <checker-stats-str>{ utime=0, stime=0, ptime=0, rtime=1, maxvsz=307200, maxrss=2392064, nvcsw=1, nivcsw=1 }</checker-stats-str>
      <input size="2">2
</input>
      <output size="2">2
</output>
      <correct size="2">2
</correct>
      <stderr size="61">Warning: cannot find your CPU L2 cache size in /proc/cpuinfo
</stderr>
      <checker size="3">OK
</checker>
    </test>
    <test num="2" status="OK" time="72" real-time="78" max-memory-used="30339072"  checker-comment="OK" >
  <program-stats-str>{ utime=65, stime=7, ptime=72, rtime=78, maxvsz=30339072, maxrss=27197440, nvcsw=1, nivcsw=9 }</program-stats-str>
  <checker-stats-str>{ utime=0, stime=0, ptime=0, rtime=2, maxvsz=307200, maxrss=2392064, nvcsw=1, nivcsw=1 }</checker-stats-str>
      <input size="2">3
</input>
      <output size="2">3
</output>
      <correct size="2">3
</correct>
      <stderr size="61">Warning: cannot find your CPU L2 cache size in /proc/cpuinfo
</stderr>
      <checker size="3">OK
</checker>
    </test>
    <test num="3" status="OK" time="74" real-time="80" max-memory-used="30339072"  checker-comment="OK" >
  <program-stats-str>{ utime=64, stime=10, ptime=74, rtime=80, maxvsz=30339072, maxrss=27193344, nvcsw=1, nivcsw=10 }</program-stats-str>
  <checker-stats-str>{ utime=0, stime=0, ptime=0, rtime=1, maxvsz=307200, maxrss=2392064, nvcsw=1, nivcsw=1 }</checker-stats-str>
      <input size="2">4
</input>
      <output size="4">2
2
</output>
      <correct size="4">2 2
</correct>
      <stderr size="61">Warning: cannot find your CPU L2 cache size in /proc/cpuinfo
</stderr>
      <checker size="3">OK
</checker>
    </test>
    <test num="4" status="OK" time="72" real-time="76" max-memory-used="30339072"  checker-comment="OK" >
  <program-stats-str>{ utime=51, stime=21, ptime=72, rtime=76, maxvsz=30339072, maxrss=27095040, nvcsw=1, nivcsw=8 }</program-stats-str>
  <checker-stats-str>{ utime=0, stime=0, ptime=0, rtime=1, maxvsz=307200, maxrss=2392064, nvcsw=1, nivcsw=1 }</checker-stats-str>
      <input size="2">5
</input>
      <output size="2">5
</output>
      <correct size="2">5
</correct>
      <stderr size="61">Warning: cannot find your CPU L2 cache size in /proc/cpuinfo
</stderr>
      <checker size="3">OK
</checker>
    </test>
    <test num="5" status="OK" time="74" real-time="81" max-memory-used="30339072"  checker-comment="OK" >
  <program-stats-str>{ utime=67, stime=7, ptime=74, rtime=81, maxvsz=30339072, maxrss=27287552, nvcsw=1, nivcsw=13 }</program-stats-str>
  <checker-stats-str>{ utime=0, stime=0, ptime=0, rtime=2, maxvsz=307200, maxrss=2392064, nvcsw=1, nivcsw=1 }</checker-stats-str>
      <input size="2">6
</input>
      <output size="4">2
3
</output>
      <correct size="4">2 3
</correct>
      <stderr size="61">Warning: cannot find your CPU L2 cache size in /proc/cpuinfo
</stderr>
      <checker size="3">OK
</checker>
    </test>
    <test num="6" status="OK" time="69" real-time="78" max-memory-used="30339072"  checker-comment="OK" >
  <program-stats-str>{ utime=66, stime=3, ptime=69, rtime=78, maxvsz=30339072, maxrss=27148288, nvcsw=1, nivcsw=13 }</program-stats-str>
  <checker-stats-str>{ utime=0, stime=0, ptime=0, rtime=2, maxvsz=307200, maxrss=2392064, nvcsw=1, nivcsw=1 }</checker-stats-str>
      <input size="2">7
</input>
      <output size="2">7
</output>
      <correct size="2">7
</correct>
      <stderr size="61">Warning: cannot find your CPU L2 cache size in /proc/cpuinfo
</stderr>
      <checker size="3">OK
</checker>
    </test>
    <test num="7" status="OK" time="74" real-time="79" max-memory-used="30339072"  checker-comment="OK" >
  <program-stats-str>{ utime=67, stime=7, ptime=74, rtime=79, maxvsz=30339072, maxrss=27054080, nvcsw=1, nivcsw=11 }</program-stats-str>
  <checker-stats-str>{ utime=0, stime=0, ptime=0, rtime=1, maxvsz=307200, maxrss=2392064, nvcsw=1, nivcsw=1 }</checker-stats-str>
      <input size="2">8
</input>
      <output size="6">2
2
2
</output>
      <correct size="6">2 2 2
</correct>
      <stderr size="61">Warning: cannot find your CPU L2 cache size in /proc/cpuinfo
</stderr>
      <checker size="3">OK
</checker>
    </test>
    <test num="8" status="OK" time="74" real-time="77" max-memory-used="30339072"  checker-comment="OK" >
  <program-stats-str>{ utime=59, stime=15, ptime=74, rtime=77, maxvsz=30339072, maxrss=27009024, nvcsw=1, nivcsw=9 }</program-stats-str>
  <checker-stats-str>{ utime=0, stime=0, ptime=0, rtime=1, maxvsz=307200, maxrss=2392064, nvcsw=1, nivcsw=1 }</checker-stats-str>
      <input size="2">9
</input>
      <output size="4">3
3
</output>
      <correct size="4">3 3
</correct>
      <stderr size="61">Warning: cannot find your CPU L2 cache size in /proc/cpuinfo
</stderr>
      <checker size="3">OK
</checker>
    </test>
    <test num="9" status="OK" time="73" real-time="78" max-memory-used="30339072"  checker-comment="OK" >
  <program-stats-str>{ utime=70, stime=3, ptime=73, rtime=78, maxvsz=30339072, maxrss=27238400, nvcsw=1, nivcsw=10 }</program-stats-str>
  <checker-stats-str>{ utime=0, stime=0, ptime=0, rtime=2, maxvsz=307200, maxrss=2392064, nvcsw=1, nivcsw=1 }</checker-stats-str>
      <input size="3">10
</input>
      <output size="4">2
5
</output>
      <correct size="4">2 5
</correct>
      <stderr size="61">Warning: cannot find your CPU L2 cache size in /proc/cpuinfo
</stderr>
      <checker size="3">OK
</checker>
    </test>
    <test num="10" status="OK" time="72" real-time="78" max-memory-used="30339072"  checker-comment="OK" >
  <program-stats-str>{ utime=61, stime=11, ptime=72, rtime=78, maxvsz=30339072, maxrss=27193344, nvcsw=1, nivcsw=13 }</program-stats-str>
  <checker-stats-str>{ utime=0, stime=0, ptime=0, rtime=1, maxvsz=307200, maxrss=2392064, nvcsw=1, nivcsw=1 }</checker-stats-str>
      <input size="3">11
</input>
      <output size="3">11
</output>
      <correct size="3">11
</correct>
      <stderr size="61">Warning: cannot find your CPU L2 cache size in /proc/cpuinfo
</stderr>
      <checker size="3">OK
</checker>
    </test>
    <test num="11" status="OK" time="71" real-time="76" max-memory-used="30339072"  checker-comment="OK" >
  <program-stats-str>{ utime=68, stime=3, ptime=71, rtime=76, maxvsz=30339072, maxrss=27197440, nvcsw=1, nivcsw=10 }</program-stats-str>
  <checker-stats-str>{ utime=0, stime=0, ptime=0, rtime=1, maxvsz=307200, maxrss=2392064, nvcsw=1, nivcsw=1 }</checker-stats-str>
      <input size="3">12
</input>
      <output size="6">2
2
3
</output>
      <correct size="6">2 2 3
</correct>
      <stderr size="61">Warning: cannot find your CPU L2 cache size in /proc/cpuinfo
</stderr>
      <checker size="3">OK
</checker>
    </test>
    <test num="12" status="OK" time="72" real-time="79" max-memory-used="30339072"  checker-comment="OK" >
  <program-stats-str>{ utime=63, stime=9, ptime=72, rtime=79, maxvsz=30339072, maxrss=27054080, nvcsw=1, nivcsw=9 }</program-stats-str>
  <checker-stats-str>{ utime=0, stime=0, ptime=0, rtime=2, maxvsz=307200, maxrss=2392064, nvcsw=1, nivcsw=2 }</checker-stats-str>
      <input size="3">13
</input>
      <output size="3">13
</output>
      <correct size="3">13
</correct>
      <stderr size="61">Warning: cannot find your CPU L2 cache size in /proc/cpuinfo
</stderr>
      <checker size="3">OK
</checker>
    </test>
    <test num="13" status="OK" time="72" real-time="76" max-memory-used="30339072"  checker-comment="OK" >
  <program-stats-str>{ utime=61, stime=11, ptime=72, rtime=76, maxvsz=30339072, maxrss=27103232, nvcsw=1, nivcsw=11 }</program-stats-str>
  <checker-stats-str>{ utime=0, stime=0, ptime=0, rtime=1, maxvsz=307200, maxrss=2392064, nvcsw=1, nivcsw=1 }</checker-stats-str>
      <input size="3">14
</input>
      <output size="4">2
7
</output>
      <correct size="4">2 7
</correct>
      <stderr size="61">Warning: cannot find your CPU L2 cache size in /proc/cpuinfo
</stderr>
      <checker size="3">OK
</checker>
    </test>
    <test num="14" status="OK" time="69" real-time="80" max-memory-used="30339072"  checker-comment="OK" >
  <program-stats-str>{ utime=60, stime=9, ptime=69, rtime=80, maxvsz=30339072, maxrss=27279360, nvcsw=1, nivcsw=12 }</program-stats-str>
  <checker-stats-str>{ utime=0, stime=0, ptime=0, rtime=2, maxvsz=307200, maxrss=2392064, nvcsw=1, nivcsw=1 }</checker-stats-str>
      <input size="3">15
</input>
      <output size="4">3
5
</output>
      <correct size="4">3 5
</correct>
      <stderr size="61">Warning: cannot find your CPU L2 cache size in /proc/cpuinfo
</stderr>
      <checker size="3">OK
</checker>
    </test>
    <test num="15" status="OK" time="75" real-time="83" max-memory-used="30339072"  checker-comment="OK" >
  <program-stats-str>{ utime=50, stime=25, ptime=75, rtime=83, maxvsz=30339072, maxrss=27111424, nvcsw=1, nivcsw=14 }</program-stats-str>
  <checker-stats-str>{ utime=0, stime=0, ptime=0, rtime=2, maxvsz=307200, maxrss=2392064, nvcsw=1, nivcsw=1 }</checker-stats-str>
      <input size="3">16
</input>
      <output size="8">2
2
2
2
</output>
      <correct size="8">2 2 2 2
</correct>
      <stderr size="61">Warning: cannot find your CPU L2 cache size in /proc/cpuinfo
</stderr>
      <checker size="3">OK
</checker>
    </test>
    <test num="16" status="OK" time="71" real-time="76" max-memory-used="30339072"  checker-comment="OK" >
  <program-stats-str>{ utime=63, stime=8, ptime=71, rtime=76, maxvsz=30339072, maxrss=27058176, nvcsw=1, nivcsw=11 }</program-stats-str>
  <checker-stats-str>{ utime=0, stime=0, ptime=0, rtime=1, maxvsz=307200, maxrss=2392064, nvcsw=1, nivcsw=1 }</checker-stats-str>
      <input size="3">17
</input>
      <output size="3">17
</output>
      <correct size="3">17
</correct>
      <stderr size="61">Warning: cannot find your CPU L2 cache size in /proc/cpuinfo
</stderr>
      <checker size="3">OK
</checker>
    </test>
    <test num="17" status="OK" time="73" real-time="77" max-memory-used="30339072"  checker-comment="OK" >
  <program-stats-str>{ utime=64, stime=9, ptime=73, rtime=77, maxvsz=30339072, maxrss=27222016, nvcsw=1, nivcsw=10 }</program-stats-str>
  <checker-stats-str>{ utime=0, stime=0, ptime=0, rtime=2, maxvsz=307200, maxrss=2392064, nvcsw=1, nivcsw=1 }</checker-stats-str>
      <input size="3">18
</input>
      <output size="6">2
3
3
</output>
      <correct size="6">2 3 3
</correct>
      <stderr size="61">Warning: cannot find your CPU L2 cache size in /proc/cpuinfo
</stderr>
      <checker size="3">OK
</checker>
    </test>
    <test num="18" status="OK" time="73" real-time="77" max-memory-used="30339072"  checker-comment="OK" >
  <program-stats-str>{ utime=69, stime=4, ptime=73, rtime=77, maxvsz=30339072, maxrss=27193344, nvcsw=1, nivcsw=8 }</program-stats-str>
  <checker-stats-str>{ utime=0, stime=0, ptime=0, rtime=2, maxvsz=307200, maxrss=2392064, nvcsw=1, nivcsw=1 }</checker-stats-str>
      <input size="3">19
</input>
      <output size="3">19
</output>
      <correct size="3">19
</correct>
      <stderr size="61">Warning: cannot find your CPU L2 cache size in /proc/cpuinfo
</stderr>
      <checker size="3">OK
</checker>
    </test>
    <test num="19" status="OK" time="76" real-time="85" max-memory-used="30339072"  checker-comment="OK" >
  <program-stats-str>{ utime=67, stime=9, ptime=76, rtime=85, maxvsz=30339072, maxrss=27156480, nvcsw=1, nivcsw=14 }</program-stats-str>
  <checker-stats-str>{ utime=0, stime=0, ptime=0, rtime=2, maxvsz=307200, maxrss=2392064, nvcsw=1, nivcsw=1 }</checker-stats-str>
      <input size="3">20
</input>
      <output size="6">2
2
5
</output>
      <correct size="6">2 2 5
</correct>
      <stderr size="61">Warning: cannot find your CPU L2 cache size in /proc/cpuinfo
</stderr>
      <checker size="3">OK
</checker>
    </test>
    <test num="20" status="OK" time="74" real-time="78" max-memory-used="30339072"  checker-comment="OK" >
  <program-stats-str>{ utime=57, stime=17, ptime=74, rtime=78, maxvsz=30339072, maxrss=27234304, nvcsw=1, nivcsw=10 }</program-stats-str>
  <checker-stats-str>{ utime=0, stime=0, ptime=0, rtime=2, maxvsz=307200, maxrss=2392064, nvcsw=1, nivcsw=1 }</checker-stats-str>
      <input size="3">21
</input>
      <output size="4">3
7
</output>
      <correct size="4">3 7
</correct>
      <stderr size="61">Warning: cannot find your CPU L2 cache size in /proc/cpuinfo
</stderr>
      <checker size="3">OK
</checker>
    </test>
    <test num="21" status="OK" time="72" real-time="77" max-memory-used="30339072"  checker-comment="OK" >
  <program-stats-str>{ utime=60, stime=12, ptime=72, rtime=77, maxvsz=30339072, maxrss=27095040, nvcsw=1, nivcsw=10 }</program-stats-str>
  <checker-stats-str>{ utime=0, stime=0, ptime=0, rtime=1, maxvsz=307200, maxrss=2392064, nvcsw=1, nivcsw=1 }</checker-stats-str>
      <input size="3">22
</input>
      <output size="5">2
11
</output>
      <correct size="5">2 11
</correct>
      <stderr size="61">Warning: cannot find your CPU L2 cache size in /proc/cpuinfo
</stderr>
      <checker size="3">OK
</checker>
    </test>
    <test num="22" status="OK" time="73" real-time="78" max-memory-used="30339072"  checker-comment="OK" >
  <program-stats-str>{ utime=59, stime=14, ptime=73, rtime=78, maxvsz=30339072, maxrss=27238400, nvcsw=1, nivcsw=11 }</program-stats-str>
  <checker-stats-str>{ utime=0, stime=0, ptime=0, rtime=1, maxvsz=307200, maxrss=2392064, nvcsw=1, nivcsw=1 }</checker-stats-str>
      <input size="3">23
</input>
      <output size="3">23
</output>
      <correct size="3">23
</correct>
      <stderr size="61">Warning: cannot find your CPU L2 cache size in /proc/cpuinfo
</stderr>
      <checker size="3">OK
</checker>
    </test>
    <test num="23" status="OK" time="72" real-time="77" max-memory-used="30339072"  checker-comment="OK" >
  <program-stats-str>{ utime=56, stime=16, ptime=72, rtime=77, maxvsz=30339072, maxrss=27054080, nvcsw=1, nivcsw=10 }</program-stats-str>
  <checker-stats-str>{ utime=0, stime=0, ptime=0, rtime=2, maxvsz=307200, maxrss=2392064, nvcsw=1, nivcsw=1 }</checker-stats-str>
      <input size="3">24
</input>
      <output size="8">2
2
2
3
</output>
      <correct size="8">2 2 2 3
</correct>
      <stderr size="61">Warning: cannot find your CPU L2 cache size in /proc/cpuinfo
</stderr>
      <checker size="3">OK
</checker>
    </test>
    <test num="24" status="OK" time="74" real-time="84" max-memory-used="30339072"  checker-comment="OK" >
  <program-stats-str>{ utime=62, stime=12, ptime=74, rtime=84, maxvsz=30339072, maxrss=27049984, nvcsw=1, nivcsw=13 }</program-stats-str>
  <checker-stats-str>{ utime=0, stime=0, ptime=0, rtime=1, maxvsz=307200, maxrss=2392064, nvcsw=1, nivcsw=1 }</checker-stats-str>
      <input size="3">25
</input>
      <output size="4">5
5
</output>
      <correct size="4">5 5
</correct>
      <stderr size="61">Warning: cannot find your CPU L2 cache size in /proc/cpuinfo
</stderr>
      <checker size="3">OK
</checker>
    </test>
    <test num="25" status="OK" time="73" real-time="78" max-memory-used="30339072"  checker-comment="OK" >
  <program-stats-str>{ utime=58, stime=15, ptime=73, rtime=78, maxvsz=30339072, maxrss=27127808, nvcsw=1, nivcsw=13 }</program-stats-str>
  <checker-stats-str>{ utime=0, stime=0, ptime=0, rtime=1, maxvsz=307200, maxrss=2392064, nvcsw=1, nivcsw=1 }</checker-stats-str>
      <input size="3">26
</input>
      <output size="5">2
13
</output>
      <correct size="5">2 13
</correct>
      <stderr size="61">Warning: cannot find your CPU L2 cache size in /proc/cpuinfo
</stderr>
      <checker size="3">OK
</checker>
    </test>
    <test num="26" status="OK" time="73" real-time="77" max-memory-used="30339072"  checker-comment="OK" >
  <program-stats-str>{ utime=53, stime=20, ptime=73, rtime=77, maxvsz=30339072, maxrss=27127808, nvcsw=1, nivcsw=10 }</program-stats-str>
  <checker-stats-str>{ utime=0, stime=0, ptime=0, rtime=1, maxvsz=307200, maxrss=2392064, nvcsw=1, nivcsw=1 }</checker-stats-str>
      <input size="3">27
</input>
      <output size="6">3
3
3
</output>
      <correct size="6">3 3 3
</correct>
      <stderr size="61">Warning: cannot find your CPU L2 cache size in /proc/cpuinfo
</stderr>
      <checker size="3">OK
</checker>
    </test>
    <test num="27" status="OK" time="73" real-time="78" max-memory-used="30339072"  checker-comment="OK" >
  <program-stats-str>{ utime=67, stime=6, ptime=73, rtime=78, maxvsz=30339072, maxrss=26996736, nvcsw=1, nivcsw=10 }</program-stats-str>
  <checker-stats-str>{ utime=0, stime=0, ptime=0, rtime=2, maxvsz=307200, maxrss=2392064, nvcsw=1, nivcsw=1 }</checker-stats-str>
      <input size="3">28
</input>
      <output size="6">2
2
7
</output>
      <correct size="6">2 2 7
</correct>
      <stderr size="61">Warning: cannot find your CPU L2 cache size in /proc/cpuinfo
</stderr>
      <checker size="3">OK
</checker>
    </test>
    <test num="28" status="OK" time="72" real-time="78" max-memory-used="30339072"  checker-comment="OK" >
  <program-stats-str>{ utime=65, stime=7, ptime=72, rtime=78, maxvsz=30339072, maxrss=27156480, nvcsw=1, nivcsw=11 }</program-stats-str>
  <checker-stats-str>{ utime=0, stime=0, ptime=0, rtime=1, maxvsz=307200, maxrss=2392064, nvcsw=1, nivcsw=1 }</checker-stats-str>
      <input size="3">29
</input>
      <output size="3">29
</output>
      <correct size="3">29
</correct>
      <stderr size="61">Warning: cannot find your CPU L2 cache size in /proc/cpuinfo
</stderr>
      <checker size="3">OK
</checker>
    </test>
    <test num="29" status="OK" time="74" real-time="82" max-memory-used="30339072"  checker-comment="OK" >
  <program-stats-str>{ utime=60, stime=14, ptime=74, rtime=82, maxvsz=30339072, maxrss=27082752, nvcsw=1, nivcsw=13 }</program-stats-str>
  <checker-stats-str>{ utime=0, stime=0, ptime=0, rtime=2, maxvsz=307200, maxrss=2392064, nvcsw=1, nivcsw=1 }</checker-stats-str>
      <input size="3">30
</input>
      <output size="6">2
3
5
</output>
      <correct size="6">2 3 5
</correct>
      <stderr size="61">Warning: cannot find your CPU L2 cache size in /proc/cpuinfo
</stderr>
      <checker size="3">OK
</checker>
    </test>
    <test num="30" status="OK" time="72" real-time="76" max-memory-used="30339072"  checker-comment="OK" >
  <program-stats-str>{ utime=52, stime=20, ptime=72, rtime=76, maxvsz=30339072, maxrss=27152384, nvcsw=1, nivcsw=13 }</program-stats-str>
  <checker-stats-str>{ utime=0, stime=0, ptime=0, rtime=1, maxvsz=307200, maxrss=2392064, nvcsw=1, nivcsw=1 }</checker-stats-str>
      <input size="3">31
</input>
      <output size="3">31
</output>
      <correct size="3">31
</correct>
      <stderr size="61">Warning: cannot find your CPU L2 cache size in /proc/cpuinfo
</stderr>
      <checker size="3">OK
</checker>
    </test>
    <test num="31" status="OK" time="72" real-time="81" max-memory-used="30339072"  checker-comment="OK" >
  <program-stats-str>{ utime=56, stime=16, ptime=72, rtime=81, maxvsz=30339072, maxrss=27127808, nvcsw=1, nivcsw=11 }</program-stats-str>
  <checker-stats-str>{ utime=0, stime=0, ptime=0, rtime=1, maxvsz=307200, maxrss=2392064, nvcsw=1, nivcsw=1 }</checker-stats-str>
      <input size="3">32
</input>
      <output size="10">2
2
2
2
2
</output>
      <correct size="10">2 2 2 2 2
</correct>
      <stderr size="61">Warning: cannot find your CPU L2 cache size in /proc/cpuinfo
</stderr>
      <checker size="3">OK
</checker>
    </test>
    <test num="32" status="OK" time="72" real-time="77" max-memory-used="30339072"  checker-comment="OK" >
  <program-stats-str>{ utime=52, stime=20, ptime=72, rtime=77, maxvsz=30339072, maxrss=27058176, nvcsw=1, nivcsw=13 }</program-stats-str>
  <checker-stats-str>{ utime=0, stime=0, ptime=0, rtime=1, maxvsz=307200, maxrss=2392064, nvcsw=1, nivcsw=1 }</checker-stats-str>
      <input size="3">33
</input>
      <output size="5">3
11
</output>
      <correct size="5">3 11
</correct>
      <stderr size="61">Warning: cannot find your CPU L2 cache size in /proc/cpuinfo
</stderr>
      <checker size="3">OK
</checker>
    </test>
    <test num="33" status="OK" time="73" real-time="77" max-memory-used="30339072"  checker-comment="OK" >
  <program-stats-str>{ utime=64, stime=9, ptime=73, rtime=77, maxvsz=30339072, maxrss=27140096, nvcsw=1, nivcsw=11 }</program-stats-str>
  <checker-stats-str>{ utime=0, stime=0, ptime=0, rtime=2, maxvsz=307200, maxrss=2392064, nvcsw=1, nivcsw=1 }</checker-stats-str>
      <input size="3">34
</input>
      <output size="5">2
17
</output>
      <correct size="5">2 17
</correct>
      <stderr size="61">Warning: cannot find your CPU L2 cache size in /proc/cpuinfo
</stderr>
      <checker size="3">OK
</checker>
    </test>
    <test num="34" status="OK" time="71" real-time="81" max-memory-used="30339072"  checker-comment="OK" >
  <program-stats-str>{ utime=55, stime=16, ptime=71, rtime=81, maxvsz=30339072, maxrss=27148288, nvcsw=1, nivcsw=13 }</program-stats-str>
  <checker-stats-str>{ utime=0, stime=0, ptime=0, rtime=1, maxvsz=307200, maxrss=2392064, nvcsw=1, nivcsw=1 }</checker-stats-str>
      <input size="3">35
</input>
      <output size="4">5
7
</output>
      <correct size="4">5 7
</correct>
      <stderr size="61">Warning: cannot find your CPU L2 cache size in /proc/cpuinfo
</stderr>
      <checker size="3">OK
</checker>
    </test>
    <test num="35" status="OK" time="74" real-time="79" max-memory-used="30339072"  checker-comment="OK" >
  <program-stats-str>{ utime=74, stime=0, ptime=74, rtime=79, maxvsz=30339072, maxrss=27156480, nvcsw=1, nivcsw=10 }</program-stats-str>
  <checker-stats-str>{ utime=0, stime=0, ptime=0, rtime=1, maxvsz=307200, maxrss=2392064, nvcsw=1, nivcsw=1 }</checker-stats-str>
      <input size="3">36
</input>
      <output size="8">2
2
3
3
</output>
      <correct size="8">2 2 3 3
</correct>
      <stderr size="61">Warning: cannot find your CPU L2 cache size in /proc/cpuinfo
</stderr>
      <checker size="3">OK
</checker>
    </test>
    <test num="36" status="OK" time="73" real-time="79" max-memory-used="30339072"  checker-comment="OK" >
  <program-stats-str>{ utime=58, stime=15, ptime=73, rtime=79, maxvsz=30339072, maxrss=27160576, nvcsw=1, nivcsw=11 }</program-stats-str>
  <checker-stats-str>{ utime=0, stime=0, ptime=0, rtime=2, maxvsz=307200, maxrss=2392064, nvcsw=1, nivcsw=1 }</checker-stats-str>
      <input size="3">37
</input>
      <output size="3">37
</output>
      <correct size="3">37
</correct>
      <stderr size="61">Warning: cannot find your CPU L2 cache size in /proc/cpuinfo
</stderr>
      <checker size="3">OK
</checker>
    </test>
    <test num="37" status="OK" time="73" real-time="77" max-memory-used="30339072"  checker-comment="OK" >
  <program-stats-str>{ utime=65, stime=8, ptime=73, rtime=77, maxvsz=30339072, maxrss=27058176, nvcsw=1, nivcsw=13 }</program-stats-str>
  <checker-stats-str>{ utime=0, stime=0, ptime=0, rtime=2, maxvsz=307200, maxrss=2392064, nvcsw=1, nivcsw=1 }</checker-stats-str>
      <input size="3">38
</input>
      <output size="5">2
19
</output>
      <correct size="5">2 19
</correct>
      <stderr size="61">Warning: cannot find your CPU L2 cache size in /proc/cpuinfo
</stderr>
      <checker size="3">OK
</checker>
    </test>
    <test num="38" status="OK" time="73" real-time="79" max-memory-used="30339072"  checker-comment="OK" >
  <program-stats-str>{ utime=63, stime=10, ptime=73, rtime=79, maxvsz=30339072, maxrss=27074560, nvcsw=1, nivcsw=14 }</program-stats-str>
  <checker-stats-str>{ utime=0, stime=0, ptime=0, rtime=2, maxvsz=307200, maxrss=2392064, nvcsw=1, nivcsw=1 }</checker-stats-str>
      <input size="3">39
</input>
      <output size="5">3
13
</output>
      <correct size="5">3 13
</correct>
      <stderr size="61">Warning: cannot find your CPU L2 cache size in /proc/cpuinfo
</stderr>
      <checker size="3">OK
</checker>
    </test>
    <test num="39" status="OK" time="74" real-time="80" max-memory-used="30339072"  checker-comment="OK" >
  <program-stats-str>{ utime=72, stime=2, ptime=74, rtime=80, maxvsz=30339072, maxrss=27099136, nvcsw=1, nivcsw=13 }</program-stats-str>
  <checker-stats-str>{ utime=0, stime=0, ptime=0, rtime=2, maxvsz=307200, maxrss=2392064, nvcsw=1, nivcsw=1 }</checker-stats-str>
      <input size="3">40
</input>
      <output size="8">2
2
2
5
</output>
      <correct size="8">2 2 2 5
</correct>
      <stderr size="61">Warning: cannot find your CPU L2 cache size in /proc/cpuinfo
</stderr>
      <checker size="3">OK
</checker>
    </test>
    <test num="40" status="OK" time="74" real-time="79" max-memory-used="30339072"  checker-comment="OK" >
  <program-stats-str>{ utime=57, stime=17, ptime=74, rtime=79, maxvsz=30339072, maxrss=27238400, nvcsw=1, nivcsw=11 }</program-stats-str>
  <checker-stats-str>{ utime=0, stime=0, ptime=0, rtime=2, maxvsz=307200, maxrss=2392064, nvcsw=1, nivcsw=1 }</checker-stats-str>
      <input size="3">41
</input>
      <output size="3">41
</output>
      <correct size="3">41
</correct>
      <stderr size="61">Warning: cannot find your CPU L2 cache size in /proc/cpuinfo
</stderr>
      <checker size="3">OK
</checker>
    </test>
    <test num="41" status="OK" time="72" real-time="77" max-memory-used="30339072"  checker-comment="OK" >
  <program-stats-str>{ utime=52, stime=20, ptime=72, rtime=77, maxvsz=30339072, maxrss=27107328, nvcsw=1, nivcsw=12 }</program-stats-str>
  <checker-stats-str>{ utime=0, stime=0, ptime=0, rtime=1, maxvsz=307200, maxrss=2392064, nvcsw=1, nivcsw=1 }</checker-stats-str>
      <input size="3">42
</input>
      <output size="6">2
3
7
</output>
      <correct size="6">2 3 7
</correct>
      <stderr size="61">Warning: cannot find your CPU L2 cache size in /proc/cpuinfo
</stderr>
      <checker size="3">OK
</checker>
    </test>
    <test num="42" status="OK" time="73" real-time="77" max-memory-used="30339072"  checker-comment="OK" >
  <program-stats-str>{ utime=57, stime=16, ptime=73, rtime=77, maxvsz=30339072, maxrss=27013120, nvcsw=1, nivcsw=13 }</program-stats-str>
  <checker-stats-str>{ utime=0, stime=0, ptime=0, rtime=1, maxvsz=307200, maxrss=2392064, nvcsw=1, nivcsw=1 }</checker-stats-str>
      <input size="3">43
</input>
      <output size="3">43
</output>
      <correct size="3">43
</correct>
      <stderr size="61">Warning: cannot find your CPU L2 cache size in /proc/cpuinfo
</stderr>
      <checker size="3">OK
</checker>
    </test>
    <test num="43" status="OK" time="71" real-time="78" max-memory-used="30339072"  checker-comment="OK" >
  <program-stats-str>{ utime=62, stime=9, ptime=71, rtime=78, maxvsz=30339072, maxrss=27152384, nvcsw=1, nivcsw=12 }</program-stats-str>
  <checker-stats-str>{ utime=0, stime=0, ptime=0, rtime=1, maxvsz=307200, maxrss=2392064, nvcsw=1, nivcsw=1 }</checker-stats-str>
      <input size="3">44
</input>
      <output size="7">2
2
11
</output>
      <correct size="7">2 2 11
</correct>
      <stderr size="61">Warning: cannot find your CPU L2 cache size in /proc/cpuinfo
</stderr>
      <checker size="3">OK
</checker>
    </test>
    <test num="44" status="OK" time="72" real-time="79" max-memory-used="30339072"  checker-comment="OK" >
  <program-stats-str>{ utime=63, stime=9, ptime=72, rtime=79, maxvsz=30339072, maxrss=27127808, nvcsw=1, nivcsw=13 }</program-stats-str>
  <checker-stats-str>{ utime=0, stime=0, ptime=0, rtime=2, maxvsz=307200, maxrss=2392064, nvcsw=1, nivcsw=1 }</checker-stats-str>
      <input size="3">45
</input>
      <output size="6">3
3
5
</output>
      <correct size="6">3 3 5
</correct>
      <stderr size="61">Warning: cannot find your CPU L2 cache size in /proc/cpuinfo
</stderr>
      <checker size="3">OK
</checker>
    </test>
    <test num="45" status="OK" time="73" real-time="78" max-memory-used="30339072"  checker-comment="OK" >
  <program-stats-str>{ utime=67, stime=6, ptime=73, rtime=78, maxvsz=30339072, maxrss=27049984, nvcsw=1, nivcsw=13 }</program-stats-str>
  <checker-stats-str>{ utime=0, stime=0, ptime=0, rtime=1, maxvsz=307200, maxrss=2392064, nvcsw=1, nivcsw=1 }</checker-stats-str>
      <input size="3">46
</input>
      <output size="5">2
23
</output>
      <correct size="5">2 23
</correct>
      <stderr size="61">Warning: cannot find your CPU L2 cache size in /proc/cpuinfo
</stderr>
      <checker size="3">OK
</checker>
    </test>
    <test num="46" status="OK" time="73" real-time="78" max-memory-used="30339072"  checker-comment="OK" >
  <program-stats-str>{ utime=49, stime=24, ptime=73, rtime=78, maxvsz=30339072, maxrss=27054080, nvcsw=1, nivcsw=10 }</program-stats-str>
  <checker-stats-str>{ utime=0, stime=0, ptime=0, rtime=2, maxvsz=307200, maxrss=2392064, nvcsw=1, nivcsw=1 }</checker-stats-str>
      <input size="3">47
</input>
      <output size="3">47
</output>
      <correct size="3">47
</correct>
      <stderr size="61">Warning: cannot find your CPU L2 cache size in /proc/cpuinfo
</stderr>
      <checker size="3">OK
</checker>
    </test>
    <test num="47" status="OK" time="74" real-time="78" max-memory-used="30339072"  checker-comment="OK" >
  <program-stats-str>{ utime=40, stime=34, ptime=74, rtime=78, maxvsz=30339072, maxrss=27045888, nvcsw=1, nivcsw=11 }</program-stats-str>
  <checker-stats-str>{ utime=0, stime=0, ptime=0, rtime=2, maxvsz=307200, maxrss=2392064, nvcsw=1, nivcsw=1 }</checker-stats-str>
      <input size="3">48
</input>
      <output size="10">2
2
2
2
3
</output>
      <correct size="10">2 2 2 2 3
</correct>
      <stderr size="61">Warning: cannot find your CPU L2 cache size in /proc/cpuinfo
</stderr>
      <checker size="3">OK
</checker>
    </test>
    <test num="48" status="OK" time="73" real-time="77" max-memory-used="30339072"  checker-comment="OK" >
  <program-stats-str>{ utime=51, stime=22, ptime=73, rtime=77, maxvsz=30339072, maxrss=27107328, nvcsw=1, nivcsw=9 }</program-stats-str>
  <checker-stats-str>{ utime=1, stime=0, ptime=1, rtime=3, maxvsz=307200, maxrss=2392064, nvcsw=1, nivcsw=2 }</checker-stats-str>
      <input size="3">49
</input>
      <output size="4">7
7
</output>
      <correct size="4">7 7
</correct>
      <stderr size="61">Warning: cannot find your CPU L2 cache size in /proc/cpuinfo
</stderr>
      <checker size="3">OK
</checker>
    </test>
    <test num="49" status="OK" time="142" real-time="149" max-memory-used="47890432"  checker-comment="OK" >
  <program-stats-str>{ utime=131, stime=11, ptime=142, rtime=149, maxvsz=47890432, maxrss=27615232, nvcsw=1, nivcsw=20 }</program-stats-str>
  <checker-stats-str>{ utime=0, stime=0, ptime=0, rtime=2, maxvsz=307200, maxrss=2392064, nvcsw=1, nivcsw=1 }</checker-stats-str>
      <input size="8">7893863
</input>
      <output size="8">7893863
</output>
      <correct size="8">7893863
</correct>
      <stderr size="61">Warning: cannot find your CPU L2 cache size in /proc/cpuinfo
</stderr>
      <checker size="3">OK
</checker>
    </test>
    <test num="50" status="OK" time="111" real-time="123" max-memory-used="47890432"  checker-comment="OK" >
  <program-stats-str>{ utime=100, stime=11, ptime=111, rtime=123, maxvsz=47890432, maxrss=27426816, nvcsw=1, nivcsw=19 }</program-stats-str>
  <checker-stats-str>{ utime=0, stime=0, ptime=0, rtime=1, maxvsz=307200, maxrss=2392064, nvcsw=1, nivcsw=1 }</checker-stats-str>
      <input size="8">4535647
</input>
      <output size="8">4535647
</output>
      <correct size="8">4535647
</correct>
      <stderr size="61">Warning: cannot find your CPU L2 cache size in /proc/cpuinfo
</stderr>
      <checker size="3">OK
</checker>
    </test>
    <test num="51" status="OK" time="154" real-time="164" max-memory-used="47890432"  checker-comment="OK" >
  <program-stats-str>{ utime=139, stime=15, ptime=154, rtime=164, maxvsz=47890432, maxrss=27701248, nvcsw=1, nivcsw=18 }</program-stats-str>
  <checker-stats-str>{ utime=0, stime=0, ptime=0, rtime=2, maxvsz=307200, maxrss=2392064, nvcsw=1, nivcsw=1 }</checker-stats-str>
      <input size="8">9584947
</input>
      <output size="8">9584947
</output>
      <correct size="8">9584947
</correct>
      <stderr size="61">Warning: cannot find your CPU L2 cache size in /proc/cpuinfo
</stderr>
      <checker size="3">OK
</checker>
    </test>
    <test num="52" status="TL" time="2017" real-time="2100" max-memory-used="48025600" >
  <program-stats-str>{ utime=1850, stime=167, ptime=2017, rtime=2100, maxvsz=48025600, maxrss=27291648, nvcsw=1, nivcsw=133 }</program-stats-str>
      <input size="11">1173473527
</input>
      <output size="0"></output>
      <stderr size="61">Warning: cannot find your CPU L2 cache size in /proc/cpuinfo
</stderr>
    </test>
  </tests>
</testing-report>
