Content-type: text/xml

<?xml version="1.0" encoding="utf-8"?>
<testing-report run-id="394" judge-id="26" status="TL" scoring="ACM" run-tests="55" contest-id="3100" real-time-available="yes" max-memory-used-available="yes" correct-available="yes" failed-test="55" time-limit-ms="2000" real-time-limit-ms="5000" marked-flag="no" >
  <uuid>80d92484-7d64-4ebc-97b1-9a0500e541e4</uuid>
  <host>localhost.localdomain</host>
  <cpu-model>Intel(R) Pentium(R) CPU 3550M @ 2.30GHz</cpu-model>
  <cpu-mhz>2294.738</cpu-mhz>
  <compiler_output></compiler_output>
  <tests>
    <test num="1" status="OK" time="82" real-time="900" max-memory-used="47890432"  checker-comment="OK" >
  <program-stats-str>{ utime=67, stime=15, ptime=82, rtime=900, maxvsz=47890432, maxrss=27848704, nvcsw=9, nivcsw=23 }</program-stats-str>
  <checker-stats-str>{ utime=0, stime=0, ptime=0, rtime=1, maxvsz=307200, maxrss=2445312, nvcsw=1, nivcsw=1 }</checker-stats-str>
      <input size="2">2
</input>
      <output size="2">2
</output>
      <correct size="2">2
</correct>
      <stderr size="61">Warning: cannot find your CPU L2 cache size in /proc/cpuinfo
</stderr>
      <checker size="3">OK
</checker>
    </test>
    <test num="2" status="OK" time="75" real-time="80" max-memory-used="30339072"  checker-comment="OK" >
  <program-stats-str>{ utime=67, stime=8, ptime=75, rtime=80, maxvsz=30339072, maxrss=27840512, nvcsw=1, nivcsw=10 }</program-stats-str>
  <checker-stats-str>{ utime=0, stime=0, ptime=0, rtime=2, maxvsz=307200, maxrss=2445312, nvcsw=1, nivcsw=1 }</checker-stats-str>
      <input size="2">3
</input>
      <output size="2">3
</output>
      <correct size="2">3
</correct>
      <stderr size="61">Warning: cannot find your CPU L2 cache size in /proc/cpuinfo
</stderr>
      <checker size="3">OK
</checker>
    </test>
    <test num="3" status="OK" time="76" real-time="104" max-memory-used="30339072"  checker-comment="OK" >
  <program-stats-str>{ utime=71, stime=5, ptime=76, rtime=104, maxvsz=30339072, maxrss=27865088, nvcsw=2, nivcsw=15 }</program-stats-str>
  <checker-stats-str>{ utime=0, stime=0, ptime=0, rtime=1, maxvsz=307200, maxrss=2445312, nvcsw=1, nivcsw=1 }</checker-stats-str>
      <input size="2">4
</input>
      <output size="4">2 2
</output>
      <correct size="4">2 2
</correct>
      <stderr size="61">Warning: cannot find your CPU L2 cache size in /proc/cpuinfo
</stderr>
      <checker size="3">OK
</checker>
    </test>
    <test num="4" status="OK" time="78" real-time="83" max-memory-used="30339072"  checker-comment="OK" >
  <program-stats-str>{ utime=76, stime=2, ptime=78, rtime=83, maxvsz=30339072, maxrss=27860992, nvcsw=1, nivcsw=11 }</program-stats-str>
  <checker-stats-str>{ utime=0, stime=0, ptime=0, rtime=1, maxvsz=307200, maxrss=2445312, nvcsw=1, nivcsw=1 }</checker-stats-str>
      <input size="2">5
</input>
      <output size="2">5
</output>
      <correct size="2">5
</correct>
      <stderr size="61">Warning: cannot find your CPU L2 cache size in /proc/cpuinfo
</stderr>
      <checker size="3">OK
</checker>
    </test>
    <test num="5" status="OK" time="76" real-time="82" max-memory-used="30339072"  checker-comment="OK" >
  <program-stats-str>{ utime=68, stime=8, ptime=76, rtime=82, maxvsz=30339072, maxrss=27779072, nvcsw=1, nivcsw=10 }</program-stats-str>
  <checker-stats-str>{ utime=0, stime=0, ptime=0, rtime=2, maxvsz=307200, maxrss=2445312, nvcsw=1, nivcsw=1 }</checker-stats-str>
      <input size="2">6
</input>
      <output size="4">2 3
</output>
      <correct size="4">2 3
</correct>
      <stderr size="61">Warning: cannot find your CPU L2 cache size in /proc/cpuinfo
</stderr>
      <checker size="3">OK
</checker>
    </test>
    <test num="6" status="OK" time="74" real-time="82" max-memory-used="30339072"  checker-comment="OK" >
  <program-stats-str>{ utime=68, stime=6, ptime=74, rtime=82, maxvsz=30339072, maxrss=27762688, nvcsw=1, nivcsw=12 }</program-stats-str>
  <checker-stats-str>{ utime=0, stime=0, ptime=0, rtime=2, maxvsz=307200, maxrss=2445312, nvcsw=1, nivcsw=1 }</checker-stats-str>
      <input size="2">7
</input>
      <output size="2">7
</output>
      <correct size="2">7
</correct>
      <stderr size="61">Warning: cannot find your CPU L2 cache size in /proc/cpuinfo
</stderr>
      <checker size="3">OK
</checker>
    </test>
    <test num="7" status="OK" time="74" real-time="81" max-memory-used="30339072"  checker-comment="OK" >
  <program-stats-str>{ utime=63, stime=11, ptime=74, rtime=81, maxvsz=30339072, maxrss=27856896, nvcsw=1, nivcsw=15 }</program-stats-str>
  <checker-stats-str>{ utime=0, stime=0, ptime=0, rtime=2, maxvsz=307200, maxrss=2445312, nvcsw=1, nivcsw=1 }</checker-stats-str>
      <input size="2">8
</input>
      <output size="6">2 2 2
</output>
      <correct size="6">2 2 2
</correct>
      <stderr size="61">Warning: cannot find your CPU L2 cache size in /proc/cpuinfo
</stderr>
      <checker size="3">OK
</checker>
    </test>
    <test num="8" status="OK" time="74" real-time="80" max-memory-used="30339072"  checker-comment="OK" >
  <program-stats-str>{ utime=60, stime=14, ptime=74, rtime=80, maxvsz=30339072, maxrss=27815936, nvcsw=1, nivcsw=12 }</program-stats-str>
  <checker-stats-str>{ utime=0, stime=0, ptime=0, rtime=1, maxvsz=307200, maxrss=2445312, nvcsw=1, nivcsw=1 }</checker-stats-str>
      <input size="2">9
</input>
      <output size="4">3 3
</output>
      <correct size="4">3 3
</correct>
      <stderr size="61">Warning: cannot find your CPU L2 cache size in /proc/cpuinfo
</stderr>
      <checker size="3">OK
</checker>
    </test>
    <test num="9" status="OK" time="82" real-time="95" max-memory-used="30339072"  checker-comment="OK" >
  <program-stats-str>{ utime=77, stime=5, ptime=82, rtime=95, maxvsz=30339072, maxrss=27762688, nvcsw=1, nivcsw=13 }</program-stats-str>
  <checker-stats-str>{ utime=0, stime=0, ptime=0, rtime=1, maxvsz=307200, maxrss=2445312, nvcsw=1, nivcsw=1 }</checker-stats-str>
      <input size="3">10
</input>
      <output size="4">2 5
</output>
      <correct size="4">2 5
</correct>
      <stderr size="61">Warning: cannot find your CPU L2 cache size in /proc/cpuinfo
</stderr>
      <checker size="3">OK
</checker>
    </test>
    <test num="10" status="OK" time="72" real-time="78" max-memory-used="30339072"  checker-comment="OK" >
  <program-stats-str>{ utime=63, stime=9, ptime=72, rtime=78, maxvsz=30339072, maxrss=27766784, nvcsw=1, nivcsw=9 }</program-stats-str>
  <checker-stats-str>{ utime=0, stime=0, ptime=0, rtime=1, maxvsz=307200, maxrss=2445312, nvcsw=1, nivcsw=2 }</checker-stats-str>
      <input size="3">11
</input>
      <output size="3">11
</output>
      <correct size="3">11
</correct>
      <stderr size="61">Warning: cannot find your CPU L2 cache size in /proc/cpuinfo
</stderr>
      <checker size="3">OK
</checker>
    </test>
    <test num="11" status="OK" time="75" real-time="80" max-memory-used="30339072"  checker-comment="OK" >
  <program-stats-str>{ utime=72, stime=3, ptime=75, rtime=80, maxvsz=30339072, maxrss=27779072, nvcsw=1, nivcsw=11 }</program-stats-str>
  <checker-stats-str>{ utime=0, stime=0, ptime=0, rtime=2, maxvsz=307200, maxrss=2445312, nvcsw=1, nivcsw=1 }</checker-stats-str>
      <input size="3">12
</input>
      <output size="6">2 2 3
</output>
      <correct size="6">2 2 3
</correct>
      <stderr size="61">Warning: cannot find your CPU L2 cache size in /proc/cpuinfo
</stderr>
      <checker size="3">OK
</checker>
    </test>
    <test num="12" status="OK" time="78" real-time="86" max-memory-used="30339072"  checker-comment="OK" >
  <program-stats-str>{ utime=67, stime=11, ptime=78, rtime=86, maxvsz=30339072, maxrss=27762688, nvcsw=1, nivcsw=11 }</program-stats-str>
  <checker-stats-str>{ utime=0, stime=0, ptime=0, rtime=2, maxvsz=307200, maxrss=2445312, nvcsw=1, nivcsw=1 }</checker-stats-str>
      <input size="3">13
</input>
      <output size="3">13
</output>
      <correct size="3">13
</correct>
      <stderr size="61">Warning: cannot find your CPU L2 cache size in /proc/cpuinfo
</stderr>
      <checker size="3">OK
</checker>
    </test>
    <test num="13" status="OK" time="76" real-time="85" max-memory-used="30339072"  checker-comment="OK" >
  <program-stats-str>{ utime=61, stime=15, ptime=76, rtime=85, maxvsz=30339072, maxrss=27803648, nvcsw=1, nivcsw=14 }</program-stats-str>
  <checker-stats-str>{ utime=0, stime=0, ptime=0, rtime=2, maxvsz=307200, maxrss=2445312, nvcsw=1, nivcsw=1 }</checker-stats-str>
      <input size="3">14
</input>
      <output size="4">2 7
</output>
      <correct size="4">2 7
</correct>
      <stderr size="61">Warning: cannot find your CPU L2 cache size in /proc/cpuinfo
</stderr>
      <checker size="3">OK
</checker>
    </test>
    <test num="14" status="OK" time="75" real-time="82" max-memory-used="30339072"  checker-comment="OK" >
  <program-stats-str>{ utime=65, stime=10, ptime=75, rtime=82, maxvsz=30339072, maxrss=27820032, nvcsw=1, nivcsw=9 }</program-stats-str>
  <checker-stats-str>{ utime=0, stime=0, ptime=0, rtime=1, maxvsz=307200, maxrss=2445312, nvcsw=1, nivcsw=1 }</checker-stats-str>
      <input size="3">15
</input>
      <output size="4">3 5
</output>
      <correct size="4">3 5
</correct>
      <stderr size="61">Warning: cannot find your CPU L2 cache size in /proc/cpuinfo
</stderr>
      <checker size="3">OK
</checker>
    </test>
    <test num="15" status="OK" time="77" real-time="84" max-memory-used="30339072"  checker-comment="OK" >
  <program-stats-str>{ utime=62, stime=15, ptime=77, rtime=84, maxvsz=30339072, maxrss=27811840, nvcsw=1, nivcsw=12 }</program-stats-str>
  <checker-stats-str>{ utime=0, stime=0, ptime=0, rtime=2, maxvsz=307200, maxrss=2445312, nvcsw=1, nivcsw=1 }</checker-stats-str>
      <input size="3">16
</input>
      <output size="8">2 2 2 2
</output>
      <correct size="8">2 2 2 2
</correct>
      <stderr size="61">Warning: cannot find your CPU L2 cache size in /proc/cpuinfo
</stderr>
      <checker size="3">OK
</checker>
    </test>
    <test num="16" status="OK" time="76" real-time="83" max-memory-used="30339072"  checker-comment="OK" >
  <program-stats-str>{ utime=60, stime=16, ptime=76, rtime=83, maxvsz=30339072, maxrss=27881472, nvcsw=1, nivcsw=15 }</program-stats-str>
  <checker-stats-str>{ utime=0, stime=0, ptime=0, rtime=2, maxvsz=307200, maxrss=2445312, nvcsw=1, nivcsw=1 }</checker-stats-str>
      <input size="3">17
</input>
      <output size="3">17
</output>
      <correct size="3">17
</correct>
      <stderr size="61">Warning: cannot find your CPU L2 cache size in /proc/cpuinfo
</stderr>
      <checker size="3">OK
</checker>
    </test>
    <test num="17" status="OK" time="74" real-time="85" max-memory-used="30339072"  checker-comment="OK" >
  <program-stats-str>{ utime=57, stime=17, ptime=74, rtime=85, maxvsz=30339072, maxrss=27758592, nvcsw=1, nivcsw=12 }</program-stats-str>
  <checker-stats-str>{ utime=0, stime=0, ptime=0, rtime=2, maxvsz=307200, maxrss=2445312, nvcsw=1, nivcsw=1 }</checker-stats-str>
      <input size="3">18
</input>
      <output size="6">2 3 3
</output>
      <correct size="6">2 3 3
</correct>
      <stderr size="61">Warning: cannot find your CPU L2 cache size in /proc/cpuinfo
</stderr>
      <checker size="3">OK
</checker>
    </test>
    <test num="18" status="OK" time="76" real-time="82" max-memory-used="30339072"  checker-comment="OK" >
  <program-stats-str>{ utime=70, stime=6, ptime=76, rtime=82, maxvsz=30339072, maxrss=27795456, nvcsw=1, nivcsw=11 }</program-stats-str>
  <checker-stats-str>{ utime=0, stime=0, ptime=0, rtime=2, maxvsz=307200, maxrss=2445312, nvcsw=1, nivcsw=1 }</checker-stats-str>
      <input size="3">19
</input>
      <output size="3">19
</output>
      <correct size="3">19
</correct>
      <stderr size="61">Warning: cannot find your CPU L2 cache size in /proc/cpuinfo
</stderr>
      <checker size="3">OK
</checker>
    </test>
    <test num="19" status="OK" time="75" real-time="81" max-memory-used="30339072"  checker-comment="OK" >
  <program-stats-str>{ utime=62, stime=13, ptime=75, rtime=81, maxvsz=30339072, maxrss=27865088, nvcsw=1, nivcsw=11 }</program-stats-str>
  <checker-stats-str>{ utime=0, stime=0, ptime=0, rtime=2, maxvsz=307200, maxrss=2445312, nvcsw=1, nivcsw=1 }</checker-stats-str>
      <input size="3">20
</input>
      <output size="6">2 2 5
</output>
      <correct size="6">2 2 5
</correct>
      <stderr size="61">Warning: cannot find your CPU L2 cache size in /proc/cpuinfo
</stderr>
      <checker size="3">OK
</checker>
    </test>
    <test num="20" status="OK" time="73" real-time="80" max-memory-used="30339072"  checker-comment="OK" >
  <program-stats-str>{ utime=56, stime=17, ptime=73, rtime=80, maxvsz=30339072, maxrss=27832320, nvcsw=1, nivcsw=11 }</program-stats-str>
  <checker-stats-str>{ utime=0, stime=0, ptime=0, rtime=1, maxvsz=307200, maxrss=2445312, nvcsw=1, nivcsw=1 }</checker-stats-str>
      <input size="3">21
</input>
      <output size="4">3 7
</output>
      <correct size="4">3 7
</correct>
      <stderr size="61">Warning: cannot find your CPU L2 cache size in /proc/cpuinfo
</stderr>
      <checker size="3">OK
</checker>
    </test>
    <test num="21" status="OK" time="80" real-time="90" max-memory-used="30339072"  checker-comment="OK" >
  <program-stats-str>{ utime=74, stime=6, ptime=80, rtime=90, maxvsz=30339072, maxrss=27770880, nvcsw=1, nivcsw=23 }</program-stats-str>
  <checker-stats-str>{ utime=0, stime=0, ptime=0, rtime=1, maxvsz=307200, maxrss=2445312, nvcsw=1, nivcsw=1 }</checker-stats-str>
      <input size="3">22
</input>
      <output size="5">2 11
</output>
      <correct size="5">2 11
</correct>
      <stderr size="61">Warning: cannot find your CPU L2 cache size in /proc/cpuinfo
</stderr>
      <checker size="3">OK
</checker>
    </test>
    <test num="22" status="OK" time="85" real-time="102" max-memory-used="30339072"  checker-comment="OK" >
  <program-stats-str>{ utime=72, stime=13, ptime=85, rtime=102, maxvsz=30339072, maxrss=27807744, nvcsw=1, nivcsw=26 }</program-stats-str>
  <checker-stats-str>{ utime=0, stime=0, ptime=0, rtime=2, maxvsz=307200, maxrss=2445312, nvcsw=1, nivcsw=1 }</checker-stats-str>
      <input size="3">23
</input>
      <output size="3">23
</output>
      <correct size="3">23
</correct>
      <stderr size="61">Warning: cannot find your CPU L2 cache size in /proc/cpuinfo
</stderr>
      <checker size="3">OK
</checker>
    </test>
    <test num="23" status="OK" time="73" real-time="81" max-memory-used="30339072"  checker-comment="OK" >
  <program-stats-str>{ utime=71, stime=2, ptime=73, rtime=81, maxvsz=30339072, maxrss=27860992, nvcsw=1, nivcsw=10 }</program-stats-str>
  <checker-stats-str>{ utime=1, stime=0, ptime=1, rtime=2, maxvsz=307200, maxrss=2445312, nvcsw=1, nivcsw=2 }</checker-stats-str>
      <input size="3">24
</input>
      <output size="8">2 2 2 3
</output>
      <correct size="8">2 2 2 3
</correct>
      <stderr size="61">Warning: cannot find your CPU L2 cache size in /proc/cpuinfo
</stderr>
      <checker size="3">OK
</checker>
    </test>
    <test num="24" status="OK" time="75" real-time="80" max-memory-used="30339072"  checker-comment="OK" >
  <program-stats-str>{ utime=52, stime=23, ptime=75, rtime=80, maxvsz=30339072, maxrss=27774976, nvcsw=1, nivcsw=12 }</program-stats-str>
  <checker-stats-str>{ utime=0, stime=0, ptime=0, rtime=1, maxvsz=307200, maxrss=2445312, nvcsw=1, nivcsw=1 }</checker-stats-str>
      <input size="3">25
</input>
      <output size="4">5 5
</output>
      <correct size="4">5 5
</correct>
      <stderr size="61">Warning: cannot find your CPU L2 cache size in /proc/cpuinfo
</stderr>
      <checker size="3">OK
</checker>
    </test>
    <test num="25" status="OK" time="75" real-time="85" max-memory-used="30339072"  checker-comment="OK" >
  <program-stats-str>{ utime=58, stime=17, ptime=75, rtime=85, maxvsz=30339072, maxrss=27860992, nvcsw=1, nivcsw=9 }</program-stats-str>
  <checker-stats-str>{ utime=0, stime=0, ptime=0, rtime=1, maxvsz=307200, maxrss=2445312, nvcsw=1, nivcsw=1 }</checker-stats-str>
      <input size="3">26
</input>
      <output size="5">2 13
</output>
      <correct size="5">2 13
</correct>
      <stderr size="61">Warning: cannot find your CPU L2 cache size in /proc/cpuinfo
</stderr>
      <checker size="3">OK
</checker>
    </test>
    <test num="26" status="OK" time="77" real-time="82" max-memory-used="30339072"  checker-comment="OK" >
  <program-stats-str>{ utime=70, stime=7, ptime=77, rtime=82, maxvsz=30339072, maxrss=27774976, nvcsw=1, nivcsw=10 }</program-stats-str>
  <checker-stats-str>{ utime=0, stime=0, ptime=0, rtime=2, maxvsz=307200, maxrss=2445312, nvcsw=1, nivcsw=2 }</checker-stats-str>
      <input size="3">27
</input>
      <output size="6">3 3 3
</output>
      <correct size="6">3 3 3
</correct>
      <stderr size="61">Warning: cannot find your CPU L2 cache size in /proc/cpuinfo
</stderr>
      <checker size="3">OK
</checker>
    </test>
    <test num="27" status="OK" time="73" real-time="78" max-memory-used="30339072"  checker-comment="OK" >
  <program-stats-str>{ utime=65, stime=8, ptime=73, rtime=78, maxvsz=30339072, maxrss=27820032, nvcsw=1, nivcsw=10 }</program-stats-str>
  <checker-stats-str>{ utime=0, stime=0, ptime=0, rtime=1, maxvsz=307200, maxrss=2445312, nvcsw=1, nivcsw=1 }</checker-stats-str>
      <input size="3">28
</input>
      <output size="6">2 2 7
</output>
      <correct size="6">2 2 7
</correct>
      <stderr size="61">Warning: cannot find your CPU L2 cache size in /proc/cpuinfo
</stderr>
      <checker size="3">OK
</checker>
    </test>
    <test num="28" status="OK" time="79" real-time="87" max-memory-used="30339072"  checker-comment="OK" >
  <program-stats-str>{ utime=63, stime=16, ptime=79, rtime=87, maxvsz=30339072, maxrss=27738112, nvcsw=1, nivcsw=19 }</program-stats-str>
  <checker-stats-str>{ utime=0, stime=0, ptime=0, rtime=1, maxvsz=307200, maxrss=2445312, nvcsw=1, nivcsw=1 }</checker-stats-str>
      <input size="3">29
</input>
      <output size="3">29
</output>
      <correct size="3">29
</correct>
      <stderr size="61">Warning: cannot find your CPU L2 cache size in /proc/cpuinfo
</stderr>
      <checker size="3">OK
</checker>
    </test>
    <test num="29" status="OK" time="85" real-time="99" max-memory-used="30339072"  checker-comment="OK" >
  <program-stats-str>{ utime=75, stime=10, ptime=85, rtime=99, maxvsz=30339072, maxrss=27910144, nvcsw=1, nivcsw=27 }</program-stats-str>
  <checker-stats-str>{ utime=0, stime=0, ptime=0, rtime=2, maxvsz=307200, maxrss=2445312, nvcsw=1, nivcsw=1 }</checker-stats-str>
      <input size="3">30
</input>
      <output size="6">2 3 5
</output>
      <correct size="6">2 3 5
</correct>
      <stderr size="61">Warning: cannot find your CPU L2 cache size in /proc/cpuinfo
</stderr>
      <checker size="3">OK
</checker>
    </test>
    <test num="30" status="OK" time="84" real-time="101" max-memory-used="30339072"  checker-comment="OK" >
  <program-stats-str>{ utime=71, stime=13, ptime=84, rtime=101, maxvsz=30339072, maxrss=27869184, nvcsw=1, nivcsw=21 }</program-stats-str>
  <checker-stats-str>{ utime=0, stime=0, ptime=0, rtime=2, maxvsz=307200, maxrss=2445312, nvcsw=1, nivcsw=2 }</checker-stats-str>
      <input size="3">31
</input>
      <output size="3">31
</output>
      <correct size="3">31
</correct>
      <stderr size="61">Warning: cannot find your CPU L2 cache size in /proc/cpuinfo
</stderr>
      <checker size="3">OK
</checker>
    </test>
    <test num="31" status="OK" time="77" real-time="84" max-memory-used="30339072"  checker-comment="OK" >
  <program-stats-str>{ utime=57, stime=20, ptime=77, rtime=84, maxvsz=30339072, maxrss=27815936, nvcsw=1, nivcsw=15 }</program-stats-str>
  <checker-stats-str>{ utime=0, stime=0, ptime=0, rtime=2, maxvsz=307200, maxrss=2445312, nvcsw=1, nivcsw=1 }</checker-stats-str>
      <input size="3">32
</input>
      <output size="10">2 2 2 2 2
</output>
      <correct size="10">2 2 2 2 2
</correct>
      <stderr size="61">Warning: cannot find your CPU L2 cache size in /proc/cpuinfo
</stderr>
      <checker size="3">OK
</checker>
    </test>
    <test num="32" status="OK" time="76" real-time="81" max-memory-used="30339072"  checker-comment="OK" >
  <program-stats-str>{ utime=57, stime=19, ptime=76, rtime=81, maxvsz=30339072, maxrss=27770880, nvcsw=1, nivcsw=11 }</program-stats-str>
  <checker-stats-str>{ utime=0, stime=0, ptime=0, rtime=1, maxvsz=307200, maxrss=2445312, nvcsw=1, nivcsw=1 }</checker-stats-str>
      <input size="3">33
</input>
      <output size="5">3 11
</output>
      <correct size="5">3 11
</correct>
      <stderr size="61">Warning: cannot find your CPU L2 cache size in /proc/cpuinfo
</stderr>
      <checker size="3">OK
</checker>
    </test>
    <test num="33" status="OK" time="72" real-time="78" max-memory-used="30339072"  checker-comment="OK" >
  <program-stats-str>{ utime=72, stime=0, ptime=72, rtime=78, maxvsz=30339072, maxrss=27856896, nvcsw=1, nivcsw=10 }</program-stats-str>
  <checker-stats-str>{ utime=0, stime=0, ptime=0, rtime=1, maxvsz=307200, maxrss=2445312, nvcsw=1, nivcsw=1 }</checker-stats-str>
      <input size="3">34
</input>
      <output size="5">2 17
</output>
      <correct size="5">2 17
</correct>
      <stderr size="61">Warning: cannot find your CPU L2 cache size in /proc/cpuinfo
</stderr>
      <checker size="3">OK
</checker>
    </test>
    <test num="34" status="OK" time="74" real-time="80" max-memory-used="30339072"  checker-comment="OK" >
  <program-stats-str>{ utime=68, stime=6, ptime=74, rtime=80, maxvsz=30339072, maxrss=27762688, nvcsw=1, nivcsw=11 }</program-stats-str>
  <checker-stats-str>{ utime=0, stime=0, ptime=0, rtime=2, maxvsz=307200, maxrss=2445312, nvcsw=1, nivcsw=1 }</checker-stats-str>
      <input size="3">35
</input>
      <output size="4">5 7
</output>
      <correct size="4">5 7
</correct>
      <stderr size="61">Warning: cannot find your CPU L2 cache size in /proc/cpuinfo
</stderr>
      <checker size="3">OK
</checker>
    </test>
    <test num="35" status="OK" time="77" real-time="85" max-memory-used="30339072"  checker-comment="OK" >
  <program-stats-str>{ utime=55, stime=22, ptime=77, rtime=85, maxvsz=30339072, maxrss=27811840, nvcsw=1, nivcsw=18 }</program-stats-str>
  <checker-stats-str>{ utime=0, stime=0, ptime=0, rtime=2, maxvsz=307200, maxrss=2445312, nvcsw=1, nivcsw=1 }</checker-stats-str>
      <input size="3">36
</input>
      <output size="8">2 2 3 3
</output>
      <correct size="8">2 2 3 3
</correct>
      <stderr size="61">Warning: cannot find your CPU L2 cache size in /proc/cpuinfo
</stderr>
      <checker size="3">OK
</checker>
    </test>
    <test num="36" status="OK" time="89" real-time="102" max-memory-used="30339072"  checker-comment="OK" >
  <program-stats-str>{ utime=77, stime=12, ptime=89, rtime=102, maxvsz=30339072, maxrss=27832320, nvcsw=1, nivcsw=26 }</program-stats-str>
  <checker-stats-str>{ utime=0, stime=0, ptime=0, rtime=1, maxvsz=307200, maxrss=2445312, nvcsw=1, nivcsw=1 }</checker-stats-str>
      <input size="3">37
</input>
      <output size="3">37
</output>
      <correct size="3">37
</correct>
      <stderr size="61">Warning: cannot find your CPU L2 cache size in /proc/cpuinfo
</stderr>
      <checker size="3">OK
</checker>
    </test>
    <test num="37" status="OK" time="78" real-time="90" max-memory-used="30339072"  checker-comment="OK" >
  <program-stats-str>{ utime=62, stime=16, ptime=78, rtime=90, maxvsz=30339072, maxrss=27828224, nvcsw=1, nivcsw=15 }</program-stats-str>
  <checker-stats-str>{ utime=0, stime=0, ptime=0, rtime=1, maxvsz=307200, maxrss=2445312, nvcsw=1, nivcsw=2 }</checker-stats-str>
      <input size="3">38
</input>
      <output size="5">2 19
</output>
      <correct size="5">2 19
</correct>
      <stderr size="61">Warning: cannot find your CPU L2 cache size in /proc/cpuinfo
</stderr>
      <checker size="3">OK
</checker>
    </test>
    <test num="38" status="OK" time="74" real-time="80" max-memory-used="30339072"  checker-comment="OK" >
  <program-stats-str>{ utime=71, stime=3, ptime=74, rtime=80, maxvsz=30339072, maxrss=27820032, nvcsw=1, nivcsw=9 }</program-stats-str>
  <checker-stats-str>{ utime=0, stime=0, ptime=0, rtime=2, maxvsz=307200, maxrss=2445312, nvcsw=1, nivcsw=1 }</checker-stats-str>
      <input size="3">39
</input>
      <output size="5">3 13
</output>
      <correct size="5">3 13
</correct>
      <stderr size="61">Warning: cannot find your CPU L2 cache size in /proc/cpuinfo
</stderr>
      <checker size="3">OK
</checker>
    </test>
    <test num="39" status="OK" time="72" real-time="79" max-memory-used="30339072"  checker-comment="OK" >
  <program-stats-str>{ utime=72, stime=0, ptime=72, rtime=79, maxvsz=30339072, maxrss=27774976, nvcsw=1, nivcsw=11 }</program-stats-str>
  <checker-stats-str>{ utime=0, stime=0, ptime=0, rtime=1, maxvsz=307200, maxrss=2445312, nvcsw=1, nivcsw=2 }</checker-stats-str>
      <input size="3">40
</input>
      <output size="8">2 2 2 5
</output>
      <correct size="8">2 2 2 5
</correct>
      <stderr size="61">Warning: cannot find your CPU L2 cache size in /proc/cpuinfo
</stderr>
      <checker size="3">OK
</checker>
    </test>
    <test num="40" status="OK" time="76" real-time="83" max-memory-used="30339072"  checker-comment="OK" >
  <program-stats-str>{ utime=65, stime=11, ptime=76, rtime=83, maxvsz=30339072, maxrss=27766784, nvcsw=1, nivcsw=9 }</program-stats-str>
  <checker-stats-str>{ utime=0, stime=0, ptime=0, rtime=2, maxvsz=307200, maxrss=2445312, nvcsw=1, nivcsw=1 }</checker-stats-str>
      <input size="3">41
</input>
      <output size="3">41
</output>
      <correct size="3">41
</correct>
      <stderr size="61">Warning: cannot find your CPU L2 cache size in /proc/cpuinfo
</stderr>
      <checker size="3">OK
</checker>
    </test>
    <test num="41" status="OK" time="74" real-time="79" max-memory-used="30339072"  checker-comment="OK" >
  <program-stats-str>{ utime=74, stime=0, ptime=74, rtime=79, maxvsz=30339072, maxrss=27774976, nvcsw=1, nivcsw=12 }</program-stats-str>
  <checker-stats-str>{ utime=0, stime=0, ptime=0, rtime=2, maxvsz=307200, maxrss=2445312, nvcsw=1, nivcsw=2 }</checker-stats-str>
      <input size="3">42
</input>
      <output size="6">2 3 7
</output>
      <correct size="6">2 3 7
</correct>
      <stderr size="61">Warning: cannot find your CPU L2 cache size in /proc/cpuinfo
</stderr>
      <checker size="3">OK
</checker>
    </test>
    <test num="42" status="OK" time="74" real-time="79" max-memory-used="30339072"  checker-comment="OK" >
  <program-stats-str>{ utime=68, stime=6, ptime=74, rtime=79, maxvsz=30339072, maxrss=27787264, nvcsw=1, nivcsw=8 }</program-stats-str>
  <checker-stats-str>{ utime=0, stime=0, ptime=0, rtime=2, maxvsz=307200, maxrss=2445312, nvcsw=1, nivcsw=1 }</checker-stats-str>
      <input size="3">43
</input>
      <output size="3">43
</output>
      <correct size="3">43
</correct>
      <stderr size="61">Warning: cannot find your CPU L2 cache size in /proc/cpuinfo
</stderr>
      <checker size="3">OK
</checker>
    </test>
    <test num="43" status="OK" time="72" real-time="78" max-memory-used="30339072"  checker-comment="OK" >
  <program-stats-str>{ utime=69, stime=3, ptime=72, rtime=78, maxvsz=30339072, maxrss=27803648, nvcsw=1, nivcsw=13 }</program-stats-str>
  <checker-stats-str>{ utime=0, stime=0, ptime=0, rtime=2, maxvsz=307200, maxrss=2445312, nvcsw=1, nivcsw=1 }</checker-stats-str>
      <input size="3">44
</input>
      <output size="7">2 2 11
</output>
      <correct size="7">2 2 11
</correct>
      <stderr size="61">Warning: cannot find your CPU L2 cache size in /proc/cpuinfo
</stderr>
      <checker size="3">OK
</checker>
    </test>
    <test num="44" status="OK" time="74" real-time="86" max-memory-used="30339072"  checker-comment="OK" >
  <program-stats-str>{ utime=72, stime=2, ptime=74, rtime=86, maxvsz=30339072, maxrss=27766784, nvcsw=1, nivcsw=12 }</program-stats-str>
  <checker-stats-str>{ utime=0, stime=0, ptime=0, rtime=2, maxvsz=307200, maxrss=2445312, nvcsw=1, nivcsw=1 }</checker-stats-str>
      <input size="3">45
</input>
      <output size="6">3 3 5
</output>
      <correct size="6">3 3 5
</correct>
      <stderr size="61">Warning: cannot find your CPU L2 cache size in /proc/cpuinfo
</stderr>
      <checker size="3">OK
</checker>
    </test>
    <test num="45" status="OK" time="78" real-time="83" max-memory-used="30339072"  checker-comment="OK" >
  <program-stats-str>{ utime=68, stime=10, ptime=78, rtime=83, maxvsz=30339072, maxrss=27774976, nvcsw=1, nivcsw=13 }</program-stats-str>
  <checker-stats-str>{ utime=0, stime=0, ptime=0, rtime=2, maxvsz=307200, maxrss=2445312, nvcsw=1, nivcsw=1 }</checker-stats-str>
      <input size="3">46
</input>
      <output size="5">2 23
</output>
      <correct size="5">2 23
</correct>
      <stderr size="61">Warning: cannot find your CPU L2 cache size in /proc/cpuinfo
</stderr>
      <checker size="3">OK
</checker>
    </test>
    <test num="46" status="OK" time="75" real-time="80" max-memory-used="30339072"  checker-comment="OK" >
  <program-stats-str>{ utime=71, stime=4, ptime=75, rtime=80, maxvsz=30339072, maxrss=27770880, nvcsw=1, nivcsw=9 }</program-stats-str>
  <checker-stats-str>{ utime=0, stime=0, ptime=0, rtime=2, maxvsz=307200, maxrss=2445312, nvcsw=1, nivcsw=2 }</checker-stats-str>
      <input size="3">47
</input>
      <output size="3">47
</output>
      <correct size="3">47
</correct>
      <stderr size="61">Warning: cannot find your CPU L2 cache size in /proc/cpuinfo
</stderr>
      <checker size="3">OK
</checker>
    </test>
    <test num="47" status="OK" time="76" real-time="104" max-memory-used="30339072"  checker-comment="OK" >
  <program-stats-str>{ utime=69, stime=7, ptime=76, rtime=104, maxvsz=30339072, maxrss=27852800, nvcsw=2, nivcsw=13 }</program-stats-str>
  <checker-stats-str>{ utime=0, stime=0, ptime=0, rtime=2, maxvsz=307200, maxrss=2445312, nvcsw=1, nivcsw=1 }</checker-stats-str>
      <input size="3">48
</input>
      <output size="10">2 2 2 2 3
</output>
      <correct size="10">2 2 2 2 3
</correct>
      <stderr size="61">Warning: cannot find your CPU L2 cache size in /proc/cpuinfo
</stderr>
      <checker size="3">OK
</checker>
    </test>
    <test num="48" status="OK" time="85" real-time="98" max-memory-used="30339072"  checker-comment="OK" >
  <program-stats-str>{ utime=76, stime=9, ptime=85, rtime=98, maxvsz=30339072, maxrss=27779072, nvcsw=1, nivcsw=11 }</program-stats-str>
  <checker-stats-str>{ utime=0, stime=0, ptime=0, rtime=1, maxvsz=307200, maxrss=2445312, nvcsw=1, nivcsw=1 }</checker-stats-str>
      <input size="3">49
</input>
      <output size="4">7 7
</output>
      <correct size="4">7 7
</correct>
      <stderr size="61">Warning: cannot find your CPU L2 cache size in /proc/cpuinfo
</stderr>
      <checker size="3">OK
</checker>
    </test>
    <test num="49" status="OK" time="127" real-time="254" max-memory-used="48025600"  checker-comment="OK" >
  <program-stats-str>{ utime=105, stime=22, ptime=127, rtime=254, maxvsz=48025600, maxrss=28262400, nvcsw=2, nivcsw=15 }</program-stats-str>
  <checker-stats-str>{ utime=0, stime=0, ptime=0, rtime=2, maxvsz=307200, maxrss=2445312, nvcsw=1, nivcsw=1 }</checker-stats-str>
      <input size="8">7893863
</input>
      <output size="8">7893863
</output>
      <correct size="8">7893863
</correct>
      <stderr size="61">Warning: cannot find your CPU L2 cache size in /proc/cpuinfo
</stderr>
      <checker size="3">OK
</checker>
    </test>
    <test num="50" status="OK" time="106" real-time="112" max-memory-used="48025600"  checker-comment="OK" >
  <program-stats-str>{ utime=106, stime=0, ptime=106, rtime=112, maxvsz=48025600, maxrss=28262400, nvcsw=1, nivcsw=15 }</program-stats-str>
  <checker-stats-str>{ utime=0, stime=0, ptime=0, rtime=1, maxvsz=307200, maxrss=2445312, nvcsw=1, nivcsw=1 }</checker-stats-str>
      <input size="8">4535647
</input>
      <output size="8">4535647
</output>
      <correct size="8">4535647
</correct>
      <stderr size="61">Warning: cannot find your CPU L2 cache size in /proc/cpuinfo
</stderr>
      <checker size="3">OK
</checker>
    </test>
    <test num="51" status="OK" time="132" real-time="141" max-memory-used="48025600"  checker-comment="OK" >
  <program-stats-str>{ utime=120, stime=12, ptime=132, rtime=141, maxvsz=48025600, maxrss=28295168, nvcsw=1, nivcsw=19 }</program-stats-str>
  <checker-stats-str>{ utime=0, stime=0, ptime=0, rtime=1, maxvsz=307200, maxrss=2445312, nvcsw=1, nivcsw=1 }</checker-stats-str>
      <input size="8">9584947
</input>
      <output size="8">9584947
</output>
      <correct size="8">9584947
</correct>
      <stderr size="61">Warning: cannot find your CPU L2 cache size in /proc/cpuinfo
</stderr>
      <checker size="3">OK
</checker>
    </test>
    <test num="52" status="OK" time="83" real-time="96" max-memory-used="30339072"  checker-comment="OK" >
  <program-stats-str>{ utime=72, stime=11, ptime=83, rtime=96, maxvsz=30339072, maxrss=28540928, nvcsw=1, nivcsw=12 }</program-stats-str>
  <checker-stats-str>{ utime=0, stime=0, ptime=0, rtime=2, maxvsz=307200, maxrss=2445312, nvcsw=1, nivcsw=1 }</checker-stats-str>
      <input size="11">1173473527
</input>
      <output size="12">34253 34259
</output>
      <correct size="12">34253 34259
</correct>
      <stderr size="61">Warning: cannot find your CPU L2 cache size in /proc/cpuinfo
</stderr>
      <checker size="3">OK
</checker>
    </test>
    <test num="53" status="OK" time="81" real-time="85" max-memory-used="30339072"  checker-comment="OK" >
  <program-stats-str>{ utime=72, stime=9, ptime=81, rtime=85, maxvsz=30339072, maxrss=28667904, nvcsw=1, nivcsw=10 }</program-stats-str>
  <checker-stats-str>{ utime=0, stime=0, ptime=0, rtime=2, maxvsz=307200, maxrss=2445312, nvcsw=1, nivcsw=1 }</checker-stats-str>
      <input size="10">742017599
</input>
      <output size="12">27239 27241
</output>
      <correct size="12">27239 27241
</correct>
      <stderr size="61">Warning: cannot find your CPU L2 cache size in /proc/cpuinfo
</stderr>
      <checker size="3">OK
</checker>
    </test>
    <test num="54" status="OK" time="81" real-time="86" max-memory-used="30339072"  checker-comment="OK" >
  <program-stats-str>{ utime=81, stime=0, ptime=81, rtime=86, maxvsz=30339072, maxrss=28590080, nvcsw=1, nivcsw=10 }</program-stats-str>
  <checker-stats-str>{ utime=0, stime=0, ptime=0, rtime=2, maxvsz=307200, maxrss=2445312, nvcsw=1, nivcsw=1 }</checker-stats-str>
      <input size="11">2047833973
</input>
      <output size="12">45247 45259
</output>
      <correct size="12">45247 45259
</correct>
      <stderr size="61">Warning: cannot find your CPU L2 cache size in /proc/cpuinfo
</stderr>
      <checker size="3">OK
</checker>
    </test>
    <test num="55" status="TL" time="2039" real-time="2115" max-memory-used="48025600" >
  <program-stats-str>{ utime=1886, stime=153, ptime=2039, rtime=2115, maxvsz=48025600, maxrss=27680768, nvcsw=1, nivcsw=133 }</program-stats-str>
      <input size="11">1859483971
</input>
      <output size="0"></output>
      <stderr size="61">Warning: cannot find your CPU L2 cache size in /proc/cpuinfo
</stderr>
    </test>
  </tests>
</testing-report>
