Content-type: text/xml

<?xml version="1.0" encoding="utf-8"?>
<testing-report run-id="381" judge-id="13" status="WA" scoring="ACM" run-tests="1" contest-id="3100" real-time-available="yes" max-memory-used-available="yes" correct-available="yes" failed-test="1" time-limit-ms="2000" real-time-limit-ms="5000" marked-flag="no" >
  <uuid>ee1980a1-086d-4bb0-a11e-4f8e15426bca</uuid>
  <host>localhost.localdomain</host>
  <cpu-model>Intel(R) Pentium(R) CPU 3550M @ 2.30GHz</cpu-model>
  <cpu-mhz>2294.738</cpu-mhz>
  <compiler_output></compiler_output>
  <tests>
    <test num="1" status="WA" time="26" real-time="29" max-memory-used="307200"  checker-comment="Too few numbers in the output" >
  <program-stats-str>{ utime=22, stime=4, ptime=26, rtime=29, maxvsz=307200, maxrss=6311936, nvcsw=1, nivcsw=5 }</program-stats-str>
  <checker-stats-str>{ utime=0, stime=0, ptime=0, rtime=2, maxvsz=307200, maxrss=2727936, nvcsw=1, nivcsw=2 }</checker-stats-str>
      <input size="2">2
</input>
      <output size="1">
</output>
      <correct size="2">2
</correct>
      <stderr size="0"></stderr>
      <checker size="30">Too few numbers in the output
</checker>
    </test>
  </tests>
</testing-report>
