Content-type: text/xml

<?xml version="1.0" encoding="utf-8"?>
<testing-report run-id="393" judge-id="25" status="OK" scoring="ACM" run-tests="82" contest-id="3100" real-time-available="yes" max-memory-used-available="yes" correct-available="yes" time-limit-ms="2000" real-time-limit-ms="5000" marked-flag="no" >
  <uuid>23b68c54-72f4-484c-a67d-3ea274eaa100</uuid>
  <host>localhost.localdomain</host>
  <cpu-model>Intel(R) Pentium(R) CPU 3550M @ 2.30GHz</cpu-model>
  <cpu-mhz>2294.738</cpu-mhz>
  <compiler_output></compiler_output>
  <tests>
    <test num="1" status="OK" time="89" real-time="118" max-memory-used="47755264"  checker-comment="OK" >
  <program-stats-str>{ utime=74, stime=15, ptime=89, rtime=118, maxvsz=47755264, maxrss=27156480, nvcsw=1, nivcsw=26 }</program-stats-str>
  <checker-stats-str>{ utime=0, stime=1, ptime=1, rtime=4, maxvsz=307200, maxrss=2445312, nvcsw=1, nivcsw=1 }</checker-stats-str>
      <input size="2">2
</input>
      <output size="2">2
</output>
      <correct size="2">2
</correct>
      <stderr size="61">Warning: cannot find your CPU L2 cache size in /proc/cpuinfo
</stderr>
      <checker size="3">OK
</checker>
    </test>
    <test num="2" status="OK" time="80" real-time="89" max-memory-used="30339072"  checker-comment="OK" >
  <program-stats-str>{ utime=65, stime=15, ptime=80, rtime=89, maxvsz=30339072, maxrss=27217920, nvcsw=1, nivcsw=17 }</program-stats-str>
  <checker-stats-str>{ utime=0, stime=0, ptime=0, rtime=1, maxvsz=307200, maxrss=2445312, nvcsw=1, nivcsw=1 }</checker-stats-str>
      <input size="2">3
</input>
      <output size="2">3
</output>
      <correct size="2">3
</correct>
      <stderr size="61">Warning: cannot find your CPU L2 cache size in /proc/cpuinfo
</stderr>
      <checker size="3">OK
</checker>
    </test>
    <test num="3" status="OK" time="82" real-time="95" max-memory-used="30339072"  checker-comment="OK" >
  <program-stats-str>{ utime=78, stime=4, ptime=82, rtime=95, maxvsz=30339072, maxrss=27176960, nvcsw=1, nivcsw=16 }</program-stats-str>
  <checker-stats-str>{ utime=0, stime=2, ptime=2, rtime=3, maxvsz=307200, maxrss=2445312, nvcsw=1, nivcsw=2 }</checker-stats-str>
      <input size="2">4
</input>
      <output size="4">2
2
</output>
      <correct size="4">2 2
</correct>
      <stderr size="61">Warning: cannot find your CPU L2 cache size in /proc/cpuinfo
</stderr>
      <checker size="3">OK
</checker>
    </test>
    <test num="4" status="OK" time="105" real-time="137" max-memory-used="47353856"  checker-comment="OK" >
  <program-stats-str>{ utime=91, stime=14, ptime=105, rtime=137, maxvsz=47353856, maxrss=27209728, nvcsw=1, nivcsw=34 }</program-stats-str>
  <checker-stats-str>{ utime=0, stime=0, ptime=0, rtime=2, maxvsz=307200, maxrss=2445312, nvcsw=1, nivcsw=1 }</checker-stats-str>
      <input size="2">5
</input>
      <output size="2">5
</output>
      <correct size="2">5
</correct>
      <stderr size="61">Warning: cannot find your CPU L2 cache size in /proc/cpuinfo
</stderr>
      <checker size="3">OK
</checker>
    </test>
    <test num="5" status="OK" time="91" real-time="123" max-memory-used="47489024"  checker-comment="OK" >
  <program-stats-str>{ utime=81, stime=10, ptime=91, rtime=123, maxvsz=47489024, maxrss=27217920, nvcsw=1, nivcsw=26 }</program-stats-str>
  <checker-stats-str>{ utime=0, stime=0, ptime=0, rtime=2, maxvsz=307200, maxrss=2445312, nvcsw=1, nivcsw=1 }</checker-stats-str>
      <input size="2">6
</input>
      <output size="4">2
3
</output>
      <correct size="4">2 3
</correct>
      <stderr size="61">Warning: cannot find your CPU L2 cache size in /proc/cpuinfo
</stderr>
      <checker size="3">OK
</checker>
    </test>
    <test num="6" status="OK" time="93" real-time="126" max-memory-used="47353856"  checker-comment="OK" >
  <program-stats-str>{ utime=84, stime=9, ptime=93, rtime=126, maxvsz=47353856, maxrss=27136000, nvcsw=1, nivcsw=17 }</program-stats-str>
  <checker-stats-str>{ utime=0, stime=1, ptime=1, rtime=2, maxvsz=307200, maxrss=2445312, nvcsw=1, nivcsw=2 }</checker-stats-str>
      <input size="2">7
</input>
      <output size="2">7
</output>
      <correct size="2">7
</correct>
      <stderr size="61">Warning: cannot find your CPU L2 cache size in /proc/cpuinfo
</stderr>
      <checker size="3">OK
</checker>
    </test>
    <test num="7" status="OK" time="82" real-time="90" max-memory-used="30339072"  checker-comment="OK" >
  <program-stats-str>{ utime=69, stime=13, ptime=82, rtime=90, maxvsz=30339072, maxrss=27168768, nvcsw=1, nivcsw=12 }</program-stats-str>
  <checker-stats-str>{ utime=0, stime=0, ptime=0, rtime=1, maxvsz=307200, maxrss=2445312, nvcsw=1, nivcsw=1 }</checker-stats-str>
      <input size="2">8
</input>
      <output size="6">2
2
2
</output>
      <correct size="6">2 2 2
</correct>
      <stderr size="61">Warning: cannot find your CPU L2 cache size in /proc/cpuinfo
</stderr>
      <checker size="3">OK
</checker>
    </test>
    <test num="8" status="OK" time="80" real-time="85" max-memory-used="30339072"  checker-comment="OK" >
  <program-stats-str>{ utime=72, stime=8, ptime=80, rtime=85, maxvsz=30339072, maxrss=27258880, nvcsw=1, nivcsw=10 }</program-stats-str>
  <checker-stats-str>{ utime=0, stime=0, ptime=0, rtime=1, maxvsz=307200, maxrss=2445312, nvcsw=1, nivcsw=1 }</checker-stats-str>
      <input size="2">9
</input>
      <output size="4">3
3
</output>
      <correct size="4">3 3
</correct>
      <stderr size="61">Warning: cannot find your CPU L2 cache size in /proc/cpuinfo
</stderr>
      <checker size="3">OK
</checker>
    </test>
    <test num="9" status="OK" time="82" real-time="202" max-memory-used="47890432"  checker-comment="OK" >
  <program-stats-str>{ utime=74, stime=8, ptime=82, rtime=202, maxvsz=47890432, maxrss=27176960, nvcsw=2, nivcsw=24 }</program-stats-str>
  <checker-stats-str>{ utime=0, stime=0, ptime=0, rtime=1, maxvsz=307200, maxrss=2445312, nvcsw=1, nivcsw=1 }</checker-stats-str>
      <input size="3">10
</input>
      <output size="4">2
5
</output>
      <correct size="4">2 5
</correct>
      <stderr size="61">Warning: cannot find your CPU L2 cache size in /proc/cpuinfo
</stderr>
      <checker size="3">OK
</checker>
    </test>
    <test num="10" status="OK" time="79" real-time="92" max-memory-used="30339072"  checker-comment="OK" >
  <program-stats-str>{ utime=70, stime=9, ptime=79, rtime=92, maxvsz=30339072, maxrss=27312128, nvcsw=1, nivcsw=16 }</program-stats-str>
  <checker-stats-str>{ utime=0, stime=1, ptime=1, rtime=2, maxvsz=307200, maxrss=2445312, nvcsw=1, nivcsw=1 }</checker-stats-str>
      <input size="3">11
</input>
      <output size="3">11
</output>
      <correct size="3">11
</correct>
      <stderr size="61">Warning: cannot find your CPU L2 cache size in /proc/cpuinfo
</stderr>
      <checker size="3">OK
</checker>
    </test>
    <test num="11" status="OK" time="80" real-time="91" max-memory-used="30339072"  checker-comment="OK" >
  <program-stats-str>{ utime=63, stime=17, ptime=80, rtime=91, maxvsz=30339072, maxrss=27303936, nvcsw=1, nivcsw=16 }</program-stats-str>
  <checker-stats-str>{ utime=0, stime=1, ptime=1, rtime=2, maxvsz=307200, maxrss=2445312, nvcsw=1, nivcsw=1 }</checker-stats-str>
      <input size="3">12
</input>
      <output size="6">2
2
3
</output>
      <correct size="6">2 2 3
</correct>
      <stderr size="61">Warning: cannot find your CPU L2 cache size in /proc/cpuinfo
</stderr>
      <checker size="3">OK
</checker>
    </test>
    <test num="12" status="OK" time="82" real-time="94" max-memory-used="30339072"  checker-comment="OK" >
  <program-stats-str>{ utime=67, stime=15, ptime=82, rtime=94, maxvsz=30339072, maxrss=27344896, nvcsw=1, nivcsw=15 }</program-stats-str>
  <checker-stats-str>{ utime=0, stime=0, ptime=0, rtime=1, maxvsz=307200, maxrss=2445312, nvcsw=1, nivcsw=1 }</checker-stats-str>
      <input size="3">13
</input>
      <output size="3">13
</output>
      <correct size="3">13
</correct>
      <stderr size="61">Warning: cannot find your CPU L2 cache size in /proc/cpuinfo
</stderr>
      <checker size="3">OK
</checker>
    </test>
    <test num="13" status="OK" time="80" real-time="92" max-memory-used="30339072"  checker-comment="OK" >
  <program-stats-str>{ utime=68, stime=12, ptime=80, rtime=92, maxvsz=30339072, maxrss=27176960, nvcsw=1, nivcsw=17 }</program-stats-str>
  <checker-stats-str>{ utime=0, stime=1, ptime=1, rtime=2, maxvsz=307200, maxrss=2445312, nvcsw=1, nivcsw=2 }</checker-stats-str>
      <input size="3">14
</input>
      <output size="4">2
7
</output>
      <correct size="4">2 7
</correct>
      <stderr size="61">Warning: cannot find your CPU L2 cache size in /proc/cpuinfo
</stderr>
      <checker size="3">OK
</checker>
    </test>
    <test num="14" status="OK" time="73" real-time="77" max-memory-used="30339072"  checker-comment="OK" >
  <program-stats-str>{ utime=64, stime=9, ptime=73, rtime=77, maxvsz=30339072, maxrss=27176960, nvcsw=1, nivcsw=7 }</program-stats-str>
  <checker-stats-str>{ utime=0, stime=0, ptime=0, rtime=2, maxvsz=307200, maxrss=2445312, nvcsw=1, nivcsw=1 }</checker-stats-str>
      <input size="3">15
</input>
      <output size="4">3
5
</output>
      <correct size="4">3 5
</correct>
      <stderr size="61">Warning: cannot find your CPU L2 cache size in /proc/cpuinfo
</stderr>
      <checker size="3">OK
</checker>
    </test>
    <test num="15" status="OK" time="86" real-time="100" max-memory-used="30339072"  checker-comment="OK" >
  <program-stats-str>{ utime=67, stime=19, ptime=86, rtime=100, maxvsz=30339072, maxrss=27172864, nvcsw=1, nivcsw=17 }</program-stats-str>
  <checker-stats-str>{ utime=0, stime=0, ptime=0, rtime=1, maxvsz=307200, maxrss=2445312, nvcsw=1, nivcsw=1 }</checker-stats-str>
      <input size="3">16
</input>
      <output size="8">2
2
2
2
</output>
      <correct size="8">2 2 2 2
</correct>
      <stderr size="61">Warning: cannot find your CPU L2 cache size in /proc/cpuinfo
</stderr>
      <checker size="3">OK
</checker>
    </test>
    <test num="16" status="OK" time="89" real-time="121" max-memory-used="47353856"  checker-comment="OK" >
  <program-stats-str>{ utime=74, stime=15, ptime=89, rtime=121, maxvsz=47353856, maxrss=27205632, nvcsw=1, nivcsw=16 }</program-stats-str>
  <checker-stats-str>{ utime=0, stime=0, ptime=0, rtime=1, maxvsz=307200, maxrss=2445312, nvcsw=1, nivcsw=1 }</checker-stats-str>
      <input size="3">17
</input>
      <output size="3">17
</output>
      <correct size="3">17
</correct>
      <stderr size="61">Warning: cannot find your CPU L2 cache size in /proc/cpuinfo
</stderr>
      <checker size="3">OK
</checker>
    </test>
    <test num="17" status="OK" time="84" real-time="96" max-memory-used="30339072"  checker-comment="OK" >
  <program-stats-str>{ utime=70, stime=14, ptime=84, rtime=96, maxvsz=30339072, maxrss=27205632, nvcsw=1, nivcsw=17 }</program-stats-str>
  <checker-stats-str>{ utime=0, stime=0, ptime=0, rtime=1, maxvsz=307200, maxrss=2445312, nvcsw=1, nivcsw=1 }</checker-stats-str>
      <input size="3">18
</input>
      <output size="6">2
3
3
</output>
      <correct size="6">2 3 3
</correct>
      <stderr size="61">Warning: cannot find your CPU L2 cache size in /proc/cpuinfo
</stderr>
      <checker size="3">OK
</checker>
    </test>
    <test num="18" status="OK" time="82" real-time="89" max-memory-used="30339072"  checker-comment="OK" >
  <program-stats-str>{ utime=74, stime=8, ptime=82, rtime=89, maxvsz=30339072, maxrss=27242496, nvcsw=1, nivcsw=12 }</program-stats-str>
  <checker-stats-str>{ utime=0, stime=0, ptime=0, rtime=1, maxvsz=307200, maxrss=2445312, nvcsw=1, nivcsw=1 }</checker-stats-str>
      <input size="3">19
</input>
      <output size="3">19
</output>
      <correct size="3">19
</correct>
      <stderr size="61">Warning: cannot find your CPU L2 cache size in /proc/cpuinfo
</stderr>
      <checker size="3">OK
</checker>
    </test>
    <test num="19" status="OK" time="74" real-time="80" max-memory-used="30339072"  checker-comment="OK" >
  <program-stats-str>{ utime=59, stime=15, ptime=74, rtime=80, maxvsz=30339072, maxrss=27222016, nvcsw=1, nivcsw=11 }</program-stats-str>
  <checker-stats-str>{ utime=0, stime=0, ptime=0, rtime=2, maxvsz=307200, maxrss=2445312, nvcsw=1, nivcsw=1 }</checker-stats-str>
      <input size="3">20
</input>
      <output size="6">2
2
5
</output>
      <correct size="6">2 2 5
</correct>
      <stderr size="61">Warning: cannot find your CPU L2 cache size in /proc/cpuinfo
</stderr>
      <checker size="3">OK
</checker>
    </test>
    <test num="20" status="OK" time="75" real-time="361" max-memory-used="47755264"  checker-comment="OK" >
  <program-stats-str>{ utime=60, stime=15, ptime=75, rtime=361, maxvsz=47755264, maxrss=27070464, nvcsw=1, nivcsw=16 }</program-stats-str>
  <checker-stats-str>{ utime=0, stime=0, ptime=0, rtime=2, maxvsz=307200, maxrss=2445312, nvcsw=1, nivcsw=1 }</checker-stats-str>
      <input size="3">21
</input>
      <output size="4">3
7
</output>
      <correct size="4">3 7
</correct>
      <stderr size="61">Warning: cannot find your CPU L2 cache size in /proc/cpuinfo
</stderr>
      <checker size="3">OK
</checker>
    </test>
    <test num="21" status="OK" time="72" real-time="282" max-memory-used="47353856"  checker-comment="OK" >
  <program-stats-str>{ utime=66, stime=6, ptime=72, rtime=282, maxvsz=47353856, maxrss=27168768, nvcsw=1, nivcsw=13 }</program-stats-str>
  <checker-stats-str>{ utime=0, stime=1, ptime=1, rtime=21, maxvsz=307200, maxrss=2445312, nvcsw=1, nivcsw=2 }</checker-stats-str>
      <input size="3">22
</input>
      <output size="5">2
11
</output>
      <correct size="5">2 11
</correct>
      <stderr size="61">Warning: cannot find your CPU L2 cache size in /proc/cpuinfo
</stderr>
      <checker size="3">OK
</checker>
    </test>
    <test num="22" status="OK" time="72" real-time="200" max-memory-used="47890432"  checker-comment="OK" >
  <program-stats-str>{ utime=64, stime=8, ptime=72, rtime=200, maxvsz=47890432, maxrss=27283456, nvcsw=2, nivcsw=14 }</program-stats-str>
  <checker-stats-str>{ utime=0, stime=0, ptime=0, rtime=1, maxvsz=307200, maxrss=2445312, nvcsw=1, nivcsw=1 }</checker-stats-str>
      <input size="3">23
</input>
      <output size="3">23
</output>
      <correct size="3">23
</correct>
      <stderr size="61">Warning: cannot find your CPU L2 cache size in /proc/cpuinfo
</stderr>
      <checker size="3">OK
</checker>
    </test>
    <test num="23" status="OK" time="74" real-time="82" max-memory-used="30339072"  checker-comment="OK" >
  <program-stats-str>{ utime=64, stime=10, ptime=74, rtime=82, maxvsz=30339072, maxrss=27205632, nvcsw=1, nivcsw=12 }</program-stats-str>
  <checker-stats-str>{ utime=0, stime=0, ptime=0, rtime=2, maxvsz=307200, maxrss=2445312, nvcsw=1, nivcsw=1 }</checker-stats-str>
      <input size="3">24
</input>
      <output size="8">2
2
2
3
</output>
      <correct size="8">2 2 2 3
</correct>
      <stderr size="61">Warning: cannot find your CPU L2 cache size in /proc/cpuinfo
</stderr>
      <checker size="3">OK
</checker>
    </test>
    <test num="24" status="OK" time="73" real-time="80" max-memory-used="30339072"  checker-comment="OK" >
  <program-stats-str>{ utime=66, stime=7, ptime=73, rtime=80, maxvsz=30339072, maxrss=27140096, nvcsw=1, nivcsw=11 }</program-stats-str>
  <checker-stats-str>{ utime=0, stime=0, ptime=0, rtime=1, maxvsz=307200, maxrss=2445312, nvcsw=1, nivcsw=2 }</checker-stats-str>
      <input size="3">25
</input>
      <output size="4">5
5
</output>
      <correct size="4">5 5
</correct>
      <stderr size="61">Warning: cannot find your CPU L2 cache size in /proc/cpuinfo
</stderr>
      <checker size="3">OK
</checker>
    </test>
    <test num="25" status="OK" time="75" real-time="81" max-memory-used="30339072"  checker-comment="OK" >
  <program-stats-str>{ utime=64, stime=11, ptime=75, rtime=81, maxvsz=30339072, maxrss=27172864, nvcsw=1, nivcsw=9 }</program-stats-str>
  <checker-stats-str>{ utime=0, stime=0, ptime=0, rtime=1, maxvsz=307200, maxrss=2445312, nvcsw=1, nivcsw=1 }</checker-stats-str>
      <input size="3">26
</input>
      <output size="5">2
13
</output>
      <correct size="5">2 13
</correct>
      <stderr size="61">Warning: cannot find your CPU L2 cache size in /proc/cpuinfo
</stderr>
      <checker size="3">OK
</checker>
    </test>
    <test num="26" status="OK" time="72" real-time="81" max-memory-used="30339072"  checker-comment="OK" >
  <program-stats-str>{ utime=69, stime=3, ptime=72, rtime=81, maxvsz=30339072, maxrss=27115520, nvcsw=1, nivcsw=9 }</program-stats-str>
  <checker-stats-str>{ utime=0, stime=0, ptime=0, rtime=2, maxvsz=307200, maxrss=2445312, nvcsw=1, nivcsw=1 }</checker-stats-str>
      <input size="3">27
</input>
      <output size="6">3
3
3
</output>
      <correct size="6">3 3 3
</correct>
      <stderr size="61">Warning: cannot find your CPU L2 cache size in /proc/cpuinfo
</stderr>
      <checker size="3">OK
</checker>
    </test>
    <test num="27" status="OK" time="74" real-time="84" max-memory-used="30339072"  checker-comment="OK" >
  <program-stats-str>{ utime=57, stime=17, ptime=74, rtime=84, maxvsz=30339072, maxrss=27041792, nvcsw=1, nivcsw=13 }</program-stats-str>
  <checker-stats-str>{ utime=0, stime=1, ptime=1, rtime=2, maxvsz=307200, maxrss=2445312, nvcsw=1, nivcsw=1 }</checker-stats-str>
      <input size="3">28
</input>
      <output size="6">2
2
7
</output>
      <correct size="6">2 2 7
</correct>
      <stderr size="61">Warning: cannot find your CPU L2 cache size in /proc/cpuinfo
</stderr>
      <checker size="3">OK
</checker>
    </test>
    <test num="28" status="OK" time="76" real-time="81" max-memory-used="30339072"  checker-comment="OK" >
  <program-stats-str>{ utime=61, stime=15, ptime=76, rtime=81, maxvsz=30339072, maxrss=27205632, nvcsw=1, nivcsw=11 }</program-stats-str>
  <checker-stats-str>{ utime=0, stime=0, ptime=0, rtime=1, maxvsz=307200, maxrss=2445312, nvcsw=1, nivcsw=1 }</checker-stats-str>
      <input size="3">29
</input>
      <output size="3">29
</output>
      <correct size="3">29
</correct>
      <stderr size="61">Warning: cannot find your CPU L2 cache size in /proc/cpuinfo
</stderr>
      <checker size="3">OK
</checker>
    </test>
    <test num="29" status="OK" time="73" real-time="84" max-memory-used="30339072"  checker-comment="OK" >
  <program-stats-str>{ utime=60, stime=13, ptime=73, rtime=84, maxvsz=30339072, maxrss=27111424, nvcsw=1, nivcsw=15 }</program-stats-str>
  <checker-stats-str>{ utime=1, stime=0, ptime=1, rtime=2, maxvsz=307200, maxrss=2445312, nvcsw=1, nivcsw=2 }</checker-stats-str>
      <input size="3">30
</input>
      <output size="6">2
3
5
</output>
      <correct size="6">2 3 5
</correct>
      <stderr size="61">Warning: cannot find your CPU L2 cache size in /proc/cpuinfo
</stderr>
      <checker size="3">OK
</checker>
    </test>
    <test num="30" status="OK" time="70" real-time="78" max-memory-used="30339072"  checker-comment="OK" >
  <program-stats-str>{ utime=67, stime=3, ptime=70, rtime=78, maxvsz=30339072, maxrss=27172864, nvcsw=1, nivcsw=10 }</program-stats-str>
  <checker-stats-str>{ utime=0, stime=0, ptime=0, rtime=1, maxvsz=307200, maxrss=2445312, nvcsw=1, nivcsw=1 }</checker-stats-str>
      <input size="3">31
</input>
      <output size="3">31
</output>
      <correct size="3">31
</correct>
      <stderr size="61">Warning: cannot find your CPU L2 cache size in /proc/cpuinfo
</stderr>
      <checker size="3">OK
</checker>
    </test>
    <test num="31" status="OK" time="70" real-time="79" max-memory-used="30339072"  checker-comment="OK" >
  <program-stats-str>{ utime=66, stime=4, ptime=70, rtime=79, maxvsz=30339072, maxrss=27201536, nvcsw=1, nivcsw=8 }</program-stats-str>
  <checker-stats-str>{ utime=0, stime=0, ptime=0, rtime=1, maxvsz=307200, maxrss=2445312, nvcsw=1, nivcsw=1 }</checker-stats-str>
      <input size="3">32
</input>
      <output size="10">2
2
2
2
2
</output>
      <correct size="10">2 2 2 2 2
</correct>
      <stderr size="61">Warning: cannot find your CPU L2 cache size in /proc/cpuinfo
</stderr>
      <checker size="3">OK
</checker>
    </test>
    <test num="32" status="OK" time="73" real-time="81" max-memory-used="30339072"  checker-comment="OK" >
  <program-stats-str>{ utime=61, stime=12, ptime=73, rtime=81, maxvsz=30339072, maxrss=27123712, nvcsw=1, nivcsw=9 }</program-stats-str>
  <checker-stats-str>{ utime=0, stime=0, ptime=0, rtime=2, maxvsz=307200, maxrss=2445312, nvcsw=1, nivcsw=1 }</checker-stats-str>
      <input size="3">33
</input>
      <output size="5">3
11
</output>
      <correct size="5">3 11
</correct>
      <stderr size="61">Warning: cannot find your CPU L2 cache size in /proc/cpuinfo
</stderr>
      <checker size="3">OK
</checker>
    </test>
    <test num="33" status="OK" time="74" real-time="84" max-memory-used="30339072"  checker-comment="OK" >
  <program-stats-str>{ utime=61, stime=13, ptime=74, rtime=84, maxvsz=30339072, maxrss=27152384, nvcsw=1, nivcsw=14 }</program-stats-str>
  <checker-stats-str>{ utime=0, stime=0, ptime=0, rtime=1, maxvsz=307200, maxrss=2445312, nvcsw=1, nivcsw=1 }</checker-stats-str>
      <input size="3">34
</input>
      <output size="5">2
17
</output>
      <correct size="5">2 17
</correct>
      <stderr size="61">Warning: cannot find your CPU L2 cache size in /proc/cpuinfo
</stderr>
      <checker size="3">OK
</checker>
    </test>
    <test num="34" status="OK" time="72" real-time="77" max-memory-used="30339072"  checker-comment="OK" >
  <program-stats-str>{ utime=56, stime=16, ptime=72, rtime=77, maxvsz=30339072, maxrss=27197440, nvcsw=1, nivcsw=11 }</program-stats-str>
  <checker-stats-str>{ utime=0, stime=0, ptime=0, rtime=1, maxvsz=307200, maxrss=2445312, nvcsw=1, nivcsw=1 }</checker-stats-str>
      <input size="3">35
</input>
      <output size="4">5
7
</output>
      <correct size="4">5 7
</correct>
      <stderr size="61">Warning: cannot find your CPU L2 cache size in /proc/cpuinfo
</stderr>
      <checker size="3">OK
</checker>
    </test>
    <test num="35" status="OK" time="77" real-time="88" max-memory-used="30339072"  checker-comment="OK" >
  <program-stats-str>{ utime=69, stime=8, ptime=77, rtime=88, maxvsz=30339072, maxrss=27222016, nvcsw=1, nivcsw=12 }</program-stats-str>
  <checker-stats-str>{ utime=0, stime=0, ptime=0, rtime=2, maxvsz=307200, maxrss=2445312, nvcsw=1, nivcsw=2 }</checker-stats-str>
      <input size="3">36
</input>
      <output size="8">2
2
3
3
</output>
      <correct size="8">2 2 3 3
</correct>
      <stderr size="61">Warning: cannot find your CPU L2 cache size in /proc/cpuinfo
</stderr>
      <checker size="3">OK
</checker>
    </test>
    <test num="36" status="OK" time="73" real-time="83" max-memory-used="30339072"  checker-comment="OK" >
  <program-stats-str>{ utime=61, stime=12, ptime=73, rtime=83, maxvsz=30339072, maxrss=27131904, nvcsw=1, nivcsw=13 }</program-stats-str>
  <checker-stats-str>{ utime=0, stime=0, ptime=0, rtime=1, maxvsz=307200, maxrss=2445312, nvcsw=1, nivcsw=1 }</checker-stats-str>
      <input size="3">37
</input>
      <output size="3">37
</output>
      <correct size="3">37
</correct>
      <stderr size="61">Warning: cannot find your CPU L2 cache size in /proc/cpuinfo
</stderr>
      <checker size="3">OK
</checker>
    </test>
    <test num="37" status="OK" time="73" real-time="79" max-memory-used="30339072"  checker-comment="OK" >
  <program-stats-str>{ utime=64, stime=9, ptime=73, rtime=79, maxvsz=30339072, maxrss=27226112, nvcsw=1, nivcsw=12 }</program-stats-str>
  <checker-stats-str>{ utime=0, stime=0, ptime=0, rtime=2, maxvsz=307200, maxrss=2445312, nvcsw=1, nivcsw=2 }</checker-stats-str>
      <input size="3">38
</input>
      <output size="5">2
19
</output>
      <correct size="5">2 19
</correct>
      <stderr size="61">Warning: cannot find your CPU L2 cache size in /proc/cpuinfo
</stderr>
      <checker size="3">OK
</checker>
    </test>
    <test num="38" status="OK" time="75" real-time="84" max-memory-used="30339072"  checker-comment="OK" >
  <program-stats-str>{ utime=59, stime=16, ptime=75, rtime=84, maxvsz=30339072, maxrss=27136000, nvcsw=1, nivcsw=18 }</program-stats-str>
  <checker-stats-str>{ utime=0, stime=0, ptime=0, rtime=1, maxvsz=307200, maxrss=2445312, nvcsw=1, nivcsw=1 }</checker-stats-str>
      <input size="3">39
</input>
      <output size="5">3
13
</output>
      <correct size="5">3 13
</correct>
      <stderr size="61">Warning: cannot find your CPU L2 cache size in /proc/cpuinfo
</stderr>
      <checker size="3">OK
</checker>
    </test>
    <test num="39" status="OK" time="92" real-time="219" max-memory-used="47890432"  checker-comment="OK" >
  <program-stats-str>{ utime=76, stime=16, ptime=92, rtime=219, maxvsz=47890432, maxrss=27295744, nvcsw=2, nivcsw=26 }</program-stats-str>
  <checker-stats-str>{ utime=0, stime=0, ptime=0, rtime=1, maxvsz=307200, maxrss=2445312, nvcsw=1, nivcsw=1 }</checker-stats-str>
      <input size="3">40
</input>
      <output size="8">2
2
2
5
</output>
      <correct size="8">2 2 2 5
</correct>
      <stderr size="61">Warning: cannot find your CPU L2 cache size in /proc/cpuinfo
</stderr>
      <checker size="3">OK
</checker>
    </test>
    <test num="40" status="OK" time="72" real-time="78" max-memory-used="30339072"  checker-comment="OK" >
  <program-stats-str>{ utime=54, stime=18, ptime=72, rtime=78, maxvsz=30339072, maxrss=27176960, nvcsw=1, nivcsw=14 }</program-stats-str>
  <checker-stats-str>{ utime=0, stime=0, ptime=0, rtime=2, maxvsz=307200, maxrss=2445312, nvcsw=1, nivcsw=1 }</checker-stats-str>
      <input size="3">41
</input>
      <output size="3">41
</output>
      <correct size="3">41
</correct>
      <stderr size="61">Warning: cannot find your CPU L2 cache size in /proc/cpuinfo
</stderr>
      <checker size="3">OK
</checker>
    </test>
    <test num="41" status="OK" time="73" real-time="79" max-memory-used="30339072"  checker-comment="OK" >
  <program-stats-str>{ utime=60, stime=13, ptime=73, rtime=79, maxvsz=30339072, maxrss=27119616, nvcsw=1, nivcsw=12 }</program-stats-str>
  <checker-stats-str>{ utime=0, stime=0, ptime=0, rtime=1, maxvsz=307200, maxrss=2445312, nvcsw=1, nivcsw=1 }</checker-stats-str>
      <input size="3">42
</input>
      <output size="6">2
3
7
</output>
      <correct size="6">2 3 7
</correct>
      <stderr size="61">Warning: cannot find your CPU L2 cache size in /proc/cpuinfo
</stderr>
      <checker size="3">OK
</checker>
    </test>
    <test num="42" status="OK" time="73" real-time="78" max-memory-used="30339072"  checker-comment="OK" >
  <program-stats-str>{ utime=56, stime=17, ptime=73, rtime=78, maxvsz=30339072, maxrss=27140096, nvcsw=1, nivcsw=12 }</program-stats-str>
  <checker-stats-str>{ utime=0, stime=0, ptime=0, rtime=2, maxvsz=307200, maxrss=2445312, nvcsw=1, nivcsw=1 }</checker-stats-str>
      <input size="3">43
</input>
      <output size="3">43
</output>
      <correct size="3">43
</correct>
      <stderr size="61">Warning: cannot find your CPU L2 cache size in /proc/cpuinfo
</stderr>
      <checker size="3">OK
</checker>
    </test>
    <test num="43" status="OK" time="73" real-time="79" max-memory-used="30339072"  checker-comment="OK" >
  <program-stats-str>{ utime=65, stime=8, ptime=73, rtime=79, maxvsz=30339072, maxrss=27152384, nvcsw=1, nivcsw=10 }</program-stats-str>
  <checker-stats-str>{ utime=0, stime=0, ptime=0, rtime=2, maxvsz=307200, maxrss=2445312, nvcsw=1, nivcsw=1 }</checker-stats-str>
      <input size="3">44
</input>
      <output size="7">2
2
11
</output>
      <correct size="7">2 2 11
</correct>
      <stderr size="61">Warning: cannot find your CPU L2 cache size in /proc/cpuinfo
</stderr>
      <checker size="3">OK
</checker>
    </test>
    <test num="44" status="OK" time="72" real-time="78" max-memory-used="30339072"  checker-comment="OK" >
  <program-stats-str>{ utime=56, stime=16, ptime=72, rtime=78, maxvsz=30339072, maxrss=27189248, nvcsw=1, nivcsw=12 }</program-stats-str>
  <checker-stats-str>{ utime=0, stime=1, ptime=1, rtime=2, maxvsz=307200, maxrss=2445312, nvcsw=1, nivcsw=2 }</checker-stats-str>
      <input size="3">45
</input>
      <output size="6">3
3
5
</output>
      <correct size="6">3 3 5
</correct>
      <stderr size="61">Warning: cannot find your CPU L2 cache size in /proc/cpuinfo
</stderr>
      <checker size="3">OK
</checker>
    </test>
    <test num="45" status="OK" time="74" real-time="80" max-memory-used="30339072"  checker-comment="OK" >
  <program-stats-str>{ utime=66, stime=8, ptime=74, rtime=80, maxvsz=30339072, maxrss=27258880, nvcsw=1, nivcsw=10 }</program-stats-str>
  <checker-stats-str>{ utime=0, stime=0, ptime=0, rtime=1, maxvsz=307200, maxrss=2445312, nvcsw=1, nivcsw=1 }</checker-stats-str>
      <input size="3">46
</input>
      <output size="5">2
23
</output>
      <correct size="5">2 23
</correct>
      <stderr size="61">Warning: cannot find your CPU L2 cache size in /proc/cpuinfo
</stderr>
      <checker size="3">OK
</checker>
    </test>
    <test num="46" status="OK" time="73" real-time="80" max-memory-used="30339072"  checker-comment="OK" >
  <program-stats-str>{ utime=70, stime=3, ptime=73, rtime=80, maxvsz=30339072, maxrss=27197440, nvcsw=1, nivcsw=10 }</program-stats-str>
  <checker-stats-str>{ utime=0, stime=0, ptime=0, rtime=1, maxvsz=307200, maxrss=2445312, nvcsw=1, nivcsw=1 }</checker-stats-str>
      <input size="3">47
</input>
      <output size="3">47
</output>
      <correct size="3">47
</correct>
      <stderr size="61">Warning: cannot find your CPU L2 cache size in /proc/cpuinfo
</stderr>
      <checker size="3">OK
</checker>
    </test>
    <test num="47" status="OK" time="70" real-time="85" max-memory-used="30339072"  checker-comment="OK" >
  <program-stats-str>{ utime=58, stime=12, ptime=70, rtime=85, maxvsz=30339072, maxrss=27217920, nvcsw=1, nivcsw=11 }</program-stats-str>
  <checker-stats-str>{ utime=0, stime=0, ptime=0, rtime=2, maxvsz=307200, maxrss=2445312, nvcsw=1, nivcsw=1 }</checker-stats-str>
      <input size="3">48
</input>
      <output size="10">2
2
2
2
3
</output>
      <correct size="10">2 2 2 2 3
</correct>
      <stderr size="61">Warning: cannot find your CPU L2 cache size in /proc/cpuinfo
</stderr>
      <checker size="3">OK
</checker>
    </test>
    <test num="48" status="OK" time="74" real-time="79" max-memory-used="30339072"  checker-comment="OK" >
  <program-stats-str>{ utime=62, stime=12, ptime=74, rtime=79, maxvsz=30339072, maxrss=27303936, nvcsw=1, nivcsw=12 }</program-stats-str>
  <checker-stats-str>{ utime=0, stime=0, ptime=0, rtime=1, maxvsz=307200, maxrss=2445312, nvcsw=1, nivcsw=1 }</checker-stats-str>
      <input size="3">49
</input>
      <output size="4">7
7
</output>
      <correct size="4">7 7
</correct>
      <stderr size="61">Warning: cannot find your CPU L2 cache size in /proc/cpuinfo
</stderr>
      <checker size="3">OK
</checker>
    </test>
    <test num="49" status="OK" time="76" real-time="84" max-memory-used="30339072"  checker-comment="OK" >
  <program-stats-str>{ utime=69, stime=7, ptime=76, rtime=84, maxvsz=30339072, maxrss=27586560, nvcsw=1, nivcsw=8 }</program-stats-str>
  <checker-stats-str>{ utime=0, stime=0, ptime=0, rtime=1, maxvsz=307200, maxrss=2445312, nvcsw=1, nivcsw=1 }</checker-stats-str>
      <input size="8">7893863
</input>
      <output size="8">7893863
</output>
      <correct size="8">7893863
</correct>
      <stderr size="61">Warning: cannot find your CPU L2 cache size in /proc/cpuinfo
</stderr>
      <checker size="3">OK
</checker>
    </test>
    <test num="50" status="OK" time="77" real-time="88" max-memory-used="30339072"  checker-comment="OK" >
  <program-stats-str>{ utime=67, stime=10, ptime=77, rtime=88, maxvsz=30339072, maxrss=27623424, nvcsw=1, nivcsw=14 }</program-stats-str>
  <checker-stats-str>{ utime=0, stime=0, ptime=0, rtime=2, maxvsz=307200, maxrss=2445312, nvcsw=1, nivcsw=1 }</checker-stats-str>
      <input size="8">4535647
</input>
      <output size="8">4535647
</output>
      <correct size="8">4535647
</correct>
      <stderr size="61">Warning: cannot find your CPU L2 cache size in /proc/cpuinfo
</stderr>
      <checker size="3">OK
</checker>
    </test>
    <test num="51" status="OK" time="76" real-time="84" max-memory-used="30339072"  checker-comment="OK" >
  <program-stats-str>{ utime=73, stime=3, ptime=76, rtime=84, maxvsz=30339072, maxrss=27635712, nvcsw=1, nivcsw=11 }</program-stats-str>
  <checker-stats-str>{ utime=0, stime=0, ptime=0, rtime=2, maxvsz=307200, maxrss=2445312, nvcsw=1, nivcsw=1 }</checker-stats-str>
      <input size="8">9584947
</input>
      <output size="8">9584947
</output>
      <correct size="8">9584947
</correct>
      <stderr size="61">Warning: cannot find your CPU L2 cache size in /proc/cpuinfo
</stderr>
      <checker size="3">OK
</checker>
    </test>
    <test num="52" status="OK" time="76" real-time="81" max-memory-used="30339072"  checker-comment="OK" >
  <program-stats-str>{ utime=72, stime=4, ptime=76, rtime=81, maxvsz=30339072, maxrss=27578368, nvcsw=1, nivcsw=10 }</program-stats-str>
  <checker-stats-str>{ utime=0, stime=0, ptime=0, rtime=2, maxvsz=307200, maxrss=2445312, nvcsw=1, nivcsw=2 }</checker-stats-str>
      <input size="11">1173473527
</input>
      <output size="12">34253
34259
</output>
      <correct size="12">34253 34259
</correct>
      <stderr size="61">Warning: cannot find your CPU L2 cache size in /proc/cpuinfo
</stderr>
      <checker size="3">OK
</checker>
    </test>
    <test num="53" status="OK" time="77" real-time="90" max-memory-used="30339072"  checker-comment="OK" >
  <program-stats-str>{ utime=61, stime=16, ptime=77, rtime=90, maxvsz=30339072, maxrss=27697152, nvcsw=1, nivcsw=12 }</program-stats-str>
  <checker-stats-str>{ utime=0, stime=0, ptime=0, rtime=2, maxvsz=307200, maxrss=2445312, nvcsw=1, nivcsw=1 }</checker-stats-str>
      <input size="10">742017599
</input>
      <output size="12">27239
27241
</output>
      <correct size="12">27239 27241
</correct>
      <stderr size="61">Warning: cannot find your CPU L2 cache size in /proc/cpuinfo
</stderr>
      <checker size="3">OK
</checker>
    </test>
    <test num="54" status="OK" time="75" real-time="86" max-memory-used="30339072"  checker-comment="OK" >
  <program-stats-str>{ utime=73, stime=2, ptime=75, rtime=86, maxvsz=30339072, maxrss=27701248, nvcsw=1, nivcsw=10 }</program-stats-str>
  <checker-stats-str>{ utime=0, stime=0, ptime=0, rtime=2, maxvsz=307200, maxrss=2445312, nvcsw=1, nivcsw=1 }</checker-stats-str>
      <input size="11">2047833973
</input>
      <output size="12">45247
45259
</output>
      <correct size="12">45247 45259
</correct>
      <stderr size="61">Warning: cannot find your CPU L2 cache size in /proc/cpuinfo
</stderr>
      <checker size="3">OK
</checker>
    </test>
    <test num="55" status="OK" time="77" real-time="83" max-memory-used="30339072"  checker-comment="OK" >
  <program-stats-str>{ utime=70, stime=7, ptime=77, rtime=83, maxvsz=30339072, maxrss=27619328, nvcsw=1, nivcsw=11 }</program-stats-str>
  <checker-stats-str>{ utime=0, stime=0, ptime=0, rtime=1, maxvsz=307200, maxrss=2445312, nvcsw=1, nivcsw=1 }</checker-stats-str>
      <input size="11">1859483971
</input>
      <output size="11">1859483971
</output>
      <correct size="11">1859483971
</correct>
      <stderr size="61">Warning: cannot find your CPU L2 cache size in /proc/cpuinfo
</stderr>
      <checker size="3">OK
</checker>
    </test>
    <test num="56" status="OK" time="78" real-time="84" max-memory-used="30339072"  checker-comment="OK" >
  <program-stats-str>{ utime=69, stime=9, ptime=78, rtime=84, maxvsz=30339072, maxrss=27451392, nvcsw=1, nivcsw=11 }</program-stats-str>
  <checker-stats-str>{ utime=0, stime=0, ptime=0, rtime=1, maxvsz=307200, maxrss=2445312, nvcsw=1, nivcsw=1 }</checker-stats-str>
      <input size="11">2052484033
</input>
      <output size="11">2052484033
</output>
      <correct size="11">2052484033
</correct>
      <stderr size="61">Warning: cannot find your CPU L2 cache size in /proc/cpuinfo
</stderr>
      <checker size="3">OK
</checker>
    </test>
    <test num="57" status="OK" time="75" real-time="87" max-memory-used="30339072"  checker-comment="OK" >
  <program-stats-str>{ utime=64, stime=11, ptime=75, rtime=87, maxvsz=30339072, maxrss=27570176, nvcsw=1, nivcsw=14 }</program-stats-str>
  <checker-stats-str>{ utime=0, stime=0, ptime=0, rtime=1, maxvsz=307200, maxrss=2445312, nvcsw=1, nivcsw=1 }</checker-stats-str>
      <input size="11">1162261467
</input>
      <output size="38">3
3
3
3
3
3
3
3
3
3
3
3
3
3
3
3
3
3
3
</output>
      <correct size="38">3 3 3 3 3 3 3 3 3 3 3 3 3 3 3 3 3 3 3
</correct>
      <stderr size="61">Warning: cannot find your CPU L2 cache size in /proc/cpuinfo
</stderr>
      <checker size="3">OK
</checker>
    </test>
    <test num="58" status="OK" time="78" real-time="85" max-memory-used="30339072"  checker-comment="OK" >
  <program-stats-str>{ utime=75, stime=3, ptime=78, rtime=85, maxvsz=30339072, maxrss=27533312, nvcsw=1, nivcsw=11 }</program-stats-str>
  <checker-stats-str>{ utime=0, stime=0, ptime=0, rtime=1, maxvsz=307200, maxrss=2445312, nvcsw=1, nivcsw=1 }</checker-stats-str>
      <input size="11">1707051488
</input>
      <output size="19">2
2
2
2
2
53345359
</output>
      <correct size="19">2 2 2 2 2 53345359
</correct>
      <stderr size="61">Warning: cannot find your CPU L2 cache size in /proc/cpuinfo
</stderr>
      <checker size="3">OK
</checker>
    </test>
    <test num="59" status="OK" time="76" real-time="83" max-memory-used="30339072"  checker-comment="OK" >
  <program-stats-str>{ utime=67, stime=9, ptime=76, rtime=83, maxvsz=30339072, maxrss=27541504, nvcsw=1, nivcsw=12 }</program-stats-str>
  <checker-stats-str>{ utime=0, stime=0, ptime=0, rtime=2, maxvsz=307200, maxrss=2445312, nvcsw=1, nivcsw=1 }</checker-stats-str>
      <input size="11">1220703125
</input>
      <output size="26">5
5
5
5
5
5
5
5
5
5
5
5
5
</output>
      <correct size="26">5 5 5 5 5 5 5 5 5 5 5 5 5
</correct>
      <stderr size="61">Warning: cannot find your CPU L2 cache size in /proc/cpuinfo
</stderr>
      <checker size="3">OK
</checker>
    </test>
    <test num="60" status="OK" time="77" real-time="83" max-memory-used="30339072"  checker-comment="OK" >
  <program-stats-str>{ utime=67, stime=10, ptime=77, rtime=83, maxvsz=30339072, maxrss=27619328, nvcsw=1, nivcsw=10 }</program-stats-str>
  <checker-stats-str>{ utime=0, stime=0, ptime=0, rtime=2, maxvsz=307200, maxrss=2445312, nvcsw=1, nivcsw=1 }</checker-stats-str>
      <input size="11">1934917632
</input>
      <output size="50">2
2
2
2
2
2
2
2
2
2
2
2
2
2
2
3
3
3
3
3
3
3
3
3
3
</output>
      <correct size="50">2 2 2 2 2 2 2 2 2 2 2 2 2 2 2 3 3 3 3 3 3 3 3 3 3
</correct>
      <stderr size="61">Warning: cannot find your CPU L2 cache size in /proc/cpuinfo
</stderr>
      <checker size="3">OK
</checker>
    </test>
    <test num="61" status="OK" time="80" real-time="87" max-memory-used="30339072"  checker-comment="OK" >
  <program-stats-str>{ utime=80, stime=0, ptime=80, rtime=87, maxvsz=30339072, maxrss=27705344, nvcsw=1, nivcsw=12 }</program-stats-str>
  <checker-stats-str>{ utime=0, stime=0, ptime=0, rtime=2, maxvsz=307200, maxrss=2445312, nvcsw=1, nivcsw=1 }</checker-stats-str>
      <input size="11">1073741824
</input>
      <output size="60">2
2
2
2
2
2
2
2
2
2
2
2
2
2
2
2
2
2
2
2
2
2
2
2
2
2
2
2
2
2
</output>
      <correct size="60">2 2 2 2 2 2 2 2 2 2 2 2 2 2 2 2 2 2 2 2 2 2 2 2 2 2 2 2 2 2
</correct>
      <stderr size="61">Warning: cannot find your CPU L2 cache size in /proc/cpuinfo
</stderr>
      <checker size="3">OK
</checker>
    </test>
    <test num="62" status="OK" time="83" real-time="96" max-memory-used="30339072"  checker-comment="OK" >
  <program-stats-str>{ utime=62, stime=21, ptime=83, rtime=96, maxvsz=30339072, maxrss=27590656, nvcsw=1, nivcsw=22 }</program-stats-str>
  <checker-stats-str>{ utime=0, stime=0, ptime=0, rtime=2, maxvsz=307200, maxrss=2445312, nvcsw=1, nivcsw=1 }</checker-stats-str>
      <input size="11">1369900758
</input>
      <output size="14">2
3
228316793
</output>
      <correct size="14">2 3 228316793
</correct>
      <stderr size="61">Warning: cannot find your CPU L2 cache size in /proc/cpuinfo
</stderr>
      <checker size="3">OK
</checker>
    </test>
    <test num="63" status="OK" time="87" real-time="98" max-memory-used="30339072"  checker-comment="OK" >
  <program-stats-str>{ utime=79, stime=8, ptime=87, rtime=98, maxvsz=30339072, maxrss=27586560, nvcsw=1, nivcsw=16 }</program-stats-str>
  <checker-stats-str>{ utime=0, stime=0, ptime=0, rtime=2, maxvsz=307200, maxrss=2445312, nvcsw=1, nivcsw=1 }</checker-stats-str>
      <input size="11">1788840353
</input>
      <output size="11">1788840353
</output>
      <correct size="11">1788840353
</correct>
      <stderr size="61">Warning: cannot find your CPU L2 cache size in /proc/cpuinfo
</stderr>
      <checker size="3">OK
</checker>
    </test>
    <test num="64" status="OK" time="80" real-time="90" max-memory-used="30339072"  checker-comment="OK" >
  <program-stats-str>{ utime=72, stime=8, ptime=80, rtime=90, maxvsz=30339072, maxrss=27570176, nvcsw=1, nivcsw=15 }</program-stats-str>
  <checker-stats-str>{ utime=0, stime=0, ptime=0, rtime=1, maxvsz=307200, maxrss=2445312, nvcsw=1, nivcsw=1 }</checker-stats-str>
      <input size="10">637685138
</input>
      <output size="13">2
9419
33851
</output>
      <correct size="13">2 9419 33851
</correct>
      <stderr size="61">Warning: cannot find your CPU L2 cache size in /proc/cpuinfo
</stderr>
      <checker size="3">OK
</checker>
    </test>
    <test num="65" status="OK" time="80" real-time="88" max-memory-used="30339072"  checker-comment="OK" >
  <program-stats-str>{ utime=68, stime=12, ptime=80, rtime=88, maxvsz=30339072, maxrss=27770880, nvcsw=1, nivcsw=14 }</program-stats-str>
  <checker-stats-str>{ utime=0, stime=0, ptime=0, rtime=1, maxvsz=307200, maxrss=2445312, nvcsw=1, nivcsw=1 }</checker-stats-str>
      <input size="10">363737311
</input>
      <output size="13">7
19
2734867
</output>
      <correct size="13">7 19 2734867
</correct>
      <stderr size="61">Warning: cannot find your CPU L2 cache size in /proc/cpuinfo
</stderr>
      <checker size="3">OK
</checker>
    </test>
    <test num="66" status="OK" time="77" real-time="87" max-memory-used="30339072"  checker-comment="OK" >
  <program-stats-str>{ utime=70, stime=7, ptime=77, rtime=87, maxvsz=30339072, maxrss=27549696, nvcsw=1, nivcsw=14 }</program-stats-str>
  <checker-stats-str>{ utime=0, stime=0, ptime=0, rtime=2, maxvsz=307200, maxrss=2445312, nvcsw=1, nivcsw=1 }</checker-stats-str>
      <input size="11">1573991528
</input>
      <output size="16">2
2
2
196748941
</output>
      <correct size="16">2 2 2 196748941
</correct>
      <stderr size="61">Warning: cannot find your CPU L2 cache size in /proc/cpuinfo
</stderr>
      <checker size="3">OK
</checker>
    </test>
    <test num="67" status="OK" time="77" real-time="86" max-memory-used="30339072"  checker-comment="OK" >
  <program-stats-str>{ utime=59, stime=18, ptime=77, rtime=86, maxvsz=30339072, maxrss=27619328, nvcsw=1, nivcsw=14 }</program-stats-str>
  <checker-stats-str>{ utime=0, stime=0, ptime=0, rtime=2, maxvsz=307200, maxrss=2445312, nvcsw=1, nivcsw=1 }</checker-stats-str>
      <input size="11">1638007382
</input>
      <output size="14">2
11
74454881
</output>
      <correct size="14">2 11 74454881
</correct>
      <stderr size="61">Warning: cannot find your CPU L2 cache size in /proc/cpuinfo
</stderr>
      <checker size="3">OK
</checker>
    </test>
    <test num="68" status="OK" time="77" real-time="86" max-memory-used="30339072"  checker-comment="OK" >
  <program-stats-str>{ utime=73, stime=4, ptime=77, rtime=86, maxvsz=30339072, maxrss=27553792, nvcsw=1, nivcsw=15 }</program-stats-str>
  <checker-stats-str>{ utime=0, stime=0, ptime=0, rtime=2, maxvsz=307200, maxrss=2445312, nvcsw=1, nivcsw=1 }</checker-stats-str>
      <input size="11">1732595871
</input>
      <output size="15">3
61
263
35999
</output>
      <correct size="15">3 61 263 35999
</correct>
      <stderr size="61">Warning: cannot find your CPU L2 cache size in /proc/cpuinfo
</stderr>
      <checker size="3">OK
</checker>
    </test>
    <test num="69" status="OK" time="78" real-time="84" max-memory-used="30339072"  checker-comment="OK" >
  <program-stats-str>{ utime=67, stime=11, ptime=78, rtime=84, maxvsz=30339072, maxrss=27451392, nvcsw=1, nivcsw=10 }</program-stats-str>
  <checker-stats-str>{ utime=0, stime=0, ptime=0, rtime=2, maxvsz=307200, maxrss=2445312, nvcsw=1, nivcsw=1 }</checker-stats-str>
      <input size="10">261102246
</input>
      <output size="15">2
3
389
111869
</output>
      <correct size="15">2 3 389 111869
</correct>
      <stderr size="61">Warning: cannot find your CPU L2 cache size in /proc/cpuinfo
</stderr>
      <checker size="3">OK
</checker>
    </test>
    <test num="70" status="OK" time="77" real-time="83" max-memory-used="30339072"  checker-comment="OK" >
  <program-stats-str>{ utime=67, stime=10, ptime=77, rtime=83, maxvsz=30339072, maxrss=27680768, nvcsw=1, nivcsw=12 }</program-stats-str>
  <checker-stats-str>{ utime=0, stime=0, ptime=0, rtime=1, maxvsz=307200, maxrss=2445312, nvcsw=1, nivcsw=1 }</checker-stats-str>
      <input size="10">511006765
</input>
      <output size="13">5
131
780163
</output>
      <correct size="13">5 131 780163
</correct>
      <stderr size="61">Warning: cannot find your CPU L2 cache size in /proc/cpuinfo
</stderr>
      <checker size="3">OK
</checker>
    </test>
    <test num="71" status="OK" time="80" real-time="91" max-memory-used="30339072"  checker-comment="OK" >
  <program-stats-str>{ utime=71, stime=9, ptime=80, rtime=91, maxvsz=30339072, maxrss=27561984, nvcsw=1, nivcsw=17 }</program-stats-str>
  <checker-stats-str>{ utime=0, stime=0, ptime=0, rtime=1, maxvsz=307200, maxrss=2445312, nvcsw=1, nivcsw=2 }</checker-stats-str>
      <input size="11">1417715463
</input>
      <output size="14">3
17077
27673
</output>
      <correct size="14">3 17077 27673
</correct>
      <stderr size="61">Warning: cannot find your CPU L2 cache size in /proc/cpuinfo
</stderr>
      <checker size="3">OK
</checker>
    </test>
    <test num="72" status="OK" time="75" real-time="81" max-memory-used="30339072"  checker-comment="OK" >
  <program-stats-str>{ utime=69, stime=6, ptime=75, rtime=81, maxvsz=30339072, maxrss=27697152, nvcsw=1, nivcsw=13 }</program-stats-str>
  <checker-stats-str>{ utime=0, stime=0, ptime=0, rtime=2, maxvsz=307200, maxrss=2445312, nvcsw=1, nivcsw=2 }</checker-stats-str>
      <input size="10">270493806
</input>
      <output size="19">2
3
11
11
11
33871
</output>
      <correct size="19">2 3 11 11 11 33871
</correct>
      <stderr size="61">Warning: cannot find your CPU L2 cache size in /proc/cpuinfo
</stderr>
      <checker size="3">OK
</checker>
    </test>
    <test num="73" status="OK" time="77" real-time="85" max-memory-used="30339072"  checker-comment="OK" >
  <program-stats-str>{ utime=63, stime=14, ptime=77, rtime=85, maxvsz=30339072, maxrss=27557888, nvcsw=1, nivcsw=12 }</program-stats-str>
  <checker-stats-str>{ utime=0, stime=0, ptime=0, rtime=2, maxvsz=307200, maxrss=2445312, nvcsw=1, nivcsw=1 }</checker-stats-str>
      <input size="11">1559362045
</input>
      <output size="15">5
29
659
16319
</output>
      <correct size="15">5 29 659 16319
</correct>
      <stderr size="61">Warning: cannot find your CPU L2 cache size in /proc/cpuinfo
</stderr>
      <checker size="3">OK
</checker>
    </test>
    <test num="74" status="OK" time="79" real-time="88" max-memory-used="30339072"  checker-comment="OK" >
  <program-stats-str>{ utime=72, stime=7, ptime=79, rtime=88, maxvsz=30339072, maxrss=27537408, nvcsw=1, nivcsw=13 }</program-stats-str>
  <checker-stats-str>{ utime=0, stime=0, ptime=0, rtime=1, maxvsz=307200, maxrss=2445312, nvcsw=1, nivcsw=1 }</checker-stats-str>
      <input size="9">87003083
</input>
      <output size="12">97
137
6547
</output>
      <correct size="12">97 137 6547
</correct>
      <stderr size="61">Warning: cannot find your CPU L2 cache size in /proc/cpuinfo
</stderr>
      <checker size="3">OK
</checker>
    </test>
    <test num="75" status="OK" time="78" real-time="89" max-memory-used="30339072"  checker-comment="OK" >
  <program-stats-str>{ utime=76, stime=2, ptime=78, rtime=89, maxvsz=30339072, maxrss=27684864, nvcsw=1, nivcsw=13 }</program-stats-str>
  <checker-stats-str>{ utime=0, stime=0, ptime=0, rtime=2, maxvsz=307200, maxrss=2445312, nvcsw=1, nivcsw=1 }</checker-stats-str>
      <input size="11">1041356745
</input>
      <output size="20">3
3
5
11
13
41
3947
</output>
      <correct size="20">3 3 5 11 13 41 3947
</correct>
      <stderr size="61">Warning: cannot find your CPU L2 cache size in /proc/cpuinfo
</stderr>
      <checker size="3">OK
</checker>
    </test>
    <test num="76" status="OK" time="79" real-time="85" max-memory-used="30339072"  checker-comment="OK" >
  <program-stats-str>{ utime=71, stime=8, ptime=79, rtime=85, maxvsz=30339072, maxrss=27586560, nvcsw=1, nivcsw=15 }</program-stats-str>
  <checker-stats-str>{ utime=0, stime=0, ptime=0, rtime=2, maxvsz=307200, maxrss=2445312, nvcsw=1, nivcsw=1 }</checker-stats-str>
      <input size="10">791891809
</input>
      <output size="12">73
10847833
</output>
      <correct size="12">73 10847833
</correct>
      <stderr size="61">Warning: cannot find your CPU L2 cache size in /proc/cpuinfo
</stderr>
      <checker size="3">OK
</checker>
    </test>
    <test num="77" status="OK" time="75" real-time="80" max-memory-used="30339072"  checker-comment="OK" >
  <program-stats-str>{ utime=68, stime=7, ptime=75, rtime=80, maxvsz=30339072, maxrss=27541504, nvcsw=1, nivcsw=13 }</program-stats-str>
  <checker-stats-str>{ utime=1, stime=0, ptime=1, rtime=2, maxvsz=307200, maxrss=2445312, nvcsw=1, nivcsw=2 }</checker-stats-str>
      <input size="10">486237013
</input>
      <output size="11">73
6660781
</output>
      <correct size="11">73 6660781
</correct>
      <stderr size="61">Warning: cannot find your CPU L2 cache size in /proc/cpuinfo
</stderr>
      <checker size="3">OK
</checker>
    </test>
    <test num="78" status="OK" time="76" real-time="85" max-memory-used="30339072"  checker-comment="OK" >
  <program-stats-str>{ utime=69, stime=7, ptime=76, rtime=85, maxvsz=30339072, maxrss=27631616, nvcsw=1, nivcsw=14 }</program-stats-str>
  <checker-stats-str>{ utime=0, stime=0, ptime=0, rtime=2, maxvsz=307200, maxrss=2445312, nvcsw=1, nivcsw=1 }</checker-stats-str>
      <input size="10">317210601
</input>
      <output size="13">3
109
970063
</output>
      <correct size="13">3 109 970063
</correct>
      <stderr size="61">Warning: cannot find your CPU L2 cache size in /proc/cpuinfo
</stderr>
      <checker size="3">OK
</checker>
    </test>
    <test num="79" status="OK" time="78" real-time="84" max-memory-used="30339072"  checker-comment="OK" >
  <program-stats-str>{ utime=70, stime=8, ptime=78, rtime=84, maxvsz=30339072, maxrss=27582464, nvcsw=1, nivcsw=15 }</program-stats-str>
  <checker-stats-str>{ utime=0, stime=0, ptime=0, rtime=2, maxvsz=307200, maxrss=2445312, nvcsw=1, nivcsw=1 }</checker-stats-str>
      <input size="10">703284949
</input>
      <output size="12">359
1959011
</output>
      <correct size="12">359 1959011
</correct>
      <stderr size="61">Warning: cannot find your CPU L2 cache size in /proc/cpuinfo
</stderr>
      <checker size="3">OK
</checker>
    </test>
    <test num="80" status="OK" time="75" real-time="88" max-memory-used="30339072"  checker-comment="OK" >
  <program-stats-str>{ utime=73, stime=2, ptime=75, rtime=88, maxvsz=30339072, maxrss=27455488, nvcsw=1, nivcsw=14 }</program-stats-str>
  <checker-stats-str>{ utime=0, stime=0, ptime=0, rtime=2, maxvsz=307200, maxrss=2445312, nvcsw=1, nivcsw=1 }</checker-stats-str>
      <input size="10">495397435
</input>
      <output size="15">5
13
149
51151
</output>
      <correct size="15">5 13 149 51151
</correct>
      <stderr size="61">Warning: cannot find your CPU L2 cache size in /proc/cpuinfo
</stderr>
      <checker size="3">OK
</checker>
    </test>
    <test num="81" status="OK" time="72" real-time="83" max-memory-used="30339072"  checker-comment="OK" >
  <program-stats-str>{ utime=61, stime=11, ptime=72, rtime=83, maxvsz=30339072, maxrss=27537408, nvcsw=1, nivcsw=17 }</program-stats-str>
  <checker-stats-str>{ utime=0, stime=0, ptime=0, rtime=1, maxvsz=307200, maxrss=2445312, nvcsw=1, nivcsw=1 }</checker-stats-str>
      <input size="10">122611344
</input>
      <output size="23">2
2
2
2
3
17
23
47
139
</output>
      <correct size="23">2 2 2 2 3 17 23 47 139
</correct>
      <stderr size="61">Warning: cannot find your CPU L2 cache size in /proc/cpuinfo
</stderr>
      <checker size="3">OK
</checker>
    </test>
    <test num="82" status="OK" time="72" real-time="78" max-memory-used="30339072"  checker-comment="OK" >
  <program-stats-str>{ utime=58, stime=14, ptime=72, rtime=78, maxvsz=30339072, maxrss=27344896, nvcsw=1, nivcsw=15 }</program-stats-str>
  <checker-stats-str>{ utime=1, stime=0, ptime=1, rtime=3, maxvsz=307200, maxrss=2445312, nvcsw=1, nivcsw=1 }</checker-stats-str>
      <input size="4">132
</input>
      <output size="9">2
2
3
11
</output>
      <correct size="9">2 2 3 11
</correct>
      <stderr size="61">Warning: cannot find your CPU L2 cache size in /proc/cpuinfo
</stderr>
      <checker size="3">OK
</checker>
    </test>
  </tests>
</testing-report>
