Content-type: text/xml

<?xml version="1.0" encoding="utf-8"?>
<testing-report run-id="423" judge-id="3" status="WA" scoring="ACM" run-tests="13" contest-id="3100" real-time-available="yes" max-memory-used-available="yes" correct-available="yes" failed-test="13" time-limit-ms="2000" real-time-limit-ms="5000" marked-flag="no" >
  <uuid>10eaccb1-a1c4-41c7-a231-3a99bdf865c1</uuid>
  <host>localhost.localdomain</host>
  <cpu-model>Intel(R) Pentium(R) CPU 3550M @ 2.30GHz</cpu-model>
  <cpu-mhz>2294.738</cpu-mhz>
  <compiler_output></compiler_output>
  <tests>
    <test num="1" status="OK" time="27" real-time="29" max-memory-used="307200"  checker-comment="ok Correct answer!" >
  <program-stats-str>{ utime=27, stime=0, ptime=27, rtime=29, maxvsz=307200, maxrss=6262784, nvcsw=1, nivcsw=5 }</program-stats-str>
  <checker-stats-str>{ utime=0, stime=1, ptime=1, rtime=3, maxvsz=17260544, maxrss=3031040, nvcsw=1, nivcsw=1 }</checker-stats-str>
      <input size="2">4
</input>
      <output size="4">2 2
</output>
      <correct size="4">2 2
</correct>
      <stderr size="0"></stderr>
      <checker size="19">ok Correct answer!
</checker>
    </test>
    <test num="2" status="OK" time="28" real-time="33" max-memory-used="307200"  checker-comment="ok Correct answer!" >
  <program-stats-str>{ utime=21, stime=7, ptime=28, rtime=33, maxvsz=307200, maxrss=6307840, nvcsw=1, nivcsw=7 }</program-stats-str>
  <checker-stats-str>{ utime=0, stime=1, ptime=1, rtime=3, maxvsz=17260544, maxrss=3145728, nvcsw=1, nivcsw=1 }</checker-stats-str>
      <input size="2">6
</input>
      <output size="4">3 3
</output>
      <correct size="4">3 3
</correct>
      <stderr size="0"></stderr>
      <checker size="19">ok Correct answer!
</checker>
    </test>
    <test num="3" status="OK" time="28" real-time="30" max-memory-used="307200"  checker-comment="ok Correct answer!" >
  <program-stats-str>{ utime=20, stime=8, ptime=28, rtime=30, maxvsz=307200, maxrss=6176768, nvcsw=1, nivcsw=6 }</program-stats-str>
  <checker-stats-str>{ utime=0, stime=1, ptime=1, rtime=3, maxvsz=17260544, maxrss=3096576, nvcsw=1, nivcsw=1 }</checker-stats-str>
      <input size="2">8
</input>
      <output size="4">3 5
</output>
      <correct size="4">3 5
</correct>
      <stderr size="0"></stderr>
      <checker size="19">ok Correct answer!
</checker>
    </test>
    <test num="4" status="OK" time="28" real-time="30" max-memory-used="307200"  checker-comment="ok Correct answer!" >
  <program-stats-str>{ utime=28, stime=0, ptime=28, rtime=30, maxvsz=307200, maxrss=6340608, nvcsw=1, nivcsw=5 }</program-stats-str>
  <checker-stats-str>{ utime=0, stime=1, ptime=1, rtime=2, maxvsz=17260544, maxrss=3084288, nvcsw=1, nivcsw=1 }</checker-stats-str>
      <input size="3">10
</input>
      <output size="4">3 7
</output>
      <correct size="4">3 7
</correct>
      <stderr size="0"></stderr>
      <checker size="19">ok Correct answer!
</checker>
    </test>
    <test num="5" status="OK" time="28" real-time="32" max-memory-used="307200"  checker-comment="ok Correct answer!" >
  <program-stats-str>{ utime=28, stime=0, ptime=28, rtime=32, maxvsz=307200, maxrss=6393856, nvcsw=1, nivcsw=6 }</program-stats-str>
  <checker-stats-str>{ utime=0, stime=1, ptime=1, rtime=3, maxvsz=17260544, maxrss=3100672, nvcsw=1, nivcsw=1 }</checker-stats-str>
      <input size="3">12
</input>
      <output size="4">5 7
</output>
      <correct size="4">5 7
</correct>
      <stderr size="0"></stderr>
      <checker size="19">ok Correct answer!
</checker>
    </test>
    <test num="6" status="OK" time="27" real-time="30" max-memory-used="307200"  checker-comment="ok Correct answer!" >
  <program-stats-str>{ utime=27, stime=0, ptime=27, rtime=30, maxvsz=307200, maxrss=6258688, nvcsw=1, nivcsw=6 }</program-stats-str>
  <checker-stats-str>{ utime=0, stime=1, ptime=1, rtime=2, maxvsz=17260544, maxrss=3125248, nvcsw=1, nivcsw=1 }</checker-stats-str>
      <input size="3">14
</input>
      <output size="5">3 11
</output>
      <correct size="5">3 11
</correct>
      <stderr size="0"></stderr>
      <checker size="19">ok Correct answer!
</checker>
    </test>
    <test num="7" status="OK" time="28" real-time="29" max-memory-used="307200"  checker-comment="ok Correct answer!" >
  <program-stats-str>{ utime=28, stime=0, ptime=28, rtime=29, maxvsz=307200, maxrss=6344704, nvcsw=1, nivcsw=4 }</program-stats-str>
  <checker-stats-str>{ utime=0, stime=1, ptime=1, rtime=2, maxvsz=17260544, maxrss=2965504, nvcsw=1, nivcsw=1 }</checker-stats-str>
      <input size="3">16
</input>
      <output size="5">3 13
</output>
      <correct size="5">3 13
</correct>
      <stderr size="0"></stderr>
      <checker size="19">ok Correct answer!
</checker>
    </test>
    <test num="8" status="OK" time="28" real-time="32" max-memory-used="307200"  checker-comment="ok Correct answer!" >
  <program-stats-str>{ utime=21, stime=7, ptime=28, rtime=32, maxvsz=307200, maxrss=6291456, nvcsw=1, nivcsw=5 }</program-stats-str>
  <checker-stats-str>{ utime=0, stime=1, ptime=1, rtime=3, maxvsz=17260544, maxrss=3174400, nvcsw=1, nivcsw=1 }</checker-stats-str>
      <input size="3">18
</input>
      <output size="5">5 13
</output>
      <correct size="5">5 13
</correct>
      <stderr size="0"></stderr>
      <checker size="19">ok Correct answer!
</checker>
    </test>
    <test num="9" status="OK" time="26" real-time="30" max-memory-used="307200"  checker-comment="ok Correct answer!" >
  <program-stats-str>{ utime=26, stime=0, ptime=26, rtime=30, maxvsz=307200, maxrss=6287360, nvcsw=1, nivcsw=4 }</program-stats-str>
  <checker-stats-str>{ utime=0, stime=1, ptime=1, rtime=2, maxvsz=17260544, maxrss=3031040, nvcsw=1, nivcsw=1 }</checker-stats-str>
      <input size="3">20
</input>
      <output size="5">3 17
</output>
      <correct size="5">3 17
</correct>
      <stderr size="0"></stderr>
      <checker size="19">ok Correct answer!
</checker>
    </test>
    <test num="10" status="OK" time="28" real-time="30" max-memory-used="307200"  checker-comment="ok Correct answer!" >
  <program-stats-str>{ utime=22, stime=6, ptime=28, rtime=30, maxvsz=307200, maxrss=6254592, nvcsw=1, nivcsw=6 }</program-stats-str>
  <checker-stats-str>{ utime=1, stime=0, ptime=1, rtime=3, maxvsz=17260544, maxrss=3346432, nvcsw=1, nivcsw=2 }</checker-stats-str>
      <input size="3">32
</input>
      <output size="5">3 29
</output>
      <correct size="5">3 29
</correct>
      <stderr size="0"></stderr>
      <checker size="19">ok Correct answer!
</checker>
    </test>
    <test num="11" status="OK" time="28" real-time="104" max-memory-used="307200"  checker-comment="ok Correct answer!" >
  <program-stats-str>{ utime=14, stime=14, ptime=28, rtime=104, maxvsz=307200, maxrss=6262784, nvcsw=2, nivcsw=6 }</program-stats-str>
  <checker-stats-str>{ utime=0, stime=2, ptime=2, rtime=3, maxvsz=17260544, maxrss=3170304, nvcsw=1, nivcsw=2 }</checker-stats-str>
      <input size="3">68
</input>
      <output size="5">7 61
</output>
      <correct size="5">7 61
</correct>
      <stderr size="0"></stderr>
      <checker size="19">ok Correct answer!
</checker>
    </test>
    <test num="12" status="OK" time="29" real-time="32" max-memory-used="307200"  checker-comment="ok Correct answer!" >
  <program-stats-str>{ utime=29, stime=0, ptime=29, rtime=32, maxvsz=307200, maxrss=6389760, nvcsw=1, nivcsw=6 }</program-stats-str>
  <checker-stats-str>{ utime=0, stime=1, ptime=1, rtime=2, maxvsz=17260544, maxrss=2961408, nvcsw=1, nivcsw=1 }</checker-stats-str>
      <input size="4">100
</input>
      <output size="5">3 97
</output>
      <correct size="5">3 97
</correct>
      <stderr size="0"></stderr>
      <checker size="19">ok Correct answer!
</checker>
    </test>
    <test num="13" status="WA" time="116" real-time="123" max-memory-used="9437184"  checker-comment="wrong answer Number 9 is not prime" >
  <program-stats-str>{ utime=116, stime=0, ptime=116, rtime=123, maxvsz=9437184, maxrss=6598656, nvcsw=1, nivcsw=14 }</program-stats-str>
  <checker-stats-str>{ utime=1, stime=0, ptime=1, rtime=4, maxvsz=17260544, maxrss=3170304, nvcsw=1, nivcsw=2 }</checker-stats-str>
      <input size="7">109046
</input>
      <output size="9">9 109037
</output>
      <correct size="10">79 108967
</correct>
      <stderr size="0"></stderr>
      <checker size="35">wrong answer Number 9 is not prime
</checker>
    </test>
  </tests>
</testing-report>
