Content-type: text/xml

<?xml version="1.0" encoding="utf-8"?>
<testing-report run-id="431" judge-id="1" status="TL" scoring="ACM" run-tests="3" contest-id="3100" real-time-available="yes" max-memory-used-available="yes" correct-available="yes" failed-test="3" time-limit-ms="2000" real-time-limit-ms="5000" marked-flag="no" >
  <uuid>83d0550b-dbf3-4834-b88b-b7df199f279b</uuid>
  <host>localhost.localdomain</host>
  <cpu-model>Intel(R) Pentium(R) CPU 3550M @ 2.30GHz</cpu-model>
  <cpu-mhz>2294.738</cpu-mhz>
  <compiler_output>000431.cpp: In function 'int main()':
000431.cpp:14:16: warning: comparison between signed and unsigned integer expressions [-Wsign-compare]
   while (curr_i&lt;k) {
                ^
000431.cpp:22:19: warning: comparison between signed and unsigned integer expressions [-Wsign-compare]
   while (curr_i%k != i) {
                   ^
</compiler_output>
  <tests>
    <test num="1" status="OK" time="1" real-time="2" max-memory-used="307200"  checker-comment="OK" >
  <program-stats-str>{ utime=0, stime=1, ptime=1, rtime=2, maxvsz=307200, maxrss=2879488, nvcsw=1, nivcsw=1 }</program-stats-str>
  <checker-stats-str>{ utime=0, stime=0, ptime=0, rtime=1, maxvsz=307200, maxrss=2654208, nvcsw=1, nivcsw=1 }</checker-stats-str>
      <input size="3">37
</input>
      <output size="3">1 3</output>
      <correct size="4">1 3
</correct>
      <stderr size="0"></stderr>
      <checker size="3">OK
</checker>
    </test>
    <test num="2" status="OK" time="1" real-time="2" max-memory-used="307200"  checker-comment="OK" >
  <program-stats-str>{ utime=0, stime=1, ptime=1, rtime=2, maxvsz=307200, maxrss=2875392, nvcsw=1, nivcsw=1 }</program-stats-str>
  <checker-stats-str>{ utime=0, stime=0, ptime=0, rtime=1, maxvsz=307200, maxrss=2654208, nvcsw=1, nivcsw=1 }</checker-stats-str>
      <input size="3">25
</input>
      <output size="10">Impossible</output>
      <correct size="11">Impossible
</correct>
      <stderr size="0"></stderr>
      <checker size="3">OK
</checker>
    </test>
    <test num="3" status="TL" time="2047" real-time="2181" max-memory-used="4354048" >
  <program-stats-str>{ utime=2003, stime=44, ptime=2047, rtime=2181, maxvsz=4354048, maxrss=2899968, nvcsw=1, nivcsw=173 }</program-stats-str>
      <input size="4">997
</input>
      <output size="0"></output>
      <stderr size="0"></stderr>
    </test>
  </tests>
</testing-report>
