Content-type: text/xml

<?xml version="1.0" encoding="utf-8"?>
<testing-report run-id="462" judge-id="2" status="WA" scoring="ACM" run-tests="1" contest-id="3100" real-time-available="yes" max-memory-used-available="yes" correct-available="yes" failed-test="1" time-limit-ms="2000" real-time-limit-ms="5000" marked-flag="no" >
  <uuid>37a40212-6e47-428b-ae7d-1d0c3ea727ff</uuid>
  <host>localhost.localdomain</host>
  <cpu-model>Intel(R) Pentium(R) CPU 3550M @ 2.30GHz</cpu-model>
  <cpu-mhz>2294.738</cpu-mhz>
  <compiler_output></compiler_output>
  <tests>
    <test num="1" status="WA" time="1" real-time="2" max-memory-used="307200"  checker-comment="Different number of lines: output: 0, correct: 1" >
  <program-stats-str>{ utime=0, stime=1, ptime=1, rtime=2, maxvsz=307200, maxrss=2789376, nvcsw=1, nivcsw=1 }</program-stats-str>
  <checker-stats-str>{ utime=0, stime=0, ptime=0, rtime=1, maxvsz=307200, maxrss=2772992, nvcsw=1, nivcsw=1 }</checker-stats-str>
      <input size="2">2
</input>
      <output size="0"></output>
      <correct size="6">prime
</correct>
      <stderr size="0"></stderr>
      <checker size="49">Different number of lines: output: 0, correct: 1
</checker>
    </test>
  </tests>
</testing-report>
