Content-type: text/xml

<?xml version="1.0" encoding="utf-8"?>
<testing-report run-id="400" judge-id="32" status="OK" scoring="ACM" run-tests="82" contest-id="3100" real-time-available="yes" max-memory-used-available="yes" correct-available="yes" time-limit-ms="2000" real-time-limit-ms="5000" marked-flag="no" >
  <uuid>bec6150d-3d27-421f-b7cd-35dd17d06cbf</uuid>
  <host>localhost.localdomain</host>
  <cpu-model>Intel(R) Pentium(R) CPU 3550M @ 2.30GHz</cpu-model>
  <cpu-mhz>2294.738</cpu-mhz>
  <compiler_output></compiler_output>
  <tests>
    <test num="1" status="OK" time="28" real-time="34" max-memory-used="307200"  checker-comment="OK" >
  <program-stats-str>{ utime=28, stime=0, ptime=28, rtime=34, maxvsz=307200, maxrss=6201344, nvcsw=1, nivcsw=9 }</program-stats-str>
  <checker-stats-str>{ utime=0, stime=0, ptime=0, rtime=1, maxvsz=307200, maxrss=2969600, nvcsw=1, nivcsw=1 }</checker-stats-str>
      <input size="2">2
</input>
      <output size="2">2
</output>
      <correct size="2">2
</correct>
      <stderr size="0"></stderr>
      <checker size="3">OK
</checker>
    </test>
    <test num="2" status="OK" time="28" real-time="31" max-memory-used="307200"  checker-comment="OK" >
  <program-stats-str>{ utime=21, stime=7, ptime=28, rtime=31, maxvsz=307200, maxrss=6377472, nvcsw=1, nivcsw=5 }</program-stats-str>
  <checker-stats-str>{ utime=0, stime=0, ptime=0, rtime=2, maxvsz=307200, maxrss=2969600, nvcsw=1, nivcsw=1 }</checker-stats-str>
      <input size="2">3
</input>
      <output size="2">3
</output>
      <correct size="2">3
</correct>
      <stderr size="0"></stderr>
      <checker size="3">OK
</checker>
    </test>
    <test num="3" status="OK" time="24" real-time="31" max-memory-used="307200"  checker-comment="OK" >
  <program-stats-str>{ utime=20, stime=4, ptime=24, rtime=31, maxvsz=307200, maxrss=6103040, nvcsw=1, nivcsw=8 }</program-stats-str>
  <checker-stats-str>{ utime=0, stime=0, ptime=0, rtime=1, maxvsz=307200, maxrss=2969600, nvcsw=1, nivcsw=1 }</checker-stats-str>
      <input size="2">4
</input>
      <output size="4">2 2
</output>
      <correct size="4">2 2
</correct>
      <stderr size="0"></stderr>
      <checker size="3">OK
</checker>
    </test>
    <test num="4" status="OK" time="27" real-time="28" max-memory-used="307200"  checker-comment="OK" >
  <program-stats-str>{ utime=21, stime=6, ptime=27, rtime=28, maxvsz=307200, maxrss=6201344, nvcsw=1, nivcsw=4 }</program-stats-str>
  <checker-stats-str>{ utime=0, stime=0, ptime=0, rtime=1, maxvsz=307200, maxrss=2969600, nvcsw=1, nivcsw=1 }</checker-stats-str>
      <input size="2">5
</input>
      <output size="2">5
</output>
      <correct size="2">5
</correct>
      <stderr size="0"></stderr>
      <checker size="3">OK
</checker>
    </test>
    <test num="5" status="OK" time="27" real-time="29" max-memory-used="307200"  checker-comment="OK" >
  <program-stats-str>{ utime=23, stime=4, ptime=27, rtime=29, maxvsz=307200, maxrss=6303744, nvcsw=1, nivcsw=4 }</program-stats-str>
  <checker-stats-str>{ utime=0, stime=0, ptime=0, rtime=2, maxvsz=307200, maxrss=2969600, nvcsw=1, nivcsw=1 }</checker-stats-str>
      <input size="2">6
</input>
      <output size="4">2 3
</output>
      <correct size="4">2 3
</correct>
      <stderr size="0"></stderr>
      <checker size="3">OK
</checker>
    </test>
    <test num="6" status="OK" time="27" real-time="34" max-memory-used="307200"  checker-comment="OK" >
  <program-stats-str>{ utime=25, stime=2, ptime=27, rtime=34, maxvsz=307200, maxrss=6344704, nvcsw=1, nivcsw=9 }</program-stats-str>
  <checker-stats-str>{ utime=0, stime=0, ptime=0, rtime=1, maxvsz=307200, maxrss=2969600, nvcsw=1, nivcsw=1 }</checker-stats-str>
      <input size="2">7
</input>
      <output size="2">7
</output>
      <correct size="2">7
</correct>
      <stderr size="0"></stderr>
      <checker size="3">OK
</checker>
    </test>
    <test num="7" status="OK" time="30" real-time="35" max-memory-used="307200"  checker-comment="OK" >
  <program-stats-str>{ utime=29, stime=1, ptime=30, rtime=35, maxvsz=307200, maxrss=6094848, nvcsw=1, nivcsw=10 }</program-stats-str>
  <checker-stats-str>{ utime=0, stime=0, ptime=0, rtime=2, maxvsz=307200, maxrss=2969600, nvcsw=1, nivcsw=1 }</checker-stats-str>
      <input size="2">8
</input>
      <output size="6">2 2 2
</output>
      <correct size="6">2 2 2
</correct>
      <stderr size="0"></stderr>
      <checker size="3">OK
</checker>
    </test>
    <test num="8" status="OK" time="26" real-time="33" max-memory-used="307200"  checker-comment="OK" >
  <program-stats-str>{ utime=26, stime=0, ptime=26, rtime=33, maxvsz=307200, maxrss=6078464, nvcsw=1, nivcsw=5 }</program-stats-str>
  <checker-stats-str>{ utime=0, stime=0, ptime=0, rtime=1, maxvsz=307200, maxrss=2969600, nvcsw=1, nivcsw=1 }</checker-stats-str>
      <input size="2">9
</input>
      <output size="4">3 3
</output>
      <correct size="4">3 3
</correct>
      <stderr size="0"></stderr>
      <checker size="3">OK
</checker>
    </test>
    <test num="9" status="OK" time="27" real-time="31" max-memory-used="307200"  checker-comment="OK" >
  <program-stats-str>{ utime=21, stime=6, ptime=27, rtime=31, maxvsz=307200, maxrss=6287360, nvcsw=1, nivcsw=7 }</program-stats-str>
  <checker-stats-str>{ utime=0, stime=0, ptime=0, rtime=2, maxvsz=307200, maxrss=2969600, nvcsw=1, nivcsw=1 }</checker-stats-str>
      <input size="3">10
</input>
      <output size="4">2 5
</output>
      <correct size="4">2 5
</correct>
      <stderr size="0"></stderr>
      <checker size="3">OK
</checker>
    </test>
    <test num="10" status="OK" time="26" real-time="28" max-memory-used="307200"  checker-comment="OK" >
  <program-stats-str>{ utime=20, stime=6, ptime=26, rtime=28, maxvsz=307200, maxrss=6303744, nvcsw=1, nivcsw=5 }</program-stats-str>
  <checker-stats-str>{ utime=0, stime=0, ptime=0, rtime=1, maxvsz=307200, maxrss=2969600, nvcsw=1, nivcsw=1 }</checker-stats-str>
      <input size="3">11
</input>
      <output size="3">11
</output>
      <correct size="3">11
</correct>
      <stderr size="0"></stderr>
      <checker size="3">OK
</checker>
    </test>
    <test num="11" status="OK" time="28" real-time="31" max-memory-used="307200"  checker-comment="OK" >
  <program-stats-str>{ utime=26, stime=2, ptime=28, rtime=31, maxvsz=307200, maxrss=6078464, nvcsw=1, nivcsw=7 }</program-stats-str>
  <checker-stats-str>{ utime=0, stime=0, ptime=0, rtime=2, maxvsz=307200, maxrss=2969600, nvcsw=1, nivcsw=1 }</checker-stats-str>
      <input size="3">12
</input>
      <output size="6">2 2 3
</output>
      <correct size="6">2 2 3
</correct>
      <stderr size="0"></stderr>
      <checker size="3">OK
</checker>
    </test>
    <test num="12" status="OK" time="26" real-time="30" max-memory-used="307200"  checker-comment="OK" >
  <program-stats-str>{ utime=18, stime=8, ptime=26, rtime=30, maxvsz=307200, maxrss=6287360, nvcsw=1, nivcsw=7 }</program-stats-str>
  <checker-stats-str>{ utime=0, stime=0, ptime=0, rtime=3, maxvsz=307200, maxrss=2969600, nvcsw=1, nivcsw=1 }</checker-stats-str>
      <input size="3">13
</input>
      <output size="3">13
</output>
      <correct size="3">13
</correct>
      <stderr size="0"></stderr>
      <checker size="3">OK
</checker>
    </test>
    <test num="13" status="OK" time="26" real-time="28" max-memory-used="307200"  checker-comment="OK" >
  <program-stats-str>{ utime=26, stime=0, ptime=26, rtime=28, maxvsz=307200, maxrss=6144000, nvcsw=1, nivcsw=5 }</program-stats-str>
  <checker-stats-str>{ utime=0, stime=0, ptime=0, rtime=1, maxvsz=307200, maxrss=2969600, nvcsw=1, nivcsw=1 }</checker-stats-str>
      <input size="3">14
</input>
      <output size="4">2 7
</output>
      <correct size="4">2 7
</correct>
      <stderr size="0"></stderr>
      <checker size="3">OK
</checker>
    </test>
    <test num="14" status="OK" time="38" real-time="53" max-memory-used="307200"  checker-comment="OK" >
  <program-stats-str>{ utime=30, stime=8, ptime=38, rtime=53, maxvsz=307200, maxrss=6340608, nvcsw=1, nivcsw=16 }</program-stats-str>
  <checker-stats-str>{ utime=0, stime=0, ptime=0, rtime=3, maxvsz=307200, maxrss=2969600, nvcsw=1, nivcsw=2 }</checker-stats-str>
      <input size="3">15
</input>
      <output size="4">3 5
</output>
      <correct size="4">3 5
</correct>
      <stderr size="0"></stderr>
      <checker size="3">OK
</checker>
    </test>
    <test num="15" status="OK" time="32" real-time="37" max-memory-used="307200"  checker-comment="OK" >
  <program-stats-str>{ utime=31, stime=1, ptime=32, rtime=37, maxvsz=307200, maxrss=6103040, nvcsw=1, nivcsw=11 }</program-stats-str>
  <checker-stats-str>{ utime=0, stime=0, ptime=0, rtime=3, maxvsz=307200, maxrss=2969600, nvcsw=1, nivcsw=1 }</checker-stats-str>
      <input size="3">16
</input>
      <output size="8">2 2 2 2
</output>
      <correct size="8">2 2 2 2
</correct>
      <stderr size="0"></stderr>
      <checker size="3">OK
</checker>
    </test>
    <test num="16" status="OK" time="34" real-time="40" max-memory-used="307200"  checker-comment="OK" >
  <program-stats-str>{ utime=28, stime=6, ptime=34, rtime=40, maxvsz=307200, maxrss=6279168, nvcsw=1, nivcsw=14 }</program-stats-str>
  <checker-stats-str>{ utime=0, stime=1, ptime=1, rtime=2, maxvsz=307200, maxrss=2969600, nvcsw=1, nivcsw=1 }</checker-stats-str>
      <input size="3">17
</input>
      <output size="3">17
</output>
      <correct size="3">17
</correct>
      <stderr size="0"></stderr>
      <checker size="3">OK
</checker>
    </test>
    <test num="17" status="OK" time="28" real-time="33" max-memory-used="307200"  checker-comment="OK" >
  <program-stats-str>{ utime=22, stime=6, ptime=28, rtime=33, maxvsz=307200, maxrss=6197248, nvcsw=1, nivcsw=10 }</program-stats-str>
  <checker-stats-str>{ utime=0, stime=0, ptime=0, rtime=1, maxvsz=307200, maxrss=2969600, nvcsw=1, nivcsw=1 }</checker-stats-str>
      <input size="3">18
</input>
      <output size="6">2 3 3
</output>
      <correct size="6">2 3 3
</correct>
      <stderr size="0"></stderr>
      <checker size="3">OK
</checker>
    </test>
    <test num="18" status="OK" time="30" real-time="33" max-memory-used="307200"  checker-comment="OK" >
  <program-stats-str>{ utime=22, stime=8, ptime=30, rtime=33, maxvsz=307200, maxrss=6254592, nvcsw=1, nivcsw=9 }</program-stats-str>
  <checker-stats-str>{ utime=0, stime=0, ptime=0, rtime=1, maxvsz=307200, maxrss=2969600, nvcsw=1, nivcsw=1 }</checker-stats-str>
      <input size="3">19
</input>
      <output size="3">19
</output>
      <correct size="3">19
</correct>
      <stderr size="0"></stderr>
      <checker size="3">OK
</checker>
    </test>
    <test num="19" status="OK" time="26" real-time="28" max-memory-used="307200"  checker-comment="OK" >
  <program-stats-str>{ utime=17, stime=9, ptime=26, rtime=28, maxvsz=307200, maxrss=6209536, nvcsw=1, nivcsw=5 }</program-stats-str>
  <checker-stats-str>{ utime=0, stime=0, ptime=0, rtime=2, maxvsz=307200, maxrss=2969600, nvcsw=1, nivcsw=2 }</checker-stats-str>
      <input size="3">20
</input>
      <output size="6">2 2 5
</output>
      <correct size="6">2 2 5
</correct>
      <stderr size="0"></stderr>
      <checker size="3">OK
</checker>
    </test>
    <test num="20" status="OK" time="26" real-time="29" max-memory-used="307200"  checker-comment="OK" >
  <program-stats-str>{ utime=21, stime=5, ptime=26, rtime=29, maxvsz=307200, maxrss=6336512, nvcsw=1, nivcsw=5 }</program-stats-str>
  <checker-stats-str>{ utime=0, stime=0, ptime=0, rtime=2, maxvsz=307200, maxrss=2969600, nvcsw=1, nivcsw=2 }</checker-stats-str>
      <input size="3">21
</input>
      <output size="4">3 7
</output>
      <correct size="4">3 7
</correct>
      <stderr size="0"></stderr>
      <checker size="3">OK
</checker>
    </test>
    <test num="21" status="OK" time="30" real-time="33" max-memory-used="307200"  checker-comment="OK" >
  <program-stats-str>{ utime=26, stime=4, ptime=30, rtime=33, maxvsz=307200, maxrss=6377472, nvcsw=1, nivcsw=9 }</program-stats-str>
  <checker-stats-str>{ utime=0, stime=0, ptime=0, rtime=1, maxvsz=307200, maxrss=2969600, nvcsw=1, nivcsw=1 }</checker-stats-str>
      <input size="3">22
</input>
      <output size="5">2 11
</output>
      <correct size="5">2 11
</correct>
      <stderr size="0"></stderr>
      <checker size="3">OK
</checker>
    </test>
    <test num="22" status="OK" time="35" real-time="50" max-memory-used="307200"  checker-comment="OK" >
  <program-stats-str>{ utime=33, stime=2, ptime=35, rtime=50, maxvsz=307200, maxrss=6299648, nvcsw=1, nivcsw=14 }</program-stats-str>
  <checker-stats-str>{ utime=0, stime=0, ptime=0, rtime=2, maxvsz=307200, maxrss=2969600, nvcsw=1, nivcsw=1 }</checker-stats-str>
      <input size="3">23
</input>
      <output size="3">23
</output>
      <correct size="3">23
</correct>
      <stderr size="0"></stderr>
      <checker size="3">OK
</checker>
    </test>
    <test num="23" status="OK" time="31" real-time="36" max-memory-used="307200"  checker-comment="OK" >
  <program-stats-str>{ utime=25, stime=6, ptime=31, rtime=36, maxvsz=307200, maxrss=6311936, nvcsw=1, nivcsw=9 }</program-stats-str>
  <checker-stats-str>{ utime=0, stime=0, ptime=0, rtime=2, maxvsz=307200, maxrss=2969600, nvcsw=1, nivcsw=1 }</checker-stats-str>
      <input size="3">24
</input>
      <output size="8">2 2 2 3
</output>
      <correct size="8">2 2 2 3
</correct>
      <stderr size="0"></stderr>
      <checker size="3">OK
</checker>
    </test>
    <test num="24" status="OK" time="32" real-time="42" max-memory-used="307200"  checker-comment="OK" >
  <program-stats-str>{ utime=20, stime=12, ptime=32, rtime=42, maxvsz=307200, maxrss=6086656, nvcsw=1, nivcsw=8 }</program-stats-str>
  <checker-stats-str>{ utime=0, stime=0, ptime=0, rtime=1, maxvsz=307200, maxrss=2969600, nvcsw=1, nivcsw=1 }</checker-stats-str>
      <input size="3">25
</input>
      <output size="4">5 5
</output>
      <correct size="4">5 5
</correct>
      <stderr size="0"></stderr>
      <checker size="3">OK
</checker>
    </test>
    <test num="25" status="OK" time="26" real-time="28" max-memory-used="307200"  checker-comment="OK" >
  <program-stats-str>{ utime=21, stime=5, ptime=26, rtime=28, maxvsz=307200, maxrss=6369280, nvcsw=1, nivcsw=4 }</program-stats-str>
  <checker-stats-str>{ utime=0, stime=0, ptime=0, rtime=1, maxvsz=307200, maxrss=2969600, nvcsw=1, nivcsw=1 }</checker-stats-str>
      <input size="3">26
</input>
      <output size="5">2 13
</output>
      <correct size="5">2 13
</correct>
      <stderr size="0"></stderr>
      <checker size="3">OK
</checker>
    </test>
    <test num="26" status="OK" time="31" real-time="35" max-memory-used="307200"  checker-comment="OK" >
  <program-stats-str>{ utime=28, stime=3, ptime=31, rtime=35, maxvsz=307200, maxrss=6152192, nvcsw=1, nivcsw=9 }</program-stats-str>
  <checker-stats-str>{ utime=0, stime=0, ptime=0, rtime=2, maxvsz=307200, maxrss=2969600, nvcsw=1, nivcsw=2 }</checker-stats-str>
      <input size="3">27
</input>
      <output size="6">3 3 3
</output>
      <correct size="6">3 3 3
</correct>
      <stderr size="0"></stderr>
      <checker size="3">OK
</checker>
    </test>
    <test num="27" status="OK" time="37" real-time="40" max-memory-used="307200"  checker-comment="OK" >
  <program-stats-str>{ utime=35, stime=2, ptime=37, rtime=40, maxvsz=307200, maxrss=6201344, nvcsw=1, nivcsw=10 }</program-stats-str>
  <checker-stats-str>{ utime=0, stime=0, ptime=0, rtime=2, maxvsz=307200, maxrss=2969600, nvcsw=1, nivcsw=1 }</checker-stats-str>
      <input size="3">28
</input>
      <output size="6">2 2 7
</output>
      <correct size="6">2 2 7
</correct>
      <stderr size="0"></stderr>
      <checker size="3">OK
</checker>
    </test>
    <test num="28" status="OK" time="28" real-time="30" max-memory-used="307200"  checker-comment="OK" >
  <program-stats-str>{ utime=18, stime=10, ptime=28, rtime=30, maxvsz=307200, maxrss=6246400, nvcsw=1, nivcsw=6 }</program-stats-str>
  <checker-stats-str>{ utime=0, stime=0, ptime=0, rtime=2, maxvsz=307200, maxrss=2969600, nvcsw=1, nivcsw=1 }</checker-stats-str>
      <input size="3">29
</input>
      <output size="3">29
</output>
      <correct size="3">29
</correct>
      <stderr size="0"></stderr>
      <checker size="3">OK
</checker>
    </test>
    <test num="29" status="OK" time="27" real-time="29" max-memory-used="307200"  checker-comment="OK" >
  <program-stats-str>{ utime=20, stime=7, ptime=27, rtime=29, maxvsz=307200, maxrss=6389760, nvcsw=1, nivcsw=5 }</program-stats-str>
  <checker-stats-str>{ utime=0, stime=0, ptime=0, rtime=1, maxvsz=307200, maxrss=2969600, nvcsw=1, nivcsw=2 }</checker-stats-str>
      <input size="3">30
</input>
      <output size="6">2 3 5
</output>
      <correct size="6">2 3 5
</correct>
      <stderr size="0"></stderr>
      <checker size="3">OK
</checker>
    </test>
    <test num="30" status="OK" time="30" real-time="35" max-memory-used="307200"  checker-comment="OK" >
  <program-stats-str>{ utime=23, stime=7, ptime=30, rtime=35, maxvsz=307200, maxrss=6381568, nvcsw=1, nivcsw=9 }</program-stats-str>
  <checker-stats-str>{ utime=0, stime=0, ptime=0, rtime=2, maxvsz=307200, maxrss=2969600, nvcsw=1, nivcsw=1 }</checker-stats-str>
      <input size="3">31
</input>
      <output size="3">31
</output>
      <correct size="3">31
</correct>
      <stderr size="0"></stderr>
      <checker size="3">OK
</checker>
    </test>
    <test num="31" status="OK" time="30" real-time="33" max-memory-used="307200"  checker-comment="OK" >
  <program-stats-str>{ utime=26, stime=4, ptime=30, rtime=33, maxvsz=307200, maxrss=6356992, nvcsw=1, nivcsw=7 }</program-stats-str>
  <checker-stats-str>{ utime=0, stime=0, ptime=0, rtime=1, maxvsz=307200, maxrss=2969600, nvcsw=1, nivcsw=1 }</checker-stats-str>
      <input size="3">32
</input>
      <output size="10">2 2 2 2 2
</output>
      <correct size="10">2 2 2 2 2
</correct>
      <stderr size="0"></stderr>
      <checker size="3">OK
</checker>
    </test>
    <test num="32" status="OK" time="27" real-time="35" max-memory-used="307200"  checker-comment="OK" >
  <program-stats-str>{ utime=25, stime=2, ptime=27, rtime=35, maxvsz=307200, maxrss=6250496, nvcsw=1, nivcsw=8 }</program-stats-str>
  <checker-stats-str>{ utime=0, stime=0, ptime=0, rtime=2, maxvsz=307200, maxrss=2969600, nvcsw=1, nivcsw=1 }</checker-stats-str>
      <input size="3">33
</input>
      <output size="5">3 11
</output>
      <correct size="5">3 11
</correct>
      <stderr size="0"></stderr>
      <checker size="3">OK
</checker>
    </test>
    <test num="33" status="OK" time="29" real-time="32" max-memory-used="307200"  checker-comment="OK" >
  <program-stats-str>{ utime=29, stime=0, ptime=29, rtime=32, maxvsz=307200, maxrss=6377472, nvcsw=1, nivcsw=8 }</program-stats-str>
  <checker-stats-str>{ utime=0, stime=0, ptime=0, rtime=2, maxvsz=307200, maxrss=2969600, nvcsw=1, nivcsw=1 }</checker-stats-str>
      <input size="3">34
</input>
      <output size="5">2 17
</output>
      <correct size="5">2 17
</correct>
      <stderr size="0"></stderr>
      <checker size="3">OK
</checker>
    </test>
    <test num="34" status="OK" time="30" real-time="34" max-memory-used="307200"  checker-comment="OK" >
  <program-stats-str>{ utime=30, stime=0, ptime=30, rtime=34, maxvsz=307200, maxrss=6291456, nvcsw=1, nivcsw=10 }</program-stats-str>
  <checker-stats-str>{ utime=0, stime=1, ptime=1, rtime=2, maxvsz=307200, maxrss=2969600, nvcsw=1, nivcsw=1 }</checker-stats-str>
      <input size="3">35
</input>
      <output size="4">5 7
</output>
      <correct size="4">5 7
</correct>
      <stderr size="0"></stderr>
      <checker size="3">OK
</checker>
    </test>
    <test num="35" status="OK" time="28" real-time="32" max-memory-used="307200"  checker-comment="OK" >
  <program-stats-str>{ utime=18, stime=10, ptime=28, rtime=32, maxvsz=307200, maxrss=6107136, nvcsw=1, nivcsw=6 }</program-stats-str>
  <checker-stats-str>{ utime=0, stime=0, ptime=0, rtime=2, maxvsz=307200, maxrss=2969600, nvcsw=1, nivcsw=1 }</checker-stats-str>
      <input size="3">36
</input>
      <output size="8">2 2 3 3
</output>
      <correct size="8">2 2 3 3
</correct>
      <stderr size="0"></stderr>
      <checker size="3">OK
</checker>
    </test>
    <test num="36" status="OK" time="32" real-time="36" max-memory-used="307200"  checker-comment="OK" >
  <program-stats-str>{ utime=28, stime=4, ptime=32, rtime=36, maxvsz=307200, maxrss=6201344, nvcsw=1, nivcsw=9 }</program-stats-str>
  <checker-stats-str>{ utime=0, stime=0, ptime=0, rtime=2, maxvsz=307200, maxrss=2969600, nvcsw=1, nivcsw=1 }</checker-stats-str>
      <input size="3">37
</input>
      <output size="3">37
</output>
      <correct size="3">37
</correct>
      <stderr size="0"></stderr>
      <checker size="3">OK
</checker>
    </test>
    <test num="37" status="OK" time="36" real-time="40" max-memory-used="307200"  checker-comment="OK" >
  <program-stats-str>{ utime=36, stime=0, ptime=36, rtime=40, maxvsz=307200, maxrss=6299648, nvcsw=1, nivcsw=11 }</program-stats-str>
  <checker-stats-str>{ utime=0, stime=0, ptime=0, rtime=1, maxvsz=307200, maxrss=2969600, nvcsw=1, nivcsw=1 }</checker-stats-str>
      <input size="3">38
</input>
      <output size="5">2 19
</output>
      <correct size="5">2 19
</correct>
      <stderr size="0"></stderr>
      <checker size="3">OK
</checker>
    </test>
    <test num="38" status="OK" time="28" real-time="30" max-memory-used="307200"  checker-comment="OK" >
  <program-stats-str>{ utime=28, stime=0, ptime=28, rtime=30, maxvsz=307200, maxrss=6275072, nvcsw=1, nivcsw=4 }</program-stats-str>
  <checker-stats-str>{ utime=0, stime=0, ptime=0, rtime=1, maxvsz=307200, maxrss=2969600, nvcsw=1, nivcsw=1 }</checker-stats-str>
      <input size="3">39
</input>
      <output size="5">3 13
</output>
      <correct size="5">3 13
</correct>
      <stderr size="0"></stderr>
      <checker size="3">OK
</checker>
    </test>
    <test num="39" status="OK" time="29" real-time="32" max-memory-used="307200"  checker-comment="OK" >
  <program-stats-str>{ utime=29, stime=0, ptime=29, rtime=32, maxvsz=307200, maxrss=6139904, nvcsw=1, nivcsw=7 }</program-stats-str>
  <checker-stats-str>{ utime=0, stime=0, ptime=0, rtime=2, maxvsz=307200, maxrss=2969600, nvcsw=1, nivcsw=1 }</checker-stats-str>
      <input size="3">40
</input>
      <output size="8">2 2 2 5
</output>
      <correct size="8">2 2 2 5
</correct>
      <stderr size="0"></stderr>
      <checker size="3">OK
</checker>
    </test>
    <test num="40" status="OK" time="27" real-time="30" max-memory-used="307200"  checker-comment="OK" >
  <program-stats-str>{ utime=24, stime=3, ptime=27, rtime=30, maxvsz=307200, maxrss=6098944, nvcsw=1, nivcsw=6 }</program-stats-str>
  <checker-stats-str>{ utime=1, stime=0, ptime=1, rtime=1, maxvsz=307200, maxrss=2969600, nvcsw=1, nivcsw=1 }</checker-stats-str>
      <input size="3">41
</input>
      <output size="3">41
</output>
      <correct size="3">41
</correct>
      <stderr size="0"></stderr>
      <checker size="3">OK
</checker>
    </test>
    <test num="41" status="OK" time="28" real-time="33" max-memory-used="307200"  checker-comment="OK" >
  <program-stats-str>{ utime=21, stime=7, ptime=28, rtime=33, maxvsz=307200, maxrss=6074368, nvcsw=1, nivcsw=6 }</program-stats-str>
  <checker-stats-str>{ utime=0, stime=0, ptime=0, rtime=1, maxvsz=307200, maxrss=2969600, nvcsw=1, nivcsw=1 }</checker-stats-str>
      <input size="3">42
</input>
      <output size="6">2 3 7
</output>
      <correct size="6">2 3 7
</correct>
      <stderr size="0"></stderr>
      <checker size="3">OK
</checker>
    </test>
    <test num="42" status="OK" time="29" real-time="32" max-memory-used="307200"  checker-comment="OK" >
  <program-stats-str>{ utime=25, stime=4, ptime=29, rtime=32, maxvsz=307200, maxrss=6201344, nvcsw=1, nivcsw=8 }</program-stats-str>
  <checker-stats-str>{ utime=0, stime=0, ptime=0, rtime=2, maxvsz=307200, maxrss=2969600, nvcsw=1, nivcsw=1 }</checker-stats-str>
      <input size="3">43
</input>
      <output size="3">43
</output>
      <correct size="3">43
</correct>
      <stderr size="0"></stderr>
      <checker size="3">OK
</checker>
    </test>
    <test num="43" status="OK" time="29" real-time="35" max-memory-used="307200"  checker-comment="OK" >
  <program-stats-str>{ utime=28, stime=1, ptime=29, rtime=35, maxvsz=307200, maxrss=6082560, nvcsw=1, nivcsw=11 }</program-stats-str>
  <checker-stats-str>{ utime=0, stime=0, ptime=0, rtime=1, maxvsz=307200, maxrss=2969600, nvcsw=1, nivcsw=1 }</checker-stats-str>
      <input size="3">44
</input>
      <output size="7">2 2 11
</output>
      <correct size="7">2 2 11
</correct>
      <stderr size="0"></stderr>
      <checker size="3">OK
</checker>
    </test>
    <test num="44" status="OK" time="28" real-time="31" max-memory-used="307200"  checker-comment="OK" >
  <program-stats-str>{ utime=28, stime=0, ptime=28, rtime=31, maxvsz=307200, maxrss=6295552, nvcsw=1, nivcsw=6 }</program-stats-str>
  <checker-stats-str>{ utime=0, stime=0, ptime=0, rtime=2, maxvsz=307200, maxrss=2969600, nvcsw=1, nivcsw=1 }</checker-stats-str>
      <input size="3">45
</input>
      <output size="6">3 3 5
</output>
      <correct size="6">3 3 5
</correct>
      <stderr size="0"></stderr>
      <checker size="3">OK
</checker>
    </test>
    <test num="45" status="OK" time="27" real-time="30" max-memory-used="307200"  checker-comment="OK" >
  <program-stats-str>{ utime=27, stime=0, ptime=27, rtime=30, maxvsz=307200, maxrss=6389760, nvcsw=1, nivcsw=7 }</program-stats-str>
  <checker-stats-str>{ utime=0, stime=0, ptime=0, rtime=1, maxvsz=307200, maxrss=2969600, nvcsw=1, nivcsw=1 }</checker-stats-str>
      <input size="3">46
</input>
      <output size="5">2 23
</output>
      <correct size="5">2 23
</correct>
      <stderr size="0"></stderr>
      <checker size="3">OK
</checker>
    </test>
    <test num="46" status="OK" time="27" real-time="30" max-memory-used="307200"  checker-comment="OK" >
  <program-stats-str>{ utime=27, stime=0, ptime=27, rtime=30, maxvsz=307200, maxrss=6344704, nvcsw=1, nivcsw=6 }</program-stats-str>
  <checker-stats-str>{ utime=0, stime=0, ptime=0, rtime=2, maxvsz=307200, maxrss=2969600, nvcsw=1, nivcsw=1 }</checker-stats-str>
      <input size="3">47
</input>
      <output size="3">47
</output>
      <correct size="3">47
</correct>
      <stderr size="0"></stderr>
      <checker size="3">OK
</checker>
    </test>
    <test num="47" status="OK" time="28" real-time="31" max-memory-used="307200"  checker-comment="OK" >
  <program-stats-str>{ utime=21, stime=7, ptime=28, rtime=31, maxvsz=307200, maxrss=6078464, nvcsw=1, nivcsw=7 }</program-stats-str>
  <checker-stats-str>{ utime=0, stime=0, ptime=0, rtime=1, maxvsz=307200, maxrss=2969600, nvcsw=1, nivcsw=1 }</checker-stats-str>
      <input size="3">48
</input>
      <output size="10">2 2 2 2 3
</output>
      <correct size="10">2 2 2 2 3
</correct>
      <stderr size="0"></stderr>
      <checker size="3">OK
</checker>
    </test>
    <test num="48" status="OK" time="28" real-time="30" max-memory-used="307200"  checker-comment="OK" >
  <program-stats-str>{ utime=28, stime=0, ptime=28, rtime=30, maxvsz=307200, maxrss=6291456, nvcsw=1, nivcsw=5 }</program-stats-str>
  <checker-stats-str>{ utime=0, stime=0, ptime=0, rtime=1, maxvsz=307200, maxrss=2969600, nvcsw=1, nivcsw=1 }</checker-stats-str>
      <input size="3">49
</input>
      <output size="4">7 7
</output>
      <correct size="4">7 7
</correct>
      <stderr size="0"></stderr>
      <checker size="3">OK
</checker>
    </test>
    <test num="49" status="OK" time="30" real-time="32" max-memory-used="307200"  checker-comment="OK" >
  <program-stats-str>{ utime=30, stime=0, ptime=30, rtime=32, maxvsz=307200, maxrss=6139904, nvcsw=1, nivcsw=6 }</program-stats-str>
  <checker-stats-str>{ utime=0, stime=0, ptime=0, rtime=1, maxvsz=307200, maxrss=2969600, nvcsw=1, nivcsw=1 }</checker-stats-str>
      <input size="8">7893863
</input>
      <output size="8">7893863
</output>
      <correct size="8">7893863
</correct>
      <stderr size="0"></stderr>
      <checker size="3">OK
</checker>
    </test>
    <test num="50" status="OK" time="33" real-time="46" max-memory-used="307200"  checker-comment="OK" >
  <program-stats-str>{ utime=30, stime=3, ptime=33, rtime=46, maxvsz=307200, maxrss=6242304, nvcsw=1, nivcsw=15 }</program-stats-str>
  <checker-stats-str>{ utime=0, stime=0, ptime=0, rtime=1, maxvsz=307200, maxrss=2969600, nvcsw=1, nivcsw=1 }</checker-stats-str>
      <input size="8">4535647
</input>
      <output size="8">4535647
</output>
      <correct size="8">4535647
</correct>
      <stderr size="0"></stderr>
      <checker size="3">OK
</checker>
    </test>
    <test num="51" status="OK" time="32" real-time="36" max-memory-used="307200"  checker-comment="OK" >
  <program-stats-str>{ utime=25, stime=7, ptime=32, rtime=36, maxvsz=307200, maxrss=6205440, nvcsw=1, nivcsw=7 }</program-stats-str>
  <checker-stats-str>{ utime=0, stime=0, ptime=0, rtime=1, maxvsz=307200, maxrss=2969600, nvcsw=1, nivcsw=1 }</checker-stats-str>
      <input size="8">9584947
</input>
      <output size="8">9584947
</output>
      <correct size="8">9584947
</correct>
      <stderr size="0"></stderr>
      <checker size="3">OK
</checker>
    </test>
    <test num="52" status="OK" time="575" real-time="709" max-memory-used="8998912"  checker-comment="OK" >
  <program-stats-str>{ utime=554, stime=21, ptime=575, rtime=709, maxvsz=8998912, maxrss=6090752, nvcsw=2, nivcsw=66 }</program-stats-str>
  <checker-stats-str>{ utime=0, stime=1, ptime=1, rtime=2, maxvsz=307200, maxrss=2969600, nvcsw=1, nivcsw=1 }</checker-stats-str>
      <input size="11">1173473527
</input>
      <output size="12">34253 34259
</output>
      <correct size="12">34253 34259
</correct>
      <stderr size="0"></stderr>
      <checker size="3">OK
</checker>
    </test>
    <test num="53" status="OK" time="422" real-time="605" max-memory-used="8998912"  checker-comment="OK" >
  <program-stats-str>{ utime=397, stime=25, ptime=422, rtime=605, maxvsz=8998912, maxrss=6090752, nvcsw=1, nivcsw=60 }</program-stats-str>
  <checker-stats-str>{ utime=0, stime=0, ptime=0, rtime=5, maxvsz=307200, maxrss=2969600, nvcsw=1, nivcsw=1 }</checker-stats-str>
      <input size="10">742017599
</input>
      <output size="12">27239 27241
</output>
      <correct size="12">27239 27241
</correct>
      <stderr size="0"></stderr>
      <checker size="3">OK
</checker>
    </test>
    <test num="54" status="OK" time="765" real-time="1116" max-memory-used="8998912"  checker-comment="OK" >
  <program-stats-str>{ utime=710, stime=55, ptime=765, rtime=1116, maxvsz=8998912, maxrss=6254592, nvcsw=1, nivcsw=80 }</program-stats-str>
  <checker-stats-str>{ utime=0, stime=0, ptime=0, rtime=2, maxvsz=307200, maxrss=2969600, nvcsw=1, nivcsw=1 }</checker-stats-str>
      <input size="11">2047833973
</input>
      <output size="12">45247 45259
</output>
      <correct size="12">45247 45259
</correct>
      <stderr size="0"></stderr>
      <checker size="3">OK
</checker>
    </test>
    <test num="55" status="OK" time="62" real-time="67" max-memory-used="307200"  checker-comment="OK" >
  <program-stats-str>{ utime=58, stime=4, ptime=62, rtime=67, maxvsz=307200, maxrss=6098944, nvcsw=1, nivcsw=10 }</program-stats-str>
  <checker-stats-str>{ utime=0, stime=0, ptime=0, rtime=1, maxvsz=307200, maxrss=2969600, nvcsw=1, nivcsw=1 }</checker-stats-str>
      <input size="11">1859483971
</input>
      <output size="11">1859483971
</output>
      <correct size="11">1859483971
</correct>
      <stderr size="0"></stderr>
      <checker size="3">OK
</checker>
    </test>
    <test num="56" status="OK" time="65" real-time="82" max-memory-used="307200"  checker-comment="OK" >
  <program-stats-str>{ utime=65, stime=0, ptime=65, rtime=82, maxvsz=307200, maxrss=6090752, nvcsw=1, nivcsw=11 }</program-stats-str>
  <checker-stats-str>{ utime=0, stime=0, ptime=0, rtime=2, maxvsz=307200, maxrss=2969600, nvcsw=1, nivcsw=1 }</checker-stats-str>
      <input size="11">2052484033
</input>
      <output size="11">2052484033
</output>
      <correct size="11">2052484033
</correct>
      <stderr size="0"></stderr>
      <checker size="3">OK
</checker>
    </test>
    <test num="57" status="OK" time="30" real-time="33" max-memory-used="307200"  checker-comment="OK" >
  <program-stats-str>{ utime=22, stime=8, ptime=30, rtime=33, maxvsz=307200, maxrss=6078464, nvcsw=1, nivcsw=9 }</program-stats-str>
  <checker-stats-str>{ utime=1, stime=0, ptime=1, rtime=4, maxvsz=307200, maxrss=2969600, nvcsw=1, nivcsw=1 }</checker-stats-str>
      <input size="11">1162261467
</input>
      <output size="38">3 3 3 3 3 3 3 3 3 3 3 3 3 3 3 3 3 3 3
</output>
      <correct size="38">3 3 3 3 3 3 3 3 3 3 3 3 3 3 3 3 3 3 3
</correct>
      <stderr size="0"></stderr>
      <checker size="3">OK
</checker>
    </test>
    <test num="58" status="OK" time="35" real-time="38" max-memory-used="307200"  checker-comment="OK" >
  <program-stats-str>{ utime=32, stime=3, ptime=35, rtime=38, maxvsz=307200, maxrss=6303744, nvcsw=1, nivcsw=6 }</program-stats-str>
  <checker-stats-str>{ utime=0, stime=0, ptime=0, rtime=1, maxvsz=307200, maxrss=2969600, nvcsw=1, nivcsw=1 }</checker-stats-str>
      <input size="11">1707051488
</input>
      <output size="19">2 2 2 2 2 53345359
</output>
      <correct size="19">2 2 2 2 2 53345359
</correct>
      <stderr size="0"></stderr>
      <checker size="3">OK
</checker>
    </test>
    <test num="59" status="OK" time="30" real-time="34" max-memory-used="307200"  checker-comment="OK" >
  <program-stats-str>{ utime=20, stime=10, ptime=30, rtime=34, maxvsz=307200, maxrss=6074368, nvcsw=1, nivcsw=7 }</program-stats-str>
  <checker-stats-str>{ utime=0, stime=1, ptime=1, rtime=2, maxvsz=307200, maxrss=2969600, nvcsw=1, nivcsw=1 }</checker-stats-str>
      <input size="11">1220703125
</input>
      <output size="26">5 5 5 5 5 5 5 5 5 5 5 5 5
</output>
      <correct size="26">5 5 5 5 5 5 5 5 5 5 5 5 5
</correct>
      <stderr size="0"></stderr>
      <checker size="3">OK
</checker>
    </test>
    <test num="60" status="OK" time="30" real-time="33" max-memory-used="307200"  checker-comment="OK" >
  <program-stats-str>{ utime=26, stime=4, ptime=30, rtime=33, maxvsz=307200, maxrss=6307840, nvcsw=1, nivcsw=7 }</program-stats-str>
  <checker-stats-str>{ utime=0, stime=0, ptime=0, rtime=2, maxvsz=307200, maxrss=2969600, nvcsw=1, nivcsw=1 }</checker-stats-str>
      <input size="11">1934917632
</input>
      <output size="50">2 2 2 2 2 2 2 2 2 2 2 2 2 2 2 3 3 3 3 3 3 3 3 3 3
</output>
      <correct size="50">2 2 2 2 2 2 2 2 2 2 2 2 2 2 2 3 3 3 3 3 3 3 3 3 3
</correct>
      <stderr size="0"></stderr>
      <checker size="3">OK
</checker>
    </test>
    <test num="61" status="OK" time="31" real-time="38" max-memory-used="307200"  checker-comment="OK" >
  <program-stats-str>{ utime=29, stime=2, ptime=31, rtime=38, maxvsz=307200, maxrss=6373376, nvcsw=1, nivcsw=8 }</program-stats-str>
  <checker-stats-str>{ utime=0, stime=1, ptime=1, rtime=2, maxvsz=307200, maxrss=2969600, nvcsw=1, nivcsw=2 }</checker-stats-str>
      <input size="11">1073741824
</input>
      <output size="60">2 2 2 2 2 2 2 2 2 2 2 2 2 2 2 2 2 2 2 2 2 2 2 2 2 2 2 2 2 2
</output>
      <correct size="60">2 2 2 2 2 2 2 2 2 2 2 2 2 2 2 2 2 2 2 2 2 2 2 2 2 2 2 2 2 2
</correct>
      <stderr size="0"></stderr>
      <checker size="3">OK
</checker>
    </test>
    <test num="62" status="OK" time="38" real-time="45" max-memory-used="307200"  checker-comment="OK" >
  <program-stats-str>{ utime=32, stime=6, ptime=38, rtime=45, maxvsz=307200, maxrss=6201344, nvcsw=1, nivcsw=9 }</program-stats-str>
  <checker-stats-str>{ utime=0, stime=1, ptime=1, rtime=2, maxvsz=307200, maxrss=2969600, nvcsw=1, nivcsw=1 }</checker-stats-str>
      <input size="11">1369900758
</input>
      <output size="14">2 3 228316793
</output>
      <correct size="14">2 3 228316793
</correct>
      <stderr size="0"></stderr>
      <checker size="3">OK
</checker>
    </test>
    <test num="63" status="OK" time="67" real-time="80" max-memory-used="307200"  checker-comment="OK" >
  <program-stats-str>{ utime=51, stime=16, ptime=67, rtime=80, maxvsz=307200, maxrss=6348800, nvcsw=1, nivcsw=15 }</program-stats-str>
  <checker-stats-str>{ utime=0, stime=0, ptime=0, rtime=2, maxvsz=307200, maxrss=2969600, nvcsw=1, nivcsw=2 }</checker-stats-str>
      <input size="11">1788840353
</input>
      <output size="11">1788840353
</output>
      <correct size="11">1788840353
</correct>
      <stderr size="0"></stderr>
      <checker size="3">OK
</checker>
    </test>
    <test num="64" status="OK" time="127" real-time="136" max-memory-used="8998912"  checker-comment="OK" >
  <program-stats-str>{ utime=120, stime=7, ptime=127, rtime=136, maxvsz=8998912, maxrss=6205440, nvcsw=1, nivcsw=15 }</program-stats-str>
  <checker-stats-str>{ utime=0, stime=0, ptime=0, rtime=1, maxvsz=307200, maxrss=2969600, nvcsw=1, nivcsw=1 }</checker-stats-str>
      <input size="10">637685138
</input>
      <output size="13">2 9419 33851
</output>
      <correct size="13">2 9419 33851
</correct>
      <stderr size="0"></stderr>
      <checker size="3">OK
</checker>
    </test>
    <test num="65" status="OK" time="32" real-time="34" max-memory-used="307200"  checker-comment="OK" >
  <program-stats-str>{ utime=26, stime=6, ptime=32, rtime=34, maxvsz=307200, maxrss=6291456, nvcsw=1, nivcsw=6 }</program-stats-str>
  <checker-stats-str>{ utime=0, stime=0, ptime=0, rtime=2, maxvsz=307200, maxrss=2969600, nvcsw=1, nivcsw=1 }</checker-stats-str>
      <input size="10">363737311
</input>
      <output size="13">7 19 2734867
</output>
      <correct size="13">7 19 2734867
</correct>
      <stderr size="0"></stderr>
      <checker size="3">OK
</checker>
    </test>
    <test num="66" status="OK" time="42" real-time="56" max-memory-used="307200"  checker-comment="OK" >
  <program-stats-str>{ utime=38, stime=4, ptime=42, rtime=56, maxvsz=307200, maxrss=6336512, nvcsw=1, nivcsw=13 }</program-stats-str>
  <checker-stats-str>{ utime=0, stime=0, ptime=0, rtime=1, maxvsz=307200, maxrss=2969600, nvcsw=1, nivcsw=1 }</checker-stats-str>
      <input size="11">1573991528
</input>
      <output size="16">2 2 2 196748941
</output>
      <correct size="16">2 2 2 196748941
</correct>
      <stderr size="0"></stderr>
      <checker size="3">OK
</checker>
    </test>
    <test num="67" status="OK" time="42" real-time="52" max-memory-used="307200"  checker-comment="OK" >
  <program-stats-str>{ utime=33, stime=9, ptime=42, rtime=52, maxvsz=307200, maxrss=6385664, nvcsw=1, nivcsw=16 }</program-stats-str>
  <checker-stats-str>{ utime=0, stime=0, ptime=0, rtime=1, maxvsz=307200, maxrss=2969600, nvcsw=1, nivcsw=1 }</checker-stats-str>
      <input size="11">1638007382
</input>
      <output size="14">2 11 74454881
</output>
      <correct size="14">2 11 74454881
</correct>
      <stderr size="0"></stderr>
      <checker size="3">OK
</checker>
    </test>
    <test num="68" status="OK" time="31" real-time="33" max-memory-used="307200"  checker-comment="OK" >
  <program-stats-str>{ utime=28, stime=3, ptime=31, rtime=33, maxvsz=307200, maxrss=6332416, nvcsw=1, nivcsw=5 }</program-stats-str>
  <checker-stats-str>{ utime=0, stime=0, ptime=0, rtime=2, maxvsz=307200, maxrss=2969600, nvcsw=1, nivcsw=1 }</checker-stats-str>
      <input size="11">1732595871
</input>
      <output size="15">3 61 263 35999
</output>
      <correct size="15">3 61 263 35999
</correct>
      <stderr size="0"></stderr>
      <checker size="3">OK
</checker>
    </test>
    <test num="69" status="OK" time="28" real-time="29" max-memory-used="307200"  checker-comment="OK" >
  <program-stats-str>{ utime=28, stime=0, ptime=28, rtime=29, maxvsz=307200, maxrss=6336512, nvcsw=1, nivcsw=3 }</program-stats-str>
  <checker-stats-str>{ utime=0, stime=0, ptime=0, rtime=2, maxvsz=307200, maxrss=2969600, nvcsw=1, nivcsw=2 }</checker-stats-str>
      <input size="10">261102246
</input>
      <output size="15">2 3 389 111869
</output>
      <correct size="15">2 3 389 111869
</correct>
      <stderr size="0"></stderr>
      <checker size="3">OK
</checker>
    </test>
    <test num="70" status="OK" time="27" real-time="29" max-memory-used="307200"  checker-comment="OK" >
  <program-stats-str>{ utime=27, stime=0, ptime=27, rtime=29, maxvsz=307200, maxrss=6078464, nvcsw=1, nivcsw=3 }</program-stats-str>
  <checker-stats-str>{ utime=0, stime=0, ptime=0, rtime=2, maxvsz=307200, maxrss=2969600, nvcsw=1, nivcsw=1 }</checker-stats-str>
      <input size="10">511006765
</input>
      <output size="13">5 131 780163
</output>
      <correct size="13">5 131 780163
</correct>
      <stderr size="0"></stderr>
      <checker size="3">OK
</checker>
    </test>
    <test num="71" status="OK" time="232" real-time="243" max-memory-used="8998912"  checker-comment="OK" >
  <program-stats-str>{ utime=219, stime=13, ptime=232, rtime=243, maxvsz=8998912, maxrss=6307840, nvcsw=1, nivcsw=20 }</program-stats-str>
  <checker-stats-str>{ utime=0, stime=0, ptime=0, rtime=2, maxvsz=307200, maxrss=2969600, nvcsw=1, nivcsw=1 }</checker-stats-str>
      <input size="11">1417715463
</input>
      <output size="14">3 17077 27673
</output>
      <correct size="14">3 17077 27673
</correct>
      <stderr size="0"></stderr>
      <checker size="3">OK
</checker>
    </test>
    <test num="72" status="OK" time="26" real-time="28" max-memory-used="307200"  checker-comment="OK" >
  <program-stats-str>{ utime=26, stime=0, ptime=26, rtime=28, maxvsz=307200, maxrss=6303744, nvcsw=1, nivcsw=4 }</program-stats-str>
  <checker-stats-str>{ utime=0, stime=0, ptime=0, rtime=1, maxvsz=307200, maxrss=2969600, nvcsw=1, nivcsw=1 }</checker-stats-str>
      <input size="10">270493806
</input>
      <output size="19">2 3 11 11 11 33871
</output>
      <correct size="19">2 3 11 11 11 33871
</correct>
      <stderr size="0"></stderr>
      <checker size="3">OK
</checker>
    </test>
    <test num="73" status="OK" time="30" real-time="33" max-memory-used="307200"  checker-comment="OK" >
  <program-stats-str>{ utime=30, stime=0, ptime=30, rtime=33, maxvsz=307200, maxrss=6283264, nvcsw=1, nivcsw=5 }</program-stats-str>
  <checker-stats-str>{ utime=0, stime=0, ptime=0, rtime=1, maxvsz=307200, maxrss=2969600, nvcsw=1, nivcsw=1 }</checker-stats-str>
      <input size="11">1559362045
</input>
      <output size="15">5 29 659 16319
</output>
      <correct size="15">5 29 659 16319
</correct>
      <stderr size="0"></stderr>
      <checker size="3">OK
</checker>
    </test>
    <test num="74" status="OK" time="32" real-time="41" max-memory-used="307200"  checker-comment="OK" >
  <program-stats-str>{ utime=18, stime=14, ptime=32, rtime=41, maxvsz=307200, maxrss=6279168, nvcsw=1, nivcsw=10 }</program-stats-str>
  <checker-stats-str>{ utime=0, stime=0, ptime=0, rtime=2, maxvsz=307200, maxrss=2969600, nvcsw=1, nivcsw=1 }</checker-stats-str>
      <input size="9">87003083
</input>
      <output size="12">97 137 6547
</output>
      <correct size="12">97 137 6547
</correct>
      <stderr size="0"></stderr>
      <checker size="3">OK
</checker>
    </test>
    <test num="75" status="OK" time="26" real-time="28" max-memory-used="307200"  checker-comment="OK" >
  <program-stats-str>{ utime=26, stime=0, ptime=26, rtime=28, maxvsz=307200, maxrss=6197248, nvcsw=1, nivcsw=3 }</program-stats-str>
  <checker-stats-str>{ utime=0, stime=0, ptime=0, rtime=2, maxvsz=307200, maxrss=2969600, nvcsw=1, nivcsw=1 }</checker-stats-str>
      <input size="11">1041356745
</input>
      <output size="20">3 3 5 11 13 41 3947
</output>
      <correct size="20">3 3 5 11 13 41 3947
</correct>
      <stderr size="0"></stderr>
      <checker size="3">OK
</checker>
    </test>
    <test num="76" status="OK" time="29" real-time="31" max-memory-used="307200"  checker-comment="OK" >
  <program-stats-str>{ utime=19, stime=10, ptime=29, rtime=31, maxvsz=307200, maxrss=6373376, nvcsw=1, nivcsw=7 }</program-stats-str>
  <checker-stats-str>{ utime=0, stime=0, ptime=0, rtime=1, maxvsz=307200, maxrss=2969600, nvcsw=1, nivcsw=1 }</checker-stats-str>
      <input size="10">791891809
</input>
      <output size="12">73 10847833
</output>
      <correct size="12">73 10847833
</correct>
      <stderr size="0"></stderr>
      <checker size="3">OK
</checker>
    </test>
    <test num="77" status="OK" time="28" real-time="30" max-memory-used="307200"  checker-comment="OK" >
  <program-stats-str>{ utime=28, stime=0, ptime=28, rtime=30, maxvsz=307200, maxrss=6340608, nvcsw=1, nivcsw=3 }</program-stats-str>
  <checker-stats-str>{ utime=0, stime=0, ptime=0, rtime=2, maxvsz=307200, maxrss=2969600, nvcsw=1, nivcsw=1 }</checker-stats-str>
      <input size="10">486237013
</input>
      <output size="11">73 6660781
</output>
      <correct size="11">73 6660781
</correct>
      <stderr size="0"></stderr>
      <checker size="3">OK
</checker>
    </test>
    <test num="78" status="OK" time="28" real-time="29" max-memory-used="307200"  checker-comment="OK" >
  <program-stats-str>{ utime=28, stime=0, ptime=28, rtime=29, maxvsz=307200, maxrss=6250496, nvcsw=1, nivcsw=3 }</program-stats-str>
  <checker-stats-str>{ utime=0, stime=0, ptime=0, rtime=1, maxvsz=307200, maxrss=2969600, nvcsw=1, nivcsw=1 }</checker-stats-str>
      <input size="10">317210601
</input>
      <output size="13">3 109 970063
</output>
      <correct size="13">3 109 970063
</correct>
      <stderr size="0"></stderr>
      <checker size="3">OK
</checker>
    </test>
    <test num="79" status="OK" time="29" real-time="31" max-memory-used="307200"  checker-comment="OK" >
  <program-stats-str>{ utime=21, stime=8, ptime=29, rtime=31, maxvsz=307200, maxrss=6279168, nvcsw=1, nivcsw=4 }</program-stats-str>
  <checker-stats-str>{ utime=0, stime=0, ptime=0, rtime=2, maxvsz=307200, maxrss=2969600, nvcsw=1, nivcsw=1 }</checker-stats-str>
      <input size="10">703284949
</input>
      <output size="12">359 1959011
</output>
      <correct size="12">359 1959011
</correct>
      <stderr size="0"></stderr>
      <checker size="3">OK
</checker>
    </test>
    <test num="80" status="OK" time="27" real-time="28" max-memory-used="307200"  checker-comment="OK" >
  <program-stats-str>{ utime=14, stime=13, ptime=27, rtime=28, maxvsz=307200, maxrss=6303744, nvcsw=1, nivcsw=3 }</program-stats-str>
  <checker-stats-str>{ utime=0, stime=0, ptime=0, rtime=1, maxvsz=307200, maxrss=2969600, nvcsw=1, nivcsw=1 }</checker-stats-str>
      <input size="10">495397435
</input>
      <output size="15">5 13 149 51151
</output>
      <correct size="15">5 13 149 51151
</correct>
      <stderr size="0"></stderr>
      <checker size="3">OK
</checker>
    </test>
    <test num="81" status="OK" time="26" real-time="105" max-memory-used="307200"  checker-comment="OK" >
  <program-stats-str>{ utime=13, stime=13, ptime=26, rtime=105, maxvsz=307200, maxrss=6381568, nvcsw=2, nivcsw=4 }</program-stats-str>
  <checker-stats-str>{ utime=0, stime=0, ptime=0, rtime=4, maxvsz=307200, maxrss=2969600, nvcsw=1, nivcsw=1 }</checker-stats-str>
      <input size="10">122611344
</input>
      <output size="23">2 2 2 2 3 17 23 47 139
</output>
      <correct size="23">2 2 2 2 3 17 23 47 139
</correct>
      <stderr size="0"></stderr>
      <checker size="3">OK
</checker>
    </test>
    <test num="82" status="OK" time="26" real-time="58" max-memory-used="307200"  checker-comment="OK" >
  <program-stats-str>{ utime=21, stime=5, ptime=26, rtime=58, maxvsz=307200, maxrss=6356992, nvcsw=1, nivcsw=6 }</program-stats-str>
  <checker-stats-str>{ utime=0, stime=0, ptime=0, rtime=4, maxvsz=307200, maxrss=2969600, nvcsw=1, nivcsw=1 }</checker-stats-str>
      <input size="4">132
</input>
      <output size="9">2 2 3 11
</output>
      <correct size="9">2 2 3 11
</correct>
      <stderr size="0"></stderr>
      <checker size="3">OK
</checker>
    </test>
  </tests>
</testing-report>
