Content-type: text/xml

<?xml version="1.0" encoding="utf-8"?>
<testing-report run-id="426" judge-id="2" status="PE" scoring="ACM" run-tests="1" contest-id="3100" real-time-available="yes" max-memory-used-available="yes" correct-available="yes" failed-test="1" time-limit-ms="2000" real-time-limit-ms="5000" marked-flag="no" >
  <uuid>6c843992-1f57-4fb2-beaa-66420b27a69e</uuid>
  <host>localhost.localdomain</host>
  <cpu-model>Intel(R) Pentium(R) CPU 3550M @ 2.30GHz</cpu-model>
  <cpu-mhz>2294.738</cpu-mhz>
  <compiler_output></compiler_output>
  <tests>
    <test num="1" status="PE" time="26" real-time="28" max-memory-used="307200"  checker-comment="user program output: [1]: cannot parse int64 value" >
  <program-stats-str>{ utime=24, stime=2, ptime=26, rtime=28, maxvsz=307200, maxrss=6397952, nvcsw=1, nivcsw=6 }</program-stats-str>
  <checker-stats-str>{ utime=0, stime=0, ptime=0, rtime=1, maxvsz=307200, maxrss=2654208, nvcsw=1, nivcsw=1 }</checker-stats-str>
      <input size="2">2
</input>
      <output size="4">[2]
</output>
      <correct size="2">2
</correct>
      <stderr size="0"></stderr>
      <checker size="51">user program output: [1]: cannot parse int64 value
</checker>
    </test>
  </tests>
</testing-report>
