Content-type: text/xml

<?xml version="1.0" encoding="utf-8"?>
<testing-report run-id="408" judge-id="40" status="TL" scoring="ACM" run-tests="2" contest-id="3100" real-time-available="yes" max-memory-used-available="yes" correct-available="yes" failed-test="2" time-limit-ms="2000" real-time-limit-ms="5000" marked-flag="no" >
  <uuid>df95716e-056e-4582-97ec-a6e75447f8a2</uuid>
  <host>localhost.localdomain</host>
  <cpu-model>Intel(R) Pentium(R) CPU 3550M @ 2.30GHz</cpu-model>
  <cpu-mhz>2294.738</cpu-mhz>
  <compiler_output></compiler_output>
  <tests>
    <test num="1" status="OK" time="27" real-time="30" max-memory-used="307200"  checker-comment="OK" >
  <program-stats-str>{ utime=25, stime=2, ptime=27, rtime=30, maxvsz=307200, maxrss=6307840, nvcsw=1, nivcsw=7 }</program-stats-str>
  <checker-stats-str>{ utime=0, stime=0, ptime=0, rtime=1, maxvsz=307200, maxrss=2424832, nvcsw=1, nivcsw=1 }</checker-stats-str>
      <input size="4">1
9
</input>
      <output size="2">9
</output>
      <correct size="2">9
</correct>
      <stderr size="0"></stderr>
      <checker size="3">OK
</checker>
    </test>
    <test num="2" status="TL" time="2035" real-time="2188" max-memory-used="8998912" >
  <program-stats-str>{ utime=1993, stime=42, ptime=2035, rtime=2188, maxvsz=8998912, maxrss=6017024, nvcsw=1, nivcsw=170 }</program-stats-str>
      <input size="8">2
90 35
</input>
      <output size="0"></output>
      <stderr size="0"></stderr>
    </test>
  </tests>
</testing-report>
