Content-type: text/xml

<?xml version="1.0" encoding="utf-8"?>
<testing-report run-id="412" judge-id="44" status="OK" scoring="ACM" run-tests="10" contest-id="3100" real-time-available="yes" max-memory-used-available="yes" correct-available="yes" time-limit-ms="2000" real-time-limit-ms="5000" marked-flag="no" >
  <uuid>4ecae5a5-c2da-4ffb-b71a-965e16c37df1</uuid>
  <host>localhost.localdomain</host>
  <cpu-model>Intel(R) Pentium(R) CPU 3550M @ 2.30GHz</cpu-model>
  <cpu-mhz>2294.738</cpu-mhz>
  <compiler_output></compiler_output>
  <tests>
    <test num="1" status="OK" time="71" real-time="75" max-memory-used="30339072"  checker-comment="OK" >
  <program-stats-str>{ utime=64, stime=7, ptime=71, rtime=75, maxvsz=30339072, maxrss=27254784, nvcsw=1, nivcsw=12 }</program-stats-str>
  <checker-stats-str>{ utime=0, stime=0, ptime=0, rtime=1, maxvsz=307200, maxrss=2617344, nvcsw=1, nivcsw=1 }</checker-stats-str>
      <input size="4">100
</input>
      <output size="3">NO
</output>
      <correct size="3">NO
</correct>
      <stderr size="61">Warning: cannot find your CPU L2 cache size in /proc/cpuinfo
</stderr>
      <checker size="3">OK
</checker>
    </test>
    <test num="2" status="OK" time="73" real-time="77" max-memory-used="30339072"  checker-comment="OK" >
  <program-stats-str>{ utime=67, stime=6, ptime=73, rtime=77, maxvsz=30339072, maxrss=27299840, nvcsw=1, nivcsw=14 }</program-stats-str>
  <checker-stats-str>{ utime=0, stime=0, ptime=0, rtime=1, maxvsz=307200, maxrss=2617344, nvcsw=1, nivcsw=1 }</checker-stats-str>
      <input size="3">57
</input>
      <output size="19">111111111111111111
</output>
      <correct size="19">111111111111111111
</correct>
      <stderr size="61">Warning: cannot find your CPU L2 cache size in /proc/cpuinfo
</stderr>
      <checker size="3">OK
</checker>
    </test>
    <test num="3" status="OK" time="71" real-time="77" max-memory-used="30339072"  checker-comment="OK" >
  <program-stats-str>{ utime=63, stime=8, ptime=71, rtime=77, maxvsz=30339072, maxrss=27176960, nvcsw=1, nivcsw=13 }</program-stats-str>
  <checker-stats-str>{ utime=0, stime=0, ptime=0, rtime=2, maxvsz=307200, maxrss=2617344, nvcsw=1, nivcsw=1 }</checker-stats-str>
      <input size="2">1
</input>
      <output size="2">1
</output>
      <correct size="2">1
</correct>
      <stderr size="61">Warning: cannot find your CPU L2 cache size in /proc/cpuinfo
</stderr>
      <checker size="3">OK
</checker>
    </test>
    <test num="4" status="OK" time="71" real-time="76" max-memory-used="30339072"  checker-comment="OK" >
  <program-stats-str>{ utime=52, stime=19, ptime=71, rtime=76, maxvsz=30339072, maxrss=27168768, nvcsw=1, nivcsw=12 }</program-stats-str>
  <checker-stats-str>{ utime=0, stime=0, ptime=0, rtime=1, maxvsz=307200, maxrss=2617344, nvcsw=1, nivcsw=1 }</checker-stats-str>
      <input size="2">2
</input>
      <output size="3">NO
</output>
      <correct size="3">NO
</correct>
      <stderr size="61">Warning: cannot find your CPU L2 cache size in /proc/cpuinfo
</stderr>
      <checker size="3">OK
</checker>
    </test>
    <test num="5" status="OK" time="72" real-time="77" max-memory-used="30339072"  checker-comment="OK" >
  <program-stats-str>{ utime=66, stime=6, ptime=72, rtime=77, maxvsz=30339072, maxrss=27152384, nvcsw=1, nivcsw=13 }</program-stats-str>
  <checker-stats-str>{ utime=0, stime=0, ptime=0, rtime=1, maxvsz=307200, maxrss=2617344, nvcsw=1, nivcsw=1 }</checker-stats-str>
      <input size="2">3
</input>
      <output size="4">111
</output>
      <correct size="4">111
</correct>
      <stderr size="61">Warning: cannot find your CPU L2 cache size in /proc/cpuinfo
</stderr>
      <checker size="3">OK
</checker>
    </test>
    <test num="6" status="OK" time="71" real-time="76" max-memory-used="30339072"  checker-comment="OK" >
  <program-stats-str>{ utime=60, stime=11, ptime=71, rtime=76, maxvsz=30339072, maxrss=27250688, nvcsw=1, nivcsw=11 }</program-stats-str>
  <checker-stats-str>{ utime=0, stime=0, ptime=0, rtime=2, maxvsz=307200, maxrss=2617344, nvcsw=1, nivcsw=1 }</checker-stats-str>
      <input size="8">1000000
</input>
      <output size="3">NO
</output>
      <correct size="3">NO
</correct>
      <stderr size="61">Warning: cannot find your CPU L2 cache size in /proc/cpuinfo
</stderr>
      <checker size="3">OK
</checker>
    </test>
    <test num="7" status="OK" time="73" real-time="79" max-memory-used="30339072"  checker-comment="OK" >
  <program-stats-str>{ utime=56, stime=17, ptime=73, rtime=79, maxvsz=30339072, maxrss=27086848, nvcsw=1, nivcsw=13 }</program-stats-str>
  <checker-stats-str>{ utime=0, stime=0, ptime=0, rtime=2, maxvsz=307200, maxrss=2617344, nvcsw=1, nivcsw=1 }</checker-stats-str>
      <input size="7">999999
</input>
      <output size="55">111111111111111111111111111111111111111111111111111111
</output>
      <correct size="55">111111111111111111111111111111111111111111111111111111
</correct>
      <stderr size="61">Warning: cannot find your CPU L2 cache size in /proc/cpuinfo
</stderr>
      <checker size="3">OK
</checker>
    </test>
    <test num="8" status="OK" time="71" real-time="78" max-memory-used="30339072"  checker-comment="OK" >
  <program-stats-str>{ utime=53, stime=18, ptime=71, rtime=78, maxvsz=30339072, maxrss=27152384, nvcsw=1, nivcsw=14 }</program-stats-str>
  <checker-stats-str>{ utime=0, stime=0, ptime=0, rtime=2, maxvsz=307200, maxrss=2617344, nvcsw=1, nivcsw=1 }</checker-stats-str>
      <input size="7">999998
</input>
      <output size="3">NO
</output>
      <correct size="3">NO
</correct>
      <stderr size="61">Warning: cannot find your CPU L2 cache size in /proc/cpuinfo
</stderr>
      <checker size="3">OK
</checker>
    </test>
    <test num="9" status="OK" time="72" real-time="84" max-memory-used="30339072"  checker-comment="OK" >
  <program-stats-str>{ utime=59, stime=13, ptime=72, rtime=84, maxvsz=30339072, maxrss=27058176, nvcsw=1, nivcsw=16 }</program-stats-str>
  <checker-stats-str>{ utime=0, stime=0, ptime=0, rtime=2, maxvsz=307200, maxrss=2617344, nvcsw=1, nivcsw=1 }</checker-stats-str>
      <input size="7">111111
</input>
      <output size="7">111111
</output>
      <correct size="7">111111
</correct>
      <stderr size="61">Warning: cannot find your CPU L2 cache size in /proc/cpuinfo
</stderr>
      <checker size="3">OK
</checker>
    </test>
    <test num="10" status="OK" time="71" real-time="77" max-memory-used="30339072"  checker-comment="OK" >
  <program-stats-str>{ utime=60, stime=11, ptime=71, rtime=77, maxvsz=30339072, maxrss=27103232, nvcsw=1, nivcsw=12 }</program-stats-str>
  <checker-stats-str>{ utime=0, stime=0, ptime=0, rtime=2, maxvsz=307200, maxrss=2617344, nvcsw=1, nivcsw=1 }</checker-stats-str>
      <input size="7">101010
</input>
      <output size="3">NO
</output>
      <correct size="3">NO
</correct>
      <stderr size="61">Warning: cannot find your CPU L2 cache size in /proc/cpuinfo
</stderr>
      <checker size="3">OK
</checker>
    </test>
  </tests>
</testing-report>
