Content-type: text/xml

<?xml version="1.0" encoding="utf-8"?>
<testing-report run-id="411" judge-id="43" status="OK" scoring="ACM" run-tests="12" contest-id="3100" real-time-available="yes" max-memory-used-available="yes" correct-available="yes" time-limit-ms="2000" real-time-limit-ms="5000" marked-flag="no" >
  <uuid>72bebe82-e498-4764-86a3-b75979cb7e05</uuid>
  <host>localhost.localdomain</host>
  <cpu-model>Intel(R) Pentium(R) CPU 3550M @ 2.30GHz</cpu-model>
  <cpu-mhz>2294.738</cpu-mhz>
  <compiler_output></compiler_output>
  <tests>
    <test num="1" status="OK" time="35" real-time="44" max-memory-used="307200"  checker-comment="OK" >
  <program-stats-str>{ utime=31, stime=4, ptime=35, rtime=44, maxvsz=307200, maxrss=6111232, nvcsw=1, nivcsw=16 }</program-stats-str>
  <checker-stats-str>{ utime=0, stime=2, ptime=2, rtime=6, maxvsz=307200, maxrss=2617344, nvcsw=1, nivcsw=2 }</checker-stats-str>
      <input size="4">3 4
</input>
      <output size="3">12
</output>
      <correct size="3">12
</correct>
      <stderr size="0"></stderr>
      <checker size="3">OK
</checker>
    </test>
    <test num="2" status="OK" time="43" real-time="70" max-memory-used="307200"  checker-comment="OK" >
  <program-stats-str>{ utime=38, stime=5, ptime=43, rtime=70, maxvsz=307200, maxrss=6381568, nvcsw=1, nivcsw=18 }</program-stats-str>
  <checker-stats-str>{ utime=0, stime=0, ptime=0, rtime=1, maxvsz=307200, maxrss=2617344, nvcsw=1, nivcsw=1 }</checker-stats-str>
      <input size="11">35867 1209
</input>
      <output size="7">107601
</output>
      <correct size="7">107601
</correct>
      <stderr size="0"></stderr>
      <checker size="3">OK
</checker>
    </test>
    <test num="3" status="OK" time="31" real-time="36" max-memory-used="307200"  checker-comment="OK" >
  <program-stats-str>{ utime=28, stime=3, ptime=31, rtime=36, maxvsz=307200, maxrss=6377472, nvcsw=1, nivcsw=10 }</program-stats-str>
  <checker-stats-str>{ utime=0, stime=0, ptime=0, rtime=2, maxvsz=307200, maxrss=2617344, nvcsw=1, nivcsw=1 }</checker-stats-str>
      <input size="8">598 332
</input>
      <output size="6">99268
</output>
      <correct size="6">99268
</correct>
      <stderr size="0"></stderr>
      <checker size="3">OK
</checker>
    </test>
    <test num="4" status="OK" time="38" real-time="46" max-memory-used="307200"  checker-comment="OK" >
  <program-stats-str>{ utime=29, stime=9, ptime=38, rtime=46, maxvsz=307200, maxrss=6250496, nvcsw=1, nivcsw=17 }</program-stats-str>
  <checker-stats-str>{ utime=0, stime=0, ptime=0, rtime=2, maxvsz=307200, maxrss=2617344, nvcsw=1, nivcsw=1 }</checker-stats-str>
      <input size="8">598 322
</input>
      <output size="5">4186
</output>
      <correct size="5">4186
</correct>
      <stderr size="0"></stderr>
      <checker size="3">OK
</checker>
    </test>
    <test num="5" status="OK" time="34" real-time="39" max-memory-used="307200"  checker-comment="OK" >
  <program-stats-str>{ utime=31, stime=3, ptime=34, rtime=39, maxvsz=307200, maxrss=6303744, nvcsw=1, nivcsw=13 }</program-stats-str>
  <checker-stats-str>{ utime=0, stime=0, ptime=0, rtime=2, maxvsz=307200, maxrss=2617344, nvcsw=1, nivcsw=1 }</checker-stats-str>
      <input size="10">3009 1652
</input>
      <output size="6">84252
</output>
      <correct size="6">84252
</correct>
      <stderr size="0"></stderr>
      <checker size="3">OK
</checker>
    </test>
    <test num="6" status="OK" time="39" real-time="47" max-memory-used="307200"  checker-comment="OK" >
  <program-stats-str>{ utime=38, stime=1, ptime=39, rtime=47, maxvsz=307200, maxrss=6311936, nvcsw=1, nivcsw=17 }</program-stats-str>
  <checker-stats-str>{ utime=0, stime=0, ptime=0, rtime=2, maxvsz=307200, maxrss=2617344, nvcsw=1, nivcsw=1 }</checker-stats-str>
      <input size="10">6084 3276
</input>
      <output size="6">42588
</output>
      <correct size="6">42588
</correct>
      <stderr size="0"></stderr>
      <checker size="3">OK
</checker>
    </test>
    <test num="7" status="OK" time="33" real-time="40" max-memory-used="307200"  checker-comment="OK" >
  <program-stats-str>{ utime=30, stime=3, ptime=33, rtime=40, maxvsz=307200, maxrss=6336512, nvcsw=1, nivcsw=14 }</program-stats-str>
  <checker-stats-str>{ utime=1, stime=0, ptime=1, rtime=2, maxvsz=307200, maxrss=2617344, nvcsw=1, nivcsw=2 }</checker-stats-str>
      <input size="8">597 333
</input>
      <output size="6">66267
</output>
      <correct size="6">66267
</correct>
      <stderr size="0"></stderr>
      <checker size="3">OK
</checker>
    </test>
    <test num="8" status="OK" time="27" real-time="30" max-memory-used="307200"  checker-comment="OK" >
  <program-stats-str>{ utime=18, stime=9, ptime=27, rtime=30, maxvsz=307200, maxrss=6311936, nvcsw=1, nivcsw=6 }</program-stats-str>
  <checker-stats-str>{ utime=0, stime=0, ptime=0, rtime=1, maxvsz=307200, maxrss=2617344, nvcsw=1, nivcsw=1 }</checker-stats-str>
      <input size="10">6312 3156
</input>
      <output size="5">6312
</output>
      <correct size="5">6312
</correct>
      <stderr size="0"></stderr>
      <checker size="3">OK
</checker>
    </test>
    <test num="9" status="OK" time="27" real-time="31" max-memory-used="307200"  checker-comment="OK" >
  <program-stats-str>{ utime=25, stime=2, ptime=27, rtime=31, maxvsz=307200, maxrss=6094848, nvcsw=1, nivcsw=8 }</program-stats-str>
  <checker-stats-str>{ utime=0, stime=0, ptime=0, rtime=2, maxvsz=307200, maxrss=2617344, nvcsw=1, nivcsw=1 }</checker-stats-str>
      <input size="10">6104 3488
</input>
      <output size="6">24416
</output>
      <correct size="6">24416
</correct>
      <stderr size="0"></stderr>
      <checker size="3">OK
</checker>
    </test>
    <test num="10" status="OK" time="27" real-time="104" max-memory-used="307200"  checker-comment="OK" >
  <program-stats-str>{ utime=22, stime=5, ptime=27, rtime=104, maxvsz=307200, maxrss=6209536, nvcsw=2, nivcsw=5 }</program-stats-str>
  <checker-stats-str>{ utime=0, stime=0, ptime=0, rtime=1, maxvsz=307200, maxrss=2617344, nvcsw=1, nivcsw=1 }</checker-stats-str>
      <input size="13">5964555 2020
</input>
      <output size="9">23858220
</output>
      <correct size="9">23858220
</correct>
      <stderr size="0"></stderr>
      <checker size="3">OK
</checker>
    </test>
    <test num="11" status="OK" time="31" real-time="35" max-memory-used="307200"  checker-comment="OK" >
  <program-stats-str>{ utime=27, stime=4, ptime=31, rtime=35, maxvsz=307200, maxrss=6246400, nvcsw=1, nivcsw=8 }</program-stats-str>
  <checker-stats-str>{ utime=0, stime=0, ptime=0, rtime=2, maxvsz=307200, maxrss=2617344, nvcsw=1, nivcsw=1 }</checker-stats-str>
      <input size="4">2 3
</input>
      <output size="2">6
</output>
      <correct size="2">6
</correct>
      <stderr size="0"></stderr>
      <checker size="3">OK
</checker>
    </test>
    <test num="12" status="OK" time="27" real-time="29" max-memory-used="307200"  checker-comment="OK" >
  <program-stats-str>{ utime=23, stime=4, ptime=27, rtime=29, maxvsz=307200, maxrss=6291456, nvcsw=1, nivcsw=5 }</program-stats-str>
  <checker-stats-str>{ utime=0, stime=0, ptime=0, rtime=1, maxvsz=307200, maxrss=2617344, nvcsw=1, nivcsw=1 }</checker-stats-str>
      <input size="5">6 21
</input>
      <output size="3">42
</output>
      <correct size="3">42
</correct>
      <stderr size="0"></stderr>
      <checker size="3">OK
</checker>
    </test>
  </tests>
</testing-report>
