Content-type: text/xml

<?xml version="1.0" encoding="utf-8"?>
<testing-report run-id="437" judge-id="7" status="WA" scoring="ACM" run-tests="12" contest-id="3100" real-time-available="yes" max-memory-used-available="yes" correct-available="yes" failed-test="12" time-limit-ms="2000" real-time-limit-ms="5000" marked-flag="no" >
  <uuid>a129decb-cb57-4e4d-8fbc-747dc2938fea</uuid>
  <host>localhost.localdomain</host>
  <cpu-model>Intel(R) Pentium(R) CPU 3550M @ 2.30GHz</cpu-model>
  <cpu-mhz>2294.738</cpu-mhz>
  <compiler_output>000437.cpp: In function 'int main()':
000437.cpp:15:15: warning: comparison between signed and unsigned integer expressions [-Wsign-compare]
    if (i_size &lt; ans.second) {
               ^
000437.cpp:25:16: warning: comparison between signed and unsigned integer expressions [-Wsign-compare]
     if (i_size &lt; ans.second) {
                ^
</compiler_output>
  <tests>
    <test num="1" status="OK" time="1" real-time="5" max-memory-used="307200"  checker-comment="OK" >
  <program-stats-str>{ utime=0, stime=1, ptime=1, rtime=5, maxvsz=307200, maxrss=2813952, nvcsw=1, nivcsw=1 }</program-stats-str>
  <checker-stats-str>{ utime=0, stime=0, ptime=0, rtime=1, maxvsz=307200, maxrss=2805760, nvcsw=1, nivcsw=1 }</checker-stats-str>
      <input size="3">37
</input>
      <output size="3">1 3</output>
      <correct size="4">1 3
</correct>
      <stderr size="0"></stderr>
      <checker size="3">OK
</checker>
    </test>
    <test num="2" status="OK" time="1" real-time="2" max-memory-used="307200"  checker-comment="OK" >
  <program-stats-str>{ utime=0, stime=1, ptime=1, rtime=2, maxvsz=307200, maxrss=3080192, nvcsw=1, nivcsw=1 }</program-stats-str>
  <checker-stats-str>{ utime=0, stime=0, ptime=0, rtime=1, maxvsz=307200, maxrss=2805760, nvcsw=1, nivcsw=1 }</checker-stats-str>
      <input size="3">25
</input>
      <output size="10">Impossible</output>
      <correct size="11">Impossible
</correct>
      <stderr size="0"></stderr>
      <checker size="3">OK
</checker>
    </test>
    <test num="3" status="OK" time="1" real-time="2" max-memory-used="307200"  checker-comment="OK" >
  <program-stats-str>{ utime=0, stime=1, ptime=1, rtime=2, maxvsz=307200, maxrss=2805760, nvcsw=1, nivcsw=1 }</program-stats-str>
  <checker-stats-str>{ utime=0, stime=0, ptime=0, rtime=2, maxvsz=307200, maxrss=2805760, nvcsw=1, nivcsw=1 }</checker-stats-str>
      <input size="4">997
</input>
      <output size="5">1 166</output>
      <correct size="6">1 166
</correct>
      <stderr size="0"></stderr>
      <checker size="3">OK
</checker>
    </test>
    <test num="4" status="OK" time="1" real-time="3" max-memory-used="307200"  checker-comment="OK" >
  <program-stats-str>{ utime=0, stime=1, ptime=1, rtime=3, maxvsz=307200, maxrss=2805760, nvcsw=1, nivcsw=1 }</program-stats-str>
  <checker-stats-str>{ utime=0, stime=0, ptime=0, rtime=1, maxvsz=307200, maxrss=2805760, nvcsw=1, nivcsw=1 }</checker-stats-str>
      <input size="4">899
</input>
      <output size="5">1 420</output>
      <correct size="6">1 420
</correct>
      <stderr size="0"></stderr>
      <checker size="3">OK
</checker>
    </test>
    <test num="5" status="OK" time="1" real-time="2" max-memory-used="307200"  checker-comment="OK" >
  <program-stats-str>{ utime=0, stime=1, ptime=1, rtime=2, maxvsz=307200, maxrss=2838528, nvcsw=1, nivcsw=1 }</program-stats-str>
  <checker-stats-str>{ utime=0, stime=0, ptime=0, rtime=1, maxvsz=307200, maxrss=2805760, nvcsw=1, nivcsw=1 }</checker-stats-str>
      <input size="4">998
</input>
      <output size="5">2 498</output>
      <correct size="6">2 498
</correct>
      <stderr size="0"></stderr>
      <checker size="3">OK
</checker>
    </test>
    <test num="6" status="OK" time="1" real-time="2" max-memory-used="307200"  checker-comment="OK" >
  <program-stats-str>{ utime=0, stime=1, ptime=1, rtime=2, maxvsz=307200, maxrss=2813952, nvcsw=1, nivcsw=1 }</program-stats-str>
  <checker-stats-str>{ utime=0, stime=0, ptime=0, rtime=2, maxvsz=307200, maxrss=2805760, nvcsw=1, nivcsw=1 }</checker-stats-str>
      <input size="4">964
</input>
      <output size="4">4 30</output>
      <correct size="5">4 30
</correct>
      <stderr size="0"></stderr>
      <checker size="3">OK
</checker>
    </test>
    <test num="7" status="OK" time="1" real-time="2" max-memory-used="307200"  checker-comment="OK" >
  <program-stats-str>{ utime=0, stime=1, ptime=1, rtime=2, maxvsz=307200, maxrss=2805760, nvcsw=1, nivcsw=1 }</program-stats-str>
  <checker-stats-str>{ utime=0, stime=0, ptime=0, rtime=1, maxvsz=307200, maxrss=2805760, nvcsw=1, nivcsw=1 }</checker-stats-str>
      <input size="4">995
</input>
      <output size="4">5 99</output>
      <correct size="5">5 99
</correct>
      <stderr size="0"></stderr>
      <checker size="3">OK
</checker>
    </test>
    <test num="8" status="OK" time="4" real-time="5" max-memory-used="307200"  checker-comment="OK" >
  <program-stats-str>{ utime=0, stime=4, ptime=4, rtime=5, maxvsz=307200, maxrss=2805760, nvcsw=1, nivcsw=1 }</program-stats-str>
  <checker-stats-str>{ utime=0, stime=1, ptime=1, rtime=1, maxvsz=307200, maxrss=2805760, nvcsw=1, nivcsw=1 }</checker-stats-str>
      <input size="4">904
</input>
      <output size="5">8 112</output>
      <correct size="6">8 112
</correct>
      <stderr size="0"></stderr>
      <checker size="3">OK
</checker>
    </test>
    <test num="9" status="OK" time="2" real-time="3" max-memory-used="307200"  checker-comment="OK" >
  <program-stats-str>{ utime=2, stime=0, ptime=2, rtime=3, maxvsz=307200, maxrss=2805760, nvcsw=1, nivcsw=2 }</program-stats-str>
  <checker-stats-str>{ utime=0, stime=0, ptime=0, rtime=1, maxvsz=307200, maxrss=2805760, nvcsw=1, nivcsw=1 }</checker-stats-str>
      <input size="4">925
</input>
      <output size="10">Impossible</output>
      <correct size="11">Impossible
</correct>
      <stderr size="0"></stderr>
      <checker size="3">OK
</checker>
    </test>
    <test num="10" status="OK" time="1" real-time="3" max-memory-used="307200"  checker-comment="OK" >
  <program-stats-str>{ utime=1, stime=0, ptime=1, rtime=3, maxvsz=307200, maxrss=2805760, nvcsw=1, nivcsw=1 }</program-stats-str>
  <checker-stats-str>{ utime=0, stime=0, ptime=0, rtime=2, maxvsz=307200, maxrss=2805760, nvcsw=1, nivcsw=1 }</checker-stats-str>
      <input size="4">976
</input>
      <output size="10">Impossible</output>
      <correct size="11">Impossible
</correct>
      <stderr size="0"></stderr>
      <checker size="3">OK
</checker>
    </test>
    <test num="11" status="OK" time="1" real-time="2" max-memory-used="307200"  checker-comment="OK" >
  <program-stats-str>{ utime=1, stime=0, ptime=1, rtime=2, maxvsz=307200, maxrss=2805760, nvcsw=1, nivcsw=1 }</program-stats-str>
  <checker-stats-str>{ utime=0, stime=0, ptime=0, rtime=2, maxvsz=307200, maxrss=2805760, nvcsw=1, nivcsw=1 }</checker-stats-str>
      <input size="4">970
</input>
      <output size="10">Impossible</output>
      <correct size="11">Impossible
</correct>
      <stderr size="0"></stderr>
      <checker size="3">OK
</checker>
    </test>
    <test num="12" status="WA" time="1" real-time="3" max-memory-used="307200"  checker-comment="Line 1 differs: output: ?1 729? correct: ?9 81?" >
  <program-stats-str>{ utime=0, stime=1, ptime=1, rtime=3, maxvsz=307200, maxrss=2949120, nvcsw=1, nivcsw=2 }</program-stats-str>
  <checker-stats-str>{ utime=0, stime=0, ptime=0, rtime=1, maxvsz=307200, maxrss=2805760, nvcsw=1, nivcsw=1 }</checker-stats-str>
      <input size="4">729
</input>
      <output size="5">1 729</output>
      <correct size="5">9 81
</correct>
      <stderr size="0"></stderr>
      <checker size="48">Line 1 differs: output:
&gt;1 729&lt;
correct:
&gt;9 81&lt;
</checker>
    </test>
  </tests>
</testing-report>
